****************************************
Report : Report drc errors
Design : cv32e40p_synth_wrap
Data   : zroute.err
Type   : error_layer
Version: W-2024.09-SP2
Date   : Fri May  8 21:45:55 2026
****************************************

ErrorSet                                    Total   Visible     Fixed   Ignored
--------------------------------------------------------------------------------
Design : cv32e40p_synth_wrap                377     377         0       0
      Data : zroute.err                     377     377         0       0
            M1 (11)                         86      86          0       0
                Diff net spacing            82      82          0       0
                Off-grid                    4       4           0       0
            M1 (11)-M2 (13)                 127     127         0       0
                Needs fat contact           127     127         0       0
            M2 (13)                         83      83          0       0
                Less than minimum area      5       5           0       0
                Off-grid                    78      78          0       0
            VIA1 (12)                       81      81          0       0
                Off-grid                    81      81          0       0
1
