****************************************
Report : Report drc errors
Design : cv32e40p_synth_wrap
Data   : zroute.err
Type   : detailed
Version: W-2024.09-SP2
Date   : Fri May  8 21:45:55 2026
****************************************

Error ID          : 0
Error Type        : Needs fat contact
Error Layer       : M1 (11)-M2 (13)
Number of errors  : 127
Description       :  -- 
Status            : error
Bbox              : {127.4340 20.8570} {127.4940 20.9670}

Error ID          : 1
Error Type        : Needs fat contact
Error Layer       : M1 (11)-M2 (13)
Number of errors  : 127
Description       :  -- 
Status            : error
Bbox              : {195.3780 29.0650} {195.4380 29.1750}

Error ID          : 4
Error Type        : Needs fat contact
Error Layer       : M1 (11)-M2 (13)
Number of errors  : 127
Description       :  -- 
Status            : error
Bbox              : {197.2020 39.0970} {197.2620 39.2070}

Error ID          : 5
Error Type        : Needs fat contact
Error Layer       : M1 (11)-M2 (13)
Number of errors  : 127
Description       :  -- 
Status            : error
Bbox              : {192.6420 39.0970} {192.7020 39.2070}

Error ID          : 6
Error Type        : Needs fat contact
Error Layer       : M1 (11)-M2 (13)
Number of errors  : 127
Description       :  -- 
Status            : error
Bbox              : {199.0260 37.5770} {199.0860 37.6870}

Error ID          : 11
Error Type        : Needs fat contact
Error Layer       : M1 (11)-M2 (13)
Number of errors  : 127
Description       :  -- 
Status            : error
Bbox              : {188.5380 54.2970} {188.5980 54.4070}

Error ID          : 12
Error Type        : Needs fat contact
Error Layer       : M1 (11)-M2 (13)
Number of errors  : 127
Description       :  -- 
Status            : error
Bbox              : {191.2740 45.7850} {191.3340 45.8950}

Error ID          : 21
Error Type        : Needs fat contact
Error Layer       : M1 (11)-M2 (13)
Number of errors  : 127
Description       :  -- 
Status            : error
Bbox              : {194.4660 62.5050} {194.5260 62.6150}

Error ID          : 22
Error Type        : Needs fat contact
Error Layer       : M1 (11)-M2 (13)
Number of errors  : 127
Description       :  -- 
Status            : error
Bbox              : {199.0260 62.5050} {199.0860 62.6150}

Error ID          : 24
Error Type        : Needs fat contact
Error Layer       : M1 (11)-M2 (13)
Number of errors  : 127
Description       :  -- 
Status            : error
Bbox              : {158.4420 77.7050} {158.5020 77.8150}

Error ID          : 26
Error Type        : Needs fat contact
Error Layer       : M1 (11)-M2 (13)
Number of errors  : 127
Description       :  -- 
Status            : error
Bbox              : {196.4420 74.3610} {196.5020 74.4710}

Error ID          : 27
Error Type        : Needs fat contact
Error Layer       : M1 (11)-M2 (13)
Number of errors  : 127
Description       :  -- 
Status            : error
Bbox              : {199.1780 81.0490} {199.2380 81.1590}

Error ID          : 28
Error Type        : Needs fat contact
Error Layer       : M1 (11)-M2 (13)
Number of errors  : 127
Description       :  -- 
Status            : error
Bbox              : {215.7460 81.0490} {215.8060 81.1590}

Error ID          : 29
Error Type        : Needs fat contact
Error Layer       : M1 (11)-M2 (13)
Number of errors  : 127
Description       :  -- 
Status            : error
Bbox              : {222.2820 79.2250} {222.3420 79.3350}

Error ID          : 31
Error Type        : Needs fat contact
Error Layer       : M1 (11)-M2 (13)
Number of errors  : 127
Description       :  -- 
Status            : error
Bbox              : {149.3220 82.5690} {149.3820 82.6790}

Error ID          : 32
Error Type        : Needs fat contact
Error Layer       : M1 (11)-M2 (13)
Number of errors  : 127
Description       :  -- 
Status            : error
Bbox              : {145.3700 85.9130} {145.4300 86.0230}

Error ID          : 33
Error Type        : Needs fat contact
Error Layer       : M1 (11)-M2 (13)
Number of errors  : 127
Description       :  -- 
Status            : error
Bbox              : {157.9860 87.7370} {158.0460 87.8470}

Error ID          : 39
Error Type        : Needs fat contact
Error Layer       : M1 (11)-M2 (13)
Number of errors  : 127
Description       :  -- 
Status            : error
Bbox              : {228.5140 91.0810} {228.5740 91.1910}

Error ID          : 40
Error Type        : Needs fat contact
Error Layer       : M1 (11)-M2 (13)
Number of errors  : 127
Description       :  -- 
Status            : error
Bbox              : {249.3380 92.6010} {249.3980 92.7110}

Error ID          : 45
Error Type        : Needs fat contact
Error Layer       : M1 (11)-M2 (13)
Number of errors  : 127
Description       :  -- 
Status            : error
Bbox              : {40.7940 102.6330} {40.8540 102.7430}

Error ID          : 46
Error Type        : Needs fat contact
Error Layer       : M1 (11)-M2 (13)
Number of errors  : 127
Description       :  -- 
Status            : error
Bbox              : {235.9620 95.9450} {236.0220 96.0550}

Error ID          : 47
Error Type        : Needs fat contact
Error Layer       : M1 (11)-M2 (13)
Number of errors  : 127
Description       :  -- 
Status            : error
Bbox              : {236.8740 104.4570} {236.9340 104.5670}

Error ID          : 48
Error Type        : Needs fat contact
Error Layer       : M1 (11)-M2 (13)
Number of errors  : 127
Description       :  -- 
Status            : error
Bbox              : {238.2420 102.6330} {238.3020 102.7430}

Error ID          : 49
Error Type        : Needs fat contact
Error Layer       : M1 (11)-M2 (13)
Number of errors  : 127
Description       :  -- 
Status            : error
Bbox              : {246.1460 101.1130} {246.2060 101.2230}

Error ID          : 50
Error Type        : Needs fat contact
Error Layer       : M1 (11)-M2 (13)
Number of errors  : 127
Description       :  -- 
Status            : error
Bbox              : {242.3460 102.6330} {242.4060 102.7430}

Error ID          : 51
Error Type        : Needs fat contact
Error Layer       : M1 (11)-M2 (13)
Number of errors  : 127
Description       :  -- 
Status            : error
Bbox              : {241.2820 99.2890} {241.3420 99.3990}

Error ID          : 52
Error Type        : Needs fat contact
Error Layer       : M1 (11)-M2 (13)
Number of errors  : 127
Description       :  -- 
Status            : error
Bbox              : {292.8100 95.9450} {292.8700 96.0550}

Error ID          : 56
Error Type        : Needs fat contact
Error Layer       : M1 (11)-M2 (13)
Number of errors  : 127
Description       :  -- 
Status            : error
Bbox              : {222.1300 107.8010} {222.1900 107.9110}

Error ID          : 59
Error Type        : Needs fat contact
Error Layer       : M1 (11)-M2 (13)
Number of errors  : 127
Description       :  -- 
Status            : error
Bbox              : {225.4740 107.8010} {225.5340 107.9110}

Error ID          : 60
Error Type        : Needs fat contact
Error Layer       : M1 (11)-M2 (13)
Number of errors  : 127
Description       :  -- 
Status            : error
Bbox              : {226.9940 107.8010} {227.0540 107.9110}

Error ID          : 62
Error Type        : Needs fat contact
Error Layer       : M1 (11)-M2 (13)
Number of errors  : 127
Description       :  -- 
Status            : error
Bbox              : {232.1620 109.3210} {232.2220 109.4310}

Error ID          : 70
Error Type        : Needs fat contact
Error Layer       : M1 (11)-M2 (13)
Number of errors  : 127
Description       :  -- 
Status            : error
Bbox              : {247.5140 124.5210} {247.5740 124.6310}

Error ID          : 73
Error Type        : Needs fat contact
Error Layer       : M1 (11)-M2 (13)
Number of errors  : 127
Description       :  -- 
Status            : error
Bbox              : {256.0260 129.3850} {256.0860 129.4950}

Error ID          : 76
Error Type        : Needs fat contact
Error Layer       : M1 (11)-M2 (13)
Number of errors  : 127
Description       :  -- 
Status            : error
Bbox              : {213.0100 142.7610} {213.0700 142.8710}

Error ID          : 77
Error Type        : Needs fat contact
Error Layer       : M1 (11)-M2 (13)
Number of errors  : 127
Description       :  -- 
Status            : error
Bbox              : {250.7060 136.0730} {250.7660 136.1830}

Error ID          : 84
Error Type        : Needs fat contact
Error Layer       : M1 (11)-M2 (13)
Number of errors  : 127
Description       :  -- 
Status            : error
Bbox              : {191.5780 149.4490} {191.6380 149.5590}

Error ID          : 87
Error Type        : Needs fat contact
Error Layer       : M1 (11)-M2 (13)
Number of errors  : 127
Description       :  -- 
Status            : error
Bbox              : {237.3300 146.1050} {237.3900 146.2150}

Error ID          : 88
Error Type        : Needs fat contact
Error Layer       : M1 (11)-M2 (13)
Number of errors  : 127
Description       :  -- 
Status            : error
Bbox              : {240.5220 149.4490} {240.5820 149.5590}

Error ID          : 89
Error Type        : Needs fat contact
Error Layer       : M1 (11)-M2 (13)
Number of errors  : 127
Description       :  -- 
Status            : error
Bbox              : {248.5780 154.6170} {248.6380 154.7270}

Error ID          : 90
Error Type        : Needs fat contact
Error Layer       : M1 (11)-M2 (13)
Number of errors  : 127
Description       :  -- 
Status            : error
Bbox              : {246.4500 151.2730} {246.5100 151.3830}

Error ID          : 91
Error Type        : Needs fat contact
Error Layer       : M1 (11)-M2 (13)
Number of errors  : 127
Description       :  -- 
Status            : error
Bbox              : {249.3380 152.7930} {249.3980 152.9030}

Error ID          : 92
Error Type        : Needs fat contact
Error Layer       : M1 (11)-M2 (13)
Number of errors  : 127
Description       :  -- 
Status            : error
Bbox              : {249.1860 151.2730} {249.2460 151.3830}

Error ID          : 94
Error Type        : Needs fat contact
Error Layer       : M1 (11)-M2 (13)
Number of errors  : 127
Description       :  -- 
Status            : error
Bbox              : {250.7060 154.6170} {250.7660 154.7270}

Error ID          : 95
Error Type        : Needs fat contact
Error Layer       : M1 (11)-M2 (13)
Number of errors  : 127
Description       :  -- 
Status            : error
Bbox              : {246.1460 152.7930} {246.2060 152.9030}

Error ID          : 105
Error Type        : Needs fat contact
Error Layer       : M1 (11)-M2 (13)
Number of errors  : 127
Description       :  -- 
Status            : error
Bbox              : {194.6180 156.1370} {194.6780 156.2470}

Error ID          : 107
Error Type        : Needs fat contact
Error Layer       : M1 (11)-M2 (13)
Number of errors  : 127
Description       :  -- 
Status            : error
Bbox              : {199.9380 157.9610} {199.9980 158.0710}

Error ID          : 108
Error Type        : Needs fat contact
Error Layer       : M1 (11)-M2 (13)
Number of errors  : 127
Description       :  -- 
Status            : error
Bbox              : {250.7060 157.9610} {250.7660 158.0710}

Error ID          : 109
Error Type        : Needs fat contact
Error Layer       : M1 (11)-M2 (13)
Number of errors  : 127
Description       :  -- 
Status            : error
Bbox              : {244.4740 156.1370} {244.5340 156.2470}

Error ID          : 110
Error Type        : Needs fat contact
Error Layer       : M1 (11)-M2 (13)
Number of errors  : 127
Description       :  -- 
Status            : error
Bbox              : {245.0820 157.9610} {245.1420 158.0710}

Error ID          : 111
Error Type        : Needs fat contact
Error Layer       : M1 (11)-M2 (13)
Number of errors  : 127
Description       :  -- 
Status            : error
Bbox              : {247.6660 161.3050} {247.7260 161.4150}

Error ID          : 112
Error Type        : Needs fat contact
Error Layer       : M1 (11)-M2 (13)
Number of errors  : 127
Description       :  -- 
Status            : error
Bbox              : {246.2980 157.9610} {246.3580 158.0710}

Error ID          : 118
Error Type        : Needs fat contact
Error Layer       : M1 (11)-M2 (13)
Number of errors  : 127
Description       :  -- 
Status            : error
Bbox              : {244.0180 174.6810} {244.0780 174.7910}

Error ID          : 119
Error Type        : Needs fat contact
Error Layer       : M1 (11)-M2 (13)
Number of errors  : 127
Description       :  -- 
Status            : error
Bbox              : {244.7780 172.8570} {244.8380 172.9670}

Error ID          : 121
Error Type        : Needs fat contact
Error Layer       : M1 (11)-M2 (13)
Number of errors  : 127
Description       :  -- 
Status            : error
Bbox              : {246.7540 167.9930} {246.8140 168.1030}

Error ID          : 123
Error Type        : Needs fat contact
Error Layer       : M1 (11)-M2 (13)
Number of errors  : 127
Description       :  -- 
Status            : error
Bbox              : {245.9940 172.8570} {246.0540 172.9670}

Error ID          : 124
Error Type        : Needs fat contact
Error Layer       : M1 (11)-M2 (13)
Number of errors  : 127
Description       :  -- 
Status            : error
Bbox              : {201.0020 192.9210} {201.0620 193.0310}

Error ID          : 125
Error Type        : Needs fat contact
Error Layer       : M1 (11)-M2 (13)
Number of errors  : 127
Description       :  -- 
Status            : error
Bbox              : {209.3620 199.6090} {209.4220 199.7190}

Error ID          : 126
Error Type        : Needs fat contact
Error Layer       : M1 (11)-M2 (13)
Number of errors  : 127
Description       :  -- 
Status            : error
Bbox              : {212.2500 199.6090} {212.3100 199.7190}

Error ID          : 127
Error Type        : Needs fat contact
Error Layer       : M1 (11)-M2 (13)
Number of errors  : 127
Description       :  -- 
Status            : error
Bbox              : {209.3620 192.9210} {209.4220 193.0310}

Error ID          : 136
Error Type        : Needs fat contact
Error Layer       : M1 (11)-M2 (13)
Number of errors  : 127
Description       :  -- 
Status            : error
Bbox              : {20.5780 208.1210} {20.6380 208.2310}

Error ID          : 137
Error Type        : Needs fat contact
Error Layer       : M1 (11)-M2 (13)
Number of errors  : 127
Description       :  -- 
Status            : error
Bbox              : {20.5780 214.8090} {20.6380 214.9190}

Error ID          : 150
Error Type        : Needs fat contact
Error Layer       : M1 (11)-M2 (13)
Number of errors  : 127
Description       :  -- 
Status            : error
Bbox              : {23.9220 216.3290} {23.9820 216.4390}

Error ID          : 153
Error Type        : Needs fat contact
Error Layer       : M1 (11)-M2 (13)
Number of errors  : 127
Description       :  -- 
Status            : error
Bbox              : {64.8100 216.3290} {64.8700 216.4390}

Error ID          : 183
Error Type        : Needs fat contact
Error Layer       : M1 (11)-M2 (13)
Number of errors  : 127
Description       :  -- 
Status            : error
Bbox              : {213.9220 233.0490} {213.9820 233.1590}

Error ID          : 184
Error Type        : Needs fat contact
Error Layer       : M1 (11)-M2 (13)
Number of errors  : 127
Description       :  -- 
Status            : error
Bbox              : {212.2500 234.8730} {212.3100 234.9830}

Error ID          : 185
Error Type        : Needs fat contact
Error Layer       : M1 (11)-M2 (13)
Number of errors  : 127
Description       :  -- 
Status            : error
Bbox              : {215.2900 233.0490} {215.3500 233.1590}

Error ID          : 186
Error Type        : Needs fat contact
Error Layer       : M1 (11)-M2 (13)
Number of errors  : 127
Description       :  -- 
Status            : error
Bbox              : {225.0180 238.2170} {225.0780 238.3270}

Error ID          : 189
Error Type        : Needs fat contact
Error Layer       : M1 (11)-M2 (13)
Number of errors  : 127
Description       :  -- 
Status            : error
Bbox              : {220.0020 234.8730} {220.0620 234.9830}

Error ID          : 190
Error Type        : Needs fat contact
Error Layer       : M1 (11)-M2 (13)
Number of errors  : 127
Description       :  -- 
Status            : error
Bbox              : {215.8980 234.8730} {215.9580 234.9830}

Error ID          : 191
Error Type        : Needs fat contact
Error Layer       : M1 (11)-M2 (13)
Number of errors  : 127
Description       :  -- 
Status            : error
Bbox              : {219.8500 231.5290} {219.9100 231.6390}

Error ID          : 192
Error Type        : Needs fat contact
Error Layer       : M1 (11)-M2 (13)
Number of errors  : 127
Description       :  -- 
Status            : error
Bbox              : {223.6500 238.2170} {223.7100 238.3270}

Error ID          : 193
Error Type        : Needs fat contact
Error Layer       : M1 (11)-M2 (13)
Number of errors  : 127
Description       :  -- 
Status            : error
Bbox              : {219.0900 229.7050} {219.1500 229.8150}

Error ID          : 194
Error Type        : Needs fat contact
Error Layer       : M1 (11)-M2 (13)
Number of errors  : 127
Description       :  -- 
Status            : error
Bbox              : {221.0660 229.7050} {221.1260 229.8150}

Error ID          : 195
Error Type        : Needs fat contact
Error Layer       : M1 (11)-M2 (13)
Number of errors  : 127
Description       :  -- 
Status            : error
Bbox              : {221.8260 236.3930} {221.8860 236.5030}

Error ID          : 232
Error Type        : Needs fat contact
Error Layer       : M1 (11)-M2 (13)
Number of errors  : 127
Description       :  -- 
Status            : error
Bbox              : {184.7380 248.2490} {184.7980 248.3590}

Error ID          : 233
Error Type        : Needs fat contact
Error Layer       : M1 (11)-M2 (13)
Number of errors  : 127
Description       :  -- 
Status            : error
Bbox              : {194.3140 251.5930} {194.3740 251.7030}

Error ID          : 234
Error Type        : Needs fat contact
Error Layer       : M1 (11)-M2 (13)
Number of errors  : 127
Description       :  -- 
Status            : error
Bbox              : {213.3140 241.5610} {213.3740 241.6710}

Error ID          : 238
Error Type        : Needs fat contact
Error Layer       : M1 (11)-M2 (13)
Number of errors  : 127
Description       :  -- 
Status            : error
Bbox              : {211.3380 241.5610} {211.3980 241.6710}

Error ID          : 243
Error Type        : Needs fat contact
Error Layer       : M1 (11)-M2 (13)
Number of errors  : 127
Description       :  -- 
Status            : error
Bbox              : {219.3940 241.5610} {219.4540 241.6710}

Error ID          : 246
Error Type        : Needs fat contact
Error Layer       : M1 (11)-M2 (13)
Number of errors  : 127
Description       :  -- 
Status            : error
Bbox              : {226.5380 241.5610} {226.5980 241.6710}

Error ID          : 247
Error Type        : Needs fat contact
Error Layer       : M1 (11)-M2 (13)
Number of errors  : 127
Description       :  -- 
Status            : error
Bbox              : {227.7540 241.5610} {227.8140 241.6710}

Error ID          : 252
Error Type        : Needs fat contact
Error Layer       : M1 (11)-M2 (13)
Number of errors  : 127
Description       :  -- 
Status            : error
Bbox              : {232.6180 248.2490} {232.6780 248.3590}

Error ID          : 253
Error Type        : Needs fat contact
Error Layer       : M1 (11)-M2 (13)
Number of errors  : 127
Description       :  -- 
Status            : error
Bbox              : {232.1620 246.4250} {232.2220 246.5350}

Error ID          : 254
Error Type        : Needs fat contact
Error Layer       : M1 (11)-M2 (13)
Number of errors  : 127
Description       :  -- 
Status            : error
Bbox              : {228.9700 243.0810} {229.0300 243.1910}

Error ID          : 255
Error Type        : Needs fat contact
Error Layer       : M1 (11)-M2 (13)
Number of errors  : 127
Description       :  -- 
Status            : error
Bbox              : {232.3140 251.5930} {232.3740 251.7030}

Error ID          : 256
Error Type        : Needs fat contact
Error Layer       : M1 (11)-M2 (13)
Number of errors  : 127
Description       :  -- 
Status            : error
Bbox              : {232.0100 244.9050} {232.0700 245.0150}

Error ID          : 257
Error Type        : Needs fat contact
Error Layer       : M1 (11)-M2 (13)
Number of errors  : 127
Description       :  -- 
Status            : error
Bbox              : {230.6420 243.0810} {230.7020 243.1910}

Error ID          : 272
Error Type        : Needs fat contact
Error Layer       : M1 (11)-M2 (13)
Number of errors  : 127
Description       :  -- 
Status            : error
Bbox              : {275.9380 251.5930} {275.9980 251.7030}

Error ID          : 273
Error Type        : Needs fat contact
Error Layer       : M1 (11)-M2 (13)
Number of errors  : 127
Description       :  -- 
Status            : error
Bbox              : {276.2420 249.7690} {276.3020 249.8790}

Error ID          : 274
Error Type        : Needs fat contact
Error Layer       : M1 (11)-M2 (13)
Number of errors  : 127
Description       :  -- 
Status            : error
Bbox              : {279.2820 243.0810} {279.3420 243.1910}

Error ID          : 278
Error Type        : Needs fat contact
Error Layer       : M1 (11)-M2 (13)
Number of errors  : 127
Description       :  -- 
Status            : error
Bbox              : {298.4340 248.2490} {298.4940 248.3590}

Error ID          : 285
Error Type        : Needs fat contact
Error Layer       : M1 (11)-M2 (13)
Number of errors  : 127
Description       :  -- 
Status            : error
Bbox              : {163.1540 258.2810} {163.2140 258.3910}

Error ID          : 286
Error Type        : Needs fat contact
Error Layer       : M1 (11)-M2 (13)
Number of errors  : 127
Description       :  -- 
Status            : error
Bbox              : {185.6500 263.1450} {185.7100 263.2550}

Error ID          : 287
Error Type        : Needs fat contact
Error Layer       : M1 (11)-M2 (13)
Number of errors  : 127
Description       :  -- 
Status            : error
Bbox              : {189.2980 263.1450} {189.3580 263.2550}

Error ID          : 288
Error Type        : Needs fat contact
Error Layer       : M1 (11)-M2 (13)
Number of errors  : 127
Description       :  -- 
Status            : error
Bbox              : {201.3060 254.9370} {201.3660 255.0470}

Error ID          : 291
Error Type        : Needs fat contact
Error Layer       : M1 (11)-M2 (13)
Number of errors  : 127
Description       :  -- 
Status            : error
Bbox              : {205.4100 259.8010} {205.4700 259.9110}

Error ID          : 301
Error Type        : Needs fat contact
Error Layer       : M1 (11)-M2 (13)
Number of errors  : 127
Description       :  -- 
Status            : error
Bbox              : {233.6820 254.9370} {233.7420 255.0470}

Error ID          : 308
Error Type        : Needs fat contact
Error Layer       : M1 (11)-M2 (13)
Number of errors  : 127
Description       :  -- 
Status            : error
Bbox              : {275.4820 254.9370} {275.5420 255.0470}

Error ID          : 309
Error Type        : Needs fat contact
Error Layer       : M1 (11)-M2 (13)
Number of errors  : 127
Description       :  -- 
Status            : error
Bbox              : {279.7380 258.2810} {279.7980 258.3910}

Error ID          : 310
Error Type        : Needs fat contact
Error Layer       : M1 (11)-M2 (13)
Number of errors  : 127
Description       :  -- 
Status            : error
Bbox              : {280.6500 256.4570} {280.7100 256.5670}

Error ID          : 312
Error Type        : Needs fat contact
Error Layer       : M1 (11)-M2 (13)
Number of errors  : 127
Description       :  -- 
Status            : error
Bbox              : {285.6660 258.2810} {285.7260 258.3910}

Error ID          : 313
Error Type        : Needs fat contact
Error Layer       : M1 (11)-M2 (13)
Number of errors  : 127
Description       :  -- 
Status            : error
Bbox              : {282.9300 258.2810} {282.9900 258.3910}

Error ID          : 314
Error Type        : Needs fat contact
Error Layer       : M1 (11)-M2 (13)
Number of errors  : 127
Description       :  -- 
Status            : error
Bbox              : {295.0900 256.4570} {295.1500 256.5670}

Error ID          : 327
Error Type        : Needs fat contact
Error Layer       : M1 (11)-M2 (13)
Number of errors  : 127
Description       :  -- 
Status            : error
Bbox              : {145.6740 273.1770} {145.7340 273.2870}

Error ID          : 328
Error Type        : Needs fat contact
Error Layer       : M1 (11)-M2 (13)
Number of errors  : 127
Description       :  -- 
Status            : error
Bbox              : {155.4020 269.8330} {155.4620 269.9430}

Error ID          : 329
Error Type        : Needs fat contact
Error Layer       : M1 (11)-M2 (13)
Number of errors  : 127
Description       :  -- 
Status            : error
Bbox              : {161.6340 276.5210} {161.6940 276.6310}

Error ID          : 330
Error Type        : Needs fat contact
Error Layer       : M1 (11)-M2 (13)
Number of errors  : 127
Description       :  -- 
Status            : error
Bbox              : {161.9380 264.9690} {161.9980 265.0790}

Error ID          : 331
Error Type        : Needs fat contact
Error Layer       : M1 (11)-M2 (13)
Number of errors  : 127
Description       :  -- 
Status            : error
Bbox              : {183.5220 273.1770} {183.5820 273.2870}

Error ID          : 332
Error Type        : Needs fat contact
Error Layer       : M1 (11)-M2 (13)
Number of errors  : 127
Description       :  -- 
Status            : error
Bbox              : {191.1220 275.0010} {191.1820 275.1110}

Error ID          : 333
Error Type        : Needs fat contact
Error Layer       : M1 (11)-M2 (13)
Number of errors  : 127
Description       :  -- 
Status            : error
Bbox              : {185.3460 266.4890} {185.4060 266.5990}

Error ID          : 334
Error Type        : Needs fat contact
Error Layer       : M1 (11)-M2 (13)
Number of errors  : 127
Description       :  -- 
Status            : error
Bbox              : {190.6660 266.4890} {190.7260 266.5990}

Error ID          : 335
Error Type        : Needs fat contact
Error Layer       : M1 (11)-M2 (13)
Number of errors  : 127
Description       :  -- 
Status            : error
Bbox              : {199.3300 269.8330} {199.3900 269.9430}

Error ID          : 336
Error Type        : Needs fat contact
Error Layer       : M1 (11)-M2 (13)
Number of errors  : 127
Description       :  -- 
Status            : error
Bbox              : {195.0740 273.1770} {195.1340 273.2870}

Error ID          : 337
Error Type        : Needs fat contact
Error Layer       : M1 (11)-M2 (13)
Number of errors  : 127
Description       :  -- 
Status            : error
Bbox              : {192.7940 268.3130} {192.8540 268.4230}

Error ID          : 341
Error Type        : Needs fat contact
Error Layer       : M1 (11)-M2 (13)
Number of errors  : 127
Description       :  -- 
Status            : error
Bbox              : {228.8180 276.5210} {228.8780 276.6310}

Error ID          : 342
Error Type        : Needs fat contact
Error Layer       : M1 (11)-M2 (13)
Number of errors  : 127
Description       :  -- 
Status            : error
Bbox              : {230.6420 273.1770} {230.7020 273.2870}

Error ID          : 344
Error Type        : Needs fat contact
Error Layer       : M1 (11)-M2 (13)
Number of errors  : 127
Description       :  -- 
Status            : error
Bbox              : {228.5140 275.0010} {228.5740 275.1110}

Error ID          : 345
Error Type        : Needs fat contact
Error Layer       : M1 (11)-M2 (13)
Number of errors  : 127
Description       :  -- 
Status            : error
Bbox              : {240.5220 268.3130} {240.5820 268.4230}

Error ID          : 346
Error Type        : Needs fat contact
Error Layer       : M1 (11)-M2 (13)
Number of errors  : 127
Description       :  -- 
Status            : error
Bbox              : {242.1940 268.3130} {242.2540 268.4230}

Error ID          : 347
Error Type        : Needs fat contact
Error Layer       : M1 (11)-M2 (13)
Number of errors  : 127
Description       :  -- 
Status            : error
Bbox              : {243.4100 268.3130} {243.4700 268.4230}

Error ID          : 348
Error Type        : Needs fat contact
Error Layer       : M1 (11)-M2 (13)
Number of errors  : 127
Description       :  -- 
Status            : error
Bbox              : {244.0180 271.6570} {244.0780 271.7670}

Error ID          : 349
Error Type        : Needs fat contact
Error Layer       : M1 (11)-M2 (13)
Number of errors  : 127
Description       :  -- 
Status            : error
Bbox              : {244.7780 273.1770} {244.8380 273.2870}

Error ID          : 350
Error Type        : Needs fat contact
Error Layer       : M1 (11)-M2 (13)
Number of errors  : 127
Description       :  -- 
Status            : error
Bbox              : {246.7540 271.6570} {246.8140 271.7670}

Error ID          : 354
Error Type        : Needs fat contact
Error Layer       : M1 (11)-M2 (13)
Number of errors  : 127
Description       :  -- 
Status            : error
Bbox              : {166.1940 281.6890} {166.2540 281.7990}

Error ID          : 355
Error Type        : Needs fat contact
Error Layer       : M1 (11)-M2 (13)
Number of errors  : 127
Description       :  -- 
Status            : error
Bbox              : {183.6740 279.8650} {183.7340 279.9750}

Error ID          : 360
Error Type        : Needs fat contact
Error Layer       : M1 (11)-M2 (13)
Number of errors  : 127
Description       :  -- 
Status            : error
Bbox              : {231.8580 279.8650} {231.9180 279.9750}

Error ID          : 369
Error Type        : Needs fat contact
Error Layer       : M1 (11)-M2 (13)
Number of errors  : 127
Description       :  -- 
Status            : error
Bbox              : {148.2580 296.5850} {148.3180 296.6950}

Error ID          : 2
Error Type        : Diff net spacing
Error Layer       : M1 (11)
Number of errors  : 82
Description       :  -- 
Status            : error
Bbox              : {217.9760 32.2070} {218.1360 32.2900}

Error ID          : 3
Error Type        : Diff net spacing
Error Layer       : M1 (11)
Number of errors  : 82
Description       :  -- 
Status            : error
Bbox              : {76.0080 35.5510} {76.1680 35.6340}

Error ID          : 9
Error Type        : Diff net spacing
Error Layer       : M1 (11)
Number of errors  : 82
Description       :  -- 
Status            : error
Bbox              : {108.0800 48.9270} {108.2400 49.0100}

Error ID          : 10
Error Type        : Diff net spacing
Error Layer       : M1 (11)
Number of errors  : 82
Description       :  -- 
Status            : error
Bbox              : {121.1520 55.6150} {121.3120 55.6980}

Error ID          : 13
Error Type        : Diff net spacing
Error Layer       : M1 (11)
Number of errors  : 82
Description       :  -- 
Status            : error
Bbox              : {198.5200 48.9270} {198.6800 49.0100}

Error ID          : 20
Error Type        : Diff net spacing
Error Layer       : M1 (11)
Number of errors  : 82
Description       :  -- 
Status            : error
Bbox              : {206.2720 55.6150} {206.4320 55.6980}

Error ID          : 23
Error Type        : Diff net spacing
Error Layer       : M1 (11)
Number of errors  : 82
Description       :  -- 
Status            : error
Bbox              : {289.2640 62.3030} {289.4240 62.3860}

Error ID          : 25
Error Type        : Diff net spacing
Error Layer       : M1 (11)
Number of errors  : 82
Description       :  -- 
Status            : error
Bbox              : {172.6800 79.0230} {172.8400 79.1060}

Error ID          : 30
Error Type        : Diff net spacing
Error Layer       : M1 (11)
Number of errors  : 82
Description       :  -- 
Status            : error
Bbox              : {43.0240 87.9660} {43.1840 88.0490}

Error ID          : 34
Error Type        : Diff net spacing
Error Layer       : M1 (11)
Number of errors  : 82
Description       :  -- 
Status            : error
Bbox              : {171.0080 85.7110} {171.1680 85.7940}

Error ID          : 35
Error Type        : Diff net spacing
Error Layer       : M1 (11)
Number of errors  : 82
Description       :  -- 
Status            : error
Bbox              : {175.2640 85.7110} {175.4240 85.7940}

Error ID          : 36
Error Type        : Diff net spacing
Error Layer       : M1 (11)
Number of errors  : 82
Description       :  -- 
Status            : error
Bbox              : {170.5520 87.9660} {170.7120 88.0490}

Error ID          : 55
Error Type        : Diff net spacing
Error Layer       : M1 (11)
Number of errors  : 82
Description       :  -- 
Status            : error
Bbox              : {193.5040 112.4630} {193.6640 112.5460}

Error ID          : 61
Error Type        : Diff net spacing
Error Layer       : M1 (11)
Number of errors  : 82
Description       :  -- 
Status            : error
Bbox              : {235.1520 118.0620} {235.3120 118.1450}

Error ID          : 63
Error Type        : Diff net spacing
Error Layer       : M1 (11)
Number of errors  : 82
Description       :  -- 
Status            : error
Bbox              : {39.8320 124.7500} {39.9920 124.8330}

Error ID          : 65
Error Type        : Diff net spacing
Error Layer       : M1 (11)
Number of errors  : 82
Description       :  -- 
Status            : error
Bbox              : {200.0400 121.4060} {200.2000 121.4890}

Error ID          : 66
Error Type        : Diff net spacing
Error Layer       : M1 (11)
Number of errors  : 82
Description       :  -- 
Status            : error
Bbox              : {238.9520 124.7500} {239.1120 124.8330}

Error ID          : 67
Error Type        : Diff net spacing
Error Layer       : M1 (11)
Number of errors  : 82
Description       :  -- 
Status            : error
Bbox              : {234.3920 119.1510} {234.5520 119.2340}

Error ID          : 74
Error Type        : Diff net spacing
Error Layer       : M1 (11)
Number of errors  : 82
Description       :  -- 
Status            : error
Bbox              : {199.8880 141.4700} {200.0480 141.5530}

Error ID          : 75
Error Type        : Diff net spacing
Error Layer       : M1 (11)
Number of errors  : 82
Description       :  -- 
Status            : error
Bbox              : {194.4160 138.1260} {194.5760 138.2090}

Error ID          : 100
Error Type        : Diff net spacing
Error Layer       : M1 (11)
Number of errors  : 82
Description       :  -- 
Status            : error
Bbox              : {178.6080 164.8780} {178.7680 164.9610}

Error ID          : 101
Error Type        : Diff net spacing
Error Layer       : M1 (11)
Number of errors  : 82
Description       :  -- 
Status            : error
Bbox              : {185.9040 155.9350} {186.0640 156.0180}

Error ID          : 102
Error Type        : Diff net spacing
Error Layer       : M1 (11)
Number of errors  : 82
Description       :  -- 
Status            : error
Bbox              : {191.0720 162.6230} {191.2320 162.7060}

Error ID          : 103
Error Type        : Diff net spacing
Error Layer       : M1 (11)
Number of errors  : 82
Description       :  -- 
Status            : error
Bbox              : {183.7760 158.1900} {183.9360 158.2730}

Error ID          : 104
Error Type        : Diff net spacing
Error Layer       : M1 (11)
Number of errors  : 82
Description       :  -- 
Status            : error
Bbox              : {186.5120 165.9670} {186.6720 166.0500}

Error ID          : 113
Error Type        : Diff net spacing
Error Layer       : M1 (11)
Number of errors  : 82
Description       :  -- 
Status            : error
Bbox              : {171.4640 171.5660} {171.6240 171.6490}

Error ID          : 138
Error Type        : Diff net spacing
Error Layer       : M1 (11)
Number of errors  : 82
Description       :  -- 
Status            : error
Bbox              : {210.8320 211.6940} {210.9920 211.7770}

Error ID          : 149
Error Type        : Diff net spacing
Error Layer       : M1 (11)
Number of errors  : 82
Description       :  -- 
Status            : error
Bbox              : {20.5280 226.1590} {20.6880 226.2420}

Error ID          : 151
Error Type        : Diff net spacing
Error Layer       : M1 (11)
Number of errors  : 82
Description       :  -- 
Status            : error
Bbox              : {23.5680 218.3820} {23.7280 218.4650}

Error ID          : 152
Error Type        : Diff net spacing
Error Layer       : M1 (11)
Number of errors  : 82
Description       :  -- 
Status            : error
Bbox              : {24.0240 221.7260} {24.1840 221.8090}

Error ID          : 154
Error Type        : Diff net spacing
Error Layer       : M1 (11)
Number of errors  : 82
Description       :  -- 
Status            : error
Bbox              : {202.6240 226.1590} {202.7840 226.2420}

Error ID          : 173
Error Type        : Diff net spacing
Error Layer       : M1 (11)
Number of errors  : 82
Description       :  -- 
Status            : error
Bbox              : {258.4080 222.8150} {258.5680 222.8980}

Error ID          : 176
Error Type        : Diff net spacing
Error Layer       : M1 (11)
Number of errors  : 82
Description       :  -- 
Status            : error
Bbox              : {22.0480 228.4140} {22.2080 228.4970}

Error ID          : 179
Error Type        : Diff net spacing
Error Layer       : M1 (11)
Number of errors  : 82
Description       :  -- 
Status            : error
Bbox              : {193.6560 238.4460} {193.8160 238.5290}

Error ID          : 180
Error Type        : Diff net spacing
Error Layer       : M1 (11)
Number of errors  : 82
Description       :  -- 
Status            : error
Bbox              : {201.5600 235.1020} {201.7200 235.1850}

Error ID          : 181
Error Type        : Diff net spacing
Error Layer       : M1 (11)
Number of errors  : 82
Description       :  -- 
Status            : error
Bbox              : {201.2560 232.8470} {201.4160 232.9300}

Error ID          : 182
Error Type        : Diff net spacing
Error Layer       : M1 (11)
Number of errors  : 82
Description       :  -- 
Status            : error
Bbox              : {202.1680 228.4140} {202.3280 228.4970}

Error ID          : 221
Error Type        : Diff net spacing
Error Layer       : M1 (11)
Number of errors  : 82
Description       :  -- 
Status            : error
Bbox              : {257.9520 239.5350} {258.1120 239.6180}

Error ID          : 224
Error Type        : Diff net spacing
Error Layer       : M1 (11)
Number of errors  : 82
Description       :  -- 
Status            : error
Bbox              : {262.8160 236.1910} {262.9760 236.2740}

Error ID          : 225
Error Type        : Diff net spacing
Error Layer       : M1 (11)
Number of errors  : 82
Description       :  -- 
Status            : error
Bbox              : {285.7680 232.8470} {285.9280 232.9300}

Error ID          : 226
Error Type        : Diff net spacing
Error Layer       : M1 (11)
Number of errors  : 82
Description       :  -- 
Status            : error
Bbox              : {281.9680 236.1910} {282.1280 236.2740}

Error ID          : 227
Error Type        : Diff net spacing
Error Layer       : M1 (11)
Number of errors  : 82
Description       :  -- 
Status            : error
Bbox              : {22.2000 248.4780} {22.3600 248.5610}

Error ID          : 228
Error Type        : Diff net spacing
Error Layer       : M1 (11)
Number of errors  : 82
Description       :  -- 
Status            : error
Bbox              : {31.7760 246.2230} {31.9360 246.3060}

Error ID          : 229
Error Type        : Diff net spacing
Error Layer       : M1 (11)
Number of errors  : 82
Description       :  -- 
Status            : error
Bbox              : {32.3840 242.8790} {32.5440 242.9620}

Error ID          : 230
Error Type        : Diff net spacing
Error Layer       : M1 (11)
Number of errors  : 82
Description       :  -- 
Status            : error
Bbox              : {21.2880 245.1340} {21.4480 245.2170}

Error ID          : 235
Error Type        : Diff net spacing
Error Layer       : M1 (11)
Number of errors  : 82
Description       :  -- 
Status            : error
Bbox              : {211.2880 248.4780} {211.4480 248.5610}

Error ID          : 236
Error Type        : Diff net spacing
Error Layer       : M1 (11)
Number of errors  : 82
Description       :  -- 
Status            : error
Bbox              : {215.5440 248.4780} {215.7040 248.5610}

Error ID          : 237
Error Type        : Diff net spacing
Error Layer       : M1 (11)
Number of errors  : 82
Description       :  -- 
Status            : error
Bbox              : {214.9360 249.5670} {215.0960 249.6500}

Error ID          : 239
Error Type        : Diff net spacing
Error Layer       : M1 (11)
Number of errors  : 82
Description       :  -- 
Status            : error
Bbox              : {210.5280 242.8790} {210.6880 242.9620}

Error ID          : 240
Error Type        : Diff net spacing
Error Layer       : M1 (11)
Number of errors  : 82
Description       :  -- 
Status            : error
Bbox              : {205.3600 245.1340} {205.5200 245.2170}

Error ID          : 244
Error Type        : Diff net spacing
Error Layer       : M1 (11)
Number of errors  : 82
Description       :  -- 
Status            : error
Bbox              : {221.7760 242.8790} {221.9360 242.9620}

Error ID          : 245
Error Type        : Diff net spacing
Error Layer       : M1 (11)
Number of errors  : 82
Description       :  -- 
Status            : error
Bbox              : {218.4320 245.1340} {218.5920 245.2170}

Error ID          : 263
Error Type        : Diff net spacing
Error Layer       : M1 (11)
Number of errors  : 82
Description       :  -- 
Status            : error
Bbox              : {257.6480 249.5670} {257.8080 249.6500}

Error ID          : 264
Error Type        : Diff net spacing
Error Layer       : M1 (11)
Number of errors  : 82
Description       :  -- 
Status            : error
Bbox              : {258.1040 248.4780} {258.2640 248.5610}

Error ID          : 267
Error Type        : Diff net spacing
Error Layer       : M1 (11)
Number of errors  : 82
Description       :  -- 
Status            : error
Bbox              : {256.8880 246.2230} {257.0480 246.3060}

Error ID          : 275
Error Type        : Diff net spacing
Error Layer       : M1 (11)
Number of errors  : 82
Description       :  -- 
Status            : error
Bbox              : {288.2000 245.1340} {288.3600 245.2170}

Error ID          : 276
Error Type        : Diff net spacing
Error Layer       : M1 (11)
Number of errors  : 82
Description       :  -- 
Status            : error
Bbox              : {289.2640 242.8790} {289.4240 242.9620}

Error ID          : 277
Error Type        : Diff net spacing
Error Layer       : M1 (11)
Number of errors  : 82
Description       :  -- 
Status            : error
Bbox              : {290.7840 242.8790} {290.9440 242.9620}

Error ID          : 281
Error Type        : Diff net spacing
Error Layer       : M1 (11)
Number of errors  : 82
Description       :  -- 
Status            : error
Bbox              : {303.7040 242.8790} {303.8640 242.9620}

Error ID          : 282
Error Type        : Diff net spacing
Error Layer       : M1 (11)
Number of errors  : 82
Description       :  -- 
Status            : error
Bbox              : {304.0080 245.1340} {304.1680 245.2170}

Error ID          : 289
Error Type        : Diff net spacing
Error Layer       : M1 (11)
Number of errors  : 82
Description       :  -- 
Status            : error
Bbox              : {212.5040 261.8540} {212.6640 261.9370}

Error ID          : 290
Error Type        : Diff net spacing
Error Layer       : M1 (11)
Number of errors  : 82
Description       :  -- 
Status            : error
Bbox              : {214.7840 256.2550} {214.9440 256.3380}

Error ID          : 292
Error Type        : Diff net spacing
Error Layer       : M1 (11)
Number of errors  : 82
Description       :  -- 
Status            : error
Bbox              : {209.3120 261.8540} {209.4720 261.9370}

Error ID          : 293
Error Type        : Diff net spacing
Error Layer       : M1 (11)
Number of errors  : 82
Description       :  -- 
Status            : error
Bbox              : {211.4400 262.9430} {211.6000 263.0260}

Error ID          : 294
Error Type        : Diff net spacing
Error Layer       : M1 (11)
Number of errors  : 82
Description       :  -- 
Status            : error
Bbox              : {218.5840 256.2550} {218.7440 256.3380}

Error ID          : 315
Error Type        : Diff net spacing
Error Layer       : M1 (11)
Number of errors  : 82
Description       :  -- 
Status            : error
Bbox              : {300.0560 255.1660} {300.2160 255.2490}

Error ID          : 316
Error Type        : Diff net spacing
Error Layer       : M1 (11)
Number of errors  : 82
Description       :  -- 
Status            : error
Bbox              : {303.7040 255.1660} {303.8640 255.2490}

Error ID          : 338
Error Type        : Diff net spacing
Error Layer       : M1 (11)
Number of errors  : 82
Description       :  -- 
Status            : error
Bbox              : {203.3840 268.5420} {203.5440 268.6250}

Error ID          : 339
Error Type        : Diff net spacing
Error Layer       : M1 (11)
Number of errors  : 82
Description       :  -- 
Status            : error
Bbox              : {210.5280 265.1980} {210.6880 265.2810}

Error ID          : 340
Error Type        : Diff net spacing
Error Layer       : M1 (11)
Number of errors  : 82
Description       :  -- 
Status            : error
Bbox              : {222.0800 272.9750} {222.2400 273.0580}

Error ID          : 351
Error Type        : Diff net spacing
Error Layer       : M1 (11)
Number of errors  : 82
Description       :  -- 
Status            : error
Bbox              : {262.6640 265.1980} {262.8240 265.2810}

Error ID          : 358
Error Type        : Diff net spacing
Error Layer       : M1 (11)
Number of errors  : 82
Description       :  -- 
Status            : error
Bbox              : {214.7840 278.5740} {214.9440 278.6570}

Error ID          : 359
Error Type        : Diff net spacing
Error Layer       : M1 (11)
Number of errors  : 82
Description       :  -- 
Status            : error
Bbox              : {218.1280 278.5740} {218.2880 278.6570}

Error ID          : 361
Error Type        : Diff net spacing
Error Layer       : M1 (11)
Number of errors  : 82
Description       :  -- 
Status            : error
Bbox              : {260.2320 283.0070} {260.3920 283.0900}

Error ID          : 362
Error Type        : Diff net spacing
Error Layer       : M1 (11)
Number of errors  : 82
Description       :  -- 
Status            : error
Bbox              : {255.6720 278.5740} {255.8320 278.6570}

Error ID          : 363
Error Type        : Diff net spacing
Error Layer       : M1 (11)
Number of errors  : 82
Description       :  -- 
Status            : error
Bbox              : {257.8000 283.0070} {257.9600 283.0900}

Error ID          : 364
Error Type        : Diff net spacing
Error Layer       : M1 (11)
Number of errors  : 82
Description       :  -- 
Status            : error
Bbox              : {259.3200 279.6630} {259.4800 279.7460}

Error ID          : 370
Error Type        : Diff net spacing
Error Layer       : M1 (11)
Number of errors  : 82
Description       :  -- 
Status            : error
Bbox              : {154.8960 299.7270} {155.0560 299.8100}

Error ID          : 373
Error Type        : Diff net spacing
Error Layer       : M1 (11)
Number of errors  : 82
Description       :  -- 
Status            : error
Bbox              : {247.4640 296.3830} {247.6240 296.4660}

Error ID          : 374
Error Type        : Diff net spacing
Error Layer       : M1 (11)
Number of errors  : 82
Description       :  -- 
Status            : error
Bbox              : {248.0720 293.0390} {248.2320 293.1220}

Error ID          : 375
Error Type        : Diff net spacing
Error Layer       : M1 (11)
Number of errors  : 82
Description       :  -- 
Status            : error
Bbox              : {262.3600 291.9500} {262.5200 292.0330}

Error ID          : 376
Error Type        : Diff net spacing
Error Layer       : M1 (11)
Number of errors  : 82
Description       :  -- 
Status            : error
Bbox              : {159.7600 305.3260} {159.9200 305.4090}

Error ID          : 7
Error Type        : Off-grid
Error Layer       : VIA1 (12)
Number of errors  : 163
Description       :  -- 
Status            : error
Bbox              : {206.7560 45.5870} {206.8060 45.7890}

Error ID          : 8
Error Type        : Off-grid
Error Layer       : M2 (13)
Number of errors  : 163
Description       :  -- 
Status            : error
Bbox              : {206.7260 45.5820} {206.8360 45.7940}

Error ID          : 14
Error Type        : Off-grid
Error Layer       : VIA1 (12)
Number of errors  : 163
Description       :  -- 
Status            : error
Bbox              : {205.5400 47.7150} {205.5900 47.9170}

Error ID          : 15
Error Type        : Off-grid
Error Layer       : M2 (13)
Number of errors  : 163
Description       :  -- 
Status            : error
Bbox              : {205.5100 47.7100} {205.6200 47.9220}

Error ID          : 16
Error Type        : Off-grid
Error Layer       : VIA1 (12)
Number of errors  : 163
Description       :  -- 
Status            : error
Bbox              : {207.5160 47.7150} {207.5660 47.9170}

Error ID          : 17
Error Type        : Off-grid
Error Layer       : M2 (13)
Number of errors  : 163
Description       :  -- 
Status            : error
Bbox              : {207.4860 47.7100} {207.5960 47.9220}

Error ID          : 18
Error Type        : Off-grid
Error Layer       : VIA1 (12)
Number of errors  : 163
Description       :  -- 
Status            : error
Bbox              : {213.9000 47.7150} {213.9500 47.9170}

Error ID          : 19
Error Type        : Off-grid
Error Layer       : M2 (13)
Number of errors  : 163
Description       :  -- 
Status            : error
Bbox              : {213.8700 47.7100} {213.9800 47.9220}

Error ID          : 37
Error Type        : Off-grid
Error Layer       : VIA1 (12)
Number of errors  : 163
Description       :  -- 
Status            : error
Bbox              : {217.5480 82.3710} {217.5980 82.5730}

Error ID          : 38
Error Type        : Off-grid
Error Layer       : M2 (13)
Number of errors  : 163
Description       :  -- 
Status            : error
Bbox              : {217.5180 82.3660} {217.6280 82.5780}

Error ID          : 41
Error Type        : Off-grid
Error Layer       : VIA1 (12)
Number of errors  : 163
Description       :  -- 
Status            : error
Bbox              : {278.9560 91.1870} {279.0060 91.3890}

Error ID          : 42
Error Type        : Off-grid
Error Layer       : M2 (13)
Number of errors  : 163
Description       :  -- 
Status            : error
Bbox              : {278.9260 91.1820} {279.0360 91.3940}

Error ID          : 43
Error Type        : Off-grid
Error Layer       : VIA1 (12)
Number of errors  : 163
Description       :  -- 
Status            : error
Bbox              : {294.0290 82.3710} {294.0790 82.5730}

Error ID          : 44
Error Type        : Off-grid
Error Layer       : M2 (13)
Number of errors  : 163
Description       :  -- 
Status            : error
Bbox              : {294.0240 82.3410} {294.0840 82.6030}

Error ID          : 53
Error Type        : Off-grid
Error Layer       : VIA1 (12)
Number of errors  : 163
Description       :  -- 
Status            : error
Bbox              : {289.3460 104.4110} {289.3960 104.6130}

Error ID          : 54
Error Type        : Off-grid
Error Layer       : M2 (13)
Number of errors  : 163
Description       :  -- 
Status            : error
Bbox              : {289.3160 104.4060} {289.4260 104.6180}

Error ID          : 57
Error Type        : Off-grid
Error Layer       : VIA1 (12)
Number of errors  : 163
Description       :  -- 
Status            : error
Bbox              : {224.8440 111.2510} {224.8940 111.4530}

Error ID          : 58
Error Type        : Off-grid
Error Layer       : M2 (13)
Number of errors  : 163
Description       :  -- 
Status            : error
Bbox              : {224.8140 111.2460} {224.9240 111.4580}

Error ID          : 64
Error Type        : Off-grid
Error Layer       : VIA1 (12)
Number of errors  : 163
Description       :  -- 
Status            : error
Bbox              : {190.6690 125.8430} {190.7190 126.0450}

Error ID          : 68
Error Type        : Off-grid
Error Layer       : VIA1 (12)
Number of errors  : 163
Description       :  -- 
Status            : error
Bbox              : {240.8040 121.2830} {240.8540 121.4850}

Error ID          : 69
Error Type        : Off-grid
Error Layer       : M2 (13)
Number of errors  : 163
Description       :  -- 
Status            : error
Bbox              : {240.7740 121.2780} {240.8840 121.4900}

Error ID          : 71
Error Type        : Off-grid
Error Layer       : VIA1 (12)
Number of errors  : 163
Description       :  -- 
Status            : error
Bbox              : {242.9320 127.9710} {242.9820 128.1730}

Error ID          : 72
Error Type        : Off-grid
Error Layer       : M2 (13)
Number of errors  : 163
Description       :  -- 
Status            : error
Bbox              : {242.9020 127.9660} {243.0120 128.1780}

Error ID          : 78
Error Type        : Off-grid
Error Layer       : VIA1 (12)
Number of errors  : 163
Description       :  -- 
Status            : error
Bbox              : {253.7240 132.5310} {253.7740 132.7330}

Error ID          : 79
Error Type        : Off-grid
Error Layer       : M2 (13)
Number of errors  : 163
Description       :  -- 
Status            : error
Bbox              : {253.6940 132.5260} {253.8040 132.7380}

Error ID          : 80
Error Type        : Off-grid
Error Layer       : VIA1 (12)
Number of errors  : 163
Description       :  -- 
Status            : error
Bbox              : {180.6120 152.5950} {180.6620 152.7970}

Error ID          : 81
Error Type        : Off-grid
Error Layer       : M2 (13)
Number of errors  : 163
Description       :  -- 
Status            : error
Bbox              : {180.5820 152.5900} {180.6920 152.8020}

Error ID          : 82
Error Type        : Off-grid
Error Layer       : VIA1 (12)
Number of errors  : 163
Description       :  -- 
Status            : error
Bbox              : {192.7720 149.2510} {192.8220 149.4530}

Error ID          : 83
Error Type        : Off-grid
Error Layer       : M2 (13)
Number of errors  : 163
Description       :  -- 
Status            : error
Bbox              : {192.7420 149.2460} {192.8520 149.4580}

Error ID          : 85
Error Type        : Off-grid
Error Layer       : M2 (13)
Number of errors  : 163
Description       :  -- 
Status            : error
Bbox              : {205.0540 151.3740} {205.1640 151.5860}

Error ID          : 86
Error Type        : Off-grid
Error Layer       : VIA1 (12)
Number of errors  : 163
Description       :  -- 
Status            : error
Bbox              : {205.0840 151.3790} {205.1340 151.5810}

Error ID          : 96
Error Type        : Off-grid
Error Layer       : VIA1 (12)
Number of errors  : 163
Description       :  -- 
Status            : error
Bbox              : {166.4760 158.0670} {166.5260 158.2690}

Error ID          : 97
Error Type        : Off-grid
Error Layer       : M2 (13)
Number of errors  : 163
Description       :  -- 
Status            : error
Bbox              : {166.4460 158.0620} {166.5560 158.2740}

Error ID          : 98
Error Type        : Off-grid
Error Layer       : VIA1 (12)
Number of errors  : 163
Description       :  -- 
Status            : error
Bbox              : {166.3240 155.9390} {166.3740 156.1410}

Error ID          : 99
Error Type        : Off-grid
Error Layer       : M2 (13)
Number of errors  : 163
Description       :  -- 
Status            : error
Bbox              : {166.2940 155.9340} {166.4040 156.1460}

Error ID          : 114
Error Type        : Off-grid
Error Layer       : M2 (13)
Number of errors  : 163
Description       :  -- 
Status            : error
Bbox              : {187.3200 167.9170} {187.3800 168.1790}

Error ID          : 115
Error Type        : Off-grid
Error Layer       : VIA1 (12)
Number of errors  : 163
Description       :  -- 
Status            : error
Bbox              : {187.3250 167.9470} {187.3750 168.1490}

Error ID          : 116
Error Type        : Off-grid
Error Layer       : VIA1 (12)
Number of errors  : 163
Description       :  -- 
Status            : error
Bbox              : {220.7420 167.9470} {220.7920 168.1490}

Error ID          : 117
Error Type        : Off-grid
Error Layer       : M2 (13)
Number of errors  : 163
Description       :  -- 
Status            : error
Bbox              : {220.7620 167.9930} {220.8220 168.1030}

Error ID          : 120
Error Type        : Off-grid
Error Layer       : M1 (11)
Number of errors  : 163
Description       :  -- 
Status            : error
Bbox              : {244.7070 167.6750} {244.8330 167.9660}

Error ID          : 128
Error Type        : Off-grid
Error Layer       : VIA1 (12)
Number of errors  : 163
Description       :  -- 
Status            : error
Bbox              : {240.0440 201.5390} {240.0940 201.7410}

Error ID          : 129
Error Type        : Off-grid
Error Layer       : M2 (13)
Number of errors  : 163
Description       :  -- 
Status            : error
Bbox              : {240.0140 201.5340} {240.1240 201.7460}

Error ID          : 130
Error Type        : Off-grid
Error Layer       : VIA1 (12)
Number of errors  : 163
Description       :  -- 
Status            : error
Bbox              : {230.3700 201.5390} {230.4200 201.7410}

Error ID          : 131
Error Type        : Off-grid
Error Layer       : M2 (13)
Number of errors  : 163
Description       :  -- 
Status            : error
Bbox              : {230.3400 201.5340} {230.4500 201.7460}

Error ID          : 132
Error Type        : Off-grid
Error Layer       : VIA1 (12)
Number of errors  : 163
Description       :  -- 
Status            : error
Bbox              : {241.5890 201.5390} {241.6390 201.7410}

Error ID          : 133
Error Type        : Off-grid
Error Layer       : M2 (13)
Number of errors  : 163
Description       :  -- 
Status            : error
Bbox              : {241.5840 201.5090} {241.6440 201.7710}

Error ID          : 134
Error Type        : Off-grid
Error Layer       : VIA1 (12)
Number of errors  : 163
Description       :  -- 
Status            : error
Bbox              : {240.1960 202.7550} {240.2460 202.9570}

Error ID          : 135
Error Type        : Off-grid
Error Layer       : M2 (13)
Number of errors  : 163
Description       :  -- 
Status            : error
Bbox              : {240.1660 202.7500} {240.2760 202.9620}

Error ID          : 139
Error Type        : Off-grid
Error Layer       : VIA1 (12)
Number of errors  : 163
Description       :  -- 
Status            : error
Bbox              : {237.9160 204.8830} {237.9660 205.0850}

Error ID          : 140
Error Type        : Off-grid
Error Layer       : M2 (13)
Number of errors  : 163
Description       :  -- 
Status            : error
Bbox              : {237.8860 204.8780} {237.9960 205.0900}

Error ID          : 141
Error Type        : Off-grid
Error Layer       : VIA1 (12)
Number of errors  : 163
Description       :  -- 
Status            : error
Bbox              : {235.2050 204.8830} {235.2550 205.0850}

Error ID          : 142
Error Type        : Off-grid
Error Layer       : M2 (13)
Number of errors  : 163
Description       :  -- 
Status            : error
Bbox              : {235.2000 204.8530} {235.2600 205.1150}

Error ID          : 143
Error Type        : Off-grid
Error Layer       : VIA1 (12)
Number of errors  : 163
Description       :  -- 
Status            : error
Bbox              : {234.7490 209.4430} {234.7990 209.6450}

Error ID          : 144
Error Type        : Off-grid
Error Layer       : M2 (13)
Number of errors  : 163
Description       :  -- 
Status            : error
Bbox              : {234.7440 209.4130} {234.8040 209.6750}

Error ID          : 145
Error Type        : Off-grid
Error Layer       : M2 (13)
Number of errors  : 163
Description       :  -- 
Status            : error
Bbox              : {232.2620 204.8780} {232.3720 205.0900}

Error ID          : 146
Error Type        : Off-grid
Error Layer       : VIA1 (12)
Number of errors  : 163
Description       :  -- 
Status            : error
Bbox              : {232.2920 204.8830} {232.3420 205.0850}

Error ID          : 147
Error Type        : Off-grid
Error Layer       : VIA1 (12)
Number of errors  : 163
Description       :  -- 
Status            : error
Bbox              : {240.6520 204.8830} {240.7020 205.0850}

Error ID          : 148
Error Type        : Off-grid
Error Layer       : M2 (13)
Number of errors  : 163
Description       :  -- 
Status            : error
Bbox              : {240.6220 204.8780} {240.7320 205.0900}

Error ID          : 155
Error Type        : Off-grid
Error Layer       : VIA1 (12)
Number of errors  : 163
Description       :  -- 
Status            : error
Bbox              : {238.8280 221.6030} {238.8780 221.8050}

Error ID          : 156
Error Type        : Off-grid
Error Layer       : M2 (13)
Number of errors  : 163
Description       :  -- 
Status            : error
Bbox              : {238.7980 221.5980} {238.9080 221.8100}

Error ID          : 157
Error Type        : Off-grid
Error Layer       : M2 (13)
Number of errors  : 163
Description       :  -- 
Status            : error
Bbox              : {237.2780 221.5980} {237.3880 221.8100}

Error ID          : 158
Error Type        : Off-grid
Error Layer       : VIA1 (12)
Number of errors  : 163
Description       :  -- 
Status            : error
Bbox              : {237.3080 221.6030} {237.3580 221.8050}

Error ID          : 159
Error Type        : Off-grid
Error Layer       : VIA1 (12)
Number of errors  : 163
Description       :  -- 
Status            : error
Bbox              : {237.4850 216.1310} {237.5350 216.3330}

Error ID          : 160
Error Type        : Off-grid
Error Layer       : M2 (13)
Number of errors  : 163
Description       :  -- 
Status            : error
Bbox              : {237.4800 216.1010} {237.5400 216.3630}

Error ID          : 161
Error Type        : Off-grid
Error Layer       : VIA1 (12)
Number of errors  : 163
Description       :  -- 
Status            : error
Bbox              : {234.7490 218.2590} {234.7990 218.4610}

Error ID          : 162
Error Type        : Off-grid
Error Layer       : M2 (13)
Number of errors  : 163
Description       :  -- 
Status            : error
Bbox              : {234.7440 218.2290} {234.8040 218.4910}

Error ID          : 163
Error Type        : Off-grid
Error Layer       : VIA1 (12)
Number of errors  : 163
Description       :  -- 
Status            : error
Bbox              : {232.7500 218.2590} {232.8000 218.4610}

Error ID          : 164
Error Type        : Off-grid
Error Layer       : M2 (13)
Number of errors  : 163
Description       :  -- 
Status            : error
Bbox              : {232.7700 218.3050} {232.8300 218.4150}

Error ID          : 165
Error Type        : Off-grid
Error Layer       : VIA1 (12)
Number of errors  : 163
Description       :  -- 
Status            : error
Bbox              : {242.3240 226.1630} {242.3740 226.3650}

Error ID          : 166
Error Type        : Off-grid
Error Layer       : M2 (13)
Number of errors  : 163
Description       :  -- 
Status            : error
Bbox              : {242.2940 226.1580} {242.4040 226.3700}

Error ID          : 167
Error Type        : Off-grid
Error Layer       : VIA1 (12)
Number of errors  : 163
Description       :  -- 
Status            : error
Bbox              : {240.5000 222.8190} {240.5500 223.0210}

Error ID          : 168
Error Type        : Off-grid
Error Layer       : M2 (13)
Number of errors  : 163
Description       :  -- 
Status            : error
Bbox              : {240.4700 222.8140} {240.5800 223.0260}

Error ID          : 169
Error Type        : Off-grid
Error Layer       : M2 (13)
Number of errors  : 163
Description       :  -- 
Status            : error
Bbox              : {241.3820 224.9420} {241.4920 225.1540}

Error ID          : 170
Error Type        : Off-grid
Error Layer       : VIA1 (12)
Number of errors  : 163
Description       :  -- 
Status            : error
Bbox              : {241.4120 224.9470} {241.4620 225.1490}

Error ID          : 171
Error Type        : Off-grid
Error Layer       : VIA1 (12)
Number of errors  : 163
Description       :  -- 
Status            : error
Bbox              : {247.2130 221.6030} {247.2630 221.8050}

Error ID          : 172
Error Type        : Off-grid
Error Layer       : M2 (13)
Number of errors  : 163
Description       :  -- 
Status            : error
Bbox              : {247.2080 221.5730} {247.2680 221.8350}

Error ID          : 174
Error Type        : Off-grid
Error Layer       : M2 (13)
Number of errors  : 163
Description       :  -- 
Status            : error
Bbox              : {300.3580 226.1580} {300.4680 226.3700}

Error ID          : 175
Error Type        : Off-grid
Error Layer       : VIA1 (12)
Number of errors  : 163
Description       :  -- 
Status            : error
Bbox              : {300.3880 226.1630} {300.4380 226.3650}

Error ID          : 177
Error Type        : Off-grid
Error Layer       : VIA1 (12)
Number of errors  : 163
Description       :  -- 
Status            : error
Bbox              : {52.0450 229.5070} {52.0950 229.7090}

Error ID          : 178
Error Type        : Off-grid
Error Layer       : M2 (13)
Number of errors  : 163
Description       :  -- 
Status            : error
Bbox              : {52.0400 229.4770} {52.1000 229.7390}

Error ID          : 187
Error Type        : Off-grid
Error Layer       : VIA1 (12)
Number of errors  : 163
Description       :  -- 
Status            : error
Bbox              : {225.7810 239.5390} {225.8310 239.7410}

Error ID          : 188
Error Type        : Off-grid
Error Layer       : M2 (13)
Number of errors  : 163
Description       :  -- 
Status            : error
Bbox              : {225.7760 239.5090} {225.8360 239.7710}

Error ID          : 196
Error Type        : Off-grid
Error Layer       : VIA1 (12)
Number of errors  : 163
Description       :  -- 
Status            : error
Bbox              : {239.5880 229.5070} {239.6380 229.7090}

Error ID          : 197
Error Type        : Off-grid
Error Layer       : M2 (13)
Number of errors  : 163
Description       :  -- 
Status            : error
Bbox              : {239.5580 229.5020} {239.6680 229.7140}

Error ID          : 198
Error Type        : Off-grid
Error Layer       : M2 (13)
Number of errors  : 163
Description       :  -- 
Status            : error
Bbox              : {238.0380 229.5020} {238.1480 229.7140}

Error ID          : 199
Error Type        : Off-grid
Error Layer       : VIA1 (12)
Number of errors  : 163
Description       :  -- 
Status            : error
Bbox              : {238.0680 229.5070} {238.1180 229.7090}

Error ID          : 200
Error Type        : Off-grid
Error Layer       : M2 (13)
Number of errors  : 163
Description       :  -- 
Status            : error
Bbox              : {232.1100 229.5020} {232.2200 229.7140}

Error ID          : 201
Error Type        : Off-grid
Error Layer       : VIA1 (12)
Number of errors  : 163
Description       :  -- 
Status            : error
Bbox              : {232.1400 229.5070} {232.1900 229.7090}

Error ID          : 202
Error Type        : Off-grid
Error Layer       : M2 (13)
Number of errors  : 163
Description       :  -- 
Status            : error
Bbox              : {233.4780 232.8460} {233.5880 233.0580}

Error ID          : 203
Error Type        : Off-grid
Error Layer       : VIA1 (12)
Number of errors  : 163
Description       :  -- 
Status            : error
Bbox              : {233.5080 232.8510} {233.5580 233.0530}

Error ID          : 204
Error Type        : Off-grid
Error Layer       : M2 (13)
Number of errors  : 163
Description       :  -- 
Status            : error
Bbox              : {239.2540 232.8460} {239.3640 233.0580}

Error ID          : 205
Error Type        : Off-grid
Error Layer       : VIA1 (12)
Number of errors  : 163
Description       :  -- 
Status            : error
Bbox              : {239.2840 232.8510} {239.3340 233.0530}

Error ID          : 206
Error Type        : Off-grid
Error Layer       : VIA1 (12)
Number of errors  : 163
Description       :  -- 
Status            : error
Bbox              : {228.0360 239.5390} {228.0860 239.7410}

Error ID          : 207
Error Type        : Off-grid
Error Layer       : M2 (13)
Number of errors  : 163
Description       :  -- 
Status            : error
Bbox              : {228.0060 239.5340} {228.1160 239.7460}

Error ID          : 208
Error Type        : Off-grid
Error Layer       : VIA1 (12)
Number of errors  : 163
Description       :  -- 
Status            : error
Bbox              : {237.9410 234.9790} {237.9910 235.1810}

Error ID          : 209
Error Type        : Off-grid
Error Layer       : M2 (13)
Number of errors  : 163
Description       :  -- 
Status            : error
Bbox              : {237.9360 234.9490} {237.9960 235.2110}

Error ID          : 210
Error Type        : Off-grid
Error Layer       : VIA1 (12)
Number of errors  : 163
Description       :  -- 
Status            : error
Bbox              : {247.6690 238.3230} {247.7190 238.5250}

Error ID          : 211
Error Type        : Off-grid
Error Layer       : M2 (13)
Number of errors  : 163
Description       :  -- 
Status            : error
Bbox              : {247.6640 238.2930} {247.7240 238.5550}

Error ID          : 212
Error Type        : Off-grid
Error Layer       : VIA1 (12)
Number of errors  : 163
Description       :  -- 
Status            : error
Bbox              : {243.8440 232.8510} {243.8940 233.0530}

Error ID          : 213
Error Type        : Off-grid
Error Layer       : M2 (13)
Number of errors  : 163
Description       :  -- 
Status            : error
Bbox              : {243.8140 232.8460} {243.9240 233.0580}

Error ID          : 214
Error Type        : Off-grid
Error Layer       : VIA1 (12)
Number of errors  : 163
Description       :  -- 
Status            : error
Bbox              : {241.2600 229.5070} {241.3100 229.7090}

Error ID          : 215
Error Type        : Off-grid
Error Layer       : M2 (13)
Number of errors  : 163
Description       :  -- 
Status            : error
Bbox              : {241.2300 229.5020} {241.3400 229.7140}

Error ID          : 216
Error Type        : Off-grid
Error Layer       : M2 (13)
Number of errors  : 163
Description       :  -- 
Status            : error
Bbox              : {241.3820 228.2860} {241.4920 228.4980}

Error ID          : 217
Error Type        : Off-grid
Error Layer       : VIA1 (12)
Number of errors  : 163
Description       :  -- 
Status            : error
Bbox              : {241.4120 228.2910} {241.4620 228.4930}

Error ID          : 218
Error Type        : Off-grid
Error Layer       : M2 (13)
Number of errors  : 163
Description       :  -- 
Status            : error
Bbox              : {243.6620 236.1900} {243.7720 236.4020}

Error ID          : 219
Error Type        : Off-grid
Error Layer       : VIA1 (12)
Number of errors  : 163
Description       :  -- 
Status            : error
Bbox              : {243.6920 236.1950} {243.7420 236.3970}

Error ID          : 220
Error Type        : Off-grid
Error Layer       : VIA1 (12)
Number of errors  : 163
Description       :  -- 
Status            : error
Bbox              : {242.3490 232.8510} {242.3990 233.0530}

Error ID          : 222
Error Type        : Off-grid
Error Layer       : VIA1 (12)
Number of errors  : 163
Description       :  -- 
Status            : error
Bbox              : {255.5480 238.3230} {255.5980 238.5250}

Error ID          : 223
Error Type        : Off-grid
Error Layer       : M2 (13)
Number of errors  : 163
Description       :  -- 
Status            : error
Bbox              : {255.5180 238.3180} {255.6280 238.5300}

Error ID          : 231
Error Type        : Off-grid
Error Layer       : M1 (11)
Number of errors  : 163
Description       :  -- 
Status            : error
Bbox              : {90.4730 245.0820} {90.5830 245.1420}

Error ID          : 241
Error Type        : Off-grid
Error Layer       : VIA1 (12)
Number of errors  : 163
Description       :  -- 
Status            : error
Bbox              : {217.3960 251.5470} {217.4460 251.7490}

Error ID          : 242
Error Type        : Off-grid
Error Layer       : M2 (13)
Number of errors  : 163
Description       :  -- 
Status            : error
Bbox              : {217.3660 251.5420} {217.4760 251.7540}

Error ID          : 248
Error Type        : Off-grid
Error Layer       : M2 (13)
Number of errors  : 163
Description       :  -- 
Status            : error
Bbox              : {235.5040 251.6690} {235.5640 251.9310}

Error ID          : 249
Error Type        : Off-grid
Error Layer       : VIA1 (12)
Number of errors  : 163
Description       :  -- 
Status            : error
Bbox              : {235.5090 251.6990} {235.5590 251.9010}

Error ID          : 250
Error Type        : Off-grid
Error Layer       : M2 (13)
Number of errors  : 163
Description       :  -- 
Status            : error
Bbox              : {238.0380 249.5660} {238.1480 249.7780}

Error ID          : 251
Error Type        : Off-grid
Error Layer       : VIA1 (12)
Number of errors  : 163
Description       :  -- 
Status            : error
Bbox              : {238.0680 249.5710} {238.1180 249.7730}

Error ID          : 258
Error Type        : Off-grid
Error Layer       : VIA1 (12)
Number of errors  : 163
Description       :  -- 
Status            : error
Bbox              : {247.1880 249.5710} {247.2380 249.7730}

Error ID          : 259
Error Type        : Off-grid
Error Layer       : M2 (13)
Number of errors  : 163
Description       :  -- 
Status            : error
Bbox              : {247.1580 249.5660} {247.2680 249.7780}

Error ID          : 260
Error Type        : Off-grid
Error Layer       : VIA1 (12)
Number of errors  : 163
Description       :  -- 
Status            : error
Bbox              : {251.2920 248.3550} {251.3420 248.5570}

Error ID          : 261
Error Type        : Off-grid
Error Layer       : M2 (13)
Number of errors  : 163
Description       :  -- 
Status            : error
Bbox              : {248.5260 246.2220} {248.6360 246.4340}

Error ID          : 262
Error Type        : Off-grid
Error Layer       : VIA1 (12)
Number of errors  : 163
Description       :  -- 
Status            : error
Bbox              : {248.5560 246.2270} {248.6060 246.4290}

Error ID          : 265
Error Type        : Off-grid
Error Layer       : VIA1 (12)
Number of errors  : 163
Description       :  -- 
Status            : error
Bbox              : {255.3960 246.2270} {255.4460 246.4290}

Error ID          : 266
Error Type        : Off-grid
Error Layer       : M2 (13)
Number of errors  : 163
Description       :  -- 
Status            : error
Bbox              : {255.3660 246.2220} {255.4760 246.4340}

Error ID          : 268
Error Type        : Off-grid
Error Layer       : VIA1 (12)
Number of errors  : 163
Description       :  -- 
Status            : error
Bbox              : {256.6120 248.3550} {256.6620 248.5570}

Error ID          : 269
Error Type        : Off-grid
Error Layer       : M2 (13)
Number of errors  : 163
Description       :  -- 
Status            : error
Bbox              : {256.5820 248.3500} {256.6920 248.5620}

Error ID          : 270
Error Type        : Off-grid
Error Layer       : VIA1 (12)
Number of errors  : 163
Description       :  -- 
Status            : error
Bbox              : {255.2440 242.8830} {255.2940 243.0850}

Error ID          : 271
Error Type        : Off-grid
Error Layer       : M2 (13)
Number of errors  : 163
Description       :  -- 
Status            : error
Bbox              : {255.2140 242.8780} {255.3240 243.0900}

Error ID          : 279
Error Type        : Off-grid
Error Layer       : VIA1 (12)
Number of errors  : 163
Description       :  -- 
Status            : error
Bbox              : {302.5160 251.6990} {302.5660 251.9010}

Error ID          : 280
Error Type        : Off-grid
Error Layer       : M2 (13)
Number of errors  : 163
Description       :  -- 
Status            : error
Bbox              : {302.4860 251.6940} {302.5960 251.9060}

Error ID          : 283
Error Type        : Off-grid
Error Layer       : M2 (13)
Number of errors  : 163
Description       :  -- 
Status            : error
Bbox              : {302.4860 241.5100} {302.5960 241.7220}

Error ID          : 284
Error Type        : Off-grid
Error Layer       : VIA1 (12)
Number of errors  : 163
Description       :  -- 
Status            : error
Bbox              : {302.5160 241.5150} {302.5660 241.7170}

Error ID          : 295
Error Type        : Off-grid
Error Layer       : VIA1 (12)
Number of errors  : 163
Description       :  -- 
Status            : error
Bbox              : {233.0520 256.2590} {233.1020 256.4610}

Error ID          : 296
Error Type        : Off-grid
Error Layer       : M2 (13)
Number of errors  : 163
Description       :  -- 
Status            : error
Bbox              : {233.0220 256.2540} {233.1320 256.4660}

Error ID          : 297
Error Type        : Off-grid
Error Layer       : M2 (13)
Number of errors  : 163
Description       :  -- 
Status            : error
Bbox              : {235.1500 255.0380} {235.2600 255.2500}

Error ID          : 298
Error Type        : Off-grid
Error Layer       : VIA1 (12)
Number of errors  : 163
Description       :  -- 
Status            : error
Bbox              : {235.1800 255.0430} {235.2300 255.2450}

Error ID          : 299
Error Type        : Off-grid
Error Layer       : M2 (13)
Number of errors  : 163
Description       :  -- 
Status            : error
Bbox              : {235.1500 252.9100} {235.2600 253.1220}

Error ID          : 300
Error Type        : Off-grid
Error Layer       : VIA1 (12)
Number of errors  : 163
Description       :  -- 
Status            : error
Bbox              : {235.1800 252.9150} {235.2300 253.1170}

Error ID          : 302
Error Type        : Off-grid
Error Layer       : VIA1 (12)
Number of errors  : 163
Description       :  -- 
Status            : error
Bbox              : {248.2520 252.9150} {248.3020 253.1170}

Error ID          : 303
Error Type        : Off-grid
Error Layer       : M2 (13)
Number of errors  : 163
Description       :  -- 
Status            : error
Bbox              : {248.2220 252.9100} {248.3320 253.1220}

Error ID          : 304
Error Type        : Off-grid
Error Layer       : VIA1 (12)
Number of errors  : 163
Description       :  -- 
Status            : error
Bbox              : {253.2680 252.9150} {253.3180 253.1170}

Error ID          : 305
Error Type        : Off-grid
Error Layer       : M2 (13)
Number of errors  : 163
Description       :  -- 
Status            : error
Bbox              : {253.2380 252.9100} {253.3480 253.1220}

Error ID          : 306
Error Type        : Off-grid
Error Layer       : VIA1 (12)
Number of errors  : 163
Description       :  -- 
Status            : error
Bbox              : {252.6600 256.2590} {252.7100 256.4610}

Error ID          : 307
Error Type        : Off-grid
Error Layer       : M2 (13)
Number of errors  : 163
Description       :  -- 
Status            : error
Bbox              : {252.6300 256.2540} {252.7400 256.4660}

Error ID          : 317
Error Type        : Off-grid
Error Layer       : VIA1 (12)
Number of errors  : 163
Description       :  -- 
Status            : error
Bbox              : {98.8360 271.6110} {98.8860 271.8130}

Error ID          : 318
Error Type        : Off-grid
Error Layer       : M2 (13)
Number of errors  : 163
Description       :  -- 
Status            : error
Bbox              : {98.8060 271.6060} {98.9160 271.8180}

Error ID          : 319
Error Type        : Off-grid
Error Layer       : VIA1 (12)
Number of errors  : 163
Description       :  -- 
Status            : error
Bbox              : {95.0610 273.1310} {95.1110 273.3330}

Error ID          : 320
Error Type        : Off-grid
Error Layer       : M2 (13)
Number of errors  : 163
Description       :  -- 
Status            : error
Bbox              : {95.0560 273.1010} {95.1160 273.3630}

Error ID          : 321
Error Type        : Off-grid
Error Layer       : VIA1 (12)
Number of errors  : 163
Description       :  -- 
Status            : error
Bbox              : {105.8300 266.4430} {105.8800 266.6450}

Error ID          : 322
Error Type        : Off-grid
Error Layer       : M2 (13)
Number of errors  : 163
Description       :  -- 
Status            : error
Bbox              : {105.8500 266.4890} {105.9100 266.5990}

Error ID          : 323
Error Type        : Off-grid
Error Layer       : VIA1 (12)
Number of errors  : 163
Description       :  -- 
Status            : error
Bbox              : {108.2600 273.1310} {108.3100 273.3330}

Error ID          : 324
Error Type        : Off-grid
Error Layer       : M2 (13)
Number of errors  : 163
Description       :  -- 
Status            : error
Bbox              : {108.2300 273.1260} {108.3400 273.3380}

Error ID          : 325
Error Type        : Off-grid
Error Layer       : VIA1 (12)
Number of errors  : 163
Description       :  -- 
Status            : error
Bbox              : {111.1770 276.4750} {111.2270 276.6770}

Error ID          : 326
Error Type        : Off-grid
Error Layer       : M2 (13)
Number of errors  : 163
Description       :  -- 
Status            : error
Bbox              : {111.1720 276.4450} {111.2320 276.7070}

Error ID          : 352
Error Type        : Off-grid
Error Layer       : VIA1 (12)
Number of errors  : 163
Description       :  -- 
Status            : error
Bbox              : {296.1320 272.9790} {296.1820 273.1810}

Error ID          : 353
Error Type        : Off-grid
Error Layer       : M2 (13)
Number of errors  : 163
Description       :  -- 
Status            : error
Bbox              : {296.1020 272.9740} {296.2120 273.1860}

Error ID          : 356
Error Type        : Off-grid
Error Layer       : M1 (11)
Number of errors  : 163
Description       :  -- 
Status            : error
Bbox              : {190.6410 283.0820} {190.7510 283.1420}

Error ID          : 357
Error Type        : Off-grid
Error Layer       : M1 (11)
Number of errors  : 163
Description       :  -- 
Status            : error
Bbox              : {193.3770 283.0820} {193.4870 283.1420}

Error ID          : 365
Error Type        : Off-grid
Error Layer       : VIA1 (12)
Number of errors  : 163
Description       :  -- 
Status            : error
Bbox              : {282.7810 279.6670} {282.8310 279.8690}

Error ID          : 366
Error Type        : Off-grid
Error Layer       : M2 (13)
Number of errors  : 163
Description       :  -- 
Status            : error
Bbox              : {282.7760 279.6370} {282.8360 279.8990}

Error ID          : 367
Error Type        : Off-grid
Error Layer       : VIA1 (12)
Number of errors  : 163
Description       :  -- 
Status            : error
Bbox              : {290.6600 278.4510} {290.7100 278.6530}

Error ID          : 368
Error Type        : Off-grid
Error Layer       : M2 (13)
Number of errors  : 163
Description       :  -- 
Status            : error
Bbox              : {290.6300 278.4460} {290.7400 278.6580}

Error ID          : 371
Error Type        : Off-grid
Error Layer       : VIA1 (12)
Number of errors  : 163
Description       :  -- 
Status            : error
Bbox              : {148.1090 293.0430} {148.1590 293.2450}

Error ID          : 372
Error Type        : Off-grid
Error Layer       : M2 (13)
Number of errors  : 163
Description       :  -- 
Status            : error
Bbox              : {148.1040 293.0130} {148.1640 293.2750}

Error ID          : 93
Error Type        : Less than minimum area
Error Layer       : M2 (13)
Number of errors  : 5
Description       :  -- 
Status            : error
Bbox              : {249.1860 151.2730} {249.2460 151.3830}

Error ID          : 106
Error Type        : Less than minimum area
Error Layer       : M2 (13)
Number of errors  : 5
Description       :  -- 
Status            : error
Bbox              : {194.6180 156.1370} {194.6780 156.2470}

Error ID          : 122
Error Type        : Less than minimum area
Error Layer       : M2 (13)
Number of errors  : 5
Description       :  -- 
Status            : error
Bbox              : {246.7540 167.9930} {246.8140 168.1030}

Error ID          : 311
Error Type        : Less than minimum area
Error Layer       : M2 (13)
Number of errors  : 5
Description       :  -- 
Status            : error
Bbox              : {280.6500 256.4570} {280.7100 256.5670}

Error ID          : 343
Error Type        : Less than minimum area
Error Layer       : M2 (13)
Number of errors  : 5
Description       :  -- 
Status            : error
Bbox              : {230.6420 273.1770} {230.7020 273.2870}

1
