****************************************
Report : clock timing
        -type latency
        -launch
        -nworst 20
        -setup
Design : cv32e40p_synth_wrap
Version: W-2024.09-SP2
Date   : Sat May  9 12:47:48 2026
****************************************

  Mode: default
  Clock: clk_i

                                                 --- Latency ---
  Clock Pin                             Trans   Source   Offset  Network    Total            Corner
---------------------------------------------------------------------------------------------------
  u_core/core_i/id_stage_i/register_file_i/mem_reg[5][4]/CLK
                                         0.10     0.00       --     0.40     0.40 rp-+      default
  u_core/core_i/id_stage_i/register_file_i/mem_reg[5][7]/CLK
                                         0.10     0.00       --     0.40     0.40 rp-+      default
  u_core/core_i/id_stage_i/register_file_i/mem_reg[5][15]/CLK
                                         0.10     0.00       --     0.40     0.40 rp-+      default
  u_core/core_i/id_stage_i/register_file_i/mem_reg[5][11]/CLK
                                         0.10     0.00       --     0.40     0.40 rp-+      default
  u_core/core_i/id_stage_i/register_file_i/mem_reg[5][22]/CLK
                                         0.10     0.00       --     0.40     0.40 rp-+      default
  u_core/core_i/id_stage_i/register_file_i/mem_reg[26][9]/CLK
                                         0.10     0.00       --     0.40     0.40 rp-+      default
  u_core/core_i/id_stage_i/register_file_i/mem_reg[26][14]/CLK
                                         0.10     0.00       --     0.40     0.40 rp-+      default
  u_core/core_i/id_stage_i/register_file_i/mem_reg[5][28]/CLK
                                         0.10     0.00       --     0.40     0.40 rp-+      default
  u_core/core_i/id_stage_i/register_file_i/mem_reg[5][10]/CLK
                                         0.10     0.00       --     0.40     0.40 rp-+      default
  u_core/core_i/id_stage_i/register_file_i/mem_reg[5][12]/CLK
                                         0.10     0.00       --     0.40     0.40 rp-+      default
  u_core/core_i/id_stage_i/register_file_i/mem_reg[5][16]/CLK
                                         0.10     0.00       --     0.40     0.40 rp-+      default
  u_core/core_i/id_stage_i/register_file_i/mem_reg[5][18]/CLK
                                         0.10     0.00       --     0.40     0.40 rp-+      default
  u_core/core_i/id_stage_i/register_file_i/mem_reg[5][19]/CLK
                                         0.10     0.00       --     0.40     0.40 rp-+      default
  u_core/core_i/id_stage_i/register_file_i/mem_reg[5][27]/CLK
                                         0.10     0.00       --     0.40     0.40 rp-+      default
  u_core/core_i/id_stage_i/register_file_i/mem_reg[5][23]/CLK
                                         0.10     0.00       --     0.40     0.40 rp-+      default
  u_core/core_i/id_stage_i/register_file_i/mem_reg[5][24]/CLK
                                         0.10     0.00       --     0.40     0.40 rp-+      default
  u_core/core_i/id_stage_i/register_file_i/mem_reg[5][26]/CLK
                                         0.10     0.00       --     0.40     0.40 rp-+      default
  u_core/core_i/id_stage_i/register_file_i/mem_reg[5][25]/CLK
                                         0.10     0.00       --     0.40     0.40 rp-+      default
  u_core/core_i/id_stage_i/register_file_i/mem_reg[26][0]/CLK
                                         0.10     0.00       --     0.40     0.40 rp-+      default
  u_core/core_i/id_stage_i/register_file_i/mem_reg[5][21]/CLK
                                         0.10     0.00       --     0.40     0.40 rp-+      default
---------------------------------------------------------------------------------------------------
1
