****************************************
Report : Report drc errors
Design : cv32e40p_synth_wrap
Data   : zroute.err
Type   : error_layer
Version: W-2024.09-SP2
Date   : Sat May  9 09:07:28 2026
****************************************

ErrorSet                                    Total   Visible     Fixed   Ignored
--------------------------------------------------------------------------------
Design : cv32e40p_synth_wrap                376     376         0       0
      Data : zroute.err                     376     376         0       0
            M1 (11)                         107     107         0       0
                Diff net spacing            101     101         0       0
                Off-grid                    4       4           0       0
                Short                       2       2           0       0
            M1 (11)-M2 (13)                 104     104         0       0
                Needs fat contact           104     104         0       0
            M2 (13)                         84      84          0       0
                Less than minimum area      5       5           0       0
                Off-grid                    79      79          0       0
            VIA1 (12)                       81      81          0       0
                Off-grid                    81      81          0       0
1
