DRC representative marker summary

drc_marker_count=376
representative_count=35

By type/layer:
  Needs fat contact | M1 (11)-M2 (13): 104
  Diff net spacing | M1 (11): 101
  Off-grid | VIA1 (12): 81
  Off-grid | M2 (13): 79
  Less than minimum area | M2 (13): 5
  Off-grid | M1 (11): 4
  Short | M1 (11): 2

Top 20um buckets:
  220-240,220-240: 27
  220-240,240-260: 23
  240-260,240-260: 23
  220-240,200-220: 18
  240-260,220-240: 17
  200-220,240-260: 13
  180-200,140-160: 12
  220-240,100-120: 10
  240-260,140-160: 10
  200-220,220-240: 10
  200-220,260-280: 9
  200-220,040-060: 8
  280-300,240-260: 8
  180-200,260-280: 8
  220-240,260-280: 7
  240-260,120-140: 7
  240-260,280-300: 7
  300-320,240-260: 6
  240-260,200-220: 6
  100-120,260-280: 6
