Using libraries: cv32e40p_icc2_lib saed32rvt_tt saed32lvt_tt saed32hvt_tt
Visiting block cv32e40p_icc2_lib:cv32e40p_synth_wrap.design
Design 'cv32e40p_synth_wrap' was successfully linked.

=========================================================
==     Check for PG Net Open  ==
=========================================================


>>>>>> No PG net open

=========================================================
==     Check for global route app-option  ==
=========================================================

>>> The option values are suggested.

Warning: Cell contains tie connections which are not connected to real PG. (ZRT-511)
Message ZRT-825 is limited to 10 by default. Use set_message_info to see more messages of this type.
Message ZRT-030 is limited to 10 by default. Use set_message_info to see more messages of this type.
Message ZRT-539 is limited to 10 by default. Use set_message_info to see more messages of this type.
Message ZRT-780 is limited to 10 by default. Use set_message_info to see more messages of this type.
NEX(Warning): extract.rc_techfile_for_diode_mode_26_thickness not set, will igonre it
Successfully added cut lay CO
Successfully added cut lay VIA1
Successfully added cut lay VIA2
Successfully added cut lay VIA3
Successfully added cut lay VIA4
Successfully added cut lay VIA5
Successfully added cut lay VIA6
Successfully added cut lay VIA7
Successfully added cut lay VIA8
Successfully added cut lay VIARDL
Cell Min-Routing-Layer = M1
Cell Max-Routing-Layer = M8
Turn off antenna since no rule is specified
Information: Option route.detail.force_end_on_preferred_grid will be ignored since none of the layers have preferred grid. (ZRT-703)
Warning: Cannot find a default contact code for layer CO. (ZRT-022)
track auto-fill added 2 tracks on M1
track auto-fill added 2 tracks on M2
track auto-fill added 2 tracks on M3
track auto-fill added 2 tracks on M4
track auto-fill added 2 tracks on M5
track auto-fill added 2 tracks on M6
track auto-fill added 2 tracks on M7
track auto-fill added 2 tracks on M8
track auto-fill added 2 tracks on M9
track auto-fill added 0 tracks on MRDL
Information: Skipping internal port ENL of CGLPPRX2_RVT.frame as it is not physical. (ZRT-585)
Information: Skipping internal port ENL of CGLPPRX8_LVT.frame as it is not physical. (ZRT-585)
Information: Skipping internal port ENL of CGLPPRX8_RVT.frame as it is not physical. (ZRT-585)
Information: Skipping internal port ENL of CGLPPRX2_LVT.frame as it is not physical. (ZRT-585)
Information: Skipping internal port ENL of CGLPPRX2_HVT.frame as it is not physical. (ZRT-585)
Information: Skipping internal port ENL of CGLPPRX8_HVT.frame as it is not physical. (ZRT-585)
Found 0 pin access route guide groups.
Skipping 6 internal pins that are not physical. Set route.common.verbose_level to > 0 and run routing command to get skipped pin names.
Info: number of net_type_blockage: 0 
Information: Via ladder engine would be activated for pattern must join connection in certain commands. Please refer to man-page for the command list. (ZRT-619)
Information: When applicable Min-max layer allow_pin_connection mode will allow paths of length 3.55 outside the layer range. (ZRT-707)
Information: When applicable Min-max layer allow_pin_connection mode will allow paths of length 3.55 outside the layer range on clock nets. (ZRT-718)
Information: When applicable layer based tapering will taper up to 0.00 in distance from the pin. (ZRT-706)
Total number of nets = 18936, of which 0 are not extracted
Total number of open nets = 0, of which 0 are frozen
[DBIn Done] Elapsed real time: 0:00:01 
[DBIn Done] Elapsed cpu  time: sys=0:00:00 usr=0:00:01 total=0:00:01
[DBIn Done] Stage (MB): Used   62  Alloctr   63  Proc   81 
[DBIn Done] Total (MB): Used   65  Alloctr   66  Proc 4188 
Printing options for 'route.common.*'
common.advance_node_timing_driven_mode                  :	 false               
common.allow_pg_as_shield                               :	 true                
common.check_shield                                     :	 true                
common.clock_net_max_layer_mode                         :	 unknown             
common.clock_net_min_layer_mode                         :	 unknown             
common.clock_net_min_max_layer_distance_threshold       :	 0                   
common.clock_topology                                   :	 normal              
common.color_based_dpt_flow                             :	 false               
common.comb_distance                                    :	 2                   
common.concurrent_redundant_via_effort_level            :	 low                 
common.concurrent_redundant_via_mode                    :	 off                 
common.connect_floating_shapes                          :	 false               
common.connect_within_pins_by_layer_name                :	                     
common.create_nets_for_floating_pins_pattern_must_join_via_ladder:	 false               
common.debug_read_patterned_metal_shapes                :	 true                
common.eco_fix_drc_in_changed_area_only                 :	 false               
common.eco_route_concurrent_redundant_via_effort_level  :	 low                 
common.eco_route_concurrent_redundant_via_mode          :	 off                 
common.eco_route_fix_existing_drc                       :	 true                
common.enable_explicit_cut_metal_generation             :	 false               
common.enable_multi_thread                              :	 true                
common.extra_nonpreferred_direction_wire_cost_multiplier_by_layer_name:	                     
common.extra_preferred_direction_wire_cost_multiplier_by_layer_name:	                     
common.extra_via_cost_multiplier_by_layer_name          :	                     
common.extra_via_off_grid_cost_multiplier_by_layer_name :	                     
common.filter_redundant_via_mapping                     :	 true                
common.focus_scenario                                   :	 none                
common.forbid_new_metal_by_layer_name                   :	                     
common.freeze_layer_by_layer_name                       :	                     
common.freeze_via_to_frozen_layer_by_layer_name         :	                     
common.global_backside_max_layer_mode                   :	 soft                
common.global_backside_min_layer_mode                   :	 soft                
common.global_max_layer_mode                            :	 soft                
common.global_min_layer_mode                            :	 soft                
common.high_resistance_flow                             :	 true                
common.ignore_var_spacing_to_blockage                   :	 false               
common.ignore_var_spacing_to_pg                         :	 false               
common.ignore_var_spacing_to_shield                     :	 true                
common.mark_clock_nets_minor_change                     :	 true                
common.min_edge_offset_for_macro_pin_connection_by_layer_name:	                     
common.min_edge_offset_for_top_level_pin_connection_by_layer_name:	                     
common.min_max_layer_distance_threshold                 :	 0                   
common.min_shield_length_by_layer_name                  :	                     
common.ndr_by_delta_voltage                             :	 false               
common.net_max_layer_mode                               :	 hard                
common.net_max_layer_mode_soft_cost                     :	 medium              
common.net_min_layer_mode                               :	 soft                
common.net_min_layer_mode_soft_cost                     :	 medium              
common.number_of_secondary_pg_pin_connections           :	 0                   
common.number_of_vias_over_global_backside_max_layer    :	 1                   
common.number_of_vias_over_global_max_layer             :	 1                   
common.number_of_vias_over_net_max_layer                :	 1                   
common.number_of_vias_under_global_backside_min_layer   :	 1                   
common.number_of_vias_under_global_min_layer            :	 1                   
common.number_of_vias_under_net_min_layer               :	 1                   
common.pg_shield_distance_threshold                     :	 0                   
common.post_detail_route_fix_soft_violations            :	 false               
common.post_detail_route_redundant_via_insertion        :	 off                 
common.post_eco_route_fix_soft_violations               :	 false               
common.post_group_route_fix_soft_violations             :	 false               
common.post_incremental_detail_route_fix_soft_violations:	 false               
common.rc_driven_setup_effort_level                     :	 medium              
common.redundant_via_exclude_weight_group_by_layer_name :	                     
common.redundant_via_include_weight_group_by_layer_name :	                     
common.relax_soft_spacing_outside_min_max_layer         :	 true                
common.reroute_clock_shapes                             :	 false               
common.reroute_user_shapes                              :	 false               
common.reshield_modified_nets                           :	 off                 
common.rotate_default_vias                              :	 true                
common.route_soft_rule_effort_level                     :	 medium              
common.route_top_boundary_mode                          :	 stay_inside         
common.routing_rule_effort_level                        :	                     
common.separate_tie_off_from_secondary_pg               :	 false               
common.shielding_nets                                   :	                     
common.single_connection_to_pins                        :	 off                 
common.soft_rule_weight_to_effort_level_map             :	 {low low} {medium medium} {high high}
common.support_staple_vias_during_routing               :	 false               
common.threshold_noise_ratio                            :	 0.35                
common.tie_off_mode                                     :	 all                 
common.track_auto_fill                                  :	 true                
common.treat_all_cover_cells_as_lib_cells_for_routing   :	 false               
common.treat_via_array_as_big_via                       :	 false               
common.verbose_level                                    :	 1                   
common.via_array_mode                                   :	 all                 
common.via_ladder_top_layer_overrides_net_min_layer     :	 false               
common.via_on_grid_by_layer_name                        :	                     
common.wide_macro_pin_as_fat_wire                       :	 false               
common.wire_on_grid_by_layer_name                       :	                     
common.write_instance_via_color                         :	 false               

Printing options for 'route.detail.*'
detail.allow_default_rule_nets_via_ladder_lower_layer_connection:	 false               
detail.allow_ndr_nets_via_ladder_lower_layer_connection :	 false               
detail.antenna                                          :	 true                
detail.antenna_fixing_preference                        :	 hop_layers          
detail.antenna_on_iteration                             :	 1                   
detail.antenna_verbose_level                            :	 1                   
detail.check_antenna_for_open_nets                      :	 false               
detail.check_antenna_on_diode_pins                      :	 false               
detail.check_antenna_on_pg                              :	 false               
detail.check_patchable_drc_from_fixed_shapes            :	 false               
detail.check_pin_min_area_min_length                    :	 true                
detail.check_port_min_area_min_length                   :	 true                
detail.check_routes_frozen_mode_include_shape_with_attribute_locked:	 false               
detail.continue_after_large_design_rule_value_error     :	 false               
detail.debug_check_cellmap_query_for_diodes             :	 false               
detail.debug_determinism_level                          :	 0                   
detail.default_diode_protection                         :	 0                   
detail.default_gate_size                                :	 -1                  
detail.default_nwell_size                               :	 -1                  
detail.default_port_external_antenna_area               :	 0                   
detail.default_port_external_gate_size                  :	 -1                  
detail.default_port_external_nwell_size                 :	 -1                  
detail.delete_redundant_diodes_during_routing           :	 true                
detail.detail_route_special_design_rule_fixing_stage    :	 late_routing        
detail.diagonal_min_width                               :	 true                
detail.diode_insertion_mode                             :	 new_and_spare       
detail.diode_libcell_names                              :	                     
detail.diode_preference                                 :	 none                
detail.drc_convergence_effort_level                     :	 medium              
detail.eco_max_number_of_iterations                     :	 -1                  
detail.eco_route_special_design_rule_fixing_stage       :	 late_routing        
detail.eco_route_use_soft_spacing_for_timing_optimization:	 true                
detail.elapsed_time_limit                               :	 -1                  
detail.enable_fixing_selective_design_rule_violations_on_fixed_shapes:	 false               
detail.enable_ndr_tapering_on_voltage_rule              :	 true                
detail.enable_separate_pgate_ngate_antenna_ratio_check  :	 false               
detail.fat_metal_forbidden_pitch_effort_level           :	 off                 
detail.force_max_number_iterations                      :	 false               
detail.generate_extra_off_grid_pin_tracks               :	 false               
detail.generate_off_grid_feed_through_tracks            :	 low                 
detail.group_route_special_design_rule_fixing_stage     :	 late_routing        
detail.hop_layers_to_fix_antenna                        :	 true                
detail.ignore_drc                                       :	 {same_net_metal_space false} {same_net_enclosed_cut_space false} {all_same_net_drc_for_frozen_net false}
detail.incremental_detail_route_special_design_rule_fixing_stage:	 late_routing        
detail.insert_diodes_during_routing                     :	 false               
detail.insert_redundant_vias_layer_order_low_to_high    :	 false               
detail.macro_pin_antenna_mode                           :	 normal              
detail.max_antenna_fixing_pin_count_threshold           :	 50                  
detail.max_antenna_pin_count                            :	 -1                  
detail.merge_gates_for_antenna                          :	 true                
detail.min_max_layer_effort_level                       :	 high                
detail.ndr_layer_based_taper_distance_threshold         :	 -1                  
detail.optimize_partition_size_for_drc                  :	 false               
detail.optimize_tie_off_effort_level                    :	 low                 
detail.optimize_wire_via_effort_level                   :	 low                 
detail.pin_taper_mode                                   :	 default_width       
detail.port_antenna_mode                                :	 float               
detail.post_process_special_design_rule_fixing_stage    :	 late_routing        
detail.repair_shorts_over_macros_effort_level           :	 off                 
detail.repair_shorts_over_macros_verbose                :	 false               
detail.report_antenna_for_must_join_port_root           :	 false               
detail.report_drc_totals_by_layer                       :	 false               
detail.report_drc_types_by_layer                        :	 false               
detail.report_hier_antenna_for_must_join_port_root      :	 false               
detail.report_ignore_drc                                :	                     
detail.report_soft_drc_separately                       :	 false               
detail.reuse_filler_locations_for_diodes                :	 true                
detail.save_after_iterations                            :	                     
detail.save_cell_prefix                                 :	 DR                  
detail.shift_diode_locations_for_port_protection        :	 false               
detail.skip_antenna_analysis_for_nets                   :	                     
detail.skip_antenna_fixing_for_nets                     :	                     
detail.timing_driven                                    :	 false               
detail.top_layer_antenna_fix_threshold                  :	 -1                  
detail.topology_eco_effort_level                        :	 off                 
detail.use_default_width_for_min_area_min_len_stub      :	 false               
detail.use_lower_hierarchy_for_port_diodes              :	 false               
detail.use_wide_wire_effort_level                       :	 off                 
detail.use_wide_wire_to_input_pin                       :	 false               
detail.use_wide_wire_to_macro_pin                       :	 false               
detail.use_wide_wire_to_output_pin                      :	 false               
detail.use_wide_wire_to_pad_pin                         :	 same_as_macro_pin   
detail.use_wide_wire_to_port                            :	 same_as_macro_pin   
detail.user_defined_partition                           :	                     
detail.var_spacing_to_same_net                          :	 false               
detail.via_ladder_upper_layer_via_connection_mode       :	 above               

Printing options for 'route.auto_via_ladder.*'
auto_via_ladder.allow_neighbor_ripup_in_dense_area      :	 false               
auto_via_ladder.allow_patching                          :	 true                
auto_via_ladder.allow_samenet_intersection              :	 false               
auto_via_ladder.allow_via_array_as_single_cut           :	 true                
auto_via_ladder.apply_app_options_to_insert_via_ladders_command:	 true                
auto_via_ladder.auto_stagger                            :	 true                
auto_via_ladder.auto_stagger_for_em_via_ladder_max_number_stagger_tracks_per_level:	 15                  
auto_via_ladder.auto_stagger_max_number_stagger_tracks_per_level:	 9                   
auto_via_ladder.bias_top_layer_to_samenet_connection    :	 false               
auto_via_ladder.check_drcs_on_existing_via_ladders      :	 false               
auto_via_ladder.clean                                   :	 false               
auto_via_ladder.connect_within_metal                    :	 false               
auto_via_ladder.connect_within_metal_for_em_via_ladder  :	 true                
auto_via_ladder.connect_within_metal_for_via_ladder     :	 same_as_global      
auto_via_ladder.connect_within_pin_mode                 :	 {all off} {via_ladder off} {pattern_must_join off}
auto_via_ladder.default_width_ndr_promotable_on_nonreserved_tracks:	 true                
auto_via_ladder.enable_em_to_performance_via_ladder_update:	 true                
auto_via_ladder.generate_center_track_on_off_grid_pattern_must_join_pin_shapes:	 false               
auto_via_ladder.generate_track_width_by_layer_name      :	                     
auto_via_ladder.ignore_min_max_layer_constraints        :	 true                
auto_via_ladder.ignore_routing_shape_drcs               :	 true                
auto_via_ladder.misalign_adjacent_pattern_must_join     :	 false               
auto_via_ladder.ndr_mode                                :	 top_layer_only      
auto_via_ladder.pattern_must_join_max_number_stagger_tracks:	                     
auto_via_ladder.pattern_must_join_over_pin_layer        :	 1                   
auto_via_ladder.pin_access_aware                        :	 true                
auto_via_ladder.relax_pin_layer_metal_spacing_rules     :	 true                
auto_via_ladder.report_all_via_ladders                  :	 true                
auto_via_ladder.report_via_ladder_in_area_with_drc_threshold:	 -1                  
auto_via_ladder.shift_vias_on_transition_layers         :	 true                
auto_via_ladder.strictly_honor_cut_table                :	 false               
auto_via_ladder.top_layer_to_samenet_min_nonzero_distance:	 0                   
auto_via_ladder.update_during_route                     :	 true                
auto_via_ladder.update_on_route_eco_nets_only           :	 false               
auto_via_ladder.update_on_route_group_nets_only         :	 true                
auto_via_ladder.update_pattern_must_join_during_route   :	 true                
auto_via_ladder.user_debug                              :	 false               
auto_via_ladder.verbose                                 :	 false               


============================================
==  Check for design                      ==
============================================

>>> No net contains a large number of ports 

>>> No port contains a large number of pins 


================================
==  Check for PG DPT on Track ==
================================
>>>>>> Number of PG rails cross even number of track: 0

============================================
==  Check for PG PreRoute setting         ==
============================================
 No number_of_secondary_pg_pin_connections setting and skip checking 
 
============================================
==             Check for pins             ==
============================================
Warning: pin is off track in the region (271.9750 48.5780) (272.2230 48.6280) on layer M1. (ZRT-761)
Warning: pin is off track in the region (271.9750 61.9540) (272.2230 62.0040) on layer M1. (ZRT-761)
Warning: pin is off track in the region (138.2150 171.9480) (138.4630 171.9980) on layer M1. (ZRT-761)
Warning: pin is off track in the region (128.3210 196.2200) (129.5720 196.2700) on layer M1. (ZRT-761)
Warning: pin is off track in the region (271.9750 232.4980) (272.2230 232.5480) on layer M1. (ZRT-761)
Warning: pin is off track in the region (271.9750 248.8600) (272.2230 248.9100) on layer M1. (ZRT-761)
Warning: pin is off track in the region (129.0100 285.7100) (129.4050 285.7600) on layer M1. (ZRT-761)
Warning: pin is off track in the region (262.6890 288.4820) (263.9400 288.5320) on layer M1. (ZRT-761)

>>>>>> found 8 off track pins

====================================================
== Check for the Cut Metal not on Preferred Grid ==
====================================================

============================================
==  Check for overlap of standard cells   ==
============================================

>>>>>> No overlap of standard cells found

============================================
==     Check for min-grid violations      ==
============================================

  >>>> No Library min-grid violations found

  >>>> No Design min-grid violations found

>>>>>> No min-grid violations found


============================================
==    Check for out-of-boundary ports     ==
============================================

>>>>>> No out-of-boundary error found

============================================
==        Check for blocked ports         ==
============================================

>>>>>> Port might be blocked by layer constraints - min/max and freeze layer settings

>>>>>> Port might be blocked by check port access

>>>>>> No blocked ports found

>>>>>> Net blocked by layer constraints - min/max and freeze layer settings

>>>>>> No blocked nets found

============================================
==     Check for shielding violations     ==
============================================

>>>>>> The following Non-PG net has a shape with shape_use shield_route

>>> No non-PG net has a shape with shape_use shield_route.

>>>>>> The following PG net has shape with shape_use detail_route and shape length is too long.

>>> No PG net has shape with shape_use detail_route and shape length is too long.

>>>>>> The following nets with shield non-default rule has no internal data representation in Zroute.

>>> No nets with shield non-default rule has no internal data representation in Zroute.


>>> No valid P/G net specified in route.common.shielding_nets.

============================================
==     Check for via cut blockage violation   ==
============================================

>>>>>> The following via cut blockages are wrongly treated as real vias.

>>> No via cut blockage is wrongly treated as real via.

============================================
==     Check for custom via definition    ==
============================================

>>> No custom via definition has too many cuts

============================================
==          Check for via master          ==
============================================

>>> The total number of via master definition is 302

===============================================
==     Check non-default rule setting        ==
===============================================

>>> No NDR width is larger than signalRouteMaxWidth

>>> No NDR shield width is larger than signalRouteMaxWidth

======================================================
==     Check redundant duplicated PG shapes         ==
======================================================

>>> No redundant duplicated PG shapes overlap with each other.

=========================================================
==     Check for shapes with no net  ==
=========================================================

>>> No shape with no net.

=========================================================
==     Check for high fanout net  ==
=========================================================

>>> No high fanout net.

===========================================================
==     Check library cell has non-routing layer pins     ==
===========================================================

>>> No cell has non-routing layer pins to be connected.

============================================
==     Check over promoted nets           ==
============================================

>>> No over promoted nets.

End of check_routability
rtapiOptAttrInterf: set attribute check_routability_called=1778225198 
