****************************************
Report : Report drc errors
Design : cv32e40p_synth_wrap
Data   : zroute.err
Type   : error_type
Version: W-2024.09-SP2
Date   : Sat May  9 12:36:55 2026
****************************************

ErrorSet                                    Total   Visible     Fixed   Ignored
--------------------------------------------------------------------------------
Design : cv32e40p_synth_wrap                110     110         0       0
      Data : zroute.err                     110     110         0       0
            Diff net spacing                5       5           0       0
                M1 (11)                     3       3           0       0
                M2 (13)                     2       2           0       0
            Off-grid                        104     104         0       0
                M1 (11)                     1       1           0       0
                M2 (13)                     51      51          0       0
                VIA1 (12)                   52      52          0       0
            Short                           1       1           0       0
                M1 (11)                     1       1           0       0
1
