Blocked access compact summary

line_level_blocked_entries=150

By ref:
    126 SDFFARX1_RVT
     22 MUX41X1_HVT
      2 INVX8_LVT

By pin:
     49 RSTB
     30 SE
     29 Q
     13 CLK
      7 A1
      4 QN
      4 S0
      3 A3
      3 A4
      2 A2
      2 S1
      2 Y
      1 SI
      1 A

By ref/pin:
     49 SDFFARX1_RVT/RSTB
     30 SDFFARX1_RVT/SE
     29 SDFFARX1_RVT/Q
     13 SDFFARX1_RVT/CLK
      7 MUX41X1_HVT/A1
      4 SDFFARX1_RVT/QN
      4 MUX41X1_HVT/S0
      3 MUX41X1_HVT/A3
      3 MUX41X1_HVT/A4
      2 MUX41X1_HVT/A2
      2 MUX41X1_HVT/S1
      1 SDFFARX1_RVT/SI
      1 MUX41X1_HVT/Y
      1 INVX8_LVT/Y
      1 INVX8_LVT/A
