****************************************
Report : Report drc errors
Design : cv32e40p_synth_wrap
Data   : zroute.err
Type   : error_layer
Version: W-2024.09-SP2
Date   : Sat May  9 17:52:30 2026
****************************************

ErrorSet                                    Total   Visible     Fixed   Ignored
--------------------------------------------------------------------------------
Design : cv32e40p_synth_wrap                67      67          0       0
      Data : zroute.err                     67      67          0       0
            M1 (11)                         11      11          0       0
                Diff net spacing            3       3           0       0
                Off-grid                    4       4           0       0
                Short                       4       4           0       0
            M2 (13)                         2       2           0       0
                Diff net spacing            1       1           0       0
                Off-grid                    1       1           0       0
            VIA1 (12)                       54      54          0       0
                Off-grid                    54      54          0       0
1
