Warning: Cell contains tie connections which are not connected to real PG. (ZRT-511)
Cell Min-Routing-Layer = M1
Cell Max-Routing-Layer = M8
Turn off antenna since no rule is specified
Information: Option route.detail.force_end_on_preferred_grid will be ignored since none of the layers have preferred grid. (ZRT-703)
Warning: Cannot find a default contact code for layer CO. (ZRT-022)
Warning: Port VDD of cell cv32e40p_synth_wrap is unplaced.  This may impact routing result. (ZRT-740)
Warning: Port VSS of cell cv32e40p_synth_wrap is unplaced.  This may impact routing result. (ZRT-740)
Warning: Ignore 2 top cell ports with no pins. (ZRT-027)
Skipping 6 internal pins that are not physical. Set route.common.verbose_level to > 0 and run routing command to get skipped pin names.
Info: number of net_type_blockage: 0 
Information: Via ladder engine would be activated for pattern must join connection in certain commands. Please refer to man-page for the command list. (ZRT-619)
Information: When applicable Min-max layer allow_pin_connection mode will allow paths of length 5.32 outside the layer range. (ZRT-707)
Information: When applicable Min-max layer allow_pin_connection mode will allow paths of length 5.32 outside the layer range on clock nets. (ZRT-718)
Information: When applicable layer based tapering will taper up to 0.00 in distance from the pin. (ZRT-706)
Warning: Standard cell pin MUX41X2_HVT/S0 has no valid via regions. (ZRT-044)


Start checking for open nets ... 

Total number of nets = 18476, of which 0 are not extracted
Total number of open nets = 0, of which 0 are frozen

Check 18476 nets, 0 have Errors

[CHECK OPEN NETS] Elapsed real time: 0:00:00 
[CHECK OPEN NETS] Elapsed cpu  time: sys=0:00:00 usr=0:00:00 total=0:00:00
[CHECK OPEN NETS] Stage (MB): Used    0  Alloctr    0  Proc    0 
[CHECK OPEN NETS] Total (MB): Used   62  Alloctr   63  Proc 5250 
Printing options for 'route.common.*'

Printing options for 'route.detail.*'

Printing options for 'route.auto_via_ladder.*'


Begin full DRC check ...

Information: Using 1 threads for routing. (ZRT-444)
Checked	1/25 Partitions, Violations =	21
Checked	2/25 Partitions, Violations =	21
Checked	3/25 Partitions, Violations =	21
Checked	4/25 Partitions, Violations =	37
Checked	5/25 Partitions, Violations =	52
Checked	6/25 Partitions, Violations =	63
Checked	7/25 Partitions, Violations =	72
Checked	8/25 Partitions, Violations =	105
Checked	9/25 Partitions, Violations =	105
Checked	10/25 Partitions, Violations =	106
Checked	11/25 Partitions, Violations =	113
Checked	12/25 Partitions, Violations =	121
Checked	13/25 Partitions, Violations =	124
Checked	14/25 Partitions, Violations =	130
Checked	15/25 Partitions, Violations =	276
Checked	16/25 Partitions, Violations =	288
Checked	17/25 Partitions, Violations =	319
Checked	18/25 Partitions, Violations =	319
Checked	19/25 Partitions, Violations =	323
Checked	20/25 Partitions, Violations =	327
Checked	21/25 Partitions, Violations =	328
Checked	22/25 Partitions, Violations =	328
Checked	23/25 Partitions, Violations =	360
Checked	24/25 Partitions, Violations =	381
Checked	25/25 Partitions, Violations =	398
[DRC CHECK] Elapsed real time: 0:00:07 
[DRC CHECK] Elapsed cpu  time: sys=0:00:00 usr=0:00:07 total=0:00:07
[DRC CHECK] Stage (MB): Used    0  Alloctr    0  Proc    0 
[DRC CHECK] Total (MB): Used  155  Alloctr  157  Proc 5250 
Warning: No antenna rules defined, Skip antenna analysis. (ZRT-309)

DRC-SUMMARY:
	@@@@@@@ TOTAL VIOLATIONS =	398
	Diff net spacing : 120
	Less than minimum area : 8
	Needs fat contact : 99
	Off-grid : 170
	Short : 1


Total Wire Length =                    694563 micron
Total Number of Contacts =             186860
Total Number of Wires =                191126
Total Number of PtConns =              22968
Total Number of Routed Wires =       191071
Total Routed Wire Length =           691939 micron
Total Number of Routed Contacts =       186860
	Layer                 M1 :      29675 micron
	Layer                 M2 :     202028 micron
	Layer                 M3 :     168313 micron
	Layer                 M4 :     126550 micron
	Layer                 M5 :      83953 micron
	Layer                 M6 :      43374 micron
	Layer                 M7 :      30201 micron
	Layer                 M8 :       7844 micron
	Layer                 M9 :          0 micron
	Layer               MRDL :          0 micron
	Via            VIA78SQ_C :        325
	Via       VIA67SQ_C(rot) :       2209
	Via            VIA56SQ_C :       3635
	Via       VIA45SQ_C(rot) :      10993
	Via            VIA34SQ_C :      18216
	Via       VIA34SQ_C(rot) :        146
	Via            VIA23SQ_C :       1181
	Via       VIA23SQ_C(rot) :      75751
	Via            VIA12SQ_C :      69041
	Via       VIA12SQ_C(rot) :       3306
	Via        VIA12SQ_C_2x1 :       1527
	Via   VIA12SQ_C(rot)_1x2 :        111
	Via   VIA12SQ_C(rot)_2x1 :          4
	Via        VIA12SQ_C_1x2 :        301
	Via          VIA12SQ_2x1 :          3
	Via     VIA12SQ(rot)_1x2 :          1
	Via     VIA12SQ(rot)_2x1 :         17
	Via          VIA12SQ_1x2 :         93

 
Redundant via conversion report:
--------------------------------

  Total optimized via conversion rate =  1.10% (2057 / 186860 vias)
 
    Layer VIA1       =  2.76% (2057   / 74404   vias)
        Weight 1     =  2.76% (2057    vias)
        Un-optimized =  0.00% (0       vias)
        Un-mapped    = 97.24% (72347   vias)
    Layer VIA2       =  0.00% (0      / 76932   vias)
        Un-optimized =  0.00% (0       vias)
        Un-mapped    = 100.00% (76932   vias)
    Layer VIA3       =  0.00% (0      / 18362   vias)
        Un-optimized =  0.00% (0       vias)
        Un-mapped    = 100.00% (18362   vias)
    Layer VIA4       =  0.00% (0      / 10993   vias)
        Un-optimized =  0.00% (0       vias)
        Un-mapped    = 100.00% (10993   vias)
    Layer VIA5       =  0.00% (0      / 3635    vias)
        Un-optimized =  0.00% (0       vias)
        Un-mapped    = 100.00% (3635    vias)
    Layer VIA6       =  0.00% (0      / 2209    vias)
        Un-optimized =  0.00% (0       vias)
        Un-mapped    = 100.00% (2209    vias)
    Layer VIA7       =  0.00% (0      / 325     vias)
        Un-optimized =  0.00% (0       vias)
        Un-mapped    = 100.00% (325     vias)
 
  Total double via conversion rate    =  1.10% (2057 / 186860 vias)
 
    Layer VIA1       =  2.76% (2057   / 74404   vias)
    Layer VIA2       =  0.00% (0      / 76932   vias)
    Layer VIA3       =  0.00% (0      / 18362   vias)
    Layer VIA4       =  0.00% (0      / 10993   vias)
    Layer VIA5       =  0.00% (0      / 3635    vias)
    Layer VIA6       =  0.00% (0      / 2209    vias)
    Layer VIA7       =  0.00% (0      / 325     vias)
 
  The optimized via conversion rate based on total routed via count =  1.10% (2057 / 186860 vias)
 
    Layer VIA1       =  2.76% (2057   / 74404   vias)
        Weight 1     =  2.76% (2057    vias)
        Un-optimized =  0.00% (0       vias)
        Un-mapped    = 97.24% (72347   vias)
    Layer VIA2       =  0.00% (0      / 76932   vias)
        Un-optimized =  0.00% (0       vias)
        Un-mapped    = 100.00% (76932   vias)
    Layer VIA3       =  0.00% (0      / 18362   vias)
        Un-optimized =  0.00% (0       vias)
        Un-mapped    = 100.00% (18362   vias)
    Layer VIA4       =  0.00% (0      / 10993   vias)
        Un-optimized =  0.00% (0       vias)
        Un-mapped    = 100.00% (10993   vias)
    Layer VIA5       =  0.00% (0      / 3635    vias)
        Un-optimized =  0.00% (0       vias)
        Un-mapped    = 100.00% (3635    vias)
    Layer VIA6       =  0.00% (0      / 2209    vias)
        Un-optimized =  0.00% (0       vias)
        Un-mapped    = 100.00% (2209    vias)
    Layer VIA7       =  0.00% (0      / 325     vias)
        Un-optimized =  0.00% (0       vias)
        Un-mapped    = 100.00% (325     vias)
 


Verify Summary:

Total number of nets = 18476, of which 0 are not extracted
Total number of open nets = 0, of which 0 are frozen
Total number of excluded ports = 0 ports of 0 unplaced cells connected to 0 nets
                                 0 ports without pins of 0 cells connected to 0 nets
                                 0 ports of 0 cover cells connected to 0 non-pg nets
Total number of DRCs = 398
Total number of antenna violations = no antenna rules defined
Total number of tie to rail violations = not checked
Total number of tie to rail directly violations = not checked


