Information: Updating design information... (UID-85)
 
****************************************
Report : qor
Design : cv32e40p_synth_wrap
Version: W-2024.09-SP5-5
Date   : Sat May  9 11:56:11 2026
****************************************


  Timing Path Group 'clk_i'
  -----------------------------------
  Levels of Logic:              62.00
  Critical Path Length:          8.13
  Critical Path Slack:           1.69
  Critical Path Clk Period:     10.00
  Total Negative Slack:          0.00
  No. of Violating Paths:        0.00
  Worst Hold Violation:          0.00
  Total Hold Violation:          0.00
  No. of Hold Violations:        0.00
  -----------------------------------


  Cell Count
  -----------------------------------
  Hierarchical Cell Count:         76
  Hierarchical Port Count:       3463
  Leaf Cell Count:              13799
  Buf/Inv Cell Count:            1569
  Buf Cell Count:                 486
  Inv Cell Count:                1083
  CT Buf/Inv Cell Count:            0
  Combinational Cell Count:     11595
  Sequential Cell Count:         2204
  Macro Count:                      0
  -----------------------------------


  Area
  -----------------------------------
  Combinational Area:    29514.251070
  Noncombinational Area: 15795.049899
  Buf/Inv Area:           2458.843239
  Total Buffer Area:          1064.36
  Total Inverter Area:        1394.49
  Macro/Black Box Area:      0.000000
  Net Area:                  0.000000
  Net XLength        :      211265.95
  Net YLength        :      232786.59
  -----------------------------------
  Cell Area:             45309.300969
  Design Area:           45309.300969
  Net Length        :       444052.56


  Design Rules
  -----------------------------------
  Total Number of Nets:         14905
  Nets With Violations:          1017
  Max Trans Violations:           356
  Max Cap Violations:            1016
  -----------------------------------


  Hostname: SGP3

  Compile CPU Statistics
  -----------------------------------------
  Resource Sharing:                    5.45
  Logic Optimization:                  4.23
  Mapping Optimization:               14.53
  -----------------------------------------
  Overall Compile Time:               71.62
  Overall Compile Wall Clock Time:    73.48

  --------------------------------------------------------------------

  Design  WNS: 0.00  TNS: 0.00  Number of Violating Paths: 0


  Design (Hold)  WNS: 0.00  TNS: 0.00  Number of Violating Paths: 0

  --------------------------------------------------------------------


1
