****************************************
Report : clock timing
        -type latency
        -launch
        -nworst 20
        -setup
Design : cv32e40p_synth_wrap
Version: W-2024.09-SP2
Date   : Sat May  9 13:06:08 2026
****************************************

  Mode: default
  Clock: clk_i

                                                 --- Latency ---
  Clock Pin                             Trans   Source   Offset  Network    Total            Corner
---------------------------------------------------------------------------------------------------
  u_core/core_i/id_stage_i/register_file_i/mem_reg[19][28]/CLK
                                         0.09     0.00       --     0.35     0.35 rp-+      default
  u_core/core_i/id_stage_i/register_file_i/mem_reg[19][1]/CLK
                                         0.09     0.00       --     0.35     0.35 rp-+      default
  u_core/core_i/id_stage_i/register_file_i/mem_reg[19][17]/CLK
                                         0.09     0.00       --     0.35     0.35 rp-+      default
  u_core/core_i/id_stage_i/register_file_i/mem_reg[19][4]/CLK
                                         0.09     0.00       --     0.35     0.35 rp-+      default
  u_core/core_i/id_stage_i/register_file_i/mem_reg[19][16]/CLK
                                         0.09     0.00       --     0.35     0.35 rp-+      default
  u_core/core_i/id_stage_i/register_file_i/mem_reg[19][15]/CLK
                                         0.09     0.00       --     0.35     0.35 rp-+      default
  u_core/core_i/id_stage_i/register_file_i/mem_reg[19][3]/CLK
                                         0.09     0.00       --     0.35     0.35 rp-+      default
  u_core/core_i/id_stage_i/register_file_i/mem_reg[19][10]/CLK
                                         0.09     0.00       --     0.35     0.35 rp-+      default
  u_core/core_i/id_stage_i/register_file_i/mem_reg[19][0]/CLK
                                         0.09     0.00       --     0.35     0.35 rp-+      default
  u_core/core_i/id_stage_i/register_file_i/mem_reg[19][5]/CLK
                                         0.09     0.00       --     0.35     0.35 rp-+      default
  u_core/core_i/id_stage_i/register_file_i/mem_reg[19][12]/CLK
                                         0.09     0.00       --     0.35     0.35 rp-+      default
  u_core/core_i/id_stage_i/register_file_i/mem_reg[19][11]/CLK
                                         0.09     0.00       --     0.35     0.35 rp-+      default
  u_core/core_i/id_stage_i/register_file_i/mem_reg[19][9]/CLK
                                         0.09     0.00       --     0.35     0.35 rp-+      default
  u_core/core_i/id_stage_i/register_file_i/mem_reg[19][8]/CLK
                                         0.09     0.00       --     0.35     0.35 rp-+      default
  u_core/core_i/id_stage_i/register_file_i/mem_reg[19][7]/CLK
                                         0.09     0.00       --     0.35     0.35 rp-+      default
  u_core/core_i/id_stage_i/register_file_i/mem_reg[19][6]/CLK
                                         0.09     0.00       --     0.35     0.35 rp-+      default
  u_core/core_i/id_stage_i/register_file_i/mem_reg[19][27]/CLK
                                         0.09     0.00       --     0.35     0.35 rp-+      default
  u_core/core_i/id_stage_i/register_file_i/mem_reg[19][24]/CLK
                                         0.09     0.00       --     0.35     0.35 rp-+      default
  u_core/core_i/id_stage_i/register_file_i/mem_reg[19][18]/CLK
                                         0.09     0.00       --     0.35     0.35 rp-+      default
  u_core/core_i/id_stage_i/register_file_i/mem_reg[19][22]/CLK
                                         0.09     0.00       --     0.35     0.35 rp-+      default
---------------------------------------------------------------------------------------------------
1
