****************************************
Report : timing
        -path_type full
        -delay_type min
        -max_paths 20
        -report_by design
Design : cv32e40p_synth_wrap
Version: W-2024.09-SP2
Date   : Fri May  8 19:49:25 2026
****************************************

  Startpoint: u_core/core_i/if_stage_i/aligner_i/pc_q_reg[25] (rising edge-triggered flip-flop clocked by clk_i)
  Endpoint: u_core/core_i/if_stage_i/pc_id_o_reg[25] (rising edge-triggered flip-flop clocked by clk_i)
  Mode: default
  Corner: default
  Scenario: default
  Path Group: clk_i
  Path Type: min

  Point                                            Incr      Path  
  ------------------------------------------------------------------------
  clock clk_i (rise edge)                          0.00      0.00
  clock network delay (propagated)                 0.31      0.31

  u_core/core_i/if_stage_i/aligner_i/pc_q_reg[25]/CLK (SDFFARX1_RVT)
                                                   0.00      0.31 r
  u_core/core_i/if_stage_i/aligner_i/pc_q_reg[25]/Q (SDFFARX1_RVT)
                                                   0.13      0.44 f
  u_core/core_i/if_stage_i/pc_id_o_reg[25]/D (SDFFARX1_RVT)
                                                   0.00      0.44 f
  data arrival time                                          0.44

  clock clk_i (rise edge)                          0.00      0.00
  clock network delay (propagated)                 0.37      0.37
  u_core/core_i/if_stage_i/pc_id_o_reg[25]/CLK (SDFFARX1_RVT)
                                                   0.00      0.37 r
  clock uncertainty                                0.10      0.47
  library hold time                               -0.04      0.43
  data required time                                         0.43
  ------------------------------------------------------------------------
  data required time                                         0.43
  data arrival time                                         -0.44
  ------------------------------------------------------------------------
  slack (MET)                                                0.01



  Startpoint: u_core/core_i/id_stage_i/regfile_waddr_ex_o_reg[3] (rising edge-triggered flip-flop clocked by clk_i)
  Endpoint: u_core/core_i/ex_stage_i/regfile_waddr_lsu_reg[3] (rising edge-triggered flip-flop clocked by clk_i)
  Mode: default
  Corner: default
  Scenario: default
  Path Group: clk_i
  Path Type: min

  Point                                            Incr      Path  
  ------------------------------------------------------------------------
  clock clk_i (rise edge)                          0.00      0.00
  clock network delay (propagated)                 0.30      0.30

  u_core/core_i/id_stage_i/regfile_waddr_ex_o_reg[3]/CLK (SDFFARX1_RVT)
                                                   0.00      0.30 r
  u_core/core_i/id_stage_i/regfile_waddr_ex_o_reg[3]/QN (SDFFARX1_RVT)
                                                   0.09      0.39 f
  u_core/core_i/U5027/Y (INVX1_HVT)                0.02      0.41 r
  u_core/core_i/ex_stage_i/regfile_waddr_lsu_reg[3]/D (SDFFARX1_RVT)
                                                   0.00      0.41 r
  data arrival time                                          0.41

  clock clk_i (rise edge)                          0.00      0.00
  clock network delay (propagated)                 0.32      0.32
  u_core/core_i/ex_stage_i/regfile_waddr_lsu_reg[3]/CLK (SDFFARX1_RVT)
                                                   0.00      0.32 r
  clock uncertainty                                0.10      0.42
  library hold time                               -0.04      0.38
  data required time                                         0.38
  ------------------------------------------------------------------------
  data required time                                         0.38
  data arrival time                                         -0.41
  ------------------------------------------------------------------------
  slack (MET)                                                0.04



  Startpoint: u_core/core_i/id_stage_i/regfile_waddr_ex_o_reg[0] (rising edge-triggered flip-flop clocked by clk_i)
  Endpoint: u_core/core_i/ex_stage_i/regfile_waddr_lsu_reg[0] (rising edge-triggered flip-flop clocked by clk_i)
  Mode: default
  Corner: default
  Scenario: default
  Path Group: clk_i
  Path Type: min

  Point                                            Incr      Path  
  ------------------------------------------------------------------------
  clock clk_i (rise edge)                          0.00      0.00
  clock network delay (propagated)                 0.30      0.30

  u_core/core_i/id_stage_i/regfile_waddr_ex_o_reg[0]/CLK (SDFFARX1_RVT)
                                                   0.00      0.30 r
  u_core/core_i/id_stage_i/regfile_waddr_ex_o_reg[0]/QN (SDFFARX1_RVT)
                                                   0.09      0.39 f
  u_core/core_i/U5024/Y (INVX1_HVT)                0.03      0.41 r
  u_core/core_i/ex_stage_i/regfile_waddr_lsu_reg[0]/D (SDFFARX1_RVT)
                                                   0.00      0.41 r
  data arrival time                                          0.41

  clock clk_i (rise edge)                          0.00      0.00
  clock network delay (propagated)                 0.32      0.32
  u_core/core_i/ex_stage_i/regfile_waddr_lsu_reg[0]/CLK (SDFFARX1_RVT)
                                                   0.00      0.32 r
  clock uncertainty                                0.10      0.42
  library hold time                               -0.04      0.38
  data required time                                         0.38
  ------------------------------------------------------------------------
  data required time                                         0.38
  data arrival time                                         -0.41
  ------------------------------------------------------------------------
  slack (MET)                                                0.04



  Startpoint: u_core/core_i/id_stage_i/controller_i/debug_force_wakeup_q_reg (rising edge-triggered flip-flop clocked by clk_i)
  Endpoint: u_core/core_i/cs_registers_i/dcsr_q_reg[cause][7] (rising edge-triggered flip-flop clocked by clk_i)
  Mode: default
  Corner: default
  Scenario: default
  Path Group: clk_i
  Path Type: min

  Point                                            Incr      Path  
  ------------------------------------------------------------------------
  clock clk_i (rise edge)                          0.00      0.00
  clock network delay (propagated)                 0.23      0.23

  u_core/core_i/id_stage_i/controller_i/debug_force_wakeup_q_reg/CLK (SDFFARX1_RVT)
                                                   0.00      0.23 r
  u_core/core_i/id_stage_i/controller_i/debug_force_wakeup_q_reg/Q (SDFFARX1_RVT)
                                                   0.12      0.34 f
  u_core/core_i/id_stage_i/U3199/Y (AO22X1_HVT)    0.08      0.42 f
  u_core/core_i/cs_registers_i/dcsr_q_reg[cause][7]/D (SDFFARX1_RVT)
                                                   0.00      0.42 f
  data arrival time                                          0.42

  clock clk_i (rise edge)                          0.00      0.00
  clock network delay (propagated)                 0.31      0.31
  u_core/core_i/cs_registers_i/dcsr_q_reg[cause][7]/CLK (SDFFARX1_RVT)
                                                   0.00      0.31 r
  clock uncertainty                                0.10      0.41
  library hold time                               -0.04      0.37
  data required time                                         0.37
  ------------------------------------------------------------------------
  data required time                                         0.37
  data arrival time                                         -0.42
  ------------------------------------------------------------------------
  slack (MET)                                                0.05



  Startpoint: u_core/core_i/if_stage_i/aligner_i/pc_q_reg[26] (rising edge-triggered flip-flop clocked by clk_i)
  Endpoint: u_core/core_i/if_stage_i/pc_id_o_reg[26] (rising edge-triggered flip-flop clocked by clk_i)
  Mode: default
  Corner: default
  Scenario: default
  Path Group: clk_i
  Path Type: min

  Point                                            Incr      Path  
  ------------------------------------------------------------------------
  clock clk_i (rise edge)                          0.00      0.00
  clock network delay (propagated)                 0.32      0.32

  u_core/core_i/if_stage_i/aligner_i/pc_q_reg[26]/CLK (SDFFARX1_RVT)
                                                   0.00      0.32 r
  u_core/core_i/if_stage_i/aligner_i/pc_q_reg[26]/Q (SDFFARX1_RVT)
                                                   0.11      0.43 f
  u_core/core_i/ZBUF_85_inst_2728/Y (NBUFFX2_HVT)
                                                   0.05      0.48 f
  u_core/core_i/if_stage_i/pc_id_o_reg[26]/D (SDFFARX1_RVT)
                                                   0.00      0.48 f
  data arrival time                                          0.48

  clock clk_i (rise edge)                          0.00      0.00
  clock network delay (propagated)                 0.37      0.37
  u_core/core_i/if_stage_i/pc_id_o_reg[26]/CLK (SDFFARX1_RVT)
                                                   0.00      0.37 r
  clock uncertainty                                0.10      0.47
  library hold time                               -0.04      0.43
  data required time                                         0.43
  ------------------------------------------------------------------------
  data required time                                         0.43
  data arrival time                                         -0.48
  ------------------------------------------------------------------------
  slack (MET)                                                0.05



  Startpoint: u_core/core_i/if_stage_i/aligner_i/pc_q_reg[27] (rising edge-triggered flip-flop clocked by clk_i)
  Endpoint: u_core/core_i/if_stage_i/pc_id_o_reg[27] (rising edge-triggered flip-flop clocked by clk_i)
  Mode: default
  Corner: default
  Scenario: default
  Path Group: clk_i
  Path Type: min

  Point                                            Incr      Path  
  ------------------------------------------------------------------------
  clock clk_i (rise edge)                          0.00      0.00
  clock network delay (propagated)                 0.31      0.31

  u_core/core_i/if_stage_i/aligner_i/pc_q_reg[27]/CLK (SDFFARX1_RVT)
                                                   0.00      0.31 r
  u_core/core_i/if_stage_i/aligner_i/pc_q_reg[27]/Q (SDFFARX1_RVT)
                                                   0.11      0.43 f
  u_core/core_i/ZBUF_91_inst_3074/Y (NBUFFX2_HVT)
                                                   0.06      0.48 f
  u_core/core_i/if_stage_i/pc_id_o_reg[27]/D (SDFFARX1_RVT)
                                                   0.00      0.48 f
  data arrival time                                          0.48

  clock clk_i (rise edge)                          0.00      0.00
  clock network delay (propagated)                 0.37      0.37
  u_core/core_i/if_stage_i/pc_id_o_reg[27]/CLK (SDFFARX1_RVT)
                                                   0.00      0.37 r
  clock uncertainty                                0.10      0.47
  library hold time                               -0.04      0.43
  data required time                                         0.43
  ------------------------------------------------------------------------
  data required time                                         0.43
  data arrival time                                         -0.48
  ------------------------------------------------------------------------
  slack (MET)                                                0.05



  Startpoint: u_core/core_i/if_stage_i/aligner_i/pc_q_reg[21] (rising edge-triggered flip-flop clocked by clk_i)
  Endpoint: u_core/core_i/if_stage_i/pc_id_o_reg[21] (rising edge-triggered flip-flop clocked by clk_i)
  Mode: default
  Corner: default
  Scenario: default
  Path Group: clk_i
  Path Type: min

  Point                                            Incr      Path  
  ------------------------------------------------------------------------
  clock clk_i (rise edge)                          0.00      0.00
  clock network delay (propagated)                 0.31      0.31

  u_core/core_i/if_stage_i/aligner_i/pc_q_reg[21]/CLK (SDFFARX1_RVT)
                                                   0.00      0.31 r
  u_core/core_i/if_stage_i/aligner_i/pc_q_reg[21]/Q (SDFFARX1_RVT)
                                                   0.11      0.43 f
  u_core/core_i/ZBUF_70_inst_2208/Y (NBUFFX2_HVT)
                                                   0.05      0.48 f
  u_core/core_i/if_stage_i/pc_id_o_reg[21]/D (SDFFARX1_RVT)
                                                   0.00      0.48 f
  data arrival time                                          0.48

  clock clk_i (rise edge)                          0.00      0.00
  clock network delay (propagated)                 0.37      0.37
  u_core/core_i/if_stage_i/pc_id_o_reg[21]/CLK (SDFFARX1_RVT)
                                                   0.00      0.37 r
  clock uncertainty                                0.10      0.47
  library hold time                               -0.04      0.43
  data required time                                         0.43
  ------------------------------------------------------------------------
  data required time                                         0.43
  data arrival time                                         -0.48
  ------------------------------------------------------------------------
  slack (MET)                                                0.05



  Startpoint: u_core/core_i/if_stage_i/aligner_i/pc_q_reg[30] (rising edge-triggered flip-flop clocked by clk_i)
  Endpoint: u_core/core_i/if_stage_i/pc_id_o_reg[30] (rising edge-triggered flip-flop clocked by clk_i)
  Mode: default
  Corner: default
  Scenario: default
  Path Group: clk_i
  Path Type: min

  Point                                            Incr      Path  
  ------------------------------------------------------------------------
  clock clk_i (rise edge)                          0.00      0.00
  clock network delay (propagated)                 0.31      0.31

  u_core/core_i/if_stage_i/aligner_i/pc_q_reg[30]/CLK (SDFFARX1_RVT)
                                                   0.00      0.31 r
  u_core/core_i/if_stage_i/aligner_i/pc_q_reg[30]/Q (SDFFARX1_RVT)
                                                   0.11      0.43 f
  u_core/core_i/ZBUF_89_inst_2140/Y (NBUFFX2_HVT)
                                                   0.06      0.48 f
  u_core/core_i/if_stage_i/pc_id_o_reg[30]/D (SDFFARX1_RVT)
                                                   0.00      0.48 f
  data arrival time                                          0.48

  clock clk_i (rise edge)                          0.00      0.00
  clock network delay (propagated)                 0.37      0.37
  u_core/core_i/if_stage_i/pc_id_o_reg[30]/CLK (SDFFARX1_RVT)
                                                   0.00      0.37 r
  clock uncertainty                                0.10      0.47
  library hold time                               -0.04      0.43
  data required time                                         0.43
  ------------------------------------------------------------------------
  data required time                                         0.43
  data arrival time                                         -0.48
  ------------------------------------------------------------------------
  slack (MET)                                                0.05



  Startpoint: u_core/core_i/if_stage_i/aligner_i/pc_q_reg[19] (rising edge-triggered flip-flop clocked by clk_i)
  Endpoint: u_core/core_i/if_stage_i/pc_id_o_reg[19] (rising edge-triggered flip-flop clocked by clk_i)
  Mode: default
  Corner: default
  Scenario: default
  Path Group: clk_i
  Path Type: min

  Point                                            Incr      Path  
  ------------------------------------------------------------------------
  clock clk_i (rise edge)                          0.00      0.00
  clock network delay (propagated)                 0.32      0.32

  u_core/core_i/if_stage_i/aligner_i/pc_q_reg[19]/CLK (SDFFARX1_RVT)
                                                   0.00      0.32 r
  u_core/core_i/if_stage_i/aligner_i/pc_q_reg[19]/Q (SDFFARX1_RVT)
                                                   0.11      0.43 f
  u_core/core_i/ZBUF_86_inst_1634/Y (NBUFFX2_HVT)
                                                   0.06      0.48 f
  u_core/core_i/if_stage_i/pc_id_o_reg[19]/D (SDFFARX1_RVT)
                                                   0.00      0.48 f
  data arrival time                                          0.48

  clock clk_i (rise edge)                          0.00      0.00
  clock network delay (propagated)                 0.37      0.37
  u_core/core_i/if_stage_i/pc_id_o_reg[19]/CLK (SDFFARX1_RVT)
                                                   0.00      0.37 r
  clock uncertainty                                0.10      0.47
  library hold time                               -0.04      0.43
  data required time                                         0.43
  ------------------------------------------------------------------------
  data required time                                         0.43
  data arrival time                                         -0.48
  ------------------------------------------------------------------------
  slack (MET)                                                0.05



  Startpoint: u_core/core_i/if_stage_i/aligner_i/pc_q_reg[14] (rising edge-triggered flip-flop clocked by clk_i)
  Endpoint: u_core/core_i/if_stage_i/pc_id_o_reg[14] (rising edge-triggered flip-flop clocked by clk_i)
  Mode: default
  Corner: default
  Scenario: default
  Path Group: clk_i
  Path Type: min

  Point                                            Incr      Path  
  ------------------------------------------------------------------------
  clock clk_i (rise edge)                          0.00      0.00
  clock network delay (propagated)                 0.32      0.32

  u_core/core_i/if_stage_i/aligner_i/pc_q_reg[14]/CLK (SDFFARX1_RVT)
                                                   0.00      0.32 r
  u_core/core_i/if_stage_i/aligner_i/pc_q_reg[14]/Q (SDFFARX1_RVT)
                                                   0.11      0.43 f
  u_core/core_i/ZBUF_112_inst_3287/Y (NBUFFX2_HVT)
                                                   0.06      0.48 f
  u_core/core_i/if_stage_i/pc_id_o_reg[14]/D (SDFFARX1_RVT)
                                                   0.00      0.48 f
  data arrival time                                          0.48

  clock clk_i (rise edge)                          0.00      0.00
  clock network delay (propagated)                 0.37      0.37
  u_core/core_i/if_stage_i/pc_id_o_reg[14]/CLK (SDFFARX1_RVT)
                                                   0.00      0.37 r
  clock uncertainty                                0.10      0.47
  library hold time                               -0.04      0.43
  data required time                                         0.43
  ------------------------------------------------------------------------
  data required time                                         0.43
  data arrival time                                         -0.48
  ------------------------------------------------------------------------
  slack (MET)                                                0.05



  Startpoint: u_core/core_i/if_stage_i/aligner_i/pc_q_reg[31] (rising edge-triggered flip-flop clocked by clk_i)
  Endpoint: u_core/core_i/if_stage_i/pc_id_o_reg[31] (rising edge-triggered flip-flop clocked by clk_i)
  Mode: default
  Corner: default
  Scenario: default
  Path Group: clk_i
  Path Type: min

  Point                                            Incr      Path  
  ------------------------------------------------------------------------
  clock clk_i (rise edge)                          0.00      0.00
  clock network delay (propagated)                 0.31      0.31

  u_core/core_i/if_stage_i/aligner_i/pc_q_reg[31]/CLK (SDFFARX1_RVT)
                                                   0.00      0.31 r
  u_core/core_i/if_stage_i/aligner_i/pc_q_reg[31]/Q (SDFFARX1_RVT)
                                                   0.11      0.42 f
  u_core/core_i/ZBUF_136_inst_1930/Y (NBUFFX2_HVT)
                                                   0.06      0.48 f
  u_core/core_i/if_stage_i/pc_id_o_reg[31]/D (SDFFARX1_RVT)
                                                   0.00      0.48 f
  data arrival time                                          0.48

  clock clk_i (rise edge)                          0.00      0.00
  clock network delay (propagated)                 0.37      0.37
  u_core/core_i/if_stage_i/pc_id_o_reg[31]/CLK (SDFFARX1_RVT)
                                                   0.00      0.37 r
  clock uncertainty                                0.10      0.47
  library hold time                               -0.04      0.43
  data required time                                         0.43
  ------------------------------------------------------------------------
  data required time                                         0.43
  data arrival time                                         -0.48
  ------------------------------------------------------------------------
  slack (MET)                                                0.05



  Startpoint: u_core/core_i/if_stage_i/aligner_i/pc_q_reg[28] (rising edge-triggered flip-flop clocked by clk_i)
  Endpoint: u_core/core_i/if_stage_i/pc_id_o_reg[28] (rising edge-triggered flip-flop clocked by clk_i)
  Mode: default
  Corner: default
  Scenario: default
  Path Group: clk_i
  Path Type: min

  Point                                            Incr      Path  
  ------------------------------------------------------------------------
  clock clk_i (rise edge)                          0.00      0.00
  clock network delay (propagated)                 0.31      0.31

  u_core/core_i/if_stage_i/aligner_i/pc_q_reg[28]/CLK (SDFFARX1_RVT)
                                                   0.00      0.31 r
  u_core/core_i/if_stage_i/aligner_i/pc_q_reg[28]/Q (SDFFARX1_RVT)
                                                   0.12      0.43 f
  u_core/core_i/ZBUF_77_inst_2604/Y (NBUFFX2_HVT)
                                                   0.06      0.49 f
  u_core/core_i/if_stage_i/pc_id_o_reg[28]/D (SDFFARX1_RVT)
                                                   0.00      0.49 f
  data arrival time                                          0.49

  clock clk_i (rise edge)                          0.00      0.00
  clock network delay (propagated)                 0.37      0.37
  u_core/core_i/if_stage_i/pc_id_o_reg[28]/CLK (SDFFARX1_RVT)
                                                   0.00      0.37 r
  clock uncertainty                                0.10      0.47
  library hold time                               -0.04      0.43
  data required time                                         0.43
  ------------------------------------------------------------------------
  data required time                                         0.43
  data arrival time                                         -0.49
  ------------------------------------------------------------------------
  slack (MET)                                                0.05



  Startpoint: u_core/core_i/if_stage_i/aligner_i/pc_q_reg[20] (rising edge-triggered flip-flop clocked by clk_i)
  Endpoint: u_core/core_i/if_stage_i/pc_id_o_reg[20] (rising edge-triggered flip-flop clocked by clk_i)
  Mode: default
  Corner: default
  Scenario: default
  Path Group: clk_i
  Path Type: min

  Point                                            Incr      Path  
  ------------------------------------------------------------------------
  clock clk_i (rise edge)                          0.00      0.00
  clock network delay (propagated)                 0.32      0.32

  u_core/core_i/if_stage_i/aligner_i/pc_q_reg[20]/CLK (SDFFARX1_RVT)
                                                   0.00      0.32 r
  u_core/core_i/if_stage_i/aligner_i/pc_q_reg[20]/Q (SDFFARX1_RVT)
                                                   0.11      0.43 f
  u_core/core_i/ZBUF_79_inst_1821/Y (NBUFFX2_HVT)
                                                   0.06      0.49 f
  u_core/core_i/if_stage_i/pc_id_o_reg[20]/D (SDFFARX1_RVT)
                                                   0.00      0.49 f
  data arrival time                                          0.49

  clock clk_i (rise edge)                          0.00      0.00
  clock network delay (propagated)                 0.37      0.37
  u_core/core_i/if_stage_i/pc_id_o_reg[20]/CLK (SDFFARX1_RVT)
                                                   0.00      0.37 r
  clock uncertainty                                0.10      0.47
  library hold time                               -0.04      0.43
  data required time                                         0.43
  ------------------------------------------------------------------------
  data required time                                         0.43
  data arrival time                                         -0.49
  ------------------------------------------------------------------------
  slack (MET)                                                0.05



  Startpoint: u_core/core_i/if_stage_i/aligner_i/pc_q_reg[29] (rising edge-triggered flip-flop clocked by clk_i)
  Endpoint: u_core/core_i/if_stage_i/pc_id_o_reg[29] (rising edge-triggered flip-flop clocked by clk_i)
  Mode: default
  Corner: default
  Scenario: default
  Path Group: clk_i
  Path Type: min

  Point                                            Incr      Path  
  ------------------------------------------------------------------------
  clock clk_i (rise edge)                          0.00      0.00
  clock network delay (propagated)                 0.31      0.31

  u_core/core_i/if_stage_i/aligner_i/pc_q_reg[29]/CLK (SDFFARX1_RVT)
                                                   0.00      0.31 r
  u_core/core_i/if_stage_i/aligner_i/pc_q_reg[29]/Q (SDFFARX1_RVT)
                                                   0.11      0.43 f
  u_core/core_i/ZBUF_64_inst_2474/Y (NBUFFX2_HVT)
                                                   0.06      0.49 f
  u_core/core_i/if_stage_i/pc_id_o_reg[29]/D (SDFFARX1_RVT)
                                                   0.00      0.49 f
  data arrival time                                          0.49

  clock clk_i (rise edge)                          0.00      0.00
  clock network delay (propagated)                 0.37      0.37
  u_core/core_i/if_stage_i/pc_id_o_reg[29]/CLK (SDFFARX1_RVT)
                                                   0.00      0.37 r
  clock uncertainty                                0.10      0.47
  library hold time                               -0.04      0.43
  data required time                                         0.43
  ------------------------------------------------------------------------
  data required time                                         0.43
  data arrival time                                         -0.49
  ------------------------------------------------------------------------
  slack (MET)                                                0.05



  Startpoint: u_core/core_i/if_stage_i/aligner_i/pc_q_reg[23] (rising edge-triggered flip-flop clocked by clk_i)
  Endpoint: u_core/core_i/if_stage_i/pc_id_o_reg[23] (rising edge-triggered flip-flop clocked by clk_i)
  Mode: default
  Corner: default
  Scenario: default
  Path Group: clk_i
  Path Type: min

  Point                                            Incr      Path  
  ------------------------------------------------------------------------
  clock clk_i (rise edge)                          0.00      0.00
  clock network delay (propagated)                 0.32      0.32

  u_core/core_i/if_stage_i/aligner_i/pc_q_reg[23]/CLK (SDFFARX1_RVT)
                                                   0.00      0.32 r
  u_core/core_i/if_stage_i/aligner_i/pc_q_reg[23]/Q (SDFFARX1_RVT)
                                                   0.11      0.43 f
  u_core/core_i/ZBUF_70_inst_2850/Y (NBUFFX2_HVT)
                                                   0.06      0.49 f
  u_core/core_i/if_stage_i/pc_id_o_reg[23]/D (SDFFARX1_RVT)
                                                   0.00      0.49 f
  data arrival time                                          0.49

  clock clk_i (rise edge)                          0.00      0.00
  clock network delay (propagated)                 0.37      0.37
  u_core/core_i/if_stage_i/pc_id_o_reg[23]/CLK (SDFFARX1_RVT)
                                                   0.00      0.37 r
  clock uncertainty                                0.10      0.47
  library hold time                               -0.04      0.43
  data required time                                         0.43
  ------------------------------------------------------------------------
  data required time                                         0.43
  data arrival time                                         -0.49
  ------------------------------------------------------------------------
  slack (MET)                                                0.05



  Startpoint: u_core/core_i/if_stage_i/aligner_i/pc_q_reg[4] (rising edge-triggered flip-flop clocked by clk_i)
  Endpoint: u_core/core_i/if_stage_i/pc_id_o_reg[4] (rising edge-triggered flip-flop clocked by clk_i)
  Mode: default
  Corner: default
  Scenario: default
  Path Group: clk_i
  Path Type: min

  Point                                            Incr      Path  
  ------------------------------------------------------------------------
  clock clk_i (rise edge)                          0.00      0.00
  clock network delay (propagated)                 0.31      0.31

  u_core/core_i/if_stage_i/aligner_i/pc_q_reg[4]/CLK (SDFFARX1_RVT)
                                                   0.00      0.31 r
  u_core/core_i/if_stage_i/aligner_i/pc_q_reg[4]/Q (SDFFARX1_RVT)
                                                   0.11      0.43 f
  u_core/core_i/ZBUF_38_inst_1761/Y (NBUFFX2_HVT)
                                                   0.06      0.49 f
  u_core/core_i/if_stage_i/pc_id_o_reg[4]/D (SDFFARX1_RVT)
                                                   0.00      0.49 f
  data arrival time                                          0.49

  clock clk_i (rise edge)                          0.00      0.00
  clock network delay (propagated)                 0.37      0.37
  u_core/core_i/if_stage_i/pc_id_o_reg[4]/CLK (SDFFARX1_RVT)
                                                   0.00      0.37 r
  clock uncertainty                                0.10      0.47
  library hold time                               -0.04      0.43
  data required time                                         0.43
  ------------------------------------------------------------------------
  data required time                                         0.43
  data arrival time                                         -0.49
  ------------------------------------------------------------------------
  slack (MET)                                                0.05



  Startpoint: u_core/core_i/if_stage_i/aligner_i/pc_q_reg[24] (rising edge-triggered flip-flop clocked by clk_i)
  Endpoint: u_core/core_i/if_stage_i/pc_id_o_reg[24] (rising edge-triggered flip-flop clocked by clk_i)
  Mode: default
  Corner: default
  Scenario: default
  Path Group: clk_i
  Path Type: min

  Point                                            Incr      Path  
  ------------------------------------------------------------------------
  clock clk_i (rise edge)                          0.00      0.00
  clock network delay (propagated)                 0.32      0.32

  u_core/core_i/if_stage_i/aligner_i/pc_q_reg[24]/CLK (SDFFARX1_RVT)
                                                   0.00      0.32 r
  u_core/core_i/if_stage_i/aligner_i/pc_q_reg[24]/Q (SDFFARX1_RVT)
                                                   0.12      0.43 f
  u_core/core_i/ZBUF_49_inst_2082/Y (NBUFFX2_HVT)
                                                   0.06      0.49 f
  u_core/core_i/if_stage_i/pc_id_o_reg[24]/D (SDFFARX1_RVT)
                                                   0.00      0.49 f
  data arrival time                                          0.49

  clock clk_i (rise edge)                          0.00      0.00
  clock network delay (propagated)                 0.37      0.37
  u_core/core_i/if_stage_i/pc_id_o_reg[24]/CLK (SDFFARX1_RVT)
                                                   0.00      0.37 r
  clock uncertainty                                0.10      0.47
  library hold time                               -0.04      0.43
  data required time                                         0.43
  ------------------------------------------------------------------------
  data required time                                         0.43
  data arrival time                                         -0.49
  ------------------------------------------------------------------------
  slack (MET)                                                0.05



  Startpoint: u_core/core_i/if_stage_i/aligner_i/pc_q_reg[17] (rising edge-triggered flip-flop clocked by clk_i)
  Endpoint: u_core/core_i/if_stage_i/pc_id_o_reg[17] (rising edge-triggered flip-flop clocked by clk_i)
  Mode: default
  Corner: default
  Scenario: default
  Path Group: clk_i
  Path Type: min

  Point                                            Incr      Path  
  ------------------------------------------------------------------------
  clock clk_i (rise edge)                          0.00      0.00
  clock network delay (propagated)                 0.32      0.32

  u_core/core_i/if_stage_i/aligner_i/pc_q_reg[17]/CLK (SDFFARX1_RVT)
                                                   0.00      0.32 r
  u_core/core_i/if_stage_i/aligner_i/pc_q_reg[17]/Q (SDFFARX1_RVT)
                                                   0.11      0.43 f
  u_core/core_i/ZBUF_75_inst_1366/Y (NBUFFX2_HVT)
                                                   0.06      0.49 f
  u_core/core_i/if_stage_i/pc_id_o_reg[17]/D (SDFFARX1_RVT)
                                                   0.00      0.49 f
  data arrival time                                          0.49

  clock clk_i (rise edge)                          0.00      0.00
  clock network delay (propagated)                 0.37      0.37
  u_core/core_i/if_stage_i/pc_id_o_reg[17]/CLK (SDFFARX1_RVT)
                                                   0.00      0.37 r
  clock uncertainty                                0.10      0.47
  library hold time                               -0.04      0.43
  data required time                                         0.43
  ------------------------------------------------------------------------
  data required time                                         0.43
  data arrival time                                         -0.49
  ------------------------------------------------------------------------
  slack (MET)                                                0.05



  Startpoint: u_core/core_i/if_stage_i/aligner_i/pc_q_reg[18] (rising edge-triggered flip-flop clocked by clk_i)
  Endpoint: u_core/core_i/if_stage_i/pc_id_o_reg[18] (rising edge-triggered flip-flop clocked by clk_i)
  Mode: default
  Corner: default
  Scenario: default
  Path Group: clk_i
  Path Type: min

  Point                                            Incr      Path  
  ------------------------------------------------------------------------
  clock clk_i (rise edge)                          0.00      0.00
  clock network delay (propagated)                 0.32      0.32

  u_core/core_i/if_stage_i/aligner_i/pc_q_reg[18]/CLK (SDFFARX1_RVT)
                                                   0.00      0.32 r
  u_core/core_i/if_stage_i/aligner_i/pc_q_reg[18]/Q (SDFFARX1_RVT)
                                                   0.12      0.43 f
  u_core/core_i/ZBUF_65_inst_1394/Y (NBUFFX2_HVT)
                                                   0.06      0.49 f
  u_core/core_i/if_stage_i/pc_id_o_reg[18]/D (SDFFARX1_RVT)
                                                   0.00      0.49 f
  data arrival time                                          0.49

  clock clk_i (rise edge)                          0.00      0.00
  clock network delay (propagated)                 0.37      0.37
  u_core/core_i/if_stage_i/pc_id_o_reg[18]/CLK (SDFFARX1_RVT)
                                                   0.00      0.37 r
  clock uncertainty                                0.10      0.47
  library hold time                               -0.04      0.43
  data required time                                         0.43
  ------------------------------------------------------------------------
  data required time                                         0.43
  data arrival time                                         -0.49
  ------------------------------------------------------------------------
  slack (MET)                                                0.06



  Startpoint: u_core/core_i/if_stage_i/aligner_i/pc_q_reg[22] (rising edge-triggered flip-flop clocked by clk_i)
  Endpoint: u_core/core_i/if_stage_i/pc_id_o_reg[22] (rising edge-triggered flip-flop clocked by clk_i)
  Mode: default
  Corner: default
  Scenario: default
  Path Group: clk_i
  Path Type: min

  Point                                            Incr      Path  
  ------------------------------------------------------------------------
  clock clk_i (rise edge)                          0.00      0.00
  clock network delay (propagated)                 0.31      0.31

  u_core/core_i/if_stage_i/aligner_i/pc_q_reg[22]/CLK (SDFFARX1_RVT)
                                                   0.00      0.31 r
  u_core/core_i/if_stage_i/aligner_i/pc_q_reg[22]/Q (SDFFARX1_RVT)
                                                   0.11      0.43 f
  u_core/core_i/ZBUF_108_inst_1983/Y (NBUFFX2_HVT)
                                                   0.06      0.49 f
  u_core/core_i/if_stage_i/pc_id_o_reg[22]/D (SDFFARX1_RVT)
                                                   0.00      0.49 f
  data arrival time                                          0.49

  clock clk_i (rise edge)                          0.00      0.00
  clock network delay (propagated)                 0.37      0.37
  u_core/core_i/if_stage_i/pc_id_o_reg[22]/CLK (SDFFARX1_RVT)
                                                   0.00      0.37 r
  clock uncertainty                                0.10      0.47
  library hold time                               -0.04      0.43
  data required time                                         0.43
  ------------------------------------------------------------------------
  data required time                                         0.43
  data arrival time                                         -0.49
  ------------------------------------------------------------------------
  slack (MET)                                                0.06


1
