Information: The value of option cts.compile.enable_cell_relocation has been overridden to "leaf_only" to support latency-driven placement. (CTS-973)
****************************************
Report : report clock qor
        -type area
Design : cv32e40p_synth_wrap
Version: W-2024.09-SP2
Date   : Sat May  9 15:47:17 2026
****************************************


==========================
==== Area (per clock) ====
==========================

Clock                                 Sinks          Clock          Clock          Clock          Clock          Sinks           Sink
                                 (balanced)     Cell Count        Stdcell       Repeater       Repeater     (physical)        Stdcell          Macro
                                                (non sink)           Area          Count           Area                          Area           Area
------------------------------------------------------------------------------------------------------------------------------------------------------
clk_i                                  2130             89         599.53             15          83.11           2130       19487.76           0.00
------------------------------------------------------------------------------------------------------------------------------------------------------
Total                                  2130             89         599.53             15          83.11           2130       19487.76           0.00

Type                               Instance           Unit          Total           Cell             Vt             Vt
                                      Count           Area           Area           Type          Group           Type


=================================
==== Area (per library cell) ====
=================================

===== Summary =====
Type                               Instance           Unit          Total           Cell             Vt             Vt
                                      Count           Area           Area           Type          Group           Type
------------------------------------------------------------------------------------------------------------------------
Clock Repeaters                          15              -          83.11              -              -              -
Other Network Cells                      74              -         516.42              -              -              -
Standard Cell Sinks                    2130              -       19487.76              -              -              -
Macro Cells                               0              -           0.00              -              -              -

===== Clock Repeaters =====
Type                               Instance           Unit          Total           Cell             Vt             Vt
                                      Count           Area           Area           Type          Group           Type
------------------------------------------------------------------------------------------------------------------------
INVX8_HVT                                 1           3.05           3.05       Inverter saed32cell_hvt              -
INVX8_LVT                                 2           3.05           6.10       Inverter saed32cell_lvt              -
INVX16_HVT                                1           5.08           5.08       Inverter saed32cell_hvt              -
INVX16_LVT                                1           5.08           5.08       Inverter saed32cell_lvt              -
NBUFFX2_HVT                               1           2.03           2.03         Buffer saed32cell_hvt              -
NBUFFX8_HVT                               2           3.81           7.62         Buffer saed32cell_hvt              -
NBUFFX8_RVT                               1           3.81           3.81         Buffer saed32cell_svt              -
NBUFFX16_HVT                              3           6.10          18.30         Buffer saed32cell_hvt              -
NBUFFX32_HVT                              1          10.67          10.67         Buffer saed32cell_hvt              -
NBUFFX32_RVT                              2          10.67          21.35         Buffer saed32cell_svt              -
------------------------------------------------------------------------------------------------------------------------
Total                                    15              -          83.11              -              -              -

===== Other Network Cells =====
Type                               Instance           Unit          Total           Cell             Vt             Vt
                                      Count           Area           Area           Type          Group           Type
------------------------------------------------------------------------------------------------------------------------
CGLPPRX2_HVT                              4           5.85          23.38            ICG saed32cell_hvt              -
CGLPPRX2_HVT                              7           5.85          40.92            ICG saed32cell_hvt              -
CGLPPRX2_LVT                              1           5.85           5.85            ICG saed32cell_lvt              -
CGLPPRX2_RVT                              7           5.85          40.92            ICG saed32cell_svt              -
CGLPPRX8_HVT                             19           7.37         140.03            ICG saed32cell_hvt              -
CGLPPRX8_LVT                             14           7.37         103.18            ICG saed32cell_lvt              -
CGLPPRX8_RVT                             22           7.37         162.14            ICG saed32cell_svt              -
------------------------------------------------------------------------------------------------------------------------
Total                                    74              -         516.42              -              -              -

===== Standard Cell Sinks =====
Type                               Instance           Unit          Total           Cell             Vt             Vt
                                      Count           Area           Area           Type          Group           Type
------------------------------------------------------------------------------------------------------------------------
SDFFARX1_RVT                           2123           9.15       19423.72           Flop saed32cell_svt              -
SDFFASX1_RVT                              7           9.15          64.04           Flop saed32cell_svt              -
------------------------------------------------------------------------------------------------------------------------
Total                                  2130              -       19487.76              -              -              -

===== Macro Cells =====
Type                               Instance           Unit          Total           Cell             Vt             Vt
                                      Count           Area           Area           Type          Group           Type
------------------------------------------------------------------------------------------------------------------------
------------------------------------------------------------------------------------------------------------------------
Total                                     0              -           0.00              -              -              -



==============================
==== Area (per hierarchy) ====
==============================

Hierarchy                             Sinks          Clock          Clock          Clock          Clock          Sinks           Sink
                                 (balanced)     Cell Count        Stdcell       Repeater       Repeater     (physical)        Stdcell          Macro
                                                (non sink)           Area          Count           Area                          Area           Area
------------------------------------------------------------------------------------------------------------------------------------------------------
cv32e40p_synth_wrap                    2130             89         599.53             15          83.11           2130       19487.76           0.00
------------------------------------------------------------------------------------------------------------------------------------------------------
Total                                  2130             89         599.53             15          83.11           2130       19487.76           0.00

1
