****************************************
Report : clock timing
        -type latency
        -launch
        -nworst 20
        -setup
Design : cv32e40p_synth_wrap
Version: W-2024.09-SP2
Date   : Sat May  9 15:47:18 2026
****************************************

  Mode: default
  Clock: clk_i

                                                 --- Latency ---
  Clock Pin                             Trans   Source   Offset  Network    Total            Corner
---------------------------------------------------------------------------------------------------
  u_core/core_i/id_stage_i/mult_operand_a_ex_o_reg[31]/CLK
                                         0.05     0.00       --     0.39     0.39 rp-+      default
  u_core/core_i/id_stage_i/mult_operand_a_ex_o_reg[28]/CLK
                                         0.05     0.00       --     0.39     0.39 rp-+      default
  u_core/core_i/id_stage_i/mult_signed_mode_ex_o_reg[0]/CLK
                                         0.05     0.00       --     0.39     0.39 rp-+      default
  u_core/core_i/id_stage_i/mult_signed_mode_ex_o_reg[1]/CLK
                                         0.05     0.00       --     0.39     0.39 rp-+      default
  u_core/core_i/id_stage_i/mult_operator_ex_o_reg[2]/CLK
                                         0.05     0.00       --     0.39     0.39 rp-+      default
  u_core/core_i/id_stage_i/mult_operator_ex_o_reg[1]/CLK
                                         0.05     0.00       --     0.39     0.39 rp-+      default
  u_core/core_i/id_stage_i/mult_operand_a_ex_o_reg[2]/CLK
                                         0.05     0.00       --     0.39     0.39 rp-+      default
  u_core/core_i/id_stage_i/mult_operand_a_ex_o_reg[7]/CLK
                                         0.05     0.00       --     0.39     0.39 rp-+      default
  u_core/core_i/id_stage_i/mult_operand_a_ex_o_reg[0]/CLK
                                         0.05     0.00       --     0.39     0.39 rp-+      default
  u_core/core_i/id_stage_i/mult_operand_a_ex_o_reg[15]/CLK
                                         0.05     0.00       --     0.39     0.39 rp-+      default
  u_core/core_i/id_stage_i/mult_operand_a_ex_o_reg[21]/CLK
                                         0.05     0.00       --     0.39     0.39 rp-+      default
  u_core/core_i/id_stage_i/mult_operand_b_ex_o_reg[2]/CLK
                                         0.05     0.00       --     0.39     0.39 rp-+      default
  u_core/core_i/id_stage_i/mult_operand_a_ex_o_reg[3]/CLK
                                         0.05     0.00       --     0.39     0.39 rp-+      default
  u_core/core_i/id_stage_i/mult_operand_a_ex_o_reg[19]/CLK
                                         0.05     0.00       --     0.39     0.39 rp-+      default
  u_core/core_i/id_stage_i/mult_operand_a_ex_o_reg[17]/CLK
                                         0.05     0.00       --     0.39     0.39 rp-+      default
  u_core/core_i/id_stage_i/mult_operand_a_ex_o_reg[29]/CLK
                                         0.05     0.00       --     0.39     0.39 rp-+      default
  u_core/core_i/id_stage_i/mult_operand_a_ex_o_reg[8]/CLK
                                         0.05     0.00       --     0.39     0.39 rp-+      default
  u_core/core_i/id_stage_i/mult_operand_a_ex_o_reg[5]/CLK
                                         0.05     0.00       --     0.39     0.39 rp-+      default
  u_core/core_i/id_stage_i/mult_operand_b_ex_o_reg[1]/CLK
                                         0.05     0.00       --     0.39     0.39 rp-+      default
  u_core/core_i/id_stage_i/mult_operand_a_ex_o_reg[1]/CLK
                                         0.05     0.00       --     0.39     0.39 rp-+      default
---------------------------------------------------------------------------------------------------
1
