****************************************
Report : clock timing
        -type skew
        -nworst 20
        -setup
Design : cv32e40p_synth_wrap
Version: W-2024.09-SP2
Date   : Sat May  9 15:47:18 2026
****************************************

  Mode: default
  Clock: clk_i

  Clock Pin                                          Latency      Skew             Corner
---------------------------------------------------------------------------------------------------
  u_core/core_i/id_stage_i/alu_operand_b_ex_o_reg[6]/CLK
                                                        0.36              rp-+    default
  u_core/core_i/sleep_unit_i/core_busy_q_reg/CLK        0.04      0.32    rp-+    default

  u_core/core_i/id_stage_i/alu_operand_b_ex_o_reg[13]/CLK
                                                        0.36              rp-+    default
  u_core/core_i/sleep_unit_i/core_busy_q_reg/CLK        0.04      0.32    rp-+    default

  u_core/core_i/id_stage_i/alu_operand_b_ex_o_reg[7]/CLK
                                                        0.36              rp-+    default
  u_core/core_i/sleep_unit_i/core_busy_q_reg/CLK        0.04      0.32    rp-+    default

  u_core/core_i/id_stage_i/alu_operand_b_ex_o_reg[14]/CLK
                                                        0.36              rp-+    default
  u_core/core_i/sleep_unit_i/core_busy_q_reg/CLK        0.04      0.32    rp-+    default

  u_core/core_i/id_stage_i/alu_operand_b_ex_o_reg[11]/CLK
                                                        0.36              rp-+    default
  u_core/core_i/sleep_unit_i/core_busy_q_reg/CLK        0.04      0.32    rp-+    default

  u_core/core_i/id_stage_i/alu_operand_b_ex_o_reg[18]/CLK
                                                        0.36              rp-+    default
  u_core/core_i/sleep_unit_i/core_busy_q_reg/CLK        0.04      0.32    rp-+    default

  u_core/core_i/id_stage_i/alu_operand_b_ex_o_reg[9]/CLK
                                                        0.36              rp-+    default
  u_core/core_i/sleep_unit_i/core_busy_q_reg/CLK        0.04      0.32    rp-+    default

  u_core/core_i/id_stage_i/alu_operand_b_ex_o_reg[15]/CLK
                                                        0.36              rp-+    default
  u_core/core_i/sleep_unit_i/core_busy_q_reg/CLK        0.04      0.32    rp-+    default

  u_core/core_i/id_stage_i/alu_operand_b_ex_o_reg[20]/CLK
                                                        0.36              rp-+    default
  u_core/core_i/sleep_unit_i/core_busy_q_reg/CLK        0.04      0.32    rp-+    default

  u_core/core_i/id_stage_i/alu_operand_b_ex_o_reg[8]/CLK
                                                        0.36              rp-+    default
  u_core/core_i/sleep_unit_i/core_busy_q_reg/CLK        0.04      0.32    rp-+    default

  u_core/core_i/id_stage_i/alu_operand_b_ex_o_reg[17]/CLK
                                                        0.36              rp-+    default
  u_core/core_i/sleep_unit_i/core_busy_q_reg/CLK        0.04      0.32    rp-+    default

  u_core/core_i/id_stage_i/alu_operand_b_ex_o_reg[22]/CLK
                                                        0.36              rp-+    default
  u_core/core_i/sleep_unit_i/core_busy_q_reg/CLK        0.04      0.32    rp-+    default

  u_core/core_i/id_stage_i/alu_operand_b_ex_o_reg[0]/CLK
                                                        0.36              rp-+    default
  u_core/core_i/sleep_unit_i/core_busy_q_reg/CLK        0.04      0.31    rp-+    default

  u_core/core_i/id_stage_i/alu_operand_b_ex_o_reg[2]/CLK
                                                        0.36              rp-+    default
  u_core/core_i/sleep_unit_i/core_busy_q_reg/CLK        0.04      0.31    rp-+    default

  u_core/core_i/id_stage_i/alu_operand_b_ex_o_reg[5]/CLK
                                                        0.36              rp-+    default
  u_core/core_i/sleep_unit_i/core_busy_q_reg/CLK        0.04      0.31    rp-+    default

  u_core/core_i/id_stage_i/alu_operand_b_ex_o_reg[19]/CLK
                                                        0.36              rp-+    default
  u_core/core_i/sleep_unit_i/core_busy_q_reg/CLK        0.04      0.31    rp-+    default

  u_core/core_i/id_stage_i/alu_operand_b_ex_o_reg[26]/CLK
                                                        0.36              rp-+    default
  u_core/core_i/sleep_unit_i/core_busy_q_reg/CLK        0.04      0.31    rp-+    default

  u_core/core_i/id_stage_i/alu_operand_b_ex_o_reg[27]/CLK
                                                        0.36              rp-+    default
  u_core/core_i/sleep_unit_i/core_busy_q_reg/CLK        0.04      0.31    rp-+    default

  u_core/core_i/id_stage_i/alu_operand_b_ex_o_reg[16]/CLK
                                                        0.36              rp-+    default
  u_core/core_i/sleep_unit_i/core_busy_q_reg/CLK        0.04      0.31    rp-+    default

  u_core/core_i/id_stage_i/alu_operand_b_ex_o_reg[30]/CLK
                                                        0.36              rp-+    default
  u_core/core_i/sleep_unit_i/core_busy_q_reg/CLK        0.04      0.31    rp-+    default

---------------------------------------------------------------------------------------------------
1
