Warning: Cell contains tie connections which are not connected to real PG. (ZRT-511)
Cell Min-Routing-Layer = M1
Cell Max-Routing-Layer = MRDL
Turn off antenna since no rule is specified
Information: Option route.detail.force_end_on_preferred_grid will be ignored since none of the layers have preferred grid. (ZRT-703)
Warning: Cannot find a default contact code for layer CO. (ZRT-022)
Warning: Port VDD of cell cv32e40p_synth_wrap is unplaced.  This may impact routing result. (ZRT-740)
Warning: Port VSS of cell cv32e40p_synth_wrap is unplaced.  This may impact routing result. (ZRT-740)
Warning: Ignore 2 top cell ports with no pins. (ZRT-027)
Skipping 6 internal pins that are not physical. Set route.common.verbose_level to > 0 and run routing command to get skipped pin names.
Info: number of net_type_blockage: 0 
Information: Via ladder engine would be activated for pattern must join connection in certain commands. Please refer to man-page for the command list. (ZRT-619)
Information: When applicable Min-max layer allow_pin_connection mode will allow paths of length 5.32 outside the layer range. (ZRT-707)
Information: When applicable Min-max layer allow_pin_connection mode will allow paths of length 5.32 outside the layer range on clock nets. (ZRT-718)
Information: When applicable layer based tapering will taper up to 0.00 in distance from the pin. (ZRT-706)
Warning: Standard cell pin MUX41X2_HVT/S0 has no valid via regions. (ZRT-044)
Warning: PG net VSS has a path shape with shape_use detail_route and it is too long. Long part of the shape is located at (290.380, 292.508) (290.436, 313.996). The shape's BBox is (290.380, 292.508) (290.436, 313.996). (ZRT-142)


Start checking for open nets ... 

Total number of nets = 18321, of which 0 are not extracted
Total number of open nets = 0, of which 0 are frozen

Check 18321 nets, 0 have Errors

[CHECK OPEN NETS] Elapsed real time: 0:00:00 
[CHECK OPEN NETS] Elapsed cpu  time: sys=0:00:00 usr=0:00:00 total=0:00:00
[CHECK OPEN NETS] Stage (MB): Used    0  Alloctr    0  Proc    0 
[CHECK OPEN NETS] Total (MB): Used   61  Alloctr   62  Proc 4482 
Printing options for 'route.common.*'

Printing options for 'route.detail.*'

Printing options for 'route.auto_via_ladder.*'


Begin full DRC check ...

Information: Using 1 threads for routing. (ZRT-444)
Checked	1/25 Partitions, Violations =	0
Checked	2/25 Partitions, Violations =	13
Checked	3/25 Partitions, Violations =	23
Checked	4/25 Partitions, Violations =	24
Checked	5/25 Partitions, Violations =	38
Checked	6/25 Partitions, Violations =	103
Checked	7/25 Partitions, Violations =	104
Checked	8/25 Partitions, Violations =	147
Checked	9/25 Partitions, Violations =	147
Checked	10/25 Partitions, Violations =	152
Checked	11/25 Partitions, Violations =	155
Checked	12/25 Partitions, Violations =	167
Checked	13/25 Partitions, Violations =	186
Checked	14/25 Partitions, Violations =	188
Checked	15/25 Partitions, Violations =	271
Checked	16/25 Partitions, Violations =	299
Checked	17/25 Partitions, Violations =	303
Checked	18/25 Partitions, Violations =	308
Checked	19/25 Partitions, Violations =	322
Checked	20/25 Partitions, Violations =	326
Checked	21/25 Partitions, Violations =	326
Checked	22/25 Partitions, Violations =	344
Checked	23/25 Partitions, Violations =	358
Checked	24/25 Partitions, Violations =	390
Checked	25/25 Partitions, Violations =	409
[DRC CHECK] Elapsed real time: 0:00:08 
[DRC CHECK] Elapsed cpu  time: sys=0:00:00 usr=0:00:08 total=0:00:08
[DRC CHECK] Stage (MB): Used    0  Alloctr    0  Proc    0 
[DRC CHECK] Total (MB): Used  154  Alloctr  156  Proc 4482 
Warning: No antenna rules defined, Skip antenna analysis. (ZRT-309)
Information: Merged away 1 aligned/redundant DRCs. (ZRT-305)

DRC-SUMMARY:
	@@@@@@@ TOTAL VIOLATIONS =	408
	Diff net spacing : 131
	Less than minimum area : 8
	Needs fat contact : 106
	Off-grid : 163


Total Wire Length =                    707530 micron
Total Number of Contacts =             191716
Total Number of Wires =                197293
Total Number of PtConns =              23740
Total Number of Routed Wires =       197266
Total Routed Wire Length =           704830 micron
Total Number of Routed Contacts =       191716
	Layer                 M1 :      28976 micron
	Layer                 M2 :     203309 micron
	Layer                 M3 :     167273 micron
	Layer                 M4 :     128609 micron
	Layer                 M5 :      83317 micron
	Layer                 M6 :      44580 micron
	Layer                 M7 :      29469 micron
	Layer                 M8 :       7877 micron
	Layer                 M9 :      11421 micron
	Layer               MRDL :          0 micron
	Via         VIA89_C(rot) :        641
	Via                VIA89 :          4
	Via            VIA78SQ_C :        656
	Via           VIA78BAR_C :         16
	Via        VIA78SQ_C_2x1 :        150
	Via       VIA67SQ_C(rot) :       2572
	Via            VIA56SQ_C :       4109
	Via            VIA45SQ_C :          2
	Via       VIA45SQ_C(rot) :      12195
	Via            VIA34SQ_C :      19697
	Via       VIA34SQ_C(rot) :        215
	Via            VIA23SQ_C :       1291
	Via       VIA23SQ_C(rot) :      76003
	Via            VIA12SQ_C :      68753
	Via       VIA12SQ_C(rot) :       3399
	Via        VIA12SQ_C_2x1 :       1427
	Via   VIA12SQ_C(rot)_1x2 :        128
	Via   VIA12SQ_C(rot)_2x1 :          4
	Via        VIA12SQ_C_1x2 :        327
	Via          VIA12SQ_2x1 :          7
	Via     VIA12SQ(rot)_2x1 :         18
	Via          VIA12SQ_1x2 :        102

 
Redundant via conversion report:
--------------------------------

  Total optimized via conversion rate =  1.13% (2163 / 191716 vias)
 
    Layer VIA1       =  2.71% (2013   / 74165   vias)
        Weight 1     =  2.71% (2013    vias)
        Un-optimized =  0.00% (0       vias)
        Un-mapped    = 97.29% (72152   vias)
    Layer VIA2       =  0.00% (0      / 77294   vias)
        Un-optimized =  0.00% (0       vias)
        Un-mapped    = 100.00% (77294   vias)
    Layer VIA3       =  0.00% (0      / 19912   vias)
        Un-optimized =  0.00% (0       vias)
        Un-mapped    = 100.00% (19912   vias)
    Layer VIA4       =  0.00% (0      / 12197   vias)
        Un-optimized =  0.00% (0       vias)
        Un-mapped    = 100.00% (12197   vias)
    Layer VIA5       =  0.00% (0      / 4109    vias)
        Un-optimized =  0.00% (0       vias)
        Un-mapped    = 100.00% (4109    vias)
    Layer VIA6       =  0.00% (0      / 2572    vias)
        Un-optimized =  0.00% (0       vias)
        Un-mapped    = 100.00% (2572    vias)
    Layer VIA7       = 18.25% (150    / 822     vias)
        Weight 1     = 18.25% (150     vias)
        Un-optimized =  0.00% (0       vias)
        Un-mapped    = 81.75% (672     vias)
    Layer VIA8       =  0.00% (0      / 645     vias)
        Un-optimized =  0.00% (0       vias)
        Un-mapped    = 100.00% (645     vias)
 
  Total double via conversion rate    =  1.13% (2163 / 191716 vias)
 
    Layer VIA1       =  2.71% (2013   / 74165   vias)
    Layer VIA2       =  0.00% (0      / 77294   vias)
    Layer VIA3       =  0.00% (0      / 19912   vias)
    Layer VIA4       =  0.00% (0      / 12197   vias)
    Layer VIA5       =  0.00% (0      / 4109    vias)
    Layer VIA6       =  0.00% (0      / 2572    vias)
    Layer VIA7       = 18.25% (150    / 822     vias)
    Layer VIA8       =  0.00% (0      / 645     vias)
 
  The optimized via conversion rate based on total routed via count =  1.13% (2163 / 191716 vias)
 
    Layer VIA1       =  2.71% (2013   / 74165   vias)
        Weight 1     =  2.71% (2013    vias)
        Un-optimized =  0.00% (0       vias)
        Un-mapped    = 97.29% (72152   vias)
    Layer VIA2       =  0.00% (0      / 77294   vias)
        Un-optimized =  0.00% (0       vias)
        Un-mapped    = 100.00% (77294   vias)
    Layer VIA3       =  0.00% (0      / 19912   vias)
        Un-optimized =  0.00% (0       vias)
        Un-mapped    = 100.00% (19912   vias)
    Layer VIA4       =  0.00% (0      / 12197   vias)
        Un-optimized =  0.00% (0       vias)
        Un-mapped    = 100.00% (12197   vias)
    Layer VIA5       =  0.00% (0      / 4109    vias)
        Un-optimized =  0.00% (0       vias)
        Un-mapped    = 100.00% (4109    vias)
    Layer VIA6       =  0.00% (0      / 2572    vias)
        Un-optimized =  0.00% (0       vias)
        Un-mapped    = 100.00% (2572    vias)
    Layer VIA7       = 18.25% (150    / 822     vias)
        Weight 1     = 18.25% (150     vias)
        Un-optimized =  0.00% (0       vias)
        Un-mapped    = 81.75% (672     vias)
    Layer VIA8       =  0.00% (0      / 645     vias)
        Un-optimized =  0.00% (0       vias)
        Un-mapped    = 100.00% (645     vias)
 


Verify Summary:

Total number of nets = 18321, of which 0 are not extracted
Total number of open nets = 0, of which 0 are frozen
Total number of excluded ports = 0 ports of 0 unplaced cells connected to 0 nets
                                 0 ports without pins of 0 cells connected to 0 nets
                                 0 ports of 0 cover cells connected to 0 non-pg nets
Total number of DRCs = 408
Total number of antenna violations = no antenna rules defined
Total number of tie to rail violations = not checked
Total number of tie to rail directly violations = not checked


