Information: Updating design information... (UID-85)
 
****************************************
Report : qor
Design : cv32e40p_synth_wrap
Version: W-2024.09-SP5-5
Date   : Sat May  9 12:13:46 2026
****************************************


  Timing Path Group 'clk_i'
  -----------------------------------
  Levels of Logic:              59.00
  Critical Path Length:          8.03
  Critical Path Slack:           1.82
  Critical Path Clk Period:     10.00
  Total Negative Slack:          0.00
  No. of Violating Paths:        0.00
  Worst Hold Violation:          0.00
  Total Hold Violation:          0.00
  No. of Hold Violations:        0.00
  -----------------------------------


  Cell Count
  -----------------------------------
  Hierarchical Cell Count:         76
  Hierarchical Port Count:       3464
  Leaf Cell Count:              14221
  Buf/Inv Cell Count:            1904
  Buf Cell Count:                 542
  Inv Cell Count:                1362
  CT Buf/Inv Cell Count:            0
  Combinational Cell Count:     12017
  Sequential Cell Count:         2204
  Macro Count:                      0
  -----------------------------------


  Area
  -----------------------------------
  Combinational Area:    29710.704425
  Noncombinational Area: 15776.497385
  Buf/Inv Area:           2862.423932
  Total Buffer Area:          1101.97
  Total Inverter Area:        1760.46
  Macro/Black Box Area:      0.000000
  Net Area:                  0.000000
  Net XLength        :      223621.38
  Net YLength        :      232011.16
  -----------------------------------
  Cell Area:             45487.201810
  Design Area:           45487.201810
  Net Length        :       455632.53


  Design Rules
  -----------------------------------
  Total Number of Nets:         15372
  Nets With Violations:          1209
  Max Trans Violations:           365
  Max Cap Violations:            1209
  -----------------------------------


  Hostname: SGP3

  Compile CPU Statistics
  -----------------------------------------
  Resource Sharing:                    5.46
  Logic Optimization:                  4.30
  Mapping Optimization:               15.18
  -----------------------------------------
  Overall Compile Time:               74.73
  Overall Compile Wall Clock Time:    76.63

  --------------------------------------------------------------------

  Design  WNS: 0.00  TNS: 0.00  Number of Violating Paths: 0


  Design (Hold)  WNS: 0.00  TNS: 0.00  Number of Violating Paths: 0

  --------------------------------------------------------------------


1
