Warning: Cell contains tie connections which are not connected to real PG. (ZRT-511)
Cell Min-Routing-Layer = M1
Cell Max-Routing-Layer = M9
Turn off antenna since no rule is specified
Information: Option route.detail.force_end_on_preferred_grid will be ignored since none of the layers have preferred grid. (ZRT-703)
Warning: Cannot find a default contact code for layer CO. (ZRT-022)
Warning: Port VDD of cell cv32e40p_synth_wrap is unplaced.  This may impact routing result. (ZRT-740)
Warning: Port VSS of cell cv32e40p_synth_wrap is unplaced.  This may impact routing result. (ZRT-740)
Warning: Ignore 2 top cell ports with no pins. (ZRT-027)
Skipping 6 internal pins that are not physical. Set route.common.verbose_level to > 0 and run routing command to get skipped pin names.
Info: number of net_type_blockage: 0 
Information: Via ladder engine would be activated for pattern must join connection in certain commands. Please refer to man-page for the command list. (ZRT-619)
Information: When applicable Min-max layer allow_pin_connection mode will allow paths of length 5.32 outside the layer range. (ZRT-707)
Information: When applicable Min-max layer allow_pin_connection mode will allow paths of length 5.32 outside the layer range on clock nets. (ZRT-718)
Information: When applicable layer based tapering will taper up to 0.00 in distance from the pin. (ZRT-706)
Warning: Standard cell pin MUX41X2_HVT/S0 has no valid via regions. (ZRT-044)


Start checking for open nets ... 

Total number of nets = 18573, of which 0 are not extracted
Total number of open nets = 0, of which 0 are frozen

Check 18573 nets, 0 have Errors

[CHECK OPEN NETS] Elapsed real time: 0:00:00 
[CHECK OPEN NETS] Elapsed cpu  time: sys=0:00:00 usr=0:00:00 total=0:00:00
[CHECK OPEN NETS] Stage (MB): Used    0  Alloctr    0  Proc    0 
[CHECK OPEN NETS] Total (MB): Used   62  Alloctr   63  Proc 5249 
Printing options for 'route.common.*'

Printing options for 'route.detail.*'
detail.antenna                                          :	 true                
detail.drc_convergence_effort_level                     :	 high                
detail.generate_extra_off_grid_pin_tracks               :	 true                
detail.optimize_wire_via_effort_level                   :	 high                

Printing options for 'route.auto_via_ladder.*'


Begin full DRC check ...

Information: Using 1 threads for routing. (ZRT-444)
Checked	1/25 Partitions, Violations =	10
Checked	2/25 Partitions, Violations =	10
Checked	3/25 Partitions, Violations =	11
Checked	4/25 Partitions, Violations =	11
Checked	5/25 Partitions, Violations =	13
Checked	6/25 Partitions, Violations =	13
Checked	7/25 Partitions, Violations =	13
Checked	8/25 Partitions, Violations =	83
Checked	9/25 Partitions, Violations =	83
Checked	10/25 Partitions, Violations =	83
Checked	11/25 Partitions, Violations =	88
Checked	12/25 Partitions, Violations =	88
Checked	13/25 Partitions, Violations =	88
Checked	14/25 Partitions, Violations =	98
Checked	15/25 Partitions, Violations =	125
Checked	16/25 Partitions, Violations =	135
Checked	17/25 Partitions, Violations =	135
Checked	18/25 Partitions, Violations =	135
Checked	19/25 Partitions, Violations =	135
Checked	20/25 Partitions, Violations =	135
Checked	21/25 Partitions, Violations =	135
Checked	22/25 Partitions, Violations =	135
Checked	23/25 Partitions, Violations =	145
Checked	24/25 Partitions, Violations =	147
Checked	25/25 Partitions, Violations =	149
[DRC CHECK] Elapsed real time: 0:00:07 
[DRC CHECK] Elapsed cpu  time: sys=0:00:00 usr=0:00:07 total=0:00:07
[DRC CHECK] Stage (MB): Used    0  Alloctr    0  Proc    0 
[DRC CHECK] Total (MB): Used  155  Alloctr  157  Proc 5249 
Warning: No antenna rules defined, Skip antenna analysis. (ZRT-309)

DRC-SUMMARY:
	@@@@@@@ TOTAL VIOLATIONS =	149
	Diff net spacing : 6
	Off-grid : 141
	Short : 2


Total Wire Length =                    680342 micron
Total Number of Contacts =             180174
Total Number of Wires =                186817
Total Number of PtConns =              22568
Total Number of Routed Wires =       186763
Total Routed Wire Length =           677757 micron
Total Number of Routed Contacts =       180174
	Layer                 M1 :      28049 micron
	Layer                 M2 :     194603 micron
	Layer                 M3 :     165992 micron
	Layer                 M4 :     121914 micron
	Layer                 M5 :      82549 micron
	Layer                 M6 :      40085 micron
	Layer                 M7 :      28469 micron
	Layer                 M8 :       6045 micron
	Layer                 M9 :      10051 micron
	Layer               MRDL :          0 micron
	Via         VIA89_C(rot) :        480
	Via            VIA78SQ_C :        476
	Via           VIA78BAR_C :          7
	Via        VIA78SQ_C_2x1 :        124
	Via       VIA67SQ_C(rot) :       2049
	Via            VIA56SQ_C :       3370
	Via       VIA45SQ_C(rot) :      10489
	Via            VIA34SQ_C :      17318
	Via       VIA34SQ_C(rot) :        128
	Via            VIA23SQ_C :       1012
	Via       VIA23SQ_C(rot) :      71243
	Via            VIA12SQ_C :      68533
	Via       VIA12SQ_C(rot) :       3053
	Via        VIA12SQ_C_2x1 :       1512
	Via   VIA12SQ_C(rot)_2x1 :          6
	Via        VIA12SQ_C_1x2 :        256
	Via          VIA12SQ_2x1 :          9
	Via     VIA12SQ(rot)_2x1 :         24
	Via          VIA12SQ_1x2 :         85

 
Redundant via conversion report:
--------------------------------

  Total optimized via conversion rate =  1.12% (2016 / 180174 vias)
 
    Layer VIA1       =  2.57% (1892   / 73478   vias)
        Weight 1     =  2.57% (1892    vias)
        Un-optimized =  0.00% (0       vias)
        Un-mapped    = 97.43% (71586   vias)
    Layer VIA2       =  0.00% (0      / 72255   vias)
        Un-optimized =  0.00% (0       vias)
        Un-mapped    = 100.00% (72255   vias)
    Layer VIA3       =  0.00% (0      / 17446   vias)
        Un-optimized =  0.00% (0       vias)
        Un-mapped    = 100.00% (17446   vias)
    Layer VIA4       =  0.00% (0      / 10489   vias)
        Un-optimized =  0.00% (0       vias)
        Un-mapped    = 100.00% (10489   vias)
    Layer VIA5       =  0.00% (0      / 3370    vias)
        Un-optimized =  0.00% (0       vias)
        Un-mapped    = 100.00% (3370    vias)
    Layer VIA6       =  0.00% (0      / 2049    vias)
        Un-optimized =  0.00% (0       vias)
        Un-mapped    = 100.00% (2049    vias)
    Layer VIA7       = 20.43% (124    / 607     vias)
        Weight 1     = 20.43% (124     vias)
        Un-optimized =  0.00% (0       vias)
        Un-mapped    = 79.57% (483     vias)
    Layer VIA8       =  0.00% (0      / 480     vias)
        Un-optimized =  0.00% (0       vias)
        Un-mapped    = 100.00% (480     vias)
 
  Total double via conversion rate    =  1.12% (2016 / 180174 vias)
 
    Layer VIA1       =  2.57% (1892   / 73478   vias)
    Layer VIA2       =  0.00% (0      / 72255   vias)
    Layer VIA3       =  0.00% (0      / 17446   vias)
    Layer VIA4       =  0.00% (0      / 10489   vias)
    Layer VIA5       =  0.00% (0      / 3370    vias)
    Layer VIA6       =  0.00% (0      / 2049    vias)
    Layer VIA7       = 20.43% (124    / 607     vias)
    Layer VIA8       =  0.00% (0      / 480     vias)
 
  The optimized via conversion rate based on total routed via count =  1.12% (2016 / 180174 vias)
 
    Layer VIA1       =  2.57% (1892   / 73478   vias)
        Weight 1     =  2.57% (1892    vias)
        Un-optimized =  0.00% (0       vias)
        Un-mapped    = 97.43% (71586   vias)
    Layer VIA2       =  0.00% (0      / 72255   vias)
        Un-optimized =  0.00% (0       vias)
        Un-mapped    = 100.00% (72255   vias)
    Layer VIA3       =  0.00% (0      / 17446   vias)
        Un-optimized =  0.00% (0       vias)
        Un-mapped    = 100.00% (17446   vias)
    Layer VIA4       =  0.00% (0      / 10489   vias)
        Un-optimized =  0.00% (0       vias)
        Un-mapped    = 100.00% (10489   vias)
    Layer VIA5       =  0.00% (0      / 3370    vias)
        Un-optimized =  0.00% (0       vias)
        Un-mapped    = 100.00% (3370    vias)
    Layer VIA6       =  0.00% (0      / 2049    vias)
        Un-optimized =  0.00% (0       vias)
        Un-mapped    = 100.00% (2049    vias)
    Layer VIA7       = 20.43% (124    / 607     vias)
        Weight 1     = 20.43% (124     vias)
        Un-optimized =  0.00% (0       vias)
        Un-mapped    = 79.57% (483     vias)
    Layer VIA8       =  0.00% (0      / 480     vias)
        Un-optimized =  0.00% (0       vias)
        Un-mapped    = 100.00% (480     vias)
 


Verify Summary:

Total number of nets = 18573, of which 0 are not extracted
Total number of open nets = 0, of which 0 are frozen
Total number of excluded ports = 0 ports of 0 unplaced cells connected to 0 nets
                                 0 ports without pins of 0 cells connected to 0 nets
                                 0 ports of 0 cover cells connected to 0 non-pg nets
Total number of DRCs = 149
Total number of antenna violations = no antenna rules defined
Total number of tie to rail violations = not checked
Total number of tie to rail directly violations = not checked


