 Info: Initializing timer in CLOCK_SYN_REPORT_MODE
Information: The value of option cts.compile.enable_cell_relocation has been overridden to "leaf_only" to support latency-driven placement. (CTS-973)
Information: The stitching and editing of coupling caps is turned OFF for design 'cv32e40p_icc2_lib:cv32e40p_synth_wrap.design'. (TIM-125)
Information: Design cv32e40p_synth_wrap has 18486 nets, 0 global routed, 87 detail routed. (NEX-024)
Information: The RC mode used is CTO for design 'cv32e40p_synth_wrap'. (NEX-022)
Information: Design Average RC for design cv32e40p_synth_wrap  (NEX-011)
Information: r = 1.786632 ohm/um, via_r = 0.460951 ohm/cut, c = 0.080858 ff/um, cc = 0.000000 ff/um (X dir) (NEX-017)
Information: r = 1.670488 ohm/um, via_r = 0.578539 ohm/cut, c = 0.094089 ff/um, cc = 0.000000 ff/um (Y dir) (NEX-017)
Information: Update timing completed net estimation for all the timing graph nets (TIM-111)
Information: Net estimation statistics: timing graph nets = 18484, routed nets = 87, across physical hierarchy nets = 0, parasitics cached nets = 18484, delay annotated nets = 0, parasitics annotated nets = 0, multi-voltage nets = 0. (TIM-112)
****************************************
Report : clock qor
        -type summary
Design : cv32e40p_synth_wrap
Version: W-2024.09-SP2
Date   : Fri May  8 23:38:03 2026
****************************************

Attributes
===========
M Master Clock
G Generated Clock
& Internal Generated Clock
U User Defined Skew Group
D Default Skew Group
* Generated Clock Balanced Separately

==============================================
==== Summary Reporting for Corner default ====
==============================================

=========================================================== Summary Table for Corner default ===========================================================
Clock /                               Attrs     Sinks Levels    Clock     Clock     Clock       Max    Global  Trans DRC  Cap DRC      Wire
Skew Group                                                   Repeater  Repeater   Stdcell   Latency      Skew     Count     Count    Length
                                                                Count      Area      Area
--------------------------------------------------------------------------------------------------------------------------------------------------------
### Mode: default, Scenario: default
clk_i                                   M,D      2130      6       12     75.23    593.17      0.36      0.31         0         1  14234.52
--------------------------------------------------------------------------------------------------------------------------------------------------------
All Clocks                                       2130      6       12     75.23    593.17      0.36      0.31         0         1  14234.52


Warning: Please use -largest / -smallest / -all switches with -show_verbose_paths / -show_paths to report the clock paths. (CTS-956)
1
