****************************************
Report : timing
	-path_type full
	-delay_type min
	-slack_lesser_than 100.00
	-max_paths 20
	-sort_by slack
Design : cv32e40p_synth_wrap
Version: W-2024.09-SP5-3
Date   : Sun May 10 12:05:32 2026
****************************************


  Startpoint: u_core/core_i/if_stage_i/pc_id_o_reg[20]
               (rising edge-triggered flip-flop clocked by clk_i)
  Endpoint: u_core/core_i/id_stage_i/mult_operand_a_ex_o_reg[20]
               (rising edge-triggered flip-flop clocked by clk_i)
  Last common pin: u_core/core_i/ZCTSINV_6417_432/Y
  Path Group: clk_i
  Path Type: min

  Point                                                   Incr       Path
  ------------------------------------------------------------------------------
  clock clk_i (rise edge)                                 0.00       0.00
  clock network delay (propagated)                        0.42       0.42
  u_core/core_i/if_stage_i/pc_id_o_reg[20]/CLK (SDFFARX1_RVT)
                                                          0.00       0.42 r
  u_core/core_i/if_stage_i/pc_id_o_reg[20]/Q (SDFFARX1_RVT)
                                                          0.19 &     0.61 f
  u_core/core_i/U3366/Y (NBUFFX4_HVT)                     0.07 &     0.68 f
  u_core/core_i/U_1_PTECO_DRC_BUF185/Y (NBUFFX8_RVT)      0.07 &     0.75 f
  u_core/core_i/id_stage_i/U2954/Y (AO222X1_HVT)          0.12 &     0.87 f
  u_core/core_i/id_stage_i/mult_operand_a_ex_o_reg[20]/D (SDFFARX1_RVT)
                                                          0.00 &     0.87 f
  data arrival time                                                  0.87

  clock clk_i (rise edge)                                 0.00       0.00
  clock network delay (propagated)                        0.68       0.68
  u_core/core_i/id_stage_i/mult_operand_a_ex_o_reg[20]/CLK (SDFFARX1_RVT)
                                                                     0.68 r
  clock reconvergence pessimism                          -0.02       0.66
  clock uncertainty                                       0.10       0.76
  library hold time                                      -0.07       0.69
  data required time                                                 0.69
  ------------------------------------------------------------------------------
  data required time                                                 0.69
  data arrival time                                                 -0.87
  ------------------------------------------------------------------------------
  slack (MET)                                                        0.18


  Startpoint: u_core/core_i/if_stage_i/pc_id_o_reg[18]
               (rising edge-triggered flip-flop clocked by clk_i)
  Endpoint: u_core/core_i/id_stage_i/mult_operand_a_ex_o_reg[18]
               (rising edge-triggered flip-flop clocked by clk_i)
  Last common pin: u_core/core_i/ZCTSINV_6417_432/Y
  Path Group: clk_i
  Path Type: min

  Point                                                   Incr       Path
  ------------------------------------------------------------------------------
  clock clk_i (rise edge)                                 0.00       0.00
  clock network delay (propagated)                        0.42       0.42
  u_core/core_i/if_stage_i/pc_id_o_reg[18]/CLK (SDFFARX1_RVT)
                                                          0.00       0.42 r
  u_core/core_i/if_stage_i/pc_id_o_reg[18]/Q (SDFFARX1_RVT)
                                                          0.19 &     0.61 f
  u_core/core_i/U3392/Y (NBUFFX4_HVT)                     0.06 &     0.68 f
  u_core/core_i/U_1_PTECO_DRC_BUF97/Y (NBUFFX8_LVT)       0.06 &     0.73 f
  u_core/core_i/id_stage_i/U2950/Y (AO222X1_HVT)          0.14 &     0.88 f
  u_core/core_i/id_stage_i/mult_operand_a_ex_o_reg[18]/D (SDFFARX1_RVT)
                                                          0.00 &     0.88 f
  data arrival time                                                  0.88

  clock clk_i (rise edge)                                 0.00       0.00
  clock network delay (propagated)                        0.68       0.68
  u_core/core_i/id_stage_i/mult_operand_a_ex_o_reg[18]/CLK (SDFFARX1_RVT)
                                                                     0.68 r
  clock reconvergence pessimism                          -0.02       0.66
  clock uncertainty                                       0.10       0.76
  library hold time                                      -0.08       0.68
  data required time                                                 0.68
  ------------------------------------------------------------------------------
  data required time                                                 0.68
  data arrival time                                                 -0.88
  ------------------------------------------------------------------------------
  slack (MET)                                                        0.20


  Startpoint: u_core/core_i/if_stage_i/pc_id_o_reg[18]
               (rising edge-triggered flip-flop clocked by clk_i)
  Endpoint: u_core/core_i/cs_registers_i/depc_q_reg[18]
               (rising edge-triggered flip-flop clocked by clk_i)
  Last common pin: u_core/core_i/sleep_unit_i/core_clock_gate_i/u_icg/GCLK
  Path Group: clk_i
  Path Type: min

  Point                                                   Incr       Path
  ------------------------------------------------------------------------------
  clock clk_i (rise edge)                                 0.00       0.00
  clock network delay (propagated)                        0.42       0.42
  u_core/core_i/if_stage_i/pc_id_o_reg[18]/CLK (SDFFARX1_RVT)
                                                          0.00       0.42 r
  u_core/core_i/if_stage_i/pc_id_o_reg[18]/Q (SDFFARX1_RVT)
                                                          0.19 &     0.61 f
  u_core/core_i/U3392/Y (NBUFFX4_HVT)                     0.06 &     0.68 f
  u_core/core_i/U_1_PTECO_DRC_BUF97/Y (NBUFFX8_LVT)       0.06 &     0.73 f
  u_core/core_i/cs_registers_i/U1283/Y (AO222X1_HVT)      0.09 &     0.82 f
  u_core/core_i/cs_registers_i/depc_q_reg[18]/D (SDFFARX1_RVT)
                                                          0.00 &     0.82 f
  data arrival time                                                  0.82

  clock clk_i (rise edge)                                 0.00       0.00
  clock network delay (propagated)                        0.59       0.59
  u_core/core_i/cs_registers_i/depc_q_reg[18]/CLK (SDFFARX1_RVT)     0.59 r
  clock reconvergence pessimism                          -0.00       0.58
  clock uncertainty                                       0.10       0.68
  library hold time                                      -0.06       0.63
  data required time                                                 0.63
  ------------------------------------------------------------------------------
  data required time                                                 0.63
  data arrival time                                                 -0.82
  ------------------------------------------------------------------------------
  slack (MET)                                                        0.20


  Startpoint: u_core/core_i/if_stage_i/pc_id_o_reg[21]
               (rising edge-triggered flip-flop clocked by clk_i)
  Endpoint: u_core/core_i/id_stage_i/mult_operand_a_ex_o_reg[21]
               (rising edge-triggered flip-flop clocked by clk_i)
  Last common pin: u_core/core_i/ZCTSINV_6417_432/Y
  Path Group: clk_i
  Path Type: min

  Point                                                   Incr       Path
  ------------------------------------------------------------------------------
  clock clk_i (rise edge)                                 0.00       0.00
  clock network delay (propagated)                        0.42       0.42
  u_core/core_i/if_stage_i/pc_id_o_reg[21]/CLK (SDFFARX1_RVT)
                                                          0.00       0.42 r
  u_core/core_i/if_stage_i/pc_id_o_reg[21]/Q (SDFFARX1_RVT)
                                                          0.19 &     0.61 f
  u_core/core_i/U3340/Y (NBUFFX4_HVT)                     0.12 &     0.73 f
  u_core/core_i/id_stage_i/U2956/Y (AO222X1_HVT)          0.16 &     0.89 f
  u_core/core_i/id_stage_i/mult_operand_a_ex_o_reg[21]/D (SDFFARX1_RVT)
                                                          0.00 &     0.89 f
  data arrival time                                                  0.89

  clock clk_i (rise edge)                                 0.00       0.00
  clock network delay (propagated)                        0.68       0.68
  u_core/core_i/id_stage_i/mult_operand_a_ex_o_reg[21]/CLK (SDFFARX1_RVT)
                                                                     0.68 r
  clock reconvergence pessimism                          -0.02       0.66
  clock uncertainty                                       0.10       0.76
  library hold time                                      -0.08       0.68
  data required time                                                 0.68
  ------------------------------------------------------------------------------
  data required time                                                 0.68
  data arrival time                                                 -0.89
  ------------------------------------------------------------------------------
  slack (MET)                                                        0.21


  Startpoint: u_core/core_i/if_stage_i/pc_id_o_reg[9]
               (rising edge-triggered flip-flop clocked by clk_i)
  Endpoint: u_core/core_i/cs_registers_i/depc_q_reg[9]
               (rising edge-triggered flip-flop clocked by clk_i)
  Last common pin: u_core/core_i/sleep_unit_i/core_clock_gate_i/u_icg/GCLK
  Path Group: clk_i
  Path Type: min

  Point                                                   Incr       Path
  ------------------------------------------------------------------------------
  clock clk_i (rise edge)                                 0.00       0.00
  clock network delay (propagated)                        0.42       0.42
  u_core/core_i/if_stage_i/pc_id_o_reg[9]/CLK (SDFFARX1_RVT)
                                                          0.00       0.42 r
  u_core/core_i/if_stage_i/pc_id_o_reg[9]/Q (SDFFARX1_RVT)
                                                          0.19 &     0.61 f
  u_core/core_i/U2987/Y (NBUFFX4_HVT)                     0.11 &     0.72 f
  u_core/core_i/cs_registers_i/U1308/Y (AO222X1_HVT)      0.11 &     0.83 f
  u_core/core_i/cs_registers_i/depc_q_reg[9]/D (SDFFARX1_RVT)
                                                          0.00 &     0.83 f
  data arrival time                                                  0.83

  clock clk_i (rise edge)                                 0.00       0.00
  clock network delay (propagated)                        0.59       0.59
  u_core/core_i/cs_registers_i/depc_q_reg[9]/CLK (SDFFARX1_RVT)      0.59 r
  clock reconvergence pessimism                          -0.00       0.58
  clock uncertainty                                       0.10       0.68
  library hold time                                      -0.06       0.63
  data required time                                                 0.63
  ------------------------------------------------------------------------------
  data required time                                                 0.63
  data arrival time                                                 -0.83
  ------------------------------------------------------------------------------
  slack (MET)                                                        0.21


  Startpoint: u_core/core_i/if_stage_i/pc_id_o_reg[20]
               (rising edge-triggered flip-flop clocked by clk_i)
  Endpoint: u_core/core_i/cs_registers_i/depc_q_reg[20]
               (rising edge-triggered flip-flop clocked by clk_i)
  Last common pin: u_core/core_i/sleep_unit_i/core_clock_gate_i/u_icg/GCLK
  Path Group: clk_i
  Path Type: min

  Point                                                   Incr       Path
  ------------------------------------------------------------------------------
  clock clk_i (rise edge)                                 0.00       0.00
  clock network delay (propagated)                        0.42       0.42
  u_core/core_i/if_stage_i/pc_id_o_reg[20]/CLK (SDFFARX1_RVT)
                                                          0.00       0.42 r
  u_core/core_i/if_stage_i/pc_id_o_reg[20]/Q (SDFFARX1_RVT)
                                                          0.19 &     0.61 f
  u_core/core_i/U3366/Y (NBUFFX4_HVT)                     0.07 &     0.68 f
  u_core/core_i/U_1_PTECO_DRC_BUF185/Y (NBUFFX8_RVT)      0.07 &     0.75 f
  u_core/core_i/cs_registers_i/U1279/Y (AO222X1_HVT)      0.09 &     0.84 f
  u_core/core_i/cs_registers_i/depc_q_reg[20]/D (SDFFARX1_RVT)
                                                          0.00 &     0.84 f
  data arrival time                                                  0.84

  clock clk_i (rise edge)                                 0.00       0.00
  clock network delay (propagated)                        0.59       0.59
  u_core/core_i/cs_registers_i/depc_q_reg[20]/CLK (SDFFARX1_RVT)     0.59 r
  clock reconvergence pessimism                          -0.00       0.58
  clock uncertainty                                       0.10       0.68
  library hold time                                      -0.05       0.63
  data required time                                                 0.63
  ------------------------------------------------------------------------------
  data required time                                                 0.63
  data arrival time                                                 -0.84
  ------------------------------------------------------------------------------
  slack (MET)                                                        0.21


  Startpoint: u_core/core_i/if_stage_i/pc_id_o_reg[15]
               (rising edge-triggered flip-flop clocked by clk_i)
  Endpoint: u_core/core_i/id_stage_i/mult_operand_a_ex_o_reg[15]
               (rising edge-triggered flip-flop clocked by clk_i)
  Last common pin: u_core/core_i/ZCTSINV_6417_432/Y
  Path Group: clk_i
  Path Type: min

  Point                                                   Incr       Path
  ------------------------------------------------------------------------------
  clock clk_i (rise edge)                                 0.00       0.00
  clock network delay (propagated)                        0.42       0.42
  u_core/core_i/if_stage_i/pc_id_o_reg[15]/CLK (SDFFARX1_RVT)
                                                          0.00       0.42 r
  u_core/core_i/if_stage_i/pc_id_o_reg[15]/Q (SDFFARX1_RVT)
                                                          0.21 &     0.63 f
  u_core/core_i/U3065/Y (NBUFFX4_HVT)                     0.09 &     0.72 f
  u_core/core_i/U_1_PTECO_DRC_BUF273/Y (NBUFFX8_RVT)      0.07 &     0.78 f
  u_core/core_i/id_stage_i/U2941/Y (AO222X1_HVT)          0.12 &     0.91 f
  u_core/core_i/id_stage_i/mult_operand_a_ex_o_reg[15]/D (SDFFARX1_RVT)
                                                          0.00 &     0.91 f
  data arrival time                                                  0.91

  clock clk_i (rise edge)                                 0.00       0.00
  clock network delay (propagated)                        0.68       0.68
  u_core/core_i/id_stage_i/mult_operand_a_ex_o_reg[15]/CLK (SDFFARX1_RVT)
                                                                     0.68 r
  clock reconvergence pessimism                          -0.02       0.66
  clock uncertainty                                       0.10       0.76
  library hold time                                      -0.07       0.69
  data required time                                                 0.69
  ------------------------------------------------------------------------------
  data required time                                                 0.69
  data arrival time                                                 -0.91
  ------------------------------------------------------------------------------
  slack (MET)                                                        0.22


  Startpoint: u_core/core_i/if_stage_i/pc_id_o_reg[4]
               (rising edge-triggered flip-flop clocked by clk_i)
  Endpoint: u_core/core_i/cs_registers_i/depc_q_reg[4]
               (rising edge-triggered flip-flop clocked by clk_i)
  Last common pin: u_core/core_i/sleep_unit_i/core_clock_gate_i/u_icg/GCLK
  Path Group: clk_i
  Path Type: min

  Point                                                   Incr       Path
  ------------------------------------------------------------------------------
  clock clk_i (rise edge)                                 0.00       0.00
  clock network delay (propagated)                        0.42       0.42
  u_core/core_i/if_stage_i/pc_id_o_reg[4]/CLK (SDFFARX1_RVT)
                                                          0.00       0.42 r
  u_core/core_i/if_stage_i/pc_id_o_reg[4]/Q (SDFFARX1_RVT)
                                                          0.22 &     0.64 f
  u_core/core_i/U3394/Y (NBUFFX2_HVT)                     0.11 &     0.75 f
  u_core/core_i/cs_registers_i/U1319/Y (AO222X1_HVT)      0.10 &     0.85 f
  u_core/core_i/cs_registers_i/depc_q_reg[4]/D (SDFFARX1_RVT)
                                                          0.00 &     0.85 f
  data arrival time                                                  0.85

  clock clk_i (rise edge)                                 0.00       0.00
  clock network delay (propagated)                        0.59       0.59
  u_core/core_i/cs_registers_i/depc_q_reg[4]/CLK (SDFFARX1_RVT)      0.59 r
  clock reconvergence pessimism                          -0.00       0.58
  clock uncertainty                                       0.10       0.68
  library hold time                                      -0.06       0.63
  data required time                                                 0.63
  ------------------------------------------------------------------------------
  data required time                                                 0.63
  data arrival time                                                 -0.85
  ------------------------------------------------------------------------------
  slack (MET)                                                        0.22


  Startpoint: u_core/core_i/cs_registers_i/mhpmcounter_q_reg[2][0]
               (rising edge-triggered flip-flop clocked by clk_i)
  Endpoint: u_core/core_i/cs_registers_i/mhpmcounter_q_reg[2][0]
               (rising edge-triggered flip-flop clocked by clk_i)
  Last common pin: u_core/core_i/cs_registers_i/clk_gate_mhpmcounter_q_reg[2]_0/latch/GCLK
  Path Group: clk_i
  Path Type: min

  Point                                                   Incr       Path
  ------------------------------------------------------------------------------
  clock clk_i (rise edge)                                 0.00       0.00
  clock network delay (propagated)                        0.44       0.44
  u_core/core_i/cs_registers_i/mhpmcounter_q_reg[2][0]/CLK (SDFFARX1_RVT)
                                                          0.00       0.44 r
  u_core/core_i/cs_registers_i/mhpmcounter_q_reg[2][0]/QN (SDFFARX1_RVT)
                                                          0.14 &     0.58 f
  u_core/core_i/cs_registers_i/U1860/Y (AO22X1_HVT)       0.08 &     0.66 f
  u_core/core_i/cs_registers_i/eco_cell_19_0/Y (NBUFFX2_HVT)
                                                          0.06 &     0.72 f
  u_core/core_i/cs_registers_i/mhpmcounter_q_reg[2][0]/D (SDFFARX1_RVT)
                                                          0.00 &     0.72 f
  data arrival time                                                  0.72

  clock clk_i (rise edge)                                 0.00       0.00
  clock network delay (propagated)                        0.47       0.47
  u_core/core_i/cs_registers_i/mhpmcounter_q_reg[2][0]/CLK (SDFFARX1_RVT)
                                                                     0.47 r
  clock reconvergence pessimism                          -0.02       0.44
  clock uncertainty                                       0.10       0.54
  library hold time                                      -0.05       0.49
  data required time                                                 0.49
  ------------------------------------------------------------------------------
  data required time                                                 0.49
  data arrival time                                                 -0.72
  ------------------------------------------------------------------------------
  slack (MET)                                                        0.23


  Startpoint: u_core/core_i/if_stage_i/pc_id_o_reg[2]
               (rising edge-triggered flip-flop clocked by clk_i)
  Endpoint: u_core/core_i/cs_registers_i/depc_q_reg[2]
               (rising edge-triggered flip-flop clocked by clk_i)
  Last common pin: u_core/core_i/sleep_unit_i/core_clock_gate_i/u_icg/GCLK
  Path Group: clk_i
  Path Type: min

  Point                                                   Incr       Path
  ------------------------------------------------------------------------------
  clock clk_i (rise edge)                                 0.00       0.00
  clock network delay (propagated)                        0.42       0.42
  u_core/core_i/if_stage_i/pc_id_o_reg[2]/CLK (SDFFARX1_RVT)
                                                          0.00       0.42 r
  u_core/core_i/if_stage_i/pc_id_o_reg[2]/Q (SDFFARX1_RVT)
                                                          0.21 &     0.63 f
  u_core/core_i/U3417/Y (NBUFFX2_HVT)                     0.12 &     0.75 f
  u_core/core_i/cs_registers_i/U1323/Y (AO222X1_HVT)      0.10 &     0.85 f
  u_core/core_i/cs_registers_i/depc_q_reg[2]/D (SDFFARX1_RVT)
                                                          0.00 &     0.85 f
  data arrival time                                                  0.85

  clock clk_i (rise edge)                                 0.00       0.00
  clock network delay (propagated)                        0.59       0.59
  u_core/core_i/cs_registers_i/depc_q_reg[2]/CLK (SDFFARX1_RVT)      0.59 r
  clock reconvergence pessimism                          -0.00       0.58
  clock uncertainty                                       0.10       0.68
  library hold time                                      -0.06       0.63
  data required time                                                 0.63
  ------------------------------------------------------------------------------
  data required time                                                 0.63
  data arrival time                                                 -0.85
  ------------------------------------------------------------------------------
  slack (MET)                                                        0.23


  Startpoint: u_core/core_i/cs_registers_i/mhpmcounter_q_reg[3][0]
               (rising edge-triggered flip-flop clocked by clk_i)
  Endpoint: u_core/core_i/cs_registers_i/mhpmcounter_q_reg[3][0]
               (rising edge-triggered flip-flop clocked by clk_i)
  Last common pin: u_core/core_i/cs_registers_i/clk_gate_mhpmcounter_q_reg[3]_0/latch/GCLK
  Path Group: clk_i
  Path Type: min

  Point                                                   Incr       Path
  ------------------------------------------------------------------------------
  clock clk_i (rise edge)                                 0.00       0.00
  clock network delay (propagated)                        0.44       0.44
  u_core/core_i/cs_registers_i/mhpmcounter_q_reg[3][0]/CLK (SDFFARX1_RVT)
                                                          0.00       0.44 r
  u_core/core_i/cs_registers_i/mhpmcounter_q_reg[3][0]/QN (SDFFARX1_RVT)
                                                          0.14 &     0.58 f
  u_core/core_i/cs_registers_i/U1597/Y (AO22X1_HVT)       0.08 &     0.66 f
  u_core/core_i/cs_registers_i/eco_cell_21_0/Y (NBUFFX2_HVT)
                                                          0.06 &     0.72 f
  u_core/core_i/cs_registers_i/mhpmcounter_q_reg[3][0]/D (SDFFARX1_RVT)
                                                          0.00 &     0.72 f
  data arrival time                                                  0.72

  clock clk_i (rise edge)                                 0.00       0.00
  clock network delay (propagated)                        0.46       0.46
  u_core/core_i/cs_registers_i/mhpmcounter_q_reg[3][0]/CLK (SDFFARX1_RVT)
                                                                     0.46 r
  clock reconvergence pessimism                          -0.02       0.44
  clock uncertainty                                       0.10       0.54
  library hold time                                      -0.05       0.49
  data required time                                                 0.49
  ------------------------------------------------------------------------------
  data required time                                                 0.49
  data arrival time                                                 -0.72
  ------------------------------------------------------------------------------
  slack (MET)                                                        0.23


  Startpoint: u_core/core_i/if_stage_i/instr_rdata_id_o_reg[14]
               (rising edge-triggered flip-flop clocked by clk_i)
  Endpoint: u_core/core_i/id_stage_i/mult_operator_ex_o_reg[2]
               (rising edge-triggered flip-flop clocked by clk_i)
  Last common pin: u_core/core_i/ZCTSINV_6417_432/Y
  Path Group: clk_i
  Path Type: min

  Point                                                   Incr       Path
  ------------------------------------------------------------------------------
  clock clk_i (rise edge)                                 0.00       0.00
  clock network delay (propagated)                        0.42       0.42
  u_core/core_i/if_stage_i/instr_rdata_id_o_reg[14]/CLK (SDFFARX1_RVT)
                                                          0.00       0.42 r
  u_core/core_i/if_stage_i/instr_rdata_id_o_reg[14]/Q (SDFFARX1_RVT)
                                                          0.19 &     0.60 r
  u_core/core_i/ZBUF_688_inst_1974/Y (NBUFFX4_HVT)        0.09 &     0.69 r
  u_core/core_i/id_stage_i/U65/Y (INVX2_HVT)              0.07 &     0.76 f
  u_core/core_i/id_stage_i/U2671/Y (AND3X1_HVT)           0.15 &     0.92 f
  u_core/core_i/id_stage_i/mult_operator_ex_o_reg[2]/D (SDFFARX1_RVT)
                                                          0.00 &     0.92 f
  data arrival time                                                  0.92

  clock clk_i (rise edge)                                 0.00       0.00
  clock network delay (propagated)                        0.68       0.68
  u_core/core_i/id_stage_i/mult_operator_ex_o_reg[2]/CLK (SDFFARX1_RVT)
                                                                     0.68 r
  clock reconvergence pessimism                          -0.02       0.66
  clock uncertainty                                       0.10       0.76
  library hold time                                      -0.07       0.69
  data required time                                                 0.69
  ------------------------------------------------------------------------------
  data required time                                                 0.69
  data arrival time                                                 -0.92
  ------------------------------------------------------------------------------
  slack (MET)                                                        0.23


  Startpoint: u_core/core_i/if_stage_i/pc_id_o_reg[7]
               (rising edge-triggered flip-flop clocked by clk_i)
  Endpoint: u_core/core_i/cs_registers_i/depc_q_reg[7]
               (rising edge-triggered flip-flop clocked by clk_i)
  Last common pin: u_core/core_i/sleep_unit_i/core_clock_gate_i/u_icg/GCLK
  Path Group: clk_i
  Path Type: min

  Point                                                   Incr       Path
  ------------------------------------------------------------------------------
  clock clk_i (rise edge)                                 0.00       0.00
  clock network delay (propagated)                        0.42       0.42
  u_core/core_i/if_stage_i/pc_id_o_reg[7]/CLK (SDFFARX1_RVT)
                                                          0.00       0.42 r
  u_core/core_i/if_stage_i/pc_id_o_reg[7]/Q (SDFFARX1_RVT)
                                                          0.19 &     0.61 f
  u_core/core_i/ZBUF_92_inst_2941/Y (NBUFFX2_HVT)         0.07 &     0.68 f
  u_core/core_i/U3151/Y (NBUFFX2_HVT)                     0.09 &     0.76 f
  u_core/core_i/cs_registers_i/U1312/Y (AO222X1_HVT)      0.09 &     0.86 f
  u_core/core_i/cs_registers_i/depc_q_reg[7]/D (SDFFARX1_RVT)
                                                          0.00 &     0.86 f
  data arrival time                                                  0.86

  clock clk_i (rise edge)                                 0.00       0.00
  clock network delay (propagated)                        0.59       0.59
  u_core/core_i/cs_registers_i/depc_q_reg[7]/CLK (SDFFARX1_RVT)      0.59 r
  clock reconvergence pessimism                          -0.00       0.58
  clock uncertainty                                       0.10       0.68
  library hold time                                      -0.05       0.63
  data required time                                                 0.63
  ------------------------------------------------------------------------------
  data required time                                                 0.63
  data arrival time                                                 -0.86
  ------------------------------------------------------------------------------
  slack (MET)                                                        0.23


  Startpoint: u_core/core_i/if_stage_i/instr_rdata_id_o_reg[15]
               (rising edge-triggered flip-flop clocked by clk_i)
  Endpoint: u_core/core_i/id_stage_i/mult_operand_a_ex_o_reg[0]
               (rising edge-triggered flip-flop clocked by clk_i)
  Last common pin: u_core/core_i/ZCTSINV_6417_432/Y
  Path Group: clk_i
  Path Type: min

  Point                                                   Incr       Path
  ------------------------------------------------------------------------------
  clock clk_i (rise edge)                                 0.00       0.00
  clock network delay (propagated)                        0.42       0.42
  u_core/core_i/if_stage_i/instr_rdata_id_o_reg[15]/CLK (SDFFARX1_RVT)
                                                          0.00       0.42 r
  u_core/core_i/if_stage_i/instr_rdata_id_o_reg[15]/Q (SDFFARX1_RVT)
                                                          0.18 &     0.60 f
  u_core/core_i/ZBUF_544_inst_2752/Y (NBUFFX4_HVT)        0.09 &     0.69 f
  u_core/core_i/id_stage_i/ZBUF_266_inst_2751/Y (NBUFFX2_HVT)
                                                          0.09 &     0.79 f
  u_core/core_i/id_stage_i/U2895/Y (AO222X1_HVT)          0.13 &     0.92 f
  u_core/core_i/id_stage_i/mult_operand_a_ex_o_reg[0]/D (SDFFARX1_RVT)
                                                          0.00 &     0.92 f
  data arrival time                                                  0.92

  clock clk_i (rise edge)                                 0.00       0.00
  clock network delay (propagated)                        0.68       0.68
  u_core/core_i/id_stage_i/mult_operand_a_ex_o_reg[0]/CLK (SDFFARX1_RVT)
                                                                     0.68 r
  clock reconvergence pessimism                          -0.02       0.66
  clock uncertainty                                       0.10       0.76
  library hold time                                      -0.08       0.68
  data required time                                                 0.68
  ------------------------------------------------------------------------------
  data required time                                                 0.68
  data arrival time                                                 -0.92
  ------------------------------------------------------------------------------
  slack (MET)                                                        0.23


  Startpoint: u_core/core_i/cs_registers_i/mhpmcounter_q_reg[0][0]
               (rising edge-triggered flip-flop clocked by clk_i)
  Endpoint: u_core/core_i/cs_registers_i/mhpmcounter_q_reg[0][0]
               (rising edge-triggered flip-flop clocked by clk_i)
  Last common pin: u_core/core_i/cs_registers_i/clk_gate_mhpmcounter_q_reg[0]_0/latch/GCLK
  Path Group: clk_i
  Path Type: min

  Point                                                   Incr       Path
  ------------------------------------------------------------------------------
  clock clk_i (rise edge)                                 0.00       0.00
  clock network delay (propagated)                        0.44       0.44
  u_core/core_i/cs_registers_i/mhpmcounter_q_reg[0][0]/CLK (SDFFARX1_RVT)
                                                          0.00       0.44 r
  u_core/core_i/cs_registers_i/mhpmcounter_q_reg[0][0]/QN (SDFFARX1_RVT)
                                                          0.15 &     0.59 f
  u_core/core_i/cs_registers_i/U2121/Y (AO22X1_HVT)       0.08 &     0.67 f
  u_core/core_i/cs_registers_i/eco_cell_23_0/Y (NBUFFX2_HVT)
                                                          0.06 &     0.73 f
  u_core/core_i/cs_registers_i/mhpmcounter_q_reg[0][0]/D (SDFFARX1_RVT)
                                                          0.00 &     0.73 f
  data arrival time                                                  0.73

  clock clk_i (rise edge)                                 0.00       0.00
  clock network delay (propagated)                        0.46       0.46
  u_core/core_i/cs_registers_i/mhpmcounter_q_reg[0][0]/CLK (SDFFARX1_RVT)
                                                                     0.46 r
  clock reconvergence pessimism                          -0.02       0.44
  clock uncertainty                                       0.10       0.54
  library hold time                                      -0.05       0.49
  data required time                                                 0.49
  ------------------------------------------------------------------------------
  data required time                                                 0.49
  data arrival time                                                 -0.73
  ------------------------------------------------------------------------------
  slack (MET)                                                        0.23


  Startpoint: u_core/core_i/id_stage_i/mhpmevent_minstret_o_reg
               (rising edge-triggered flip-flop clocked by clk_i)
  Endpoint: u_core/core_i/cs_registers_i/mhpmcounter_q_reg[2][33]
               (rising edge-triggered flip-flop clocked by clk_i)
  Last common pin: u_core/core_i/sleep_unit_i/core_clock_gate_i/u_icg/GCLK
  Path Group: clk_i
  Path Type: min

  Point                                                   Incr       Path
  ------------------------------------------------------------------------------
  clock clk_i (rise edge)                                 0.00       0.00
  clock network delay (propagated)                        0.26       0.26
  u_core/core_i/id_stage_i/mhpmevent_minstret_o_reg/CLK (SDFFARX1_RVT)
                                                          0.00       0.26 r
  u_core/core_i/id_stage_i/mhpmevent_minstret_o_reg/Q (SDFFARX1_RVT)
                                                          0.21 &     0.47 f
  u_core/core_i/cs_registers_i/U289/Y (NAND4X0_HVT)       0.08 &     0.55 r
  u_core/core_i/cs_registers_i/U144/Y (NBUFFX2_HVT)       0.10 &     0.65 r
  u_core/core_i/cs_registers_i/U145/Y (INVX8_HVT)         0.06 &     0.71 f
  u_core/core_i/cs_registers_i/U1734/Y (AO22X1_HVT)       0.08 &     0.79 f
  u_core/core_i/cs_registers_i/eco_cell_25_0/Y (NBUFFX2_HVT)
                                                          0.05 &     0.84 f
  u_core/core_i/cs_registers_i/mhpmcounter_q_reg[2][33]/D (SDFFARX1_RVT)
                                                          0.00 &     0.84 f
  data arrival time                                                  0.84

  clock clk_i (rise edge)                                 0.00       0.00
  clock network delay (propagated)                        0.55       0.55
  u_core/core_i/cs_registers_i/mhpmcounter_q_reg[2][33]/CLK (SDFFARX1_RVT)
                                                                     0.55 r
  clock reconvergence pessimism                          -0.00       0.55
  clock uncertainty                                       0.10       0.65
  library hold time                                      -0.05       0.60
  data required time                                                 0.60
  ------------------------------------------------------------------------------
  data required time                                                 0.60
  data arrival time                                                 -0.84
  ------------------------------------------------------------------------------
  slack (MET)                                                        0.24


  Startpoint: u_core/core_i/id_stage_i/mhpmevent_minstret_o_reg
               (rising edge-triggered flip-flop clocked by clk_i)
  Endpoint: u_core/core_i/cs_registers_i/mhpmcounter_q_reg[2][56]
               (rising edge-triggered flip-flop clocked by clk_i)
  Last common pin: u_core/core_i/sleep_unit_i/core_clock_gate_i/u_icg/GCLK
  Path Group: clk_i
  Path Type: min

  Point                                                   Incr       Path
  ------------------------------------------------------------------------------
  clock clk_i (rise edge)                                 0.00       0.00
  clock network delay (propagated)                        0.26       0.26
  u_core/core_i/id_stage_i/mhpmevent_minstret_o_reg/CLK (SDFFARX1_RVT)
                                                          0.00       0.26 r
  u_core/core_i/id_stage_i/mhpmevent_minstret_o_reg/Q (SDFFARX1_RVT)
                                                          0.21 &     0.47 f
  u_core/core_i/cs_registers_i/U289/Y (NAND4X0_HVT)       0.08 &     0.55 r
  u_core/core_i/cs_registers_i/U144/Y (NBUFFX2_HVT)       0.10 &     0.65 r
  u_core/core_i/cs_registers_i/U145/Y (INVX8_HVT)         0.06 &     0.71 f
  u_core/core_i/cs_registers_i/U1828/Y (AO22X1_HVT)       0.08 &     0.79 f
  u_core/core_i/cs_registers_i/eco_cell_41_0/Y (NBUFFX2_HVT)
                                                          0.05 &     0.84 f
  u_core/core_i/cs_registers_i/mhpmcounter_q_reg[2][56]/D (SDFFARX1_RVT)
                                                          0.00 &     0.84 f
  data arrival time                                                  0.84

  clock clk_i (rise edge)                                 0.00       0.00
  clock network delay (propagated)                        0.55       0.55
  u_core/core_i/cs_registers_i/mhpmcounter_q_reg[2][56]/CLK (SDFFARX1_RVT)
                                                                     0.55 r
  clock reconvergence pessimism                          -0.00       0.55
  clock uncertainty                                       0.10       0.65
  library hold time                                      -0.05       0.60
  data required time                                                 0.60
  ------------------------------------------------------------------------------
  data required time                                                 0.60
  data arrival time                                                 -0.84
  ------------------------------------------------------------------------------
  slack (MET)                                                        0.24


  Startpoint: u_core/core_i/id_stage_i/mhpmevent_minstret_o_reg
               (rising edge-triggered flip-flop clocked by clk_i)
  Endpoint: u_core/core_i/cs_registers_i/mhpmcounter_q_reg[2][34]
               (rising edge-triggered flip-flop clocked by clk_i)
  Last common pin: u_core/core_i/sleep_unit_i/core_clock_gate_i/u_icg/GCLK
  Path Group: clk_i
  Path Type: min

  Point                                                   Incr       Path
  ------------------------------------------------------------------------------
  clock clk_i (rise edge)                                 0.00       0.00
  clock network delay (propagated)                        0.26       0.26
  u_core/core_i/id_stage_i/mhpmevent_minstret_o_reg/CLK (SDFFARX1_RVT)
                                                          0.00       0.26 r
  u_core/core_i/id_stage_i/mhpmevent_minstret_o_reg/Q (SDFFARX1_RVT)
                                                          0.21 &     0.47 f
  u_core/core_i/cs_registers_i/U289/Y (NAND4X0_HVT)       0.08 &     0.55 r
  u_core/core_i/cs_registers_i/U144/Y (NBUFFX2_HVT)       0.10 &     0.65 r
  u_core/core_i/cs_registers_i/U145/Y (INVX8_HVT)         0.06 &     0.71 f
  u_core/core_i/cs_registers_i/U1738/Y (AO22X1_HVT)       0.08 &     0.79 f
  u_core/core_i/cs_registers_i/eco_cell_29_0/Y (NBUFFX2_HVT)
                                                          0.05 &     0.84 f
  u_core/core_i/cs_registers_i/mhpmcounter_q_reg[2][34]/D (SDFFARX1_RVT)
                                                          0.00 &     0.84 f
  data arrival time                                                  0.84

  clock clk_i (rise edge)                                 0.00       0.00
  clock network delay (propagated)                        0.55       0.55
  u_core/core_i/cs_registers_i/mhpmcounter_q_reg[2][34]/CLK (SDFFARX1_RVT)
                                                                     0.55 r
  clock reconvergence pessimism                          -0.00       0.55
  clock uncertainty                                       0.10       0.65
  library hold time                                      -0.05       0.60
  data required time                                                 0.60
  ------------------------------------------------------------------------------
  data required time                                                 0.60
  data arrival time                                                 -0.84
  ------------------------------------------------------------------------------
  slack (MET)                                                        0.24


  Startpoint: u_core/core_i/id_stage_i/mhpmevent_minstret_o_reg
               (rising edge-triggered flip-flop clocked by clk_i)
  Endpoint: u_core/core_i/cs_registers_i/mhpmcounter_q_reg[2][54]
               (rising edge-triggered flip-flop clocked by clk_i)
  Last common pin: u_core/core_i/sleep_unit_i/core_clock_gate_i/u_icg/GCLK
  Path Group: clk_i
  Path Type: min

  Point                                                   Incr       Path
  ------------------------------------------------------------------------------
  clock clk_i (rise edge)                                 0.00       0.00
  clock network delay (propagated)                        0.26       0.26
  u_core/core_i/id_stage_i/mhpmevent_minstret_o_reg/CLK (SDFFARX1_RVT)
                                                          0.00       0.26 r
  u_core/core_i/id_stage_i/mhpmevent_minstret_o_reg/Q (SDFFARX1_RVT)
                                                          0.21 &     0.47 f
  u_core/core_i/cs_registers_i/U289/Y (NAND4X0_HVT)       0.08 &     0.55 r
  u_core/core_i/cs_registers_i/U144/Y (NBUFFX2_HVT)       0.10 &     0.65 r
  u_core/core_i/cs_registers_i/U145/Y (INVX8_HVT)         0.06 &     0.71 f
  u_core/core_i/cs_registers_i/U1820/Y (AO22X1_HVT)       0.08 &     0.79 f
  u_core/core_i/cs_registers_i/eco_cell_47_0/Y (NBUFFX2_HVT)
                                                          0.05 &     0.84 f
  u_core/core_i/cs_registers_i/mhpmcounter_q_reg[2][54]/D (SDFFARX1_RVT)
                                                          0.00 &     0.84 f
  data arrival time                                                  0.84

  clock clk_i (rise edge)                                 0.00       0.00
  clock network delay (propagated)                        0.55       0.55
  u_core/core_i/cs_registers_i/mhpmcounter_q_reg[2][54]/CLK (SDFFARX1_RVT)
                                                                     0.55 r
  clock reconvergence pessimism                          -0.00       0.55
  clock uncertainty                                       0.10       0.65
  library hold time                                      -0.05       0.60
  data required time                                                 0.60
  ------------------------------------------------------------------------------
  data required time                                                 0.60
  data arrival time                                                 -0.84
  ------------------------------------------------------------------------------
  slack (MET)                                                        0.24


  Startpoint: u_core/core_i/id_stage_i/mhpmevent_minstret_o_reg
               (rising edge-triggered flip-flop clocked by clk_i)
  Endpoint: u_core/core_i/cs_registers_i/mhpmcounter_q_reg[2][58]
               (rising edge-triggered flip-flop clocked by clk_i)
  Last common pin: u_core/core_i/sleep_unit_i/core_clock_gate_i/u_icg/GCLK
  Path Group: clk_i
  Path Type: min

  Point                                                   Incr       Path
  ------------------------------------------------------------------------------
  clock clk_i (rise edge)                                 0.00       0.00
  clock network delay (propagated)                        0.26       0.26
  u_core/core_i/id_stage_i/mhpmevent_minstret_o_reg/CLK (SDFFARX1_RVT)
                                                          0.00       0.26 r
  u_core/core_i/id_stage_i/mhpmevent_minstret_o_reg/Q (SDFFARX1_RVT)
                                                          0.21 &     0.47 f
  u_core/core_i/cs_registers_i/U289/Y (NAND4X0_HVT)       0.08 &     0.55 r
  u_core/core_i/cs_registers_i/U144/Y (NBUFFX2_HVT)       0.10 &     0.65 r
  u_core/core_i/cs_registers_i/U145/Y (INVX8_HVT)         0.06 &     0.71 f
  u_core/core_i/cs_registers_i/U1836/Y (AO22X1_HVT)       0.08 &     0.79 f
  u_core/core_i/cs_registers_i/eco_cell_43_0/Y (NBUFFX2_HVT)
                                                          0.05 &     0.84 f
  u_core/core_i/cs_registers_i/mhpmcounter_q_reg[2][58]/D (SDFFARX1_RVT)
                                                          0.00 &     0.84 f
  data arrival time                                                  0.84

  clock clk_i (rise edge)                                 0.00       0.00
  clock network delay (propagated)                        0.56       0.56
  u_core/core_i/cs_registers_i/mhpmcounter_q_reg[2][58]/CLK (SDFFARX1_RVT)
                                                                     0.56 r
  clock reconvergence pessimism                          -0.00       0.55
  clock uncertainty                                       0.10       0.65
  library hold time                                      -0.05       0.60
  data required time                                                 0.60
  ------------------------------------------------------------------------------
  data required time                                                 0.60
  data arrival time                                                 -0.84
  ------------------------------------------------------------------------------
  slack (MET)                                                        0.24

Warning: report_timing has satisfied the max_paths criteria. There are 2295 further endpoints which have paths of interest with slack less than   100.00 that were not considered when generating this report. (UITE-502)

1
