****************************************
Report : constraint
	-all_violators
	-path slack_only
Design : cv32e40p_synth_wrap
Version: W-2024.09-SP5-3
Date   : Sat May  9 11:42:53 2026
****************************************






   max_capacitance

                             Required        Actual
   Pin                      Capacitance    Capacitance       Slack
   -----------------------------------------------------------------
   u_core/core_i/U1115/Y       16.00          63.64         -47.64  (VIOLATED)
   u_core/core_i/U1812/Y        8.00          51.28         -43.28  (VIOLATED)
   u_core/core_i/U1816/Y        8.00          39.47         -31.47  (VIOLATED)
   u_core/core_i/cs_registers_i/U7/Y
                               16.00          45.89         -29.89  (VIOLATED)
   u_core/core_i/U14/Y         16.00          43.79         -27.79  (VIOLATED)
   u_core/core_i/id_stage_i/U3/Y
                               16.00          42.89         -26.89  (VIOLATED)
   u_core/core_i/id_stage_i/U27/Y
                               16.00          42.89         -26.89  (VIOLATED)
   u_core/core_i/cs_registers_i/U498/Y
                               16.00          42.65         -26.65  (VIOLATED)
   u_core/core_i/id_stage_i/U20/Y
                               16.00          41.75         -25.75  (VIOLATED)
   u_core/core_i/id_stage_i/U18/Y
                               16.00          40.61         -24.61  (VIOLATED)
   u_core/core_i/id_stage_i/U7/Y
                               16.00          39.47         -23.47  (VIOLATED)
   u_core/core_i/U15/Y         16.00          39.14         -23.14  (VIOLATED)
   u_core/core_i/id_stage_i/U21/Y
                               16.00          38.33         -22.33  (VIOLATED)
   u_core/core_i/cs_registers_i/U8/Y
                               16.00          37.75         -21.75  (VIOLATED)
   u_core/core_i/id_stage_i/U11/Y
                               16.00          37.19         -21.19  (VIOLATED)
   u_core/core_i/id_stage_i/U19/Y
                               16.00          37.19         -21.19  (VIOLATED)
   u_core/core_i/id_stage_i/U23/Y
                               16.00          37.19         -21.19  (VIOLATED)
   u_core/core_i/id_stage_i/U28/Y
                               16.00          37.19         -21.19  (VIOLATED)
   u_core/core_i/U19/Y         16.00          36.88         -20.88  (VIOLATED)
   u_core/core_i/id_stage_i/U32/Y
                               16.00          36.06         -20.06  (VIOLATED)
   u_core/core_i/id_stage_i/U40/Y
                               16.00          36.06         -20.06  (VIOLATED)
   u_core/core_i/U20/Y         16.00          35.76         -19.76  (VIOLATED)
   u_core/core_i/U100/Y        16.00          35.76         -19.76  (VIOLATED)
   u_core/core_i/id_stage_i/U4/Y
                               16.00          34.92         -18.92  (VIOLATED)
   u_core/core_i/id_stage_i/U34/Y
                               16.00          34.92         -18.92  (VIOLATED)
   u_core/core_i/id_stage_i/U35/Y
                               16.00          34.92         -18.92  (VIOLATED)
   u_core/core_i/U36/Y         16.00          34.63         -18.63  (VIOLATED)
   u_core/core_i/U60/Y         16.00          34.63         -18.63  (VIOLATED)
   u_core/core_i/id_stage_i/U5/Y
                               16.00          33.78         -17.78  (VIOLATED)
   u_core/core_i/id_stage_i/U10/Y
                               16.00          33.78         -17.78  (VIOLATED)
   u_core/core_i/id_stage_i/U13/Y
                               16.00          33.78         -17.78  (VIOLATED)
   u_core/core_i/id_stage_i/U14/Y
                               16.00          33.78         -17.78  (VIOLATED)
   u_core/core_i/id_stage_i/U16/Y
                               16.00          33.78         -17.78  (VIOLATED)
   u_core/core_i/id_stage_i/U29/Y
                               16.00          33.78         -17.78  (VIOLATED)
   u_core/core_i/cs_registers_i/U6/Y
                               16.00          33.55         -17.55  (VIOLATED)
   u_core/core_i/U25/Y         16.00          33.51         -17.51  (VIOLATED)
   u_core/core_i/U107/Y        16.00          33.51         -17.51  (VIOLATED)
   u_core/core_i/cs_registers_i/U9/Y
                               16.00          33.10         -17.10  (VIOLATED)
   u_core/core_i/cs_registers_i/U10/Y
                               16.00          33.10         -17.10  (VIOLATED)
   u_core/core_i/id_stage_i/U15/Y
                               16.00          32.64         -16.64  (VIOLATED)
   u_core/core_i/id_stage_i/U26/Y
                               16.00          32.64         -16.64  (VIOLATED)
   u_core/core_i/U114/Y        16.00          32.38         -16.38  (VIOLATED)
   u_core/core_i/U148/Y        16.00          32.38         -16.38  (VIOLATED)
   u_core/core_i/U276/Y        16.00          32.38         -16.38  (VIOLATED)
   u_core/core_i/U1888/Y        8.00          24.34         -16.34  (VIOLATED)
   u_core/core_i/id_stage_i/U8/Y
                               16.00          31.50         -15.50  (VIOLATED)
   u_core/core_i/id_stage_i/U17/Y
                               16.00          31.50         -15.50  (VIOLATED)
   u_core/core_i/id_stage_i/U22/Y
                               16.00          31.50         -15.50  (VIOLATED)
   u_core/core_i/id_stage_i/U37/Y
                               16.00          31.50         -15.50  (VIOLATED)
   u_core/core_i/cs_registers_i/U72/Y
                               16.00          31.42         -15.42  (VIOLATED)
   u_core/core_i/cs_registers_i/U14/Y
                               16.00          30.92         -14.92  (VIOLATED)
   u_core/core_i/U1297/Y        8.00          22.58         -14.58  (VIOLATED)
   u_core/core_i/id_stage_i/U9/Y
                               16.00          30.36         -14.36  (VIOLATED)
   u_core/core_i/U22/Y         16.00          30.13         -14.13  (VIOLATED)
   u_core/core_i/U96/Y         16.00          30.13         -14.13  (VIOLATED)
   u_core/core_i/U102/Y        16.00          30.13         -14.13  (VIOLATED)
   u_core/core_i/cs_registers_i/U12/Y
                               16.00          29.61         -13.61  (VIOLATED)
   u_core/core_i/id_stage_i/U24/Y
                               16.00          29.22         -13.22  (VIOLATED)
   u_core/core_i/cs_registers_i/U174/Y
                                8.00          21.10         -13.10  (VIOLATED)
   u_core/core_i/U29/Y         16.00          29.01         -13.01  (VIOLATED)
   u_core/core_i/cs_registers_i/U11/Y
                               16.00          28.45         -12.45  (VIOLATED)
   u_core/core_i/U21/Y          8.00          20.34         -12.34  (VIOLATED)
   u_core/core_i/id_stage_i/U196/Y
                                8.00          20.03         -12.03  (VIOLATED)
   u_core/core_i/U12/Y         16.00          27.88         -11.88  (VIOLATED)
   u_core/core_i/id_stage_i/U118/Y
                                8.00          19.65         -11.65  (VIOLATED)
   u_core/core_i/U1082/Y        8.00          19.55         -11.55  (VIOLATED)
   u_core/core_i/U1822/Y        8.00          19.49         -11.49  (VIOLATED)
   u_core/core_i/id_stage_i/U307/Y
                                8.00          19.41         -11.41  (VIOLATED)
   u_core/core_i/id_stage_i/U380/Y
                                8.00          19.33         -11.33  (VIOLATED)
   u_core/core_i/cs_registers_i/U4/Y
                               16.00          27.29         -11.29  (VIOLATED)
   u_core/core_i/id_stage_i/U135/Y
                                8.00          19.23         -11.23  (VIOLATED)
   u_core/core_i/id_stage_i/U194/Y
                                8.00          19.13         -11.13  (VIOLATED)
   u_core/core_i/cs_registers_i/U169/Y
                                8.00          19.10         -11.10  (VIOLATED)
   u_core/core_i/cs_registers_i/U137/Y
                                8.00          19.02         -11.02  (VIOLATED)
   u_core/core_i/id_stage_i/U379/Y
                                8.00          18.98         -10.98  (VIOLATED)
   u_core/core_i/cs_registers_i/U166/Y
                                8.00          18.96         -10.96  (VIOLATED)
   u_core/core_i/id_stage_i/U83/Y
                                8.00          18.92         -10.92  (VIOLATED)
   u_core/core_i/id_stage_i/U112/Y
                                8.00          18.91         -10.91  (VIOLATED)
   u_core/core_i/U28/Y         16.00          26.75         -10.75  (VIOLATED)
   u_core/core_i/U183/Y        16.00          26.75         -10.75  (VIOLATED)
   u_core/core_i/id_stage_i/U121/Y
                                8.00          18.70         -10.70  (VIOLATED)
   u_core/core_i/cs_registers_i/U168/Y
                                8.00          18.36         -10.36  (VIOLATED)
   u_core/core_i/cs_registers_i/U136/Y
                                8.00          18.36         -10.36  (VIOLATED)
   u_core/core_i/cs_registers_i/U170/Y
                                8.00          18.36         -10.36  (VIOLATED)
   u_core/core_i/id_stage_i/U116/Y
                                8.00          18.18         -10.18  (VIOLATED)
   u_core/core_i/cs_registers_i/U5/Y
                               16.00          26.12         -10.12  (VIOLATED)
   u_core/core_i/id_stage_i/U197/Y
                                8.00          18.08         -10.08  (VIOLATED)
   u_core/core_i/cs_registers_i/U1113/Y
                                8.00          18.06         -10.06  (VIOLATED)
   u_core/core_i/U24/Y          8.00          17.86          -9.86  (VIOLATED)
   u_core/core_i/U4466/Y        8.00          17.85          -9.85  (VIOLATED)
   u_core/core_i/id_stage_i/U122/Y
                                8.00          17.84          -9.84  (VIOLATED)
   u_core/core_i/id_stage_i/U6/Y
                               16.00          25.80          -9.80  (VIOLATED)
   u_core/core_i/U4458/Y        8.00          17.67          -9.67  (VIOLATED)
   u_core/core_i/U23/Y         16.00          25.63          -9.63  (VIOLATED)
   u_core/core_i/id_stage_i/U89/Y
                                8.00          17.44          -9.44  (VIOLATED)
   u_core/core_i/id_stage_i/U90/Y
                                8.00          17.44          -9.44  (VIOLATED)
   u_core/core_i/id_stage_i/U91/Y
                                8.00          17.44          -9.44  (VIOLATED)
   u_core/core_i/id_stage_i/U92/Y
                                8.00          17.44          -9.44  (VIOLATED)
   u_core/core_i/id_stage_i/U93/Y
                                8.00          17.44          -9.44  (VIOLATED)
   u_core/core_i/id_stage_i/U94/Y
                                8.00          17.44          -9.44  (VIOLATED)
   u_core/core_i/id_stage_i/U95/Y
                                8.00          17.44          -9.44  (VIOLATED)
   u_core/core_i/id_stage_i/U97/Y
                                8.00          17.44          -9.44  (VIOLATED)
   u_core/core_i/id_stage_i/U98/Y
                                8.00          17.44          -9.44  (VIOLATED)
   u_core/core_i/id_stage_i/U99/Y
                                8.00          17.44          -9.44  (VIOLATED)
   u_core/core_i/id_stage_i/U100/Y
                                8.00          17.44          -9.44  (VIOLATED)
   u_core/core_i/id_stage_i/U101/Y
                                8.00          17.44          -9.44  (VIOLATED)
   u_core/core_i/id_stage_i/U102/Y
                                8.00          17.44          -9.44  (VIOLATED)
   u_core/core_i/id_stage_i/U103/Y
                                8.00          17.44          -9.44  (VIOLATED)
   u_core/core_i/id_stage_i/U104/Y
                                8.00          17.44          -9.44  (VIOLATED)
   u_core/core_i/id_stage_i/U105/Y
                                8.00          17.44          -9.44  (VIOLATED)
   u_core/core_i/id_stage_i/U106/Y
                                8.00          17.44          -9.44  (VIOLATED)
   u_core/core_i/id_stage_i/U107/Y
                                8.00          17.44          -9.44  (VIOLATED)
   u_core/core_i/id_stage_i/U108/Y
                                8.00          17.44          -9.44  (VIOLATED)
   u_core/core_i/id_stage_i/U109/Y
                                8.00          17.44          -9.44  (VIOLATED)
   u_core/core_i/id_stage_i/U110/Y
                                8.00          17.44          -9.44  (VIOLATED)
   u_core/core_i/id_stage_i/U111/Y
                                8.00          17.44          -9.44  (VIOLATED)
   u_core/core_i/id_stage_i/U113/Y
                                8.00          17.44          -9.44  (VIOLATED)
   u_core/core_i/id_stage_i/U114/Y
                                8.00          17.44          -9.44  (VIOLATED)
   u_core/core_i/id_stage_i/U115/Y
                                8.00          17.44          -9.44  (VIOLATED)
   u_core/core_i/id_stage_i/U117/Y
                                8.00          17.44          -9.44  (VIOLATED)
   u_core/core_i/id_stage_i/U119/Y
                                8.00          17.44          -9.44  (VIOLATED)
   u_core/core_i/id_stage_i/U190/Y
                                8.00          17.42          -9.42  (VIOLATED)
   u_core/core_i/cs_registers_i/U85/Y
                               16.00          25.38          -9.38  (VIOLATED)
   u_core/core_i/cs_registers_i/U189/Y
                                8.00          17.37          -9.37  (VIOLATED)
   u_core/core_i/U1909/Y        8.00          17.19          -9.19  (VIOLATED)
   u_core/core_i/U2909/Y        8.00          17.16          -9.16  (VIOLATED)
   u_core/core_i/id_stage_i/U1368/Y
                               16.00          25.15          -9.15  (VIOLATED)
   u_core/core_i/U1117/Y        8.00          16.74          -8.74  (VIOLATED)
   u_core/core_i/id_stage_i/U39/Y
                               16.00          24.67          -8.67  (VIOLATED)
   u_core/core_i/U5771/Y        8.00          16.56          -8.56  (VIOLATED)
   u_core/core_i/U4455/Y        8.00          16.54          -8.54  (VIOLATED)
   u_core/core_i/cs_registers_i/U58/Y
                                8.00          16.53          -8.53  (VIOLATED)
   u_core/core_i/U13/Y         16.00          24.50          -8.50  (VIOLATED)
   u_core/core_i/U27/Y         16.00          24.50          -8.50  (VIOLATED)
   u_core/core_i/U120/Y        16.00          24.50          -8.50  (VIOLATED)
   u_core/core_i/U273/Y        16.00          24.50          -8.50  (VIOLATED)
   u_core/core_i/U1564/Y        8.00          16.37          -8.37  (VIOLATED)
   u_core/core_i/cs_registers_i/U83/Y
                                8.00          16.35          -8.35  (VIOLATED)
   u_core/core_i/cs_registers_i/U41/Y
                                8.00          16.33          -8.33  (VIOLATED)
   u_core/core_i/U2173/Y        8.00          16.28          -8.28  (VIOLATED)
   u_core/core_i/U1566/Y        8.00          15.97          -7.97  (VIOLATED)
   u_core/core_i/cs_registers_i/U51/Y
                                8.00          15.94          -7.94  (VIOLATED)
   u_core/core_i/cs_registers_i/U139/Y
                                8.00          15.74          -7.74  (VIOLATED)
   u_core/core_i/U2328/Y        8.00          15.59          -7.59  (VIOLATED)
   u_core/core_i/U10/Y         16.00          23.57          -7.57  (VIOLATED)
   u_core/core_i/id_stage_i/U130/Y
                                8.00          15.55          -7.55  (VIOLATED)
   u_core/core_i/cs_registers_i/U91/Y
                               16.00          23.40          -7.40  (VIOLATED)
   u_core/core_i/cs_registers_i/U1311/Y
                                8.00          15.38          -7.38  (VIOLATED)
   u_core/core_i/U208/Y        16.00          23.38          -7.38  (VIOLATED)
   u_core/core_i/id_stage_i/U1382/Y
                               16.00          23.27          -7.27  (VIOLATED)
   u_core/core_i/cs_registers_i/U74/Y
                               16.00          23.00          -7.00  (VIOLATED)
   u_core/core_i/id_stage_i/alu_operand_a_ex_o_reg[0]/Q
                                8.00          14.73          -6.73  (VIOLATED)
   u_core/core_i/cs_registers_i/U13/Y
                               16.00          22.64          -6.64  (VIOLATED)
   u_core/core_i/id_stage_i/U62/Y
                                8.00          14.60          -6.60  (VIOLATED)
   u_core/core_i/ex_stage_i/regfile_waddr_lsu_reg[1]/Q
                                8.00          14.52          -6.52  (VIOLATED)
   u_core/core_i/U4049/Y        8.00          14.49          -6.49  (VIOLATED)
   u_core/core_i/id_stage_i/U36/Y
                               16.00          22.39          -6.39  (VIOLATED)
   u_core/core_i/cs_registers_i/U194/Y
                                8.00          14.33          -6.33  (VIOLATED)
   u_core/core_i/id_stage_i/U60/Y
                                8.00          14.31          -6.31  (VIOLATED)
   u_core/core_i/U1554/Y        8.00          14.31          -6.31  (VIOLATED)
   u_core/core_i/U63/Y         16.00          22.25          -6.25  (VIOLATED)
   u_core/core_i/cs_registers_i/U264/Y
                                8.00          13.86          -5.86  (VIOLATED)
   u_core/core_i/U4183/Y        8.00          13.83          -5.83  (VIOLATED)
   u_core/core_i/U11/Y         16.00          21.78          -5.78  (VIOLATED)
   u_core/core_i/U939/Y         8.00          13.75          -5.75  (VIOLATED)
   u_core/core_i/U4439/Y        8.00          13.74          -5.74  (VIOLATED)
   u_core/core_i/cs_registers_i/U191/Y
                               16.00          21.72          -5.72  (VIOLATED)
   u_core/core_i/U1558/Y        8.00          13.71          -5.71  (VIOLATED)
   u_core/core_i/ex_stage_i/regfile_waddr_lsu_reg[3]/Q
                                8.00          13.48          -5.48  (VIOLATED)
   u_core/core_i/id_stage_i/U69/Y
                                8.00          13.38          -5.38  (VIOLATED)
   u_core/core_i/id_stage_i/U1381/Y
                               16.00          21.29          -5.29  (VIOLATED)
   u_core/core_i/id_stage_i/alu_operator_ex_o_reg[2]/Q
                                8.00          13.28          -5.28  (VIOLATED)
   u_core/core_i/id_stage_i/U12/Y
                               16.00          21.25          -5.25  (VIOLATED)
   u_core/core_i/id_stage_i/U30/Y
                               16.00          21.25          -5.25  (VIOLATED)
   u_core/core_i/id_stage_i/U38/Y
                               16.00          21.25          -5.25  (VIOLATED)
   u_core/core_i/id_stage_i/U61/Y
                                8.00          13.22          -5.22  (VIOLATED)
   u_core/core_i/U115/Y        16.00          21.13          -5.13  (VIOLATED)
   u_core/core_i/U1381/Y        8.00          13.05          -5.05  (VIOLATED)
   u_core/core_i/U306/Y         8.00          13.01          -5.01  (VIOLATED)
   u_core/core_i/U661/Y        16.00          20.96          -4.96  (VIOLATED)
   u_core/core_i/U1515/Y        8.00          12.96          -4.96  (VIOLATED)
   u_core/core_i/U1506/Y        8.00          12.96          -4.96  (VIOLATED)
   u_core/core_i/U1465/Y        8.00          12.94          -4.94  (VIOLATED)
   u_core/core_i/U1504/Y        8.00          12.94          -4.94  (VIOLATED)
   u_core/core_i/U1505/Y        8.00          12.94          -4.94  (VIOLATED)
   u_core/core_i/U1553/Y        8.00          12.94          -4.94  (VIOLATED)
   u_core/core_i/U1460/Y        8.00          12.94          -4.94  (VIOLATED)
   u_core/core_i/U1512/Y        8.00          12.91          -4.91  (VIOLATED)
   u_core/core_i/U1529/Y        8.00          12.81          -4.81  (VIOLATED)
   u_core/core_i/U1555/Y        8.00          12.66          -4.66  (VIOLATED)
   u_core/core_i/U1434/Y        8.00          12.63          -4.63  (VIOLATED)
   u_core/core_i/id_stage_i/U179/Y
                               16.00          20.57          -4.57  (VIOLATED)
   u_core/core_i/cs_registers_i/U200/Y
                               16.00          20.48          -4.48  (VIOLATED)
   u_core/core_i/U1366/Y        8.00          12.44          -4.44  (VIOLATED)
   u_core/core_i/id_stage_i/U33/Y
                               16.00          20.41          -4.41  (VIOLATED)
   u_core/core_i/U616/Y         8.00          12.31          -4.31  (VIOLATED)
   u_core/core_i/U5833/Y       16.00          20.10          -4.10  (VIOLATED)
   u_core/core_i/U1016/Y        8.00          12.09          -4.09  (VIOLATED)
   u_core/core_i/U275/Y        16.00          20.00          -4.00  (VIOLATED)
   u_core/core_i/U5767/Y        8.00          11.95          -3.95  (VIOLATED)
   u_core/core_i/id_stage_i/U266/Y
                               16.00          19.76          -3.76  (VIOLATED)
   u_core/core_i/id_stage_i/U268/Y
                               16.00          19.76          -3.76  (VIOLATED)
   u_core/core_i/id_stage_i/U269/Y
                               16.00          19.76          -3.76  (VIOLATED)
   u_core/core_i/id_stage_i/U273/Y
                               16.00          19.76          -3.76  (VIOLATED)
   u_core/core_i/id_stage_i/U279/Y
                               16.00          19.76          -3.76  (VIOLATED)
   u_core/core_i/id_stage_i/U288/Y
                               16.00          19.76          -3.76  (VIOLATED)
   u_core/core_i/id_stage_i/U289/Y
                               16.00          19.76          -3.76  (VIOLATED)
   u_core/core_i/id_stage_i/U290/Y
                               16.00          19.76          -3.76  (VIOLATED)
   u_core/core_i/id_stage_i/U294/Y
                               16.00          19.76          -3.76  (VIOLATED)
   u_core/core_i/id_stage_i/U274/Y
                               16.00          19.70          -3.70  (VIOLATED)
   u_core/core_i/id_stage_i/U275/Y
                               16.00          19.70          -3.70  (VIOLATED)
   u_core/core_i/id_stage_i/U278/Y
                               16.00          19.68          -3.68  (VIOLATED)
   u_core/core_i/U1414/Y        8.00          11.67          -3.67  (VIOLATED)
   u_core/core_i/U1645/Y        8.00          11.60          -3.60  (VIOLATED)
   u_core/core_i/U1667/Y        8.00          11.59          -3.59  (VIOLATED)
   u_core/core_i/U1084/Y        8.00          11.49          -3.49  (VIOLATED)
   u_core/core_i/ex_stage_i/regfile_waddr_lsu_reg[2]/Q
                                8.00          11.46          -3.46  (VIOLATED)
   u_core/core_i/id_stage_i/U802/Y
                               16.00          19.40          -3.40  (VIOLATED)
   u_core/core_i/id_stage_i/U879/Y
                               16.00          19.40          -3.40  (VIOLATED)
   u_core/core_i/id_stage_i/U1196/Y
                               16.00          19.40          -3.40  (VIOLATED)
   u_core/core_i/id_stage_i/U1209/Y
                               16.00          19.40          -3.40  (VIOLATED)
   u_core/core_i/id_stage_i/U344/Y
                               16.00          19.38          -3.38  (VIOLATED)
   u_core/core_i/id_stage_i/U345/Y
                               16.00          19.38          -3.38  (VIOLATED)
   u_core/core_i/id_stage_i/U347/Y
                               16.00          19.38          -3.38  (VIOLATED)
   u_core/core_i/id_stage_i/U599/Y
                               16.00          19.38          -3.38  (VIOLATED)
   u_core/core_i/cs_registers_i/U78/Y
                               16.00          19.32          -3.32  (VIOLATED)
   u_core/core_i/ex_stage_i/regfile_waddr_lsu_reg[4]/Q
                                8.00          11.26          -3.26  (VIOLATED)
   u_core/core_i/id_stage_i/U306/Y
                                8.00          11.17          -3.17  (VIOLATED)
   u_core/core_i/cs_registers_i/U152/Y
                                8.00          11.07          -3.07  (VIOLATED)
   u_core/core_i/U1556/Y        8.00          11.03          -3.03  (VIOLATED)
   u_core/core_i/U1367/Y        8.00          11.01          -3.01  (VIOLATED)
   u_core/core_i/U5768/Y        8.00          10.97          -2.97  (VIOLATED)
   u_core/core_i/id_stage_i/U1351/Y
                               16.00          18.95          -2.95  (VIOLATED)
   u_core/core_i/id_stage_i/U208/Y
                               16.00          18.89          -2.89  (VIOLATED)
   u_core/core_i/cs_registers_i/U2177/Y
                                8.00          10.85          -2.85  (VIOLATED)
   u_core/core_i/cs_registers_i/U197/Y
                               16.00          18.84          -2.84  (VIOLATED)
   u_core/core_i/id_stage_i/U2648/Y
                                8.00          10.83          -2.83  (VIOLATED)
   u_core/core_i/cs_registers_i/U62/Y
                                8.00          10.82          -2.82  (VIOLATED)
   u_core/core_i/id_stage_i/U855/Y
                               16.00          18.78          -2.78  (VIOLATED)
   u_core/core_i/id_stage_i/U1201/Y
                               16.00          18.78          -2.78  (VIOLATED)
   u_core/core_i/id_stage_i/U377/Y
                               16.00          18.77          -2.77  (VIOLATED)
   u_core/core_i/id_stage_i/U1189/Y
                               16.00          18.72          -2.72  (VIOLATED)
   u_core/core_i/id_stage_i/U1237/Y
                               16.00          18.72          -2.72  (VIOLATED)
   u_core/core_i/id_stage_i/U1283/Y
                               16.00          18.72          -2.72  (VIOLATED)
   u_core/core_i/id_stage_i/U1296/Y
                               16.00          18.72          -2.72  (VIOLATED)
   u_core/core_i/id_stage_i/U1299/Y
                               16.00          18.72          -2.72  (VIOLATED)
   u_core/core_i/id_stage_i/U1307/Y
                               16.00          18.72          -2.72  (VIOLATED)
   u_core/core_i/id_stage_i/U1319/Y
                               16.00          18.72          -2.72  (VIOLATED)
   u_core/core_i/id_stage_i/U1314/Y
                               16.00          18.66          -2.66  (VIOLATED)
   u_core/core_i/U1261/Y        8.00          10.58          -2.58  (VIOLATED)
   u_core/core_i/id_stage_i/U229/Y
                               16.00          18.48          -2.48  (VIOLATED)
   u_core/core_i/id_stage_i/U265/Y
                               16.00          18.48          -2.48  (VIOLATED)
   u_core/core_i/cs_registers_i/U2176/Y
                                8.00          10.42          -2.42  (VIOLATED)
   u_core/core_i/cs_registers_i/U226/Y
                                8.00          10.41          -2.41  (VIOLATED)
   u_core/core_i/cs_registers_i/U1011/Y
                                8.00          10.31          -2.31  (VIOLATED)
   u_core/core_i/id_stage_i/U127/Y
                                8.00          10.27          -2.27  (VIOLATED)
   u_core/core_i/U4363/Y        8.00          10.14          -2.14  (VIOLATED)
   u_core/core_i/id_stage_i/U4182/Y
                                8.00          10.13          -2.13  (VIOLATED)
   u_core/core_i/id_stage_i/U4224/Y
                                8.00          10.13          -2.13  (VIOLATED)
   u_core/core_i/id_stage_i/U4266/Y
                                8.00          10.13          -2.13  (VIOLATED)
   u_core/core_i/id_stage_i/U4350/Y
                                8.00          10.13          -2.13  (VIOLATED)
   u_core/core_i/id_stage_i/U4434/Y
                                8.00          10.13          -2.13  (VIOLATED)
   u_core/core_i/id_stage_i/U4518/Y
                                8.00          10.13          -2.13  (VIOLATED)
   u_core/core_i/id_stage_i/U1193/Y
                               16.00          18.13          -2.13  (VIOLATED)
   u_core/core_i/id_stage_i/U601/Y
                               16.00          18.10          -2.10  (VIOLATED)
   u_core/core_i/id_stage_i/U626/Y
                               16.00          18.10          -2.10  (VIOLATED)
   u_core/core_i/id_stage_i/U651/Y
                               16.00          18.10          -2.10  (VIOLATED)
   u_core/core_i/id_stage_i/U652/Y
                               16.00          18.10          -2.10  (VIOLATED)
   u_core/core_i/id_stage_i/U677/Y
                               16.00          18.10          -2.10  (VIOLATED)
   u_core/core_i/id_stage_i/U727/Y
                               16.00          18.10          -2.10  (VIOLATED)
   u_core/core_i/id_stage_i/U732/Y
                               16.00          18.10          -2.10  (VIOLATED)
   u_core/core_i/id_stage_i/U736/Y
                               16.00          18.10          -2.10  (VIOLATED)
   u_core/core_i/id_stage_i/U741/Y
                               16.00          18.10          -2.10  (VIOLATED)
   u_core/core_i/id_stage_i/U85/Y
                                8.00          10.06          -2.06  (VIOLATED)
   u_core/core_i/cs_registers_i/U48/Y
                                8.00          10.00          -2.00  (VIOLATED)
   u_core/core_i/U1259/Y        8.00           9.96          -1.96  (VIOLATED)
   u_core/core_i/U3825/Y        8.00           9.96          -1.96  (VIOLATED)
   u_core/core_i/id_stage_i/U302/Y
                                8.00           9.91          -1.91  (VIOLATED)
   u_core/core_i/id_stage_i/U1273/Y
                               16.00          17.88          -1.88  (VIOLATED)
   u_core/core_i/id_stage_i/U31/Y
                               16.00          17.85          -1.85  (VIOLATED)
   u_core/core_i/id_stage_i/U205/Y
                               16.00          17.83          -1.83  (VIOLATED)
   u_core/core_i/id_stage_i/U1190/Y
                               16.00          17.83          -1.83  (VIOLATED)
   u_core/core_i/id_stage_i/U1192/Y
                               16.00          17.83          -1.83  (VIOLATED)
   u_core/core_i/id_stage_i/U1293/Y
                               16.00          17.83          -1.83  (VIOLATED)
   u_core/core_i/id_stage_i/U1297/Y
                               16.00          17.83          -1.83  (VIOLATED)
   u_core/core_i/id_stage_i/U1306/Y
                               16.00          17.83          -1.83  (VIOLATED)
   u_core/core_i/U2151/Y        8.00           9.81          -1.81  (VIOLATED)
   u_core/core_i/cs_registers_i/U60/Y
                                8.00           9.81          -1.81  (VIOLATED)
   u_core/core_i/id_stage_i/U1230/Y
                                8.00           9.78          -1.78  (VIOLATED)
   u_core/core_i/U5828/Y       16.00          17.77          -1.77  (VIOLATED)
   u_core/core_i/id_stage_i/U1261/Y
                                8.00           9.76          -1.76  (VIOLATED)
   u_core/core_i/id_stage_i/U1275/Y
                                8.00           9.76          -1.76  (VIOLATED)
   u_core/core_i/id_stage_i/U70/Y
                                8.00           9.76          -1.76  (VIOLATED)
   u_core/core_i/cs_registers_i/U227/Y
                                8.00           9.74          -1.74  (VIOLATED)
   u_core/core_i/U5825/Y       16.00          17.69          -1.69  (VIOLATED)
   u_core/core_i/U1317/Y        8.00           9.60          -1.60  (VIOLATED)
   u_core/core_i/cs_registers_i/U92/Y
                               16.00          17.58          -1.58  (VIOLATED)
   u_core/core_i/cs_registers_i/U238/Y
                                8.00           9.58          -1.58  (VIOLATED)
   u_core/core_i/U692/Y         8.00           9.56          -1.56  (VIOLATED)
   u_core/core_i/U1562/Y        8.00           9.53          -1.53  (VIOLATED)
   u_core/core_i/U1239/Y        8.00           9.53          -1.53  (VIOLATED)
   u_core/core_i/U623/Y         8.00           9.52          -1.52  (VIOLATED)
   u_core/core_i/id_stage_i/U212/Y
                                8.00           9.52          -1.52  (VIOLATED)
   u_core/core_i/id_stage_i/U1081/Y
                                8.00           9.52          -1.52  (VIOLATED)
   u_core/core_i/id_stage_i/U1194/Y
                                8.00           9.52          -1.52  (VIOLATED)
   u_core/core_i/id_stage_i/U1195/Y
                                8.00           9.52          -1.52  (VIOLATED)
   u_core/core_i/id_stage_i/U4308/Y
                                8.00           9.52          -1.52  (VIOLATED)
   u_core/core_i/id_stage_i/U382/Y
                               16.00          17.51          -1.51  (VIOLATED)
   u_core/core_i/id_stage_i/U184/Y
                                8.00           9.51          -1.51  (VIOLATED)
   u_core/core_i/U730/Y         8.00           9.48          -1.48  (VIOLATED)
   u_core/core_i/U1325/Y        8.00           9.43          -1.43  (VIOLATED)
   u_core/core_i/U712/Y         8.00           9.42          -1.42  (VIOLATED)
   u_core/core_i/U809/Y         8.00           9.42          -1.42  (VIOLATED)
   u_core/core_i/U763/Y         8.00           9.42          -1.42  (VIOLATED)
   u_core/core_i/U708/Y         8.00           9.40          -1.40  (VIOLATED)
   u_core/core_i/U759/Y         8.00           9.40          -1.40  (VIOLATED)
   u_core/core_i/U805/Y         8.00           9.40          -1.40  (VIOLATED)
   u_core/core_i/id_stage_i/alu_operand_b_ex_o_reg[0]/Q
                                8.00           9.32          -1.32  (VIOLATED)
   u_core/core_i/id_stage_i/U1258/Y
                                8.00           9.30          -1.30  (VIOLATED)
   u_core/core_i/id_stage_i/U1228/Y
                                8.00           9.29          -1.29  (VIOLATED)
   u_core/core_i/id_stage_i/U1285/Y
                                8.00           9.29          -1.29  (VIOLATED)
   u_core/core_i/U5772/Y        8.00           9.28          -1.28  (VIOLATED)
   u_core/core_i/id_stage_i/U240/Y
                               16.00          17.27          -1.27  (VIOLATED)
   u_core/core_i/id_stage_i/U242/Y
                               16.00          17.27          -1.27  (VIOLATED)
   u_core/core_i/id_stage_i/U246/Y
                               16.00          17.27          -1.27  (VIOLATED)
   u_core/core_i/id_stage_i/U287/Y
                               16.00          17.27          -1.27  (VIOLATED)
   u_core/core_i/id_stage_i/U796/Y
                               16.00          17.26          -1.26  (VIOLATED)
   u_core/core_i/U6/Y           8.00           9.25          -1.25  (VIOLATED)
   u_core/core_i/id_stage_i/regfile_alu_we_ex_o_reg/Q
                                8.00           9.25          -1.25  (VIOLATED)
   u_core/core_i/if_stage_i/instr_rdata_id_o_reg[30]/Q
                                8.00           9.25          -1.25  (VIOLATED)
   u_core/core_i/id_stage_i/U299/Y
                                8.00           9.24          -1.24  (VIOLATED)
   u_core/core_i/U4206/Y        8.00           9.22          -1.22  (VIOLATED)
   u_core/core_i/id_stage_i/U300/Y
                                8.00           9.21          -1.21  (VIOLATED)
   u_core/core_i/id_stage_i/U1229/Y
                                8.00           9.20          -1.20  (VIOLATED)
   u_core/core_i/id_stage_i/U1215/Y
                                8.00           9.19          -1.19  (VIOLATED)
   u_core/core_i/id_stage_i/U1217/Y
                                8.00           9.19          -1.19  (VIOLATED)
   u_core/core_i/id_stage_i/U1222/Y
                                8.00           9.19          -1.19  (VIOLATED)
   u_core/core_i/id_stage_i/U1251/Y
                                8.00           9.19          -1.19  (VIOLATED)
   u_core/core_i/id_stage_i/U1256/Y
                                8.00           9.19          -1.19  (VIOLATED)
   u_core/core_i/id_stage_i/U1304/Y
                                8.00           9.19          -1.19  (VIOLATED)
   u_core/core_i/id_stage_i/U1332/Y
                                8.00           9.19          -1.19  (VIOLATED)
   u_core/core_i/id_stage_i/U1342/Y
                                8.00           9.19          -1.19  (VIOLATED)
   u_core/core_i/id_stage_i/U1346/Y
                                8.00           9.19          -1.19  (VIOLATED)
   u_core/core_i/id_stage_i/U1357/Y
                                8.00           9.19          -1.19  (VIOLATED)
   u_core/core_i/id_stage_i/U1362/Y
                                8.00           9.19          -1.19  (VIOLATED)
   u_core/core_i/U5827/Y       16.00          17.18          -1.18  (VIOLATED)
   u_core/core_i/id_stage_i/U1223/Y
                                8.00           9.17          -1.17  (VIOLATED)
   u_core/core_i/id_stage_i/U1236/Y
                                8.00           9.17          -1.17  (VIOLATED)
   u_core/core_i/id_stage_i/U1244/Y
                                8.00           9.17          -1.17  (VIOLATED)
   u_core/core_i/id_stage_i/U1250/Y
                                8.00           9.17          -1.17  (VIOLATED)
   u_core/core_i/id_stage_i/U1255/Y
                                8.00           9.17          -1.17  (VIOLATED)
   u_core/core_i/id_stage_i/U1262/Y
                                8.00           9.17          -1.17  (VIOLATED)
   u_core/core_i/id_stage_i/U1284/Y
                                8.00           9.17          -1.17  (VIOLATED)
   u_core/core_i/id_stage_i/U1303/Y
                                8.00           9.17          -1.17  (VIOLATED)
   u_core/core_i/id_stage_i/U1311/Y
                                8.00           9.17          -1.17  (VIOLATED)
   u_core/core_i/id_stage_i/U1329/Y
                                8.00           9.17          -1.17  (VIOLATED)
   u_core/core_i/id_stage_i/U1336/Y
                                8.00           9.17          -1.17  (VIOLATED)
   u_core/core_i/id_stage_i/U1345/Y
                                8.00           9.17          -1.17  (VIOLATED)
   u_core/core_i/id_stage_i/U1321/Y
                                8.00           9.17          -1.17  (VIOLATED)
   u_core/core_i/id_stage_i/U1322/Y
                                8.00           9.17          -1.17  (VIOLATED)
   u_core/core_i/id_stage_i/U1377/Y
                               16.00          17.15          -1.15  (VIOLATED)
   u_core/core_i/U634/Y         8.00           9.15          -1.15  (VIOLATED)
   u_core/core_i/id_stage_i/U1210/Y
                                8.00           9.14          -1.14  (VIOLATED)
   u_core/core_i/id_stage_i/U214/Y
                                8.00           9.13          -1.13  (VIOLATED)
   u_core/core_i/U1055/Y        8.00           9.13          -1.13  (VIOLATED)
   u_core/core_i/id_stage_i/U1263/Y
                                8.00           9.13          -1.13  (VIOLATED)
   u_core/core_i/id_stage_i/U1312/Y
                                8.00           9.13          -1.13  (VIOLATED)
   u_core/core_i/U1102/Y        8.00           9.11          -1.11  (VIOLATED)
   u_core/core_i/U2967/Y        8.00           9.08          -1.08  (VIOLATED)
   u_core/core_i/U300/Y         8.00           9.06          -1.06  (VIOLATED)
   u_core/core_i/U5821/Y       16.00          17.05          -1.05  (VIOLATED)
   u_core/core_i/U727/Y         8.00           9.03          -1.03  (VIOLATED)
   u_core/core_i/U1097/Y        8.00           9.00          -1.00  (VIOLATED)
   u_core/core_i/U5822/Y       16.00          16.98          -0.98  (VIOLATED)
   u_core/core_i/cs_registers_i/U492/Y
                                8.00           8.97          -0.97  (VIOLATED)
   u_core/core_i/id_stage_i/U748/Y
                               16.00          16.91          -0.91  (VIOLATED)
   u_core/core_i/id_stage_i/U827/Y
                                8.00           8.91          -0.91  (VIOLATED)
   u_core/core_i/id_stage_i/U835/Y
                                8.00           8.91          -0.91  (VIOLATED)
   u_core/core_i/id_stage_i/U848/Y
                                8.00           8.91          -0.91  (VIOLATED)
   u_core/core_i/id_stage_i/U1029/Y
                                8.00           8.91          -0.91  (VIOLATED)
   u_core/core_i/id_stage_i/U1054/Y
                                8.00           8.91          -0.91  (VIOLATED)
   u_core/core_i/id_stage_i/U1079/Y
                                8.00           8.91          -0.91  (VIOLATED)
   u_core/core_i/id_stage_i/U1105/Y
                                8.00           8.91          -0.91  (VIOLATED)
   u_core/core_i/id_stage_i/U4056/Y
                                8.00           8.91          -0.91  (VIOLATED)
   u_core/core_i/if_stage_i/instr_rdata_id_o_reg[14]/Q
                                8.00           8.91          -0.91  (VIOLATED)
   u_core/core_i/id_stage_i/U2499/Y
                                8.00           8.86          -0.86  (VIOLATED)
   u_core/core_i/cs_registers_i/U163/Y
                                8.00           8.81          -0.81  (VIOLATED)
   u_core/core_i/U3909/Y       16.00          16.79          -0.79  (VIOLATED)
   u_core/core_i/id_stage_i/alu_operator_ex_o_reg[1]/Q
                                8.00           8.79          -0.79  (VIOLATED)
   u_core/core_i/id_stage_i/U1270/Y
                                8.00           8.78          -0.78  (VIOLATED)
   u_core/core_i/id_stage_i/U1276/Y
                                8.00           8.78          -0.78  (VIOLATED)
   u_core/core_i/cs_registers_i/U193/Y
                               16.00          16.75          -0.75  (VIOLATED)
   u_core/core_i/id_stage_i/U237/Y
                                8.00           8.74          -0.74  (VIOLATED)
   u_core/core_i/id_stage_i/U1218/Y
                                8.00           8.74          -0.74  (VIOLATED)
   u_core/core_i/id_stage_i/U1241/Y
                                8.00           8.74          -0.74  (VIOLATED)
   u_core/core_i/id_stage_i/U1245/Y
                                8.00           8.74          -0.74  (VIOLATED)
   u_core/core_i/id_stage_i/U1252/Y
                                8.00           8.74          -0.74  (VIOLATED)
   u_core/core_i/id_stage_i/U1259/Y
                                8.00           8.74          -0.74  (VIOLATED)
   u_core/core_i/id_stage_i/U1269/Y
                                8.00           8.74          -0.74  (VIOLATED)
   u_core/core_i/id_stage_i/U1274/Y
                                8.00           8.74          -0.74  (VIOLATED)
   u_core/core_i/id_stage_i/U1288/Y
                                8.00           8.74          -0.74  (VIOLATED)
   u_core/core_i/id_stage_i/U1295/Y
                                8.00           8.74          -0.74  (VIOLATED)
   u_core/core_i/id_stage_i/U1326/Y
                                8.00           8.74          -0.74  (VIOLATED)
   u_core/core_i/id_stage_i/U1333/Y
                                8.00           8.74          -0.74  (VIOLATED)
   u_core/core_i/id_stage_i/U1216/Y
                                8.00           8.73          -0.73  (VIOLATED)
   u_core/core_i/id_stage_i/U1220/Y
                                8.00           8.73          -0.73  (VIOLATED)
   u_core/core_i/id_stage_i/U1235/Y
                                8.00           8.73          -0.73  (VIOLATED)
   u_core/core_i/id_stage_i/U1246/Y
                                8.00           8.73          -0.73  (VIOLATED)
   u_core/core_i/id_stage_i/U1254/Y
                                8.00           8.73          -0.73  (VIOLATED)
   u_core/core_i/id_stage_i/U1260/Y
                                8.00           8.73          -0.73  (VIOLATED)
   u_core/core_i/id_stage_i/U1282/Y
                                8.00           8.73          -0.73  (VIOLATED)
   u_core/core_i/id_stage_i/U1300/Y
                                8.00           8.73          -0.73  (VIOLATED)
   u_core/core_i/id_stage_i/U1328/Y
                                8.00           8.73          -0.73  (VIOLATED)
   u_core/core_i/id_stage_i/U1335/Y
                                8.00           8.73          -0.73  (VIOLATED)
   u_core/core_i/cs_registers_i/U84/Y
                                8.00           8.71          -0.71  (VIOLATED)
   u_core/core_i/U645/Y         8.00           8.71          -0.71  (VIOLATED)
   u_core/core_i/id_stage_i/U1376/Y
                                8.00           8.62          -0.62  (VIOLATED)
   u_core/core_i/id_stage_i/U218/Y
                                8.00           8.61          -0.61  (VIOLATED)
   u_core/core_i/id_stage_i/U1226/Y
                                8.00           8.61          -0.61  (VIOLATED)
   u_core/core_i/id_stage_i/U1234/Y
                                8.00           8.61          -0.61  (VIOLATED)
   u_core/core_i/U4191/Y        8.00           8.60          -0.60  (VIOLATED)
   u_core/core_i/U340/Y         8.00           8.59          -0.59  (VIOLATED)
   u_core/core_i/id_stage_i/U1268/Y
                                8.00           8.58          -0.58  (VIOLATED)
   u_core/core_i/id_stage_i/U1334/Y
                                8.00           8.58          -0.58  (VIOLATED)
   u_core/core_i/U274/Y         8.00           8.57          -0.57  (VIOLATED)
   u_core/core_i/cs_registers_i/U496/Y
                                8.00           8.54          -0.54  (VIOLATED)
   u_core/core_i/U4451/Y        8.00           8.51          -0.51  (VIOLATED)
   u_core/core_i/if_stage_i/instr_rdata_id_o_reg[25]/Q
                                8.00           8.44          -0.44  (VIOLATED)
   u_core/core_i/U5823/Y       16.00          16.32          -0.32  (VIOLATED)
   u_core/core_i/id_stage_i/U3930/Y
                                8.00           8.30          -0.30  (VIOLATED)
   u_core/core_i/U314/Y         8.00           8.25          -0.25  (VIOLATED)
   u_core/core_i/id_stage_i/mult_operand_b_ex_o_reg[20]/Q
                                8.00           8.25          -0.25  (VIOLATED)
   u_core/core_i/U349/Y         8.00           8.22          -0.22  (VIOLATED)
   u_core/core_i/U1438/Y        8.00           8.20          -0.20  (VIOLATED)
   u_core/core_i/id_stage_i/U1265/Y
                                8.00           8.18          -0.18  (VIOLATED)
   u_core/core_i/id_stage_i/U1331/Y
                                8.00           8.18          -0.18  (VIOLATED)
   u_core/core_i/id_stage_i/U65/Y
                               16.00          16.17          -0.17  (VIOLATED)
   u_core/core_i/id_stage_i/U215/Y
                                8.00           8.17          -0.17  (VIOLATED)
   u_core/core_i/id_stage_i/U1224/Y
                                8.00           8.17          -0.17  (VIOLATED)
   u_core/core_i/id_stage_i/U1379/Y
                               16.00          16.16          -0.16  (VIOLATED)
   u_core/core_i/U1316/Y        8.00           8.13          -0.13  (VIOLATED)
   u_core/core_i/U345/Y         8.00           8.10          -0.10  (VIOLATED)
   u_core/core_i/U1320/Y        8.00           8.09          -0.09  (VIOLATED)
   u_core/core_i/U4874/Y        8.00           8.08          -0.08  (VIOLATED)
   u_core/core_i/cs_registers_i/U90/Y
                               16.00          16.05          -0.05  (VIOLATED)
   u_core/core_i/U5824/Y       16.00          16.03          -0.03  (VIOLATED)
   u_core/core_i/U343/Y         8.00           8.02          -0.02  (VIOLATED)
   u_core/core_i/id_stage_i/U199/Y
                                8.00           8.02          -0.02  (VIOLATED)


Warning: Transition times on not annotated delay arcs havebeen set to zero. Cannot perform max_transition checking. (PTE-057)
1
