****************************************
Report : clock timing
        -type skew
        -nworst 20
        -hold
Design : cv32e40p_synth_wrap
Version: W-2024.09-SP2
Date   : Sat May  9 11:46:28 2026
****************************************

  Mode: default
  Clock: clk_i

  Clock Pin                                          Latency      Skew             Corner
---------------------------------------------------------------------------------------------------
  u_core/core_i/id_stage_i/controller_i/debug_req_q_reg/CLK
                                                        0.04              rp-+    default
  u_core/core_i/id_stage_i/alu_operand_a_ex_o_reg[6]/CLK
                                                        0.34      0.30    rp-+    default

  u_core/core_i/id_stage_i/controller_i/debug_req_q_reg/CLK
                                                        0.04              rp-+    default
  u_core/core_i/id_stage_i/alu_operand_a_ex_o_reg[23]/CLK
                                                        0.34      0.30    rp-+    default

  u_core/core_i/id_stage_i/controller_i/debug_req_q_reg/CLK
                                                        0.04              rp-+    default
  u_core/core_i/id_stage_i/alu_operand_a_ex_o_reg[4]/CLK
                                                        0.34      0.30    rp-+    default

  u_core/core_i/id_stage_i/controller_i/debug_req_q_reg/CLK
                                                        0.04              rp-+    default
  u_core/core_i/id_stage_i/alu_operand_a_ex_o_reg[11]/CLK
                                                        0.34      0.30    rp-+    default

  u_core/core_i/id_stage_i/controller_i/debug_req_q_reg/CLK
                                                        0.04              rp-+    default
  u_core/core_i/id_stage_i/alu_operand_a_ex_o_reg[1]/CLK
                                                        0.34      0.30    rp-+    default

  u_core/core_i/id_stage_i/controller_i/debug_req_q_reg/CLK
                                                        0.04              rp-+    default
  u_core/core_i/id_stage_i/alu_operand_a_ex_o_reg[0]/CLK
                                                        0.34      0.30    rp-+    default

  u_core/core_i/id_stage_i/controller_i/debug_req_q_reg/CLK
                                                        0.04              rp-+    default
  u_core/core_i/id_stage_i/alu_operand_a_ex_o_reg[7]/CLK
                                                        0.34      0.30    rp-+    default

  u_core/core_i/id_stage_i/controller_i/debug_req_q_reg/CLK
                                                        0.04              rp-+    default
  u_core/core_i/id_stage_i/alu_operand_a_ex_o_reg[2]/CLK
                                                        0.34      0.29    rp-+    default

  u_core/core_i/id_stage_i/controller_i/debug_req_q_reg/CLK
                                                        0.04              rp-+    default
  u_core/core_i/id_stage_i/alu_operand_a_ex_o_reg[3]/CLK
                                                        0.34      0.29    rp-+    default

  u_core/core_i/id_stage_i/controller_i/debug_req_q_reg/CLK
                                                        0.04              rp-+    default
  u_core/core_i/id_stage_i/alu_operand_a_ex_o_reg[5]/CLK
                                                        0.34      0.29    rp-+    default

  u_core/core_i/id_stage_i/controller_i/debug_req_q_reg/CLK
                                                        0.04              rp-+    default
  u_core/core_i/id_stage_i/alu_operand_a_ex_o_reg[31]/CLK
                                                        0.34      0.29    rp-+    default

  u_core/core_i/id_stage_i/controller_i/debug_req_q_reg/CLK
                                                        0.04              rp-+    default
  u_core/core_i/id_stage_i/alu_operand_a_ex_o_reg[30]/CLK
                                                        0.34      0.29    rp-+    default

  u_core/core_i/id_stage_i/controller_i/debug_req_q_reg/CLK
                                                        0.04              rp-+    default
  u_core/core_i/id_stage_i/alu_operand_a_ex_o_reg[29]/CLK
                                                        0.34      0.29    rp-+    default

  u_core/core_i/id_stage_i/controller_i/debug_req_q_reg/CLK
                                                        0.04              rp-+    default
  u_core/core_i/id_stage_i/alu_operand_a_ex_o_reg[24]/CLK
                                                        0.34      0.29    rp-+    default

  u_core/core_i/id_stage_i/controller_i/debug_req_q_reg/CLK
                                                        0.04              rp-+    default
  u_core/core_i/id_stage_i/alu_operand_a_ex_o_reg[28]/CLK
                                                        0.34      0.29    rp-+    default

  u_core/core_i/id_stage_i/controller_i/debug_req_q_reg/CLK
                                                        0.04              rp-+    default
  u_core/core_i/id_stage_i/alu_operand_a_ex_o_reg[12]/CLK
                                                        0.34      0.29    rp-+    default

  u_core/core_i/id_stage_i/controller_i/debug_req_q_reg/CLK
                                                        0.04              rp-+    default
  u_core/core_i/id_stage_i/alu_operand_a_ex_o_reg[17]/CLK
                                                        0.34      0.29    rp-+    default

  u_core/core_i/id_stage_i/controller_i/debug_req_q_reg/CLK
                                                        0.04              rp-+    default
  u_core/core_i/id_stage_i/alu_operand_a_ex_o_reg[13]/CLK
                                                        0.34      0.29    rp-+    default

  u_core/core_i/id_stage_i/controller_i/debug_req_q_reg/CLK
                                                        0.04              rp-+    default
  u_core/core_i/id_stage_i/alu_operand_a_ex_o_reg[16]/CLK
                                                        0.34      0.29    rp-+    default

  u_core/core_i/id_stage_i/controller_i/debug_req_q_reg/CLK
                                                        0.04              rp-+    default
  u_core/core_i/id_stage_i/alu_operand_a_ex_o_reg[10]/CLK
                                                        0.34      0.29    rp-+    default

---------------------------------------------------------------------------------------------------
1
