****************************************
Report : clock timing
        -type latency
        -launch
        -nworst 20
        -setup
Design : cv32e40p_synth_wrap
Version: W-2024.09-SP2
Date   : Sat May  9 11:46:28 2026
****************************************

  Mode: default
  Clock: clk_i

                                                 --- Latency ---
  Clock Pin                             Trans   Source   Offset  Network    Total            Corner
---------------------------------------------------------------------------------------------------
  u_core/core_i/id_stage_i/register_file_i/mem_reg[4][19]/CLK
                                         0.09     0.00       --     0.35     0.35 rp-+      default
  u_core/core_i/id_stage_i/register_file_i/mem_reg[4][21]/CLK
                                         0.09     0.00       --     0.35     0.35 rp-+      default
  u_core/core_i/id_stage_i/register_file_i/mem_reg[4][24]/CLK
                                         0.09     0.00       --     0.35     0.35 rp-+      default
  u_core/core_i/id_stage_i/register_file_i/mem_reg[4][23]/CLK
                                         0.09     0.00       --     0.35     0.35 rp-+      default
  u_core/core_i/id_stage_i/register_file_i/mem_reg[4][27]/CLK
                                         0.09     0.00       --     0.35     0.35 rp-+      default
  u_core/core_i/id_stage_i/register_file_i/mem_reg[4][4]/CLK
                                         0.09     0.00       --     0.35     0.35 rp-+      default
  u_core/core_i/id_stage_i/register_file_i/mem_reg[4][15]/CLK
                                         0.09     0.00       --     0.35     0.35 rp-+      default
  u_core/core_i/id_stage_i/register_file_i/mem_reg[4][10]/CLK
                                         0.09     0.00       --     0.35     0.35 rp-+      default
  u_core/core_i/id_stage_i/register_file_i/mem_reg[4][1]/CLK
                                         0.09     0.00       --     0.35     0.35 rp-+      default
  u_core/core_i/id_stage_i/register_file_i/mem_reg[4][25]/CLK
                                         0.09     0.00       --     0.35     0.35 rp-+      default
  u_core/core_i/id_stage_i/register_file_i/mem_reg[4][26]/CLK
                                         0.09     0.00       --     0.35     0.35 rp-+      default
  u_core/core_i/id_stage_i/register_file_i/mem_reg[4][6]/CLK
                                         0.09     0.00       --     0.35     0.35 rp-+      default
  u_core/core_i/id_stage_i/register_file_i/mem_reg[4][30]/CLK
                                         0.09     0.00       --     0.35     0.35 rp-+      default
  u_core/core_i/id_stage_i/register_file_i/mem_reg[4][28]/CLK
                                         0.09     0.00       --     0.35     0.35 rp-+      default
  u_core/core_i/id_stage_i/register_file_i/mem_reg[4][20]/CLK
                                         0.09     0.00       --     0.34     0.34 rp-+      default
  u_core/core_i/id_stage_i/register_file_i/mem_reg[4][12]/CLK
                                         0.09     0.00       --     0.34     0.34 rp-+      default
  u_core/core_i/id_stage_i/register_file_i/mem_reg[4][17]/CLK
                                         0.09     0.00       --     0.34     0.34 rp-+      default
  u_core/core_i/id_stage_i/register_file_i/mem_reg[4][9]/CLK
                                         0.09     0.00       --     0.34     0.34 rp-+      default
  u_core/core_i/id_stage_i/register_file_i/mem_reg[4][8]/CLK
                                         0.09     0.00       --     0.34     0.34 rp-+      default
  u_core/core_i/id_stage_i/register_file_i/mem_reg[4][16]/CLK
                                         0.09     0.00       --     0.34     0.34 rp-+      default
---------------------------------------------------------------------------------------------------
1
