****************************************
Report : timing
        -path_type full
        -delay_type min
        -max_paths 20
        -report_by design
Design : cv32e40p_synth_wrap
Version: W-2024.09-SP2
Date   : Sat May  9 11:46:28 2026
****************************************

  Startpoint: u_core/core_i/id_stage_i/data_sign_ext_ex_o_reg[0] (rising edge-triggered flip-flop clocked by clk_i)
  Endpoint: u_core/core_i/load_store_unit_i/data_sign_ext_q_reg[0] (rising edge-triggered flip-flop clocked by clk_i)
  Mode: default
  Corner: default
  Scenario: default
  Path Group: clk_i
  Path Type: min

  Point                                            Incr      Path  
  ------------------------------------------------------------------------
  clock clk_i (rise edge)                          0.00      0.00
  clock network delay (propagated)                 0.27      0.27

  u_core/core_i/id_stage_i/data_sign_ext_ex_o_reg[0]/CLK (SDFFARX1_RVT)
                                                   0.00      0.27 r
  u_core/core_i/id_stage_i/data_sign_ext_ex_o_reg[0]/Q (SDFFARX1_RVT)
                                                   0.11      0.38 f
  u_core/core_i/load_store_unit_i/data_sign_ext_q_reg[0]/D (SDFFARX1_RVT)
                                                   0.00      0.38 f
  data arrival time                                          0.38

  clock clk_i (rise edge)                          0.00      0.00
  clock network delay (propagated)                 0.30      0.30
  u_core/core_i/load_store_unit_i/data_sign_ext_q_reg[0]/CLK (SDFFARX1_RVT)
                                                   0.00      0.30 r
  clock uncertainty                                0.10      0.40
  library hold time                               -0.04      0.36
  data required time                                         0.36
  ------------------------------------------------------------------------
  data required time                                         0.36
  data arrival time                                         -0.38
  ------------------------------------------------------------------------
  slack (MET)                                                0.01



  Startpoint: u_core/core_i/id_stage_i/data_type_ex_o_reg[0] (rising edge-triggered flip-flop clocked by clk_i)
  Endpoint: u_core/core_i/load_store_unit_i/data_type_q_reg[0] (rising edge-triggered flip-flop clocked by clk_i)
  Mode: default
  Corner: default
  Scenario: default
  Path Group: clk_i
  Path Type: min

  Point                                            Incr      Path  
  ------------------------------------------------------------------------
  clock clk_i (rise edge)                          0.00      0.00
  clock network delay (propagated)                 0.27      0.27

  u_core/core_i/id_stage_i/data_type_ex_o_reg[0]/CLK (SDFFARX1_RVT)
                                                   0.00      0.27 r
  u_core/core_i/id_stage_i/data_type_ex_o_reg[0]/Q (SDFFARX1_RVT)
                                                   0.11      0.38 f
  u_core/core_i/load_store_unit_i/data_type_q_reg[0]/D (SDFFARX1_RVT)
                                                   0.00      0.38 f
  data arrival time                                          0.38

  clock clk_i (rise edge)                          0.00      0.00
  clock network delay (propagated)                 0.30      0.30
  u_core/core_i/load_store_unit_i/data_type_q_reg[0]/CLK (SDFFARX1_RVT)
                                                   0.00      0.30 r
  clock uncertainty                                0.10      0.40
  library hold time                               -0.04      0.36
  data required time                                         0.36
  ------------------------------------------------------------------------
  data required time                                         0.36
  data arrival time                                         -0.38
  ------------------------------------------------------------------------
  slack (MET)                                                0.01



  Startpoint: u_core/core_i/id_stage_i/data_we_ex_o_reg (rising edge-triggered flip-flop clocked by clk_i)
  Endpoint: u_core/core_i/load_store_unit_i/data_we_q_reg (rising edge-triggered flip-flop clocked by clk_i)
  Mode: default
  Corner: default
  Scenario: default
  Path Group: clk_i
  Path Type: min

  Point                                            Incr      Path  
  ------------------------------------------------------------------------
  clock clk_i (rise edge)                          0.00      0.00
  clock network delay (propagated)                 0.27      0.27

  u_core/core_i/id_stage_i/data_we_ex_o_reg/CLK (SDFFARX1_RVT)
                                                   0.00      0.27 r
  u_core/core_i/id_stage_i/data_we_ex_o_reg/QN (SDFFARX1_RVT)
                                                   0.07      0.34 f
  U5/Y (INVX1_HVT)                                 0.04      0.38 r
  u_core/core_i/load_store_unit_i/data_we_q_reg/D (SDFFARX1_RVT)
                                                   0.00      0.38 r
  data arrival time                                          0.38

  clock clk_i (rise edge)                          0.00      0.00
  clock network delay (propagated)                 0.30      0.30
  u_core/core_i/load_store_unit_i/data_we_q_reg/CLK (SDFFARX1_RVT)
                                                   0.00      0.30 r
  clock uncertainty                                0.10      0.40
  library hold time                               -0.05      0.35
  data required time                                         0.35
  ------------------------------------------------------------------------
  data required time                                         0.35
  data arrival time                                         -0.38
  ------------------------------------------------------------------------
  slack (MET)                                                0.03



  Startpoint: u_core/core_i/id_stage_i/regfile_waddr_ex_o_reg[0] (rising edge-triggered flip-flop clocked by clk_i)
  Endpoint: u_core/core_i/ex_stage_i/regfile_waddr_lsu_reg[0] (rising edge-triggered flip-flop clocked by clk_i)
  Mode: default
  Corner: default
  Scenario: default
  Path Group: clk_i
  Path Type: min

  Point                                            Incr      Path  
  ------------------------------------------------------------------------
  clock clk_i (rise edge)                          0.00      0.00
  clock network delay (propagated)                 0.27      0.27

  u_core/core_i/id_stage_i/regfile_waddr_ex_o_reg[0]/CLK (SDFFARX1_RVT)
                                                   0.00      0.27 r
  u_core/core_i/id_stage_i/regfile_waddr_ex_o_reg[0]/QN (SDFFARX1_RVT)
                                                   0.09      0.35 f
  u_core/core_i/U5033/Y (INVX1_HVT)                0.03      0.39 r
  u_core/core_i/ex_stage_i/regfile_waddr_lsu_reg[0]/D (SDFFARX1_RVT)
                                                   0.00      0.39 r
  data arrival time                                          0.39

  clock clk_i (rise edge)                          0.00      0.00
  clock network delay (propagated)                 0.29      0.29
  u_core/core_i/ex_stage_i/regfile_waddr_lsu_reg[0]/CLK (SDFFARX1_RVT)
                                                   0.00      0.29 r
  clock uncertainty                                0.10      0.39
  library hold time                               -0.04      0.35
  data required time                                         0.35
  ------------------------------------------------------------------------
  data required time                                         0.35
  data arrival time                                         -0.39
  ------------------------------------------------------------------------
  slack (MET)                                                0.04



  Startpoint: u_core/core_i/id_stage_i/regfile_waddr_ex_o_reg[3] (rising edge-triggered flip-flop clocked by clk_i)
  Endpoint: u_core/core_i/ex_stage_i/regfile_waddr_lsu_reg[3] (rising edge-triggered flip-flop clocked by clk_i)
  Mode: default
  Corner: default
  Scenario: default
  Path Group: clk_i
  Path Type: min

  Point                                            Incr      Path  
  ------------------------------------------------------------------------
  clock clk_i (rise edge)                          0.00      0.00
  clock network delay (propagated)                 0.27      0.27

  u_core/core_i/id_stage_i/regfile_waddr_ex_o_reg[3]/CLK (SDFFARX1_RVT)
                                                   0.00      0.27 r
  u_core/core_i/id_stage_i/regfile_waddr_ex_o_reg[3]/QN (SDFFARX1_RVT)
                                                   0.09      0.35 f
  u_core/core_i/U5036/Y (INVX1_HVT)                0.03      0.39 r
  u_core/core_i/ex_stage_i/regfile_waddr_lsu_reg[3]/D (SDFFARX1_RVT)
                                                   0.00      0.39 r
  data arrival time                                          0.39

  clock clk_i (rise edge)                          0.00      0.00
  clock network delay (propagated)                 0.29      0.29
  u_core/core_i/ex_stage_i/regfile_waddr_lsu_reg[3]/CLK (SDFFARX1_RVT)
                                                   0.00      0.29 r
  clock uncertainty                                0.10      0.39
  library hold time                               -0.04      0.35
  data required time                                         0.35
  ------------------------------------------------------------------------
  data required time                                         0.35
  data arrival time                                         -0.39
  ------------------------------------------------------------------------
  slack (MET)                                                0.04



  Startpoint: u_core/core_i/if_stage_i/aligner_i/pc_q_reg[5] (rising edge-triggered flip-flop clocked by clk_i)
  Endpoint: u_core/core_i/if_stage_i/pc_id_o_reg[5] (rising edge-triggered flip-flop clocked by clk_i)
  Mode: default
  Corner: default
  Scenario: default
  Path Group: clk_i
  Path Type: min

  Point                                            Incr      Path  
  ------------------------------------------------------------------------
  clock clk_i (rise edge)                          0.00      0.00
  clock network delay (propagated)                 0.25      0.25

  u_core/core_i/if_stage_i/aligner_i/pc_q_reg[5]/CLK (SDFFARX1_RVT)
                                                   0.00      0.25 r
  u_core/core_i/if_stage_i/aligner_i/pc_q_reg[5]/Q (SDFFARX1_RVT)
                                                   0.11      0.36 f
  u_core/core_i/ZBUF_102_inst_3558/Y (NBUFFX2_HVT)
                                                   0.06      0.42 f
  u_core/core_i/if_stage_i/pc_id_o_reg[5]/D (SDFFARX1_RVT)
                                                   0.00      0.42 f
  data arrival time                                          0.42

  clock clk_i (rise edge)                          0.00      0.00
  clock network delay (propagated)                 0.32      0.32
  u_core/core_i/if_stage_i/pc_id_o_reg[5]/CLK (SDFFARX1_RVT)
                                                   0.00      0.32 r
  clock uncertainty                                0.10      0.42
  library hold time                               -0.04      0.38
  data required time                                         0.38
  ------------------------------------------------------------------------
  data required time                                         0.38
  data arrival time                                         -0.42
  ------------------------------------------------------------------------
  slack (MET)                                                0.04



  Startpoint: u_core/core_i/if_stage_i/aligner_i/pc_q_reg[6] (rising edge-triggered flip-flop clocked by clk_i)
  Endpoint: u_core/core_i/if_stage_i/pc_id_o_reg[6] (rising edge-triggered flip-flop clocked by clk_i)
  Mode: default
  Corner: default
  Scenario: default
  Path Group: clk_i
  Path Type: min

  Point                                            Incr      Path  
  ------------------------------------------------------------------------
  clock clk_i (rise edge)                          0.00      0.00
  clock network delay (propagated)                 0.25      0.25

  u_core/core_i/if_stage_i/aligner_i/pc_q_reg[6]/CLK (SDFFARX1_RVT)
                                                   0.00      0.25 r
  u_core/core_i/if_stage_i/aligner_i/pc_q_reg[6]/Q (SDFFARX1_RVT)
                                                   0.11      0.36 f
  u_core/core_i/ZBUF_87_inst_1836/Y (NBUFFX2_HVT)
                                                   0.06      0.42 f
  u_core/core_i/if_stage_i/pc_id_o_reg[6]/D (SDFFARX1_RVT)
                                                   0.00      0.42 f
  data arrival time                                          0.42

  clock clk_i (rise edge)                          0.00      0.00
  clock network delay (propagated)                 0.32      0.32
  u_core/core_i/if_stage_i/pc_id_o_reg[6]/CLK (SDFFARX1_RVT)
                                                   0.00      0.32 r
  clock uncertainty                                0.10      0.42
  library hold time                               -0.04      0.38
  data required time                                         0.38
  ------------------------------------------------------------------------
  data required time                                         0.38
  data arrival time                                         -0.42
  ------------------------------------------------------------------------
  slack (MET)                                                0.05



  Startpoint: u_core/core_i/id_stage_i/controller_i/debug_force_wakeup_q_reg (rising edge-triggered flip-flop clocked by clk_i)
  Endpoint: u_core/core_i/cs_registers_i/dcsr_q_reg[cause][7] (rising edge-triggered flip-flop clocked by clk_i)
  Mode: default
  Corner: default
  Scenario: default
  Path Group: clk_i
  Path Type: min

  Point                                            Incr      Path  
  ------------------------------------------------------------------------
  clock clk_i (rise edge)                          0.00      0.00
  clock network delay (propagated)                 0.19      0.19

  u_core/core_i/id_stage_i/controller_i/debug_force_wakeup_q_reg/CLK (SDFFARX1_RVT)
                                                   0.00      0.19 r
  u_core/core_i/id_stage_i/controller_i/debug_force_wakeup_q_reg/Q (SDFFARX1_RVT)
                                                   0.12      0.31 f
  u_core/core_i/id_stage_i/U3188/Y (AO22X1_HVT)    0.08      0.39 f
  u_core/core_i/cs_registers_i/dcsr_q_reg[cause][7]/D (SDFFARX1_RVT)
                                                   0.00      0.39 f
  data arrival time                                          0.39

  clock clk_i (rise edge)                          0.00      0.00
  clock network delay (propagated)                 0.29      0.29
  u_core/core_i/cs_registers_i/dcsr_q_reg[cause][7]/CLK (SDFFARX1_RVT)
                                                   0.00      0.29 r
  clock uncertainty                                0.10      0.39
  library hold time                               -0.04      0.34
  data required time                                         0.34
  ------------------------------------------------------------------------
  data required time                                         0.34
  data arrival time                                         -0.39
  ------------------------------------------------------------------------
  slack (MET)                                                0.05



  Startpoint: u_core/core_i/if_stage_i/aligner_i/pc_q_reg[2] (rising edge-triggered flip-flop clocked by clk_i)
  Endpoint: u_core/core_i/if_stage_i/pc_id_o_reg[2] (rising edge-triggered flip-flop clocked by clk_i)
  Mode: default
  Corner: default
  Scenario: default
  Path Group: clk_i
  Path Type: min

  Point                                            Incr      Path  
  ------------------------------------------------------------------------
  clock clk_i (rise edge)                          0.00      0.00
  clock network delay (propagated)                 0.25      0.25

  u_core/core_i/if_stage_i/aligner_i/pc_q_reg[2]/CLK (SDFFARX1_RVT)
                                                   0.00      0.25 r
  u_core/core_i/if_stage_i/aligner_i/pc_q_reg[2]/Q (SDFFARX1_RVT)
                                                   0.12      0.37 f
  u_core/core_i/ZBUF_60_inst_1526/Y (NBUFFX2_HVT)
                                                   0.06      0.43 f
  u_core/core_i/if_stage_i/pc_id_o_reg[2]/D (SDFFARX1_RVT)
                                                   0.00      0.43 f
  data arrival time                                          0.43

  clock clk_i (rise edge)                          0.00      0.00
  clock network delay (propagated)                 0.32      0.32
  u_core/core_i/if_stage_i/pc_id_o_reg[2]/CLK (SDFFARX1_RVT)
                                                   0.00      0.32 r
  clock uncertainty                                0.10      0.42
  library hold time                               -0.04      0.38
  data required time                                         0.38
  ------------------------------------------------------------------------
  data required time                                         0.38
  data arrival time                                         -0.43
  ------------------------------------------------------------------------
  slack (MET)                                                0.05



  Startpoint: u_core/core_i/if_stage_i/aligner_i/pc_q_reg[1] (rising edge-triggered flip-flop clocked by clk_i)
  Endpoint: u_core/core_i/if_stage_i/pc_id_o_reg[1] (rising edge-triggered flip-flop clocked by clk_i)
  Mode: default
  Corner: default
  Scenario: default
  Path Group: clk_i
  Path Type: min

  Point                                            Incr      Path  
  ------------------------------------------------------------------------
  clock clk_i (rise edge)                          0.00      0.00
  clock network delay (propagated)                 0.25      0.25

  u_core/core_i/if_stage_i/aligner_i/pc_q_reg[1]/CLK (SDFFARX1_RVT)
                                                   0.00      0.25 r
  u_core/core_i/if_stage_i/aligner_i/pc_q_reg[1]/Q (SDFFARX1_RVT)
                                                   0.11      0.36 f
  u_core/core_i/ZBUF_65_inst_1419/Y (NBUFFX2_HVT)
                                                   0.06      0.42 f
  u_core/core_i/if_stage_i/pc_id_o_reg[1]/D (SDFFARX1_RVT)
                                                   0.00      0.42 f
  data arrival time                                          0.42

  clock clk_i (rise edge)                          0.00      0.00
  clock network delay (propagated)                 0.32      0.32
  u_core/core_i/if_stage_i/pc_id_o_reg[1]/CLK (SDFFARX1_RVT)
                                                   0.00      0.32 r
  clock uncertainty                                0.10      0.42
  library hold time                               -0.05      0.37
  data required time                                         0.37
  ------------------------------------------------------------------------
  data required time                                         0.37
  data arrival time                                         -0.42
  ------------------------------------------------------------------------
  slack (MET)                                                0.05



  Startpoint: u_core/core_i/if_stage_i/aligner_i/pc_q_reg[9] (rising edge-triggered flip-flop clocked by clk_i)
  Endpoint: u_core/core_i/if_stage_i/pc_id_o_reg[9] (rising edge-triggered flip-flop clocked by clk_i)
  Mode: default
  Corner: default
  Scenario: default
  Path Group: clk_i
  Path Type: min

  Point                                            Incr      Path  
  ------------------------------------------------------------------------
  clock clk_i (rise edge)                          0.00      0.00
  clock network delay (propagated)                 0.25      0.25

  u_core/core_i/if_stage_i/aligner_i/pc_q_reg[9]/CLK (SDFFARX1_RVT)
                                                   0.00      0.25 r
  u_core/core_i/if_stage_i/aligner_i/pc_q_reg[9]/Q (SDFFARX1_RVT)
                                                   0.12      0.37 f
  u_core/core_i/ZBUF_57_inst_1654/Y (NBUFFX2_HVT)
                                                   0.06      0.43 f
  u_core/core_i/if_stage_i/pc_id_o_reg[9]/D (SDFFARX1_RVT)
                                                   0.00      0.43 f
  data arrival time                                          0.43

  clock clk_i (rise edge)                          0.00      0.00
  clock network delay (propagated)                 0.32      0.32
  u_core/core_i/if_stage_i/pc_id_o_reg[9]/CLK (SDFFARX1_RVT)
                                                   0.00      0.32 r
  clock uncertainty                                0.10      0.42
  library hold time                               -0.04      0.37
  data required time                                         0.37
  ------------------------------------------------------------------------
  data required time                                         0.37
  data arrival time                                         -0.43
  ------------------------------------------------------------------------
  slack (MET)                                                0.06



  Startpoint: u_core/core_i/if_stage_i/aligner_i/pc_q_reg[3] (rising edge-triggered flip-flop clocked by clk_i)
  Endpoint: u_core/core_i/if_stage_i/pc_id_o_reg[3] (rising edge-triggered flip-flop clocked by clk_i)
  Mode: default
  Corner: default
  Scenario: default
  Path Group: clk_i
  Path Type: min

  Point                                            Incr      Path  
  ------------------------------------------------------------------------
  clock clk_i (rise edge)                          0.00      0.00
  clock network delay (propagated)                 0.25      0.25

  u_core/core_i/if_stage_i/aligner_i/pc_q_reg[3]/CLK (SDFFARX1_RVT)
                                                   0.00      0.25 r
  u_core/core_i/if_stage_i/aligner_i/pc_q_reg[3]/Q (SDFFARX1_RVT)
                                                   0.11      0.36 r
  u_core/core_i/ZBUF_162_inst_1315/Y (NBUFFX2_HVT)
                                                   0.07      0.42 r
  u_core/core_i/if_stage_i/pc_id_o_reg[3]/D (SDFFARX1_RVT)
                                                   0.00      0.43 r
  data arrival time                                          0.43

  clock clk_i (rise edge)                          0.00      0.00
  clock network delay (propagated)                 0.31      0.31
  u_core/core_i/if_stage_i/pc_id_o_reg[3]/CLK (SDFFARX1_RVT)
                                                   0.00      0.31 r
  clock uncertainty                                0.10      0.41
  library hold time                               -0.05      0.37
  data required time                                         0.37
  ------------------------------------------------------------------------
  data required time                                         0.37
  data arrival time                                         -0.43
  ------------------------------------------------------------------------
  slack (MET)                                                0.06



  Startpoint: u_core/core_i/if_stage_i/aligner_i/pc_q_reg[7] (rising edge-triggered flip-flop clocked by clk_i)
  Endpoint: u_core/core_i/if_stage_i/pc_id_o_reg[7] (rising edge-triggered flip-flop clocked by clk_i)
  Mode: default
  Corner: default
  Scenario: default
  Path Group: clk_i
  Path Type: min

  Point                                            Incr      Path  
  ------------------------------------------------------------------------
  clock clk_i (rise edge)                          0.00      0.00
  clock network delay (propagated)                 0.25      0.25

  u_core/core_i/if_stage_i/aligner_i/pc_q_reg[7]/CLK (SDFFARX1_RVT)
                                                   0.00      0.25 r
  u_core/core_i/if_stage_i/aligner_i/pc_q_reg[7]/Q (SDFFARX1_RVT)
                                                   0.12      0.36 f
  u_core/core_i/ZBUF_71_inst_1518/Y (NBUFFX2_HVT)
                                                   0.07      0.43 f
  u_core/core_i/if_stage_i/pc_id_o_reg[7]/D (SDFFARX1_RVT)
                                                   0.00      0.43 f
  data arrival time                                          0.43

  clock clk_i (rise edge)                          0.00      0.00
  clock network delay (propagated)                 0.32      0.32
  u_core/core_i/if_stage_i/pc_id_o_reg[7]/CLK (SDFFARX1_RVT)
                                                   0.00      0.32 r
  clock uncertainty                                0.10      0.42
  library hold time                               -0.04      0.37
  data required time                                         0.37
  ------------------------------------------------------------------------
  data required time                                         0.37
  data arrival time                                         -0.43
  ------------------------------------------------------------------------
  slack (MET)                                                0.06



  Startpoint: u_core/core_i/if_stage_i/aligner_i/pc_q_reg[22] (rising edge-triggered flip-flop clocked by clk_i)
  Endpoint: u_core/core_i/if_stage_i/pc_id_o_reg[22] (rising edge-triggered flip-flop clocked by clk_i)
  Mode: default
  Corner: default
  Scenario: default
  Path Group: clk_i
  Path Type: min

  Point                                            Incr      Path  
  ------------------------------------------------------------------------
  clock clk_i (rise edge)                          0.00      0.00
  clock network delay (propagated)                 0.25      0.25

  u_core/core_i/if_stage_i/aligner_i/pc_q_reg[22]/CLK (SDFFARX1_RVT)
                                                   0.00      0.25 r
  u_core/core_i/if_stage_i/aligner_i/pc_q_reg[22]/Q (SDFFARX1_RVT)
                                                   0.11      0.36 f
  u_core/core_i/ZBUF_63_inst_3953/Y (NBUFFX2_HVT)
                                                   0.07      0.43 f
  u_core/core_i/if_stage_i/pc_id_o_reg[22]/D (SDFFARX1_RVT)
                                                   0.00      0.43 f
  data arrival time                                          0.43

  clock clk_i (rise edge)                          0.00      0.00
  clock network delay (propagated)                 0.32      0.32
  u_core/core_i/if_stage_i/pc_id_o_reg[22]/CLK (SDFFARX1_RVT)
                                                   0.00      0.32 r
  clock uncertainty                                0.10      0.42
  library hold time                               -0.05      0.37
  data required time                                         0.37
  ------------------------------------------------------------------------
  data required time                                         0.37
  data arrival time                                         -0.43
  ------------------------------------------------------------------------
  slack (MET)                                                0.06



  Startpoint: u_core/core_i/if_stage_i/aligner_i/pc_q_reg[8] (rising edge-triggered flip-flop clocked by clk_i)
  Endpoint: u_core/core_i/if_stage_i/pc_id_o_reg[8] (rising edge-triggered flip-flop clocked by clk_i)
  Mode: default
  Corner: default
  Scenario: default
  Path Group: clk_i
  Path Type: min

  Point                                            Incr      Path  
  ------------------------------------------------------------------------
  clock clk_i (rise edge)                          0.00      0.00
  clock network delay (propagated)                 0.25      0.25

  u_core/core_i/if_stage_i/aligner_i/pc_q_reg[8]/CLK (SDFFARX1_RVT)
                                                   0.00      0.25 r
  u_core/core_i/if_stage_i/aligner_i/pc_q_reg[8]/Q (SDFFARX1_RVT)
                                                   0.12      0.36 f
  u_core/core_i/ZBUF_76_inst_2026/Y (NBUFFX2_HVT)
                                                   0.07      0.43 f
  u_core/core_i/if_stage_i/pc_id_o_reg[8]/D (SDFFARX1_RVT)
                                                   0.00      0.43 f
  data arrival time                                          0.43

  clock clk_i (rise edge)                          0.00      0.00
  clock network delay (propagated)                 0.32      0.32
  u_core/core_i/if_stage_i/pc_id_o_reg[8]/CLK (SDFFARX1_RVT)
                                                   0.00      0.32 r
  clock uncertainty                                0.10      0.42
  library hold time                               -0.05      0.37
  data required time                                         0.37
  ------------------------------------------------------------------------
  data required time                                         0.37
  data arrival time                                         -0.43
  ------------------------------------------------------------------------
  slack (MET)                                                0.06



  Startpoint: u_core/core_i/if_stage_i/aligner_i/pc_q_reg[30] (rising edge-triggered flip-flop clocked by clk_i)
  Endpoint: u_core/core_i/if_stage_i/pc_id_o_reg[30] (rising edge-triggered flip-flop clocked by clk_i)
  Mode: default
  Corner: default
  Scenario: default
  Path Group: clk_i
  Path Type: min

  Point                                            Incr      Path  
  ------------------------------------------------------------------------
  clock clk_i (rise edge)                          0.00      0.00
  clock network delay (propagated)                 0.25      0.25

  u_core/core_i/if_stage_i/aligner_i/pc_q_reg[30]/CLK (SDFFARX1_RVT)
                                                   0.00      0.25 r
  u_core/core_i/if_stage_i/aligner_i/pc_q_reg[30]/Q (SDFFARX1_RVT)
                                                   0.12      0.36 r
  u_core/core_i/ZBUF_58_inst_3648/Y (NBUFFX2_HVT)
                                                   0.07      0.43 r
  u_core/core_i/if_stage_i/pc_id_o_reg[30]/D (SDFFARX1_RVT)
                                                   0.00      0.43 r
  data arrival time                                          0.43

  clock clk_i (rise edge)                          0.00      0.00
  clock network delay (propagated)                 0.32      0.32
  u_core/core_i/if_stage_i/pc_id_o_reg[30]/CLK (SDFFARX1_RVT)
                                                   0.00      0.32 r
  clock uncertainty                                0.10      0.42
  library hold time                               -0.05      0.37
  data required time                                         0.37
  ------------------------------------------------------------------------
  data required time                                         0.37
  data arrival time                                         -0.43
  ------------------------------------------------------------------------
  slack (MET)                                                0.06



  Startpoint: u_core/core_i/if_stage_i/prefetch_buffer_i/fifo_i/mem_q_reg[1][7] (rising edge-triggered flip-flop clocked by clk_i)
  Endpoint: u_core/core_i/if_stage_i/prefetch_buffer_i/fifo_i/mem_q_reg[1][7] (rising edge-triggered flip-flop clocked by clk_i)
  Mode: default
  Corner: default
  Scenario: default
  Path Group: clk_i
  Path Type: min

  Point                                            Incr      Path  
  ------------------------------------------------------------------------
  clock clk_i (rise edge)                          0.00      0.00
  clock network delay (propagated)                 0.29      0.29

  u_core/core_i/if_stage_i/prefetch_buffer_i/fifo_i/mem_q_reg[1][7]/CLK (SDFFARX1_RVT)
                                                   0.00      0.29 r
  u_core/core_i/if_stage_i/prefetch_buffer_i/fifo_i/mem_q_reg[1][7]/Q (SDFFARX1_RVT)
                                                   0.11      0.40 f
  u_core/core_i/U5689/Y (AO22X1_HVT)               0.05      0.44 f
  u_core/core_i/if_stage_i/prefetch_buffer_i/fifo_i/mem_q_reg[1][7]/D (SDFFARX1_RVT)
                                                   0.00      0.44 f
  data arrival time                                          0.44

  clock clk_i (rise edge)                          0.00      0.00
  clock network delay (propagated)                 0.31      0.31
  u_core/core_i/if_stage_i/prefetch_buffer_i/fifo_i/mem_q_reg[1][7]/CLK (SDFFARX1_RVT)
                                                   0.00      0.31 r
  clock uncertainty                                0.10      0.41
  library hold time                               -0.03      0.38
  data required time                                         0.38
  ------------------------------------------------------------------------
  data required time                                         0.38
  data arrival time                                         -0.44
  ------------------------------------------------------------------------
  slack (MET)                                                0.06



  Startpoint: u_core/core_i/if_stage_i/aligner_i/pc_q_reg[16] (rising edge-triggered flip-flop clocked by clk_i)
  Endpoint: u_core/core_i/if_stage_i/pc_id_o_reg[16] (rising edge-triggered flip-flop clocked by clk_i)
  Mode: default
  Corner: default
  Scenario: default
  Path Group: clk_i
  Path Type: min

  Point                                            Incr      Path  
  ------------------------------------------------------------------------
  clock clk_i (rise edge)                          0.00      0.00
  clock network delay (propagated)                 0.25      0.25

  u_core/core_i/if_stage_i/aligner_i/pc_q_reg[16]/CLK (SDFFARX1_RVT)
                                                   0.00      0.25 r
  u_core/core_i/if_stage_i/aligner_i/pc_q_reg[16]/Q (SDFFARX1_RVT)
                                                   0.11      0.36 r
  u_core/core_i/ZBUF_56_inst_3291/Y (NBUFFX2_HVT)
                                                   0.07      0.43 r
  u_core/core_i/if_stage_i/pc_id_o_reg[16]/D (SDFFARX1_RVT)
                                                   0.00      0.43 r
  data arrival time                                          0.43

  clock clk_i (rise edge)                          0.00      0.00
  clock network delay (propagated)                 0.32      0.32
  u_core/core_i/if_stage_i/pc_id_o_reg[16]/CLK (SDFFARX1_RVT)
                                                   0.00      0.32 r
  clock uncertainty                                0.10      0.42
  library hold time                               -0.05      0.37
  data required time                                         0.37
  ------------------------------------------------------------------------
  data required time                                         0.37
  data arrival time                                         -0.43
  ------------------------------------------------------------------------
  slack (MET)                                                0.06



  Startpoint: u_core/core_i/if_stage_i/aligner_i/pc_q_reg[25] (rising edge-triggered flip-flop clocked by clk_i)
  Endpoint: u_core/core_i/if_stage_i/pc_id_o_reg[25] (rising edge-triggered flip-flop clocked by clk_i)
  Mode: default
  Corner: default
  Scenario: default
  Path Group: clk_i
  Path Type: min

  Point                                            Incr      Path  
  ------------------------------------------------------------------------
  clock clk_i (rise edge)                          0.00      0.00
  clock network delay (propagated)                 0.25      0.25

  u_core/core_i/if_stage_i/aligner_i/pc_q_reg[25]/CLK (SDFFARX1_RVT)
                                                   0.00      0.25 r
  u_core/core_i/if_stage_i/aligner_i/pc_q_reg[25]/Q (SDFFARX1_RVT)
                                                   0.11      0.36 r
  u_core/core_i/ZBUF_68_inst_2688/Y (NBUFFX2_HVT)
                                                   0.07      0.43 r
  u_core/core_i/if_stage_i/pc_id_o_reg[25]/D (SDFFARX1_RVT)
                                                   0.00      0.43 r
  data arrival time                                          0.43

  clock clk_i (rise edge)                          0.00      0.00
  clock network delay (propagated)                 0.32      0.32
  u_core/core_i/if_stage_i/pc_id_o_reg[25]/CLK (SDFFARX1_RVT)
                                                   0.00      0.32 r
  clock uncertainty                                0.10      0.42
  library hold time                               -0.05      0.37
  data required time                                         0.37
  ------------------------------------------------------------------------
  data required time                                         0.37
  data arrival time                                         -0.43
  ------------------------------------------------------------------------
  slack (MET)                                                0.06



  Startpoint: u_core/core_i/if_stage_i/aligner_i/pc_q_reg[4] (rising edge-triggered flip-flop clocked by clk_i)
  Endpoint: u_core/core_i/if_stage_i/pc_id_o_reg[4] (rising edge-triggered flip-flop clocked by clk_i)
  Mode: default
  Corner: default
  Scenario: default
  Path Group: clk_i
  Path Type: min

  Point                                            Incr      Path  
  ------------------------------------------------------------------------
  clock clk_i (rise edge)                          0.00      0.00
  clock network delay (propagated)                 0.25      0.25

  u_core/core_i/if_stage_i/aligner_i/pc_q_reg[4]/CLK (SDFFARX1_RVT)
                                                   0.00      0.25 r
  u_core/core_i/if_stage_i/aligner_i/pc_q_reg[4]/Q (SDFFARX1_RVT)
                                                   0.11      0.36 r
  u_core/core_i/ZBUF_99_inst_1313/Y (NBUFFX2_HVT)
                                                   0.07      0.43 r
  u_core/core_i/if_stage_i/pc_id_o_reg[4]/D (SDFFARX1_RVT)
                                                   0.00      0.43 r
  data arrival time                                          0.43

  clock clk_i (rise edge)                          0.00      0.00
  clock network delay (propagated)                 0.31      0.31
  u_core/core_i/if_stage_i/pc_id_o_reg[4]/CLK (SDFFARX1_RVT)
                                                   0.00      0.31 r
  clock uncertainty                                0.10      0.41
  library hold time                               -0.05      0.37
  data required time                                         0.37
  ------------------------------------------------------------------------
  data required time                                         0.37
  data arrival time                                         -0.43
  ------------------------------------------------------------------------
  slack (MET)                                                0.06


1
