****************************************
Report : Report drc errors
Design : cv32e40p_synth_wrap
Data   : zroute.err
Type   : detailed
Version: W-2024.09-SP2
Date   : Sat May  9 17:00:38 2026
****************************************

Error ID          : 0
Error Type        : Needs fat contact
Error Layer       : M1 (11)-M2 (13)
Number of errors  : 45
Description       :  -- 
Status            : error
Bbox              : {71.9540 21.0090} {72.0140 21.1190}

Error ID          : 1
Error Type        : Needs fat contact
Error Layer       : M1 (11)-M2 (13)
Number of errors  : 45
Description       :  -- 
Status            : error
Bbox              : {70.1300 20.7050} {70.1900 20.8150}

Error ID          : 10
Error Type        : Needs fat contact
Error Layer       : M1 (11)-M2 (13)
Number of errors  : 45
Description       :  -- 
Status            : error
Bbox              : {33.0420 47.7610} {33.1020 47.8710}

Error ID          : 11
Error Type        : Needs fat contact
Error Layer       : M1 (11)-M2 (13)
Number of errors  : 45
Description       :  -- 
Status            : error
Bbox              : {33.9540 51.1050} {34.0140 51.2150}

Error ID          : 12
Error Type        : Needs fat contact
Error Layer       : M1 (11)-M2 (13)
Number of errors  : 45
Description       :  -- 
Status            : error
Bbox              : {239.6100 55.9690} {239.6700 56.0790}

Error ID          : 15
Error Type        : Needs fat contact
Error Layer       : M1 (11)-M2 (13)
Number of errors  : 45
Description       :  -- 
Status            : error
Bbox              : {297.3700 69.0410} {297.4300 69.1510}

Error ID          : 25
Error Type        : Needs fat contact
Error Layer       : M1 (11)-M2 (13)
Number of errors  : 45
Description       :  -- 
Status            : error
Bbox              : {44.2900 71.1690} {44.3500 71.2790}

Error ID          : 26
Error Type        : Needs fat contact
Error Layer       : M1 (11)-M2 (13)
Number of errors  : 45
Description       :  -- 
Status            : error
Bbox              : {48.3940 79.0730} {48.4540 79.1830}

Error ID          : 28
Error Type        : Needs fat contact
Error Layer       : M1 (11)-M2 (13)
Number of errors  : 45
Description       :  -- 
Status            : error
Bbox              : {43.3780 85.7610} {43.4380 85.8710}

Error ID          : 29
Error Type        : Needs fat contact
Error Layer       : M1 (11)-M2 (13)
Number of errors  : 45
Description       :  -- 
Status            : error
Bbox              : {258.4580 122.5450} {258.5180 122.6550}

Error ID          : 30
Error Type        : Needs fat contact
Error Layer       : M1 (11)-M2 (13)
Number of errors  : 45
Description       :  -- 
Status            : error
Bbox              : {294.4820 131.2090} {294.5420 131.3190}

Error ID          : 33
Error Type        : Needs fat contact
Error Layer       : M1 (11)-M2 (13)
Number of errors  : 45
Description       :  -- 
Status            : error
Bbox              : {231.0980 154.4650} {231.1580 154.5750}

Error ID          : 34
Error Type        : Needs fat contact
Error Layer       : M1 (11)-M2 (13)
Number of errors  : 45
Description       :  -- 
Status            : error
Bbox              : {182.4580 166.0170} {182.5180 166.1270}

Error ID          : 35
Error Type        : Needs fat contact
Error Layer       : M1 (11)-M2 (13)
Number of errors  : 45
Description       :  -- 
Status            : error
Bbox              : {227.9060 159.6330} {227.9660 159.7430}

Error ID          : 36
Error Type        : Needs fat contact
Error Layer       : M1 (11)-M2 (13)
Number of errors  : 45
Description       :  -- 
Status            : error
Bbox              : {227.4500 157.9610} {227.5100 158.0710}

Error ID          : 38
Error Type        : Needs fat contact
Error Layer       : M1 (11)-M2 (13)
Number of errors  : 45
Description       :  -- 
Status            : error
Bbox              : {233.3780 157.8090} {233.4380 157.9190}

Error ID          : 39
Error Type        : Needs fat contact
Error Layer       : M1 (11)-M2 (13)
Number of errors  : 45
Description       :  -- 
Status            : error
Bbox              : {184.1300 168.1450} {184.1900 168.2550}

Error ID          : 40
Error Type        : Needs fat contact
Error Layer       : M1 (11)-M2 (13)
Number of errors  : 45
Description       :  -- 
Status            : error
Bbox              : {212.5540 174.8330} {212.6140 174.9430}

Error ID          : 44
Error Type        : Needs fat contact
Error Layer       : M1 (11)-M2 (13)
Number of errors  : 45
Description       :  -- 
Status            : error
Bbox              : {235.6580 186.0810} {235.7180 186.1910}

Error ID          : 49
Error Type        : Needs fat contact
Error Layer       : M1 (11)-M2 (13)
Number of errors  : 45
Description       :  -- 
Status            : error
Bbox              : {190.9700 212.9850} {191.0300 213.0950}

Error ID          : 50
Error Type        : Needs fat contact
Error Layer       : M1 (11)-M2 (13)
Number of errors  : 45
Description       :  -- 
Status            : error
Bbox              : {195.5300 206.2970} {195.5900 206.4070}

Error ID          : 56
Error Type        : Needs fat contact
Error Layer       : M1 (11)-M2 (13)
Number of errors  : 45
Description       :  -- 
Status            : error
Bbox              : {175.7700 223.0170} {175.8300 223.1270}

Error ID          : 58
Error Type        : Needs fat contact
Error Layer       : M1 (11)-M2 (13)
Number of errors  : 45
Description       :  -- 
Status            : error
Bbox              : {170.2980 224.8410} {170.3580 224.9510}

Error ID          : 63
Error Type        : Needs fat contact
Error Layer       : M1 (11)-M2 (13)
Number of errors  : 45
Description       :  -- 
Status            : error
Bbox              : {138.8340 228.3370} {138.8940 228.4470}

Error ID          : 75
Error Type        : Needs fat contact
Error Layer       : M1 (11)-M2 (13)
Number of errors  : 45
Description       :  -- 
Status            : error
Bbox              : {48.0900 259.6490} {48.1500 259.7590}

Error ID          : 76
Error Type        : Needs fat contact
Error Layer       : M1 (11)-M2 (13)
Number of errors  : 45
Description       :  -- 
Status            : error
Bbox              : {288.5540 256.3050} {288.6140 256.4150}

Error ID          : 77
Error Type        : Needs fat contact
Error Layer       : M1 (11)-M2 (13)
Number of errors  : 45
Description       :  -- 
Status            : error
Bbox              : {199.3300 265.1210} {199.3900 265.2310}

Error ID          : 78
Error Type        : Needs fat contact
Error Layer       : M1 (11)-M2 (13)
Number of errors  : 45
Description       :  -- 
Status            : error
Bbox              : {203.2820 268.4650} {203.3420 268.5750}

Error ID          : 79
Error Type        : Needs fat contact
Error Layer       : M1 (11)-M2 (13)
Number of errors  : 45
Description       :  -- 
Status            : error
Bbox              : {207.5380 265.1210} {207.5980 265.2310}

Error ID          : 80
Error Type        : Needs fat contact
Error Layer       : M1 (11)-M2 (13)
Number of errors  : 45
Description       :  -- 
Status            : error
Bbox              : {212.8580 273.0250} {212.9180 273.1350}

Error ID          : 81
Error Type        : Needs fat contact
Error Layer       : M1 (11)-M2 (13)
Number of errors  : 45
Description       :  -- 
Status            : error
Bbox              : {214.8340 273.0250} {214.8940 273.1350}

Error ID          : 88
Error Type        : Needs fat contact
Error Layer       : M1 (11)-M2 (13)
Number of errors  : 45
Description       :  -- 
Status            : error
Bbox              : {249.9460 271.8090} {250.0060 271.9190}

Error ID          : 89
Error Type        : Needs fat contact
Error Layer       : M1 (11)-M2 (13)
Number of errors  : 45
Description       :  -- 
Status            : error
Bbox              : {252.6820 275.1530} {252.7420 275.2630}

Error ID          : 97
Error Type        : Needs fat contact
Error Layer       : M1 (11)-M2 (13)
Number of errors  : 45
Description       :  -- 
Status            : error
Bbox              : {212.4020 288.5290} {212.4620 288.6390}

Error ID          : 98
Error Type        : Needs fat contact
Error Layer       : M1 (11)-M2 (13)
Number of errors  : 45
Description       :  -- 
Status            : error
Bbox              : {239.3060 288.5290} {239.3660 288.6390}

Error ID          : 99
Error Type        : Needs fat contact
Error Layer       : M1 (11)-M2 (13)
Number of errors  : 45
Description       :  -- 
Status            : error
Bbox              : {238.0900 286.4010} {238.1500 286.5110}

Error ID          : 100
Error Type        : Needs fat contact
Error Layer       : M1 (11)-M2 (13)
Number of errors  : 45
Description       :  -- 
Status            : error
Bbox              : {239.6100 288.3770} {239.6700 288.4870}

Error ID          : 101
Error Type        : Needs fat contact
Error Layer       : M1 (11)-M2 (13)
Number of errors  : 45
Description       :  -- 
Status            : error
Bbox              : {240.9780 278.4970} {241.0380 278.6070}

Error ID          : 102
Error Type        : Needs fat contact
Error Layer       : M1 (11)-M2 (13)
Number of errors  : 45
Description       :  -- 
Status            : error
Bbox              : {203.7380 296.4330} {203.7980 296.5430}

Error ID          : 103
Error Type        : Needs fat contact
Error Layer       : M1 (11)-M2 (13)
Number of errors  : 45
Description       :  -- 
Status            : error
Bbox              : {212.4020 296.4330} {212.4620 296.5430}

Error ID          : 104
Error Type        : Needs fat contact
Error Layer       : M1 (11)-M2 (13)
Number of errors  : 45
Description       :  -- 
Status            : error
Bbox              : {216.0500 293.0890} {216.1100 293.1990}

Error ID          : 105
Error Type        : Needs fat contact
Error Layer       : M1 (11)-M2 (13)
Number of errors  : 45
Description       :  -- 
Status            : error
Bbox              : {236.2660 289.7450} {236.3260 289.8550}

Error ID          : 106
Error Type        : Needs fat contact
Error Layer       : M1 (11)-M2 (13)
Number of errors  : 45
Description       :  -- 
Status            : error
Bbox              : {237.4820 296.4330} {237.5420 296.5430}

Error ID          : 107
Error Type        : Needs fat contact
Error Layer       : M1 (11)-M2 (13)
Number of errors  : 45
Description       :  -- 
Status            : error
Bbox              : {244.9300 293.0890} {244.9900 293.1990}

Error ID          : 108
Error Type        : Needs fat contact
Error Layer       : M1 (11)-M2 (13)
Number of errors  : 45
Description       :  -- 
Status            : error
Bbox              : {249.3380 295.2170} {249.3980 295.3270}

Error ID          : 2
Error Type        : Diff net spacing
Error Layer       : M1 (11)
Number of errors  : 19
Description       :  -- 
Status            : error
Bbox              : {25.8480 22.1750} {26.0080 22.2580}

Error ID          : 4
Error Type        : Diff net spacing
Error Layer       : M1 (11)
Number of errors  : 19
Description       :  -- 
Status            : error
Bbox              : {69.4720 45.5070} {69.6320 45.5630}

Error ID          : 7
Error Type        : Diff net spacing
Error Layer       : M1 (11)
Number of errors  : 19
Description       :  -- 
Status            : error
Bbox              : {69.6240 42.1630} {69.7840 42.2190}

Error ID          : 13
Error Type        : Diff net spacing
Error Layer       : M1 (11)
Number of errors  : 19
Description       :  -- 
Status            : error
Bbox              : {212.6560 61.2140} {212.8160 61.2970}

Error ID          : 16
Error Type        : Diff net spacing
Error Layer       : M1 (11)
Number of errors  : 19
Description       :  -- 
Status            : error
Bbox              : {29.9520 75.6030} {30.1120 75.6590}

Error ID          : 19
Error Type        : Diff net spacing
Error Layer       : M1 (11)
Number of errors  : 19
Description       :  -- 
Status            : error
Bbox              : {27.0640 72.2590} {27.2240 72.3150}

Error ID          : 22
Error Type        : Diff net spacing
Error Layer       : M1 (11)
Number of errors  : 19
Description       :  -- 
Status            : error
Bbox              : {26.0000 75.6030} {26.1600 75.6590}

Error ID          : 41
Error Type        : Diff net spacing
Error Layer       : M1 (11)
Number of errors  : 19
Description       :  -- 
Status            : error
Bbox              : {222.0800 182.6110} {222.2400 182.6670}

Error ID          : 46
Error Type        : Diff net spacing
Error Layer       : M1 (11)
Number of errors  : 19
Description       :  -- 
Status            : error
Bbox              : {302.7920 198.4070} {302.9520 198.4770}

Error ID          : 59
Error Type        : Diff net spacing
Error Layer       : M1 (11)
Number of errors  : 19
Description       :  -- 
Status            : error
Bbox              : {179.2160 216.1270} {179.3760 216.2100}

Error ID          : 61
Error Type        : Diff net spacing
Error Layer       : M1 (11)
Number of errors  : 19
Description       :  -- 
Status            : error
Bbox              : {251.4160 221.8290} {251.5760 221.8850}

Error ID          : 66
Error Type        : Diff net spacing
Error Layer       : M1 (11)
Number of errors  : 19
Description       :  -- 
Status            : error
Bbox              : {164.4720 241.8930} {164.6320 241.9490}

Error ID          : 70
Error Type        : Diff net spacing
Error Layer       : M1 (11)
Number of errors  : 19
Description       :  -- 
Status            : error
Bbox              : {213.2640 241.8790} {213.4240 241.9490}

Error ID          : 72
Error Type        : Diff net spacing
Error Layer       : M1 (11)
Number of errors  : 19
Description       :  -- 
Status            : error
Bbox              : {259.4470 252.1760} {259.5210 252.3360}

Error ID          : 74
Error Type        : Diff net spacing
Error Layer       : M2 (13)
Number of errors  : 19
Description       :  -- 
Status            : error
Bbox              : {259.4940 252.2970} {259.6380 252.3670}

Error ID          : 83
Error Type        : Diff net spacing
Error Layer       : M1 (11)
Number of errors  : 19
Description       :  -- 
Status            : error
Bbox              : {225.5760 276.2430} {225.7360 276.2990}

Error ID          : 86
Error Type        : Diff net spacing
Error Layer       : M1 (11)
Number of errors  : 19
Description       :  -- 
Status            : error
Bbox              : {220.4080 275.3330} {220.5680 275.3890}

Error ID          : 92
Error Type        : Diff net spacing
Error Layer       : M2 (13)
Number of errors  : 19
Description       :  -- 
Status            : error
Bbox              : {120.2340 277.5290} {120.4060 277.5990}

Error ID          : 95
Error Type        : Diff net spacing
Error Layer       : M1 (11)
Number of errors  : 19
Description       :  -- 
Status            : error
Bbox              : {182.1040 286.2750} {182.2640 286.3310}

Error ID          : 3
Error Type        : Connection not within pin
Error Layer       : M1 (11)
Number of errors  : 21
Description       :  -- 
Status            : error
Bbox              : {25.8980 22.2250} {25.9580 22.4870}

Error ID          : 5
Error Type        : Connection not within pin
Error Layer       : M1 (11)
Number of errors  : 21
Description       :  -- 
Status            : error
Bbox              : {69.5220 45.5570} {69.5820 45.8190}

Error ID          : 8
Error Type        : Connection not within pin
Error Layer       : M1 (11)
Number of errors  : 21
Description       :  -- 
Status            : error
Bbox              : {69.6740 42.2130} {69.7340 42.4750}

Error ID          : 14
Error Type        : Connection not within pin
Error Layer       : M1 (11)
Number of errors  : 21
Description       :  -- 
Status            : error
Bbox              : {212.7060 60.9850} {212.7660 61.2470}

Error ID          : 17
Error Type        : Connection not within pin
Error Layer       : M1 (11)
Number of errors  : 21
Description       :  -- 
Status            : error
Bbox              : {30.0020 75.6530} {30.0620 75.9150}

Error ID          : 20
Error Type        : Connection not within pin
Error Layer       : M1 (11)
Number of errors  : 21
Description       :  -- 
Status            : error
Bbox              : {27.1140 72.3090} {27.1740 72.5710}

Error ID          : 23
Error Type        : Connection not within pin
Error Layer       : M1 (11)
Number of errors  : 21
Description       :  -- 
Status            : error
Bbox              : {26.0500 75.6530} {26.1100 75.9150}

Error ID          : 32
Error Type        : Connection not within pin
Error Layer       : M1 (11)
Number of errors  : 21
Description       :  -- 
Status            : error
Bbox              : {201.3060 152.4890} {201.3660 152.7510}

Error ID          : 42
Error Type        : Connection not within pin
Error Layer       : M1 (11)
Number of errors  : 21
Description       :  -- 
Status            : error
Bbox              : {222.1300 182.6610} {222.1900 182.9230}

Error ID          : 47
Error Type        : Connection not within pin
Error Layer       : M1 (11)
Number of errors  : 21
Description       :  -- 
Status            : error
Bbox              : {302.8420 198.1650} {302.9020 198.4270}

Error ID          : 52
Error Type        : Connection not within pin
Error Layer       : M1 (11)
Number of errors  : 21
Description       :  -- 
Status            : error
Bbox              : {215.4420 204.4730} {215.5020 204.7350}

Error ID          : 54
Error Type        : Connection not within pin
Error Layer       : M1 (11)
Number of errors  : 21
Description       :  -- 
Status            : error
Bbox              : {220.3060 206.4490} {220.3660 206.7110}

Error ID          : 57
Error Type        : Connection not within pin
Error Layer       : M1 (11)
Number of errors  : 21
Description       :  -- 
Status            : error
Bbox              : {179.2660 216.1770} {179.3260 216.4390}

Error ID          : 62
Error Type        : Connection not within pin
Error Layer       : M1 (11)
Number of errors  : 21
Description       :  -- 
Status            : error
Bbox              : {251.4660 221.5730} {251.5260 221.8350}

Error ID          : 67
Error Type        : Connection not within pin
Error Layer       : M1 (11)
Number of errors  : 21
Description       :  -- 
Status            : error
Bbox              : {164.5220 241.6370} {164.5820 241.8990}

Error ID          : 71
Error Type        : Connection not within pin
Error Layer       : M1 (11)
Number of errors  : 21
Description       :  -- 
Status            : error
Bbox              : {213.3140 241.6370} {213.3740 241.8990}

Error ID          : 73
Error Type        : Connection not within pin
Error Layer       : M1 (11)
Number of errors  : 21
Description       :  -- 
Status            : error
Bbox              : {259.4970 252.2260} {259.6070 252.2860}

Error ID          : 84
Error Type        : Connection not within pin
Error Layer       : M1 (11)
Number of errors  : 21
Description       :  -- 
Status            : error
Bbox              : {225.6260 276.2930} {225.6860 276.5550}

Error ID          : 87
Error Type        : Connection not within pin
Error Layer       : M1 (11)
Number of errors  : 21
Description       :  -- 
Status            : error
Bbox              : {220.4580 275.0770} {220.5180 275.3390}

Error ID          : 91
Error Type        : Connection not within pin
Error Layer       : M1 (11)
Number of errors  : 21
Description       :  -- 
Status            : error
Bbox              : {120.2650 277.6100} {120.3750 277.6700}

Error ID          : 96
Error Type        : Connection not within pin
Error Layer       : M1 (11)
Number of errors  : 21
Description       :  -- 
Status            : error
Bbox              : {182.1540 286.3250} {182.2140 286.5870}

Error ID          : 6
Error Type        : Off-grid
Error Layer       : VIA1 (12)
Number of errors  : 15
Description       :  -- 
Status            : error
Bbox              : {69.5270 45.5870} {69.5770 45.7890}

Error ID          : 9
Error Type        : Off-grid
Error Layer       : VIA1 (12)
Number of errors  : 15
Description       :  -- 
Status            : error
Bbox              : {69.6790 42.2430} {69.7290 42.4450}

Error ID          : 18
Error Type        : Off-grid
Error Layer       : VIA1 (12)
Number of errors  : 15
Description       :  -- 
Status            : error
Bbox              : {30.0070 75.6830} {30.0570 75.8850}

Error ID          : 21
Error Type        : Off-grid
Error Layer       : VIA1 (12)
Number of errors  : 15
Description       :  -- 
Status            : error
Bbox              : {27.1190 72.3390} {27.1690 72.5410}

Error ID          : 24
Error Type        : Off-grid
Error Layer       : VIA1 (12)
Number of errors  : 15
Description       :  -- 
Status            : error
Bbox              : {26.0550 75.6830} {26.1050 75.8850}

Error ID          : 43
Error Type        : Off-grid
Error Layer       : VIA1 (12)
Number of errors  : 15
Description       :  -- 
Status            : error
Bbox              : {222.1350 182.6910} {222.1850 182.8930}

Error ID          : 48
Error Type        : Off-grid
Error Layer       : VIA1 (12)
Number of errors  : 15
Description       :  -- 
Status            : error
Bbox              : {302.8470 198.1950} {302.8970 198.3970}

Error ID          : 60
Error Type        : Off-grid
Error Layer       : VIA1 (12)
Number of errors  : 15
Description       :  -- 
Status            : error
Bbox              : {251.4710 221.6030} {251.5210 221.8050}

Error ID          : 68
Error Type        : Off-grid
Error Layer       : VIA1 (12)
Number of errors  : 15
Description       :  -- 
Status            : error
Bbox              : {164.5270 241.6670} {164.5770 241.8690}

Error ID          : 69
Error Type        : Off-grid
Error Layer       : VIA1 (12)
Number of errors  : 15
Description       :  -- 
Status            : error
Bbox              : {213.3190 241.6670} {213.3690 241.8690}

Error ID          : 82
Error Type        : Off-grid
Error Layer       : VIA1 (12)
Number of errors  : 15
Description       :  -- 
Status            : error
Bbox              : {225.6310 276.3230} {225.6810 276.5250}

Error ID          : 85
Error Type        : Off-grid
Error Layer       : VIA1 (12)
Number of errors  : 15
Description       :  -- 
Status            : error
Bbox              : {220.4630 275.1070} {220.5130 275.3090}

Error ID          : 90
Error Type        : Off-grid
Error Layer       : M1 (11)
Number of errors  : 15
Description       :  -- 
Status            : error
Bbox              : {120.2650 277.6100} {120.3750 277.6700}

Error ID          : 93
Error Type        : Off-grid
Error Layer       : M2 (13)
Number of errors  : 15
Description       :  -- 
Status            : error
Bbox              : {182.1290 286.2760} {182.2120 286.4970}

Error ID          : 94
Error Type        : Off-grid
Error Layer       : VIA1 (12)
Number of errors  : 15
Description       :  -- 
Status            : error
Bbox              : {182.1590 286.3550} {182.2090 286.5570}

Error ID          : 27
Error Type        : Short
Error Layer       : M1 (11)
Number of errors  : 8
Description       :  -- 
Status            : error
Bbox              : {300.5170 78.4400} {300.6670 78.6000}

Error ID          : 31
Error Type        : Short
Error Layer       : M1 (11)
Number of errors  : 8
Description       :  -- 
Status            : error
Bbox              : {201.2560 152.4390} {201.4160 152.5430}

Error ID          : 45
Error Type        : Short
Error Layer       : M1 (11)
Number of errors  : 8
Description       :  -- 
Status            : error
Bbox              : {301.5050 188.9490} {301.6550 189.0990}

Error ID          : 51
Error Type        : Short
Error Layer       : M1 (11)
Number of errors  : 8
Description       :  -- 
Status            : error
Bbox              : {215.3920 204.4230} {215.5520 204.5340}

Error ID          : 53
Error Type        : Short
Error Layer       : M1 (11)
Number of errors  : 8
Description       :  -- 
Status            : error
Bbox              : {220.2560 206.6500} {220.4160 206.7610}

Error ID          : 55
Error Type        : Short
Error Layer       : M2 (13)
Number of errors  : 8
Description       :  -- 
Status            : error
Bbox              : {169.7880 222.8360} {169.9560 223.3350}

Error ID          : 64
Error Type        : Short
Error Layer       : M1 (11)
Number of errors  : 8
Description       :  -- 
Status            : error
Bbox              : {138.2570 229.0770} {138.4070 229.2270}

Error ID          : 65
Error Type        : Short
Error Layer       : M1 (11)
Number of errors  : 8
Description       :  -- 
Status            : error
Bbox              : {300.6690 235.6080} {300.8190 235.7680}

Error ID          : 37
Error Type        : Less than minimum area
Error Layer       : M2 (13)
Number of errors  : 1
Description       :  -- 
Status            : error
Bbox              : {227.4500 157.9610} {227.5100 158.0710}

1
