****************************************
Report : Report drc errors
Design : cv32e40p_synth_wrap
Data   : zroute.err
Type   : matrix
Version: W-2024.09-SP2
Date   : Sat May  9 17:00:38 2026
****************************************

                          | M1   M1-M2   M2  VIA1  | TOTALS BY TYPE
----------------------------------------------------------------------
Connection not within pin | 21   -       -   -     | 21
Diff net spacing          | 17   -       2   -     | 19
Less than minimum area    | -    -       1   -     | 1
Needs fat contact         | -    45      -   -     | 45
Off-grid                  | 1    -       1   13    | 15
Short                     | 7    -       1   -     | 8
----------------------------------------------------------------------
                          | M1   M1-M2   M2  VIA1  | 109
TOTALS BY LAYER           | 46   45      5   13    |
1
