****************************************
Report : Report drc errors
Design : cv32e40p_synth_wrap
Data   : zroute.err
Type   : error_layer
Version: W-2024.09-SP2
Date   : Sat May  9 17:00:38 2026
****************************************

ErrorSet                                    Total   Visible     Fixed   Ignored
--------------------------------------------------------------------------------
Design : cv32e40p_synth_wrap                109     109         0       0
      Data : zroute.err                     109     109         0       0
            M1 (11)                         46      46          0       0
                Connection not within pin   21      21          0       0
                Diff net spacing            17      17          0       0
                Off-grid                    1       1           0       0
                Short                       7       7           0       0
            M1 (11)-M2 (13)                 45      45          0       0
                Needs fat contact           45      45          0       0
            M2 (13)                         5       5           0       0
                Diff net spacing            2       2           0       0
                Less than minimum area      1       1           0       0
                Off-grid                    1       1           0       0
                Short                       1       1           0       0
            VIA1 (12)                       13      13          0       0
                Off-grid                    13      13          0       0
1
