Information: Updating design information... (UID-85)
 
****************************************
Report : qor
Design : cv32e40p_synth_wrap
Version: W-2024.09-SP5-5
Date   : Sat May  9 00:30:05 2026
****************************************


  Timing Path Group 'clk_i'
  -----------------------------------
  Levels of Logic:              62.00
  Critical Path Length:          8.01
  Critical Path Slack:           1.82
  Critical Path Clk Period:     10.00
  Total Negative Slack:          0.00
  No. of Violating Paths:        0.00
  Worst Hold Violation:          0.00
  Total Hold Violation:          0.00
  No. of Hold Violations:        0.00
  -----------------------------------


  Cell Count
  -----------------------------------
  Hierarchical Cell Count:         76
  Hierarchical Port Count:       3468
  Leaf Cell Count:              14109
  Buf/Inv Cell Count:            1793
  Buf Cell Count:                 581
  Inv Cell Count:                1212
  CT Buf/Inv Cell Count:            0
  Combinational Cell Count:     11905
  Sequential Cell Count:         2204
  Macro Count:                      0
  -----------------------------------


  Area
  -----------------------------------
  Combinational Area:    29500.527378
  Noncombinational Area: 15780.817833
  Buf/Inv Area:           2747.296704
  Total Buffer Area:          1184.31
  Total Inverter Area:        1562.99
  Macro/Black Box Area:      0.000000
  Net Area:                  0.000000
  Net XLength        :      226762.92
  Net YLength        :      237077.64
  -----------------------------------
  Cell Area:             45281.345211
  Design Area:           45281.345211
  Net Length        :       463840.56


  Design Rules
  -----------------------------------
  Total Number of Nets:         15258
  Nets With Violations:          1159
  Max Trans Violations:           370
  Max Cap Violations:            1159
  -----------------------------------


  Hostname: SGP3

  Compile CPU Statistics
  -----------------------------------------
  Resource Sharing:                    5.44
  Logic Optimization:                  4.15
  Mapping Optimization:               14.60
  -----------------------------------------
  Overall Compile Time:               73.12
  Overall Compile Wall Clock Time:    75.08

  --------------------------------------------------------------------

  Design  WNS: 0.00  TNS: 0.00  Number of Violating Paths: 0


  Design (Hold)  WNS: 0.00  TNS: 0.00  Number of Violating Paths: 0

  --------------------------------------------------------------------


1
