****************************************
Report : Report drc errors
Design : cv32e40p_synth_wrap
Data   : zroute.err
Type   : error_layer
Version: W-2024.09-SP2
Date   : Fri May  8 14:37:04 2026
****************************************

ErrorSet                                    Total   Visible     Fixed   Ignored
--------------------------------------------------------------------------------
Design : cv32e40p_synth_wrap                383     383         0       0
      Data : zroute.err                     383     383         0       0
            M1 (11)                         231     231         0       0
                Diff net spacing            224     224         0       0
                Off-grid                    3       3           0       0
                Short                       4       4           0       0
            M2 (13)                         73      73          0       0
                Off-grid                    73      73          0       0
            VIA1 (12)                       79      79          0       0
                Off-grid                    79      79          0       0
1
