****************************************
Report : constraint
	-all_violators
	-path slack_only
Design : cv32e40p_synth_wrap
Version: W-2024.09-SP5-3
Date   : Sat May  9 18:12:32 2026
****************************************






   max_capacitance

                             Required        Actual
   Pin                      Capacitance    Capacitance       Slack
   -----------------------------------------------------------------
   u_core/core_i/cs_registers_i/U305/Y
                               16.00          46.72         -30.72  (VIOLATED)
   u_core/core_i/cs_registers_i/U8/Y
                               16.00          45.89         -29.89  (VIOLATED)
   u_core/core_i/id_stage_i/U12/Y
                               16.00          45.17         -29.17  (VIOLATED)
   u_core/core_i/U1138/Y       16.00          42.93         -26.93  (VIOLATED)
   u_core/core_i/id_stage_i/U5/Y
                               16.00          42.89         -26.89  (VIOLATED)
   u_core/core_i/U16/Y         16.00          42.51         -26.51  (VIOLATED)
   u_core/core_i/U275/Y        16.00          42.51         -26.51  (VIOLATED)
   u_core/core_i/id_stage_i/U28/Y
                               16.00          41.75         -25.75  (VIOLATED)
   u_core/core_i/U12/Y         16.00          41.39         -25.39  (VIOLATED)
   u_core/core_i/id_stage_i/U8/Y
                               16.00          40.61         -24.61  (VIOLATED)
   u_core/core_i/cs_registers_i/U7/Y
                               16.00          40.23         -24.23  (VIOLATED)
   u_core/core_i/U38/Y         16.00          39.14         -23.14  (VIOLATED)
   u_core/core_i/U17/Y         16.00          38.45         -22.45  (VIOLATED)
   u_core/core_i/id_stage_i/U4/Y
                               16.00          38.33         -22.33  (VIOLATED)
   u_core/core_i/id_stage_i/U19/Y
                               16.00          38.33         -22.33  (VIOLATED)
   u_core/core_i/U13/Y         16.00          38.01         -22.01  (VIOLATED)
   u_core/core_i/id_stage_i/U9/Y
                               16.00          37.19         -21.19  (VIOLATED)
   u_core/core_i/id_stage_i/U10/Y
                               16.00          37.19         -21.19  (VIOLATED)
   u_core/core_i/id_stage_i/U11/Y
                               16.00          37.19         -21.19  (VIOLATED)
   u_core/core_i/id_stage_i/U18/Y
                               16.00          37.19         -21.19  (VIOLATED)
   u_core/core_i/id_stage_i/U27/Y
                               16.00          37.19         -21.19  (VIOLATED)
   u_core/core_i/U22/Y         16.00          37.03         -21.03  (VIOLATED)
   u_core/core_i/id_stage_i/U20/Y
                               16.00          36.06         -20.06  (VIOLATED)
   u_core/core_i/U15/Y         16.00          35.76         -19.76  (VIOLATED)
   u_core/core_i/id_stage_i/U17/Y
                               16.00          34.92         -18.92  (VIOLATED)
   u_core/core_i/id_stage_i/U24/Y
                               16.00          34.92         -18.92  (VIOLATED)
   u_core/core_i/id_stage_i/U26/Y
                               16.00          34.92         -18.92  (VIOLATED)
   u_core/core_i/U191/Y        16.00          34.63         -18.63  (VIOLATED)
   u_core/core_i/U273/Y        16.00          34.63         -18.63  (VIOLATED)
   u_core/core_i/U280/Y        16.00          34.63         -18.63  (VIOLATED)
   u_core/core_i/U2398/Y       16.00          34.05         -18.05  (VIOLATED)
   u_core/core_i/id_stage_i/U15/Y
                               16.00          33.78         -17.78  (VIOLATED)
   u_core/core_i/id_stage_i/U21/Y
                               16.00          33.78         -17.78  (VIOLATED)
   u_core/core_i/U21/Y         16.00          33.51         -17.51  (VIOLATED)
   u_core/core_i/U208/Y        16.00          33.51         -17.51  (VIOLATED)
   u_core/core_i/id_stage_i/U6/Y
                               16.00          32.64         -16.64  (VIOLATED)
   u_core/core_i/id_stage_i/U7/Y
                               16.00          32.64         -16.64  (VIOLATED)
   u_core/core_i/id_stage_i/U14/Y
                               16.00          32.64         -16.64  (VIOLATED)
   u_core/core_i/id_stage_i/U25/Y
                               16.00          32.64         -16.64  (VIOLATED)
   u_core/core_i/U2459/Y        8.00          24.57         -16.57  (VIOLATED)
   u_core/core_i/U101/Y        16.00          32.38         -16.38  (VIOLATED)
   u_core/core_i/id_stage_i/U29/Y
                               16.00          31.50         -15.50  (VIOLATED)
   u_core/core_i/U124/Y        16.00          31.40         -15.40  (VIOLATED)
   u_core/core_i/U2508/Y        8.00          22.85         -14.85  (VIOLATED)
   u_core/core_i/U1561/Y        8.00          22.54         -14.54  (VIOLATED)
   u_core/core_i/id_stage_i/U22/Y
                               16.00          30.36         -14.36  (VIOLATED)
   u_core/core_i/U25/Y         16.00          30.13         -14.13  (VIOLATED)
   u_core/core_i/U31/Y         16.00          30.13         -14.13  (VIOLATED)
   u_core/core_i/U62/Y         16.00          30.13         -14.13  (VIOLATED)
   u_core/core_i/U285/Y        16.00          30.13         -14.13  (VIOLATED)
   u_core/core_i/cs_registers_i/U4/Y
                               16.00          29.61         -13.61  (VIOLATED)
   u_core/core_i/cs_registers_i/U64/Y
                                8.00          21.55         -13.55  (VIOLATED)
   u_core/core_i/id_stage_i/U134/Y
                                8.00          21.27         -13.27  (VIOLATED)
   u_core/core_i/id_stage_i/U33/Y
                               16.00          29.22         -13.22  (VIOLATED)
   u_core/core_i/cs_registers_i/U125/Y
                                8.00          21.10         -13.10  (VIOLATED)
   u_core/core_i/U24/Y         16.00          29.01         -13.01  (VIOLATED)
   u_core/core_i/U30/Y         16.00          29.01         -13.01  (VIOLATED)
   u_core/core_i/U118/Y        16.00          29.01         -13.01  (VIOLATED)
   u_core/core_i/U1089/Y        8.00          21.00         -13.00  (VIOLATED)
   u_core/core_i/id_stage_i/U189/Y
                                8.00          20.18         -12.18  (VIOLATED)
   u_core/core_i/id_stage_i/U2970/Y
                                8.00          20.17         -12.17  (VIOLATED)
   u_core/core_i/id_stage_i/U122/Y
                                8.00          20.12         -12.12  (VIOLATED)
   u_core/core_i/id_stage_i/U30/Y
                               16.00          28.08         -12.08  (VIOLATED)
   u_core/core_i/id_stage_i/U32/Y
                               16.00          28.08         -12.08  (VIOLATED)
   u_core/core_i/cs_registers_i/U155/Y
                                8.00          20.02         -12.02  (VIOLATED)
   u_core/core_i/U14/Y         16.00          27.88         -11.88  (VIOLATED)
   u_core/core_i/U276/Y        16.00          27.88         -11.88  (VIOLATED)
   u_core/core_i/U279/Y        16.00          27.88         -11.88  (VIOLATED)
   u_core/core_i/id_stage_i/U1383/Y
                               16.00          27.67         -11.67  (VIOLATED)
   u_core/core_i/cs_registers_i/U159/Y
                                8.00          19.62         -11.62  (VIOLATED)
   u_core/core_i/cs_registers_i/U1234/Y
                                8.00          19.50         -11.50  (VIOLATED)
   u_core/core_i/cs_registers_i/U157/Y
                                8.00          19.33         -11.33  (VIOLATED)
   u_core/core_i/cs_registers_i/U122/Y
                                8.00          19.10         -11.10  (VIOLATED)
   u_core/core_i/cs_registers_i/U65/Y
                                8.00          19.09         -11.09  (VIOLATED)
   u_core/core_i/U103/Y        16.00          27.05         -11.05  (VIOLATED)
   u_core/core_i/cs_registers_i/U99/Y
                                8.00          19.02         -11.02  (VIOLATED)
   u_core/core_i/cs_registers_i/U120/Y
                                8.00          18.96         -10.96  (VIOLATED)
   u_core/core_i/id_stage_i/U3/Y
                               16.00          26.94         -10.94  (VIOLATED)
   u_core/core_i/id_stage_i/U13/Y
                               16.00          26.94         -10.94  (VIOLATED)
   u_core/core_i/id_stage_i/U34/Y
                               16.00          26.94         -10.94  (VIOLATED)
   u_core/core_i/id_stage_i/U144/Y
                                8.00          18.82         -10.82  (VIOLATED)
   u_core/core_i/id_stage_i/U2522/Y
                                8.00          18.81         -10.81  (VIOLATED)
   u_core/core_i/id_stage_i/U396/Y
                                8.00          18.80         -10.80  (VIOLATED)
   u_core/core_i/id_stage_i/U1376/Y
                                8.00          18.78         -10.78  (VIOLATED)
   u_core/core_i/U65/Y         16.00          26.75         -10.75  (VIOLATED)
   u_core/core_i/id_stage_i/U120/Y
                                8.00          18.70         -10.70  (VIOLATED)
   u_core/core_i/cs_registers_i/U121/Y
                                8.00          18.36         -10.36  (VIOLATED)
   u_core/core_i/cs_registers_i/U97/Y
                                8.00          18.36         -10.36  (VIOLATED)
   u_core/core_i/cs_registers_i/U124/Y
                                8.00          18.36         -10.36  (VIOLATED)
   u_core/core_i/cs_registers_i/U38/Y
                                8.00          18.34         -10.34  (VIOLATED)
   u_core/core_i/cs_registers_i/U9/Y
                               16.00          26.12         -10.12  (VIOLATED)
   u_core/core_i/id_stage_i/U76/Y
                                8.00          18.11         -10.11  (VIOLATED)
   u_core/core_i/id_stage_i/U104/Y
                                8.00          18.11         -10.11  (VIOLATED)
   u_core/core_i/id_stage_i/U108/Y
                                8.00          18.11         -10.11  (VIOLATED)
   u_core/core_i/id_stage_i/U110/Y
                                8.00          18.11         -10.11  (VIOLATED)
   u_core/core_i/id_stage_i/U190/Y
                                8.00          18.08         -10.08  (VIOLATED)
   u_core/core_i/cs_registers_i/U1129/Y
                                8.00          18.06         -10.06  (VIOLATED)
   u_core/core_i/cs_registers_i/U51/Y
                                8.00          17.88          -9.88  (VIOLATED)
   u_core/core_i/U26/Y          8.00          17.86          -9.86  (VIOLATED)
   u_core/core_i/U4458/Y        8.00          17.86          -9.86  (VIOLATED)
   u_core/core_i/id_stage_i/U121/Y
                                8.00          17.84          -9.84  (VIOLATED)
   u_core/core_i/id_stage_i/U23/Y
                               16.00          25.80          -9.80  (VIOLATED)
   u_core/core_i/U610/Y         8.00          17.61          -9.61  (VIOLATED)
   u_core/core_i/id_stage_i/U82/Y
                                8.00          17.44          -9.44  (VIOLATED)
   u_core/core_i/id_stage_i/U83/Y
                                8.00          17.44          -9.44  (VIOLATED)
   u_core/core_i/id_stage_i/U84/Y
                                8.00          17.44          -9.44  (VIOLATED)
   u_core/core_i/id_stage_i/U85/Y
                                8.00          17.44          -9.44  (VIOLATED)
   u_core/core_i/id_stage_i/U86/Y
                                8.00          17.44          -9.44  (VIOLATED)
   u_core/core_i/id_stage_i/U87/Y
                                8.00          17.44          -9.44  (VIOLATED)
   u_core/core_i/id_stage_i/U88/Y
                                8.00          17.44          -9.44  (VIOLATED)
   u_core/core_i/id_stage_i/U89/Y
                                8.00          17.44          -9.44  (VIOLATED)
   u_core/core_i/id_stage_i/U90/Y
                                8.00          17.44          -9.44  (VIOLATED)
   u_core/core_i/id_stage_i/U91/Y
                                8.00          17.44          -9.44  (VIOLATED)
   u_core/core_i/id_stage_i/U92/Y
                                8.00          17.44          -9.44  (VIOLATED)
   u_core/core_i/id_stage_i/U93/Y
                                8.00          17.44          -9.44  (VIOLATED)
   u_core/core_i/id_stage_i/U94/Y
                                8.00          17.44          -9.44  (VIOLATED)
   u_core/core_i/id_stage_i/U95/Y
                                8.00          17.44          -9.44  (VIOLATED)
   u_core/core_i/id_stage_i/U96/Y
                                8.00          17.44          -9.44  (VIOLATED)
   u_core/core_i/id_stage_i/U97/Y
                                8.00          17.44          -9.44  (VIOLATED)
   u_core/core_i/id_stage_i/U98/Y
                                8.00          17.44          -9.44  (VIOLATED)
   u_core/core_i/id_stage_i/U99/Y
                                8.00          17.44          -9.44  (VIOLATED)
   u_core/core_i/id_stage_i/U100/Y
                                8.00          17.44          -9.44  (VIOLATED)
   u_core/core_i/id_stage_i/U101/Y
                                8.00          17.44          -9.44  (VIOLATED)
   u_core/core_i/id_stage_i/U102/Y
                                8.00          17.44          -9.44  (VIOLATED)
   u_core/core_i/id_stage_i/U103/Y
                                8.00          17.44          -9.44  (VIOLATED)
   u_core/core_i/id_stage_i/U105/Y
                                8.00          17.44          -9.44  (VIOLATED)
   u_core/core_i/id_stage_i/U106/Y
                                8.00          17.44          -9.44  (VIOLATED)
   u_core/core_i/id_stage_i/U107/Y
                                8.00          17.44          -9.44  (VIOLATED)
   u_core/core_i/id_stage_i/U109/Y
                                8.00          17.44          -9.44  (VIOLATED)
   u_core/core_i/id_stage_i/U111/Y
                                8.00          17.44          -9.44  (VIOLATED)
   u_core/core_i/U1090/Y        8.00          17.44          -9.44  (VIOLATED)
   u_core/core_i/cs_registers_i/U127/Y
                                8.00          17.37          -9.37  (VIOLATED)
   u_core/core_i/U4440/Y        8.00          17.14          -9.14  (VIOLATED)
   u_core/core_i/U1969/Y        8.00          17.03          -9.03  (VIOLATED)
   u_core/core_i/cs_registers_i/U6/Y
                               16.00          24.96          -8.96  (VIOLATED)
   u_core/core_i/U472/Y         8.00          16.72          -8.72  (VIOLATED)
   u_core/core_i/id_stage_i/U16/Y
                               16.00          24.67          -8.67  (VIOLATED)
   u_core/core_i/id_stage_i/U31/Y
                               16.00          24.67          -8.67  (VIOLATED)
   u_core/core_i/id_stage_i/U35/Y
                               16.00          24.67          -8.67  (VIOLATED)
   u_core/core_i/id_stage_i/U37/Y
                               16.00          24.67          -8.67  (VIOLATED)
   u_core/core_i/U123/Y        16.00          24.50          -8.50  (VIOLATED)
   u_core/core_i/U1922/Y        8.00          16.37          -8.37  (VIOLATED)
   u_core/core_i/id_stage_i/U125/Y
                                8.00          16.21          -8.21  (VIOLATED)
   u_core/core_i/U1540/Y        8.00          15.83          -7.83  (VIOLATED)
   u_core/core_i/cs_registers_i/U5/Y
                               16.00          23.80          -7.80  (VIOLATED)
   u_core/core_i/U2753/Y        8.00          15.74          -7.74  (VIOLATED)
   u_core/core_i/cs_registers_i/U72/Y
                               16.00          23.60          -7.60  (VIOLATED)
   u_core/core_i/cs_registers_i/U128/Y
                               16.00          23.58          -7.58  (VIOLATED)
   u_core/core_i/id_stage_i/U36/Y
                               16.00          23.53          -7.53  (VIOLATED)
   u_core/core_i/cs_registers_i/U1328/Y
                                8.00          15.38          -7.38  (VIOLATED)
   u_core/core_i/U168/Y        16.00          23.38          -7.38  (VIOLATED)
   u_core/core_i/U281/Y        16.00          23.38          -7.38  (VIOLATED)
   u_core/core_i/id_stage_i/U1391/Y
                               16.00          23.27          -7.27  (VIOLATED)
   u_core/core_i/cs_registers_i/U66/Y
                               16.00          23.15          -7.15  (VIOLATED)
   u_core/core_i/U1057/Y        8.00          15.08          -7.08  (VIOLATED)
   u_core/core_i/cs_registers_i/U272/Y
                                8.00          15.06          -7.06  (VIOLATED)
   u_core/core_i/U1624/Y        8.00          15.04          -7.04  (VIOLATED)
   u_core/core_i/cs_registers_i/U48/Y
                                8.00          15.00          -7.00  (VIOLATED)
   u_core/core_i/U1537/Y        8.00          14.88          -6.88  (VIOLATED)
   u_core/core_i/U1336/Y        8.00          14.74          -6.74  (VIOLATED)
   u_core/core_i/cs_registers_i/U138/Y
                               16.00          22.56          -6.56  (VIOLATED)
   u_core/core_i/U4044/Y        8.00          14.49          -6.49  (VIOLATED)
   u_core/core_i/cs_registers_i/U69/Y
                               16.00          22.46          -6.46  (VIOLATED)
   u_core/core_i/id_stage_i/U56/Y
                                8.00          14.44          -6.44  (VIOLATED)
   u_core/core_i/cs_registers_i/U60/Y
                               16.00          22.39          -6.39  (VIOLATED)
   u_core/core_i/U11/Y         16.00          22.38          -6.38  (VIOLATED)
   u_core/core_i/cs_registers_i/U123/Y
                                8.00          14.33          -6.33  (VIOLATED)
   u_core/core_i/U29/Y         16.00          22.25          -6.25  (VIOLATED)
   u_core/core_i/id_stage_i/U54/Y
                                8.00          14.19          -6.19  (VIOLATED)
   u_core/core_i/U10/Y         16.00          22.14          -6.14  (VIOLATED)
   u_core/core_i/U830/Y         8.00          14.09          -6.09  (VIOLATED)
   u_core/core_i/id_stage_i/U55/Y
                                8.00          14.05          -6.05  (VIOLATED)
   u_core/core_i/U1541/Y        8.00          13.78          -5.78  (VIOLATED)
   u_core/core_i/U1072/Y        8.00          13.64          -5.64  (VIOLATED)
   u_core/core_i/cs_registers_i/U270/Y
                                8.00          13.59          -5.59  (VIOLATED)
   u_core/core_i/id_stage_i/alu_operator_ex_o_reg[2]/Q
                                8.00          13.49          -5.49  (VIOLATED)
   u_core/core_i/id_stage_i/U63/Y
                                8.00          13.35          -5.35  (VIOLATED)
   u_core/core_i/cs_registers_i/U119/Y
                                8.00          13.33          -5.33  (VIOLATED)
   u_core/core_i/ex_stage_i/regfile_waddr_lsu_reg[3]/Q
                                8.00          13.16          -5.16  (VIOLATED)
   u_core/core_i/U27/Y         16.00          21.13          -5.13  (VIOLATED)
   u_core/core_i/cs_registers_i/U84/Y
                                8.00          13.09          -5.09  (VIOLATED)
   u_core/core_i/U2537/Y        8.00          13.03          -5.03  (VIOLATED)
   u_core/core_i/U1792/Y        8.00          13.03          -5.03  (VIOLATED)
   u_core/core_i/cs_registers_i/U91/Y
                                8.00          13.01          -5.01  (VIOLATED)
   u_core/core_i/U1712/Y        8.00          12.96          -4.96  (VIOLATED)
   u_core/core_i/U1760/Y        8.00          12.96          -4.96  (VIOLATED)
   u_core/core_i/ex_stage_i/regfile_waddr_lsu_reg[4]/Q
                                8.00          12.95          -4.95  (VIOLATED)
   u_core/core_i/ex_stage_i/regfile_waddr_lsu_reg[2]/Q
                                8.00          12.94          -4.94  (VIOLATED)
   u_core/core_i/U1657/Y        8.00          12.94          -4.94  (VIOLATED)
   u_core/core_i/U1658/Y        8.00          12.94          -4.94  (VIOLATED)
   u_core/core_i/U1682/Y        8.00          12.94          -4.94  (VIOLATED)
   u_core/core_i/U1704/Y        8.00          12.94          -4.94  (VIOLATED)
   u_core/core_i/U5804/Y        8.00          12.93          -4.93  (VIOLATED)
   u_core/core_i/U1724/Y        8.00          12.91          -4.91  (VIOLATED)
   u_core/core_i/cs_registers_i/U171/Y
                                8.00          12.87          -4.87  (VIOLATED)
   u_core/core_i/U1800/Y        8.00          12.82          -4.82  (VIOLATED)
   u_core/core_i/U2143/Y        8.00          12.80          -4.80  (VIOLATED)
   u_core/core_i/U1842/Y        8.00          12.66          -4.66  (VIOLATED)
   u_core/core_i/U1648/Y        8.00          12.63          -4.63  (VIOLATED)
   u_core/core_i/U1642/Y        8.00          12.63          -4.63  (VIOLATED)
   u_core/core_i/id_stage_i/U130/Y
                               16.00          20.58          -4.58  (VIOLATED)
   u_core/core_i/cs_registers_i/U116/Y
                                8.00          12.38          -4.38  (VIOLATED)
   u_core/core_i/U757/Y         8.00          12.38          -4.38  (VIOLATED)
   u_core/core_i/cs_registers_i/U54/Y
                                8.00          12.30          -4.30  (VIOLATED)
   u_core/core_i/id_stage_i/U1385/Y
                               16.00          20.27          -4.27  (VIOLATED)
   u_core/core_i/U1015/Y        8.00          12.24          -4.24  (VIOLATED)
   u_core/core_i/U1563/Y        8.00          12.22          -4.22  (VIOLATED)
   u_core/core_i/U1093/Y        8.00          12.06          -4.06  (VIOLATED)
   u_core/core_i/U2676/Y        8.00          12.06          -4.06  (VIOLATED)
   u_core/core_i/U4450/Y        8.00          11.99          -3.99  (VIOLATED)
   u_core/core_i/id_stage_i/U973/Y
                                8.00          11.97          -3.97  (VIOLATED)
   u_core/core_i/id_stage_i/U3202/Y
                                8.00          11.97          -3.97  (VIOLATED)
   u_core/core_i/id_stage_i/U3336/Y
                                8.00          11.97          -3.97  (VIOLATED)
   u_core/core_i/id_stage_i/U3428/Y
                                8.00          11.97          -3.97  (VIOLATED)
   u_core/core_i/U1409/Y        8.00          11.97          -3.97  (VIOLATED)
   u_core/core_i/cs_registers_i/U216/Y
                                8.00          11.88          -3.88  (VIOLATED)
   u_core/core_i/cs_registers_i/U78/Y
                                8.00          11.83          -3.83  (VIOLATED)
   u_core/core_i/id_stage_i/U198/Y
                               16.00          19.78          -3.78  (VIOLATED)
   u_core/core_i/U805/Y         8.00          11.76          -3.76  (VIOLATED)
   u_core/core_i/id_stage_i/U237/Y
                               16.00          19.75          -3.75  (VIOLATED)
   u_core/core_i/id_stage_i/U251/Y
                               16.00          19.75          -3.75  (VIOLATED)
   u_core/core_i/id_stage_i/U274/Y
                               16.00          19.75          -3.75  (VIOLATED)
   u_core/core_i/id_stage_i/U288/Y
                               16.00          19.75          -3.75  (VIOLATED)
   u_core/core_i/id_stage_i/U299/Y
                               16.00          19.75          -3.75  (VIOLATED)
   u_core/core_i/id_stage_i/U300/Y
                               16.00          19.75          -3.75  (VIOLATED)
   u_core/core_i/id_stage_i/U301/Y
                               16.00          19.75          -3.75  (VIOLATED)
   u_core/core_i/id_stage_i/U302/Y
                               16.00          19.75          -3.75  (VIOLATED)
   u_core/core_i/id_stage_i/U303/Y
                               16.00          19.71          -3.71  (VIOLATED)
   u_core/core_i/id_stage_i/U2647/Y
                                8.00          11.67          -3.67  (VIOLATED)
   u_core/core_i/U5803/Y        8.00          11.62          -3.62  (VIOLATED)
   u_core/core_i/U2056/Y        8.00          11.60          -3.60  (VIOLATED)
   u_core/core_i/id_stage_i/U1000/Y
                               16.00          19.40          -3.40  (VIOLATED)
   u_core/core_i/id_stage_i/U1187/Y
                               16.00          19.40          -3.40  (VIOLATED)
   u_core/core_i/id_stage_i/U366/Y
                               16.00          19.38          -3.38  (VIOLATED)
   u_core/core_i/id_stage_i/U724/Y
                               16.00          19.38          -3.38  (VIOLATED)
   u_core/core_i/id_stage_i/U729/Y
                               16.00          19.38          -3.38  (VIOLATED)
   u_core/core_i/id_stage_i/U722/Y
                               16.00          19.38          -3.38  (VIOLATED)
   u_core/core_i/id_stage_i/U736/Y
                               16.00          19.38          -3.38  (VIOLATED)
   u_core/core_i/id_stage_i/U742/Y
                               16.00          19.38          -3.38  (VIOLATED)
   u_core/core_i/id_stage_i/U744/Y
                               16.00          19.38          -3.38  (VIOLATED)
   u_core/core_i/id_stage_i/U308/Y
                                8.00          11.35          -3.35  (VIOLATED)
   u_core/core_i/U5801/Y        8.00          11.13          -3.13  (VIOLATED)
   u_core/core_i/U1632/Y        8.00          11.05          -3.05  (VIOLATED)
   u_core/core_i/U1858/Y        8.00          11.03          -3.03  (VIOLATED)
   u_core/core_i/cs_registers_i/U2196/Y
                                8.00          10.85          -2.85  (VIOLATED)
   u_core/core_i/U5865/Y       16.00          18.83          -2.83  (VIOLATED)
   u_core/core_i/id_stage_i/U64/Y
                                8.00          10.76          -2.76  (VIOLATED)
   u_core/core_i/id_stage_i/U117/Y
                               16.00          18.58          -2.58  (VIOLATED)
   u_core/core_i/U877/Y         8.00          10.49          -2.49  (VIOLATED)
   u_core/core_i/cs_registers_i/U2195/Y
                                8.00          10.48          -2.48  (VIOLATED)
   u_core/core_i/U5870/Y       16.00          18.37          -2.37  (VIOLATED)
   u_core/core_i/cs_registers_i/U67/Y
                               16.00          18.30          -2.30  (VIOLATED)
   u_core/core_i/U4257/Y        8.00          10.23          -2.23  (VIOLATED)
   u_core/core_i/U5800/Y        8.00          10.20          -2.20  (VIOLATED)
   u_core/core_i/cs_registers_i/U86/Y
                                8.00          10.15          -2.15  (VIOLATED)
   u_core/core_i/U1637/Y        8.00          10.14          -2.14  (VIOLATED)
   u_core/core_i/id_stage_i/U901/Y
                                8.00          10.13          -2.13  (VIOLATED)
   u_core/core_i/id_stage_i/U925/Y
                                8.00          10.13          -2.13  (VIOLATED)
   u_core/core_i/id_stage_i/U999/Y
                                8.00          10.13          -2.13  (VIOLATED)
   u_core/core_i/id_stage_i/U1001/Y
                                8.00          10.13          -2.13  (VIOLATED)
   u_core/core_i/id_stage_i/U1002/Y
                                8.00          10.13          -2.13  (VIOLATED)
   u_core/core_i/id_stage_i/U1003/Y
                                8.00          10.13          -2.13  (VIOLATED)
   u_core/core_i/id_stage_i/U1192/Y
                                8.00          10.13          -2.13  (VIOLATED)
   u_core/core_i/id_stage_i/U3467/Y
                                8.00          10.13          -2.13  (VIOLATED)
   u_core/core_i/id_stage_i/U3977/Y
                                8.00          10.13          -2.13  (VIOLATED)
   u_core/core_i/id_stage_i/U727/Y
                               16.00          18.10          -2.10  (VIOLATED)
   u_core/core_i/id_stage_i/U731/Y
                               16.00          18.10          -2.10  (VIOLATED)
   u_core/core_i/id_stage_i/U746/Y
                               16.00          18.10          -2.10  (VIOLATED)
   u_core/core_i/id_stage_i/U773/Y
                               16.00          18.10          -2.10  (VIOLATED)
   u_core/core_i/cs_registers_i/U73/Y
                               16.00          18.08          -2.08  (VIOLATED)
   u_core/core_i/U4447/Y        8.00          10.08          -2.08  (VIOLATED)
   u_core/core_i/U1628/Y        8.00          10.06          -2.06  (VIOLATED)
   u_core/core_i/if_stage_i/instr_rdata_id_o_reg[14]/Q
                                8.00          10.03          -2.03  (VIOLATED)
   u_core/core_i/U4084/Y        8.00          10.00          -2.00  (VIOLATED)
   u_core/core_i/U4252/Y        8.00           9.90          -1.90  (VIOLATED)
   u_core/core_i/id_stage_i/U1228/Y
                                8.00           9.79          -1.79  (VIOLATED)
   u_core/core_i/id_stage_i/U238/Y
                                8.00           9.76          -1.76  (VIOLATED)
   u_core/core_i/id_stage_i/U252/Y
                                8.00           9.76          -1.76  (VIOLATED)
   u_core/core_i/id_stage_i/U1235/Y
                                8.00           9.76          -1.76  (VIOLATED)
   u_core/core_i/id_stage_i/U1242/Y
                                8.00           9.76          -1.76  (VIOLATED)
   u_core/core_i/id_stage_i/U1252/Y
                                8.00           9.76          -1.76  (VIOLATED)
   u_core/core_i/id_stage_i/U1259/Y
                                8.00           9.76          -1.76  (VIOLATED)
   u_core/core_i/id_stage_i/U1266/Y
                                8.00           9.76          -1.76  (VIOLATED)
   u_core/core_i/id_stage_i/U1273/Y
                                8.00           9.76          -1.76  (VIOLATED)
   u_core/core_i/id_stage_i/U1282/Y
                                8.00           9.76          -1.76  (VIOLATED)
   u_core/core_i/id_stage_i/U1289/Y
                                8.00           9.76          -1.76  (VIOLATED)
   u_core/core_i/id_stage_i/U1296/Y
                                8.00           9.76          -1.76  (VIOLATED)
   u_core/core_i/id_stage_i/U1303/Y
                                8.00           9.76          -1.76  (VIOLATED)
   u_core/core_i/id_stage_i/U1311/Y
                                8.00           9.76          -1.76  (VIOLATED)
   u_core/core_i/id_stage_i/U1325/Y
                                8.00           9.76          -1.76  (VIOLATED)
   u_core/core_i/id_stage_i/U1332/Y
                                8.00           9.76          -1.76  (VIOLATED)
   u_core/core_i/cs_registers_i/U50/Y
                                8.00           9.73          -1.73  (VIOLATED)
   u_core/core_i/U5862/Y       16.00          17.69          -1.69  (VIOLATED)
   u_core/core_i/U1153/Y        8.00           9.64          -1.64  (VIOLATED)
   u_core/core_i/U1199/Y        8.00           9.64          -1.64  (VIOLATED)
   u_core/core_i/U1125/Y        8.00           9.63          -1.63  (VIOLATED)
   u_core/core_i/cs_registers_i/U140/Y
                               16.00          17.60          -1.60  (VIOLATED)
   u_core/core_i/U1083/Y        8.00           9.56          -1.56  (VIOLATED)
   u_core/core_i/U1917/Y        8.00           9.53          -1.53  (VIOLATED)
   u_core/core_i/id_stage_i/U215/Y
                                8.00           9.52          -1.52  (VIOLATED)
   u_core/core_i/id_stage_i/U216/Y
                                8.00           9.52          -1.52  (VIOLATED)
   u_core/core_i/id_stage_i/U217/Y
                                8.00           9.52          -1.52  (VIOLATED)
   u_core/core_i/id_stage_i/U219/Y
                                8.00           9.52          -1.52  (VIOLATED)
   u_core/core_i/id_stage_i/U997/Y
                                8.00           9.52          -1.52  (VIOLATED)
   u_core/core_i/id_stage_i/U1080/Y
                                8.00           9.52          -1.52  (VIOLATED)
   u_core/core_i/id_stage_i/U1103/Y
                                8.00           9.52          -1.52  (VIOLATED)
   u_core/core_i/id_stage_i/U1190/Y
                                8.00           9.52          -1.52  (VIOLATED)
   u_core/core_i/id_stage_i/U1209/Y
                                8.00           9.52          -1.52  (VIOLATED)
   u_core/core_i/id_stage_i/U1213/Y
                                8.00           9.52          -1.52  (VIOLATED)
   u_core/core_i/id_stage_i/U3592/Y
                                8.00           9.52          -1.52  (VIOLATED)
   u_core/core_i/U1022/Y        8.00           9.44          -1.44  (VIOLATED)
   u_core/core_i/U1118/Y        8.00           9.44          -1.44  (VIOLATED)
   u_core/core_i/id_stage_i/U2518/Y
                                8.00           9.43          -1.43  (VIOLATED)
   u_core/core_i/U1099/Y        8.00           9.41          -1.41  (VIOLATED)
   u_core/core_i/U1196/Y        8.00           9.41          -1.41  (VIOLATED)
   u_core/core_i/U1150/Y        8.00           9.41          -1.41  (VIOLATED)
   u_core/core_i/U1103/Y        8.00           9.40          -1.40  (VIOLATED)
   u_core/core_i/U1154/Y        8.00           9.40          -1.40  (VIOLATED)
   u_core/core_i/U1200/Y        8.00           9.40          -1.40  (VIOLATED)
   u_core/core_i/U1030/Y        8.00           9.36          -1.36  (VIOLATED)
   u_core/core_i/id_stage_i/U235/Y
                                8.00           9.30          -1.30  (VIOLATED)
   u_core/core_i/id_stage_i/U249/Y
                                8.00           9.30          -1.30  (VIOLATED)
   u_core/core_i/id_stage_i/U1239/Y
                                8.00           9.30          -1.30  (VIOLATED)
   u_core/core_i/id_stage_i/U1248/Y
                                8.00           9.30          -1.30  (VIOLATED)
   u_core/core_i/id_stage_i/U1256/Y
                                8.00           9.30          -1.30  (VIOLATED)
   u_core/core_i/id_stage_i/U1263/Y
                                8.00           9.30          -1.30  (VIOLATED)
   u_core/core_i/id_stage_i/U1286/Y
                                8.00           9.30          -1.30  (VIOLATED)
   u_core/core_i/id_stage_i/U1293/Y
                                8.00           9.30          -1.30  (VIOLATED)
   u_core/core_i/id_stage_i/U1308/Y
                                8.00           9.30          -1.30  (VIOLATED)
   u_core/core_i/id_stage_i/U1322/Y
                                8.00           9.30          -1.30  (VIOLATED)
   u_core/core_i/id_stage_i/U1329/Y
                                8.00           9.30          -1.30  (VIOLATED)
   u_core/core_i/id_stage_i/U1271/Y
                                8.00           9.30          -1.30  (VIOLATED)
   u_core/core_i/id_stage_i/U1268/Y
                                8.00           9.29          -1.29  (VIOLATED)
   u_core/core_i/id_stage_i/U229/Y
                               16.00          17.27          -1.27  (VIOLATED)
   u_core/core_i/id_stage_i/U244/Y
                               16.00          17.27          -1.27  (VIOLATED)
   u_core/core_i/id_stage_i/U246/Y
                               16.00          17.27          -1.27  (VIOLATED)
   u_core/core_i/id_stage_i/regfile_alu_we_ex_o_reg/Q
                                8.00           9.25          -1.25  (VIOLATED)
   u_core/core_i/U4201/Y        8.00           9.22          -1.22  (VIOLATED)
   u_core/core_i/id_stage_i/U1202/Y
                                8.00           9.19          -1.19  (VIOLATED)
   u_core/core_i/id_stage_i/U1253/Y
                                8.00           9.19          -1.19  (VIOLATED)
   u_core/core_i/id_stage_i/U1260/Y
                                8.00           9.19          -1.19  (VIOLATED)
   u_core/core_i/id_stage_i/U1298/Y
                                8.00           9.19          -1.19  (VIOLATED)
   u_core/core_i/id_stage_i/U1305/Y
                                8.00           9.19          -1.19  (VIOLATED)
   u_core/core_i/id_stage_i/U1326/Y
                                8.00           9.19          -1.19  (VIOLATED)
   u_core/core_i/id_stage_i/U1333/Y
                                8.00           9.19          -1.19  (VIOLATED)
   u_core/core_i/id_stage_i/U1360/Y
                                8.00           9.19          -1.19  (VIOLATED)
   u_core/core_i/id_stage_i/U1369/Y
                                8.00           9.19          -1.19  (VIOLATED)
   u_core/core_i/id_stage_i/U1375/Y
                                8.00           9.19          -1.19  (VIOLATED)
   u_core/core_i/U2957/Y        8.00           9.18          -1.18  (VIOLATED)
   u_core/core_i/id_stage_i/U231/Y
                                8.00           9.17          -1.17  (VIOLATED)
   u_core/core_i/id_stage_i/U1250/Y
                                8.00           9.17          -1.17  (VIOLATED)
   u_core/core_i/id_stage_i/U1258/Y
                                8.00           9.17          -1.17  (VIOLATED)
   u_core/core_i/id_stage_i/U1265/Y
                                8.00           9.17          -1.17  (VIOLATED)
   u_core/core_i/id_stage_i/U1297/Y
                                8.00           9.17          -1.17  (VIOLATED)
   u_core/core_i/id_stage_i/U1304/Y
                                8.00           9.17          -1.17  (VIOLATED)
   u_core/core_i/id_stage_i/U1309/Y
                                8.00           9.17          -1.17  (VIOLATED)
   u_core/core_i/id_stage_i/U1324/Y
                                8.00           9.17          -1.17  (VIOLATED)
   u_core/core_i/id_stage_i/U1331/Y
                                8.00           9.17          -1.17  (VIOLATED)
   u_core/core_i/id_stage_i/U1355/Y
                                8.00           9.17          -1.17  (VIOLATED)
   u_core/core_i/id_stage_i/U1368/Y
                                8.00           9.17          -1.17  (VIOLATED)
   u_core/core_i/id_stage_i/U1371/Y
                                8.00           9.17          -1.17  (VIOLATED)
   u_core/core_i/id_stage_i/U1316/Y
                                8.00           9.17          -1.17  (VIOLATED)
   u_core/core_i/id_stage_i/U1317/Y
                                8.00           9.17          -1.17  (VIOLATED)
   u_core/core_i/id_stage_i/U223/Y
                                8.00           9.13          -1.13  (VIOLATED)
   u_core/core_i/id_stage_i/U1267/Y
                                8.00           9.13          -1.13  (VIOLATED)
   u_core/core_i/id_stage_i/U1310/Y
                                8.00           9.13          -1.13  (VIOLATED)
   u_core/core_i/U1121/Y        8.00           9.08          -1.08  (VIOLATED)
   u_core/core_i/cs_registers_i/U113/Y
                                8.00           9.07          -1.07  (VIOLATED)
   u_core/core_i/U5859/Y       16.00          17.05          -1.05  (VIOLATED)
   u_core/core_i/U5860/Y       16.00          16.98          -0.98  (VIOLATED)
   u_core/core_i/cs_registers_i/U71/Y
                               16.00          16.93          -0.93  (VIOLATED)
   u_core/core_i/id_stage_i/U1153/Y
                                8.00           8.91          -0.91  (VIOLATED)
   u_core/core_i/id_stage_i/U1188/Y
                                8.00           8.91          -0.91  (VIOLATED)
   u_core/core_i/id_stage_i/U1191/Y
                                8.00           8.91          -0.91  (VIOLATED)
   u_core/core_i/id_stage_i/U1193/Y
                                8.00           8.91          -0.91  (VIOLATED)
   u_core/core_i/id_stage_i/U1207/Y
                                8.00           8.91          -0.91  (VIOLATED)
   u_core/core_i/id_stage_i/U3714/Y
                                8.00           8.91          -0.91  (VIOLATED)
   u_core/core_i/id_stage_i/U3756/Y
                                8.00           8.91          -0.91  (VIOLATED)
   u_core/core_i/id_stage_i/U3798/Y
                                8.00           8.91          -0.91  (VIOLATED)
   u_core/core_i/id_stage_i/U4565/Y
                                8.00           8.91          -0.91  (VIOLATED)
   u_core/core_i/U3077/Y        8.00           8.88          -0.88  (VIOLATED)
   u_core/core_i/U5864/Y       16.00          16.87          -0.87  (VIOLATED)
   u_core/core_i/cs_registers_i/U75/Y
                                8.00           8.81          -0.81  (VIOLATED)
   u_core/core_i/id_stage_i/U1274/Y
                                8.00           8.78          -0.78  (VIOLATED)
   u_core/core_i/id_stage_i/U1275/Y
                                8.00           8.78          -0.78  (VIOLATED)
   u_core/core_i/id_stage_i/U1281/Y
                                8.00           8.78          -0.78  (VIOLATED)
   u_core/core_i/U329/Y         8.00           8.77          -0.77  (VIOLATED)
   u_core/core_i/id_stage_i/U228/Y
                                8.00           8.74          -0.74  (VIOLATED)
   u_core/core_i/id_stage_i/U1254/Y
                                8.00           8.74          -0.74  (VIOLATED)
   u_core/core_i/id_stage_i/U1261/Y
                                8.00           8.74          -0.74  (VIOLATED)
   u_core/core_i/id_stage_i/U1272/Y
                                8.00           8.74          -0.74  (VIOLATED)
   u_core/core_i/id_stage_i/U1280/Y
                                8.00           8.74          -0.74  (VIOLATED)
   u_core/core_i/id_stage_i/U1294/Y
                                8.00           8.74          -0.74  (VIOLATED)
   u_core/core_i/id_stage_i/U1301/Y
                                8.00           8.74          -0.74  (VIOLATED)
   u_core/core_i/id_stage_i/U1315/Y
                                8.00           8.74          -0.74  (VIOLATED)
   u_core/core_i/id_stage_i/U1320/Y
                                8.00           8.74          -0.74  (VIOLATED)
   u_core/core_i/id_stage_i/U1327/Y
                                8.00           8.74          -0.74  (VIOLATED)
   u_core/core_i/id_stage_i/U1334/Y
                                8.00           8.74          -0.74  (VIOLATED)
   u_core/core_i/id_stage_i/U1344/Y
                                8.00           8.74          -0.74  (VIOLATED)
   u_core/core_i/id_stage_i/U1362/Y
                                8.00           8.74          -0.74  (VIOLATED)
   u_core/core_i/id_stage_i/U877/Y
                                8.00           8.73          -0.73  (VIOLATED)
   u_core/core_i/id_stage_i/U1257/Y
                                8.00           8.73          -0.73  (VIOLATED)
   u_core/core_i/id_stage_i/U1264/Y
                                8.00           8.73          -0.73  (VIOLATED)
   u_core/core_i/id_stage_i/U1295/Y
                                8.00           8.73          -0.73  (VIOLATED)
   u_core/core_i/id_stage_i/U1302/Y
                                8.00           8.73          -0.73  (VIOLATED)
   u_core/core_i/id_stage_i/U1323/Y
                                8.00           8.73          -0.73  (VIOLATED)
   u_core/core_i/id_stage_i/U1330/Y
                                8.00           8.73          -0.73  (VIOLATED)
   u_core/core_i/id_stage_i/U1343/Y
                                8.00           8.73          -0.73  (VIOLATED)
   u_core/core_i/id_stage_i/U1349/Y
                                8.00           8.73          -0.73  (VIOLATED)
   u_core/core_i/id_stage_i/U1364/Y
                                8.00           8.73          -0.73  (VIOLATED)
   u_core/core_i/U1410/Y        8.00           8.69          -0.69  (VIOLATED)
   u_core/core_i/U5807/Y        8.00           8.69          -0.69  (VIOLATED)
   u_core/core_i/cs_registers_i/U142/Y
                               16.00          16.66          -0.66  (VIOLATED)
   u_core/core_i/if_stage_i/instr_rdata_id_o_reg[30]/Q
                                8.00           8.63          -0.63  (VIOLATED)
   u_core/core_i/U5808/Y        8.00           8.63          -0.63  (VIOLATED)
   u_core/core_i/id_stage_i/U1194/Y
                                8.00           8.61          -0.61  (VIOLATED)
   u_core/core_i/id_stage_i/U1196/Y
                                8.00           8.61          -0.61  (VIOLATED)
   u_core/core_i/id_stage_i/U1204/Y
                                8.00           8.61          -0.61  (VIOLATED)
   u_core/core_i/id_stage_i/U1216/Y
                                8.00           8.61          -0.61  (VIOLATED)
   u_core/core_i/id_stage_i/U1220/Y
                                8.00           8.61          -0.61  (VIOLATED)
   u_core/core_i/id_stage_i/U1222/Y
                                8.00           8.61          -0.61  (VIOLATED)
   u_core/core_i/id_stage_i/U1226/Y
                                8.00           8.61          -0.61  (VIOLATED)
   u_core/core_i/id_stage_i/U1229/Y
                                8.00           8.61          -0.61  (VIOLATED)
   u_core/core_i/id_stage_i/U1233/Y
                                8.00           8.61          -0.61  (VIOLATED)
   u_core/core_i/id_stage_i/U1287/Y
                                8.00           8.61          -0.61  (VIOLATED)
   u_core/core_i/id_stage_i/U1290/Y
                                8.00           8.61          -0.61  (VIOLATED)
   u_core/core_i/id_stage_i/U1313/Y
                                8.00           8.61          -0.61  (VIOLATED)
   u_core/core_i/id_stage_i/U1361/Y
                                8.00           8.61          -0.61  (VIOLATED)
   u_core/core_i/id_stage_i/U1379/Y
                                8.00           8.61          -0.61  (VIOLATED)
   u_core/core_i/id_stage_i/U1380/Y
                                8.00           8.61          -0.61  (VIOLATED)
   u_core/core_i/id_stage_i/U1377/Y
                                8.00           8.59          -0.59  (VIOLATED)
   u_core/core_i/id_stage_i/U1378/Y
                                8.00           8.58          -0.58  (VIOLATED)
   u_core/core_i/id_stage_i/U1214/Y
                                8.00           8.55          -0.55  (VIOLATED)
   u_core/core_i/U1041/Y        8.00           8.46          -0.46  (VIOLATED)
   u_core/core_i/cs_registers_i/U52/Y
                                8.00           8.46          -0.46  (VIOLATED)
   u_core/core_i/U337/Y         8.00           8.45          -0.45  (VIOLATED)
   u_core/core_i/id_stage_i/U1236/Y
                                8.00           8.30          -0.30  (VIOLATED)
   u_core/core_i/U452/Y         8.00           8.25          -0.25  (VIOLATED)
   u_core/core_i/U829/Y         8.00           8.20          -0.20  (VIOLATED)
   u_core/core_i/id_stage_i/U1201/Y
                                8.00           8.17          -0.17  (VIOLATED)
   u_core/core_i/id_stage_i/U1203/Y
                                8.00           8.17          -0.17  (VIOLATED)
   u_core/core_i/id_stage_i/U1218/Y
                                8.00           8.17          -0.17  (VIOLATED)
   u_core/core_i/id_stage_i/U1221/Y
                                8.00           8.17          -0.17  (VIOLATED)
   u_core/core_i/id_stage_i/U1224/Y
                                8.00           8.17          -0.17  (VIOLATED)
   u_core/core_i/id_stage_i/U1227/Y
                                8.00           8.17          -0.17  (VIOLATED)
   u_core/core_i/id_stage_i/U1234/Y
                                8.00           8.17          -0.17  (VIOLATED)
   u_core/core_i/id_stage_i/U1284/Y
                                8.00           8.17          -0.17  (VIOLATED)
   u_core/core_i/id_stage_i/U1288/Y
                                8.00           8.17          -0.17  (VIOLATED)
   u_core/core_i/id_stage_i/U1312/Y
                                8.00           8.17          -0.17  (VIOLATED)
   u_core/core_i/id_stage_i/U1319/Y
                                8.00           8.17          -0.17  (VIOLATED)
   u_core/core_i/U4864/Y        8.00           8.08          -0.08  (VIOLATED)
   u_core/core_i/id_stage_i/U1278/Y
                                8.00           8.07          -0.07  (VIOLATED)


Warning: Transition times on not annotated delay arcs havebeen set to zero. Cannot perform max_transition checking. (PTE-057)
1
