****************************************
Report : timing
	-path_type full
	-delay_type min
	-slack_lesser_than 100.00
	-max_paths 20
	-sort_by slack
Design : cv32e40p_synth_wrap
Version: W-2024.09-SP5-3
Date   : Sat May  9 18:12:32 2026
****************************************


  Startpoint: u_core/core_i/id_stage_i/regfile_waddr_ex_o_reg[0]
               (rising edge-triggered flip-flop clocked by clk_i)
  Endpoint: u_core/core_i/ex_stage_i/regfile_waddr_lsu_reg[0]
               (rising edge-triggered flip-flop clocked by clk_i)
  Path Group: clk_i
  Path Type: min

  Point                                                   Incr       Path
  ------------------------------------------------------------------------------
  clock clk_i (rise edge)                                 0.00       0.00
  clock network delay (ideal)                             0.00       0.00
  u_core/core_i/id_stage_i/regfile_waddr_ex_o_reg[0]/CLK (SDFFARX1_RVT)
                                                          0.00       0.00 r
  u_core/core_i/id_stage_i/regfile_waddr_ex_o_reg[0]/QN (SDFFARX1_RVT)
                                                          0.07 *     0.07 f
  u_core/core_i/U5024/Y (INVX1_HVT)                       0.02 *     0.10 r
  u_core/core_i/ex_stage_i/regfile_waddr_lsu_reg[0]/D (SDFFARX1_RVT)
                                                          0.00 *     0.10 r
  data arrival time                                                  0.10

  clock clk_i (rise edge)                                 0.00       0.00
  clock network delay (ideal)                             0.00       0.00
  u_core/core_i/ex_stage_i/regfile_waddr_lsu_reg[0]/CLK (SDFFARX1_RVT)
                                                                     0.00 r
  clock reconvergence pessimism                           0.00       0.00
  clock uncertainty                                       0.10       0.10
  library hold time                                      -0.05 *     0.05
  data required time                                                 0.05
  ------------------------------------------------------------------------------
  data required time                                                 0.05
  data arrival time                                                 -0.10
  ------------------------------------------------------------------------------
  slack (MET)                                                        0.04


  Startpoint: u_core/core_i/id_stage_i/regfile_waddr_ex_o_reg[3]
               (rising edge-triggered flip-flop clocked by clk_i)
  Endpoint: u_core/core_i/ex_stage_i/regfile_waddr_lsu_reg[3]
               (rising edge-triggered flip-flop clocked by clk_i)
  Path Group: clk_i
  Path Type: min

  Point                                                   Incr       Path
  ------------------------------------------------------------------------------
  clock clk_i (rise edge)                                 0.00       0.00
  clock network delay (ideal)                             0.00       0.00
  u_core/core_i/id_stage_i/regfile_waddr_ex_o_reg[3]/CLK (SDFFARX1_RVT)
                                                          0.00       0.00 r
  u_core/core_i/id_stage_i/regfile_waddr_ex_o_reg[3]/QN (SDFFARX1_RVT)
                                                          0.07 *     0.07 f
  u_core/core_i/U5027/Y (INVX1_HVT)                       0.02 *     0.10 r
  u_core/core_i/ex_stage_i/regfile_waddr_lsu_reg[3]/D (SDFFARX1_RVT)
                                                          0.00 *     0.10 r
  data arrival time                                                  0.10

  clock clk_i (rise edge)                                 0.00       0.00
  clock network delay (ideal)                             0.00       0.00
  u_core/core_i/ex_stage_i/regfile_waddr_lsu_reg[3]/CLK (SDFFARX1_RVT)
                                                                     0.00 r
  clock reconvergence pessimism                           0.00       0.00
  clock uncertainty                                       0.10       0.10
  library hold time                                      -0.05 *     0.05
  data required time                                                 0.05
  ------------------------------------------------------------------------------
  data required time                                                 0.05
  data arrival time                                                 -0.10
  ------------------------------------------------------------------------------
  slack (MET)                                                        0.04


  Startpoint: u_core/core_i/id_stage_i/data_we_ex_o_reg
               (rising edge-triggered flip-flop clocked by clk_i)
  Endpoint: u_core/core_i/load_store_unit_i/data_we_q_reg
               (rising edge-triggered flip-flop clocked by clk_i)
  Path Group: clk_i
  Path Type: min

  Point                                                   Incr       Path
  ------------------------------------------------------------------------------
  clock clk_i (rise edge)                                 0.00       0.00
  clock network delay (ideal)                             0.00       0.00
  u_core/core_i/id_stage_i/data_we_ex_o_reg/CLK (SDFFARX1_RVT)
                                                          0.00       0.00 r
  u_core/core_i/id_stage_i/data_we_ex_o_reg/QN (SDFFARX1_RVT)
                                                          0.07 *     0.07 f
  u_core/core_i/U5029/Y (INVX1_HVT)                       0.02 *     0.10 r
  u_core/core_i/load_store_unit_i/data_we_q_reg/D (SDFFARX1_RVT)
                                                          0.00 *     0.10 r
  data arrival time                                                  0.10

  clock clk_i (rise edge)                                 0.00       0.00
  clock network delay (ideal)                             0.00       0.00
  u_core/core_i/load_store_unit_i/data_we_q_reg/CLK (SDFFARX1_RVT)
                                                                     0.00 r
  clock reconvergence pessimism                           0.00       0.00
  clock uncertainty                                       0.10       0.10
  library hold time                                      -0.05 *     0.05
  data required time                                                 0.05
  ------------------------------------------------------------------------------
  data required time                                                 0.05
  data arrival time                                                 -0.10
  ------------------------------------------------------------------------------
  slack (MET)                                                        0.05


  Startpoint: u_core/core_i/id_stage_i/data_sign_ext_ex_o_reg[0]
               (rising edge-triggered flip-flop clocked by clk_i)
  Endpoint: u_core/core_i/load_store_unit_i/data_sign_ext_q_reg[0]
               (rising edge-triggered flip-flop clocked by clk_i)
  Path Group: clk_i
  Path Type: min

  Point                                                   Incr       Path
  ------------------------------------------------------------------------------
  clock clk_i (rise edge)                                 0.00       0.00
  clock network delay (ideal)                             0.00       0.00
  u_core/core_i/id_stage_i/data_sign_ext_ex_o_reg[0]/CLK (SDFFARX1_RVT)
                                                          0.00       0.00 r
  u_core/core_i/id_stage_i/data_sign_ext_ex_o_reg[0]/Q (SDFFARX1_RVT)
                                                          0.11 *     0.11 f
  u_core/core_i/load_store_unit_i/data_sign_ext_q_reg[0]/D (SDFFARX1_RVT)
                                                          0.00 *     0.11 f
  data arrival time                                                  0.11

  clock clk_i (rise edge)                                 0.00       0.00
  clock network delay (ideal)                             0.00       0.00
  u_core/core_i/load_store_unit_i/data_sign_ext_q_reg[0]/CLK (SDFFARX1_RVT)
                                                                     0.00 r
  clock reconvergence pessimism                           0.00       0.00
  clock uncertainty                                       0.10       0.10
  library hold time                                      -0.04 *     0.06
  data required time                                                 0.06
  ------------------------------------------------------------------------------
  data required time                                                 0.06
  data arrival time                                                 -0.11
  ------------------------------------------------------------------------------
  slack (MET)                                                        0.05


  Startpoint: u_core/core_i/if_stage_i/aligner_i/pc_q_reg[16]
               (rising edge-triggered flip-flop clocked by clk_i)
  Endpoint: u_core/core_i/if_stage_i/pc_id_o_reg[16]
               (rising edge-triggered flip-flop clocked by clk_i)
  Path Group: clk_i
  Path Type: min

  Point                                                   Incr       Path
  ------------------------------------------------------------------------------
  clock clk_i (rise edge)                                 0.00       0.00
  clock network delay (ideal)                             0.00       0.00
  u_core/core_i/if_stage_i/aligner_i/pc_q_reg[16]/CLK (SDFFARX1_RVT)
                                                          0.00       0.00 r
  u_core/core_i/if_stage_i/aligner_i/pc_q_reg[16]/Q (SDFFARX1_RVT)
                                                          0.11 *     0.11 f
  u_core/core_i/if_stage_i/pc_id_o_reg[16]/D (SDFFARX1_RVT)
                                                          0.00 *     0.11 f
  data arrival time                                                  0.11

  clock clk_i (rise edge)                                 0.00       0.00
  clock network delay (ideal)                             0.00       0.00
  u_core/core_i/if_stage_i/pc_id_o_reg[16]/CLK (SDFFARX1_RVT)        0.00 r
  clock reconvergence pessimism                           0.00       0.00
  clock uncertainty                                       0.10       0.10
  library hold time                                      -0.04 *     0.06
  data required time                                                 0.06
  ------------------------------------------------------------------------------
  data required time                                                 0.06
  data arrival time                                                 -0.11
  ------------------------------------------------------------------------------
  slack (MET)                                                        0.06


  Startpoint: u_core/core_i/if_stage_i/aligner_i/pc_q_reg[20]
               (rising edge-triggered flip-flop clocked by clk_i)
  Endpoint: u_core/core_i/if_stage_i/pc_id_o_reg[20]
               (rising edge-triggered flip-flop clocked by clk_i)
  Path Group: clk_i
  Path Type: min

  Point                                                   Incr       Path
  ------------------------------------------------------------------------------
  clock clk_i (rise edge)                                 0.00       0.00
  clock network delay (ideal)                             0.00       0.00
  u_core/core_i/if_stage_i/aligner_i/pc_q_reg[20]/CLK (SDFFARX1_RVT)
                                                          0.00       0.00 r
  u_core/core_i/if_stage_i/aligner_i/pc_q_reg[20]/Q (SDFFARX1_RVT)
                                                          0.11 *     0.11 f
  u_core/core_i/if_stage_i/pc_id_o_reg[20]/D (SDFFARX1_RVT)
                                                          0.00 *     0.11 f
  data arrival time                                                  0.11

  clock clk_i (rise edge)                                 0.00       0.00
  clock network delay (ideal)                             0.00       0.00
  u_core/core_i/if_stage_i/pc_id_o_reg[20]/CLK (SDFFARX1_RVT)        0.00 r
  clock reconvergence pessimism                           0.00       0.00
  clock uncertainty                                       0.10       0.10
  library hold time                                      -0.04 *     0.06
  data required time                                                 0.06
  ------------------------------------------------------------------------------
  data required time                                                 0.06
  data arrival time                                                 -0.11
  ------------------------------------------------------------------------------
  slack (MET)                                                        0.06


  Startpoint: u_core/core_i/if_stage_i/aligner_i/pc_q_reg[12]
               (rising edge-triggered flip-flop clocked by clk_i)
  Endpoint: u_core/core_i/if_stage_i/pc_id_o_reg[12]
               (rising edge-triggered flip-flop clocked by clk_i)
  Path Group: clk_i
  Path Type: min

  Point                                                   Incr       Path
  ------------------------------------------------------------------------------
  clock clk_i (rise edge)                                 0.00       0.00
  clock network delay (ideal)                             0.00       0.00
  u_core/core_i/if_stage_i/aligner_i/pc_q_reg[12]/CLK (SDFFARX1_RVT)
                                                          0.00       0.00 r
  u_core/core_i/if_stage_i/aligner_i/pc_q_reg[12]/Q (SDFFARX1_RVT)
                                                          0.11 *     0.11 f
  u_core/core_i/if_stage_i/pc_id_o_reg[12]/D (SDFFARX1_RVT)
                                                          0.00 *     0.11 f
  data arrival time                                                  0.11

  clock clk_i (rise edge)                                 0.00       0.00
  clock network delay (ideal)                             0.00       0.00
  u_core/core_i/if_stage_i/pc_id_o_reg[12]/CLK (SDFFARX1_RVT)        0.00 r
  clock reconvergence pessimism                           0.00       0.00
  clock uncertainty                                       0.10       0.10
  library hold time                                      -0.05 *     0.05
  data required time                                                 0.05
  ------------------------------------------------------------------------------
  data required time                                                 0.05
  data arrival time                                                 -0.11
  ------------------------------------------------------------------------------
  slack (MET)                                                        0.06


  Startpoint: u_core/core_i/if_stage_i/aligner_i/pc_q_reg[17]
               (rising edge-triggered flip-flop clocked by clk_i)
  Endpoint: u_core/core_i/if_stage_i/pc_id_o_reg[17]
               (rising edge-triggered flip-flop clocked by clk_i)
  Path Group: clk_i
  Path Type: min

  Point                                                   Incr       Path
  ------------------------------------------------------------------------------
  clock clk_i (rise edge)                                 0.00       0.00
  clock network delay (ideal)                             0.00       0.00
  u_core/core_i/if_stage_i/aligner_i/pc_q_reg[17]/CLK (SDFFARX1_RVT)
                                                          0.00       0.00 r
  u_core/core_i/if_stage_i/aligner_i/pc_q_reg[17]/Q (SDFFARX1_RVT)
                                                          0.11 *     0.11 f
  u_core/core_i/if_stage_i/pc_id_o_reg[17]/D (SDFFARX1_RVT)
                                                          0.00 *     0.11 f
  data arrival time                                                  0.11

  clock clk_i (rise edge)                                 0.00       0.00
  clock network delay (ideal)                             0.00       0.00
  u_core/core_i/if_stage_i/pc_id_o_reg[17]/CLK (SDFFARX1_RVT)        0.00 r
  clock reconvergence pessimism                           0.00       0.00
  clock uncertainty                                       0.10       0.10
  library hold time                                      -0.05 *     0.05
  data required time                                                 0.05
  ------------------------------------------------------------------------------
  data required time                                                 0.05
  data arrival time                                                 -0.11
  ------------------------------------------------------------------------------
  slack (MET)                                                        0.06


  Startpoint: u_core/core_i/if_stage_i/aligner_i/pc_q_reg[21]
               (rising edge-triggered flip-flop clocked by clk_i)
  Endpoint: u_core/core_i/if_stage_i/pc_id_o_reg[21]
               (rising edge-triggered flip-flop clocked by clk_i)
  Path Group: clk_i
  Path Type: min

  Point                                                   Incr       Path
  ------------------------------------------------------------------------------
  clock clk_i (rise edge)                                 0.00       0.00
  clock network delay (ideal)                             0.00       0.00
  u_core/core_i/if_stage_i/aligner_i/pc_q_reg[21]/CLK (SDFFARX1_RVT)
                                                          0.00       0.00 r
  u_core/core_i/if_stage_i/aligner_i/pc_q_reg[21]/Q (SDFFARX1_RVT)
                                                          0.11 *     0.11 f
  u_core/core_i/if_stage_i/pc_id_o_reg[21]/D (SDFFARX1_RVT)
                                                          0.00 *     0.11 f
  data arrival time                                                  0.11

  clock clk_i (rise edge)                                 0.00       0.00
  clock network delay (ideal)                             0.00       0.00
  u_core/core_i/if_stage_i/pc_id_o_reg[21]/CLK (SDFFARX1_RVT)        0.00 r
  clock reconvergence pessimism                           0.00       0.00
  clock uncertainty                                       0.10       0.10
  library hold time                                      -0.05 *     0.05
  data required time                                                 0.05
  ------------------------------------------------------------------------------
  data required time                                                 0.05
  data arrival time                                                 -0.11
  ------------------------------------------------------------------------------
  slack (MET)                                                        0.06


  Startpoint: u_core/core_i/if_stage_i/aligner_i/pc_q_reg[25]
               (rising edge-triggered flip-flop clocked by clk_i)
  Endpoint: u_core/core_i/if_stage_i/pc_id_o_reg[25]
               (rising edge-triggered flip-flop clocked by clk_i)
  Path Group: clk_i
  Path Type: min

  Point                                                   Incr       Path
  ------------------------------------------------------------------------------
  clock clk_i (rise edge)                                 0.00       0.00
  clock network delay (ideal)                             0.00       0.00
  u_core/core_i/if_stage_i/aligner_i/pc_q_reg[25]/CLK (SDFFARX1_RVT)
                                                          0.00       0.00 r
  u_core/core_i/if_stage_i/aligner_i/pc_q_reg[25]/Q (SDFFARX1_RVT)
                                                          0.11 *     0.11 f
  u_core/core_i/if_stage_i/pc_id_o_reg[25]/D (SDFFARX1_RVT)
                                                          0.00 *     0.11 f
  data arrival time                                                  0.11

  clock clk_i (rise edge)                                 0.00       0.00
  clock network delay (ideal)                             0.00       0.00
  u_core/core_i/if_stage_i/pc_id_o_reg[25]/CLK (SDFFARX1_RVT)        0.00 r
  clock reconvergence pessimism                           0.00       0.00
  clock uncertainty                                       0.10       0.10
  library hold time                                      -0.05 *     0.05
  data required time                                                 0.05
  ------------------------------------------------------------------------------
  data required time                                                 0.05
  data arrival time                                                 -0.11
  ------------------------------------------------------------------------------
  slack (MET)                                                        0.06


  Startpoint: u_core/core_i/if_stage_i/aligner_i/pc_q_reg[27]
               (rising edge-triggered flip-flop clocked by clk_i)
  Endpoint: u_core/core_i/if_stage_i/pc_id_o_reg[27]
               (rising edge-triggered flip-flop clocked by clk_i)
  Path Group: clk_i
  Path Type: min

  Point                                                   Incr       Path
  ------------------------------------------------------------------------------
  clock clk_i (rise edge)                                 0.00       0.00
  clock network delay (ideal)                             0.00       0.00
  u_core/core_i/if_stage_i/aligner_i/pc_q_reg[27]/CLK (SDFFARX1_RVT)
                                                          0.00       0.00 r
  u_core/core_i/if_stage_i/aligner_i/pc_q_reg[27]/Q (SDFFARX1_RVT)
                                                          0.11 *     0.11 f
  u_core/core_i/if_stage_i/pc_id_o_reg[27]/D (SDFFARX1_RVT)
                                                          0.00 *     0.11 f
  data arrival time                                                  0.11

  clock clk_i (rise edge)                                 0.00       0.00
  clock network delay (ideal)                             0.00       0.00
  u_core/core_i/if_stage_i/pc_id_o_reg[27]/CLK (SDFFARX1_RVT)        0.00 r
  clock reconvergence pessimism                           0.00       0.00
  clock uncertainty                                       0.10       0.10
  library hold time                                      -0.05 *     0.05
  data required time                                                 0.05
  ------------------------------------------------------------------------------
  data required time                                                 0.05
  data arrival time                                                 -0.11
  ------------------------------------------------------------------------------
  slack (MET)                                                        0.06


  Startpoint: u_core/core_i/if_stage_i/aligner_i/pc_q_reg[10]
               (rising edge-triggered flip-flop clocked by clk_i)
  Endpoint: u_core/core_i/if_stage_i/pc_id_o_reg[10]
               (rising edge-triggered flip-flop clocked by clk_i)
  Path Group: clk_i
  Path Type: min

  Point                                                   Incr       Path
  ------------------------------------------------------------------------------
  clock clk_i (rise edge)                                 0.00       0.00
  clock network delay (ideal)                             0.00       0.00
  u_core/core_i/if_stage_i/aligner_i/pc_q_reg[10]/CLK (SDFFARX1_RVT)
                                                          0.00       0.00 r
  u_core/core_i/if_stage_i/aligner_i/pc_q_reg[10]/Q (SDFFARX1_RVT)
                                                          0.12 *     0.12 f
  u_core/core_i/if_stage_i/pc_id_o_reg[10]/D (SDFFARX1_RVT)
                                                          0.00 *     0.12 f
  data arrival time                                                  0.12

  clock clk_i (rise edge)                                 0.00       0.00
  clock network delay (ideal)                             0.00       0.00
  u_core/core_i/if_stage_i/pc_id_o_reg[10]/CLK (SDFFARX1_RVT)        0.00 r
  clock reconvergence pessimism                           0.00       0.00
  clock uncertainty                                       0.10       0.10
  library hold time                                      -0.05 *     0.05
  data required time                                                 0.05
  ------------------------------------------------------------------------------
  data required time                                                 0.05
  data arrival time                                                 -0.12
  ------------------------------------------------------------------------------
  slack (MET)                                                        0.06


  Startpoint: u_core/core_i/if_stage_i/aligner_i/pc_q_reg[11]
               (rising edge-triggered flip-flop clocked by clk_i)
  Endpoint: u_core/core_i/if_stage_i/pc_id_o_reg[11]
               (rising edge-triggered flip-flop clocked by clk_i)
  Path Group: clk_i
  Path Type: min

  Point                                                   Incr       Path
  ------------------------------------------------------------------------------
  clock clk_i (rise edge)                                 0.00       0.00
  clock network delay (ideal)                             0.00       0.00
  u_core/core_i/if_stage_i/aligner_i/pc_q_reg[11]/CLK (SDFFARX1_RVT)
                                                          0.00       0.00 r
  u_core/core_i/if_stage_i/aligner_i/pc_q_reg[11]/Q (SDFFARX1_RVT)
                                                          0.12 *     0.12 f
  u_core/core_i/if_stage_i/pc_id_o_reg[11]/D (SDFFARX1_RVT)
                                                          0.00 *     0.12 f
  data arrival time                                                  0.12

  clock clk_i (rise edge)                                 0.00       0.00
  clock network delay (ideal)                             0.00       0.00
  u_core/core_i/if_stage_i/pc_id_o_reg[11]/CLK (SDFFARX1_RVT)        0.00 r
  clock reconvergence pessimism                           0.00       0.00
  clock uncertainty                                       0.10       0.10
  library hold time                                      -0.05 *     0.05
  data required time                                                 0.05
  ------------------------------------------------------------------------------
  data required time                                                 0.05
  data arrival time                                                 -0.12
  ------------------------------------------------------------------------------
  slack (MET)                                                        0.06


  Startpoint: u_core/core_i/if_stage_i/aligner_i/pc_q_reg[19]
               (rising edge-triggered flip-flop clocked by clk_i)
  Endpoint: u_core/core_i/if_stage_i/pc_id_o_reg[19]
               (rising edge-triggered flip-flop clocked by clk_i)
  Path Group: clk_i
  Path Type: min

  Point                                                   Incr       Path
  ------------------------------------------------------------------------------
  clock clk_i (rise edge)                                 0.00       0.00
  clock network delay (ideal)                             0.00       0.00
  u_core/core_i/if_stage_i/aligner_i/pc_q_reg[19]/CLK (SDFFARX1_RVT)
                                                          0.00       0.00 r
  u_core/core_i/if_stage_i/aligner_i/pc_q_reg[19]/Q (SDFFARX1_RVT)
                                                          0.12 *     0.12 f
  u_core/core_i/if_stage_i/pc_id_o_reg[19]/D (SDFFARX1_RVT)
                                                          0.00 *     0.12 f
  data arrival time                                                  0.12

  clock clk_i (rise edge)                                 0.00       0.00
  clock network delay (ideal)                             0.00       0.00
  u_core/core_i/if_stage_i/pc_id_o_reg[19]/CLK (SDFFARX1_RVT)        0.00 r
  clock reconvergence pessimism                           0.00       0.00
  clock uncertainty                                       0.10       0.10
  library hold time                                      -0.05 *     0.05
  data required time                                                 0.05
  ------------------------------------------------------------------------------
  data required time                                                 0.05
  data arrival time                                                 -0.12
  ------------------------------------------------------------------------------
  slack (MET)                                                        0.06


  Startpoint: u_core/core_i/if_stage_i/aligner_i/pc_q_reg[26]
               (rising edge-triggered flip-flop clocked by clk_i)
  Endpoint: u_core/core_i/if_stage_i/pc_id_o_reg[26]
               (rising edge-triggered flip-flop clocked by clk_i)
  Path Group: clk_i
  Path Type: min

  Point                                                   Incr       Path
  ------------------------------------------------------------------------------
  clock clk_i (rise edge)                                 0.00       0.00
  clock network delay (ideal)                             0.00       0.00
  u_core/core_i/if_stage_i/aligner_i/pc_q_reg[26]/CLK (SDFFARX1_RVT)
                                                          0.00       0.00 r
  u_core/core_i/if_stage_i/aligner_i/pc_q_reg[26]/Q (SDFFARX1_RVT)
                                                          0.12 *     0.12 f
  u_core/core_i/if_stage_i/pc_id_o_reg[26]/D (SDFFARX1_RVT)
                                                          0.00 *     0.12 f
  data arrival time                                                  0.12

  clock clk_i (rise edge)                                 0.00       0.00
  clock network delay (ideal)                             0.00       0.00
  u_core/core_i/if_stage_i/pc_id_o_reg[26]/CLK (SDFFARX1_RVT)        0.00 r
  clock reconvergence pessimism                           0.00       0.00
  clock uncertainty                                       0.10       0.10
  library hold time                                      -0.05 *     0.05
  data required time                                                 0.05
  ------------------------------------------------------------------------------
  data required time                                                 0.05
  data arrival time                                                 -0.12
  ------------------------------------------------------------------------------
  slack (MET)                                                        0.06


  Startpoint: u_core/core_i/if_stage_i/aligner_i/pc_q_reg[7]
               (rising edge-triggered flip-flop clocked by clk_i)
  Endpoint: u_core/core_i/if_stage_i/pc_id_o_reg[7]
               (rising edge-triggered flip-flop clocked by clk_i)
  Path Group: clk_i
  Path Type: min

  Point                                                   Incr       Path
  ------------------------------------------------------------------------------
  clock clk_i (rise edge)                                 0.00       0.00
  clock network delay (ideal)                             0.00       0.00
  u_core/core_i/if_stage_i/aligner_i/pc_q_reg[7]/CLK (SDFFARX1_RVT)
                                                          0.00       0.00 r
  u_core/core_i/if_stage_i/aligner_i/pc_q_reg[7]/Q (SDFFARX1_RVT)
                                                          0.12 *     0.12 f
  u_core/core_i/if_stage_i/pc_id_o_reg[7]/D (SDFFARX1_RVT)
                                                          0.00 *     0.12 f
  data arrival time                                                  0.12

  clock clk_i (rise edge)                                 0.00       0.00
  clock network delay (ideal)                             0.00       0.00
  u_core/core_i/if_stage_i/pc_id_o_reg[7]/CLK (SDFFARX1_RVT)         0.00 r
  clock reconvergence pessimism                           0.00       0.00
  clock uncertainty                                       0.10       0.10
  library hold time                                      -0.05 *     0.05
  data required time                                                 0.05
  ------------------------------------------------------------------------------
  data required time                                                 0.05
  data arrival time                                                 -0.12
  ------------------------------------------------------------------------------
  slack (MET)                                                        0.06


  Startpoint: u_core/core_i/if_stage_i/aligner_i/pc_q_reg[15]
               (rising edge-triggered flip-flop clocked by clk_i)
  Endpoint: u_core/core_i/if_stage_i/pc_id_o_reg[15]
               (rising edge-triggered flip-flop clocked by clk_i)
  Path Group: clk_i
  Path Type: min

  Point                                                   Incr       Path
  ------------------------------------------------------------------------------
  clock clk_i (rise edge)                                 0.00       0.00
  clock network delay (ideal)                             0.00       0.00
  u_core/core_i/if_stage_i/aligner_i/pc_q_reg[15]/CLK (SDFFARX1_RVT)
                                                          0.00       0.00 r
  u_core/core_i/if_stage_i/aligner_i/pc_q_reg[15]/Q (SDFFARX1_RVT)
                                                          0.12 *     0.12 f
  u_core/core_i/if_stage_i/pc_id_o_reg[15]/D (SDFFARX1_RVT)
                                                          0.00 *     0.12 f
  data arrival time                                                  0.12

  clock clk_i (rise edge)                                 0.00       0.00
  clock network delay (ideal)                             0.00       0.00
  u_core/core_i/if_stage_i/pc_id_o_reg[15]/CLK (SDFFARX1_RVT)        0.00 r
  clock reconvergence pessimism                           0.00       0.00
  clock uncertainty                                       0.10       0.10
  library hold time                                      -0.05 *     0.05
  data required time                                                 0.05
  ------------------------------------------------------------------------------
  data required time                                                 0.05
  data arrival time                                                 -0.12
  ------------------------------------------------------------------------------
  slack (MET)                                                        0.06


  Startpoint: u_core/core_i/if_stage_i/aligner_i/pc_q_reg[24]
               (rising edge-triggered flip-flop clocked by clk_i)
  Endpoint: u_core/core_i/if_stage_i/pc_id_o_reg[24]
               (rising edge-triggered flip-flop clocked by clk_i)
  Path Group: clk_i
  Path Type: min

  Point                                                   Incr       Path
  ------------------------------------------------------------------------------
  clock clk_i (rise edge)                                 0.00       0.00
  clock network delay (ideal)                             0.00       0.00
  u_core/core_i/if_stage_i/aligner_i/pc_q_reg[24]/CLK (SDFFARX1_RVT)
                                                          0.00       0.00 r
  u_core/core_i/if_stage_i/aligner_i/pc_q_reg[24]/Q (SDFFARX1_RVT)
                                                          0.12 *     0.12 f
  u_core/core_i/if_stage_i/pc_id_o_reg[24]/D (SDFFARX1_RVT)
                                                          0.00 *     0.12 f
  data arrival time                                                  0.12

  clock clk_i (rise edge)                                 0.00       0.00
  clock network delay (ideal)                             0.00       0.00
  u_core/core_i/if_stage_i/pc_id_o_reg[24]/CLK (SDFFARX1_RVT)        0.00 r
  clock reconvergence pessimism                           0.00       0.00
  clock uncertainty                                       0.10       0.10
  library hold time                                      -0.05 *     0.05
  data required time                                                 0.05
  ------------------------------------------------------------------------------
  data required time                                                 0.05
  data arrival time                                                 -0.12
  ------------------------------------------------------------------------------
  slack (MET)                                                        0.06


  Startpoint: u_core/core_i/if_stage_i/aligner_i/pc_q_reg[8]
               (rising edge-triggered flip-flop clocked by clk_i)
  Endpoint: u_core/core_i/if_stage_i/pc_id_o_reg[8]
               (rising edge-triggered flip-flop clocked by clk_i)
  Path Group: clk_i
  Path Type: min

  Point                                                   Incr       Path
  ------------------------------------------------------------------------------
  clock clk_i (rise edge)                                 0.00       0.00
  clock network delay (ideal)                             0.00       0.00
  u_core/core_i/if_stage_i/aligner_i/pc_q_reg[8]/CLK (SDFFARX1_RVT)
                                                          0.00       0.00 r
  u_core/core_i/if_stage_i/aligner_i/pc_q_reg[8]/Q (SDFFARX1_RVT)
                                                          0.12 *     0.12 f
  u_core/core_i/if_stage_i/pc_id_o_reg[8]/D (SDFFARX1_RVT)
                                                          0.00 *     0.12 f
  data arrival time                                                  0.12

  clock clk_i (rise edge)                                 0.00       0.00
  clock network delay (ideal)                             0.00       0.00
  u_core/core_i/if_stage_i/pc_id_o_reg[8]/CLK (SDFFARX1_RVT)         0.00 r
  clock reconvergence pessimism                           0.00       0.00
  clock uncertainty                                       0.10       0.10
  library hold time                                      -0.05 *     0.05
  data required time                                                 0.05
  ------------------------------------------------------------------------------
  data required time                                                 0.05
  data arrival time                                                 -0.12
  ------------------------------------------------------------------------------
  slack (MET)                                                        0.06


  Startpoint: u_core/core_i/if_stage_i/aligner_i/pc_q_reg[18]
               (rising edge-triggered flip-flop clocked by clk_i)
  Endpoint: u_core/core_i/if_stage_i/pc_id_o_reg[18]
               (rising edge-triggered flip-flop clocked by clk_i)
  Path Group: clk_i
  Path Type: min

  Point                                                   Incr       Path
  ------------------------------------------------------------------------------
  clock clk_i (rise edge)                                 0.00       0.00
  clock network delay (ideal)                             0.00       0.00
  u_core/core_i/if_stage_i/aligner_i/pc_q_reg[18]/CLK (SDFFARX1_RVT)
                                                          0.00       0.00 r
  u_core/core_i/if_stage_i/aligner_i/pc_q_reg[18]/Q (SDFFARX1_RVT)
                                                          0.12 *     0.12 f
  u_core/core_i/if_stage_i/pc_id_o_reg[18]/D (SDFFARX1_RVT)
                                                          0.00 *     0.12 f
  data arrival time                                                  0.12

  clock clk_i (rise edge)                                 0.00       0.00
  clock network delay (ideal)                             0.00       0.00
  u_core/core_i/if_stage_i/pc_id_o_reg[18]/CLK (SDFFARX1_RVT)        0.00 r
  clock reconvergence pessimism                           0.00       0.00
  clock uncertainty                                       0.10       0.10
  library hold time                                      -0.05 *     0.05
  data required time                                                 0.05
  ------------------------------------------------------------------------------
  data required time                                                 0.05
  data arrival time                                                 -0.12
  ------------------------------------------------------------------------------
  slack (MET)                                                        0.06

Warning: report_timing has satisfied the max_paths criteria. There are 2295 further endpoints which have paths of interest with slack less than   100.00 that were not considered when generating this report. (UITE-502)

1
