**************************************************
Report         : unmatched_points

Reference      : r:/WORK/cv32e40p_synth_wrap
Implementation : i:/WORK/cv32e40p_synth_wrap
Version        : W-2024.09-SP5
Date           : Sat May  9 18:10:37 2026
**************************************************

76 Unmatched points (3 reference, 73 implementation):

  Ref  DFF0X      r:/WORK/cv32e40p_synth_wrap/u_core/core_i/id_stage_i/int_controller_i/irq_sec_q_reg

  Ref  DFF        r:/WORK/cv32e40p_synth_wrap/u_core/core_i/if_stage_i/aligner_i/aligner_ready_q_reg

  Ref  Und        r:/WORK/cv32e40p_synth_wrap/scan_out

  Impl LATCG      i:/WORK/cv32e40p_synth_wrap/u_core/core_i/clk_gate_if_stage_i/prefetch_buffer_i/prefetch_controller_i/cnt_q_reg/latch

  Impl LATCG      i:/WORK/cv32e40p_synth_wrap/u_core/core_i/cs_registers_i/clk_gate_dcsr_q_reg\[cause]/latch

  Impl LATCG      i:/WORK/cv32e40p_synth_wrap/u_core/core_i/cs_registers_i/clk_gate_dcsr_q_reg\[ebreakm]/latch

  Impl LATCG      i:/WORK/cv32e40p_synth_wrap/u_core/core_i/cs_registers_i/clk_gate_depc_q_reg/latch

  Impl LATCG      i:/WORK/cv32e40p_synth_wrap/u_core/core_i/cs_registers_i/clk_gate_dscratch0_q_reg/latch

  Impl LATCG      i:/WORK/cv32e40p_synth_wrap/u_core/core_i/cs_registers_i/clk_gate_dscratch1_q_reg/latch

  Impl LATCG      i:/WORK/cv32e40p_synth_wrap/u_core/core_i/cs_registers_i/clk_gate_gen_trigger_regs.tmatch_value_q_reg/latch

  Impl LATCG      i:/WORK/cv32e40p_synth_wrap/u_core/core_i/cs_registers_i/clk_gate_mcountinhibit_q_reg/latch

  Impl LATCG      i:/WORK/cv32e40p_synth_wrap/u_core/core_i/cs_registers_i/clk_gate_mepc_q_reg/latch

  Impl LATCG      i:/WORK/cv32e40p_synth_wrap/u_core/core_i/cs_registers_i/clk_gate_mhpmcounter_q_reg[0]/latch

  Impl LATCG      i:/WORK/cv32e40p_synth_wrap/u_core/core_i/cs_registers_i/clk_gate_mhpmcounter_q_reg[0]_0/latch

  Impl LATCG      i:/WORK/cv32e40p_synth_wrap/u_core/core_i/cs_registers_i/clk_gate_mhpmcounter_q_reg[2]/latch

  Impl LATCG      i:/WORK/cv32e40p_synth_wrap/u_core/core_i/cs_registers_i/clk_gate_mhpmcounter_q_reg[2]_0/latch

  Impl LATCG      i:/WORK/cv32e40p_synth_wrap/u_core/core_i/cs_registers_i/clk_gate_mhpmcounter_q_reg[3]/latch

  Impl LATCG      i:/WORK/cv32e40p_synth_wrap/u_core/core_i/cs_registers_i/clk_gate_mhpmcounter_q_reg[3]_0/latch

  Impl LATCG      i:/WORK/cv32e40p_synth_wrap/u_core/core_i/cs_registers_i/clk_gate_mhpmevent_q_reg[3]/latch

  Impl LATCG      i:/WORK/cv32e40p_synth_wrap/u_core/core_i/cs_registers_i/clk_gate_mie_q_reg/latch

  Impl LATCG      i:/WORK/cv32e40p_synth_wrap/u_core/core_i/cs_registers_i/clk_gate_mscratch_q_reg/latch

  Impl LATCG      i:/WORK/cv32e40p_synth_wrap/u_core/core_i/cs_registers_i/clk_gate_mtvec_q_reg/latch

  Impl LATCG      i:/WORK/cv32e40p_synth_wrap/u_core/core_i/ex_stage_i/alu_i/alu_div_i/clk_gate_AReg_DP_reg/latch

  Impl LATCG      i:/WORK/cv32e40p_synth_wrap/u_core/core_i/ex_stage_i/alu_i/alu_div_i/clk_gate_BReg_DP_reg/latch

  Impl LATCG      i:/WORK/cv32e40p_synth_wrap/u_core/core_i/ex_stage_i/alu_i/alu_div_i/clk_gate_Cnt_DP_reg/latch

  Impl LATCG      i:/WORK/cv32e40p_synth_wrap/u_core/core_i/ex_stage_i/alu_i/alu_div_i/clk_gate_CompInv_SP_reg/latch

  Impl LATCG      i:/WORK/cv32e40p_synth_wrap/u_core/core_i/ex_stage_i/clk_gate_regfile_waddr_lsu_reg/latch

  Impl LATCG      i:/WORK/cv32e40p_synth_wrap/u_core/core_i/ex_stage_i/mult_i/clk_gate_mulh_CS_reg/latch

  Impl LATCG      i:/WORK/cv32e40p_synth_wrap/u_core/core_i/id_stage_i/clk_gate_alu_operand_a_ex_o_reg/latch

  Impl LATCG      i:/WORK/cv32e40p_synth_wrap/u_core/core_i/id_stage_i/clk_gate_alu_operand_b_ex_o_reg/latch

  Impl LATCG      i:/WORK/cv32e40p_synth_wrap/u_core/core_i/id_stage_i/clk_gate_alu_operand_c_ex_o_reg/latch

  Impl LATCG      i:/WORK/cv32e40p_synth_wrap/u_core/core_i/id_stage_i/clk_gate_alu_operator_ex_o_reg/latch

  Impl LATCG      i:/WORK/cv32e40p_synth_wrap/u_core/core_i/id_stage_i/clk_gate_branch_in_ex_o_reg/latch

  Impl LATCG      i:/WORK/cv32e40p_synth_wrap/u_core/core_i/id_stage_i/clk_gate_data_we_ex_o_reg/latch

  Impl LATCG      i:/WORK/cv32e40p_synth_wrap/u_core/core_i/id_stage_i/clk_gate_mult_operand_c_ex_o_reg/latch

  Impl LATCG      i:/WORK/cv32e40p_synth_wrap/u_core/core_i/id_stage_i/clk_gate_mult_operator_ex_o_reg/latch

  Impl LATCG      i:/WORK/cv32e40p_synth_wrap/u_core/core_i/id_stage_i/clk_gate_regfile_alu_waddr_ex_o_reg/latch

  Impl LATCG      i:/WORK/cv32e40p_synth_wrap/u_core/core_i/id_stage_i/clk_gate_regfile_waddr_ex_o_reg/latch

  Impl LATCG      i:/WORK/cv32e40p_synth_wrap/u_core/core_i/id_stage_i/register_file_i/clk_gate_mem_reg[10]/latch

  Impl LATCG      i:/WORK/cv32e40p_synth_wrap/u_core/core_i/id_stage_i/register_file_i/clk_gate_mem_reg[11]/latch

  Impl LATCG      i:/WORK/cv32e40p_synth_wrap/u_core/core_i/id_stage_i/register_file_i/clk_gate_mem_reg[12]/latch

  Impl LATCG      i:/WORK/cv32e40p_synth_wrap/u_core/core_i/id_stage_i/register_file_i/clk_gate_mem_reg[13]/latch

  Impl LATCG      i:/WORK/cv32e40p_synth_wrap/u_core/core_i/id_stage_i/register_file_i/clk_gate_mem_reg[14]/latch

  Impl LATCG      i:/WORK/cv32e40p_synth_wrap/u_core/core_i/id_stage_i/register_file_i/clk_gate_mem_reg[15]/latch

  Impl LATCG      i:/WORK/cv32e40p_synth_wrap/u_core/core_i/id_stage_i/register_file_i/clk_gate_mem_reg[16]/latch

  Impl LATCG      i:/WORK/cv32e40p_synth_wrap/u_core/core_i/id_stage_i/register_file_i/clk_gate_mem_reg[17]/latch

  Impl LATCG      i:/WORK/cv32e40p_synth_wrap/u_core/core_i/id_stage_i/register_file_i/clk_gate_mem_reg[18]/latch

  Impl LATCG      i:/WORK/cv32e40p_synth_wrap/u_core/core_i/id_stage_i/register_file_i/clk_gate_mem_reg[19]/latch

  Impl LATCG      i:/WORK/cv32e40p_synth_wrap/u_core/core_i/id_stage_i/register_file_i/clk_gate_mem_reg[1]/latch

  Impl LATCG      i:/WORK/cv32e40p_synth_wrap/u_core/core_i/id_stage_i/register_file_i/clk_gate_mem_reg[20]/latch

  Impl LATCG      i:/WORK/cv32e40p_synth_wrap/u_core/core_i/id_stage_i/register_file_i/clk_gate_mem_reg[21]/latch

  Impl LATCG      i:/WORK/cv32e40p_synth_wrap/u_core/core_i/id_stage_i/register_file_i/clk_gate_mem_reg[22]/latch

  Impl LATCG      i:/WORK/cv32e40p_synth_wrap/u_core/core_i/id_stage_i/register_file_i/clk_gate_mem_reg[23]/latch

  Impl LATCG      i:/WORK/cv32e40p_synth_wrap/u_core/core_i/id_stage_i/register_file_i/clk_gate_mem_reg[24]/latch

  Impl LATCG      i:/WORK/cv32e40p_synth_wrap/u_core/core_i/id_stage_i/register_file_i/clk_gate_mem_reg[25]/latch

  Impl LATCG      i:/WORK/cv32e40p_synth_wrap/u_core/core_i/id_stage_i/register_file_i/clk_gate_mem_reg[26]/latch

  Impl LATCG      i:/WORK/cv32e40p_synth_wrap/u_core/core_i/id_stage_i/register_file_i/clk_gate_mem_reg[27]/latch

  Impl LATCG      i:/WORK/cv32e40p_synth_wrap/u_core/core_i/id_stage_i/register_file_i/clk_gate_mem_reg[28]/latch

  Impl LATCG      i:/WORK/cv32e40p_synth_wrap/u_core/core_i/id_stage_i/register_file_i/clk_gate_mem_reg[29]/latch

  Impl LATCG      i:/WORK/cv32e40p_synth_wrap/u_core/core_i/id_stage_i/register_file_i/clk_gate_mem_reg[2]/latch

  Impl LATCG      i:/WORK/cv32e40p_synth_wrap/u_core/core_i/id_stage_i/register_file_i/clk_gate_mem_reg[30]/latch

  Impl LATCG      i:/WORK/cv32e40p_synth_wrap/u_core/core_i/id_stage_i/register_file_i/clk_gate_mem_reg[31]/latch

  Impl LATCG      i:/WORK/cv32e40p_synth_wrap/u_core/core_i/id_stage_i/register_file_i/clk_gate_mem_reg[3]/latch

  Impl LATCG      i:/WORK/cv32e40p_synth_wrap/u_core/core_i/id_stage_i/register_file_i/clk_gate_mem_reg[4]/latch

  Impl LATCG      i:/WORK/cv32e40p_synth_wrap/u_core/core_i/id_stage_i/register_file_i/clk_gate_mem_reg[5]/latch

  Impl LATCG      i:/WORK/cv32e40p_synth_wrap/u_core/core_i/id_stage_i/register_file_i/clk_gate_mem_reg[6]/latch

  Impl LATCG      i:/WORK/cv32e40p_synth_wrap/u_core/core_i/id_stage_i/register_file_i/clk_gate_mem_reg[7]/latch

  Impl LATCG      i:/WORK/cv32e40p_synth_wrap/u_core/core_i/id_stage_i/register_file_i/clk_gate_mem_reg[8]/latch

  Impl LATCG      i:/WORK/cv32e40p_synth_wrap/u_core/core_i/id_stage_i/register_file_i/clk_gate_mem_reg[9]/latch

  Impl LATCG      i:/WORK/cv32e40p_synth_wrap/u_core/core_i/if_stage_i/aligner_i/clk_gate_aligner_ready_q_reg/latch

  Impl LATCG      i:/WORK/cv32e40p_synth_wrap/u_core/core_i/if_stage_i/clk_gate_is_compressed_id_o_reg/latch

  Impl LATCG      i:/WORK/cv32e40p_synth_wrap/u_core/core_i/if_stage_i/prefetch_buffer_i/fifo_i/clk_gate_mem_q_reg[1]/latch

  Impl LATCG      i:/WORK/cv32e40p_synth_wrap/u_core/core_i/if_stage_i/prefetch_buffer_i/instruction_obi_i/clk_gate_gen_no_trans_stable.obi_addr_q_reg/latch

  Impl LATCG      i:/WORK/cv32e40p_synth_wrap/u_core/core_i/if_stage_i/prefetch_buffer_i/prefetch_controller_i/clk_gate_trans_addr_q_reg/latch

  Impl LATCG      i:/WORK/cv32e40p_synth_wrap/u_core/core_i/load_store_unit_i/clk_gate_data_type_q_reg/latch

  Impl LATCG      i:/WORK/cv32e40p_synth_wrap/u_core/core_i/load_store_unit_i/clk_gate_rdata_q_reg/latch

 [BBNet: multiply-driven net
  BBox:  black-box
  BBPin: black-box pin
  Block: hierarchical block
  BlPin: hierarchical block pin
  Cut:   cut-point
  DFF:   non-constant DFF register
  DFF0:  constant 0 DFF register
  DFF1:  constant 1 DFF register
  DFFX:  constant X DFF register
  DFF0X: constrained 0X DFF register
  DFF1X: constrained 1X DFF register
  LAT:   non-constant latch register
  LAT0:  constant 0 latch register
  LAT1:  constant 1 latch register
  LATX:  constant X latch register
  LAT0X: constrained 0X latch register
  LAT1X: constrained 1X latch register
  LATCG: clock-gating latch register
  TLA:   transparent latch register
  TLA0X: transparent constrained 0X latch register
  TLA1X: transparent constrained 1X latch register
  Loop:  cycle break point
  Net:   matchable net
  Port:  primary (top-level) port
  Und:   undriven signal cut-point
  Unk:   unknown signal cut-point]

1
