****************************************
Report : qor
Design : cv32e40p_synth_wrap
Version: W-2024.09-SP2
Date   : Sat May  9 11:25:18 2026
****************************************
Information: The stitching and editing of coupling caps is turned OFF for design 'cv32e40p_icc2_lib:cv32e40p_synth_wrap.design'. (TIM-125)
Information: Design Average RC for design cv32e40p_synth_wrap  (NEX-011)
Information: r = 1.790748 ohm/um, via_r = 0.466610 ohm/cut, c = 0.063200 ff/um, cc = 0.000000 ff/um (X dir) (NEX-017)
Information: r = 1.672017 ohm/um, via_r = 0.578659 ohm/cut, c = 0.071415 ff/um, cc = 0.000000 ff/um (Y dir) (NEX-017)
Information: The RC mode used is VR for design 'cv32e40p_synth_wrap'. (NEX-022)
Information: Update timing completed net estimation for all the timing graph nets (TIM-111)
Information: Net estimation statistics: timing graph nets = 15077, routed nets = 0, across physical hierarchy nets = 0, parasitics cached nets = 0, delay annotated nets = 0, parasitics annotated nets = 0, multi-voltage nets = 0. (TIM-112)


Scenario           'default'
Timing Path Group  '**in2reg_default**'
----------------------------------------
Levels of Logic:                     37
Critical Path Length:              3.71
Critical Path Slack:               6.11
Critical Path Clk Period:         10.00
Total Negative Slack:              0.00
No. of Violating Paths:               0
Worst Hold Violation:              0.00
Total Hold Violation:              0.00
No. of Hold Violations:               0
----------------------------------------

Scenario           'default'
Timing Path Group  '**reg2out_default**'
----------------------------------------
Levels of Logic:                     45
Critical Path Length:              5.01
Critical Path Slack:               3.89
Critical Path Clk Period:         10.00
Total Negative Slack:              0.00
No. of Violating Paths:               0
Worst Hold Violation:              0.00
Total Hold Violation:              0.00
No. of Hold Violations:               0
----------------------------------------

Scenario           'default'
Timing Path Group  '**in2out_default**'
----------------------------------------
Levels of Logic:                     21
Critical Path Length:              2.81
Critical Path Slack:               6.09
Critical Path Clk Period:         10.00
Total Negative Slack:              0.00
No. of Violating Paths:               0
Worst Hold Violation:              0.00
Total Hold Violation:              0.00
No. of Hold Violations:               0
----------------------------------------

Scenario           'default'
Timing Path Group  'clk_i'
----------------------------------------
Levels of Logic:                     61
Critical Path Length:              6.60
Critical Path Slack:               3.23
Critical Path Clk Period:         10.00
Total Negative Slack:              0.00
No. of Violating Paths:               0
Worst Hold Violation:              0.00
Total Hold Violation:              0.00
No. of Hold Violations:               0
----------------------------------------


Cell Count
----------------------------------------
Hierarchical Cell Count:             76
Hierarchical Port Count:           3475
Leaf Cell Count:                  14054
Buf/Inv Cell Count:                1729
Buf Cell Count:                     543
Inv Cell Count:                    1186
Combinational Cell Count:         11850
   Single-bit Isolation Cell Count:                        0
   Multi-bit Isolation Cell Count:                         0
   Isolation Cell Banking Ratio:                           0.00%
   Single-bit Level Shifter Cell Count:                    0
   Multi-bit Level Shifter Cell Count:                     0
   Level Shifter Cell Banking Ratio:                       0.00%
   Single-bit ELS Cell Count:                              0
   Multi-bit ELS Cell Count:                               0
   ELS Cell Banking Ratio:                                 0.00%
Sequential Cell Count:             2204
   Integrated Clock-Gating Cell Count:                     74
   Sequential Macro Cell Count:                            0
   Single-bit Sequential Cell Count:                       2130
   Multi-bit Sequential Cell Count:                        0
   Sequential Cell Banking Ratio:                          0.00%
   BitsPerflop:                                            1.00
Macro Count:                          0
----------------------------------------


Area
----------------------------------------
Combinational Area:            29455.29
Noncombinational Area:         19920.32
Buf/Inv Area:                   2633.19
Total Buffer Area:              1104.00
Total Inverter Area:            1529.18
Macro/Black Box Area:              0.00
Net Area:                             0
Net XLength:                   85576.95
Net YLength:                   63998.90
----------------------------------------
Cell Area (netlist):                          49375.60
Cell Area (netlist and physical only):        49375.61
Net Length:                   149575.84


Design Rules
----------------------------------------
Total Number of Nets:             16698
Nets with Violations:               524
Max Trans Violations:               112
Max Cap Violations:                 524
----------------------------------------

1
