****************************************
Report : report_utilization
Design : cv32e40p_synth_wrap
Version: W-2024.09-SP2
Date   : Sat May  9 11:25:17 2026
****************************************
Utilization Ratio:			0.6021
Utilization options:
 - Area calculation based on:		site_row of block cv32e40p_synth_wrap
 - Categories of objects excluded:	hard_macros macro_keepouts soft_macros io_cells hard_blockages 
Total Area:				82006.4235
Total Capacity Area:			82006.4235
Total Area of cells:			49375.6046
Area of excluded objects:
 - hard_macros         :		0.0000
 - macro_keepouts      :		0.0000
 - soft_macros         :		0.0000
 - io_cells            :		0.0000
 - hard_blockages      :		0.0000
Total Area of excluded objects:		0.0000
Ratio of excluded objects:		0.0000

Utilization of site-rows with:
 - Site 'unit':				0.6021

0.6021
