Information: The stitching and editing of coupling caps is turned OFF for design 'cv32e40p_icc2_lib:cv32e40p_synth_wrap.design'. (TIM-125)
Warning: No physical information exists for design 'cv32e40p_synth_wrap'. Zero interconnect delay is used in timing analysis. (TIM-101)
Warning: The extractor can not be initialized for design 'cv32e40p_synth_wrap'. Zero interconnect delay is used in timing analysis. (TIM-102)
Warning: Batch extraction is skipped for block "cv32e40p_synth_wrap"
Information: Update timing completed net estimation for all the timing graph nets (TIM-111)
Information: Net estimation statistics: timing graph nets = 15088, routed nets = 0, across physical hierarchy nets = 0, parasitics cached nets = 0, delay annotated nets = 0, parasitics annotated nets = 0, multi-voltage nets = 0. (TIM-112)
************************************************************
Timer Settings:
Delay Calculation Style:                   auto
Signal Integrity Analysis:                 disabled
Timing Window Analysis:                    disabled
Advanced Waveform Propagation:             disabled
Variation Type:                            fixed_derate
Clock Reconvergence Pessimism Removal:     disabled
Advanced Receiver Model:                   disabled
LLE:                                       disabled
ML Acceleration:                           off
Smart Arc Optimization:                    disabled
************************************************************
****************************************
Report : timing
        -path_type full
        -delay_type max
        -max_paths 10
        -report_by design
Design : cv32e40p_synth_wrap
Version: W-2024.09-SP2
Date   : Sat May  9 08:56:14 2026
****************************************

  Startpoint: u_core/core_i/id_stage_i/mult_operand_b_ex_o_reg[1] (rising edge-triggered flip-flop clocked by clk_i)
  Endpoint: u_core/core_i/id_stage_i/alu_operand_a_ex_o_reg[31] (rising edge-triggered flip-flop clocked by clk_i)
  Mode: default
  Corner: default
  Scenario: default
  Path Group: clk_i
  Path Type: max

  Point                                            Incr      Path  
  ------------------------------------------------------------------------
  clock clk_i (rise edge)                          0.00      0.00
  clock network delay (ideal)                      0.00      0.00

  u_core/core_i/id_stage_i/mult_operand_b_ex_o_reg[1]/CLK (SDFFARX1_RVT)
                                                   0.00      0.00 r
  u_core/core_i/id_stage_i/mult_operand_b_ex_o_reg[1]/Q (SDFFARX1_RVT)
                                                   0.10      0.10 f
  u_core/core_i/U896/Y (NBUFFX2_HVT)               0.10      0.19 f
  u_core/core_i/U1630/Y (NAND3X0_HVT)              0.06      0.26 r
  u_core/core_i/U1631/Y (OA221X1_HVT)              0.10      0.36 r
  u_core/core_i/U1685/Y (INVX1_HVT)                0.04      0.40 f
  u_core/core_i/U1686/Y (AO222X1_HVT)              0.09      0.49 f
  u_core/core_i/U1837/CO (FADDX1_HVT)              0.09      0.58 f
  u_core/core_i/U1904/Y (INVX1_HVT)                0.03      0.60 r
  u_core/core_i/U1905/Y (OAI222X1_HVT)             0.16      0.76 f
  u_core/core_i/U1972/CO (FADDX1_HVT)              0.08      0.85 f
  u_core/core_i/U2110/Y (INVX1_HVT)                0.03      0.87 r
  u_core/core_i/U2111/Y (AO222X1_HVT)              0.13      1.01 r
  u_core/core_i/U2192/CO (FADDX1_HVT)              0.11      1.12 r
  u_core/core_i/U2193/Y (NBUFFX2_HVT)              0.06      1.18 r
  u_core/core_i/U2282/Y (AO222X1_HVT)              0.15      1.33 r
  u_core/core_i/U2367/CO (FADDX1_HVT)              0.11      1.44 r
  u_core/core_i/U2368/Y (NBUFFX2_HVT)              0.06      1.50 r
  u_core/core_i/U2433/Y (AO222X1_HVT)              0.15      1.65 r
  u_core/core_i/U2478/CO (FADDX1_HVT)              0.11      1.76 r
  u_core/core_i/U2479/Y (NBUFFX2_HVT)              0.06      1.82 r
  u_core/core_i/U2576/Y (AO222X1_HVT)              0.15      1.97 r
  u_core/core_i/U2656/CO (FADDX1_HVT)              0.11      2.08 r
  u_core/core_i/U2657/Y (NBUFFX2_HVT)              0.06      2.14 r
  u_core/core_i/U2725/Y (AO222X1_HVT)              0.15      2.29 r
  u_core/core_i/U2760/CO (FADDX1_HVT)              0.11      2.40 r
  u_core/core_i/U2761/Y (NBUFFX2_HVT)              0.06      2.46 r
  u_core/core_i/U2889/Y (AO222X1_HVT)              0.15      2.62 r
  u_core/core_i/U2946/CO (FADDX1_HVT)              0.11      2.72 r
  u_core/core_i/U2947/Y (NBUFFX2_HVT)              0.06      2.78 r
  u_core/core_i/U3005/Y (AO222X1_HVT)              0.15      2.94 r
  u_core/core_i/U3017/CO (FADDX1_HVT)              0.11      3.05 r
  u_core/core_i/U3018/Y (NBUFFX2_HVT)              0.06      3.11 r
  u_core/core_i/U3128/Y (AO222X1_HVT)              0.15      3.26 r
  u_core/core_i/U3145/CO (FADDX1_HVT)              0.11      3.37 r
  u_core/core_i/U3146/Y (NBUFFX2_HVT)              0.06      3.43 r
  u_core/core_i/U3264/Y (AO222X1_HVT)              0.15      3.58 r
  u_core/core_i/U3281/CO (FADDX1_HVT)              0.11      3.69 r
  u_core/core_i/U3282/Y (NBUFFX2_HVT)              0.06      3.75 r
  u_core/core_i/U3403/Y (AO222X1_HVT)              0.15      3.90 r
  u_core/core_i/U3425/CO (FADDX1_HVT)              0.11      4.01 r
  u_core/core_i/U3426/Y (NBUFFX2_HVT)              0.06      4.07 r
  u_core/core_i/U3549/Y (AO222X1_HVT)              0.15      4.22 r
  u_core/core_i/U3578/CO (FADDX1_HVT)              0.11      4.33 r
  u_core/core_i/U3579/Y (NBUFFX2_HVT)              0.06      4.39 r
  u_core/core_i/U3715/Y (AO222X1_HVT)              0.15      4.54 r
  u_core/core_i/U3739/CO (FADDX1_HVT)              0.11      4.65 r
  u_core/core_i/U3740/Y (NBUFFX2_HVT)              0.06      4.71 r
  u_core/core_i/U3885/Y (AO222X1_HVT)              0.15      4.87 r
  u_core/core_i/U3927/CO (FADDX1_HVT)              0.11      4.98 r
  u_core/core_i/U3932/Y (XOR2X1_HVT)               0.13      5.11 f
  u_core/core_i/U3936/S (FADDX1_HVT)               0.13      5.24 r
  u_core/core_i/U3937/Y (XOR2X1_HVT)               0.12      5.36 f
  u_core/core_i/U3938/Y (XOR2X1_HVT)               0.13      5.49 r
  u_core/core_i/U3939/S (FADDX1_HVT)               0.17      5.65 f
  u_core/core_i/U4021/S (FADDX1_HVT)               0.14      5.79 r
  u_core/core_i/U4022/Y (AO22X1_HVT)               0.08      5.87 r
  u_core/core_i/U4023/Y (OR2X1_HVT)                0.06      5.93 r
  u_core/core_i/U4024/Y (AO21X1_HVT)               0.05      5.97 r
  u_core/core_i/U4025/Y (OR2X1_HVT)                0.06      6.03 r
  u_core/core_i/U4026/Y (AO21X1_HVT)               0.04      6.07 r
  u_core/core_i/U4027/Y (OA22X1_HVT)               0.08      6.15 r
  u_core/core_i/id_stage_i/U239/Y (NBUFFX4_HVT)    0.05      6.20 r
  u_core/core_i/id_stage_i/U2961/Y (AO222X1_HVT)   0.13      6.33 r
  u_core/core_i/id_stage_i/U3059/Y (AO222X1_HVT)   0.13      6.46 r
  u_core/core_i/id_stage_i/U3060/Y (AO22X1_HVT)    0.08      6.55 r
  u_core/core_i/id_stage_i/alu_operand_a_ex_o_reg[31]/D (SDFFARX1_RVT)
                                                   0.00      6.55 r
  data arrival time                                          6.55

  clock clk_i (rise edge)                         10.00     10.00
  clock network delay (ideal)                      0.00     10.00
  u_core/core_i/id_stage_i/alu_operand_a_ex_o_reg[31]/CLK (SDFFARX1_RVT)
                                                   0.00     10.00 r
  clock uncertainty                               -0.10      9.90
  library setup time                              -0.07      9.83
  data required time                                         9.83
  ------------------------------------------------------------------------
  data required time                                         9.83
  data arrival time                                         -6.55
  ------------------------------------------------------------------------
  slack (MET)                                                3.28



  Startpoint: u_core/core_i/id_stage_i/mult_operand_b_ex_o_reg[1] (rising edge-triggered flip-flop clocked by clk_i)
  Endpoint: u_core/core_i/id_stage_i/alu_operand_b_ex_o_reg[31] (rising edge-triggered flip-flop clocked by clk_i)
  Mode: default
  Corner: default
  Scenario: default
  Path Group: clk_i
  Path Type: max

  Point                                            Incr      Path  
  ------------------------------------------------------------------------
  clock clk_i (rise edge)                          0.00      0.00
  clock network delay (ideal)                      0.00      0.00

  u_core/core_i/id_stage_i/mult_operand_b_ex_o_reg[1]/CLK (SDFFARX1_RVT)
                                                   0.00      0.00 r
  u_core/core_i/id_stage_i/mult_operand_b_ex_o_reg[1]/Q (SDFFARX1_RVT)
                                                   0.10      0.10 f
  u_core/core_i/U896/Y (NBUFFX2_HVT)               0.10      0.19 f
  u_core/core_i/U1630/Y (NAND3X0_HVT)              0.06      0.26 r
  u_core/core_i/U1631/Y (OA221X1_HVT)              0.10      0.36 r
  u_core/core_i/U1685/Y (INVX1_HVT)                0.04      0.40 f
  u_core/core_i/U1686/Y (AO222X1_HVT)              0.09      0.49 f
  u_core/core_i/U1837/CO (FADDX1_HVT)              0.09      0.58 f
  u_core/core_i/U1904/Y (INVX1_HVT)                0.03      0.60 r
  u_core/core_i/U1905/Y (OAI222X1_HVT)             0.16      0.76 f
  u_core/core_i/U1972/CO (FADDX1_HVT)              0.08      0.85 f
  u_core/core_i/U2110/Y (INVX1_HVT)                0.03      0.87 r
  u_core/core_i/U2111/Y (AO222X1_HVT)              0.13      1.01 r
  u_core/core_i/U2192/CO (FADDX1_HVT)              0.11      1.12 r
  u_core/core_i/U2193/Y (NBUFFX2_HVT)              0.06      1.18 r
  u_core/core_i/U2282/Y (AO222X1_HVT)              0.15      1.33 r
  u_core/core_i/U2367/CO (FADDX1_HVT)              0.11      1.44 r
  u_core/core_i/U2368/Y (NBUFFX2_HVT)              0.06      1.50 r
  u_core/core_i/U2433/Y (AO222X1_HVT)              0.15      1.65 r
  u_core/core_i/U2478/CO (FADDX1_HVT)              0.11      1.76 r
  u_core/core_i/U2479/Y (NBUFFX2_HVT)              0.06      1.82 r
  u_core/core_i/U2576/Y (AO222X1_HVT)              0.15      1.97 r
  u_core/core_i/U2656/CO (FADDX1_HVT)              0.11      2.08 r
  u_core/core_i/U2657/Y (NBUFFX2_HVT)              0.06      2.14 r
  u_core/core_i/U2725/Y (AO222X1_HVT)              0.15      2.29 r
  u_core/core_i/U2760/CO (FADDX1_HVT)              0.11      2.40 r
  u_core/core_i/U2761/Y (NBUFFX2_HVT)              0.06      2.46 r
  u_core/core_i/U2889/Y (AO222X1_HVT)              0.15      2.62 r
  u_core/core_i/U2946/CO (FADDX1_HVT)              0.11      2.72 r
  u_core/core_i/U2947/Y (NBUFFX2_HVT)              0.06      2.78 r
  u_core/core_i/U3005/Y (AO222X1_HVT)              0.15      2.94 r
  u_core/core_i/U3017/CO (FADDX1_HVT)              0.11      3.05 r
  u_core/core_i/U3018/Y (NBUFFX2_HVT)              0.06      3.11 r
  u_core/core_i/U3128/Y (AO222X1_HVT)              0.15      3.26 r
  u_core/core_i/U3145/CO (FADDX1_HVT)              0.11      3.37 r
  u_core/core_i/U3146/Y (NBUFFX2_HVT)              0.06      3.43 r
  u_core/core_i/U3264/Y (AO222X1_HVT)              0.15      3.58 r
  u_core/core_i/U3281/CO (FADDX1_HVT)              0.11      3.69 r
  u_core/core_i/U3282/Y (NBUFFX2_HVT)              0.06      3.75 r
  u_core/core_i/U3403/Y (AO222X1_HVT)              0.15      3.90 r
  u_core/core_i/U3425/CO (FADDX1_HVT)              0.11      4.01 r
  u_core/core_i/U3426/Y (NBUFFX2_HVT)              0.06      4.07 r
  u_core/core_i/U3549/Y (AO222X1_HVT)              0.15      4.22 r
  u_core/core_i/U3578/CO (FADDX1_HVT)              0.11      4.33 r
  u_core/core_i/U3579/Y (NBUFFX2_HVT)              0.06      4.39 r
  u_core/core_i/U3715/Y (AO222X1_HVT)              0.15      4.54 r
  u_core/core_i/U3739/CO (FADDX1_HVT)              0.11      4.65 r
  u_core/core_i/U3740/Y (NBUFFX2_HVT)              0.06      4.71 r
  u_core/core_i/U3885/Y (AO222X1_HVT)              0.15      4.87 r
  u_core/core_i/U3927/CO (FADDX1_HVT)              0.11      4.98 r
  u_core/core_i/U3932/Y (XOR2X1_HVT)               0.13      5.11 f
  u_core/core_i/U3936/S (FADDX1_HVT)               0.13      5.24 r
  u_core/core_i/U3937/Y (XOR2X1_HVT)               0.12      5.36 f
  u_core/core_i/U3938/Y (XOR2X1_HVT)               0.13      5.49 r
  u_core/core_i/U3939/S (FADDX1_HVT)               0.17      5.65 f
  u_core/core_i/U4021/S (FADDX1_HVT)               0.14      5.79 r
  u_core/core_i/U4022/Y (AO22X1_HVT)               0.08      5.87 r
  u_core/core_i/U4023/Y (OR2X1_HVT)                0.06      5.93 r
  u_core/core_i/U4024/Y (AO21X1_HVT)               0.05      5.97 r
  u_core/core_i/U4025/Y (OR2X1_HVT)                0.06      6.03 r
  u_core/core_i/U4026/Y (AO21X1_HVT)               0.04      6.07 r
  u_core/core_i/U4027/Y (OA22X1_HVT)               0.08      6.15 r
  u_core/core_i/id_stage_i/U239/Y (NBUFFX4_HVT)    0.05      6.20 r
  u_core/core_i/id_stage_i/U2273/Y (AO222X1_HVT)   0.11      6.31 r
  u_core/core_i/id_stage_i/U2962/Y (OA221X1_HVT)   0.12      6.43 r
  u_core/core_i/id_stage_i/U2963/Y (AO21X1_HVT)    0.06      6.48 r
  u_core/core_i/id_stage_i/U2964/Y (AND2X1_HVT)    0.06      6.55 r
  u_core/core_i/id_stage_i/alu_operand_b_ex_o_reg[31]/D (SDFFARX1_RVT)
                                                   0.00      6.55 r
  data arrival time                                          6.55

  clock clk_i (rise edge)                         10.00     10.00
  clock network delay (ideal)                      0.00     10.00
  u_core/core_i/id_stage_i/alu_operand_b_ex_o_reg[31]/CLK (SDFFARX1_RVT)
                                                   0.00     10.00 r
  clock uncertainty                               -0.10      9.90
  library setup time                              -0.07      9.83
  data required time                                         9.83
  ------------------------------------------------------------------------
  data required time                                         9.83
  data arrival time                                         -6.55
  ------------------------------------------------------------------------
  slack (MET)                                                3.29



  Startpoint: u_core/core_i/id_stage_i/mult_operand_b_ex_o_reg[1] (rising edge-triggered flip-flop clocked by clk_i)
  Endpoint: u_core/core_i/id_stage_i/mult_operand_c_ex_o_reg[31] (rising edge-triggered flip-flop clocked by clk_i)
  Mode: default
  Corner: default
  Scenario: default
  Path Group: clk_i
  Path Type: max

  Point                                            Incr      Path  
  ------------------------------------------------------------------------
  clock clk_i (rise edge)                          0.00      0.00
  clock network delay (ideal)                      0.00      0.00

  u_core/core_i/id_stage_i/mult_operand_b_ex_o_reg[1]/CLK (SDFFARX1_RVT)
                                                   0.00      0.00 r
  u_core/core_i/id_stage_i/mult_operand_b_ex_o_reg[1]/Q (SDFFARX1_RVT)
                                                   0.10      0.10 f
  u_core/core_i/U896/Y (NBUFFX2_HVT)               0.10      0.19 f
  u_core/core_i/U1630/Y (NAND3X0_HVT)              0.06      0.26 r
  u_core/core_i/U1631/Y (OA221X1_HVT)              0.10      0.36 r
  u_core/core_i/U1685/Y (INVX1_HVT)                0.04      0.40 f
  u_core/core_i/U1686/Y (AO222X1_HVT)              0.09      0.49 f
  u_core/core_i/U1837/CO (FADDX1_HVT)              0.09      0.58 f
  u_core/core_i/U1904/Y (INVX1_HVT)                0.03      0.60 r
  u_core/core_i/U1905/Y (OAI222X1_HVT)             0.16      0.76 f
  u_core/core_i/U1972/CO (FADDX1_HVT)              0.08      0.85 f
  u_core/core_i/U2110/Y (INVX1_HVT)                0.03      0.87 r
  u_core/core_i/U2111/Y (AO222X1_HVT)              0.13      1.01 r
  u_core/core_i/U2192/CO (FADDX1_HVT)              0.11      1.12 r
  u_core/core_i/U2193/Y (NBUFFX2_HVT)              0.06      1.18 r
  u_core/core_i/U2282/Y (AO222X1_HVT)              0.15      1.33 r
  u_core/core_i/U2367/CO (FADDX1_HVT)              0.11      1.44 r
  u_core/core_i/U2368/Y (NBUFFX2_HVT)              0.06      1.50 r
  u_core/core_i/U2433/Y (AO222X1_HVT)              0.15      1.65 r
  u_core/core_i/U2478/CO (FADDX1_HVT)              0.11      1.76 r
  u_core/core_i/U2479/Y (NBUFFX2_HVT)              0.06      1.82 r
  u_core/core_i/U2576/Y (AO222X1_HVT)              0.15      1.97 r
  u_core/core_i/U2656/CO (FADDX1_HVT)              0.11      2.08 r
  u_core/core_i/U2657/Y (NBUFFX2_HVT)              0.06      2.14 r
  u_core/core_i/U2725/Y (AO222X1_HVT)              0.15      2.29 r
  u_core/core_i/U2760/CO (FADDX1_HVT)              0.11      2.40 r
  u_core/core_i/U2761/Y (NBUFFX2_HVT)              0.06      2.46 r
  u_core/core_i/U2889/Y (AO222X1_HVT)              0.15      2.62 r
  u_core/core_i/U2946/CO (FADDX1_HVT)              0.11      2.72 r
  u_core/core_i/U2947/Y (NBUFFX2_HVT)              0.06      2.78 r
  u_core/core_i/U3005/Y (AO222X1_HVT)              0.15      2.94 r
  u_core/core_i/U3017/CO (FADDX1_HVT)              0.11      3.05 r
  u_core/core_i/U3018/Y (NBUFFX2_HVT)              0.06      3.11 r
  u_core/core_i/U3128/Y (AO222X1_HVT)              0.15      3.26 r
  u_core/core_i/U3145/CO (FADDX1_HVT)              0.11      3.37 r
  u_core/core_i/U3146/Y (NBUFFX2_HVT)              0.06      3.43 r
  u_core/core_i/U3264/Y (AO222X1_HVT)              0.15      3.58 r
  u_core/core_i/U3281/CO (FADDX1_HVT)              0.11      3.69 r
  u_core/core_i/U3282/Y (NBUFFX2_HVT)              0.06      3.75 r
  u_core/core_i/U3403/Y (AO222X1_HVT)              0.15      3.90 r
  u_core/core_i/U3425/CO (FADDX1_HVT)              0.11      4.01 r
  u_core/core_i/U3426/Y (NBUFFX2_HVT)              0.06      4.07 r
  u_core/core_i/U3549/Y (AO222X1_HVT)              0.15      4.22 r
  u_core/core_i/U3578/CO (FADDX1_HVT)              0.11      4.33 r
  u_core/core_i/U3579/Y (NBUFFX2_HVT)              0.06      4.39 r
  u_core/core_i/U3715/Y (AO222X1_HVT)              0.15      4.54 r
  u_core/core_i/U3739/CO (FADDX1_HVT)              0.11      4.65 r
  u_core/core_i/U3740/Y (NBUFFX2_HVT)              0.06      4.71 r
  u_core/core_i/U3885/Y (AO222X1_HVT)              0.15      4.87 r
  u_core/core_i/U3927/CO (FADDX1_HVT)              0.11      4.98 r
  u_core/core_i/U3932/Y (XOR2X1_HVT)               0.13      5.11 f
  u_core/core_i/U3936/S (FADDX1_HVT)               0.13      5.24 r
  u_core/core_i/U3937/Y (XOR2X1_HVT)               0.12      5.36 f
  u_core/core_i/U3938/Y (XOR2X1_HVT)               0.13      5.49 r
  u_core/core_i/U3939/S (FADDX1_HVT)               0.17      5.65 f
  u_core/core_i/U4021/S (FADDX1_HVT)               0.14      5.79 r
  u_core/core_i/U4022/Y (AO22X1_HVT)               0.08      5.87 r
  u_core/core_i/U4023/Y (OR2X1_HVT)                0.06      5.93 r
  u_core/core_i/U4024/Y (AO21X1_HVT)               0.05      5.97 r
  u_core/core_i/U4025/Y (OR2X1_HVT)                0.06      6.03 r
  u_core/core_i/U4026/Y (AO21X1_HVT)               0.04      6.07 r
  u_core/core_i/U4027/Y (OA22X1_HVT)               0.08      6.15 r
  u_core/core_i/id_stage_i/U239/Y (NBUFFX4_HVT)    0.05      6.20 r
  u_core/core_i/id_stage_i/U2273/Y (AO222X1_HVT)   0.11      6.31 r
  u_core/core_i/id_stage_i/U2274/Y (AO222X1_HVT)   0.14      6.45 r
  u_core/core_i/id_stage_i/U2402/Y (AO22X1_HVT)    0.08      6.52 r
  u_core/core_i/id_stage_i/mult_operand_c_ex_o_reg[31]/D (SDFFARX1_RVT)
                                                   0.00      6.52 r
  data arrival time                                          6.52

  clock clk_i (rise edge)                         10.00     10.00
  clock network delay (ideal)                      0.00     10.00
  u_core/core_i/id_stage_i/mult_operand_c_ex_o_reg[31]/CLK (SDFFARX1_RVT)
                                                   0.00     10.00 r
  clock uncertainty                               -0.10      9.90
  library setup time                              -0.07      9.83
  data required time                                         9.83
  ------------------------------------------------------------------------
  data required time                                         9.83
  data arrival time                                         -6.52
  ------------------------------------------------------------------------
  slack (MET)                                                3.30



  Startpoint: u_core/core_i/id_stage_i/mult_operand_b_ex_o_reg[1] (rising edge-triggered flip-flop clocked by clk_i)
  Endpoint: u_core/core_i/id_stage_i/mult_operand_b_ex_o_reg[31] (rising edge-triggered flip-flop clocked by clk_i)
  Mode: default
  Corner: default
  Scenario: default
  Path Group: clk_i
  Path Type: max

  Point                                            Incr      Path  
  ------------------------------------------------------------------------
  clock clk_i (rise edge)                          0.00      0.00
  clock network delay (ideal)                      0.00      0.00

  u_core/core_i/id_stage_i/mult_operand_b_ex_o_reg[1]/CLK (SDFFARX1_RVT)
                                                   0.00      0.00 r
  u_core/core_i/id_stage_i/mult_operand_b_ex_o_reg[1]/Q (SDFFARX1_RVT)
                                                   0.10      0.10 f
  u_core/core_i/U896/Y (NBUFFX2_HVT)               0.10      0.19 f
  u_core/core_i/U1630/Y (NAND3X0_HVT)              0.06      0.26 r
  u_core/core_i/U1631/Y (OA221X1_HVT)              0.10      0.36 r
  u_core/core_i/U1685/Y (INVX1_HVT)                0.04      0.40 f
  u_core/core_i/U1686/Y (AO222X1_HVT)              0.09      0.49 f
  u_core/core_i/U1837/CO (FADDX1_HVT)              0.09      0.58 f
  u_core/core_i/U1904/Y (INVX1_HVT)                0.03      0.60 r
  u_core/core_i/U1905/Y (OAI222X1_HVT)             0.16      0.76 f
  u_core/core_i/U1972/CO (FADDX1_HVT)              0.08      0.85 f
  u_core/core_i/U2110/Y (INVX1_HVT)                0.03      0.87 r
  u_core/core_i/U2111/Y (AO222X1_HVT)              0.13      1.01 r
  u_core/core_i/U2192/CO (FADDX1_HVT)              0.11      1.12 r
  u_core/core_i/U2193/Y (NBUFFX2_HVT)              0.06      1.18 r
  u_core/core_i/U2282/Y (AO222X1_HVT)              0.15      1.33 r
  u_core/core_i/U2367/CO (FADDX1_HVT)              0.11      1.44 r
  u_core/core_i/U2368/Y (NBUFFX2_HVT)              0.06      1.50 r
  u_core/core_i/U2433/Y (AO222X1_HVT)              0.15      1.65 r
  u_core/core_i/U2478/CO (FADDX1_HVT)              0.11      1.76 r
  u_core/core_i/U2479/Y (NBUFFX2_HVT)              0.06      1.82 r
  u_core/core_i/U2576/Y (AO222X1_HVT)              0.15      1.97 r
  u_core/core_i/U2656/CO (FADDX1_HVT)              0.11      2.08 r
  u_core/core_i/U2657/Y (NBUFFX2_HVT)              0.06      2.14 r
  u_core/core_i/U2725/Y (AO222X1_HVT)              0.15      2.29 r
  u_core/core_i/U2760/CO (FADDX1_HVT)              0.11      2.40 r
  u_core/core_i/U2761/Y (NBUFFX2_HVT)              0.06      2.46 r
  u_core/core_i/U2889/Y (AO222X1_HVT)              0.15      2.62 r
  u_core/core_i/U2946/CO (FADDX1_HVT)              0.11      2.72 r
  u_core/core_i/U2947/Y (NBUFFX2_HVT)              0.06      2.78 r
  u_core/core_i/U3005/Y (AO222X1_HVT)              0.15      2.94 r
  u_core/core_i/U3017/CO (FADDX1_HVT)              0.11      3.05 r
  u_core/core_i/U3018/Y (NBUFFX2_HVT)              0.06      3.11 r
  u_core/core_i/U3128/Y (AO222X1_HVT)              0.15      3.26 r
  u_core/core_i/U3145/CO (FADDX1_HVT)              0.11      3.37 r
  u_core/core_i/U3146/Y (NBUFFX2_HVT)              0.06      3.43 r
  u_core/core_i/U3264/Y (AO222X1_HVT)              0.15      3.58 r
  u_core/core_i/U3281/CO (FADDX1_HVT)              0.11      3.69 r
  u_core/core_i/U3282/Y (NBUFFX2_HVT)              0.06      3.75 r
  u_core/core_i/U3403/Y (AO222X1_HVT)              0.15      3.90 r
  u_core/core_i/U3425/CO (FADDX1_HVT)              0.11      4.01 r
  u_core/core_i/U3426/Y (NBUFFX2_HVT)              0.06      4.07 r
  u_core/core_i/U3549/Y (AO222X1_HVT)              0.15      4.22 r
  u_core/core_i/U3578/CO (FADDX1_HVT)              0.11      4.33 r
  u_core/core_i/U3579/Y (NBUFFX2_HVT)              0.06      4.39 r
  u_core/core_i/U3715/Y (AO222X1_HVT)              0.15      4.54 r
  u_core/core_i/U3739/CO (FADDX1_HVT)              0.11      4.65 r
  u_core/core_i/U3740/Y (NBUFFX2_HVT)              0.06      4.71 r
  u_core/core_i/U3885/Y (AO222X1_HVT)              0.15      4.87 r
  u_core/core_i/U3927/CO (FADDX1_HVT)              0.11      4.98 r
  u_core/core_i/U3932/Y (XOR2X1_HVT)               0.13      5.11 f
  u_core/core_i/U3936/S (FADDX1_HVT)               0.13      5.24 r
  u_core/core_i/U3937/Y (XOR2X1_HVT)               0.12      5.36 f
  u_core/core_i/U3938/Y (XOR2X1_HVT)               0.13      5.49 r
  u_core/core_i/U3939/S (FADDX1_HVT)               0.17      5.65 f
  u_core/core_i/U4021/S (FADDX1_HVT)               0.14      5.79 r
  u_core/core_i/U4022/Y (AO22X1_HVT)               0.08      5.87 r
  u_core/core_i/U4023/Y (OR2X1_HVT)                0.06      5.93 r
  u_core/core_i/U4024/Y (AO21X1_HVT)               0.05      5.97 r
  u_core/core_i/U4025/Y (OR2X1_HVT)                0.06      6.03 r
  u_core/core_i/U4026/Y (AO21X1_HVT)               0.04      6.07 r
  u_core/core_i/U4027/Y (OA22X1_HVT)               0.08      6.15 r
  u_core/core_i/id_stage_i/U239/Y (NBUFFX4_HVT)    0.05      6.20 r
  u_core/core_i/id_stage_i/U2273/Y (AO222X1_HVT)   0.11      6.31 r
  u_core/core_i/id_stage_i/U2962/Y (OA221X1_HVT)   0.12      6.43 r
  u_core/core_i/id_stage_i/U2963/Y (AO21X1_HVT)    0.06      6.48 r
  u_core/core_i/id_stage_i/mult_operand_b_ex_o_reg[31]/D (SDFFARX1_RVT)
                                                   0.00      6.48 r
  data arrival time                                          6.48

  clock clk_i (rise edge)                         10.00     10.00
  clock network delay (ideal)                      0.00     10.00
  u_core/core_i/id_stage_i/mult_operand_b_ex_o_reg[31]/CLK (SDFFARX1_RVT)
                                                   0.00     10.00 r
  clock uncertainty                               -0.10      9.90
  library setup time                              -0.07      9.83
  data required time                                         9.83
  ------------------------------------------------------------------------
  data required time                                         9.83
  data arrival time                                         -6.48
  ------------------------------------------------------------------------
  slack (MET)                                                3.34



  Startpoint: u_core/core_i/id_stage_i/mult_operand_b_ex_o_reg[1] (rising edge-triggered flip-flop clocked by clk_i)
  Endpoint: u_core/core_i/id_stage_i/mult_operand_a_ex_o_reg[31] (rising edge-triggered flip-flop clocked by clk_i)
  Mode: default
  Corner: default
  Scenario: default
  Path Group: clk_i
  Path Type: max

  Point                                            Incr      Path  
  ------------------------------------------------------------------------
  clock clk_i (rise edge)                          0.00      0.00
  clock network delay (ideal)                      0.00      0.00

  u_core/core_i/id_stage_i/mult_operand_b_ex_o_reg[1]/CLK (SDFFARX1_RVT)
                                                   0.00      0.00 r
  u_core/core_i/id_stage_i/mult_operand_b_ex_o_reg[1]/Q (SDFFARX1_RVT)
                                                   0.10      0.10 f
  u_core/core_i/U896/Y (NBUFFX2_HVT)               0.10      0.19 f
  u_core/core_i/U1630/Y (NAND3X0_HVT)              0.06      0.26 r
  u_core/core_i/U1631/Y (OA221X1_HVT)              0.10      0.36 r
  u_core/core_i/U1685/Y (INVX1_HVT)                0.04      0.40 f
  u_core/core_i/U1686/Y (AO222X1_HVT)              0.09      0.49 f
  u_core/core_i/U1837/CO (FADDX1_HVT)              0.09      0.58 f
  u_core/core_i/U1904/Y (INVX1_HVT)                0.03      0.60 r
  u_core/core_i/U1905/Y (OAI222X1_HVT)             0.16      0.76 f
  u_core/core_i/U1972/CO (FADDX1_HVT)              0.08      0.85 f
  u_core/core_i/U2110/Y (INVX1_HVT)                0.03      0.87 r
  u_core/core_i/U2111/Y (AO222X1_HVT)              0.13      1.01 r
  u_core/core_i/U2192/CO (FADDX1_HVT)              0.11      1.12 r
  u_core/core_i/U2193/Y (NBUFFX2_HVT)              0.06      1.18 r
  u_core/core_i/U2282/Y (AO222X1_HVT)              0.15      1.33 r
  u_core/core_i/U2367/CO (FADDX1_HVT)              0.11      1.44 r
  u_core/core_i/U2368/Y (NBUFFX2_HVT)              0.06      1.50 r
  u_core/core_i/U2433/Y (AO222X1_HVT)              0.15      1.65 r
  u_core/core_i/U2478/CO (FADDX1_HVT)              0.11      1.76 r
  u_core/core_i/U2479/Y (NBUFFX2_HVT)              0.06      1.82 r
  u_core/core_i/U2576/Y (AO222X1_HVT)              0.15      1.97 r
  u_core/core_i/U2656/CO (FADDX1_HVT)              0.11      2.08 r
  u_core/core_i/U2657/Y (NBUFFX2_HVT)              0.06      2.14 r
  u_core/core_i/U2725/Y (AO222X1_HVT)              0.15      2.29 r
  u_core/core_i/U2760/CO (FADDX1_HVT)              0.11      2.40 r
  u_core/core_i/U2761/Y (NBUFFX2_HVT)              0.06      2.46 r
  u_core/core_i/U2889/Y (AO222X1_HVT)              0.15      2.62 r
  u_core/core_i/U2946/CO (FADDX1_HVT)              0.11      2.72 r
  u_core/core_i/U2947/Y (NBUFFX2_HVT)              0.06      2.78 r
  u_core/core_i/U3005/Y (AO222X1_HVT)              0.15      2.94 r
  u_core/core_i/U3017/CO (FADDX1_HVT)              0.11      3.05 r
  u_core/core_i/U3018/Y (NBUFFX2_HVT)              0.06      3.11 r
  u_core/core_i/U3128/Y (AO222X1_HVT)              0.15      3.26 r
  u_core/core_i/U3145/CO (FADDX1_HVT)              0.11      3.37 r
  u_core/core_i/U3146/Y (NBUFFX2_HVT)              0.06      3.43 r
  u_core/core_i/U3264/Y (AO222X1_HVT)              0.15      3.58 r
  u_core/core_i/U3281/CO (FADDX1_HVT)              0.11      3.69 r
  u_core/core_i/U3282/Y (NBUFFX2_HVT)              0.06      3.75 r
  u_core/core_i/U3403/Y (AO222X1_HVT)              0.15      3.90 r
  u_core/core_i/U3425/CO (FADDX1_HVT)              0.11      4.01 r
  u_core/core_i/U3426/Y (NBUFFX2_HVT)              0.06      4.07 r
  u_core/core_i/U3549/Y (AO222X1_HVT)              0.15      4.22 r
  u_core/core_i/U3578/CO (FADDX1_HVT)              0.11      4.33 r
  u_core/core_i/U3579/Y (NBUFFX2_HVT)              0.06      4.39 r
  u_core/core_i/U3715/Y (AO222X1_HVT)              0.15      4.54 r
  u_core/core_i/U3739/CO (FADDX1_HVT)              0.11      4.65 r
  u_core/core_i/U3740/Y (NBUFFX2_HVT)              0.06      4.71 r
  u_core/core_i/U3885/Y (AO222X1_HVT)              0.15      4.87 r
  u_core/core_i/U3927/CO (FADDX1_HVT)              0.11      4.98 r
  u_core/core_i/U3932/Y (XOR2X1_HVT)               0.13      5.11 f
  u_core/core_i/U3936/S (FADDX1_HVT)               0.13      5.24 r
  u_core/core_i/U3937/Y (XOR2X1_HVT)               0.12      5.36 f
  u_core/core_i/U3938/Y (XOR2X1_HVT)               0.13      5.49 r
  u_core/core_i/U3939/S (FADDX1_HVT)               0.17      5.65 f
  u_core/core_i/U4021/S (FADDX1_HVT)               0.14      5.79 r
  u_core/core_i/U4022/Y (AO22X1_HVT)               0.08      5.87 r
  u_core/core_i/U4023/Y (OR2X1_HVT)                0.06      5.93 r
  u_core/core_i/U4024/Y (AO21X1_HVT)               0.05      5.97 r
  u_core/core_i/U4025/Y (OR2X1_HVT)                0.06      6.03 r
  u_core/core_i/U4026/Y (AO21X1_HVT)               0.04      6.07 r
  u_core/core_i/U4027/Y (OA22X1_HVT)               0.08      6.15 r
  u_core/core_i/id_stage_i/U239/Y (NBUFFX4_HVT)    0.05      6.20 r
  u_core/core_i/id_stage_i/U2961/Y (AO222X1_HVT)   0.13      6.33 r
  u_core/core_i/id_stage_i/U3059/Y (AO222X1_HVT)   0.13      6.46 r
  u_core/core_i/id_stage_i/mult_operand_a_ex_o_reg[31]/D (SDFFARX1_RVT)
                                                   0.00      6.46 r
  data arrival time                                          6.46

  clock clk_i (rise edge)                         10.00     10.00
  clock network delay (ideal)                      0.00     10.00
  u_core/core_i/id_stage_i/mult_operand_a_ex_o_reg[31]/CLK (SDFFARX1_RVT)
                                                   0.00     10.00 r
  clock uncertainty                               -0.10      9.90
  library setup time                              -0.08      9.82
  data required time                                         9.82
  ------------------------------------------------------------------------
  data required time                                         9.82
  data arrival time                                         -6.46
  ------------------------------------------------------------------------
  slack (MET)                                                3.36



  Startpoint: u_core/core_i/id_stage_i/alu_operator_ex_o_reg[5] (rising edge-triggered flip-flop clocked by clk_i)
  Endpoint: u_core/core_i/id_stage_i/alu_operand_b_ex_o_reg[2] (rising edge-triggered flip-flop clocked by clk_i)
  Mode: default
  Corner: default
  Scenario: default
  Path Group: clk_i
  Path Type: max

  Point                                            Incr      Path  
  ------------------------------------------------------------------------
  clock clk_i (rise edge)                          0.00      0.00
  clock network delay (ideal)                      0.00      0.00

  u_core/core_i/id_stage_i/alu_operator_ex_o_reg[5]/CLK (SDFFARX1_RVT)
                                                   0.00      0.00 r
  u_core/core_i/id_stage_i/alu_operator_ex_o_reg[5]/Q (SDFFARX1_RVT)
                                                   0.11      0.11 f
  u_core/core_i/U388/Y (INVX1_HVT)                 0.04      0.15 r
  u_core/core_i/U433/Y (NAND4X0_HVT)               0.15      0.31 f
  u_core/core_i/U615/Y (INVX1_HVT)                 0.07      0.38 r
  u_core/core_i/U616/Y (NAND3X0_HVT)               0.09      0.47 f
  u_core/core_i/U1077/Y (NBUFFX2_HVT)              0.10      0.57 f
  u_core/core_i/U1079/Y (INVX2_HVT)                0.05      0.62 r
  u_core/core_i/U682/Y (AO22X1_HVT)                0.11      0.73 r
  u_core/core_i/U758/CO (FADDX1_HVT)               0.10      0.84 r
  u_core/core_i/U766/CO (FADDX1_HVT)               0.11      0.94 r
  u_core/core_i/U762/CO (FADDX1_HVT)               0.11      1.05 r
  u_core/core_i/U769/CO (FADDX1_HVT)               0.11      1.16 r
  u_core/core_i/U811/CO (FADDX1_HVT)               0.11      1.26 r
  u_core/core_i/U808/CO (FADDX1_HVT)               0.11      1.37 r
  u_core/core_i/U806/CO (FADDX1_HVT)               0.11      1.48 r
  u_core/core_i/U813/CO (FADDX1_HVT)               0.11      1.59 r
  u_core/core_i/U781/CO (FADDX1_HVT)               0.11      1.69 r
  u_core/core_i/U776/CO (FADDX1_HVT)               0.11      1.80 r
  u_core/core_i/U778/CO (FADDX1_HVT)               0.11      1.91 r
  u_core/core_i/U783/CO (FADDX1_HVT)               0.11      2.01 r
  u_core/core_i/U796/CO (FADDX1_HVT)               0.11      2.12 r
  u_core/core_i/U789/CO (FADDX1_HVT)               0.11      2.23 r
  u_core/core_i/U794/CO (FADDX1_HVT)               0.11      2.34 r
  u_core/core_i/U791/CO (FADDX1_HVT)               0.11      2.44 r
  u_core/core_i/U735/CO (FADDX1_HVT)               0.11      2.55 r
  u_core/core_i/U740/CO (FADDX1_HVT)               0.11      2.66 r
  u_core/core_i/U738/CO (FADDX1_HVT)               0.11      2.76 r
  u_core/core_i/U733/CO (FADDX1_HVT)               0.11      2.87 r
  u_core/core_i/U727/CO (FADDX1_HVT)               0.11      2.98 r
  u_core/core_i/U729/CO (FADDX1_HVT)               0.11      3.08 r
  u_core/core_i/U724/CO (FADDX1_HVT)               0.11      3.19 r
  u_core/core_i/U722/CO (FADDX1_HVT)               0.11      3.30 r
  u_core/core_i/U718/CO (FADDX1_HVT)               0.11      3.41 r
  u_core/core_i/U715/CO (FADDX1_HVT)               0.11      3.51 r
  u_core/core_i/U712/CO (FADDX1_HVT)               0.11      3.62 r
  u_core/core_i/U710/CO (FADDX1_HVT)               0.11      3.73 r
  u_core/core_i/U701/CO (FADDX1_HVT)               0.11      3.83 r
  u_core/core_i/U696/CO (FADDX1_HVT)               0.11      3.94 r
  u_core/core_i/U705/CO (FADDX1_HVT)               0.11      4.05 r
  u_core/core_i/U959/S (FADDX1_HVT)                0.16      4.21 f
  u_core/core_i/U698/Y (OA222X1_HVT)               0.11      4.32 f
  u_core/core_i/U820/Y (INVX1_HVT)                 0.04      4.35 r
  u_core/core_i/U821/Y (NAND4X0_HVT)               0.29      4.64 f
  u_core/core_i/U851/Y (NAND2X0_HVT)               0.19      4.83 r
  u_core/core_i/U864/Y (INVX1_HVT)                 0.11      4.94 f
  u_core/core_i/U866/Y (OA22X1_HVT)                0.11      5.05 f
  u_core/core_i/U867/Y (INVX1_HVT)                 0.03      5.07 r
  u_core/core_i/U868/Y (OA22X1_HVT)                0.07      5.14 r
  u_core/core_i/U875/Y (NAND2X0_HVT)               0.06      5.21 f
  u_core/core_i/U892/Y (OA22X1_HVT)                0.09      5.30 f
  u_core/core_i/U893/Y (NAND4X0_HVT)               0.05      5.35 r
  u_core/core_i/U894/Y (AO22X1_HVT)                0.12      5.47 r
  u_core/core_i/U1500/Y (NAND4X0_HVT)              0.11      5.58 f
  u_core/core_i/U1501/Y (NAND3X2_HVT)              0.13      5.71 r
  u_core/core_i/U2863/Y (INVX1_HVT)                0.04      5.75 f
  u_core/core_i/U1503/Y (NAND2X0_HVT)              0.05      5.80 r
  u_core/core_i/U1759/Y (OA22X1_HVT)               0.09      5.90 r
  u_core/core_i/id_stage_i/U286/Y (NBUFFX2_HVT)    0.09      5.99 r
  u_core/core_i/id_stage_i/U2528/Y (AO222X1_HVT)   0.18      6.16 r
  u_core/core_i/id_stage_i/U2532/Y (AO22X1_HVT)    0.11      6.27 r
  u_core/core_i/id_stage_i/U2533/Y (OR2X1_HVT)     0.06      6.33 r
  u_core/core_i/id_stage_i/U2534/Y (AO21X1_HVT)    0.05      6.37 r
  u_core/core_i/id_stage_i/U2905/Y (AO21X1_HVT)    0.09      6.46 r
  u_core/core_i/id_stage_i/alu_operand_b_ex_o_reg[2]/D (SDFFARX1_RVT)
                                                   0.00      6.46 r
  data arrival time                                          6.46

  clock clk_i (rise edge)                         10.00     10.00
  clock network delay (ideal)                      0.00     10.00
  u_core/core_i/id_stage_i/alu_operand_b_ex_o_reg[2]/CLK (SDFFARX1_RVT)
                                                   0.00     10.00 r
  clock uncertainty                               -0.10      9.90
  library setup time                              -0.07      9.83
  data required time                                         9.83
  ------------------------------------------------------------------------
  data required time                                         9.83
  data arrival time                                         -6.46
  ------------------------------------------------------------------------
  slack (MET)                                                3.37



  Startpoint: u_core/core_i/id_stage_i/mult_operand_b_ex_o_reg[1] (rising edge-triggered flip-flop clocked by clk_i)
  Endpoint: u_core/core_i/id_stage_i/alu_operand_c_ex_o_reg[31] (rising edge-triggered flip-flop clocked by clk_i)
  Mode: default
  Corner: default
  Scenario: default
  Path Group: clk_i
  Path Type: max

  Point                                            Incr      Path  
  ------------------------------------------------------------------------
  clock clk_i (rise edge)                          0.00      0.00
  clock network delay (ideal)                      0.00      0.00

  u_core/core_i/id_stage_i/mult_operand_b_ex_o_reg[1]/CLK (SDFFARX1_RVT)
                                                   0.00      0.00 r
  u_core/core_i/id_stage_i/mult_operand_b_ex_o_reg[1]/Q (SDFFARX1_RVT)
                                                   0.10      0.10 f
  u_core/core_i/U896/Y (NBUFFX2_HVT)               0.10      0.19 f
  u_core/core_i/U1630/Y (NAND3X0_HVT)              0.06      0.26 r
  u_core/core_i/U1631/Y (OA221X1_HVT)              0.10      0.36 r
  u_core/core_i/U1685/Y (INVX1_HVT)                0.04      0.40 f
  u_core/core_i/U1686/Y (AO222X1_HVT)              0.09      0.49 f
  u_core/core_i/U1837/CO (FADDX1_HVT)              0.09      0.58 f
  u_core/core_i/U1904/Y (INVX1_HVT)                0.03      0.60 r
  u_core/core_i/U1905/Y (OAI222X1_HVT)             0.16      0.76 f
  u_core/core_i/U1972/CO (FADDX1_HVT)              0.08      0.85 f
  u_core/core_i/U2110/Y (INVX1_HVT)                0.03      0.87 r
  u_core/core_i/U2111/Y (AO222X1_HVT)              0.13      1.01 r
  u_core/core_i/U2192/CO (FADDX1_HVT)              0.11      1.12 r
  u_core/core_i/U2193/Y (NBUFFX2_HVT)              0.06      1.18 r
  u_core/core_i/U2282/Y (AO222X1_HVT)              0.15      1.33 r
  u_core/core_i/U2367/CO (FADDX1_HVT)              0.11      1.44 r
  u_core/core_i/U2368/Y (NBUFFX2_HVT)              0.06      1.50 r
  u_core/core_i/U2433/Y (AO222X1_HVT)              0.15      1.65 r
  u_core/core_i/U2478/CO (FADDX1_HVT)              0.11      1.76 r
  u_core/core_i/U2479/Y (NBUFFX2_HVT)              0.06      1.82 r
  u_core/core_i/U2576/Y (AO222X1_HVT)              0.15      1.97 r
  u_core/core_i/U2656/CO (FADDX1_HVT)              0.11      2.08 r
  u_core/core_i/U2657/Y (NBUFFX2_HVT)              0.06      2.14 r
  u_core/core_i/U2725/Y (AO222X1_HVT)              0.15      2.29 r
  u_core/core_i/U2760/CO (FADDX1_HVT)              0.11      2.40 r
  u_core/core_i/U2761/Y (NBUFFX2_HVT)              0.06      2.46 r
  u_core/core_i/U2889/Y (AO222X1_HVT)              0.15      2.62 r
  u_core/core_i/U2946/CO (FADDX1_HVT)              0.11      2.72 r
  u_core/core_i/U2947/Y (NBUFFX2_HVT)              0.06      2.78 r
  u_core/core_i/U3005/Y (AO222X1_HVT)              0.15      2.94 r
  u_core/core_i/U3017/CO (FADDX1_HVT)              0.11      3.05 r
  u_core/core_i/U3018/Y (NBUFFX2_HVT)              0.06      3.11 r
  u_core/core_i/U3128/Y (AO222X1_HVT)              0.15      3.26 r
  u_core/core_i/U3145/CO (FADDX1_HVT)              0.11      3.37 r
  u_core/core_i/U3146/Y (NBUFFX2_HVT)              0.06      3.43 r
  u_core/core_i/U3264/Y (AO222X1_HVT)              0.15      3.58 r
  u_core/core_i/U3281/CO (FADDX1_HVT)              0.11      3.69 r
  u_core/core_i/U3282/Y (NBUFFX2_HVT)              0.06      3.75 r
  u_core/core_i/U3403/Y (AO222X1_HVT)              0.15      3.90 r
  u_core/core_i/U3425/CO (FADDX1_HVT)              0.11      4.01 r
  u_core/core_i/U3426/Y (NBUFFX2_HVT)              0.06      4.07 r
  u_core/core_i/U3549/Y (AO222X1_HVT)              0.15      4.22 r
  u_core/core_i/U3578/CO (FADDX1_HVT)              0.11      4.33 r
  u_core/core_i/U3579/Y (NBUFFX2_HVT)              0.06      4.39 r
  u_core/core_i/U3715/Y (AO222X1_HVT)              0.15      4.54 r
  u_core/core_i/U3739/CO (FADDX1_HVT)              0.11      4.65 r
  u_core/core_i/U3740/Y (NBUFFX2_HVT)              0.06      4.71 r
  u_core/core_i/U3885/Y (AO222X1_HVT)              0.15      4.87 r
  u_core/core_i/U3927/CO (FADDX1_HVT)              0.11      4.98 r
  u_core/core_i/U3932/Y (XOR2X1_HVT)               0.13      5.11 f
  u_core/core_i/U3936/S (FADDX1_HVT)               0.13      5.24 r
  u_core/core_i/U3937/Y (XOR2X1_HVT)               0.12      5.36 f
  u_core/core_i/U3938/Y (XOR2X1_HVT)               0.13      5.49 r
  u_core/core_i/U3939/S (FADDX1_HVT)               0.17      5.65 f
  u_core/core_i/U4021/S (FADDX1_HVT)               0.14      5.79 r
  u_core/core_i/U4022/Y (AO22X1_HVT)               0.08      5.87 r
  u_core/core_i/U4023/Y (OR2X1_HVT)                0.06      5.93 r
  u_core/core_i/U4024/Y (AO21X1_HVT)               0.05      5.97 r
  u_core/core_i/U4025/Y (OR2X1_HVT)                0.06      6.03 r
  u_core/core_i/U4026/Y (AO21X1_HVT)               0.04      6.07 r
  u_core/core_i/U4027/Y (OA22X1_HVT)               0.08      6.15 r
  u_core/core_i/id_stage_i/U239/Y (NBUFFX4_HVT)    0.05      6.20 r
  u_core/core_i/id_stage_i/U2273/Y (AO222X1_HVT)   0.11      6.31 r
  u_core/core_i/id_stage_i/U2274/Y (AO222X1_HVT)   0.14      6.45 r
  u_core/core_i/id_stage_i/alu_operand_c_ex_o_reg[31]/D (SDFFARX1_RVT)
                                                   0.00      6.45 r
  data arrival time                                          6.45

  clock clk_i (rise edge)                         10.00     10.00
  clock network delay (ideal)                      0.00     10.00
  u_core/core_i/id_stage_i/alu_operand_c_ex_o_reg[31]/CLK (SDFFARX1_RVT)
                                                   0.00     10.00 r
  clock uncertainty                               -0.10      9.90
  library setup time                              -0.08      9.82
  data required time                                         9.82
  ------------------------------------------------------------------------
  data required time                                         9.82
  data arrival time                                         -6.45
  ------------------------------------------------------------------------
  slack (MET)                                                3.37



  Startpoint: u_core/core_i/id_stage_i/alu_operator_ex_o_reg[5] (rising edge-triggered flip-flop clocked by clk_i)
  Endpoint: u_core/core_i/id_stage_i/alu_operand_a_ex_o_reg[2] (rising edge-triggered flip-flop clocked by clk_i)
  Mode: default
  Corner: default
  Scenario: default
  Path Group: clk_i
  Path Type: max

  Point                                            Incr      Path  
  ------------------------------------------------------------------------
  clock clk_i (rise edge)                          0.00      0.00
  clock network delay (ideal)                      0.00      0.00

  u_core/core_i/id_stage_i/alu_operator_ex_o_reg[5]/CLK (SDFFARX1_RVT)
                                                   0.00      0.00 r
  u_core/core_i/id_stage_i/alu_operator_ex_o_reg[5]/Q (SDFFARX1_RVT)
                                                   0.11      0.11 f
  u_core/core_i/U388/Y (INVX1_HVT)                 0.04      0.15 r
  u_core/core_i/U433/Y (NAND4X0_HVT)               0.15      0.31 f
  u_core/core_i/U615/Y (INVX1_HVT)                 0.07      0.38 r
  u_core/core_i/U616/Y (NAND3X0_HVT)               0.09      0.47 f
  u_core/core_i/U1077/Y (NBUFFX2_HVT)              0.10      0.57 f
  u_core/core_i/U1079/Y (INVX2_HVT)                0.05      0.62 r
  u_core/core_i/U682/Y (AO22X1_HVT)                0.11      0.73 r
  u_core/core_i/U758/CO (FADDX1_HVT)               0.10      0.84 r
  u_core/core_i/U766/CO (FADDX1_HVT)               0.11      0.94 r
  u_core/core_i/U762/CO (FADDX1_HVT)               0.11      1.05 r
  u_core/core_i/U769/CO (FADDX1_HVT)               0.11      1.16 r
  u_core/core_i/U811/CO (FADDX1_HVT)               0.11      1.26 r
  u_core/core_i/U808/CO (FADDX1_HVT)               0.11      1.37 r
  u_core/core_i/U806/CO (FADDX1_HVT)               0.11      1.48 r
  u_core/core_i/U813/CO (FADDX1_HVT)               0.11      1.59 r
  u_core/core_i/U781/CO (FADDX1_HVT)               0.11      1.69 r
  u_core/core_i/U776/CO (FADDX1_HVT)               0.11      1.80 r
  u_core/core_i/U778/CO (FADDX1_HVT)               0.11      1.91 r
  u_core/core_i/U783/CO (FADDX1_HVT)               0.11      2.01 r
  u_core/core_i/U796/CO (FADDX1_HVT)               0.11      2.12 r
  u_core/core_i/U789/CO (FADDX1_HVT)               0.11      2.23 r
  u_core/core_i/U794/CO (FADDX1_HVT)               0.11      2.34 r
  u_core/core_i/U791/CO (FADDX1_HVT)               0.11      2.44 r
  u_core/core_i/U735/CO (FADDX1_HVT)               0.11      2.55 r
  u_core/core_i/U740/CO (FADDX1_HVT)               0.11      2.66 r
  u_core/core_i/U738/CO (FADDX1_HVT)               0.11      2.76 r
  u_core/core_i/U733/CO (FADDX1_HVT)               0.11      2.87 r
  u_core/core_i/U727/CO (FADDX1_HVT)               0.11      2.98 r
  u_core/core_i/U729/CO (FADDX1_HVT)               0.11      3.08 r
  u_core/core_i/U724/CO (FADDX1_HVT)               0.11      3.19 r
  u_core/core_i/U722/CO (FADDX1_HVT)               0.11      3.30 r
  u_core/core_i/U718/CO (FADDX1_HVT)               0.11      3.41 r
  u_core/core_i/U715/CO (FADDX1_HVT)               0.11      3.51 r
  u_core/core_i/U712/CO (FADDX1_HVT)               0.11      3.62 r
  u_core/core_i/U710/CO (FADDX1_HVT)               0.11      3.73 r
  u_core/core_i/U701/CO (FADDX1_HVT)               0.11      3.83 r
  u_core/core_i/U696/CO (FADDX1_HVT)               0.11      3.94 r
  u_core/core_i/U705/CO (FADDX1_HVT)               0.11      4.05 r
  u_core/core_i/U959/S (FADDX1_HVT)                0.16      4.21 f
  u_core/core_i/U698/Y (OA222X1_HVT)               0.11      4.32 f
  u_core/core_i/U820/Y (INVX1_HVT)                 0.04      4.35 r
  u_core/core_i/U821/Y (NAND4X0_HVT)               0.29      4.64 f
  u_core/core_i/U851/Y (NAND2X0_HVT)               0.19      4.83 r
  u_core/core_i/U864/Y (INVX1_HVT)                 0.11      4.94 f
  u_core/core_i/U866/Y (OA22X1_HVT)                0.11      5.05 f
  u_core/core_i/U867/Y (INVX1_HVT)                 0.03      5.07 r
  u_core/core_i/U868/Y (OA22X1_HVT)                0.07      5.14 r
  u_core/core_i/U875/Y (NAND2X0_HVT)               0.06      5.21 f
  u_core/core_i/U892/Y (OA22X1_HVT)                0.09      5.30 f
  u_core/core_i/U893/Y (NAND4X0_HVT)               0.05      5.35 r
  u_core/core_i/U894/Y (AO22X1_HVT)                0.12      5.47 r
  u_core/core_i/U1500/Y (NAND4X0_HVT)              0.11      5.58 f
  u_core/core_i/U1501/Y (NAND3X2_HVT)              0.13      5.71 r
  u_core/core_i/U2863/Y (INVX1_HVT)                0.04      5.75 f
  u_core/core_i/U1503/Y (NAND2X0_HVT)              0.05      5.80 r
  u_core/core_i/U1759/Y (OA22X1_HVT)               0.09      5.90 r
  u_core/core_i/id_stage_i/U286/Y (NBUFFX2_HVT)    0.09      5.99 r
  u_core/core_i/id_stage_i/U2528/Y (AO222X1_HVT)   0.18      6.16 r
  u_core/core_i/id_stage_i/U2989/Y (AO22X1_HVT)    0.11      6.27 r
  u_core/core_i/id_stage_i/U2991/Y (OR2X1_HVT)     0.06      6.33 r
  u_core/core_i/id_stage_i/U2992/Y (AO22X1_HVT)    0.07      6.40 r
  u_core/core_i/id_stage_i/alu_operand_a_ex_o_reg[2]/D (SDFFARX1_RVT)
                                                   0.00      6.40 r
  data arrival time                                          6.40

  clock clk_i (rise edge)                         10.00     10.00
  clock network delay (ideal)                      0.00     10.00
  u_core/core_i/id_stage_i/alu_operand_a_ex_o_reg[2]/CLK (SDFFARX1_RVT)
                                                   0.00     10.00 r
  clock uncertainty                               -0.10      9.90
  library setup time                              -0.07      9.83
  data required time                                         9.83
  ------------------------------------------------------------------------
  data required time                                         9.83
  data arrival time                                         -6.40
  ------------------------------------------------------------------------
  slack (MET)                                                3.43



  Startpoint: u_core/core_i/id_stage_i/alu_operator_ex_o_reg[5] (rising edge-triggered flip-flop clocked by clk_i)
  Endpoint: u_core/core_i/id_stage_i/alu_operand_b_ex_o_reg[30] (rising edge-triggered flip-flop clocked by clk_i)
  Mode: default
  Corner: default
  Scenario: default
  Path Group: clk_i
  Path Type: max

  Point                                            Incr      Path  
  ------------------------------------------------------------------------
  clock clk_i (rise edge)                          0.00      0.00
  clock network delay (ideal)                      0.00      0.00

  u_core/core_i/id_stage_i/alu_operator_ex_o_reg[5]/CLK (SDFFARX1_RVT)
                                                   0.00      0.00 r
  u_core/core_i/id_stage_i/alu_operator_ex_o_reg[5]/Q (SDFFARX1_RVT)
                                                   0.11      0.11 f
  u_core/core_i/U388/Y (INVX1_HVT)                 0.04      0.15 r
  u_core/core_i/U433/Y (NAND4X0_HVT)               0.15      0.31 f
  u_core/core_i/U615/Y (INVX1_HVT)                 0.07      0.38 r
  u_core/core_i/U616/Y (NAND3X0_HVT)               0.09      0.47 f
  u_core/core_i/U1077/Y (NBUFFX2_HVT)              0.10      0.57 f
  u_core/core_i/U1079/Y (INVX2_HVT)                0.05      0.62 r
  u_core/core_i/U682/Y (AO22X1_HVT)                0.11      0.73 r
  u_core/core_i/U758/CO (FADDX1_HVT)               0.10      0.84 r
  u_core/core_i/U766/CO (FADDX1_HVT)               0.11      0.94 r
  u_core/core_i/U762/CO (FADDX1_HVT)               0.11      1.05 r
  u_core/core_i/U769/CO (FADDX1_HVT)               0.11      1.16 r
  u_core/core_i/U811/CO (FADDX1_HVT)               0.11      1.26 r
  u_core/core_i/U808/CO (FADDX1_HVT)               0.11      1.37 r
  u_core/core_i/U806/CO (FADDX1_HVT)               0.11      1.48 r
  u_core/core_i/U813/CO (FADDX1_HVT)               0.11      1.59 r
  u_core/core_i/U781/CO (FADDX1_HVT)               0.11      1.69 r
  u_core/core_i/U776/CO (FADDX1_HVT)               0.11      1.80 r
  u_core/core_i/U778/CO (FADDX1_HVT)               0.11      1.91 r
  u_core/core_i/U783/CO (FADDX1_HVT)               0.11      2.01 r
  u_core/core_i/U796/CO (FADDX1_HVT)               0.11      2.12 r
  u_core/core_i/U789/CO (FADDX1_HVT)               0.11      2.23 r
  u_core/core_i/U794/CO (FADDX1_HVT)               0.11      2.34 r
  u_core/core_i/U791/CO (FADDX1_HVT)               0.11      2.44 r
  u_core/core_i/U735/CO (FADDX1_HVT)               0.11      2.55 r
  u_core/core_i/U740/CO (FADDX1_HVT)               0.11      2.66 r
  u_core/core_i/U738/CO (FADDX1_HVT)               0.11      2.76 r
  u_core/core_i/U733/CO (FADDX1_HVT)               0.11      2.87 r
  u_core/core_i/U727/CO (FADDX1_HVT)               0.11      2.98 r
  u_core/core_i/U729/CO (FADDX1_HVT)               0.11      3.08 r
  u_core/core_i/U724/CO (FADDX1_HVT)               0.11      3.19 r
  u_core/core_i/U722/CO (FADDX1_HVT)               0.11      3.30 r
  u_core/core_i/U718/CO (FADDX1_HVT)               0.11      3.41 r
  u_core/core_i/U715/CO (FADDX1_HVT)               0.11      3.51 r
  u_core/core_i/U712/CO (FADDX1_HVT)               0.11      3.62 r
  u_core/core_i/U710/CO (FADDX1_HVT)               0.11      3.73 r
  u_core/core_i/U701/CO (FADDX1_HVT)               0.11      3.83 r
  u_core/core_i/U696/CO (FADDX1_HVT)               0.11      3.94 r
  u_core/core_i/U705/CO (FADDX1_HVT)               0.11      4.05 r
  u_core/core_i/U959/S (FADDX1_HVT)                0.16      4.21 f
  u_core/core_i/U698/Y (OA222X1_HVT)               0.11      4.32 f
  u_core/core_i/U820/Y (INVX1_HVT)                 0.04      4.35 r
  u_core/core_i/U821/Y (NAND4X0_HVT)               0.29      4.64 f
  u_core/core_i/U851/Y (NAND2X0_HVT)               0.19      4.83 r
  u_core/core_i/U864/Y (INVX1_HVT)                 0.11      4.94 f
  u_core/core_i/U866/Y (OA22X1_HVT)                0.11      5.05 f
  u_core/core_i/U867/Y (INVX1_HVT)                 0.03      5.07 r
  u_core/core_i/U868/Y (OA22X1_HVT)                0.07      5.14 r
  u_core/core_i/U875/Y (NAND2X0_HVT)               0.06      5.21 f
  u_core/core_i/U892/Y (OA22X1_HVT)                0.09      5.30 f
  u_core/core_i/U893/Y (NAND4X0_HVT)               0.05      5.35 r
  u_core/core_i/U894/Y (AO22X1_HVT)                0.12      5.47 r
  u_core/core_i/U1500/Y (NAND4X0_HVT)              0.11      5.58 f
  u_core/core_i/U2819/Y (OA21X1_HVT)               0.10      5.67 f
  u_core/core_i/U2899/Y (NAND2X0_HVT)              0.08      5.76 r
  u_core/core_i/U3210/Y (OR2X1_HVT)                0.09      5.85 r
  u_core/core_i/U3901/Y (OA22X1_HVT)               0.08      5.93 r
  u_core/core_i/id_stage_i/U248/Y (NBUFFX4_HVT)    0.05      5.99 r
  u_core/core_i/id_stage_i/U2545/Y (AO222X1_HVT)   0.13      6.12 r
  u_core/core_i/id_stage_i/U2546/Y (AO22X1_HVT)    0.11      6.23 r
  u_core/core_i/id_stage_i/U2547/Y (OR2X1_HVT)     0.06      6.28 r
  u_core/core_i/id_stage_i/U2548/Y (AO21X1_HVT)    0.05      6.33 r
  u_core/core_i/id_stage_i/U2960/Y (AND2X1_HVT)    0.06      6.40 r
  u_core/core_i/id_stage_i/alu_operand_b_ex_o_reg[30]/D (SDFFARX1_RVT)
                                                   0.00      6.40 r
  data arrival time                                          6.40

  clock clk_i (rise edge)                         10.00     10.00
  clock network delay (ideal)                      0.00     10.00
  u_core/core_i/id_stage_i/alu_operand_b_ex_o_reg[30]/CLK (SDFFARX1_RVT)
                                                   0.00     10.00 r
  clock uncertainty                               -0.10      9.90
  library setup time                              -0.07      9.83
  data required time                                         9.83
  ------------------------------------------------------------------------
  data required time                                         9.83
  data arrival time                                         -6.40
  ------------------------------------------------------------------------
  slack (MET)                                                3.44



  Startpoint: u_core/core_i/id_stage_i/alu_operator_ex_o_reg[5] (rising edge-triggered flip-flop clocked by clk_i)
  Endpoint: u_core/core_i/id_stage_i/alu_operand_a_ex_o_reg[4] (rising edge-triggered flip-flop clocked by clk_i)
  Mode: default
  Corner: default
  Scenario: default
  Path Group: clk_i
  Path Type: max

  Point                                            Incr      Path  
  ------------------------------------------------------------------------
  clock clk_i (rise edge)                          0.00      0.00
  clock network delay (ideal)                      0.00      0.00

  u_core/core_i/id_stage_i/alu_operator_ex_o_reg[5]/CLK (SDFFARX1_RVT)
                                                   0.00      0.00 r
  u_core/core_i/id_stage_i/alu_operator_ex_o_reg[5]/Q (SDFFARX1_RVT)
                                                   0.11      0.11 f
  u_core/core_i/U388/Y (INVX1_HVT)                 0.04      0.15 r
  u_core/core_i/U433/Y (NAND4X0_HVT)               0.15      0.31 f
  u_core/core_i/U615/Y (INVX1_HVT)                 0.07      0.38 r
  u_core/core_i/U616/Y (NAND3X0_HVT)               0.09      0.47 f
  u_core/core_i/U1077/Y (NBUFFX2_HVT)              0.10      0.57 f
  u_core/core_i/U1079/Y (INVX2_HVT)                0.05      0.62 r
  u_core/core_i/U682/Y (AO22X1_HVT)                0.11      0.73 r
  u_core/core_i/U758/CO (FADDX1_HVT)               0.10      0.84 r
  u_core/core_i/U766/CO (FADDX1_HVT)               0.11      0.94 r
  u_core/core_i/U762/CO (FADDX1_HVT)               0.11      1.05 r
  u_core/core_i/U769/CO (FADDX1_HVT)               0.11      1.16 r
  u_core/core_i/U811/CO (FADDX1_HVT)               0.11      1.26 r
  u_core/core_i/U808/CO (FADDX1_HVT)               0.11      1.37 r
  u_core/core_i/U806/CO (FADDX1_HVT)               0.11      1.48 r
  u_core/core_i/U813/CO (FADDX1_HVT)               0.11      1.59 r
  u_core/core_i/U781/CO (FADDX1_HVT)               0.11      1.69 r
  u_core/core_i/U776/CO (FADDX1_HVT)               0.11      1.80 r
  u_core/core_i/U778/CO (FADDX1_HVT)               0.11      1.91 r
  u_core/core_i/U783/CO (FADDX1_HVT)               0.11      2.01 r
  u_core/core_i/U796/CO (FADDX1_HVT)               0.11      2.12 r
  u_core/core_i/U789/CO (FADDX1_HVT)               0.11      2.23 r
  u_core/core_i/U794/CO (FADDX1_HVT)               0.11      2.34 r
  u_core/core_i/U791/CO (FADDX1_HVT)               0.11      2.44 r
  u_core/core_i/U735/CO (FADDX1_HVT)               0.11      2.55 r
  u_core/core_i/U740/CO (FADDX1_HVT)               0.11      2.66 r
  u_core/core_i/U738/CO (FADDX1_HVT)               0.11      2.76 r
  u_core/core_i/U733/CO (FADDX1_HVT)               0.11      2.87 r
  u_core/core_i/U727/CO (FADDX1_HVT)               0.11      2.98 r
  u_core/core_i/U729/CO (FADDX1_HVT)               0.11      3.08 r
  u_core/core_i/U724/CO (FADDX1_HVT)               0.11      3.19 r
  u_core/core_i/U722/CO (FADDX1_HVT)               0.11      3.30 r
  u_core/core_i/U718/CO (FADDX1_HVT)               0.11      3.41 r
  u_core/core_i/U715/CO (FADDX1_HVT)               0.11      3.51 r
  u_core/core_i/U712/CO (FADDX1_HVT)               0.11      3.62 r
  u_core/core_i/U710/CO (FADDX1_HVT)               0.11      3.73 r
  u_core/core_i/U701/CO (FADDX1_HVT)               0.11      3.83 r
  u_core/core_i/U696/CO (FADDX1_HVT)               0.11      3.94 r
  u_core/core_i/U705/CO (FADDX1_HVT)               0.11      4.05 r
  u_core/core_i/U959/S (FADDX1_HVT)                0.16      4.21 f
  u_core/core_i/U698/Y (OA222X1_HVT)               0.11      4.32 f
  u_core/core_i/U820/Y (INVX1_HVT)                 0.04      4.35 r
  u_core/core_i/U821/Y (NAND4X0_HVT)               0.29      4.64 f
  u_core/core_i/U851/Y (NAND2X0_HVT)               0.19      4.83 r
  u_core/core_i/U864/Y (INVX1_HVT)                 0.11      4.94 f
  u_core/core_i/U866/Y (OA22X1_HVT)                0.11      5.05 f
  u_core/core_i/U867/Y (INVX1_HVT)                 0.03      5.07 r
  u_core/core_i/U868/Y (OA22X1_HVT)                0.07      5.14 r
  u_core/core_i/U875/Y (NAND2X0_HVT)               0.06      5.21 f
  u_core/core_i/U892/Y (OA22X1_HVT)                0.09      5.30 f
  u_core/core_i/U893/Y (NAND4X0_HVT)               0.05      5.35 r
  u_core/core_i/U894/Y (AO22X1_HVT)                0.12      5.47 r
  u_core/core_i/U1500/Y (NAND4X0_HVT)              0.11      5.58 f
  u_core/core_i/U1501/Y (NAND3X2_HVT)              0.13      5.71 r
  u_core/core_i/U2863/Y (INVX1_HVT)                0.04      5.75 f
  u_core/core_i/U1503/Y (NAND2X0_HVT)              0.05      5.80 r
  u_core/core_i/U1968/Y (OA22X1_HVT)               0.09      5.90 r
  u_core/core_i/id_stage_i/U283/Y (NBUFFX2_HVT)    0.09      5.99 r
  u_core/core_i/id_stage_i/U2913/Y (AO222X1_HVT)   0.15      6.14 r
  u_core/core_i/id_stage_i/U2999/Y (AO22X1_HVT)    0.11      6.25 r
  u_core/core_i/id_stage_i/U3001/Y (OR2X2_HVT)     0.07      6.31 r
  u_core/core_i/id_stage_i/U3002/Y (AO22X1_HVT)    0.07      6.38 r
  u_core/core_i/id_stage_i/alu_operand_a_ex_o_reg[4]/D (SDFFARX1_RVT)
                                                   0.00      6.38 r
  data arrival time                                          6.38

  clock clk_i (rise edge)                         10.00     10.00
  clock network delay (ideal)                      0.00     10.00
  u_core/core_i/id_stage_i/alu_operand_a_ex_o_reg[4]/CLK (SDFFARX1_RVT)
                                                   0.00     10.00 r
  clock uncertainty                               -0.10      9.90
  library setup time                              -0.07      9.83
  data required time                                         9.83
  ------------------------------------------------------------------------
  data required time                                         9.83
  data arrival time                                         -6.38
  ------------------------------------------------------------------------
  slack (MET)                                                3.45


1
