****************************************
Report : timing
	-path_type full
	-delay_type min
	-slack_lesser_than 100.00
	-max_paths 20
	-sort_by slack
Design : cv32e40p_synth_wrap
Version: W-2024.09-SP5-3
Date   : Sun May 10 12:25:06 2026
****************************************


  Startpoint: u_core/core_i/if_stage_i/pc_id_o_reg[20]
               (rising edge-triggered flip-flop clocked by clk_i)
  Endpoint: u_core/core_i/id_stage_i/mult_operand_a_ex_o_reg[20]
               (rising edge-triggered flip-flop clocked by clk_i)
  Last common pin: u_core/core_i/ZCTSINV_6417_432/Y
  Path Group: clk_i
  Path Type: min

  Point                                                   Incr       Path
  ------------------------------------------------------------------------------
  clock clk_i (rise edge)                                 0.00       0.00
  clock network delay (propagated)                        0.26       0.26
  u_core/core_i/if_stage_i/pc_id_o_reg[20]/CLK (SDFFARX1_RVT)
                                                          0.00       0.26 r
  u_core/core_i/if_stage_i/pc_id_o_reg[20]/Q (SDFFARX1_RVT)
                                                          0.11 &     0.37 f
  u_core/core_i/U3366/Y (NBUFFX4_HVT)                     0.04 &     0.41 f
  u_core/core_i/U_1_PTECO_DRC_BUF185/Y (NBUFFX8_RVT)      0.04 &     0.45 f
  u_core/core_i/id_stage_i/U2954/Y (AO222X1_HVT)          0.08 &     0.53 f
  u_core/core_i/id_stage_i/mult_operand_a_ex_o_reg[20]/D (SDFFARX1_RVT)
                                                          0.00 &     0.53 f
  data arrival time                                                  0.53

  clock clk_i (rise edge)                                 0.00       0.00
  clock network delay (propagated)                        0.39       0.39
  u_core/core_i/id_stage_i/mult_operand_a_ex_o_reg[20]/CLK (SDFFARX1_RVT)
                                                                     0.39 r
  clock reconvergence pessimism                          -0.01       0.38
  clock uncertainty                                       0.10       0.48
  library hold time                                      -0.05       0.44
  data required time                                                 0.44
  ------------------------------------------------------------------------------
  data required time                                                 0.44
  data arrival time                                                 -0.53
  ------------------------------------------------------------------------------
  slack (MET)                                                        0.10


  Startpoint: u_core/core_i/if_stage_i/pc_id_o_reg[18]
               (rising edge-triggered flip-flop clocked by clk_i)
  Endpoint: u_core/core_i/cs_registers_i/depc_q_reg[18]
               (rising edge-triggered flip-flop clocked by clk_i)
  Last common pin: u_core/core_i/sleep_unit_i/core_clock_gate_i/u_icg/GCLK
  Path Group: clk_i
  Path Type: min

  Point                                                   Incr       Path
  ------------------------------------------------------------------------------
  clock clk_i (rise edge)                                 0.00       0.00
  clock network delay (propagated)                        0.26       0.26
  u_core/core_i/if_stage_i/pc_id_o_reg[18]/CLK (SDFFARX1_RVT)
                                                          0.00       0.26 r
  u_core/core_i/if_stage_i/pc_id_o_reg[18]/Q (SDFFARX1_RVT)
                                                          0.11 &     0.37 f
  u_core/core_i/U3392/Y (NBUFFX4_HVT)                     0.04 &     0.41 f
  u_core/core_i/U_1_PTECO_DRC_BUF97/Y (NBUFFX8_LVT)       0.03 &     0.44 f
  u_core/core_i/cs_registers_i/U1283/Y (AO222X1_HVT)      0.06 &     0.50 f
  u_core/core_i/cs_registers_i/depc_q_reg[18]/D (SDFFARX1_RVT)
                                                          0.00 &     0.50 f
  data arrival time                                                  0.50

  clock clk_i (rise edge)                                 0.00       0.00
  clock network delay (propagated)                        0.34       0.34
  u_core/core_i/cs_registers_i/depc_q_reg[18]/CLK (SDFFARX1_RVT)     0.34 r
  clock reconvergence pessimism                          -0.00       0.34
  clock uncertainty                                       0.10       0.44
  library hold time                                      -0.04       0.40
  data required time                                                 0.40
  ------------------------------------------------------------------------------
  data required time                                                 0.40
  data arrival time                                                 -0.50
  ------------------------------------------------------------------------------
  slack (MET)                                                        0.10


  Startpoint: u_core/core_i/if_stage_i/pc_id_o_reg[20]
               (rising edge-triggered flip-flop clocked by clk_i)
  Endpoint: u_core/core_i/cs_registers_i/depc_q_reg[20]
               (rising edge-triggered flip-flop clocked by clk_i)
  Last common pin: u_core/core_i/sleep_unit_i/core_clock_gate_i/u_icg/GCLK
  Path Group: clk_i
  Path Type: min

  Point                                                   Incr       Path
  ------------------------------------------------------------------------------
  clock clk_i (rise edge)                                 0.00       0.00
  clock network delay (propagated)                        0.26       0.26
  u_core/core_i/if_stage_i/pc_id_o_reg[20]/CLK (SDFFARX1_RVT)
                                                          0.00       0.26 r
  u_core/core_i/if_stage_i/pc_id_o_reg[20]/Q (SDFFARX1_RVT)
                                                          0.11 &     0.37 f
  u_core/core_i/U3366/Y (NBUFFX4_HVT)                     0.04 &     0.41 f
  u_core/core_i/U_1_PTECO_DRC_BUF185/Y (NBUFFX8_RVT)      0.04 &     0.45 f
  u_core/core_i/cs_registers_i/U1279/Y (AO222X1_HVT)      0.06 &     0.51 f
  u_core/core_i/cs_registers_i/depc_q_reg[20]/D (SDFFARX1_RVT)
                                                          0.00 &     0.51 f
  data arrival time                                                  0.51

  clock clk_i (rise edge)                                 0.00       0.00
  clock network delay (propagated)                        0.34       0.34
  u_core/core_i/cs_registers_i/depc_q_reg[20]/CLK (SDFFARX1_RVT)     0.34 r
  clock reconvergence pessimism                          -0.00       0.34
  clock uncertainty                                       0.10       0.44
  library hold time                                      -0.04       0.40
  data required time                                                 0.40
  ------------------------------------------------------------------------------
  data required time                                                 0.40
  data arrival time                                                 -0.51
  ------------------------------------------------------------------------------
  slack (MET)                                                        0.11


  Startpoint: u_core/core_i/cs_registers_i/dscratch0_q_reg[29]
               (rising edge-triggered flip-flop clocked by clk_i)
  Endpoint: u_core/core_i/cs_registers_i/dscratch0_q_reg[29]
               (rising edge-triggered flip-flop clocked by clk_i)
  Last common pin: u_core/core_i/ZCTSBUF_1943_437/Y
  Path Group: clk_i
  Path Type: min

  Point                                                   Incr       Path
  ------------------------------------------------------------------------------
  clock clk_i (rise edge)                                 0.00       0.00
  clock network delay (propagated)                        0.33       0.33
  u_core/core_i/cs_registers_i/dscratch0_q_reg[29]/CLK (SDFFARX1_RVT)
                                                          0.00       0.33 r
  u_core/core_i/cs_registers_i/dscratch0_q_reg[29]/Q (SDFFARX1_RVT)
                                                          0.12 &     0.45 f
  u_core/core_i/cs_registers_i/U654/Y (AO22X1_HVT)        0.06 &     0.51 f
  u_core/core_i/cs_registers_i/dscratch0_q_reg[29]/D (SDFFARX1_RVT)
                                                          0.00 &     0.51 f
  data arrival time                                                  0.51

  clock clk_i (rise edge)                                 0.00       0.00
  clock network delay (propagated)                        0.34       0.34
  u_core/core_i/cs_registers_i/dscratch0_q_reg[29]/CLK (SDFFARX1_RVT)
                                                                     0.34 r
  clock reconvergence pessimism                          -0.00       0.33
  clock uncertainty                                       0.10       0.43
  library hold time                                      -0.04       0.40
  data required time                                                 0.40
  ------------------------------------------------------------------------------
  data required time                                                 0.40
  data arrival time                                                 -0.51
  ------------------------------------------------------------------------------
  slack (MET)                                                        0.11


  Startpoint: u_core/core_i/cs_registers_i/dscratch0_q_reg[26]
               (rising edge-triggered flip-flop clocked by clk_i)
  Endpoint: u_core/core_i/cs_registers_i/dscratch0_q_reg[26]
               (rising edge-triggered flip-flop clocked by clk_i)
  Last common pin: u_core/core_i/ZCTSBUF_1943_437/Y
  Path Group: clk_i
  Path Type: min

  Point                                                   Incr       Path
  ------------------------------------------------------------------------------
  clock clk_i (rise edge)                                 0.00       0.00
  clock network delay (propagated)                        0.33       0.33
  u_core/core_i/cs_registers_i/dscratch0_q_reg[26]/CLK (SDFFARX1_RVT)
                                                          0.00       0.33 r
  u_core/core_i/cs_registers_i/dscratch0_q_reg[26]/Q (SDFFARX1_RVT)
                                                          0.12 &     0.45 f
  u_core/core_i/cs_registers_i/U1032/Y (AO22X1_HVT)       0.05 &     0.51 f
  u_core/core_i/cs_registers_i/dscratch0_q_reg[26]/D (SDFFARX1_RVT)
                                                          0.00 &     0.51 f
  data arrival time                                                  0.51

  clock clk_i (rise edge)                                 0.00       0.00
  clock network delay (propagated)                        0.34       0.34
  u_core/core_i/cs_registers_i/dscratch0_q_reg[26]/CLK (SDFFARX1_RVT)
                                                                     0.34 r
  clock reconvergence pessimism                          -0.00       0.33
  clock uncertainty                                       0.10       0.43
  library hold time                                      -0.03       0.40
  data required time                                                 0.40
  ------------------------------------------------------------------------------
  data required time                                                 0.40
  data arrival time                                                 -0.51
  ------------------------------------------------------------------------------
  slack (MET)                                                        0.11


  Startpoint: u_core/core_i/cs_registers_i/dscratch0_q_reg[19]
               (rising edge-triggered flip-flop clocked by clk_i)
  Endpoint: u_core/core_i/cs_registers_i/dscratch0_q_reg[19]
               (rising edge-triggered flip-flop clocked by clk_i)
  Last common pin: u_core/core_i/ZCTSBUF_1943_437/Y
  Path Group: clk_i
  Path Type: min

  Point                                                   Incr       Path
  ------------------------------------------------------------------------------
  clock clk_i (rise edge)                                 0.00       0.00
  clock network delay (propagated)                        0.33       0.33
  u_core/core_i/cs_registers_i/dscratch0_q_reg[19]/CLK (SDFFARX1_RVT)
                                                          0.00       0.33 r
  u_core/core_i/cs_registers_i/dscratch0_q_reg[19]/Q (SDFFARX1_RVT)
                                                          0.13 &     0.45 f
  u_core/core_i/cs_registers_i/U263/Y (AO22X1_HVT)        0.05 &     0.51 f
  u_core/core_i/cs_registers_i/dscratch0_q_reg[19]/D (SDFFARX1_RVT)
                                                          0.00 &     0.51 f
  data arrival time                                                  0.51

  clock clk_i (rise edge)                                 0.00       0.00
  clock network delay (propagated)                        0.34       0.34
  u_core/core_i/cs_registers_i/dscratch0_q_reg[19]/CLK (SDFFARX1_RVT)
                                                                     0.34 r
  clock reconvergence pessimism                          -0.00       0.33
  clock uncertainty                                       0.10       0.43
  library hold time                                      -0.03       0.40
  data required time                                                 0.40
  ------------------------------------------------------------------------------
  data required time                                                 0.40
  data arrival time                                                 -0.51
  ------------------------------------------------------------------------------
  slack (MET)                                                        0.11


  Startpoint: u_core/core_i/ex_stage_i/alu_i/alu_div_i/ResReg_DP_reg[22]
               (rising edge-triggered flip-flop clocked by clk_i)
  Endpoint: u_core/core_i/ex_stage_i/alu_i/alu_div_i/ResReg_DP_reg[21]
               (rising edge-triggered flip-flop clocked by clk_i)
  Last common pin: u_core/core_i/ZCTSBUF_533_427/Y
  Path Group: clk_i
  Path Type: min

  Point                                                   Incr       Path
  ------------------------------------------------------------------------------
  clock clk_i (rise edge)                                 0.00       0.00
  clock network delay (propagated)                        0.26       0.26
  u_core/core_i/ex_stage_i/alu_i/alu_div_i/ResReg_DP_reg[22]/CLK (SDFFARX1_RVT)
                                                          0.00       0.26 r
  u_core/core_i/ex_stage_i/alu_i/alu_div_i/ResReg_DP_reg[22]/Q (SDFFARX1_RVT)
                                                          0.12 &     0.38 f
  u_core/core_i/U4354/Y (AND2X1_HVT)                      0.06 &     0.43 f
  u_core/core_i/ex_stage_i/alu_i/alu_div_i/ResReg_DP_reg[21]/D (SDFFARX1_RVT)
                                                          0.00 &     0.43 f
  data arrival time                                                  0.43

  clock clk_i (rise edge)                                 0.00       0.00
  clock network delay (propagated)                        0.27       0.27
  u_core/core_i/ex_stage_i/alu_i/alu_div_i/ResReg_DP_reg[21]/CLK (SDFFARX1_RVT)
                                                                     0.27 r
  clock reconvergence pessimism                          -0.01       0.26
  clock uncertainty                                       0.10       0.36
  library hold time                                      -0.03       0.32
  data required time                                                 0.32
  ------------------------------------------------------------------------------
  data required time                                                 0.32
  data arrival time                                                 -0.43
  ------------------------------------------------------------------------------
  slack (MET)                                                        0.11


  Startpoint: u_core/core_i/cs_registers_i/dscratch1_q_reg[5]
               (rising edge-triggered flip-flop clocked by clk_i)
  Endpoint: u_core/core_i/cs_registers_i/dscratch1_q_reg[5]
               (rising edge-triggered flip-flop clocked by clk_i)
  Last common pin: u_core/core_i/ZCTSBUF_1943_437/Y
  Path Group: clk_i
  Path Type: min

  Point                                                   Incr       Path
  ------------------------------------------------------------------------------
  clock clk_i (rise edge)                                 0.00       0.00
  clock network delay (propagated)                        0.33       0.33
  u_core/core_i/cs_registers_i/dscratch1_q_reg[5]/CLK (SDFFARX1_RVT)
                                                          0.00       0.33 r
  u_core/core_i/cs_registers_i/dscratch1_q_reg[5]/Q (SDFFARX1_RVT)
                                                          0.12 &     0.45 f
  u_core/core_i/cs_registers_i/U632/Y (AO22X1_HVT)        0.06 &     0.51 f
  u_core/core_i/cs_registers_i/dscratch1_q_reg[5]/D (SDFFARX1_RVT)
                                                          0.00 &     0.51 f
  data arrival time                                                  0.51

  clock clk_i (rise edge)                                 0.00       0.00
  clock network delay (propagated)                        0.34       0.34
  u_core/core_i/cs_registers_i/dscratch1_q_reg[5]/CLK (SDFFARX1_RVT)
                                                                     0.34 r
  clock reconvergence pessimism                          -0.00       0.34
  clock uncertainty                                       0.10       0.44
  library hold time                                      -0.04       0.40
  data required time                                                 0.40
  ------------------------------------------------------------------------------
  data required time                                                 0.40
  data arrival time                                                 -0.51
  ------------------------------------------------------------------------------
  slack (MET)                                                        0.11


  Startpoint: u_core/core_i/ex_stage_i/alu_i/alu_div_i/ResReg_DP_reg[6]
               (rising edge-triggered flip-flop clocked by clk_i)
  Endpoint: u_core/core_i/ex_stage_i/alu_i/alu_div_i/ResReg_DP_reg[5]
               (rising edge-triggered flip-flop clocked by clk_i)
  Last common pin: u_core/core_i/ZCTSBUF_533_427/Y
  Path Group: clk_i
  Path Type: min

  Point                                                   Incr       Path
  ------------------------------------------------------------------------------
  clock clk_i (rise edge)                                 0.00       0.00
  clock network delay (propagated)                        0.26       0.26
  u_core/core_i/ex_stage_i/alu_i/alu_div_i/ResReg_DP_reg[6]/CLK (SDFFARX1_RVT)
                                                          0.00       0.26 r
  u_core/core_i/ex_stage_i/alu_i/alu_div_i/ResReg_DP_reg[6]/Q (SDFFARX1_RVT)
                                                          0.12 &     0.38 f
  u_core/core_i/U4370/Y (AND2X1_HVT)                      0.06 &     0.43 f
  u_core/core_i/ex_stage_i/alu_i/alu_div_i/ResReg_DP_reg[5]/D (SDFFARX1_RVT)
                                                          0.00 &     0.43 f
  data arrival time                                                  0.43

  clock clk_i (rise edge)                                 0.00       0.00
  clock network delay (propagated)                        0.27       0.27
  u_core/core_i/ex_stage_i/alu_i/alu_div_i/ResReg_DP_reg[5]/CLK (SDFFARX1_RVT)
                                                                     0.27 r
  clock reconvergence pessimism                          -0.01       0.26
  clock uncertainty                                       0.10       0.36
  library hold time                                      -0.03       0.32
  data required time                                                 0.32
  ------------------------------------------------------------------------------
  data required time                                                 0.32
  data arrival time                                                 -0.43
  ------------------------------------------------------------------------------
  slack (MET)                                                        0.11


  Startpoint: u_core/core_i/cs_registers_i/dscratch0_q_reg[24]
               (rising edge-triggered flip-flop clocked by clk_i)
  Endpoint: u_core/core_i/cs_registers_i/dscratch0_q_reg[24]
               (rising edge-triggered flip-flop clocked by clk_i)
  Last common pin: u_core/core_i/ZCTSBUF_1943_437/Y
  Path Group: clk_i
  Path Type: min

  Point                                                   Incr       Path
  ------------------------------------------------------------------------------
  clock clk_i (rise edge)                                 0.00       0.00
  clock network delay (propagated)                        0.33       0.33
  u_core/core_i/cs_registers_i/dscratch0_q_reg[24]/CLK (SDFFARX1_RVT)
                                                          0.00       0.33 r
  u_core/core_i/cs_registers_i/dscratch0_q_reg[24]/Q (SDFFARX1_RVT)
                                                          0.13 &     0.45 f
  u_core/core_i/cs_registers_i/U931/Y (AO22X1_HVT)        0.06 &     0.51 f
  u_core/core_i/cs_registers_i/dscratch0_q_reg[24]/D (SDFFARX1_RVT)
                                                          0.00 &     0.51 f
  data arrival time                                                  0.51

  clock clk_i (rise edge)                                 0.00       0.00
  clock network delay (propagated)                        0.34       0.34
  u_core/core_i/cs_registers_i/dscratch0_q_reg[24]/CLK (SDFFARX1_RVT)
                                                                     0.34 r
  clock reconvergence pessimism                          -0.00       0.33
  clock uncertainty                                       0.10       0.43
  library hold time                                      -0.03       0.40
  data required time                                                 0.40
  ------------------------------------------------------------------------------
  data required time                                                 0.40
  data arrival time                                                 -0.51
  ------------------------------------------------------------------------------
  slack (MET)                                                        0.11


  Startpoint: u_core/core_i/cs_registers_i/dscratch1_q_reg[15]
               (rising edge-triggered flip-flop clocked by clk_i)
  Endpoint: u_core/core_i/cs_registers_i/dscratch1_q_reg[15]
               (rising edge-triggered flip-flop clocked by clk_i)
  Last common pin: u_core/core_i/ZCTSBUF_1943_437/Y
  Path Group: clk_i
  Path Type: min

  Point                                                   Incr       Path
  ------------------------------------------------------------------------------
  clock clk_i (rise edge)                                 0.00       0.00
  clock network delay (propagated)                        0.33       0.33
  u_core/core_i/cs_registers_i/dscratch1_q_reg[15]/CLK (SDFFARX1_RVT)
                                                          0.00       0.33 r
  u_core/core_i/cs_registers_i/dscratch1_q_reg[15]/Q (SDFFARX1_RVT)
                                                          0.13 &     0.46 f
  u_core/core_i/cs_registers_i/U416/Y (AO22X1_HVT)        0.05 &     0.51 f
  u_core/core_i/cs_registers_i/dscratch1_q_reg[15]/D (SDFFARX1_RVT)
                                                          0.00 &     0.51 f
  data arrival time                                                  0.51

  clock clk_i (rise edge)                                 0.00       0.00
  clock network delay (propagated)                        0.34       0.34
  u_core/core_i/cs_registers_i/dscratch1_q_reg[15]/CLK (SDFFARX1_RVT)
                                                                     0.34 r
  clock reconvergence pessimism                          -0.00       0.33
  clock uncertainty                                       0.10       0.43
  library hold time                                      -0.03       0.40
  data required time                                                 0.40
  ------------------------------------------------------------------------------
  data required time                                                 0.40
  data arrival time                                                 -0.51
  ------------------------------------------------------------------------------
  slack (MET)                                                        0.11


  Startpoint: u_core/core_i/cs_registers_i/mscratch_q_reg[10]
               (rising edge-triggered flip-flop clocked by clk_i)
  Endpoint: u_core/core_i/cs_registers_i/mscratch_q_reg[10]
               (rising edge-triggered flip-flop clocked by clk_i)
  Last common pin: u_core/core_i/ZCTSBUF_1943_437/Y
  Path Group: clk_i
  Path Type: min

  Point                                                   Incr       Path
  ------------------------------------------------------------------------------
  clock clk_i (rise edge)                                 0.00       0.00
  clock network delay (propagated)                        0.29       0.29
  u_core/core_i/cs_registers_i/mscratch_q_reg[10]/CLK (SDFFARX1_RVT)
                                                          0.00       0.29 r
  u_core/core_i/cs_registers_i/mscratch_q_reg[10]/Q (SDFFARX1_RVT)
                                                          0.13 &     0.41 f
  u_core/core_i/cs_registers_i/U554/Y (AO22X1_HVT)        0.06 &     0.47 f
  u_core/core_i/cs_registers_i/mscratch_q_reg[10]/D (SDFFARX1_RVT)
                                                          0.00 &     0.47 f
  data arrival time                                                  0.47

  clock clk_i (rise edge)                                 0.00       0.00
  clock network delay (propagated)                        0.30       0.30
  u_core/core_i/cs_registers_i/mscratch_q_reg[10]/CLK (SDFFARX1_RVT)
                                                                     0.30 r
  clock reconvergence pessimism                          -0.00       0.29
  clock uncertainty                                       0.10       0.39
  library hold time                                      -0.03       0.36
  data required time                                                 0.36
  ------------------------------------------------------------------------------
  data required time                                                 0.36
  data arrival time                                                 -0.47
  ------------------------------------------------------------------------------
  slack (MET)                                                        0.11


  Startpoint: u_core/core_i/if_stage_i/pc_id_o_reg[18]
               (rising edge-triggered flip-flop clocked by clk_i)
  Endpoint: u_core/core_i/id_stage_i/mult_operand_a_ex_o_reg[18]
               (rising edge-triggered flip-flop clocked by clk_i)
  Last common pin: u_core/core_i/ZCTSINV_6417_432/Y
  Path Group: clk_i
  Path Type: min

  Point                                                   Incr       Path
  ------------------------------------------------------------------------------
  clock clk_i (rise edge)                                 0.00       0.00
  clock network delay (propagated)                        0.26       0.26
  u_core/core_i/if_stage_i/pc_id_o_reg[18]/CLK (SDFFARX1_RVT)
                                                          0.00       0.26 r
  u_core/core_i/if_stage_i/pc_id_o_reg[18]/Q (SDFFARX1_RVT)
                                                          0.11 &     0.37 f
  u_core/core_i/U3392/Y (NBUFFX4_HVT)                     0.04 &     0.41 f
  u_core/core_i/U_1_PTECO_DRC_BUF97/Y (NBUFFX8_LVT)       0.03 &     0.44 f
  u_core/core_i/id_stage_i/U2950/Y (AO222X1_HVT)          0.10 &     0.54 f
  u_core/core_i/id_stage_i/mult_operand_a_ex_o_reg[18]/D (SDFFARX1_RVT)
                                                          0.00 &     0.54 f
  data arrival time                                                  0.54

  clock clk_i (rise edge)                                 0.00       0.00
  clock network delay (propagated)                        0.39       0.39
  u_core/core_i/id_stage_i/mult_operand_a_ex_o_reg[18]/CLK (SDFFARX1_RVT)
                                                                     0.39 r
  clock reconvergence pessimism                          -0.01       0.38
  clock uncertainty                                       0.10       0.48
  library hold time                                      -0.05       0.43
  data required time                                                 0.43
  ------------------------------------------------------------------------------
  data required time                                                 0.43
  data arrival time                                                 -0.54
  ------------------------------------------------------------------------------
  slack (MET)                                                        0.11


  Startpoint: u_core/core_i/cs_registers_i/dscratch0_q_reg[0]
               (rising edge-triggered flip-flop clocked by clk_i)
  Endpoint: u_core/core_i/cs_registers_i/dscratch0_q_reg[0]
               (rising edge-triggered flip-flop clocked by clk_i)
  Last common pin: u_core/core_i/ZCTSBUF_1943_437/Y
  Path Group: clk_i
  Path Type: min

  Point                                                   Incr       Path
  ------------------------------------------------------------------------------
  clock clk_i (rise edge)                                 0.00       0.00
  clock network delay (propagated)                        0.33       0.33
  u_core/core_i/cs_registers_i/dscratch0_q_reg[0]/CLK (SDFFARX1_RVT)
                                                          0.00       0.33 r
  u_core/core_i/cs_registers_i/dscratch0_q_reg[0]/Q (SDFFARX1_RVT)
                                                          0.13 &     0.46 f
  u_core/core_i/cs_registers_i/U262/Y (AO22X1_HVT)        0.06 &     0.51 f
  u_core/core_i/cs_registers_i/dscratch0_q_reg[0]/D (SDFFARX1_RVT)
                                                          0.00 &     0.51 f
  data arrival time                                                  0.51

  clock clk_i (rise edge)                                 0.00       0.00
  clock network delay (propagated)                        0.34       0.34
  u_core/core_i/cs_registers_i/dscratch0_q_reg[0]/CLK (SDFFARX1_RVT)
                                                                     0.34 r
  clock reconvergence pessimism                          -0.00       0.33
  clock uncertainty                                       0.10       0.43
  library hold time                                      -0.03       0.40
  data required time                                                 0.40
  ------------------------------------------------------------------------------
  data required time                                                 0.40
  data arrival time                                                 -0.51
  ------------------------------------------------------------------------------
  slack (MET)                                                        0.11


  Startpoint: u_core/core_i/ex_stage_i/alu_i/alu_div_i/ResReg_DP_reg[13]
               (rising edge-triggered flip-flop clocked by clk_i)
  Endpoint: u_core/core_i/ex_stage_i/alu_i/alu_div_i/ResReg_DP_reg[12]
               (rising edge-triggered flip-flop clocked by clk_i)
  Last common pin: u_core/core_i/ZCTSBUF_533_427/Y
  Path Group: clk_i
  Path Type: min

  Point                                                   Incr       Path
  ------------------------------------------------------------------------------
  clock clk_i (rise edge)                                 0.00       0.00
  clock network delay (propagated)                        0.26       0.26
  u_core/core_i/ex_stage_i/alu_i/alu_div_i/ResReg_DP_reg[13]/CLK (SDFFARX1_RVT)
                                                          0.00       0.26 r
  u_core/core_i/ex_stage_i/alu_i/alu_div_i/ResReg_DP_reg[13]/Q (SDFFARX1_RVT)
                                                          0.12 &     0.38 f
  u_core/core_i/U4363/Y (AND2X1_HVT)                      0.06 &     0.43 f
  u_core/core_i/ex_stage_i/alu_i/alu_div_i/ResReg_DP_reg[12]/D (SDFFARX1_RVT)
                                                          0.00 &     0.43 f
  data arrival time                                                  0.43

  clock clk_i (rise edge)                                 0.00       0.00
  clock network delay (propagated)                        0.27       0.27
  u_core/core_i/ex_stage_i/alu_i/alu_div_i/ResReg_DP_reg[12]/CLK (SDFFARX1_RVT)
                                                                     0.27 r
  clock reconvergence pessimism                          -0.01       0.26
  clock uncertainty                                       0.10       0.36
  library hold time                                      -0.04       0.32
  data required time                                                 0.32
  ------------------------------------------------------------------------------
  data required time                                                 0.32
  data arrival time                                                 -0.43
  ------------------------------------------------------------------------------
  slack (MET)                                                        0.11


  Startpoint: u_core/core_i/if_stage_i/pc_id_o_reg[21]
               (rising edge-triggered flip-flop clocked by clk_i)
  Endpoint: u_core/core_i/id_stage_i/mult_operand_a_ex_o_reg[21]
               (rising edge-triggered flip-flop clocked by clk_i)
  Last common pin: u_core/core_i/ZCTSINV_6417_432/Y
  Path Group: clk_i
  Path Type: min

  Point                                                   Incr       Path
  ------------------------------------------------------------------------------
  clock clk_i (rise edge)                                 0.00       0.00
  clock network delay (propagated)                        0.26       0.26
  u_core/core_i/if_stage_i/pc_id_o_reg[21]/CLK (SDFFARX1_RVT)
                                                          0.00       0.26 r
  u_core/core_i/if_stage_i/pc_id_o_reg[21]/Q (SDFFARX1_RVT)
                                                          0.11 &     0.37 f
  u_core/core_i/U3340/Y (NBUFFX4_HVT)                     0.07 &     0.44 f
  u_core/core_i/id_stage_i/U2956/Y (AO222X1_HVT)          0.11 &     0.55 f
  u_core/core_i/id_stage_i/mult_operand_a_ex_o_reg[21]/D (SDFFARX1_RVT)
                                                          0.00 &     0.55 f
  data arrival time                                                  0.55

  clock clk_i (rise edge)                                 0.00       0.00
  clock network delay (propagated)                        0.39       0.39
  u_core/core_i/id_stage_i/mult_operand_a_ex_o_reg[21]/CLK (SDFFARX1_RVT)
                                                                     0.39 r
  clock reconvergence pessimism                          -0.01       0.38
  clock uncertainty                                       0.10       0.48
  library hold time                                      -0.05       0.43
  data required time                                                 0.43
  ------------------------------------------------------------------------------
  data required time                                                 0.43
  data arrival time                                                 -0.55
  ------------------------------------------------------------------------------
  slack (MET)                                                        0.11


  Startpoint: u_core/core_i/ex_stage_i/alu_i/alu_div_i/ResReg_DP_reg[1]
               (rising edge-triggered flip-flop clocked by clk_i)
  Endpoint: u_core/core_i/ex_stage_i/alu_i/alu_div_i/ResReg_DP_reg[0]
               (rising edge-triggered flip-flop clocked by clk_i)
  Last common pin: u_core/core_i/ZCTSBUF_533_427/Y
  Path Group: clk_i
  Path Type: min

  Point                                                   Incr       Path
  ------------------------------------------------------------------------------
  clock clk_i (rise edge)                                 0.00       0.00
  clock network delay (propagated)                        0.26       0.26
  u_core/core_i/ex_stage_i/alu_i/alu_div_i/ResReg_DP_reg[1]/CLK (SDFFARX1_RVT)
                                                          0.00       0.26 r
  u_core/core_i/ex_stage_i/alu_i/alu_div_i/ResReg_DP_reg[1]/Q (SDFFARX1_RVT)
                                                          0.12 &     0.38 f
  u_core/core_i/U4375/Y (AND2X1_HVT)                      0.06 &     0.44 f
  u_core/core_i/ex_stage_i/alu_i/alu_div_i/ResReg_DP_reg[0]/D (SDFFARX1_RVT)
                                                          0.00 &     0.44 f
  data arrival time                                                  0.44

  clock clk_i (rise edge)                                 0.00       0.00
  clock network delay (propagated)                        0.27       0.27
  u_core/core_i/ex_stage_i/alu_i/alu_div_i/ResReg_DP_reg[0]/CLK (SDFFARX1_RVT)
                                                                     0.27 r
  clock reconvergence pessimism                          -0.01       0.26
  clock uncertainty                                       0.10       0.36
  library hold time                                      -0.03       0.32
  data required time                                                 0.32
  ------------------------------------------------------------------------------
  data required time                                                 0.32
  data arrival time                                                 -0.44
  ------------------------------------------------------------------------------
  slack (MET)                                                        0.11


  Startpoint: u_core/core_i/cs_registers_i/dscratch1_q_reg[11]
               (rising edge-triggered flip-flop clocked by clk_i)
  Endpoint: u_core/core_i/cs_registers_i/dscratch1_q_reg[11]
               (rising edge-triggered flip-flop clocked by clk_i)
  Last common pin: u_core/core_i/ZCTSBUF_1943_437/Y
  Path Group: clk_i
  Path Type: min

  Point                                                   Incr       Path
  ------------------------------------------------------------------------------
  clock clk_i (rise edge)                                 0.00       0.00
  clock network delay (propagated)                        0.33       0.33
  u_core/core_i/cs_registers_i/dscratch1_q_reg[11]/CLK (SDFFARX1_RVT)
                                                          0.00       0.33 r
  u_core/core_i/cs_registers_i/dscratch1_q_reg[11]/Q (SDFFARX1_RVT)
                                                          0.13 &     0.46 f
  u_core/core_i/cs_registers_i/U548/Y (AO22X1_HVT)        0.06 &     0.51 f
  u_core/core_i/cs_registers_i/dscratch1_q_reg[11]/D (SDFFARX1_RVT)
                                                          0.00 &     0.51 f
  data arrival time                                                  0.51

  clock clk_i (rise edge)                                 0.00       0.00
  clock network delay (propagated)                        0.34       0.34
  u_core/core_i/cs_registers_i/dscratch1_q_reg[11]/CLK (SDFFARX1_RVT)
                                                                     0.34 r
  clock reconvergence pessimism                          -0.00       0.34
  clock uncertainty                                       0.10       0.44
  library hold time                                      -0.03       0.40
  data required time                                                 0.40
  ------------------------------------------------------------------------------
  data required time                                                 0.40
  data arrival time                                                 -0.51
  ------------------------------------------------------------------------------
  slack (MET)                                                        0.11


  Startpoint: u_core/core_i/cs_registers_i/dscratch1_q_reg[3]
               (rising edge-triggered flip-flop clocked by clk_i)
  Endpoint: u_core/core_i/cs_registers_i/dscratch1_q_reg[3]
               (rising edge-triggered flip-flop clocked by clk_i)
  Last common pin: u_core/core_i/ZCTSBUF_1943_437/Y
  Path Group: clk_i
  Path Type: min

  Point                                                   Incr       Path
  ------------------------------------------------------------------------------
  clock clk_i (rise edge)                                 0.00       0.00
  clock network delay (propagated)                        0.33       0.33
  u_core/core_i/cs_registers_i/dscratch1_q_reg[3]/CLK (SDFFARX1_RVT)
                                                          0.00       0.33 r
  u_core/core_i/cs_registers_i/dscratch1_q_reg[3]/Q (SDFFARX1_RVT)
                                                          0.13 &     0.46 f
  u_core/core_i/cs_registers_i/U303/Y (AO22X1_HVT)        0.06 &     0.51 f
  u_core/core_i/cs_registers_i/dscratch1_q_reg[3]/D (SDFFARX1_RVT)
                                                          0.00 &     0.51 f
  data arrival time                                                  0.51

  clock clk_i (rise edge)                                 0.00       0.00
  clock network delay (propagated)                        0.34       0.34
  u_core/core_i/cs_registers_i/dscratch1_q_reg[3]/CLK (SDFFARX1_RVT)
                                                                     0.34 r
  clock reconvergence pessimism                          -0.00       0.33
  clock uncertainty                                       0.10       0.43
  library hold time                                      -0.03       0.40
  data required time                                                 0.40
  ------------------------------------------------------------------------------
  data required time                                                 0.40
  data arrival time                                                 -0.51
  ------------------------------------------------------------------------------
  slack (MET)                                                        0.11


  Startpoint: u_core/core_i/cs_registers_i/dscratch0_q_reg[2]
               (rising edge-triggered flip-flop clocked by clk_i)
  Endpoint: u_core/core_i/cs_registers_i/dscratch0_q_reg[2]
               (rising edge-triggered flip-flop clocked by clk_i)
  Last common pin: u_core/core_i/ZCTSBUF_1943_437/Y
  Path Group: clk_i
  Path Type: min

  Point                                                   Incr       Path
  ------------------------------------------------------------------------------
  clock clk_i (rise edge)                                 0.00       0.00
  clock network delay (propagated)                        0.33       0.33
  u_core/core_i/cs_registers_i/dscratch0_q_reg[2]/CLK (SDFFARX1_RVT)
                                                          0.00       0.33 r
  u_core/core_i/cs_registers_i/dscratch0_q_reg[2]/Q (SDFFARX1_RVT)
                                                          0.13 &     0.46 f
  u_core/core_i/cs_registers_i/U418/Y (AO22X1_HVT)        0.06 &     0.51 f
  u_core/core_i/cs_registers_i/dscratch0_q_reg[2]/D (SDFFARX1_RVT)
                                                          0.00 &     0.51 f
  data arrival time                                                  0.51

  clock clk_i (rise edge)                                 0.00       0.00
  clock network delay (propagated)                        0.34       0.34
  u_core/core_i/cs_registers_i/dscratch0_q_reg[2]/CLK (SDFFARX1_RVT)
                                                                     0.34 r
  clock reconvergence pessimism                          -0.00       0.33
  clock uncertainty                                       0.10       0.43
  library hold time                                      -0.03       0.40
  data required time                                                 0.40
  ------------------------------------------------------------------------------
  data required time                                                 0.40
  data arrival time                                                 -0.51
  ------------------------------------------------------------------------------
  slack (MET)                                                        0.11

Warning: report_timing has satisfied the max_paths criteria. There are 2295 further endpoints which have paths of interest with slack less than   100.00 that were not considered when generating this report. (UITE-502)

1
