****************************************
Report : constraint
	-all_violators
	-path slack_only
Design : cv32e40p_synth_wrap
Version: W-2024.09-SP5-3
Date   : Sun May 10 09:19:12 2026
****************************************






   max_capacitance

                             Required        Actual
   Pin                      Capacitance    Capacitance       Slack
   -----------------------------------------------------------------
   u_core/core_i/ZBUF_12_inst_3323/Y
                               16.00          24.70          -8.70  (VIOLATED)
   u_core/core_i/id_stage_i/ZBUF_54_inst_2659/Y
                               16.00          17.59          -1.59  (VIOLATED)
   u_core/core_i/id_stage_i/ZBUF_2_inst_1111/Y
                               16.00          16.49          -0.49  (VIOLATED)
   u_core/core_i/id_stage_i/U_1_PTECO_DRC_BUF236/Y
                               16.00          16.21          -0.21  (VIOLATED)
   u_core/core_i/id_stage_i/U_1_PTECO_DRC_BUF15/Y
                               32.00          32.13          -0.13  (VIOLATED)
   u_core/core_i/id_stage_i/register_file_i/mem_reg[6][21]/Q
                                8.00           8.08          -0.08  (VIOLATED)
   u_core/core_i/id_stage_i/ZBUF_866_inst_1411/Y
                               64.00          64.06          -0.06  (VIOLATED)
   u_core/core_i/id_stage_i/ZBUF_1509_inst_2753/Y
                               32.00          32.03          -0.03  (VIOLATED)
   u_core/core_i/U713/Y         8.00           8.02          -0.02  (VIOLATED)
   u_core/core_i/id_stage_i/register_file_i/mem_reg[7][3]/Q
                                8.00           8.02          -0.02  (VIOLATED)
   u_core/core_i/U3708/S        8.00           8.01          -0.01  (VIOLATED)
   u_core/core_i/id_stage_i/register_file_i/mem_reg[1][28]/Q
                                8.00           8.00           0.00  (VIOLATED: increase significant digits)
   u_core/core_i/U4177/Y       16.00          16.00           0.00  (VIOLATED: increase significant digits)


   max_transition

                             Required        Actual
   Pin                      Transition     Transition        Slack
   -----------------------------------------------------------------
   u_core/core_i/id_stage_i/U246/Y
                                0.09           0.10           0.00  (VIOLATED: increase significant digits)


1
