Warning: Use -per_clock_root option along with -type latency option to split the reporting of a clock to per clock root, so that the clock trees associated with different root pins are reported separately
 Info: Initializing timer in CLOCK_SYN_REPORT_MODE
Information: The value of option cts.compile.enable_cell_relocation has been overridden to "leaf_only" to support latency-driven placement. (CTS-973)
****************************************
Report : clock qor
        -type latency
Design : cv32e40p_synth_wrap
Version: W-2024.09-SP2
Date   : Sun May 10 02:27:30 2026
****************************************

Attributes
===========
M Master Clock
G Generated Clock
& Internal Generated Clock
U User Defined Skew Group
D Default Skew Group
* Generated Clock Balanced Separately

==============================================
==== Latency Reporting for Corner default ====
==============================================

============================================== Summary Table for Corner default ==============================================
Clock /                               Attrs     Sinks    Target    Global    Target       Max       Min    Median   Latency
Skew Group                                                 Skew      Skew   Latency   Latency   Latency   Latency   Std Dev
------------------------------------------------------------------------------------------------------------------------------
### Mode: default, Scenario: default
clk_i                                   M,D      2130      1.50      0.35        --      0.40      0.04      0.33      0.04
------------------------------------------------------------------------------------------------------------------------------
All Clocks                                       2130        --      0.35        --      0.40      0.04        --        --


  & = Offset derived from max_clock_tree_path / min_clock_tree_path
  r = latency reported is for a rising edge triggered event at the sink
  f = latency reported is for a falling edge triggered event at the sink


Showing 5 largest and 5 smallest datapoints per clock / skew group (L=largest, S=smallest)
========================================== Details Table for Corner default ==========================================
Clock /                                Sink                             Launch     Capture        Late       Early
Skew Group                             Name                            Latency     Latency      Offset      Offset
----------------------------------------------------------------------------------------------------------------------
### Mode: default, Scenario: default
clk_i
                                   L   u_core/core_i/id_stage_i/mult_signed_mode_ex_o_reg[1]/CLK
                                                                          0.40 r      0.40 r        --          --
                                   L   u_core/core_i/id_stage_i/mult_operand_a_ex_o_reg[31]/CLK
                                                                          0.40 r      0.40 r        --          --
                                   L   u_core/core_i/id_stage_i/mult_signed_mode_ex_o_reg[0]/CLK
                                                                          0.40 r      0.40 r        --          --
                                   L   u_core/core_i/id_stage_i/mult_operand_a_ex_o_reg[30]/CLK
                                                                          0.40 r      0.40 r        --          --
                                   L   u_core/core_i/id_stage_i/mult_operand_a_ex_o_reg[29]/CLK
                                                                          0.40 r      0.40 r        --          --
                                   S   u_core/core_i/sleep_unit_i/core_busy_q_reg/CLK
                                                                          0.04 r      0.04 r        --          --
                                   S   u_core/core_i/id_stage_i/controller_i/debug_req_q_reg/CLK
                                                                          0.04 r      0.04 r        --          --
                                   S   u_core/core_i/sleep_unit_i/fetch_enable_q_reg/CLK
                                                                          0.04 r      0.04 r        --          --
                                   S   u_core/core_i/id_stage_i/mhpmevent_imiss_o_reg/CLK
                                                                          0.17 r      0.17 r        --          --
                                   S   u_core/core_i/if_stage_i/instr_valid_id_o_reg/CLK
                                                                          0.17 r      0.17 r        --          --


1
