****************************************
Report : qor
Design : cv32e40p_synth_wrap
Version: W-2024.09-SP2
Date   : Sat May  9 13:31:46 2026
****************************************
Information: The RC mode used is VR for design 'cv32e40p_synth_wrap'. (NEX-022)


Scenario           'default'
Timing Path Group  '**in2reg_default**'
----------------------------------------
Levels of Logic:                     37
Critical Path Length:              3.71
Critical Path Slack:               6.11
Critical Path Clk Period:         10.00
Total Negative Slack:              0.00
No. of Violating Paths:               0
Worst Hold Violation:              0.00
Total Hold Violation:              0.00
No. of Hold Violations:               0
----------------------------------------

Scenario           'default'
Timing Path Group  '**reg2out_default**'
----------------------------------------
Levels of Logic:                     45
Critical Path Length:              4.84
Critical Path Slack:               4.06
Critical Path Clk Period:         10.00
Total Negative Slack:              0.00
No. of Violating Paths:               0
Worst Hold Violation:              0.00
Total Hold Violation:              0.00
No. of Hold Violations:               0
----------------------------------------

Scenario           'default'
Timing Path Group  '**in2out_default**'
----------------------------------------
Levels of Logic:                     22
Critical Path Length:              2.85
Critical Path Slack:               6.05
Critical Path Clk Period:         10.00
Total Negative Slack:              0.00
No. of Violating Paths:               0
Worst Hold Violation:              0.00
Total Hold Violation:              0.00
No. of Hold Violations:               0
----------------------------------------

Scenario           'default'
Timing Path Group  'clk_i'
----------------------------------------
Levels of Logic:                     54
Critical Path Length:              6.37
Critical Path Slack:               3.46
Critical Path Clk Period:         10.00
Total Negative Slack:              0.00
No. of Violating Paths:               0
Worst Hold Violation:              0.00
Total Hold Violation:              0.00
No. of Hold Violations:               0
----------------------------------------


Cell Count
----------------------------------------
Hierarchical Cell Count:             76
Hierarchical Port Count:           3622
Leaf Cell Count:                  13799
Buf/Inv Cell Count:                1569
Buf Cell Count:                     486
Inv Cell Count:                    1083
Combinational Cell Count:         11595
   Single-bit Isolation Cell Count:                        0
   Multi-bit Isolation Cell Count:                         0
   Isolation Cell Banking Ratio:                           0.00%
   Single-bit Level Shifter Cell Count:                    0
   Multi-bit Level Shifter Cell Count:                     0
   Level Shifter Cell Banking Ratio:                       0.00%
   Single-bit ELS Cell Count:                              0
   Multi-bit ELS Cell Count:                               0
   ELS Cell Banking Ratio:                                 0.00%
Sequential Cell Count:             2204
   Integrated Clock-Gating Cell Count:                     74
   Sequential Macro Cell Count:                            0
   Single-bit Sequential Cell Count:                       2130
   Multi-bit Sequential Cell Count:                        0
   Sequential Cell Banking Ratio:                          0.00%
   BitsPerflop:                                            1.00
Macro Count:                          0
----------------------------------------


Area
----------------------------------------
Combinational Area:            29514.25
Noncombinational Area:         19920.32
Buf/Inv Area:                   2458.84
Total Buffer Area:              1064.36
Total Inverter Area:            1394.49
Macro/Black Box Area:              0.00
Net Area:                             0
Net XLength:                   85077.27
Net YLength:                   64017.60
----------------------------------------
Cell Area (netlist):                          49434.57
Cell Area (netlist and physical only):        49434.57
Net Length:                   149094.88


Design Rules
----------------------------------------
Total Number of Nets:             16383
Nets with Violations:               518
Max Trans Violations:               115
Max Cap Violations:                 518
----------------------------------------

1
