****************************************
Report : Report drc errors
Design : cv32e40p_synth_wrap
Data   : zroute.err
Type   : error_type
Version: W-2024.09-SP2
Date   : Sat May  9 01:55:29 2026
****************************************

ErrorSet                                    Total   Visible     Fixed   Ignored
--------------------------------------------------------------------------------
Design : cv32e40p_synth_wrap                380     380         0       0
      Data : zroute.err                     380     380         0       0
            Diff net spacing                109     109         0       0
                M1 (11)                     107     107         0       0
                M2 (13)                     2       2           0       0
            Less than minimum area          4       4           0       0
                M2 (13)                     4       4           0       0
            Needs fat contact               103     103         0       0
                M1 (11)-M2 (13)             103     103         0       0
            Off-grid                        158     158         0       0
                M1 (11)                     4       4           0       0
                M2 (13)                     74      74          0       0
                VIA1 (12)                   80      80          0       0
            Same net spacing                1       1           0       0
                M2 (13)                     1       1           0       0
            Short                           5       5           0       0
                M1 (11)                     4       4           0       0
                M3 (15)                     1       1           0       0
1
