****************************************
Report : Report drc errors
Design : cv32e40p_synth_wrap
Data   : zroute.err
Type   : matrix
Version: W-2024.09-SP2
Date   : Sat May  9 01:55:29 2026
****************************************

                       | M1    M1-M2   M2   M3  VIA1  | TOTALS BY TYPE
-------------------------------------------------------------------------
Diff net spacing       | 107   -       2    -   -     | 109
Less than minimum area | -     -       4    -   -     | 4
Needs fat contact      | -     103     -    -   -     | 103
Off-grid               | 4     -       74   -   80    | 158
Same net spacing       | -     -       1    -   -     | 1
Short                  | 4     -       -    1   -     | 5
-------------------------------------------------------------------------
                       | M1    M1-M2   M2   M3  VIA1  | 380
TOTALS BY LAYER        | 115   103     81   1   80    |
1
