Warning: Cell contains tie connections which are not connected to real PG. (ZRT-511)
Cell Min-Routing-Layer = M1
Cell Max-Routing-Layer = M8
Turn off antenna since no rule is specified
Information: Option route.detail.force_end_on_preferred_grid will be ignored since none of the layers have preferred grid. (ZRT-703)
Warning: Cannot find a default contact code for layer CO. (ZRT-022)
Warning: Port VDD of cell cv32e40p_synth_wrap is unplaced.  This may impact routing result. (ZRT-740)
Warning: Port VSS of cell cv32e40p_synth_wrap is unplaced.  This may impact routing result. (ZRT-740)
Warning: Ignore 2 top cell ports with no pins. (ZRT-027)
Skipping 6 internal pins that are not physical. Set route.common.verbose_level to > 0 and run routing command to get skipped pin names.
Info: number of net_type_blockage: 0 
Information: Via ladder engine would be activated for pattern must join connection in certain commands. Please refer to man-page for the command list. (ZRT-619)
Information: When applicable Min-max layer allow_pin_connection mode will allow paths of length 5.32 outside the layer range. (ZRT-707)
Information: When applicable Min-max layer allow_pin_connection mode will allow paths of length 5.32 outside the layer range on clock nets. (ZRT-718)
Information: When applicable layer based tapering will taper up to 0.00 in distance from the pin. (ZRT-706)
Warning: Standard cell pin MUX41X2_HVT/S0 has no valid via regions. (ZRT-044)


Start checking for open nets ... 

Total number of nets = 18618, of which 0 are not extracted
Total number of open nets = 0, of which 0 are frozen

Check 18618 nets, 0 have Errors

[CHECK OPEN NETS] Elapsed real time: 0:00:00 
[CHECK OPEN NETS] Elapsed cpu  time: sys=0:00:00 usr=0:00:00 total=0:00:00
[CHECK OPEN NETS] Stage (MB): Used    0  Alloctr    0  Proc    0 
[CHECK OPEN NETS] Total (MB): Used   62  Alloctr   63  Proc 5249 
Printing options for 'route.common.*'

Printing options for 'route.detail.*'
detail.drc_convergence_effort_level                     :	 high                
detail.generate_extra_off_grid_pin_tracks               :	 true                
detail.optimize_wire_via_effort_level                   :	 high                

Printing options for 'route.auto_via_ladder.*'


Begin full DRC check ...

Information: Using 1 threads for routing. (ZRT-444)
Checked	1/25 Partitions, Violations =	8
Checked	2/25 Partitions, Violations =	9
Checked	3/25 Partitions, Violations =	9
Checked	4/25 Partitions, Violations =	9
Checked	5/25 Partitions, Violations =	9
Checked	6/25 Partitions, Violations =	12
Checked	7/25 Partitions, Violations =	14
Checked	8/25 Partitions, Violations =	42
Checked	9/25 Partitions, Violations =	42
Checked	10/25 Partitions, Violations =	42
Checked	11/25 Partitions, Violations =	47
Checked	12/25 Partitions, Violations =	47
Checked	13/25 Partitions, Violations =	52
Checked	14/25 Partitions, Violations =	52
Checked	15/25 Partitions, Violations =	69
Checked	16/25 Partitions, Violations =	71
Checked	17/25 Partitions, Violations =	77
Checked	18/25 Partitions, Violations =	79
Checked	19/25 Partitions, Violations =	80
Checked	20/25 Partitions, Violations =	85
Checked	21/25 Partitions, Violations =	85
Checked	22/25 Partitions, Violations =	95
Checked	23/25 Partitions, Violations =	97
Checked	24/25 Partitions, Violations =	109
Checked	25/25 Partitions, Violations =	109
[DRC CHECK] Elapsed real time: 0:00:07 
[DRC CHECK] Elapsed cpu  time: sys=0:00:00 usr=0:00:07 total=0:00:07
[DRC CHECK] Stage (MB): Used    0  Alloctr    0  Proc    0 
[DRC CHECK] Total (MB): Used  156  Alloctr  157  Proc 5249 
Warning: No antenna rules defined, Skip antenna analysis. (ZRT-309)

DRC-SUMMARY:
	@@@@@@@ TOTAL VIOLATIONS =	109
	Diff net spacing : 2
	Off-grid : 106
	Short : 1


Total Wire Length =                    739812 micron
Total Number of Contacts =             183564
Total Number of Wires =                194136
Total Number of PtConns =              22124
Total Number of Routed Wires =       194089
Total Routed Wire Length =           737276 micron
Total Number of Routed Contacts =       183564
	Layer                 M1 :      40585 micron
	Layer                 M2 :     210582 micron
	Layer                 M3 :     177965 micron
	Layer                 M4 :     131733 micron
	Layer                 M5 :      88751 micron
	Layer                 M6 :      45791 micron
	Layer                 M7 :      33920 micron
	Layer                 M8 :       7949 micron
	Layer                 M9 :          0 micron
	Layer               MRDL :          0 micron
	Via            VIA78SQ_C :        300
	Via       VIA67SQ_C(rot) :       2176
	Via            VIA56SQ_C :       3649
	Via            VIA45SQ_C :          1
	Via       VIA45SQ_C(rot) :      10719
	Via            VIA34SQ_C :      18074
	Via       VIA34SQ_C(rot) :        170
	Via            VIA23SQ_C :       1089
	Via       VIA23SQ_C(rot) :      71733
	Via            VIA12SQ_C :      70696
	Via       VIA12SQ_C(rot) :       3061
	Via        VIA12SQ_C_2x1 :       1462
	Via   VIA12SQ_C(rot)_2x1 :          6
	Via        VIA12SQ_C_1x2 :        318
	Via          VIA12SQ_2x1 :         12
	Via     VIA12SQ(rot)_2x1 :         35
	Via          VIA12SQ_1x2 :         63

 
Redundant via conversion report:
--------------------------------

  Total optimized via conversion rate =  1.03% (1896 / 183564 vias)
 
    Layer VIA1       =  2.51% (1896   / 75653   vias)
        Weight 1     =  2.51% (1896    vias)
        Un-optimized =  0.00% (0       vias)
        Un-mapped    = 97.49% (73757   vias)
    Layer VIA2       =  0.00% (0      / 72822   vias)
        Un-optimized =  0.00% (0       vias)
        Un-mapped    = 100.00% (72822   vias)
    Layer VIA3       =  0.00% (0      / 18244   vias)
        Un-optimized =  0.00% (0       vias)
        Un-mapped    = 100.00% (18244   vias)
    Layer VIA4       =  0.00% (0      / 10720   vias)
        Un-optimized =  0.00% (0       vias)
        Un-mapped    = 100.00% (10720   vias)
    Layer VIA5       =  0.00% (0      / 3649    vias)
        Un-optimized =  0.00% (0       vias)
        Un-mapped    = 100.00% (3649    vias)
    Layer VIA6       =  0.00% (0      / 2176    vias)
        Un-optimized =  0.00% (0       vias)
        Un-mapped    = 100.00% (2176    vias)
    Layer VIA7       =  0.00% (0      / 300     vias)
        Un-optimized =  0.00% (0       vias)
        Un-mapped    = 100.00% (300     vias)
 
  Total double via conversion rate    =  1.03% (1896 / 183564 vias)
 
    Layer VIA1       =  2.51% (1896   / 75653   vias)
    Layer VIA2       =  0.00% (0      / 72822   vias)
    Layer VIA3       =  0.00% (0      / 18244   vias)
    Layer VIA4       =  0.00% (0      / 10720   vias)
    Layer VIA5       =  0.00% (0      / 3649    vias)
    Layer VIA6       =  0.00% (0      / 2176    vias)
    Layer VIA7       =  0.00% (0      / 300     vias)
 
  The optimized via conversion rate based on total routed via count =  1.03% (1896 / 183564 vias)
 
    Layer VIA1       =  2.51% (1896   / 75653   vias)
        Weight 1     =  2.51% (1896    vias)
        Un-optimized =  0.00% (0       vias)
        Un-mapped    = 97.49% (73757   vias)
    Layer VIA2       =  0.00% (0      / 72822   vias)
        Un-optimized =  0.00% (0       vias)
        Un-mapped    = 100.00% (72822   vias)
    Layer VIA3       =  0.00% (0      / 18244   vias)
        Un-optimized =  0.00% (0       vias)
        Un-mapped    = 100.00% (18244   vias)
    Layer VIA4       =  0.00% (0      / 10720   vias)
        Un-optimized =  0.00% (0       vias)
        Un-mapped    = 100.00% (10720   vias)
    Layer VIA5       =  0.00% (0      / 3649    vias)
        Un-optimized =  0.00% (0       vias)
        Un-mapped    = 100.00% (3649    vias)
    Layer VIA6       =  0.00% (0      / 2176    vias)
        Un-optimized =  0.00% (0       vias)
        Un-mapped    = 100.00% (2176    vias)
    Layer VIA7       =  0.00% (0      / 300     vias)
        Un-optimized =  0.00% (0       vias)
        Un-mapped    = 100.00% (300     vias)
 


Verify Summary:

Total number of nets = 18618, of which 0 are not extracted
Total number of open nets = 0, of which 0 are frozen
Total number of excluded ports = 0 ports of 0 unplaced cells connected to 0 nets
                                 0 ports without pins of 0 cells connected to 0 nets
                                 0 ports of 0 cover cells connected to 0 non-pg nets
Total number of DRCs = 109
Total number of antenna violations = no antenna rules defined
Total number of tie to rail violations = not checked
Total number of tie to rail directly violations = not checked


