****************************************
Report : qor
Design : cv32e40p_synth_wrap
Version: W-2024.09-SP2
Date   : Fri May  8 23:58:36 2026
****************************************
Information: The stitching and editing of coupling caps is turned OFF for design 'cv32e40p_icc2_lib:cv32e40p_synth_wrap.design'. (TIM-125)
Information: Design cv32e40p_synth_wrap has 18460 nets, 0 global routed, 18458 detail routed. (NEX-024)
Information: The RC mode used is DR for design 'cv32e40p_synth_wrap'. (NEX-022)
---extraction options---
Corner: default
Global options:
 reference_direction       : use_from_tluplus
 real_metalfill_extraction : none
 virtual_shield_extraction : true
---app options---
 host.max_cores                   : 1
 extract.connect_open           : true
 extract.enable_coupling_cap    : false
Extracting design: cv32e40p_synth_wrap 
Information: coupling capacitance is lumped to ground. (NEX-030)
Information: 18458 nets are successfully extracted. (NEX-028)
Warning: Advanced receiver model has not been enabled for detailed routed design. (TIM-204)
Information: Update timing completed net estimation for all the timing graph nets (TIM-111)
Information: Net estimation statistics: timing graph nets = 18458, routed nets = 18458, across physical hierarchy nets = 0, parasitics cached nets = 18458, delay annotated nets = 0, parasitics annotated nets = 0, multi-voltage nets = 0. (TIM-112)


Scenario           'default'
Timing Path Group  '**in2reg_default**'
----------------------------------------
Levels of Logic:                     37
Critical Path Length:              4.07
Critical Path Slack:               5.72
Critical Path Clk Period:         10.00
Total Negative Slack:              0.00
No. of Violating Paths:               0
Worst Hold Violation:              0.00
Total Hold Violation:              0.00
No. of Hold Violations:               0
----------------------------------------

Scenario           'default'
Timing Path Group  '**reg2out_default**'
----------------------------------------
Levels of Logic:                     49
Critical Path Length:              5.48
Critical Path Slack:               3.40
Critical Path Clk Period:         10.00
Total Negative Slack:              0.00
No. of Violating Paths:               0
Worst Hold Violation:              0.00
Total Hold Violation:              0.00
No. of Hold Violations:               0
----------------------------------------

Scenario           'default'
Timing Path Group  '**in2out_default**'
----------------------------------------
Levels of Logic:                     22
Critical Path Length:              3.21
Critical Path Slack:               5.67
Critical Path Clk Period:         10.00
Total Negative Slack:              0.00
No. of Violating Paths:               0
Worst Hold Violation:              0.00
Total Hold Violation:              0.00
No. of Hold Violations:               0
----------------------------------------

Scenario           'default'
Timing Path Group  'clk_i'
----------------------------------------
Levels of Logic:                     65
Critical Path Length:              7.47
Critical Path Slack:               2.33
Critical Path Clk Period:         10.00
Total Negative Slack:              0.00
No. of Violating Paths:               0
Worst Hold Violation:              0.00
Total Hold Violation:              0.00
No. of Hold Violations:               0
----------------------------------------


Cell Count
----------------------------------------
Hierarchical Cell Count:             76
Hierarchical Port Count:           3935
Leaf Cell Count:                  17453
Buf/Inv Cell Count:                5133
Buf Cell Count:                    3837
Inv Cell Count:                    1296
Combinational Cell Count:         15249
   Single-bit Isolation Cell Count:                        0
   Multi-bit Isolation Cell Count:                         0
   Isolation Cell Banking Ratio:                           0.00%
   Single-bit Level Shifter Cell Count:                    0
   Multi-bit Level Shifter Cell Count:                     0
   Level Shifter Cell Banking Ratio:                       0.00%
   Single-bit ELS Cell Count:                              0
   Multi-bit ELS Cell Count:                               0
   ELS Cell Banking Ratio:                                 0.00%
Sequential Cell Count:             2204
   Integrated Clock-Gating Cell Count:                     74
   Sequential Macro Cell Count:                            0
   Single-bit Sequential Cell Count:                       2130
   Multi-bit Sequential Cell Count:                        0
   Sequential Cell Banking Ratio:                          0.00%
   BitsPerflop:                                            1.00
Macro Count:                          0
----------------------------------------


Area
----------------------------------------
Combinational Area:            38609.81
Noncombinational Area:         20005.71
Buf/Inv Area:                  11376.76
Total Buffer Area:              9422.39
Total Inverter Area:            1954.37
Macro/Black Box Area:              0.00
Net Area:                             0
Net XLength:                  379193.19
Net YLength:                  440171.32
----------------------------------------
Cell Area (netlist):                          58615.52
Cell Area (netlist and physical only):        58615.52
Net Length:                   819364.52


Design Rules
----------------------------------------
Total Number of Nets:             19884
Nets with Violations:               328
Max Trans Violations:                10
Max Cap Violations:                 328
----------------------------------------

1
