****************************************
Report : app_option
Design : NO_DESIGN
Version: W-2024.09-SP2
Date   : Sun May 10 09:10:55 2026
****************************************
Name                                                  Type       Value      User-value   User-default System-default Scope      Status     Source
----------------------------------------------------- ---------- ---------- ------------ ------------ -------------- ---------- ---------- ----------
clock_opt.flow.enable_global_route_opt                bool       --         --           --           --             block      obsolete   --
dpx.route_opt.distribution_effort_level               enum       ultra      --           --           ultra          global     normal     --
dpx.route_opt.high_capacity_workers                   enum       ultra      --           --           ultra          global     normal     --
pin_check.route.route_option_file                     string     --         --           --           --             global     normal     --
route.global.force_rerun_after_global_route_opt       bool       --         --           --           false          block      deprecated --
route_opt.flow.enable_ccd                             bool       --         --           --           false          block      normal     --
route_opt.flow.enable_ccd_clock_drc_fixing            enum       --         --           --           auto           block      normal     --
route_opt.flow.enable_clock_power_recovery            string     --         --           --           auto           block      normal     --
route_opt.flow.enable_irdrivenopt                     bool       --         --           --           false          block      normal     --
route_opt.flow.enable_ldrc_driver_side_buffer_filters bool       --         --           --           false          block      normal     --
route_opt.flow.enable_ml_opto                         bool       --         --           --           false          block      normal     --
route_opt.flow.enable_multi_vector_ccd_pba_tns        bool       --         --           --           false          block      normal     --
route_opt.flow.enable_multi_vector_ccd_pba_wns        bool       --         --           --           false          block      normal     --
route_opt.flow.enable_multibit_debanking              bool       --         --           --           false          block      normal     --
route_opt.flow.enable_new_pba_optimization            bool       --         --           --           true           block      normal     --
route_opt.flow.enable_noise_closure                   bool       --         --           --           false          block      normal     --
route_opt.flow.enable_power                           bool       --         --           --           true           block      normal     --
route_opt.flow.enable_targeted_ccd_wns_optimization   bool       --         --           --           false          block      normal     --
route_opt.flow.enable_voltage_drop_opt_ccd            bool       --         --           --           false          block      normal     --
route_opt.flow.size_only_mode                         string     --         --           --           --             block      normal     --
----------------------------------------------------- ---------- ---------- ------------ ------------ -------------- ---------- ---------- ----------

There are additional internal differences.
1
