rank|pin|required|actual|slack
1|u_core/core_i/id_stage_i/ZBUF_347_inst_995/Y|32.00|54.87|-22.87
2|u_core/core_i/id_stage_i/U291/Y|82.00|103.03|-21.03
3|u_core/core_i/id_stage_i/ZBUF_47_inst_2665/Y|32.00|51.74|-19.74
4|u_core/core_i/id_stage_i/ZBUF_47_inst_1866/Y|32.00|51.32|-19.32
5|u_core/core_i/id_stage_i/ZBUF_39_inst_2438/Y|32.00|51.27|-19.27
6|u_core/core_i/id_stage_i/ZBUF_51_inst_3563/Y|32.00|50.66|-18.66
7|u_core/core_i/id_stage_i/ZBUF_632_inst_1385/Y|32.00|49.09|-17.09
8|u_core/core_i/id_stage_i/U2788/Y|32.00|49.00|-17.00
9|u_core/core_i/id_stage_i/ZBUF_979_inst_1635/Y|82.00|98.17|-16.17
10|u_core/core_i/id_stage_i/ZBUF_1293_inst_1072/Y|82.00|96.92|-14.92
11|u_core/core_i/id_stage_i/ZBUF_110_inst_3271/Y|32.00|46.81|-14.81
12|u_core/core_i/id_stage_i/ZBUF_37_inst_3416/Y|32.00|46.79|-14.79
13|u_core/core_i/ZBUF_364_inst_2616/Y|32.00|46.76|-14.76
14|u_core/core_i/id_stage_i/ZBUF_42_inst_1827/Y|32.00|46.71|-14.71
15|u_core/core_i/id_stage_i/ZBUF_9_inst_3015/Y|16.00|30.28|-14.28
16|u_core/core_i/id_stage_i/ZBUF_117_inst_3362/Y|32.00|45.88|-13.88
17|u_core/core_i/id_stage_i/ZBUF_2_inst_1111/Y|16.00|29.75|-13.75
18|u_core/core_i/id_stage_i/U2806/Y|32.00|45.68|-13.68
19|u_core/core_i/cs_registers_i/ZBUF_12_inst_2959/Y|32.00|45.50|-13.50
20|u_core/core_i/id_stage_i/ZBUF_69_inst_3515/Y|16.00|29.21|-13.21
21|u_core/core_i/id_stage_i/ZBUF_185_inst_3069/Y|32.00|45.17|-13.17
22|u_core/core_i/id_stage_i/ZBUF_42_inst_2974/Y|16.00|29.15|-13.15
23|u_core/core_i/ZBUF_231_inst_947/Y|32.00|45.01|-13.01
24|u_core/core_i/id_stage_i/ZBUF_39_inst_3518/Y|32.00|44.58|-12.58
25|u_core/core_i/ZBUF_194_inst_2934/Y|16.00|28.18|-12.18
26|u_core/core_i/id_stage_i/ZBUF_83_inst_3477/Y|32.00|43.92|-11.92
27|u_core/core_i/ZBUF_241_inst_1327/Y|32.00|43.79|-11.79
28|u_core/core_i/id_stage_i/ZBUF_5_inst_3658/Y|16.00|27.73|-11.73
29|u_core/core_i/id_stage_i/ZBUF_56_inst_2775/Y|16.00|27.56|-11.56
30|u_core/core_i/id_stage_i/ZBUF_62_inst_2977/Y|16.00|27.13|-11.13
31|u_core/core_i/id_stage_i/ZBUF_938_inst_3853/Y|32.00|43.09|-11.09
32|u_core/core_i/ZBUF_69_inst_1768/Y|16.00|26.88|-10.88
33|u_core/core_i/id_stage_i/ZBUF_37_inst_3347/Y|32.00|42.73|-10.73
34|u_core/core_i/id_stage_i/ZBUF_5_inst_3014/Y|16.00|26.48|-10.48
35|u_core/core_i/U920/Y|16.00|26.38|-10.38
36|u_core/core_i/id_stage_i/ZBUF_5_inst_2247/Y|16.00|26.31|-10.31
37|u_core/core_i/ZBUF_114_inst_3510/Y|32.00|42.15|-10.15
38|u_core/core_i/id_stage_i/ZBUF_117_inst_3148/Y|32.00|42.08|-10.08
39|u_core/core_i/U2887/Y|16.00|26.03|-10.03
40|u_core/core_i/id_stage_i/ZBUF_81_inst_3770/Y|16.00|25.94|-9.94
41|u_core/core_i/U3523/Y|32.00|41.93|-9.93
42|u_core/core_i/id_stage_i/U2905/Y|16.00|25.93|-9.93
43|ZBUF_68_inst_1926/Y|32.00|41.89|-9.89
44|u_core/core_i/id_stage_i/ZBUF_62_inst_2884/Y|16.00|25.82|-9.82
45|u_core/core_i/id_stage_i/ZBUF_5_inst_3683/Y|16.00|25.56|-9.56
46|u_core/core_i/cs_registers_i/ZBUF_41_inst_3288/Y|32.00|41.55|-9.55
47|u_core/core_i/id_stage_i/ZBUF_161_inst_2981/Y|32.00|41.47|-9.47
48|u_core/core_i/id_stage_i/ZBUF_37_inst_2886/Y|32.00|41.38|-9.38
49|u_core/core_i/id_stage_i/U3091/Y|32.00|41.33|-9.33
50|u_core/core_i/id_stage_i/ZBUF_54_inst_2659/Y|16.00|25.30|-9.30
51|u_core/core_i/id_stage_i/U267/Y|64.00|73.28|-9.28
52|u_core/core_i/id_stage_i/ZBUF_133_inst_3220/Y|32.00|41.27|-9.27
53|u_core/core_i/id_stage_i/ZBUF_37_inst_2673/Y|32.00|41.22|-9.22
54|u_core/core_i/id_stage_i/ZBUF_545_inst_1855/Y|32.00|41.17|-9.17
55|u_core/core_i/cs_registers_i/ZBUF_12_inst_2650/Y|32.00|41.17|-9.17
56|u_core/core_i/id_stage_i/U2694/Y|32.00|41.06|-9.06
57|u_core/core_i/id_stage_i/ZBUF_1094_inst_1261/Y|64.00|72.97|-8.97
58|u_core/core_i/ZBUF_32_inst_1566/Y|32.00|40.79|-8.79
59|u_core/core_i/id_stage_i/U1185/Y|82.00|90.71|-8.71
60|u_core/core_i/ZBUF_12_inst_3323/Y|16.00|24.70|-8.70
61|u_core/core_i/id_stage_i/ZBUF_47_inst_3568/Y|32.00|40.49|-8.49
62|u_core/core_i/U3440/S|16.00|24.38|-8.38
63|u_core/core_i/id_stage_i/ZBUF_77_inst_3045/Y|16.00|24.24|-8.24
64|u_core/core_i/id_stage_i/ZBUF_49_inst_3725/Y|16.00|24.15|-8.15
65|u_core/core_i/id_stage_i/ZBUF_28_inst_2310/Y|32.00|40.00|-8.00
66|u_core/core_i/id_stage_i/U2704/Y|32.00|39.77|-7.77
67|u_core/core_i/id_stage_i/ZBUF_1034_inst_1182/Y|82.00|89.77|-7.77
68|u_core/core_i/id_stage_i/ZBUF_37_inst_2444/Y|32.00|39.72|-7.72
69|u_core/core_i/cs_registers_i/ZBUF_16_inst_2143/Y|32.00|39.55|-7.55
70|u_core/core_i/id_stage_i/ZBUF_28_inst_2887/Y|32.00|39.47|-7.47
71|u_core/core_i/id_stage_i/ZBUF_803_inst_3895/Y|32.00|39.24|-7.24
72|u_core/core_i/id_stage_i/ZBUF_42_inst_2556/Y|32.00|39.21|-7.21
73|u_core/core_i/id_stage_i/ZBUF_24_inst_1140/Y|16.00|23.13|-7.13
74|u_core/core_i/id_stage_i/U4010/Y|32.00|39.05|-7.05
75|u_core/core_i/ZBUF_147_inst_1955/Y|16.00|23.01|-7.01
76|u_core/core_i/id_stage_i/ZBUF_66_inst_2019/Y|32.00|38.98|-6.98
77|u_core/core_i/id_stage_i/U1667/Y|64.00|70.92|-6.92
78|u_core/core_i/cs_registers_i/ZBUF_9_inst_2423/Y|32.00|38.89|-6.89
79|u_core/core_i/U645/Y|8.00|14.89|-6.89
80|u_core/core_i/id_stage_i/U2977/Y|16.00|22.73|-6.73
81|u_core/core_i/id_stage_i/ZBUF_5_inst_3590/Y|16.00|22.68|-6.68
82|u_core/core_i/id_stage_i/ZBUF_61_inst_2668/Y|32.00|38.65|-6.65
83|u_core/core_i/ZBUF_168_inst_2096/Y|32.00|38.53|-6.53
84|ZBUF_219_inst_1129/Y|32.00|38.52|-6.52
85|u_core/core_i/U329/Y|32.00|38.45|-6.45
86|u_core/core_i/id_stage_i/ZBUF_1463_inst_3267/Y|32.00|38.34|-6.34
87|u_core/core_i/id_stage_i/U2882/Y|16.00|22.32|-6.32
88|u_core/core_i/id_stage_i/ZBUF_47_inst_3750/Y|32.00|38.26|-6.26
89|u_core/core_i/U2793/Y|16.00|22.15|-6.15
90|u_core/core_i/id_stage_i/ZBUF_532_inst_3642/Y|32.00|38.02|-6.02
91|u_core/core_i/id_stage_i/U3078/Y|32.00|37.82|-5.82
92|u_core/core_i/id_stage_i/ZBUF_54_inst_2799/Y|16.00|21.81|-5.81
93|u_core/core_i/ZBUF_12_inst_1746/Y|16.00|21.77|-5.77
94|u_core/core_i/id_stage_i/ZBUF_53_inst_2664/Y|32.00|37.65|-5.65
95|u_core/core_i/id_stage_i/ZBUF_39_inst_2777/Y|32.00|37.62|-5.62
96|u_core/core_i/U3435/Y|32.00|37.61|-5.61
97|u_core/core_i/id_stage_i/ZBUF_533_inst_2477/Y|16.00|21.42|-5.42
98|u_core/core_i/ZBUF_886_inst_967/Y|32.00|37.41|-5.41
99|u_core/core_i/id_stage_i/ZBUF_65_inst_3775/Y|16.00|21.35|-5.35
100|u_core/core_i/id_stage_i/U2800/Y|32.00|37.35|-5.35
