rank|pin|required|actual|slack
1|u_core/core_i/id_stage_i/ZBUF_347_inst_995/Y|32.00|48.45|-16.45
2|u_core/core_i/id_stage_i/ZBUF_47_inst_2665/Y|32.00|45.43|-13.43
3|u_core/core_i/id_stage_i/ZBUF_47_inst_1866/Y|32.00|44.68|-12.68
4|u_core/core_i/id_stage_i/ZBUF_39_inst_2438/Y|32.00|44.52|-12.52
5|u_core/core_i/id_stage_i/ZBUF_51_inst_3563/Y|32.00|44.51|-12.51
6|u_core/core_i/id_stage_i/ZBUF_632_inst_1385/Y|32.00|43.15|-11.15
7|u_core/core_i/id_stage_i/U2788/Y|32.00|43.04|-11.04
8|u_core/core_i/id_stage_i/ZBUF_9_inst_3015/Y|16.00|26.63|-10.63
9|u_core/core_i/id_stage_i/U291/Y|82.00|92.32|-10.32
10|u_core/core_i/id_stage_i/ZBUF_2_inst_1111/Y|16.00|25.85|-9.85
11|u_core/core_i/id_stage_i/ZBUF_69_inst_3515/Y|16.00|25.78|-9.78
12|u_core/core_i/id_stage_i/ZBUF_42_inst_2974/Y|16.00|25.75|-9.75
13|u_core/core_i/ZBUF_364_inst_2616/Y|32.00|41.72|-9.72
14|u_core/core_i/id_stage_i/ZBUF_110_inst_3271/Y|32.00|41.49|-9.49
15|u_core/core_i/id_stage_i/ZBUF_37_inst_3416/Y|32.00|41.29|-9.29
16|u_core/core_i/ZBUF_194_inst_2934/Y|16.00|24.90|-8.90
17|u_core/core_i/id_stage_i/ZBUF_42_inst_1827/Y|32.00|40.52|-8.52
18|u_core/core_i/id_stage_i/U2806/Y|32.00|40.29|-8.29
19|u_core/core_i/id_stage_i/ZBUF_56_inst_2775/Y|16.00|24.24|-8.24
20|u_core/core_i/id_stage_i/ZBUF_5_inst_3658/Y|16.00|24.12|-8.12
21|u_core/core_i/cs_registers_i/ZBUF_12_inst_2959/Y|32.00|40.00|-8.00
22|u_core/core_i/id_stage_i/ZBUF_117_inst_3362/Y|32.00|39.93|-7.93
23|u_core/core_i/ZBUF_231_inst_947/Y|32.00|39.89|-7.89
24|u_core/core_i/id_stage_i/ZBUF_62_inst_2977/Y|16.00|23.79|-7.79
25|u_core/core_i/ZBUF_69_inst_1768/Y|16.00|23.64|-7.64
26|u_core/core_i/id_stage_i/ZBUF_185_inst_3069/Y|32.00|39.55|-7.55
27|u_core/core_i/U920/Y|16.00|23.33|-7.33
28|u_core/core_i/id_stage_i/ZBUF_39_inst_3518/Y|32.00|39.13|-7.13
29|u_core/core_i/id_stage_i/ZBUF_81_inst_3770/Y|16.00|22.99|-6.99
30|u_core/core_i/id_stage_i/ZBUF_5_inst_3014/Y|16.00|22.99|-6.99
31|u_core/core_i/id_stage_i/ZBUF_5_inst_2247/Y|16.00|22.95|-6.95
32|u_core/core_i/ZBUF_241_inst_1327/Y|32.00|38.93|-6.93
33|u_core/core_i/id_stage_i/ZBUF_62_inst_2884/Y|16.00|22.92|-6.92
34|u_core/core_i/U2887/Y|16.00|22.88|-6.88
35|u_core/core_i/id_stage_i/ZBUF_83_inst_3477/Y|32.00|38.55|-6.55
36|u_core/core_i/id_stage_i/ZBUF_5_inst_3683/Y|16.00|22.32|-6.32
37|u_core/core_i/id_stage_i/ZBUF_54_inst_2659/Y|16.00|22.21|-6.21
38|u_core/core_i/id_stage_i/U2905/Y|16.00|21.87|-5.87
39|u_core/core_i/id_stage_i/ZBUF_37_inst_3347/Y|32.00|37.51|-5.51
40|u_core/core_i/id_stage_i/ZBUF_979_inst_1635/Y|82.00|87.37|-5.37
41|u_core/core_i/U645/Y|8.00|13.34|-5.34
42|u_core/core_i/id_stage_i/ZBUF_938_inst_3853/Y|32.00|37.33|-5.33
43|u_core/core_i/id_stage_i/ZBUF_77_inst_3045/Y|16.00|21.32|-5.32
44|u_core/core_i/id_stage_i/ZBUF_49_inst_3725/Y|16.00|21.21|-5.21
45|u_core/core_i/U3523/Y|32.00|37.03|-5.03
46|u_core/core_i/ZBUF_12_inst_3323/Y|16.00|21.02|-5.02
47|u_core/core_i/U3440/S|16.00|20.93|-4.93
48|u_core/core_i/ZBUF_114_inst_3510/Y|32.00|36.90|-4.90
49|u_core/core_i/id_stage_i/ZBUF_117_inst_3148/Y|32.00|36.61|-4.61
50|u_core/core_i/id_stage_i/ZBUF_1293_inst_1072/Y|82.00|86.59|-4.59
51|u_core/core_i/id_stage_i/ZBUF_24_inst_1140/Y|16.00|20.35|-4.35
52|ZBUF_68_inst_1926/Y|32.00|36.33|-4.33
53|u_core/core_i/cs_registers_i/ZBUF_41_inst_3288/Y|32.00|36.29|-4.29
54|u_core/core_i/ZBUF_147_inst_1955/Y|16.00|20.20|-4.20
55|u_core/core_i/id_stage_i/U2694/Y|32.00|36.16|-4.16
56|u_core/core_i/id_stage_i/U3091/Y|32.00|36.15|-4.15
57|u_core/core_i/id_stage_i/ZBUF_161_inst_2981/Y|32.00|36.07|-4.07
58|u_core/core_i/id_stage_i/ZBUF_545_inst_1855/Y|32.00|36.01|-4.01
59|u_core/core_i/cs_registers_i/ZBUF_12_inst_2650/Y|32.00|36.01|-4.01
60|u_core/core_i/ZBUF_32_inst_1566/Y|32.00|35.84|-3.84
61|u_core/core_i/id_stage_i/U2704/Y|32.00|35.78|-3.78
62|u_core/core_i/id_stage_i/U2882/Y|16.00|19.78|-3.78
63|u_core/core_i/id_stage_i/ZBUF_133_inst_3220/Y|32.00|35.75|-3.75
64|u_core/core_i/U2793/Y|16.00|19.69|-3.69
65|u_core/core_i/id_stage_i/ZBUF_37_inst_2673/Y|32.00|35.66|-3.66
66|u_core/core_i/U1462/Y|8.00|11.62|-3.62
67|u_core/core_i/id_stage_i/ZBUF_47_inst_3568/Y|32.00|35.55|-3.55
68|u_core/core_i/id_stage_i/U4010/Y|32.00|35.49|-3.49
69|u_core/core_i/id_stage_i/ZBUF_5_inst_3590/Y|16.00|19.47|-3.47
70|u_core/core_i/id_stage_i/U2977/Y|16.00|19.37|-3.37
71|u_core/core_i/id_stage_i/ZBUF_28_inst_2310/Y|32.00|35.32|-3.32
72|u_core/core_i/id_stage_i/ZBUF_37_inst_2886/Y|32.00|35.19|-3.19
73|u_core/core_i/ZBUF_12_inst_1746/Y|16.00|19.09|-3.09
74|u_core/core_i/U431/Y|8.00|11.00|-3.00
75|u_core/core_i/id_stage_i/ZBUF_65_inst_3775/Y|16.00|18.92|-2.92
76|u_core/core_i/cs_registers_i/ZBUF_16_inst_2143/Y|32.00|34.89|-2.89
77|u_core/core_i/id_stage_i/ZBUF_37_inst_2444/Y|32.00|34.84|-2.84
78|u_core/core_i/id_stage_i/ZBUF_533_inst_2477/Y|16.00|18.79|-2.79
79|u_core/core_i/id_stage_i/ZBUF_42_inst_2556/Y|32.00|34.77|-2.77
80|u_core/core_i/id_stage_i/ZBUF_24_inst_1132/Y|16.00|18.73|-2.73
81|u_core/core_i/id_stage_i/ZBUF_54_inst_2799/Y|16.00|18.71|-2.71
82|u_core/core_i/U2547/Y|16.00|18.68|-2.68
83|u_core/core_i/id_stage_i/ZBUF_66_inst_2809/Y|16.00|18.66|-2.66
84|u_core/core_i/id_stage_i/ZBUF_58_inst_1676/Y|16.00|18.52|-2.52
85|u_core/core_i/id_stage_i/ZBUF_803_inst_3895/Y|32.00|34.41|-2.41
86|u_core/core_i/U2022/Y|16.00|18.41|-2.41
87|u_core/core_i/id_stage_i/ZBUF_32_inst_2902/Y|16.00|18.41|-2.41
88|u_core/core_i/U2816/Y|16.00|18.38|-2.38
89|u_core/core_i/ZBUF_65_inst_2836/Y|16.00|18.31|-2.31
90|u_core/core_i/U329/Y|32.00|34.24|-2.24
91|u_core/core_i/id_stage_i/ZBUF_66_inst_2019/Y|32.00|34.23|-2.23
92|u_core/core_i/id_stage_i/ZBUF_61_inst_2668/Y|32.00|34.23|-2.23
93|u_core/core_i/id_stage_i/U1132/S|16.00|18.18|-2.18
94|u_core/core_i/id_stage_i/ZBUF_28_inst_2887/Y|32.00|34.08|-2.08
95|ZBUF_219_inst_1129/Y|32.00|34.07|-2.07
96|u_core/core_i/ZBUF_168_inst_2096/Y|32.00|34.04|-2.04
97|u_core/core_i/cs_registers_i/ZBUF_9_inst_2423/Y|32.00|34.02|-2.02
98|u_core/core_i/id_stage_i/ZBUF_1463_inst_3267/Y|32.00|34.02|-2.02
99|u_core/core_i/U2497/S|8.00|9.96|-1.96
100|ZBUF_47_inst_2653/Y|16.00|17.86|-1.86
