2.  Synopsys Commands                                        Command Reference
                               report_pt_options

NAME
       report_pt_options
              Report  configuration  options  specified  by the set_pt_options
              command

SYNTAX
       status report_pt_options

ARGUMENTS
       None.

DESCRIPTION
       The report_pt_options command reports all the options specified by  the
       set_pt_options command.

EXAMPLES
       The example below reports all the options.

         prompt> report_pt_options

SEE ALSO
       set_pt_options (2)
       eco_opt (2)
       check_pt_qor (2)

                    Version W-2024.09-SP2-T-20250915
            Copyright (c) 2025 Synopsys, Inc. All rights reserved.
