2.  Synopsys Commands                                        Command Reference
                                    eco_opt

NAME
       eco_opt
              Optimizes  the  current  routed design with PrimeTime timing and
              PrimeTime ECO.

SYNTAX
       status eco_opt
              [-types type_list]
              [-pba_mode none | path | exhaustive]
              [-physical_mode open_site | occupied_site]
              [-training_data_directory directory_name]
              [-pre_eco_script file_name]
              [-eco_script file_name]
              [-write_change_file_only]
              [-no_eco_place_and_route]
              [-hold_margin margin]
              [-setup_margin margin]
              [-punch_port]
              [-save_session directory_name]
              [-size_only]

   Data Types
       type_list        list
       directory_name   string
       file_name        string
       margin           float

ARGUMENTS
       -types type_list
              Specifies the optimization types. Specify one  or  more  of  the
              following optimization types:
              o timing - Fix setup and hold timing violations.
              o setup - Fix setup timing violations.
              o  hold  -  Fix hold timing violations by selecting hold buffers
                and delay cells and passing them to PrimeTime ECO.
              o sequential_timing - Fix setup and hold violations for  sequen-
                tial  cells. Must be specified with the setup, hold, or timing
                type.
              o useful_skew - Fix setup and  hold  timing  violations  on  the
                clock network.
              o  drc  -  Fix maximum transition and maximum capacitance viola-
                tions.
              o max_transition - Fix maximum transition violations.
              o max_capacitance - Fix maximum capacitance violations.
              o max_clock_transition - Fix maximum  transition  violations  on
                the clock network.
              o  leakage_power  -  Reduce leakage power by sizing and swapping
                cells.  The tool selects  the  worst  leakage  power  scenario
                based  on PrimeTime-PX power analysis, and passes the informa-
                tion to PrimeTime ECO for power optimization.
              o dynamic_power - Reduce dynamic power by downsizing cells.  The
                tool  selects the worst dynamic power scenario based on Prime-
                Time-PX power analysis, and passes the information  to  Prime-
                Time ECO for power optimization.
              o total_power - Reduce total power by sizing and swapping cells.
                The tool selects the  worst  total  power  scenario  based  on
                PrimeTime-PX  power  analysis,  and  passes the information to
                PrimeTime ECO for power optimization.
              o buffer_removal - Remove redundant buffers for power reduction.
              o noise - Fix noise violations.
              o power_integrity - Fix power integrity violations.   User  will
                need  to  provide  path  to rail database generated by RedHawk
                analysis to use this feature.  Cannot be combined  with  other
                fixing types.

              When multiple types are specified, the tool determines the opti-
              mum order of the different types of optimization.

              The default is {setup hold drc total_power buffer_removal}.  The
              default  DRC fixing includes both max_transition and max_capaci-
              tance.

       -pba_mode none | path | exhaustive
              Controls the use of path-based analysis (PBA). The effort  value
              can be
              o none (the default)

                Performs graph-based analysis (GBA).

              o path

                Path-based  analysis  is applied to paths after they are gath-
                ered.

              o exhaustive

                An exhaustive path-based analysis  path  search  algorithm  is
                applied to determine the worst path set in the block.

              These  meanings  are  the same as in the PrimeTime report_timing
              and get_timing_paths commands.

              Path-based analysis (PBA) removes pessimism  and  provides  more
              accurate  timing  but spends more time than graph-based analysis
              (GBA). When the current block is  optimized  with  PBA,  it  can
              reduce  power  more than GBA-based optimization as more positive
              slacks are available for downsizing or swapping. PBA-based opti-
              mization  can also reduce the number of changes as the number of
              violations is smaller than the number of violations in GBA.

              PBA-based optimization might  increase  runtime.  Moreover,  PBA
              runtime  might increase if your block has a large number of vio-
              lations.

              When this option is specified, the fixing process uses the spec-
              ified  path-based  analysis  type  to determine the timing fixes
              needed. If combined with the -eco_script option for  user-speci-
              fied  PrimeTime  ECO commands, the -pba_mode determines only the
              path-based analysis type for the built-in QoR reports within the
              eco_opt  command,  not  affecting  the user-specified script. In
              this way, the intermediate QoR reports' path-based analysis mode
              match the user-specified ECO script.

       -physical_mode none | open_site | occupied_site
              Specifies the use of physical data to resize cells or place buf-
              fers.

              The valid values are
              o none

                Does not use physical data to resize cells or place buffers.

              o open_site (default)

                Sizes a cell if there is enough room available around the cell
                and  inserts  a  buffer  if  there is an empty site. This mode
                avoids moving existing cells; it places cells  only  in  empty
                sites.

              o occupied_site

                The  PrimeTime  tool  considers the layout density in the cell
                neighborhood and can place or resize a cell overlapping exist-
                ing neighbor cells when the local placement density can accom-
                modate the change. This mode places or resizes a cell even  if
                no  empty  site  is  available; later place and route commands
                move existing cells to create room for the new or sized  cells
                and change routing accordingly for the best results.

       -training_data_directory directory_name
              Specifies the directory for storing the training data for Prime-
              Time power optimization.

       -pre_eco_script file_name
              Specifies a Tcl script file to be sourced in the PrimeTime  tool
              before the check_eco command is executed.

       -eco_script file_name
              Specifies a file that contains PrimeTime ECO commands.

              The  following  example shows a custom ECO script file that con-
              tains  PrimeTime  ECO  commands  and  a  custom  Tcl  procedure,
              apply_my_custom_dont_touch.
                # apply custom dont touch
                apply_my_custom_dont_touch
                # perform ECO
                fix_eco_drc
                fix_eco_timing -type setup -slack_greater_than 0.1
                fix_eco_power -pattern {HVT LVT}

              When  this  option  is  specified, the -types option is ignored.
              Instead, the current block is optimized with the PrimeTime  com-
              mands specified in the file.

       -write_change_file_only
              Writes  the  PrimeTime ECO changes to a file instead of sourcing
              them.

              Use this option carefully as the design status in the immplemen-
              tation tool would be different from that of the PrimeTime tool.

       -no_eco_place_and_route
              Does not perform ECO placement and routing after making changes.

              By default, the command runs ECO placement and routing.

       -setup_margin margin
              Specifies  a  margin applied to setup timing slack during Prime-
              Time ECO fixing, in library time units.

       -hold_margin margin
              Specifies a margin applied to hold timing slack during PrimeTime
              ECO fixing, in library time units.

       -punch_port
              Performs  port  punching for maximum transition and noise viola-
              tion fixing.

       -save_session directory_name
              Specifies the directory in which to save the PrimeTime session.

       -size_only
              Only sizing methods will be deployed with the  specified  fixing
              types.   max_fanout  and buffer_removal fixing types will not be
              executed when -size_only is specified.

DESCRIPTION
       This command optimizes the current  block  with  PrimeTime  timing  and
       PrimeTime  ECO  features. By default, the command invokes the PrimeTime
       tool, runs PrimeTime ECO including timing and DRC  fixing  as  well  as
       power optimization, brings back the changes to the implementation tool,
       followed by ECO placement and routing. The command  also  provides  the
       ability to specify custom PrimeTime ECO commands for flexibility and to
       meet complex ECO requirements.

       When the eco_opt command executes, the following actions happen:
       o Generates PrimeTime setup based on the tool's multi scenario
       o Invokes Distributed Multiscenario Analysis (DMSA) PrimeTime under the
         hood unless PrimeTime has already started
       o Runs multiscenario timing updates
       o Performs the specified types of PrimeTime ECO
       o  Brings  the  changes back to the implementation tool by sourcing the
         change list generated by the PrimeTime tool
       o Performs incremental placement and routing with the recommended mini-
         mal physical impact (MPI) settings

EXAMPLES
       The  following  example  performs  setup fixing followed by incremental
       place and route.
         prompt> eco_opt -types setup

       The following example performs setup and hold timing fixing followed by
       incremental  place  and route, and checks the PrimeTime timing with the
       check_pt_qor command.
         prompt> eco_opt -types {setup hold}
         prompt> check_pt_qor

       The following example performs total-power optimization with  path-mode
       PBA.
         prompt> eco_opt -types total_power -pba_mode path

       The  following  example performs the custom ECO commands defined in the
       my_eco.tcl file and checks the PrimeTime QoR.
         prompt> eco_opt -eco_script my_eco.tcl
         prompt> check_pt_qor -type summary

       The following example runs the predetermined fixing types followed by a
       custom  ECO  script. Note that placement and routing are performed only
       once, after the last command that sources all changes made by the three
       eco_opt commands.
         prompt> eco_opt -types setup -write_change_file_only
         prompt> eco_opt -types total_power -write_change_file_only
         prompt> eco_opt -eco_script my_pteco.tcl

SEE ALSO
       check_pt_qor(2)
       legalize_placement(2)
       report_pt_options(2)
       report_starrc_options(2)
       route_eco(2)
       set_pt_options(2)
       set_starrc_options(2)

                    Version W-2024.09-SP2-T-20250915
            Copyright (c) 2025 Synopsys, Inc. All rights reserved.
