*****************************************************************
**********Net VDD Connectivity Stats**************************
*****************************************************************

  Number of disjoint networks: 1

  **************(main network)***********
    Number of wires: 108
    Number of vias: 977
    Number of std cells: 14083
    Number of hard macros: 0
    Number of I/O pads: 0
    Number of terminals: 8
    Number of hierarchical blocks: 0
  ***************************************

  Number of floating std cells: 0
    

  *********************************

  Number of floating hard macros: 0
    

  *********************************

  Number of floating I/O pads: 0
    

  *********************************

  Number of floating terminals: 0


  *********************************

  Number of floating hierarchical blocks: 0
    

  *********************************

  Number of std cells with unconnected port: 0
    

  *********************************

  Number of hard macros with unconnected port: 0
    

  *********************************

  Number of I/O pads with unconnected port: 0
    

  *********************************

  Number of std cells with unconnected port: 0
    


***********End of Net VDD***********

*****************************************************************
**********Net VSS Connectivity Stats**************************
*****************************************************************

  Number of disjoint networks: 1

  **************(main network)***********
    Number of wires: 104
    Number of vias: 796
    Number of std cells: 14083
    Number of hard macros: 0
    Number of I/O pads: 0
    Number of terminals: 8
    Number of hierarchical blocks: 0
  ***************************************

  Number of floating std cells: 0
    

  *********************************

  Number of floating hard macros: 0
    

  *********************************

  Number of floating I/O pads: 0
    

  *********************************

  Number of floating terminals: 0


  *********************************

  Number of floating hierarchical blocks: 0
    

  *********************************

  Number of std cells with unconnected port: 0
    

  *********************************

  Number of hard macros with unconnected port: 0
    

  *********************************

  Number of I/O pads with unconnected port: 0
    

  *********************************

  Number of std cells with unconnected port: 0
    


***********End of Net VSS***********

