****************************************
Report : clock timing
        -type summary
Design : cv32e40p_synth_wrap
Version: W-2024.09-SP2
Date   : Sat May  9 01:04:55 2026
****************************************

  Mode: default
  Clock: clk_i
                                                                                 Corner
---------------------------------------------------------------------------------------------------
  Maximum setup launch latency:
      u_core/core_i/id_stage_i/register_file_i/mem_reg[11][0]/CLK
                                                               0.35       rp-+    default

  Minimum setup capture latency:
      u_core/core_i/sleep_unit_i/core_busy_q_reg/CLK           0.05       rp-+    default

  Minimum hold launch latency:
      u_core/core_i/sleep_unit_i/core_busy_q_reg/CLK           0.05       rp-+    default

  Maximum hold capture latency:
      u_core/core_i/id_stage_i/register_file_i/mem_reg[11][0]/CLK
                                                               0.35       rp-+    default

  Maximum active transition:
      u_core/core_i/id_stage_i/register_file_i/mem_reg[11][3]/CLK
                                                               0.09       rp-+    default

  Minimum active transition:
      u_core/core_i/cs_registers_i/dcsr_q_reg[cause][8]/CLK
                                                               0.03       rp-+    default

  Maximum setup skew:
      u_core/core_i/cs_registers_i/gen_trigger_regs.tmatch_value_q_reg[30]/CLK
                                                                          rp-+    default
      u_core/core_i/sleep_unit_i/core_busy_q_reg/CLK           0.29       rp-+    default

  Maximum hold skew:
      u_core/core_i/id_stage_i/controller_i/debug_req_q_reg/CLK           rp-+    default
      u_core/core_i/if_stage_i/prefetch_buffer_i/prefetch_controller_i/trans_addr_q_reg[11]/CLK
                                                               0.29       rp-+    default


1
