****************************************
Report : clock timing
        -type skew
        -nworst 20
        -setup
Design : cv32e40p_synth_wrap
Version: W-2024.09-SP2
Date   : Sun May 10 02:35:21 2026
****************************************

  Mode: default
  Clock: clk_i

  Clock Pin                                          Latency      Skew             Corner
---------------------------------------------------------------------------------------------------
  u_core/core_i/id_stage_i/alu_operand_b_ex_o_reg[21]/CLK
                                                        0.34              rp-+    default
  u_core/core_i/sleep_unit_i/core_busy_q_reg/CLK        0.04      0.30    rp-+    default

  u_core/core_i/id_stage_i/alu_operand_b_ex_o_reg[17]/CLK
                                                        0.34              rp-+    default
  u_core/core_i/sleep_unit_i/core_busy_q_reg/CLK        0.04      0.30    rp-+    default

  u_core/core_i/id_stage_i/alu_operand_b_ex_o_reg[31]/CLK
                                                        0.34              rp-+    default
  u_core/core_i/sleep_unit_i/core_busy_q_reg/CLK        0.04      0.30    rp-+    default

  u_core/core_i/id_stage_i/alu_operand_b_ex_o_reg[18]/CLK
                                                        0.34              rp-+    default
  u_core/core_i/sleep_unit_i/core_busy_q_reg/CLK        0.04      0.30    rp-+    default

  u_core/core_i/id_stage_i/alu_operand_b_ex_o_reg[7]/CLK
                                                        0.34              rp-+    default
  u_core/core_i/sleep_unit_i/core_busy_q_reg/CLK        0.04      0.30    rp-+    default

  u_core/core_i/id_stage_i/alu_operand_b_ex_o_reg[24]/CLK
                                                        0.34              rp-+    default
  u_core/core_i/sleep_unit_i/core_busy_q_reg/CLK        0.04      0.30    rp-+    default

  u_core/core_i/id_stage_i/alu_operand_b_ex_o_reg[9]/CLK
                                                        0.34              rp-+    default
  u_core/core_i/sleep_unit_i/core_busy_q_reg/CLK        0.04      0.30    rp-+    default

  u_core/core_i/id_stage_i/alu_operand_b_ex_o_reg[4]/CLK
                                                        0.34              rp-+    default
  u_core/core_i/sleep_unit_i/core_busy_q_reg/CLK        0.04      0.30    rp-+    default

  u_core/core_i/id_stage_i/alu_operand_b_ex_o_reg[11]/CLK
                                                        0.34              rp-+    default
  u_core/core_i/sleep_unit_i/core_busy_q_reg/CLK        0.04      0.30    rp-+    default

  u_core/core_i/id_stage_i/alu_operand_b_ex_o_reg[23]/CLK
                                                        0.34              rp-+    default
  u_core/core_i/sleep_unit_i/core_busy_q_reg/CLK        0.04      0.30    rp-+    default

  u_core/core_i/id_stage_i/alu_operand_b_ex_o_reg[29]/CLK
                                                        0.34              rp-+    default
  u_core/core_i/sleep_unit_i/core_busy_q_reg/CLK        0.04      0.30    rp-+    default

  u_core/core_i/id_stage_i/alu_operand_b_ex_o_reg[0]/CLK
                                                        0.34              rp-+    default
  u_core/core_i/sleep_unit_i/core_busy_q_reg/CLK        0.04      0.30    rp-+    default

  u_core/core_i/id_stage_i/alu_operand_b_ex_o_reg[14]/CLK
                                                        0.34              rp-+    default
  u_core/core_i/sleep_unit_i/core_busy_q_reg/CLK        0.04      0.30    rp-+    default

  u_core/core_i/id_stage_i/alu_operand_b_ex_o_reg[22]/CLK
                                                        0.34              rp-+    default
  u_core/core_i/sleep_unit_i/core_busy_q_reg/CLK        0.04      0.30    rp-+    default

  u_core/core_i/id_stage_i/alu_operand_b_ex_o_reg[1]/CLK
                                                        0.34              rp-+    default
  u_core/core_i/sleep_unit_i/core_busy_q_reg/CLK        0.04      0.30    rp-+    default

  u_core/core_i/id_stage_i/alu_operand_b_ex_o_reg[3]/CLK
                                                        0.34              rp-+    default
  u_core/core_i/sleep_unit_i/core_busy_q_reg/CLK        0.04      0.30    rp-+    default

  u_core/core_i/id_stage_i/alu_operand_b_ex_o_reg[25]/CLK
                                                        0.34              rp-+    default
  u_core/core_i/sleep_unit_i/core_busy_q_reg/CLK        0.04      0.30    rp-+    default

  u_core/core_i/id_stage_i/alu_operand_b_ex_o_reg[28]/CLK
                                                        0.34              rp-+    default
  u_core/core_i/sleep_unit_i/core_busy_q_reg/CLK        0.04      0.30    rp-+    default

  u_core/core_i/id_stage_i/alu_operand_b_ex_o_reg[5]/CLK
                                                        0.34              rp-+    default
  u_core/core_i/sleep_unit_i/core_busy_q_reg/CLK        0.04      0.30    rp-+    default

  u_core/core_i/id_stage_i/alu_operand_b_ex_o_reg[8]/CLK
                                                        0.34              rp-+    default
  u_core/core_i/sleep_unit_i/core_busy_q_reg/CLK        0.04      0.30    rp-+    default

---------------------------------------------------------------------------------------------------
1
