 
****************************************
Report : power
        -hier
        -analysis_effort low
Design : cv32e40p_synth_wrap
Version: W-2024.09-SP5-5
Date   : Thu May  7 22:38:57 2026
****************************************


Library(s) Used:

    saed32hvt_tt1p05v25c (File: /DATA/home/edu135/lib/SAED32_EDK/lib/stdcell_hvt/db_nldm/saed32hvt_tt1p05v25c.db)
    saed32rvt_tt1p05v25c (File: /DATA/home/edu135/lib/SAED32_EDK/lib/stdcell_rvt/db_nldm/saed32rvt_tt1p05v25c.db)


Operating Conditions: tt1p05v25c   Library: saed32rvt_tt1p05v25c
Wire Load Model Mode: Inactive.


Global Operating Voltage = 1.05 
Power-specific unit information :
    Voltage Units = 1V
    Capacitance Units = 1.000000ff
    Time Units = 1ns
    Dynamic Power Units = 1uW    (derived from V,C,T units)
    Leakage Power Units = 1pW


--------------------------------------------------------------------------------
                                       Switch   Int      Leak     Total
Hierarchy                              Power    Power    Power    Power    %
--------------------------------------------------------------------------------
cv32e40p_synth_wrap                      84.246  136.477 2.45e+08  465.991 100.0
  u_core/core_i (cv32e40p_core_COREV_PULP0_COREV_CLUSTER0_FPU0_FPU_ADDMUL_LAT0_FPU_OTHERS_LAT0_ZFINX0_NUM_MHPMCOUNTERS1)
                                         84.221  136.470 2.45e+08  465.912 100.0
    cs_registers_i (cv32e40p_cs_registers_N_HWLP2_APU0_A_EXTENSION0_FPU0_ZFINX0_PULP_SECURE0_USE_PMP0_N_PMP_ENTRIES16_NUM_MHPMCOUNTERS1_COREV_PULP0_COREV_CLUSTER0_DEBUG_TRIGGER_EN1)
                                         13.673   60.266 4.72e+07  121.123  26.0
    id_stage_i (cv32e40p_id_stage_COREV_PULP0_COREV_CLUSTER0_N_HWLP2_PULP_SECURE0_USE_PMP0_A_EXTENSION0_APU0_FPU0_FPU_ADDMUL_LAT0_FPU_OTHERS_LAT0_ZFINX0_APU_NARGS_CPU3_APU_WOP_CPU6_APU_NDSFLAGS_CPU15_APU_NUSFLAGS_CPU5_DEBUG_TRIGGER_EN1)
                                         27.584   30.749 1.14e+08  172.266  37.0
1
