Information: Updating design information... (UID-85)
 
****************************************
Report : qor
Design : cv32e40p_synth_wrap
Version: W-2024.09-SP5-5
Date   : Thu May  7 22:38:56 2026
****************************************


  Timing Path Group 'clk_i'
  -----------------------------------
  Levels of Logic:              62.00
  Critical Path Length:          8.21
  Critical Path Slack:           1.61
  Critical Path Clk Period:     10.00
  Total Negative Slack:          0.00
  No. of Violating Paths:        0.00
  Worst Hold Violation:          0.00
  Total Hold Violation:          0.00
  No. of Hold Violations:        0.00
  -----------------------------------


  Cell Count
  -----------------------------------
  Hierarchical Cell Count:         76
  Hierarchical Port Count:       3465
  Leaf Cell Count:              14083
  Buf/Inv Cell Count:            1763
  Buf Cell Count:                 554
  Inv Cell Count:                1209
  CT Buf/Inv Cell Count:            0
  Combinational Cell Count:     11879
  Sequential Cell Count:         2204
  Macro Count:                      0
  -----------------------------------


  Area
  -----------------------------------
  Combinational Area:    29529.499776
  Noncombinational Area: 15783.867561
  Buf/Inv Area:           2774.490092
  Total Buffer Area:          1218.87
  Total Inverter Area:        1555.62
  Macro/Black Box Area:      0.000000
  Net Area:                  0.000000
  Net XLength        :      229474.12
  Net YLength        :      229980.39
  -----------------------------------
  Cell Area:             45313.367337
  Design Area:           45313.367337
  Net Length        :       459454.50


  Design Rules
  -----------------------------------
  Total Number of Nets:         15232
  Nets With Violations:          1040
  Max Trans Violations:           372
  Max Cap Violations:            1040
  -----------------------------------


  Hostname: SGP3

  Compile CPU Statistics
  -----------------------------------------
  Resource Sharing:                    5.47
  Logic Optimization:                  4.16
  Mapping Optimization:               14.41
  -----------------------------------------
  Overall Compile Time:               73.73
  Overall Compile Wall Clock Time:    75.98

  --------------------------------------------------------------------

  Design  WNS: 0.00  TNS: 0.00  Number of Violating Paths: 0


  Design (Hold)  WNS: 0.00  TNS: 0.00  Number of Violating Paths: 0

  --------------------------------------------------------------------


1
