****************************************
Report : clock timing
        -type summary
Design : cv32e40p_synth_wrap
Version: W-2024.09-SP2
Date   : Sat May  9 14:44:13 2026
****************************************

  Mode: default
  Clock: clk_i
                                                                                 Corner
---------------------------------------------------------------------------------------------------
  Maximum setup launch latency:
      u_core/core_i/id_stage_i/register_file_i/mem_reg[16][11]/CLK
                                                               0.38       rp-+    default

  Minimum setup capture latency:
      u_core/core_i/id_stage_i/controller_i/debug_req_q_reg/CLK
                                                               0.03       rp-+    default

  Minimum hold launch latency:
      u_core/core_i/id_stage_i/controller_i/debug_req_q_reg/CLK
                                                               0.03       rp-+    default

  Maximum hold capture latency:
      u_core/core_i/id_stage_i/register_file_i/mem_reg[16][11]/CLK
                                                               0.38       rp-+    default

  Maximum active transition:
      u_core/core_i/id_stage_i/register_file_i/mem_reg[5][12]/CLK
                                                               0.10       rp-+    default

  Minimum active transition:
      u_core/core_i/id_stage_i/controller_i/debug_req_q_reg/CLK
                                                               0.02       rp-+    default

  Maximum setup skew:
      u_core/core_i/id_stage_i/alu_operand_a_ex_o_reg[28]/CLK             rp-+    default
      u_core/core_i/sleep_unit_i/core_busy_q_reg/CLK           0.32       rp-+    default

  Maximum hold skew:
      u_core/core_i/id_stage_i/controller_i/debug_req_q_reg/CLK           rp-+    default
      u_core/core_i/id_stage_i/mult_operand_b_ex_o_reg[31]/CLK
                                                               0.33       rp-+    default


1
