****************************************
Report : design
Design : cv32e40p_synth_wrap
Version: W-2024.09-SP2
Date   : Sat May  9 10:14:13 2026
****************************************

Total number of std cells in library : 863
Total number of dont_use lib cells   : 26
Total number of dont_touch lib cells : 26
Total number of buffers              : 33
Total number of inverters            : 45
Total number of flip-flops           : 318
Total number of latches              : 36
Total number of ICGs                 : 36

Cell Instance Type  Count         Area
--------------------------------------
TOTAL LEAF CELLS    14083    49449.815
unit                14083    49449.815
Standard cells      14083    49449.815
unit                14083    49449.815
Hard macro cells        0        0.000
unit                14083    49449.815
Soft macro cells        0        0.000
unit                14083    49449.815
Always on cells         0        0.000
unit                14083    49449.815
Physical only           0        0.000
unit                14083    49449.815
Fixed cells             0        0.000
unit                14083    49449.815
Moveable cells      14083    49449.815
unit                14083    49449.815
Placed cells            0        0.000
unit                14083    49449.815
Sequential           2204    19920.315
unit                14083    49449.815
Buffer/inverter      1763     2774.490
unit                14083    49449.815
ICG cells              74      432.553
unit                14083    49449.815

Logic Hierarchies                    : 76
Design Masters count                 : 64
Total Flat nets count                : 16712
Total FloatingNets count             : 1624
Total no of Ports                    : 382
Number of Master Clocks in design    : 1
Number of Generated Clocks in design : 0
Number of Path Groups in design      : 7 (1 of them Non Default)
Number of Scan Chains in design      : 1
List of Modes                        : default
List of Corners                      : default
List of Scenarios                    : default

Core Area                            : 0.000
Chip Area                            : 0.000
Total Site Row Area                  : 0.000
Number of Blockages                  : 0
Total area of Blockages              : 0.000
Number of Power Domains              : 1
Number of Voltage Areas              : 1
Number of Group Bounds               : 0
Number of Exclusive MoveBounds       : 0
Number of Hard or Soft MoveBounds    : 0
Number of Multibit Registers         : 0
Number of Multibit LS/ISO Cells      : 0
Number of Top Level RP Groups        : 0
Number of Tech Layers                : 71 (71 of them have unknown routing dir.)

Total wire length                    : 0.00 micron
Total number of wires                : 0
Total number of contacts             : 0
1
