****************************************
Report : constraint
	-all_violators
	-path slack_only
Design : cv32e40p_synth_wrap
Version: W-2024.09-SP5-3
Date   : Sun May 10 12:08:38 2026
****************************************


   max_delay/setup ('clk_i' group)

   Endpoint                                                  Slack
   -----------------------------------------------------------------
   u_core/core_i/cs_registers_i/mhpmcounter_q_reg[2][63]/D
                                                             -0.07  (VIOLATED)





   max_capacitance

                             Required        Actual
   Pin                      Capacitance    Capacitance       Slack
   -----------------------------------------------------------------
   u_core/core_i/cs_registers_i/U83/Y
                               16.00          17.65          -1.65  (VIOLATED)
   u_core/core_i/U2357/Y       16.00          17.24          -1.24  (VIOLATED)
   u_core/core_i/cs_registers_i/gen_trigger_regs.tmatch_value_q_reg[22]/Q
                                8.00           8.60          -0.60  (VIOLATED)
   u_core/core_i/cs_registers_i/gen_trigger_regs.tmatch_value_q_reg[0]/Q
                                8.00           8.56          -0.56  (VIOLATED)
   u_core/core_i/cs_registers_i/U177/Y
                               32.00          32.54          -0.54  (VIOLATED)
   u_core/core_i/id_stage_i/U2931/Y
                                8.00           8.24          -0.24  (VIOLATED)
   u_core/core_i/ZBUF_54_inst_2148/Y
                               16.00          16.18          -0.18  (VIOLATED)
   u_core/core_i/id_stage_i/mult_operand_a_ex_o_reg[5]/Q
                                8.00           8.16          -0.16  (VIOLATED)
   u_core/core_i/U2346/Y       16.00          16.15          -0.15  (VIOLATED)


1
