Warning: Cell contains tie connections which are not connected to real PG. (ZRT-511)
Cell Min-Routing-Layer = M1
Cell Max-Routing-Layer = M9
Turn off antenna since no rule is specified
Information: Option route.detail.force_end_on_preferred_grid will be ignored since none of the layers have preferred grid. (ZRT-703)
Warning: Cannot find a default contact code for layer CO. (ZRT-022)
Warning: Port VDD of cell cv32e40p_synth_wrap is unplaced.  This may impact routing result. (ZRT-740)
Warning: Port VSS of cell cv32e40p_synth_wrap is unplaced.  This may impact routing result. (ZRT-740)
Warning: Ignore 2 top cell ports with no pins. (ZRT-027)
Skipping 6 internal pins that are not physical. Set route.common.verbose_level to > 0 and run routing command to get skipped pin names.
Info: number of net_type_blockage: 0 
Information: Via ladder engine would be activated for pattern must join connection in certain commands. Please refer to man-page for the command list. (ZRT-619)
Information: When applicable Min-max layer allow_pin_connection mode will allow paths of length 5.32 outside the layer range. (ZRT-707)
Information: When applicable Min-max layer allow_pin_connection mode will allow paths of length 5.32 outside the layer range on clock nets. (ZRT-718)
Information: When applicable layer based tapering will taper up to 0.00 in distance from the pin. (ZRT-706)
Warning: Standard cell pin MUX41X2_HVT/S0 has no valid via regions. (ZRT-044)


Start checking for open nets ... 

Total number of nets = 17892, of which 0 are not extracted
Total number of open nets = 0, of which 0 are frozen

Check 17892 nets, 0 have Errors

[CHECK OPEN NETS] Elapsed real time: 0:00:00 
[CHECK OPEN NETS] Elapsed cpu  time: sys=0:00:00 usr=0:00:00 total=0:00:00
[CHECK OPEN NETS] Stage (MB): Used    0  Alloctr    0  Proc    0 
[CHECK OPEN NETS] Total (MB): Used   61  Alloctr   62  Proc 5327 
Printing options for 'route.common.*'

Printing options for 'route.detail.*'
detail.drc_convergence_effort_level                     :	 high                
detail.generate_extra_off_grid_pin_tracks               :	 true                
detail.optimize_wire_via_effort_level                   :	 high                

Printing options for 'route.auto_via_ladder.*'


Begin full DRC check ...

Information: Using 1 threads for routing. (ZRT-444)
Checked	1/25 Partitions, Violations =	4
Checked	2/25 Partitions, Violations =	4
Checked	3/25 Partitions, Violations =	7
Checked	4/25 Partitions, Violations =	7
Checked	5/25 Partitions, Violations =	9
Checked	6/25 Partitions, Violations =	27
Checked	7/25 Partitions, Violations =	27
Checked	8/25 Partitions, Violations =	35
Checked	9/25 Partitions, Violations =	35
Checked	10/25 Partitions, Violations =	35
Checked	11/25 Partitions, Violations =	42
Checked	12/25 Partitions, Violations =	42
Checked	13/25 Partitions, Violations =	55
Checked	14/25 Partitions, Violations =	55
Checked	15/25 Partitions, Violations =	68
Checked	16/25 Partitions, Violations =	74
Checked	17/25 Partitions, Violations =	77
Checked	18/25 Partitions, Violations =	77
Checked	19/25 Partitions, Violations =	77
Checked	20/25 Partitions, Violations =	83
Checked	21/25 Partitions, Violations =	83
Checked	22/25 Partitions, Violations =	89
Checked	23/25 Partitions, Violations =	91
Checked	24/25 Partitions, Violations =	129
Checked	25/25 Partitions, Violations =	131
[DRC CHECK] Elapsed real time: 0:00:07 
[DRC CHECK] Elapsed cpu  time: sys=0:00:00 usr=0:00:07 total=0:00:07
[DRC CHECK] Stage (MB): Used    0  Alloctr    0  Proc    0 
[DRC CHECK] Total (MB): Used  155  Alloctr  156  Proc 5327 
Warning: No antenna rules defined, Skip antenna analysis. (ZRT-309)
Information: Merged away 6 aligned/redundant DRCs. (ZRT-305)

DRC-SUMMARY:
	@@@@@@@ TOTAL VIOLATIONS =	125
	Diff net spacing : 6
	Needs fat contact : 1
	Off-grid : 113
	Same net spacing : 1
	Short : 4


Total Wire Length =                    685846 micron
Total Number of Contacts =             180332
Total Number of Wires =                187482
Total Number of PtConns =              22183
Total Number of Routed Wires =       187447
Total Routed Wire Length =           683299 micron
Total Number of Routed Contacts =       180332
	Layer                 M1 :      29680 micron
	Layer                 M2 :     193294 micron
	Layer                 M3 :     172387 micron
	Layer                 M4 :     116324 micron
	Layer                 M5 :      85801 micron
	Layer                 M6 :      36452 micron
	Layer                 M7 :      31458 micron
	Layer                 M8 :       5583 micron
	Layer                 M9 :      12321 micron
	Layer               MRDL :          0 micron
	Via         VIA89_C(rot) :        628
	Via                VIA89 :          1
	Via            VIA78SQ_C :        543
	Via           VIA78BAR_C :          9
	Via        VIA78SQ_C_2x1 :        151
	Via   VIA78SQ_C(rot)_1x2 :          1
	Via       VIA67SQ_C(rot) :       2291
	Via            VIA56SQ_C :       3509
	Via       VIA45SQ_C(rot) :      11082
	Via            VIA34SQ_C :      17393
	Via       VIA34SQ_C(rot) :        147
	Via            VIA23SQ_C :       1088
	Via       VIA23SQ_C(rot) :      69909
	Via            VIA12SQ_C :      68819
	Via       VIA12SQ_C(rot) :       2876
	Via        VIA12SQ_C_2x1 :       1518
	Via   VIA12SQ_C(rot)_1x2 :          1
	Via   VIA12SQ_C(rot)_2x1 :          3
	Via        VIA12SQ_C_1x2 :        262
	Via          VIA12SQ_2x1 :          4
	Via     VIA12SQ(rot)_2x1 :         27
	Via          VIA12SQ_1x2 :         70

 
Redundant via conversion report:
--------------------------------

  Total optimized via conversion rate =  1.13% (2037 / 180332 vias)
 
    Layer VIA1       =  2.56% (1885   / 73580   vias)
        Weight 1     =  2.56% (1885    vias)
        Un-optimized =  0.00% (0       vias)
        Un-mapped    = 97.44% (71695   vias)
    Layer VIA2       =  0.00% (0      / 70997   vias)
        Un-optimized =  0.00% (0       vias)
        Un-mapped    = 100.00% (70997   vias)
    Layer VIA3       =  0.00% (0      / 17540   vias)
        Un-optimized =  0.00% (0       vias)
        Un-mapped    = 100.00% (17540   vias)
    Layer VIA4       =  0.00% (0      / 11082   vias)
        Un-optimized =  0.00% (0       vias)
        Un-mapped    = 100.00% (11082   vias)
    Layer VIA5       =  0.00% (0      / 3509    vias)
        Un-optimized =  0.00% (0       vias)
        Un-mapped    = 100.00% (3509    vias)
    Layer VIA6       =  0.00% (0      / 2291    vias)
        Un-optimized =  0.00% (0       vias)
        Un-mapped    = 100.00% (2291    vias)
    Layer VIA7       = 21.59% (152    / 704     vias)
        Weight 1     = 21.59% (152     vias)
        Un-optimized =  0.00% (0       vias)
        Un-mapped    = 78.41% (552     vias)
    Layer VIA8       =  0.00% (0      / 629     vias)
        Un-optimized =  0.00% (0       vias)
        Un-mapped    = 100.00% (629     vias)
 
  Total double via conversion rate    =  1.13% (2037 / 180332 vias)
 
    Layer VIA1       =  2.56% (1885   / 73580   vias)
    Layer VIA2       =  0.00% (0      / 70997   vias)
    Layer VIA3       =  0.00% (0      / 17540   vias)
    Layer VIA4       =  0.00% (0      / 11082   vias)
    Layer VIA5       =  0.00% (0      / 3509    vias)
    Layer VIA6       =  0.00% (0      / 2291    vias)
    Layer VIA7       = 21.59% (152    / 704     vias)
    Layer VIA8       =  0.00% (0      / 629     vias)
 
  The optimized via conversion rate based on total routed via count =  1.13% (2037 / 180332 vias)
 
    Layer VIA1       =  2.56% (1885   / 73580   vias)
        Weight 1     =  2.56% (1885    vias)
        Un-optimized =  0.00% (0       vias)
        Un-mapped    = 97.44% (71695   vias)
    Layer VIA2       =  0.00% (0      / 70997   vias)
        Un-optimized =  0.00% (0       vias)
        Un-mapped    = 100.00% (70997   vias)
    Layer VIA3       =  0.00% (0      / 17540   vias)
        Un-optimized =  0.00% (0       vias)
        Un-mapped    = 100.00% (17540   vias)
    Layer VIA4       =  0.00% (0      / 11082   vias)
        Un-optimized =  0.00% (0       vias)
        Un-mapped    = 100.00% (11082   vias)
    Layer VIA5       =  0.00% (0      / 3509    vias)
        Un-optimized =  0.00% (0       vias)
        Un-mapped    = 100.00% (3509    vias)
    Layer VIA6       =  0.00% (0      / 2291    vias)
        Un-optimized =  0.00% (0       vias)
        Un-mapped    = 100.00% (2291    vias)
    Layer VIA7       = 21.59% (152    / 704     vias)
        Weight 1     = 21.59% (152     vias)
        Un-optimized =  0.00% (0       vias)
        Un-mapped    = 78.41% (552     vias)
    Layer VIA8       =  0.00% (0      / 629     vias)
        Un-optimized =  0.00% (0       vias)
        Un-mapped    = 100.00% (629     vias)
 


Verify Summary:

Total number of nets = 17892, of which 0 are not extracted
Total number of open nets = 0, of which 0 are frozen
Total number of excluded ports = 0 ports of 0 unplaced cells connected to 0 nets
                                 0 ports without pins of 0 cells connected to 0 nets
                                 0 ports of 0 cover cells connected to 0 non-pg nets
Total number of DRCs = 125
Total number of antenna violations = no antenna rules defined
Total number of tie to rail violations = not checked
Total number of tie to rail directly violations = not checked


