Information: Updating design information... (UID-85)
Warning: Design 'cv32e40p_synth_wrap' contains 1 high-fanout nets. A fanout number of 1000 will be used for delay calculations involving these nets. (TIM-134)
 
****************************************
Report : qor
Design : cv32e40p_synth_wrap
Version: W-2024.09-SP5-5
Date   : Sat May  9 18:11:35 2026
****************************************


  Timing Path Group 'clk_i'
  -----------------------------------
  Levels of Logic:              61.00
  Critical Path Length:          7.89
  Critical Path Slack:           0.44
  Critical Path Clk Period:      8.50
  Total Negative Slack:          0.00
  No. of Violating Paths:        0.00
  Worst Hold Violation:          0.00
  Total Hold Violation:          0.00
  No. of Hold Violations:        0.00
  -----------------------------------


  Cell Count
  -----------------------------------
  Hierarchical Cell Count:         76
  Hierarchical Port Count:       3484
  Leaf Cell Count:              14060
  Buf/Inv Cell Count:            1716
  Buf Cell Count:                 508
  Inv Cell Count:                1208
  CT Buf/Inv Cell Count:            0
  Combinational Cell Count:     11856
  Sequential Cell Count:         2204
  Macro Count:                      0
  -----------------------------------


  Area
  -----------------------------------
  Combinational Area:    29509.168247
  Noncombinational Area: 19920.315500
  Buf/Inv Area:           2679.440231
  Total Buffer Area:          1123.32
  Total Inverter Area:        1556.12
  Macro/Black Box Area:      0.000000
  Net Area:                  0.000000
  Net XLength        :      267796.81
  Net YLength        :      203454.11
  -----------------------------------
  Cell Area:             49429.483747
  Design Area:           49429.483747
  Net Length        :       471250.94


  Design Rules
  -----------------------------------
  Total Number of Nets:         15214
  Nets With Violations:          1775
  Max Trans Violations:           362
  Max Cap Violations:            1775
  -----------------------------------


  Hostname: SGP3

  Compile CPU Statistics
  -----------------------------------------
  Resource Sharing:                    5.48
  Logic Optimization:                  4.12
  Mapping Optimization:               14.51
  -----------------------------------------
  Overall Compile Time:               74.19
  Overall Compile Wall Clock Time:    76.60

  --------------------------------------------------------------------

  Design  WNS: 0.00  TNS: 0.00  Number of Violating Paths: 0


  Design (Hold)  WNS: 0.00  TNS: 0.00  Number of Violating Paths: 0

  --------------------------------------------------------------------


1
