Hotspot DRC to M2 PG distance summary

hotspot_bbox=(215.0, 195.0, 265.0, 265.0)
hotspot_marker_count=126
m2_pg_shape_count=4

Distance bins, non-cumulative:
  >5.00um: 53
  <=5.00um: 36
  <=0.25um: 12
  <=0.50um: 11
  <=1.00um: 9
  <=2.00um: 5

Distance bins, cumulative:
  <= 0.25um: 12
  <= 0.50um: 23
  <= 1.00um: 32
  <= 2.00um: 37
  <= 5.00um: 73
  > 5.00um: 53

By type/layer/bin:
  Off-grid | VIA1 (12) | >5.00um: 19
  Off-grid | M2 (13) | >5.00um: 19
  Off-grid | VIA1 (12) | <=5.00um: 13
  Off-grid | M2 (13) | <=5.00um: 13
  Diff net spacing | M1 (11) | >5.00um: 12
  Diff net spacing | M1 (11) | <=5.00um: 10
  Off-grid | VIA1 (12) | <=0.25um: 6
  Off-grid | M2 (13) | <=0.25um: 6
  Off-grid | VIA1 (12) | <=0.50um: 4
  Off-grid | M2 (13) | <=0.50um: 4
  Off-grid | VIA1 (12) | <=1.00um: 4
  Diff net spacing | M1 (11) | <=0.50um: 3
  Needs fat contact | M1 (11)-M2 (13) | >5.00um: 3
  Off-grid | M2 (13) | <=1.00um: 3
  Diff net spacing | M1 (11) | <=1.00um: 2
  Off-grid | VIA1 (12) | <=2.00um: 2
  Off-grid | M2 (13) | <=2.00um: 2
  Diff net spacing | M1 (11) | <=2.00um: 1
