Warning: Cell contains tie connections which are not connected to real PG. (ZRT-511)
Cell Min-Routing-Layer = M1
Cell Max-Routing-Layer = M8
Turn off antenna since no rule is specified
Information: Option route.detail.force_end_on_preferred_grid will be ignored since none of the layers have preferred grid. (ZRT-703)
Warning: Cannot find a default contact code for layer CO. (ZRT-022)
Warning: Port VDD of cell cv32e40p_synth_wrap is unplaced.  This may impact routing result. (ZRT-740)
Warning: Port VSS of cell cv32e40p_synth_wrap is unplaced.  This may impact routing result. (ZRT-740)
Warning: Ignore 2 top cell ports with no pins. (ZRT-027)
Skipping 6 internal pins that are not physical. Set route.common.verbose_level to > 0 and run routing command to get skipped pin names.
Info: number of net_type_blockage: 0 
Information: Via ladder engine would be activated for pattern must join connection in certain commands. Please refer to man-page for the command list. (ZRT-619)
Information: When applicable Min-max layer allow_pin_connection mode will allow paths of length 5.32 outside the layer range. (ZRT-707)
Information: When applicable Min-max layer allow_pin_connection mode will allow paths of length 5.32 outside the layer range on clock nets. (ZRT-718)
Information: When applicable layer based tapering will taper up to 0.00 in distance from the pin. (ZRT-706)
Warning: Standard cell pin MUX41X2_HVT/S0 has no valid via regions. (ZRT-044)


Start checking for open nets ... 

Total number of nets = 17892, of which 0 are not extracted
Total number of open nets = 0, of which 0 are frozen

Check 17892 nets, 0 have Errors

[CHECK OPEN NETS] Elapsed real time: 0:00:00 
[CHECK OPEN NETS] Elapsed cpu  time: sys=0:00:00 usr=0:00:00 total=0:00:00
[CHECK OPEN NETS] Stage (MB): Used    0  Alloctr    0  Proc    0 
[CHECK OPEN NETS] Total (MB): Used   61  Alloctr   62  Proc 5327 
Printing options for 'route.common.*'

Printing options for 'route.detail.*'
detail.drc_convergence_effort_level                     :	 high                
detail.generate_extra_off_grid_pin_tracks               :	 true                
detail.optimize_wire_via_effort_level                   :	 high                

Printing options for 'route.auto_via_ladder.*'


Begin full DRC check ...

Information: Using 1 threads for routing. (ZRT-444)
Checked	1/25 Partitions, Violations =	2
Checked	2/25 Partitions, Violations =	2
Checked	3/25 Partitions, Violations =	4
Checked	4/25 Partitions, Violations =	4
Checked	5/25 Partitions, Violations =	5
Checked	6/25 Partitions, Violations =	12
Checked	7/25 Partitions, Violations =	12
Checked	8/25 Partitions, Violations =	17
Checked	9/25 Partitions, Violations =	17
Checked	10/25 Partitions, Violations =	17
Checked	11/25 Partitions, Violations =	22
Checked	12/25 Partitions, Violations =	23
Checked	13/25 Partitions, Violations =	29
Checked	14/25 Partitions, Violations =	29
Checked	15/25 Partitions, Violations =	35
Checked	16/25 Partitions, Violations =	37
Checked	17/25 Partitions, Violations =	39
Checked	18/25 Partitions, Violations =	39
Checked	19/25 Partitions, Violations =	39
Checked	20/25 Partitions, Violations =	42
Checked	21/25 Partitions, Violations =	42
Checked	22/25 Partitions, Violations =	45
Checked	23/25 Partitions, Violations =	46
Checked	24/25 Partitions, Violations =	66
Checked	25/25 Partitions, Violations =	67
[DRC CHECK] Elapsed real time: 0:00:07 
[DRC CHECK] Elapsed cpu  time: sys=0:00:00 usr=0:00:07 total=0:00:08
[DRC CHECK] Stage (MB): Used    0  Alloctr    0  Proc    0 
[DRC CHECK] Total (MB): Used  155  Alloctr  156  Proc 5327 
Warning: No antenna rules defined, Skip antenna analysis. (ZRT-309)

DRC-SUMMARY:
	@@@@@@@ TOTAL VIOLATIONS =	67
	Diff net spacing : 4
	Off-grid : 59
	Short : 4


Total Wire Length =                    697841 micron
Total Number of Contacts =             180966
Total Number of Wires =                188998
Total Number of PtConns =              22026
Total Number of Routed Wires =       188967
Total Routed Wire Length =           695320 micron
Total Number of Routed Contacts =       180966
	Layer                 M1 :      36267 micron
	Layer                 M2 :     197396 micron
	Layer                 M3 :     175764 micron
	Layer                 M4 :     120981 micron
	Layer                 M5 :      86723 micron
	Layer                 M6 :      39531 micron
	Layer                 M7 :      32547 micron
	Layer                 M8 :       6112 micron
	Layer                 M9 :          0 micron
	Layer               MRDL :          0 micron
	Via            VIA78SQ_C :        240
	Via       VIA67SQ_C(rot) :       2262
	Via            VIA56SQ_C :       3504
	Via       VIA45SQ_C(rot) :      11103
	Via            VIA34SQ_C :      17718
	Via       VIA34SQ_C(rot) :        159
	Via            VIA23SQ_C :       1117
	Via       VIA23SQ_C(rot) :      70549
	Via            VIA12SQ_C :      69449
	Via       VIA12SQ_C(rot) :       2998
	Via        VIA12SQ_C_2x1 :       1510
	Via   VIA12SQ_C(rot)_1x2 :          2
	Via   VIA12SQ_C(rot)_2x1 :          5
	Via        VIA12SQ_C_1x2 :        294
	Via          VIA12SQ_2x1 :          7
	Via     VIA12SQ(rot)_2x1 :         21
	Via          VIA12SQ_1x2 :         28

 
Redundant via conversion report:
--------------------------------

  Total optimized via conversion rate =  1.03% (1867 / 180966 vias)
 
    Layer VIA1       =  2.51% (1867   / 74314   vias)
        Weight 1     =  2.51% (1867    vias)
        Un-optimized =  0.00% (0       vias)
        Un-mapped    = 97.49% (72447   vias)
    Layer VIA2       =  0.00% (0      / 71666   vias)
        Un-optimized =  0.00% (0       vias)
        Un-mapped    = 100.00% (71666   vias)
    Layer VIA3       =  0.00% (0      / 17877   vias)
        Un-optimized =  0.00% (0       vias)
        Un-mapped    = 100.00% (17877   vias)
    Layer VIA4       =  0.00% (0      / 11103   vias)
        Un-optimized =  0.00% (0       vias)
        Un-mapped    = 100.00% (11103   vias)
    Layer VIA5       =  0.00% (0      / 3504    vias)
        Un-optimized =  0.00% (0       vias)
        Un-mapped    = 100.00% (3504    vias)
    Layer VIA6       =  0.00% (0      / 2262    vias)
        Un-optimized =  0.00% (0       vias)
        Un-mapped    = 100.00% (2262    vias)
    Layer VIA7       =  0.00% (0      / 240     vias)
        Un-optimized =  0.00% (0       vias)
        Un-mapped    = 100.00% (240     vias)
 
  Total double via conversion rate    =  1.03% (1867 / 180966 vias)
 
    Layer VIA1       =  2.51% (1867   / 74314   vias)
    Layer VIA2       =  0.00% (0      / 71666   vias)
    Layer VIA3       =  0.00% (0      / 17877   vias)
    Layer VIA4       =  0.00% (0      / 11103   vias)
    Layer VIA5       =  0.00% (0      / 3504    vias)
    Layer VIA6       =  0.00% (0      / 2262    vias)
    Layer VIA7       =  0.00% (0      / 240     vias)
 
  The optimized via conversion rate based on total routed via count =  1.03% (1867 / 180966 vias)
 
    Layer VIA1       =  2.51% (1867   / 74314   vias)
        Weight 1     =  2.51% (1867    vias)
        Un-optimized =  0.00% (0       vias)
        Un-mapped    = 97.49% (72447   vias)
    Layer VIA2       =  0.00% (0      / 71666   vias)
        Un-optimized =  0.00% (0       vias)
        Un-mapped    = 100.00% (71666   vias)
    Layer VIA3       =  0.00% (0      / 17877   vias)
        Un-optimized =  0.00% (0       vias)
        Un-mapped    = 100.00% (17877   vias)
    Layer VIA4       =  0.00% (0      / 11103   vias)
        Un-optimized =  0.00% (0       vias)
        Un-mapped    = 100.00% (11103   vias)
    Layer VIA5       =  0.00% (0      / 3504    vias)
        Un-optimized =  0.00% (0       vias)
        Un-mapped    = 100.00% (3504    vias)
    Layer VIA6       =  0.00% (0      / 2262    vias)
        Un-optimized =  0.00% (0       vias)
        Un-mapped    = 100.00% (2262    vias)
    Layer VIA7       =  0.00% (0      / 240     vias)
        Un-optimized =  0.00% (0       vias)
        Un-mapped    = 100.00% (240     vias)
 


Verify Summary:

Total number of nets = 17892, of which 0 are not extracted
Total number of open nets = 0, of which 0 are frozen
Total number of excluded ports = 0 ports of 0 unplaced cells connected to 0 nets
                                 0 ports without pins of 0 cells connected to 0 nets
                                 0 ports of 0 cover cells connected to 0 non-pg nets
Total number of DRCs = 67
Total number of antenna violations = no antenna rules defined
Total number of tie to rail violations = not checked
Total number of tie to rail directly violations = not checked


