****************************************
Report : app_option
Design : cv32e40p_synth_wrap
Version: W-2024.09-SP2
Date   : Sat May  9 14:31:26 2026
****************************************
Name                                                  Type       Value      User-value   User-default System-default Scope      Status     Source
----------------------------------------------------- ---------- ---------- ------------ ------------ -------------- ---------- ---------- --------------------------------------------------------------------------------------------
place.coarse.advanced_node_congestion_driven_max_util bool       false      --           --           false          block      normal     --
place.coarse.auto_density_control                     enum       enhanced   --           --           enhanced       block      normal     --
place.coarse.auto_density_threshold                   bool       false      --           --           false          block      normal     --
place.coarse.auto_timing_control                      bool       true       --           --           true           block      normal     --
place.coarse.balance_registers                        bool       true       --           --           true           block      normal     --
place.coarse.channel_detect_mode                      bool       true       --           --           true           block      normal     --
place.coarse.clock_gate_latency_aware                 string     false      --           --           false          block      normal     --
place.coarse.cong_restruct                            enum       on         --           --           on             block      normal     --
place.coarse.cong_restruct_depth_aware                bool       false      --           --           false          block      normal     --
place.coarse.cong_restruct_effort                     enum       medium     --           --           medium         block      normal     --
place.coarse.cong_restruct_iterations                 integer    0          --           --           0              block      normal     --
place.coarse.cong_restruct_strategy                   enum       embed      --           --           embed          block      deprecated --
place.coarse.congestion_analysis_effort               enum       high       --           --           high           block      deprecated --
place.coarse.congestion_driven_max_util               float      0.93       --           --           0.93           block      normal     --
place.coarse.congestion_expansion_direction           enum       horizontal --           --           horizontal     block      normal     --
place.coarse.congestion_layer_aware                   bool       true       --           --           true           block      normal     --
place.coarse.continue_on_missing_scandef              bool       true       true         --           false          block      normal     /DATA/home/edu135/CV32E40P/7_Backend_ICC2/0_Script/99_util/run_trial_60util_to_route.tcl:675
place.coarse.detect_detours                           bool       true       --           --           true           block      normal     --
place.coarse.dft_enable_at_speed_modeling             bool       false      --           --           false          block      normal     --
place.coarse.enable_advanced_mv_cell_placement        bool       true       --           --           true           block      deprecated --
place.coarse.enable_dft_modeling                      string     auto       --           --           auto           block      normal     --
place.coarse.enable_direct_congestion_mode            bool       false      --           --           false          block      normal     --
place.coarse.enable_enhanced_soft_blockages           bool       true       --           --           true           block      normal     --
place.coarse.enable_spare_cell_placement              bool       true       --           --           true           block      normal     --
place.coarse.enhanced_legalizer_driven_placement      bool       false      --           --           false          block      normal     --
place.coarse.enhanced_low_power_effort                enum       low        --           --           low            block      normal     --
place.coarse.fix_cells_on_soft_blockages              bool       true       --           --           true           block      deprecated --
place.coarse.fix_hard_macros                          bool       false      --           --           false          block      normal     --
place.coarse.fix_ios                                  bool       true       --           --           true           block      normal     --
place.coarse.fix_soft_macros                          bool       true       --           --           true           block      normal     --
place.coarse.handle_early_data                        bool       false      --           --           false          block      normal     --
place.coarse.icg_auto_bound                           bool       false      --           --           false          block      normal     --
place.coarse.icg_auto_bound_fanout_limit              integer    100        --           --           100            block      normal     --
place.coarse.increased_cell_expansion                 bool       false      --           --           false          block      normal     --
place.coarse.ir_enable_er                             bool       true       --           --           true           block      normal     --
place.coarse.ir_enable_ir                             bool       true       --           --           true           block      normal     --
place.coarse.ir_enable_ol                             bool       true       --           --           true           block      normal     --
place.coarse.ir_enable_pd                             bool       true       --           --           true           block      normal     --
place.coarse.ir_verbose                               bool       false      --           --           false          block      normal     --
place.coarse.irdp_cts_spacing                         bool       false      --           --           false          block      normal     --
place.coarse.legalizer_driven_placement               bool       false      --           --           false          block      normal     --
place.coarse.max_density                              float      0          --           --           0              block      normal     --
place.coarse.max_pins_per_square_micron               float      0          --           --           0              block      normal     --
place.coarse.ndr_area_aware                           bool       false      --           --           false          block      normal     --
place.coarse.perturbation_effort                      enum       default    --           --           default        block      normal     --
place.coarse.pin_cost_aware                           bool       false      --           --           false          block      normal     --
place.coarse.pin_density_aware                        bool       false      --           --           false          block      normal     --
place.coarse.power_density_effective_resistance_layer string     --         --           --           --             block      normal     --
place.coarse.power_density_fast                       bool       false      --           --           false          block      normal     --
place.coarse.power_density_verbose                    bool       false      --           --           false          block      normal     --
place.coarse.seq_array_icg_aware                      bool       false      --           --           false          block      normal     --
place.coarse.spread_repeater_paths                    bool       true       --           --           true           block      normal     --
place.coarse.target_routing_density                   float      0          --           --           0              block      normal     --
place.coarse.tns_driven_placement                     bool       false      --           --           false          block      deprecated --
place.coarse.use_tall_blockages                       bool       false      --           --           false          block      normal     --
place.coarse.utilization_warning_threshold            float      90         --           --           90             block      normal     --
place.coarse.wide_cell_use_model                      bool       false      --           --           false          block      normal     --
----------------------------------------------------- ---------- ---------- ------------ ------------ -------------- ---------- ---------- --------------------------------------------------------------------------------------------

There are additional internal differences.
1
