****************************************
Report : analysis_coverage
Design : cv32e40p_synth_wrap
Version: W-2024.09-SP5-3
Date   : Thu May  7 22:39:13 2026
****************************************

Type of Check         Total              Met         Violated         Untested
--------------------------------------------------------------------------------
setup                  2130      2130 (100%)         0 (  0%)         0 (  0%)
hold                   2130      2130 (100%)         0 (  0%)         0 (  0%)
recovery               2130         0 (  0%)         0 (  0%)      2130 (100%)
removal                2130         0 (  0%)         0 (  0%)      2130 (100%)
min_pulse_width        6464      4334 ( 67%)         0 (  0%)      2130 ( 33%)
clock_gating_setup      148        74 ( 50%)         0 (  0%)        74 ( 50%)
clock_gating_hold       148        74 ( 50%)         0 (  0%)        74 ( 50%)
out_setup               113       111 ( 98%)         0 (  0%)         2 (  2%)
out_hold                113       111 ( 98%)         0 (  0%)         2 (  2%)
--------------------------------------------------------------------------------
All Checks            15506      8964 ( 58%)         0 (  0%)      6542 ( 42%)

1
