 
****************************************
Report : DFT signals
Design : cv32e40p_synth_wrap
Version: W-2024.09-SP5-5
Date   : Thu May  7 23:20:00 2026
****************************************

========================================
TEST MODE: Internal_scan
VIEW     : Existing DFT
========================================
Port               SignalType          Active    Hookup    Timing    Usage
----------         ----------          ------    ------    ------    -----
scan_cg_en_i       TestMode            1         -
clk_i              ScanMasterClock     1         -         P 100.0 R 45.0 F 55.0
clk_i              MasterClock         1         -         P 100.0 R 45.0 F 55.0
rst_ni             Reset               0         -         P 100.0 R 55.0 F 45.0
instr_addr_o[1]    Constant            -         -
instr_addr_o[0]    Constant            -         -
scan_out           ScanDataOut         -         -
scan_in            ScanDataIn          -         -
scan_en            ScanEnable          1         -

1
