****************************************
Report : clock timing
        -type latency
        -launch
        -nworst 20
        -setup
Design : cv32e40p_synth_wrap
Version: W-2024.09-SP2
Date   : Sun May 10 00:10:53 2026
****************************************

  Mode: default
  Clock: clk_i

                                                 --- Latency ---
  Clock Pin                             Trans   Source   Offset  Network    Total            Corner
---------------------------------------------------------------------------------------------------
  u_core/core_i/id_stage_i/mult_signed_mode_ex_o_reg[0]/CLK
                                         0.05     0.00       --     0.34     0.34 rp-+      default
  u_core/core_i/id_stage_i/mult_signed_mode_ex_o_reg[1]/CLK
                                         0.05     0.00       --     0.34     0.34 rp-+      default
  u_core/core_i/id_stage_i/mult_operand_a_ex_o_reg[30]/CLK
                                         0.05     0.00       --     0.34     0.34 rp-+      default
  u_core/core_i/id_stage_i/mult_operator_ex_o_reg[1]/CLK
                                         0.05     0.00       --     0.34     0.34 rp-+      default
  u_core/core_i/id_stage_i/mult_operator_ex_o_reg[2]/CLK
                                         0.05     0.00       --     0.34     0.34 rp-+      default
  u_core/core_i/id_stage_i/mult_operand_a_ex_o_reg[3]/CLK
                                         0.05     0.00       --     0.34     0.34 rp-+      default
  u_core/core_i/id_stage_i/mult_operand_a_ex_o_reg[7]/CLK
                                         0.05     0.00       --     0.34     0.34 rp-+      default
  u_core/core_i/id_stage_i/mult_operand_a_ex_o_reg[31]/CLK
                                         0.05     0.00       --     0.33     0.33 rp-+      default
  u_core/core_i/id_stage_i/mult_operand_a_ex_o_reg[21]/CLK
                                         0.05     0.00       --     0.33     0.33 rp-+      default
  u_core/core_i/id_stage_i/mult_operand_a_ex_o_reg[4]/CLK
                                         0.05     0.00       --     0.33     0.33 rp-+      default
  u_core/core_i/id_stage_i/mult_operand_a_ex_o_reg[0]/CLK
                                         0.05     0.00       --     0.33     0.33 rp-+      default
  u_core/core_i/id_stage_i/mult_operand_a_ex_o_reg[5]/CLK
                                         0.05     0.00       --     0.33     0.33 rp-+      default
  u_core/core_i/id_stage_i/mult_operand_a_ex_o_reg[29]/CLK
                                         0.05     0.00       --     0.33     0.33 rp-+      default
  u_core/core_i/id_stage_i/mult_operand_b_ex_o_reg[30]/CLK
                                         0.05     0.00       --     0.33     0.33 rp-+      default
  u_core/core_i/id_stage_i/mult_operand_a_ex_o_reg[19]/CLK
                                         0.05     0.00       --     0.33     0.33 rp-+      default
  u_core/core_i/id_stage_i/mult_operand_b_ex_o_reg[1]/CLK
                                         0.05     0.00       --     0.33     0.33 rp-+      default
  u_core/core_i/id_stage_i/mult_operand_a_ex_o_reg[6]/CLK
                                         0.05     0.00       --     0.33     0.33 rp-+      default
  u_core/core_i/id_stage_i/mult_operand_a_ex_o_reg[20]/CLK
                                         0.05     0.00       --     0.33     0.33 rp-+      default
  u_core/core_i/id_stage_i/mult_operand_a_ex_o_reg[14]/CLK
                                         0.05     0.00       --     0.33     0.33 rp-+      default
  u_core/core_i/id_stage_i/mult_operand_a_ex_o_reg[8]/CLK
                                         0.05     0.00       --     0.33     0.33 rp-+      default
---------------------------------------------------------------------------------------------------
1
