****************************************
Report : constraint
	-all_violators
	-path slack_only
Design : cv32e40p_synth_wrap
Version: W-2024.09-SP5-3
Date   : Sat May  9 11:59:23 2026
****************************************






   max_capacitance

                             Required        Actual
   Pin                      Capacitance    Capacitance       Slack
   -----------------------------------------------------------------
   u_core/core_i/U1124/Y       16.00          61.85         -45.85  (VIOLATED)
   u_core/core_i/U2072/Y        8.00          45.05         -37.05  (VIOLATED)
   u_core/core_i/U2146/Y        8.00          39.06         -31.06  (VIOLATED)
   u_core/core_i/cs_registers_i/U352/Y
                               16.00          45.62         -29.62  (VIOLATED)
   u_core/core_i/id_stage_i/U19/Y
                               16.00          42.89         -26.89  (VIOLATED)
   u_core/core_i/U209/Y        16.00          42.66         -26.66  (VIOLATED)
   u_core/core_i/id_stage_i/U16/Y
                               16.00          41.75         -25.75  (VIOLATED)
   u_core/core_i/U103/Y        16.00          41.39         -25.39  (VIOLATED)
   u_core/core_i/id_stage_i/U3/Y
                               16.00          40.61         -24.61  (VIOLATED)
   u_core/core_i/id_stage_i/U4/Y
                               16.00          40.61         -24.61  (VIOLATED)
   u_core/core_i/id_stage_i/U13/Y
                               16.00          40.61         -24.61  (VIOLATED)
   u_core/core_i/U21/Y         16.00          40.26         -24.26  (VIOLATED)
   u_core/core_i/U32/Y         16.00          40.26         -24.26  (VIOLATED)
   u_core/core_i/id_stage_i/U14/Y
                               16.00          39.47         -23.47  (VIOLATED)
   u_core/core_i/id_stage_i/U30/Y
                               16.00          39.47         -23.47  (VIOLATED)
   u_core/core_i/U17/Y         16.00          39.14         -23.14  (VIOLATED)
   u_core/core_i/U18/Y         16.00          39.14         -23.14  (VIOLATED)
   u_core/core_i/U97/Y         16.00          39.14         -23.14  (VIOLATED)
   u_core/core_i/id_stage_i/U8/Y
                               16.00          38.33         -22.33  (VIOLATED)
   u_core/core_i/id_stage_i/U10/Y
                               16.00          38.33         -22.33  (VIOLATED)
   u_core/core_i/id_stage_i/U17/Y
                               16.00          38.33         -22.33  (VIOLATED)
   u_core/core_i/id_stage_i/U6/Y
                               16.00          37.19         -21.19  (VIOLATED)
   u_core/core_i/id_stage_i/U9/Y
                               16.00          37.19         -21.19  (VIOLATED)
   u_core/core_i/id_stage_i/U15/Y
                               16.00          37.19         -21.19  (VIOLATED)
   u_core/core_i/id_stage_i/U21/Y
                               16.00          37.19         -21.19  (VIOLATED)
   u_core/core_i/U280/Y        16.00          36.88         -20.88  (VIOLATED)
   u_core/core_i/id_stage_i/U7/Y
                               16.00          36.06         -20.06  (VIOLATED)
   u_core/core_i/id_stage_i/U25/Y
                               16.00          36.06         -20.06  (VIOLATED)
   u_core/core_i/U158/Y        16.00          35.76         -19.76  (VIOLATED)
   u_core/core_i/U15/Y         16.00          34.78         -18.78  (VIOLATED)
   u_core/core_i/U14/Y         16.00          34.63         -18.63  (VIOLATED)
   u_core/core_i/U24/Y         16.00          34.63         -18.63  (VIOLATED)
   u_core/core_i/U4499/Y       16.00          34.33         -18.33  (VIOLATED)
   u_core/core_i/id_stage_i/U11/Y
                               16.00          33.78         -17.78  (VIOLATED)
   u_core/core_i/id_stage_i/U23/Y
                               16.00          33.78         -17.78  (VIOLATED)
   u_core/core_i/id_stage_i/U37/Y
                               16.00          33.78         -17.78  (VIOLATED)
   u_core/core_i/U25/Y         16.00          33.51         -17.51  (VIOLATED)
   u_core/core_i/U240/Y        16.00          33.51         -17.51  (VIOLATED)
   u_core/core_i/cs_registers_i/U5/Y
                               16.00          33.10         -17.10  (VIOLATED)
   u_core/core_i/U23/Y         16.00          32.38         -16.38  (VIOLATED)
   u_core/core_i/U56/Y         16.00          32.38         -16.38  (VIOLATED)
   u_core/core_i/U168/Y        16.00          32.38         -16.38  (VIOLATED)
   u_core/core_i/U210/Y        16.00          32.38         -16.38  (VIOLATED)
   u_core/core_i/U4492/Y       16.00          32.20         -16.20  (VIOLATED)
   u_core/core_i/id_stage_i/U5/Y
                               16.00          31.50         -15.50  (VIOLATED)
   u_core/core_i/id_stage_i/U22/Y
                               16.00          31.50         -15.50  (VIOLATED)
   u_core/core_i/id_stage_i/U24/Y
                               16.00          31.50         -15.50  (VIOLATED)
   u_core/core_i/id_stage_i/U26/Y
                               16.00          31.50         -15.50  (VIOLATED)
   u_core/core_i/U275/Y        16.00          31.26         -15.26  (VIOLATED)
   u_core/core_i/U282/Y        16.00          31.26         -15.26  (VIOLATED)
   u_core/core_i/U1618/Y        8.00          22.78         -14.78  (VIOLATED)
   u_core/core_i/id_stage_i/U33/Y
                               16.00          30.36         -14.36  (VIOLATED)
   u_core/core_i/cs_registers_i/U6/Y
                               16.00          29.61         -13.61  (VIOLATED)
   u_core/core_i/id_stage_i/U12/Y
                               16.00          29.22         -13.22  (VIOLATED)
   u_core/core_i/id_stage_i/U27/Y
                               16.00          29.22         -13.22  (VIOLATED)
   u_core/core_i/U198/Y        16.00          29.01         -13.01  (VIOLATED)
   u_core/core_i/U208/Y        16.00          29.01         -13.01  (VIOLATED)
   u_core/core_i/cs_registers_i/U1139/Y
                                8.00          20.71         -12.71  (VIOLATED)
   u_core/core_i/cs_registers_i/U1246/Y
                                8.00          20.71         -12.71  (VIOLATED)
   u_core/core_i/cs_registers_i/U147/Y
                                8.00          20.48         -12.48  (VIOLATED)
   u_core/core_i/cs_registers_i/U7/Y
                               16.00          28.45         -12.45  (VIOLATED)
   u_core/core_i/id_stage_i/U18/Y
                               16.00          28.08         -12.08  (VIOLATED)
   u_core/core_i/id_stage_i/U29/Y
                               16.00          28.08         -12.08  (VIOLATED)
   u_core/core_i/id_stage_i/U34/Y
                               16.00          28.08         -12.08  (VIOLATED)
   u_core/core_i/id_stage_i/U190/Y
                                8.00          20.03         -12.03  (VIOLATED)
   u_core/core_i/cs_registers_i/U174/Y
                                8.00          19.62         -11.62  (VIOLATED)
   u_core/core_i/id_stage_i/U79/Y
                                8.00          19.62         -11.62  (VIOLATED)
   u_core/core_i/id_stage_i/U113/Y
                                8.00          19.62         -11.62  (VIOLATED)
   u_core/core_i/U1009/Y        8.00          19.53         -11.53  (VIOLATED)
   u_core/core_i/cs_registers_i/U1243/Y
                                8.00          19.50         -11.50  (VIOLATED)
   u_core/core_i/id_stage_i/U712/Y
                                8.00          19.37         -11.37  (VIOLATED)
   u_core/core_i/cs_registers_i/U4/Y
                               16.00          27.29         -11.29  (VIOLATED)
   u_core/core_i/cs_registers_i/U128/Y
                                8.00          19.10         -11.10  (VIOLATED)
   u_core/core_i/cs_registers_i/U94/Y
                                8.00          19.02         -11.02  (VIOLATED)
   u_core/core_i/cs_registers_i/U102/Y
                                8.00          18.96         -10.96  (VIOLATED)
   u_core/core_i/U734/Y         8.00          18.96         -10.96  (VIOLATED)
   u_core/core_i/id_stage_i/U20/Y
                               16.00          26.94         -10.94  (VIOLATED)
   u_core/core_i/id_stage_i/U31/Y
                               16.00          26.94         -10.94  (VIOLATED)
   u_core/core_i/id_stage_i/U32/Y
                               16.00          26.94         -10.94  (VIOLATED)
   u_core/core_i/cs_registers_i/U74/Y
                                8.00          18.94         -10.94  (VIOLATED)
   u_core/core_i/id_stage_i/U107/Y
                                8.00          18.89         -10.89  (VIOLATED)
   u_core/core_i/id_stage_i/U111/Y
                                8.00          18.89         -10.89  (VIOLATED)
   u_core/core_i/id_stage_i/U634/Y
                                8.00          18.84         -10.84  (VIOLATED)
   u_core/core_i/id_stage_i/U188/Y
                                8.00          18.82         -10.82  (VIOLATED)
   u_core/core_i/U1586/Y       16.00          26.81         -10.81  (VIOLATED)
   u_core/core_i/U281/Y        16.00          26.75         -10.75  (VIOLATED)
   u_core/core_i/id_stage_i/U121/Y
                                8.00          18.70         -10.70  (VIOLATED)
   u_core/core_i/cs_registers_i/U10/Y
                               16.00          26.57         -10.57  (VIOLATED)
   u_core/core_i/U1483/Y        8.00          18.55         -10.55  (VIOLATED)
   u_core/core_i/U4439/Y       16.00          26.53         -10.53  (VIOLATED)
   u_core/core_i/cs_registers_i/U127/Y
                                8.00          18.36         -10.36  (VIOLATED)
   u_core/core_i/cs_registers_i/U90/Y
                                8.00          18.36         -10.36  (VIOLATED)
   u_core/core_i/cs_registers_i/U138/Y
                                8.00          18.36         -10.36  (VIOLATED)
   u_core/core_i/cs_registers_i/U59/Y
                                8.00          18.35         -10.35  (VIOLATED)
   u_core/core_i/U276/Y         8.00          18.25         -10.25  (VIOLATED)
   u_core/core_i/U1474/Y        8.00          18.22         -10.22  (VIOLATED)
   u_core/core_i/cs_registers_i/U8/Y
                               16.00          26.12         -10.12  (VIOLATED)
   u_core/core_i/id_stage_i/U28/Y
                               16.00          26.10         -10.10  (VIOLATED)
   u_core/core_i/cs_registers_i/U62/Y
                                8.00          18.10         -10.10  (VIOLATED)
   u_core/core_i/id_stage_i/U194/Y
                                8.00          18.08         -10.08  (VIOLATED)
   u_core/core_i/cs_registers_i/U1137/Y
                                8.00          18.06         -10.06  (VIOLATED)
   u_core/core_i/cs_registers_i/U145/Y
                                8.00          17.99          -9.99  (VIOLATED)
   u_core/core_i/U20/Y          8.00          17.86          -9.86  (VIOLATED)
   u_core/core_i/U4525/Y        8.00          17.85          -9.85  (VIOLATED)
   u_core/core_i/id_stage_i/U122/Y
                                8.00          17.84          -9.84  (VIOLATED)
   u_core/core_i/U4511/Y        8.00          17.82          -9.82  (VIOLATED)
   u_core/core_i/U4517/Y        8.00          17.72          -9.72  (VIOLATED)
   u_core/core_i/id_stage_i/U184/Y
                                8.00          17.68          -9.68  (VIOLATED)
   u_core/core_i/U92/Y         16.00          25.63          -9.63  (VIOLATED)
   u_core/core_i/U95/Y         16.00          25.63          -9.63  (VIOLATED)
   u_core/core_i/U277/Y        16.00          25.63          -9.63  (VIOLATED)
   u_core/core_i/U4438/Y       16.00          25.46          -9.46  (VIOLATED)
   u_core/core_i/id_stage_i/U85/Y
                                8.00          17.44          -9.44  (VIOLATED)
   u_core/core_i/id_stage_i/U86/Y
                                8.00          17.44          -9.44  (VIOLATED)
   u_core/core_i/id_stage_i/U87/Y
                                8.00          17.44          -9.44  (VIOLATED)
   u_core/core_i/id_stage_i/U88/Y
                                8.00          17.44          -9.44  (VIOLATED)
   u_core/core_i/id_stage_i/U89/Y
                                8.00          17.44          -9.44  (VIOLATED)
   u_core/core_i/id_stage_i/U90/Y
                                8.00          17.44          -9.44  (VIOLATED)
   u_core/core_i/id_stage_i/U91/Y
                                8.00          17.44          -9.44  (VIOLATED)
   u_core/core_i/id_stage_i/U92/Y
                                8.00          17.44          -9.44  (VIOLATED)
   u_core/core_i/id_stage_i/U93/Y
                                8.00          17.44          -9.44  (VIOLATED)
   u_core/core_i/id_stage_i/U94/Y
                                8.00          17.44          -9.44  (VIOLATED)
   u_core/core_i/id_stage_i/U95/Y
                                8.00          17.44          -9.44  (VIOLATED)
   u_core/core_i/id_stage_i/U96/Y
                                8.00          17.44          -9.44  (VIOLATED)
   u_core/core_i/id_stage_i/U97/Y
                                8.00          17.44          -9.44  (VIOLATED)
   u_core/core_i/id_stage_i/U98/Y
                                8.00          17.44          -9.44  (VIOLATED)
   u_core/core_i/id_stage_i/U99/Y
                                8.00          17.44          -9.44  (VIOLATED)
   u_core/core_i/id_stage_i/U100/Y
                                8.00          17.44          -9.44  (VIOLATED)
   u_core/core_i/id_stage_i/U101/Y
                                8.00          17.44          -9.44  (VIOLATED)
   u_core/core_i/id_stage_i/U102/Y
                                8.00          17.44          -9.44  (VIOLATED)
   u_core/core_i/id_stage_i/U103/Y
                                8.00          17.44          -9.44  (VIOLATED)
   u_core/core_i/id_stage_i/U104/Y
                                8.00          17.44          -9.44  (VIOLATED)
   u_core/core_i/id_stage_i/U105/Y
                                8.00          17.44          -9.44  (VIOLATED)
   u_core/core_i/id_stage_i/U106/Y
                                8.00          17.44          -9.44  (VIOLATED)
   u_core/core_i/id_stage_i/U108/Y
                                8.00          17.44          -9.44  (VIOLATED)
   u_core/core_i/id_stage_i/U109/Y
                                8.00          17.44          -9.44  (VIOLATED)
   u_core/core_i/id_stage_i/U110/Y
                                8.00          17.44          -9.44  (VIOLATED)
   u_core/core_i/id_stage_i/U112/Y
                                8.00          17.44          -9.44  (VIOLATED)
   u_core/core_i/id_stage_i/U114/Y
                                8.00          17.44          -9.44  (VIOLATED)
   u_core/core_i/U4504/Y       16.00          25.30          -9.30  (VIOLATED)
   u_core/core_i/U1406/Y        8.00          17.12          -9.12  (VIOLATED)
   u_core/core_i/U4515/Y        8.00          17.07          -9.07  (VIOLATED)
   u_core/core_i/cs_registers_i/U9/Y
                               16.00          24.96          -8.96  (VIOLATED)
   u_core/core_i/U1673/Y        8.00          16.90          -8.90  (VIOLATED)
   u_core/core_i/cs_registers_i/U49/Y
                                8.00          16.68          -8.68  (VIOLATED)
   u_core/core_i/id_stage_i/U36/Y
                               16.00          24.67          -8.67  (VIOLATED)
   u_core/core_i/U4508/Y        8.00          16.56          -8.56  (VIOLATED)
   u_core/core_i/U1819/Y        8.00          16.43          -8.43  (VIOLATED)
   u_core/core_i/U2280/Y        8.00          16.41          -8.41  (VIOLATED)
   u_core/core_i/cs_registers_i/U75/Y
                               16.00          24.04          -8.04  (VIOLATED)
   u_core/core_i/id_stage_i/U1678/Y
                               16.00          23.82          -7.82  (VIOLATED)
   u_core/core_i/U4427/Y       16.00          23.65          -7.65  (VIOLATED)
   u_core/core_i/cs_registers_i/U148/Y
                               16.00          23.58          -7.58  (VIOLATED)
   u_core/core_i/cs_registers_i/U137/Y
                                8.00          15.52          -7.52  (VIOLATED)
   u_core/core_i/U852/Y         8.00          15.48          -7.48  (VIOLATED)
   u_core/core_i/id_stage_i/U1669/Y
                               16.00          23.47          -7.47  (VIOLATED)
   u_core/core_i/cs_registers_i/U1338/Y
                                8.00          15.38          -7.38  (VIOLATED)
   u_core/core_i/U110/Y        16.00          23.38          -7.38  (VIOLATED)
   u_core/core_i/U478/Y         8.00          15.34          -7.34  (VIOLATED)
   u_core/core_i/U4502/Y       16.00          23.24          -7.24  (VIOLATED)
   u_core/core_i/id_stage_i/U128/Y
                                8.00          15.18          -7.18  (VIOLATED)
   u_core/core_i/U5626/Y        8.00          15.18          -7.18  (VIOLATED)
   u_core/core_i/id_stage_i/U1216/Y
                                8.00          15.14          -7.14  (VIOLATED)
   u_core/core_i/U13/Y         16.00          22.92          -6.92  (VIOLATED)
   u_core/core_i/cs_registers_i/U46/Y
                               32.00          38.85          -6.85  (VIOLATED)
   u_core/core_i/U1019/Y        8.00          14.82          -6.82  (VIOLATED)
   u_core/core_i/cs_registers_i/U77/Y
                               16.00          22.75          -6.75  (VIOLATED)
   u_core/core_i/U3983/Y        8.00          14.49          -6.49  (VIOLATED)
   u_core/core_i/cs_registers_i/U64/Y
                                8.00          14.43          -6.43  (VIOLATED)
   u_core/core_i/cs_registers_i/U150/Y
                                8.00          14.33          -6.33  (VIOLATED)
   u_core/core_i/cs_registers_i/U84/Y
                                8.00          14.30          -6.30  (VIOLATED)
   u_core/core_i/U1702/Y        8.00          14.24          -6.24  (VIOLATED)
   u_core/core_i/U12/Y         16.00          22.14          -6.14  (VIOLATED)
   u_core/core_i/U5625/Y        8.00          14.09          -6.09  (VIOLATED)
   u_core/core_i/U1538/Y        8.00          13.87          -5.87  (VIOLATED)
   u_core/core_i/U2731/Y        8.00          13.75          -5.75  (VIOLATED)
   u_core/core_i/U5623/Y        8.00          13.69          -5.69  (VIOLATED)
   u_core/core_i/U984/Y         8.00          13.51          -5.51  (VIOLATED)
   u_core/core_i/cs_registers_i/U11/Y
                               16.00          21.47          -5.47  (VIOLATED)
   u_core/core_i/cs_registers_i/U274/Y
                                8.00          13.36          -5.36  (VIOLATED)
   u_core/core_i/id_stage_i/U59/Y
                                8.00          13.31          -5.31  (VIOLATED)
   u_core/core_i/U2286/Y        8.00          13.20          -5.20  (VIOLATED)
   u_core/core_i/cs_registers_i/U71/Y
                               16.00          21.19          -5.19  (VIOLATED)
   u_core/core_i/id_stage_i/U68/Y
                                8.00          13.13          -5.13  (VIOLATED)
   u_core/core_i/U278/Y        16.00          21.13          -5.13  (VIOLATED)
   u_core/core_i/U1950/Y        8.00          13.03          -5.03  (VIOLATED)
   u_core/core_i/U1773/Y        8.00          13.03          -5.03  (VIOLATED)
   u_core/core_i/U1743/Y        8.00          12.96          -4.96  (VIOLATED)
   u_core/core_i/U1734/Y        8.00          12.96          -4.96  (VIOLATED)
   u_core/core_i/U1731/Y        8.00          12.94          -4.94  (VIOLATED)
   u_core/core_i/U1732/Y        8.00          12.94          -4.94  (VIOLATED)
   u_core/core_i/U1704/Y        8.00          12.94          -4.94  (VIOLATED)
   u_core/core_i/U1722/Y        8.00          12.94          -4.94  (VIOLATED)
   u_core/core_i/U1727/Y        8.00          12.94          -4.94  (VIOLATED)
   u_core/core_i/U1739/Y        8.00          12.91          -4.91  (VIOLATED)
   u_core/core_i/U967/Y         8.00          12.91          -4.91  (VIOLATED)
   u_core/core_i/id_stage_i/U182/Y
                                8.00          12.88          -4.88  (VIOLATED)
   u_core/core_i/U1777/Y        8.00          12.82          -4.82  (VIOLATED)
   u_core/core_i/id_stage_i/U415/Y
                                8.00          12.79          -4.79  (VIOLATED)
   u_core/core_i/id_stage_i/U129/Y
                                8.00          12.79          -4.79  (VIOLATED)
   u_core/core_i/id_stage_i/U61/Y
                                8.00          12.74          -4.74  (VIOLATED)
   u_core/core_i/U2040/Y        8.00          12.70          -4.70  (VIOLATED)
   u_core/core_i/U1785/Y        8.00          12.66          -4.66  (VIOLATED)
   u_core/core_i/U1711/Y        8.00          12.63          -4.63  (VIOLATED)
   u_core/core_i/U929/Y         8.00          12.58          -4.58  (VIOLATED)
   u_core/core_i/U948/Y         8.00          12.57          -4.57  (VIOLATED)
   u_core/core_i/id_stage_i/U60/Y
                                8.00          12.55          -4.55  (VIOLATED)
   u_core/core_i/id_stage_i/U77/Y
                                8.00          12.53          -4.53  (VIOLATED)
   u_core/core_i/U2149/Y        8.00          12.53          -4.53  (VIOLATED)
   u_core/core_i/U2718/Y        8.00          12.48          -4.48  (VIOLATED)
   u_core/core_i/id_stage_i/U200/Y
                               16.00          20.33          -4.33  (VIOLATED)
   u_core/core_i/id_stage_i/alu_operator_ex_o_reg[2]/Q
                                8.00          12.16          -4.16  (VIOLATED)
   u_core/core_i/U727/Y        16.00          20.14          -4.14  (VIOLATED)
   u_core/core_i/U1513/Y        8.00          12.05          -4.05  (VIOLATED)
   u_core/core_i/U1666/Y        8.00          12.04          -4.04  (VIOLATED)
   u_core/core_i/U725/Y        16.00          20.03          -4.03  (VIOLATED)
   u_core/core_i/U947/Y         8.00          11.98          -3.98  (VIOLATED)
   u_core/core_i/cs_registers_i/U151/Y
                               16.00          19.86          -3.86  (VIOLATED)
   u_core/core_i/id_stage_i/U358/Y
                               16.00          19.75          -3.75  (VIOLATED)
   u_core/core_i/id_stage_i/U360/Y
                               16.00          19.75          -3.75  (VIOLATED)
   u_core/core_i/U1792/Y        8.00          11.74          -3.74  (VIOLATED)
   u_core/core_i/cs_registers_i/U336/Y
                                8.00          11.66          -3.66  (VIOLATED)
   u_core/core_i/U4111/Y        8.00          11.61          -3.61  (VIOLATED)
   u_core/core_i/cs_registers_i/U335/Y
                                8.00          11.50          -3.50  (VIOLATED)
   u_core/core_i/cs_registers_i/U152/Y
                               16.00          19.46          -3.46  (VIOLATED)
   u_core/core_i/id_stage_i/U81/Y
                                8.00          11.45          -3.45  (VIOLATED)
   u_core/core_i/id_stage_i/U1227/Y
                               16.00          19.40          -3.40  (VIOLATED)
   u_core/core_i/id_stage_i/U1281/Y
                               16.00          19.40          -3.40  (VIOLATED)
   u_core/core_i/id_stage_i/U1290/Y
                               16.00          19.40          -3.40  (VIOLATED)
   u_core/core_i/id_stage_i/U716/Y
                               16.00          19.38          -3.38  (VIOLATED)
   u_core/core_i/id_stage_i/U1075/Y
                               16.00          19.38          -3.38  (VIOLATED)
   u_core/core_i/id_stage_i/U1179/Y
                               16.00          19.38          -3.38  (VIOLATED)
   u_core/core_i/id_stage_i/U1181/Y
                               16.00          19.38          -3.38  (VIOLATED)
   u_core/core_i/id_stage_i/U1182/Y
                               16.00          19.38          -3.38  (VIOLATED)
   u_core/core_i/id_stage_i/U1183/Y
                               16.00          19.38          -3.38  (VIOLATED)
   u_core/core_i/id_stage_i/U1187/Y
                               16.00          19.38          -3.38  (VIOLATED)
   u_core/core_i/id_stage_i/U1189/Y
                               16.00          19.38          -3.38  (VIOLATED)
   u_core/core_i/id_stage_i/U718/Y
                               16.00          19.38          -3.38  (VIOLATED)
   u_core/core_i/id_stage_i/U3968/Y
                                8.00          11.35          -3.35  (VIOLATED)
   u_core/core_i/cs_registers_i/U122/Y
                                8.00          11.35          -3.35  (VIOLATED)
   u_core/core_i/id_stage_i/U53/Y
                                8.00          11.26          -3.26  (VIOLATED)
   u_core/core_i/U2859/Y        8.00          11.21          -3.21  (VIOLATED)
   u_core/core_i/cs_registers_i/U66/Y
                                8.00          11.12          -3.12  (VIOLATED)
   u_core/core_i/U1703/Y        8.00          11.10          -3.10  (VIOLATED)
   u_core/core_i/U5629/Y        8.00          11.07          -3.07  (VIOLATED)
   u_core/core_i/id_stage_i/mult_operand_a_ex_o_reg[27]/Q
                                8.00          10.87          -2.87  (VIOLATED)
   u_core/core_i/cs_registers_i/U2191/Y
                                8.00          10.85          -2.85  (VIOLATED)
   u_core/core_i/U2356/Y        8.00          10.84          -2.84  (VIOLATED)
   u_core/core_i/U748/Y         8.00          10.83          -2.83  (VIOLATED)
   u_core/core_i/id_stage_i/U1185/Y
                               16.00          18.78          -2.78  (VIOLATED)
   u_core/core_i/id_stage_i/U1215/Y
                               16.00          18.78          -2.78  (VIOLATED)
   u_core/core_i/id_stage_i/U1241/Y
                               16.00          18.78          -2.78  (VIOLATED)
   u_core/core_i/id_stage_i/U1272/Y
                               16.00          18.78          -2.78  (VIOLATED)
   u_core/core_i/id_stage_i/U548/Y
                               16.00          18.77          -2.77  (VIOLATED)
   u_core/core_i/id_stage_i/U1303/Y
                               16.00          18.72          -2.72  (VIOLATED)
   u_core/core_i/id_stage_i/U1315/Y
                               16.00          18.72          -2.72  (VIOLATED)
   u_core/core_i/id_stage_i/U1316/Y
                               16.00          18.72          -2.72  (VIOLATED)
   u_core/core_i/id_stage_i/U1373/Y
                               16.00          18.72          -2.72  (VIOLATED)
   u_core/core_i/id_stage_i/U1397/Y
                               16.00          18.72          -2.72  (VIOLATED)
   u_core/core_i/id_stage_i/U1499/Y
                               16.00          18.72          -2.72  (VIOLATED)
   u_core/core_i/id_stage_i/U1604/Y
                               16.00          18.72          -2.72  (VIOLATED)
   u_core/core_i/cs_registers_i/U112/Y
                                8.00          10.67          -2.67  (VIOLATED)
   u_core/core_i/id_stage_i/U1400/Y
                               16.00          18.66          -2.66  (VIOLATED)
   u_core/core_i/id_stage_i/U1401/Y
                               16.00          18.66          -2.66  (VIOLATED)
   u_core/core_i/U4231/Y       16.00          18.58          -2.58  (VIOLATED)
   u_core/core_i/U972/Y         8.00          10.58          -2.58  (VIOLATED)
   u_core/core_i/U2874/Y        8.00          10.57          -2.57  (VIOLATED)
   u_core/core_i/id_stage_i/regfile_alu_we_ex_o_reg/Q
                                8.00          10.57          -2.57  (VIOLATED)
   u_core/core_i/U890/Y         8.00          10.49          -2.49  (VIOLATED)
   u_core/core_i/id_stage_i/U273/Y
                               16.00          18.47          -2.47  (VIOLATED)
   u_core/core_i/id_stage_i/U294/Y
                               16.00          18.47          -2.47  (VIOLATED)
   u_core/core_i/id_stage_i/U331/Y
                               16.00          18.47          -2.47  (VIOLATED)
   u_core/core_i/id_stage_i/U334/Y
                               16.00          18.47          -2.47  (VIOLATED)
   u_core/core_i/id_stage_i/U336/Y
                               16.00          18.47          -2.47  (VIOLATED)
   u_core/core_i/id_stage_i/U353/Y
                               16.00          18.47          -2.47  (VIOLATED)
   u_core/core_i/id_stage_i/U362/Y
                               16.00          18.47          -2.47  (VIOLATED)
   u_core/core_i/id_stage_i/U369/Y
                               16.00          18.47          -2.47  (VIOLATED)
   u_core/core_i/id_stage_i/U371/Y
                               16.00          18.47          -2.47  (VIOLATED)
   u_core/core_i/id_stage_i/U380/Y
                               16.00          18.43          -2.43  (VIOLATED)
   u_core/core_i/cs_registers_i/U2190/Y
                                8.00          10.42          -2.42  (VIOLATED)
   u_core/core_i/id_stage_i/U399/Y
                                8.00          10.30          -2.30  (VIOLATED)
   u_core/core_i/U305/Y         8.00          10.27          -2.27  (VIOLATED)
   u_core/core_i/U5630/Y        8.00          10.23          -2.23  (VIOLATED)
   u_core/core_i/cs_registers_i/U80/Y
                               16.00          18.23          -2.23  (VIOLATED)
   u_core/core_i/id_stage_i/U1291/Y
                                8.00          10.19          -2.19  (VIOLATED)
   u_core/core_i/id_stage_i/U1211/Y
                                8.00          10.13          -2.13  (VIOLATED)
   u_core/core_i/id_stage_i/U1218/Y
                                8.00          10.13          -2.13  (VIOLATED)
   u_core/core_i/id_stage_i/U1243/Y
                                8.00          10.13          -2.13  (VIOLATED)
   u_core/core_i/id_stage_i/U1278/Y
                                8.00          10.13          -2.13  (VIOLATED)
   u_core/core_i/id_stage_i/U3499/Y
                                8.00          10.13          -2.13  (VIOLATED)
   u_core/core_i/id_stage_i/U3661/Y
                                8.00          10.13          -2.13  (VIOLATED)
   u_core/core_i/id_stage_i/U4220/Y
                                8.00          10.13          -2.13  (VIOLATED)
   u_core/core_i/id_stage_i/U4262/Y
                                8.00          10.13          -2.13  (VIOLATED)
   u_core/core_i/id_stage_i/U4346/Y
                                8.00          10.13          -2.13  (VIOLATED)
   u_core/core_i/id_stage_i/U4430/Y
                                8.00          10.13          -2.13  (VIOLATED)
   u_core/core_i/id_stage_i/U1311/Y
                               16.00          18.13          -2.13  (VIOLATED)
   u_core/core_i/id_stage_i/U1312/Y
                               16.00          18.13          -2.13  (VIOLATED)
   u_core/core_i/id_stage_i/U1318/Y
                               16.00          18.13          -2.13  (VIOLATED)
   u_core/core_i/id_stage_i/U1175/Y
                               16.00          18.10          -2.10  (VIOLATED)
   u_core/core_i/id_stage_i/U1176/Y
                               16.00          18.10          -2.10  (VIOLATED)
   u_core/core_i/id_stage_i/U1177/Y
                               16.00          18.10          -2.10  (VIOLATED)
   u_core/core_i/cs_registers_i/U63/Y
                                8.00          10.06          -2.06  (VIOLATED)
   u_core/core_i/id_stage_i/U1500/Y
                               16.00          18.06          -2.06  (VIOLATED)
   u_core/core_i/U2719/Y        8.00           9.94          -1.94  (VIOLATED)
   u_core/core_i/U2990/Y        8.00           9.94          -1.94  (VIOLATED)
   u_core/core_i/id_stage_i/U292/Y
                                8.00           9.89          -1.89  (VIOLATED)
   u_core/core_i/id_stage_i/U1332/Y
                               16.00          17.88          -1.88  (VIOLATED)
   u_core/core_i/id_stage_i/U1341/Y
                               16.00          17.88          -1.88  (VIOLATED)
   u_core/core_i/id_stage_i/U1196/Y
                                8.00           9.86          -1.86  (VIOLATED)
   u_core/core_i/id_stage_i/U1253/Y
                               16.00          17.83          -1.83  (VIOLATED)
   u_core/core_i/id_stage_i/U1256/Y
                               16.00          17.83          -1.83  (VIOLATED)
   u_core/core_i/id_stage_i/U1333/Y
                               16.00          17.83          -1.83  (VIOLATED)
   u_core/core_i/id_stage_i/U1339/Y
                               16.00          17.83          -1.83  (VIOLATED)
   u_core/core_i/id_stage_i/U1526/Y
                               16.00          17.83          -1.83  (VIOLATED)
   u_core/core_i/id_stage_i/U213/Y
                                8.00           9.78          -1.78  (VIOLATED)
   u_core/core_i/id_stage_i/U248/Y
                                8.00           9.76          -1.76  (VIOLATED)
   u_core/core_i/id_stage_i/U1323/Y
                                8.00           9.76          -1.76  (VIOLATED)
   u_core/core_i/id_stage_i/U1578/Y
                                8.00           9.76          -1.76  (VIOLATED)
   u_core/core_i/id_stage_i/U1603/Y
                                8.00           9.76          -1.76  (VIOLATED)
   u_core/core_i/id_stage_i/U1632/Y
                                8.00           9.76          -1.76  (VIOLATED)
   u_core/core_i/id_stage_i/U1633/Y
                                8.00           9.76          -1.76  (VIOLATED)
   u_core/core_i/U2581/Y        8.00           9.75          -1.75  (VIOLATED)
   u_core/core_i/id_stage_i/U395/Y
                                8.00           9.71          -1.71  (VIOLATED)
   u_core/core_i/id_stage_i/U82/Y
                                8.00           9.61          -1.61  (VIOLATED)
   u_core/core_i/U5622/Y        8.00           9.59          -1.59  (VIOLATED)
   u_core/core_i/U745/Y         8.00           9.57          -1.57  (VIOLATED)
   u_core/core_i/U1025/Y        8.00           9.56          -1.56  (VIOLATED)
   u_core/core_i/id_stage_i/U1308/Y
                               16.00          17.53          -1.53  (VIOLATED)
   u_core/core_i/id_stage_i/U1399/Y
                               16.00          17.53          -1.53  (VIOLATED)
   u_core/core_i/id_stage_i/U1404/Y
                               16.00          17.53          -1.53  (VIOLATED)
   u_core/core_i/U1680/Y        8.00           9.52          -1.52  (VIOLATED)
   u_core/core_i/id_stage_i/U1244/Y
                                8.00           9.52          -1.52  (VIOLATED)
   u_core/core_i/id_stage_i/U1247/Y
                                8.00           9.52          -1.52  (VIOLATED)
   u_core/core_i/U1060/Y        8.00           9.48          -1.48  (VIOLATED)
   u_core/core_i/cs_registers_i/U82/Y
                                8.00           9.48          -1.48  (VIOLATED)
   u_core/core_i/U1042/Y        8.00           9.42          -1.42  (VIOLATED)
   u_core/core_i/U1092/Y        8.00           9.42          -1.42  (VIOLATED)
   u_core/core_i/U1136/Y        8.00           9.42          -1.42  (VIOLATED)
   u_core/core_i/U704/Y         8.00           9.41          -1.41  (VIOLATED)
   u_core/core_i/id_stage_i/U1296/Y
                                8.00           9.40          -1.40  (VIOLATED)
   u_core/core_i/U1038/Y        8.00           9.40          -1.40  (VIOLATED)
   u_core/core_i/U1088/Y        8.00           9.40          -1.40  (VIOLATED)
   u_core/core_i/U1132/Y        8.00           9.40          -1.40  (VIOLATED)
   u_core/core_i/U979/Y         8.00           9.39          -1.39  (VIOLATED)
   u_core/core_i/cs_registers_i/U76/Y
                               16.00          17.38          -1.38  (VIOLATED)
   u_core/core_i/U4224/Y       16.00          17.33          -1.33  (VIOLATED)
   u_core/core_i/U4228/Y       16.00          17.33          -1.33  (VIOLATED)
   u_core/core_i/U2856/Y        8.00           9.31          -1.31  (VIOLATED)
   u_core/core_i/U2869/Y        8.00           9.31          -1.31  (VIOLATED)
   u_core/core_i/id_stage_i/U1263/Y
                                8.00           9.30          -1.30  (VIOLATED)
   u_core/core_i/id_stage_i/U1268/Y
                                8.00           9.30          -1.30  (VIOLATED)
   u_core/core_i/id_stage_i/U1269/Y
                                8.00           9.30          -1.30  (VIOLATED)
   u_core/core_i/id_stage_i/U1368/Y
                                8.00           9.30          -1.30  (VIOLATED)
   u_core/core_i/id_stage_i/U1551/Y
                                8.00           9.30          -1.30  (VIOLATED)
   u_core/core_i/id_stage_i/U1608/Y
                                8.00           9.30          -1.30  (VIOLATED)
   u_core/core_i/id_stage_i/U1631/Y
                                8.00           9.30          -1.30  (VIOLATED)
   u_core/core_i/id_stage_i/U211/Y
                                8.00           9.29          -1.29  (VIOLATED)
   u_core/core_i/id_stage_i/U226/Y
                                8.00           9.29          -1.29  (VIOLATED)
   u_core/core_i/id_stage_i/U270/Y
                                8.00           9.29          -1.29  (VIOLATED)
   u_core/core_i/id_stage_i/U274/Y
                               16.00          17.27          -1.27  (VIOLATED)
   u_core/core_i/id_stage_i/U279/Y
                               16.00          17.27          -1.27  (VIOLATED)
   u_core/core_i/id_stage_i/U286/Y
                               16.00          17.27          -1.27  (VIOLATED)
   u_core/core_i/id_stage_i/U291/Y
                               16.00          17.27          -1.27  (VIOLATED)
   u_core/core_i/id_stage_i/U296/Y
                               16.00          17.27          -1.27  (VIOLATED)
   u_core/core_i/id_stage_i/U373/Y
                               16.00          17.27          -1.27  (VIOLATED)
   u_core/core_i/id_stage_i/U376/Y
                               16.00          17.27          -1.27  (VIOLATED)
   u_core/core_i/id_stage_i/U388/Y
                                8.00           9.24          -1.24  (VIOLATED)
   u_core/core_i/if_stage_i/instr_rdata_id_o_reg[30]/Q
                                8.00           9.23          -1.23  (VIOLATED)
   u_core/core_i/U4134/Y        8.00           9.22          -1.22  (VIOLATED)
   u_core/core_i/id_stage_i/U390/Y
                                8.00           9.21          -1.21  (VIOLATED)
   u_core/core_i/U2310/Y        8.00           9.20          -1.20  (VIOLATED)
   u_core/core_i/U1380/Y        8.00           9.20          -1.20  (VIOLATED)
   u_core/core_i/id_stage_i/U1279/Y
                                8.00           9.19          -1.19  (VIOLATED)
   u_core/core_i/U701/Y         8.00           9.18          -1.18  (VIOLATED)
   u_core/core_i/id_stage_i/U249/Y
                                8.00           9.17          -1.17  (VIOLATED)
   u_core/core_i/id_stage_i/U1344/Y
                                8.00           9.17          -1.17  (VIOLATED)
   u_core/core_i/id_stage_i/U198/Y
                               16.00          17.13          -1.13  (VIOLATED)
   u_core/core_i/id_stage_i/U289/Y
                                8.00           9.13          -1.13  (VIOLATED)
   u_core/core_i/cs_registers_i/U61/Y
                                8.00           9.06          -1.06  (VIOLATED)
   u_core/core_i/U2584/Y        8.00           9.04          -1.04  (VIOLATED)
   u_core/core_i/U1057/Y        8.00           9.03          -1.03  (VIOLATED)
   u_core/core_i/id_stage_i/U1208/Y
                                8.00           8.91          -0.91  (VIOLATED)
   u_core/core_i/id_stage_i/U1212/Y
                                8.00           8.91          -0.91  (VIOLATED)
   u_core/core_i/id_stage_i/U1217/Y
                                8.00           8.91          -0.91  (VIOLATED)
   u_core/core_i/id_stage_i/U1249/Y
                                8.00           8.91          -0.91  (VIOLATED)
   u_core/core_i/id_stage_i/U3457/Y
                                8.00           8.91          -0.91  (VIOLATED)
   u_core/core_i/id_stage_i/U3703/Y
                                8.00           8.91          -0.91  (VIOLATED)
   u_core/core_i/id_stage_i/U3884/Y
                                8.00           8.91          -0.91  (VIOLATED)
   u_core/core_i/id_stage_i/U4136/Y
                                8.00           8.91          -0.91  (VIOLATED)
   u_core/core_i/id_stage_i/U4388/Y
                                8.00           8.91          -0.91  (VIOLATED)
   u_core/core_i/if_stage_i/instr_rdata_id_o_reg[14]/Q
                                8.00           8.91          -0.91  (VIOLATED)
   u_core/core_i/U690/Y         8.00           8.82          -0.82  (VIOLATED)
   u_core/core_i/cs_registers_i/U101/Y
                                8.00           8.80          -0.80  (VIOLATED)
   u_core/core_i/if_stage_i/prefetch_buffer_i/prefetch_controller_i/state_q_reg/QN
                                8.00           8.78          -0.78  (VIOLATED)
   u_core/core_i/U694/Y         8.00           8.76          -0.76  (VIOLATED)
   u_core/core_i/id_stage_i/U1371/Y
                                8.00           8.74          -0.74  (VIOLATED)
   u_core/core_i/id_stage_i/U1277/Y
                                8.00           8.73          -0.73  (VIOLATED)
   u_core/core_i/id_stage_i/U1607/Y
                                8.00           8.70          -0.70  (VIOLATED)
   u_core/core_i/id_stage_i/U283/Y
                               16.00          16.70          -0.70  (VIOLATED)
   u_core/core_i/id_stage_i/U338/Y
                               16.00          16.70          -0.70  (VIOLATED)
   u_core/core_i/id_stage_i/U1255/Y
                               16.00          16.69          -0.69  (VIOLATED)
   u_core/core_i/id_stage_i/U1329/Y
                               16.00          16.69          -0.69  (VIOLATED)
   u_core/core_i/cs_registers_i/U56/Y
                                8.00           8.67          -0.67  (VIOLATED)
   u_core/core_i/id_stage_i/U205/Y
                                8.00           8.61          -0.61  (VIOLATED)
   u_core/core_i/id_stage_i/U212/Y
                                8.00           8.61          -0.61  (VIOLATED)
   u_core/core_i/id_stage_i/U220/Y
                                8.00           8.61          -0.61  (VIOLATED)
   u_core/core_i/id_stage_i/U1236/Y
                                8.00           8.61          -0.61  (VIOLATED)
   u_core/core_i/id_stage_i/U1242/Y
                                8.00           8.61          -0.61  (VIOLATED)
   u_core/core_i/U357/Y         8.00           8.59          -0.59  (VIOLATED)
   u_core/core_i/id_stage_i/U1376/Y
                                8.00           8.58          -0.58  (VIOLATED)
   u_core/core_i/U2374/Y        8.00           8.51          -0.51  (VIOLATED)
   u_core/core_i/U992/Y         8.00           8.46          -0.46  (VIOLATED)
   u_core/core_i/if_stage_i/instr_rdata_id_o_reg[25]/Q
                                8.00           8.41          -0.41  (VIOLATED)
   u_core/core_i/id_stage_i/U2704/Y
                                8.00           8.37          -0.37  (VIOLATED)
   u_core/core_i/cs_registers_i/U51/Y
                                8.00           8.34          -0.34  (VIOLATED)
   u_core/core_i/U4931/Y        8.00           8.32          -0.32  (VIOLATED)
   u_core/core_i/id_stage_i/U236/Y
                                8.00           8.30          -0.30  (VIOLATED)
   u_core/core_i/id_stage_i/U3334/Y
                                8.00           8.30          -0.30  (VIOLATED)
   u_core/core_i/U298/Y         8.00           8.30          -0.30  (VIOLATED)
   u_core/core_i/U636/Y         8.00           8.29          -0.29  (VIOLATED)
   u_core/core_i/U876/Y         8.00           8.24          -0.24  (VIOLATED)
   u_core/core_i/id_stage_i/U1328/Y
                                8.00           8.18          -0.18  (VIOLATED)
   u_core/core_i/id_stage_i/U1335/Y
                                8.00           8.18          -0.18  (VIOLATED)
   u_core/core_i/id_stage_i/U1338/Y
                                8.00           8.18          -0.18  (VIOLATED)
   u_core/core_i/id_stage_i/U1552/Y
                                8.00           8.18          -0.18  (VIOLATED)
   u_core/core_i/id_stage_i/U197/Y
                                8.00           8.17          -0.17  (VIOLATED)
   u_core/core_i/id_stage_i/U203/Y
                                8.00           8.17          -0.17  (VIOLATED)
   u_core/core_i/id_stage_i/U218/Y
                                8.00           8.17          -0.17  (VIOLATED)
   u_core/core_i/id_stage_i/U1240/Y
                                8.00           8.17          -0.17  (VIOLATED)
   u_core/core_i/id_stage_i/U1246/Y
                                8.00           8.17          -0.17  (VIOLATED)
   u_core/core_i/U2894/Y        8.00           8.06          -0.06  (VIOLATED)
   u_core/core_i/U2905/Y        8.00           8.06          -0.06  (VIOLATED)
   u_core/core_i/id_stage_i/U1525/Y
                                8.00           8.03          -0.03  (VIOLATED)
   u_core/core_i/cs_registers_i/U169/Y
                                8.00           8.02          -0.02  (VIOLATED)
   u_core/core_i/id_stage_i/U192/Y
                                8.00           8.02          -0.02  (VIOLATED)
   u_core/core_i/id_stage_i/U246/Y
                                8.00           8.02          -0.02  (VIOLATED)
   u_core/core_i/id_stage_i/U1201/Y
                                8.00           8.02          -0.02  (VIOLATED)
   u_core/core_i/id_stage_i/U1261/Y
                                8.00           8.02          -0.02  (VIOLATED)


Warning: Transition times on not annotated delay arcs havebeen set to zero. Cannot perform max_transition checking. (PTE-057)
1
