****************************************
Report : timing
	-path_type full
	-delay_type min
	-slack_lesser_than 100.00
	-max_paths 20
	-sort_by slack
Design : cv32e40p_synth_wrap
Version: W-2024.09-SP5-3
Date   : Sun May 10 11:32:28 2026
****************************************


  Startpoint: u_core/core_i/id_stage_i/controller_i/debug_force_wakeup_q_reg
               (rising edge-triggered flip-flop clocked by clk_i)
  Endpoint: u_core/core_i/cs_registers_i/dcsr_q_reg[cause][8]
               (rising edge-triggered flip-flop clocked by clk_i)
  Last common pin: u_core/core_i/ZCTSBUF_1943_437/Y
  Path Group: clk_i
  Path Type: min

  Point                                                   Incr       Path
  ------------------------------------------------------------------------------
  clock clk_i (rise edge)                                 0.00       0.00
  clock network delay (propagated)                        0.25       0.25
  u_core/core_i/id_stage_i/controller_i/debug_force_wakeup_q_reg/CLK (SDFFARX1_RVT)
                                                          0.00       0.25 r
  u_core/core_i/id_stage_i/controller_i/debug_force_wakeup_q_reg/QN (SDFFARX1_RVT)
                                                          0.13 &     0.38 f
  u_core/core_i/id_stage_i/U3117/Y (AND3X1_HVT)           0.11 &     0.49 f
  u_core/core_i/cs_registers_i/dcsr_q_reg[cause][8]/D (SDFFARX1_RVT)
                                                          0.00 &     0.49 f
  data arrival time                                                  0.49

  clock clk_i (rise edge)                                 0.00       0.00
  clock network delay (propagated)                        0.39       0.39
  u_core/core_i/cs_registers_i/dcsr_q_reg[cause][8]/CLK (SDFFARX1_RVT)
                                                                     0.39 r
  clock reconvergence pessimism                          -0.01       0.38
  clock uncertainty                                       0.10       0.48
  library hold time                                      -0.06       0.42
  data required time                                                 0.42
  ------------------------------------------------------------------------------
  data required time                                                 0.42
  data arrival time                                                 -0.49
  ------------------------------------------------------------------------------
  slack (MET)                                                        0.07


  Startpoint: u_core/core_i/ex_stage_i/alu_i/alu_div_i/Cnt_DP_reg[0]
               (rising edge-triggered flip-flop clocked by clk_i)
  Endpoint: u_core/core_i/ex_stage_i/alu_i/alu_div_i/Cnt_DP_reg[1]
               (rising edge-triggered flip-flop clocked by clk_i)
  Last common pin: u_core/core_i/ZCTSBUF_3979_434/Y
  Path Group: clk_i
  Path Type: min

  Point                                                   Incr       Path
  ------------------------------------------------------------------------------
  clock clk_i (rise edge)                                 0.00       0.00
  clock network delay (propagated)                        0.26       0.26
  u_core/core_i/ex_stage_i/alu_i/alu_div_i/Cnt_DP_reg[0]/CLK (SDFFARX1_RVT)
                                                          0.00       0.26 r
  u_core/core_i/ex_stage_i/alu_i/alu_div_i/Cnt_DP_reg[0]/QN (SDFFARX1_RVT)
                                                          0.14 &     0.39 f
  u_core/core_i/U5128/Y (MUX41X1_HVT)                     0.19 &     0.58 f
  u_core/core_i/ex_stage_i/alu_i/alu_div_i/Cnt_DP_reg[1]/D (SDFFARX1_RVT)
                                                          0.00 &     0.58 f
  data arrival time                                                  0.58

  clock clk_i (rise edge)                                 0.00       0.00
  clock network delay (propagated)                        0.47       0.47
  u_core/core_i/ex_stage_i/alu_i/alu_div_i/Cnt_DP_reg[1]/CLK (SDFFARX1_RVT)
                                                                     0.47 r
  clock reconvergence pessimism                          -0.01       0.45
  clock uncertainty                                       0.10       0.55
  library hold time                                      -0.06       0.49
  data required time                                                 0.49
  ------------------------------------------------------------------------------
  data required time                                                 0.49
  data arrival time                                                 -0.58
  ------------------------------------------------------------------------------
  slack (MET)                                                        0.09


  Startpoint: u_core/core_i/id_stage_i/controller_i/debug_force_wakeup_q_reg
               (rising edge-triggered flip-flop clocked by clk_i)
  Endpoint: u_core/core_i/cs_registers_i/dcsr_q_reg[cause][7]
               (rising edge-triggered flip-flop clocked by clk_i)
  Last common pin: u_core/core_i/ZCTSBUF_1943_437/Y
  Path Group: clk_i
  Path Type: min

  Point                                                   Incr       Path
  ------------------------------------------------------------------------------
  clock clk_i (rise edge)                                 0.00       0.00
  clock network delay (propagated)                        0.25       0.25
  u_core/core_i/id_stage_i/controller_i/debug_force_wakeup_q_reg/CLK (SDFFARX1_RVT)
                                                          0.00       0.25 r
  u_core/core_i/id_stage_i/controller_i/debug_force_wakeup_q_reg/Q (SDFFARX1_RVT)
                                                          0.19 &     0.44 f
  u_core/core_i/id_stage_i/U3116/Y (AO22X1_HVT)           0.10 &     0.54 f
  u_core/core_i/cs_registers_i/dcsr_q_reg[cause][7]/D (SDFFARX1_RVT)
                                                          0.00 &     0.54 f
  data arrival time                                                  0.54

  clock clk_i (rise edge)                                 0.00       0.00
  clock network delay (propagated)                        0.39       0.39
  u_core/core_i/cs_registers_i/dcsr_q_reg[cause][7]/CLK (SDFFARX1_RVT)
                                                                     0.39 r
  clock reconvergence pessimism                          -0.01       0.38
  clock uncertainty                                       0.10       0.48
  library hold time                                      -0.06       0.42
  data required time                                                 0.42
  ------------------------------------------------------------------------------
  data required time                                                 0.42
  data arrival time                                                 -0.54
  ------------------------------------------------------------------------------
  slack (MET)                                                        0.12


  Startpoint: u_core/core_i/id_stage_i/regfile_waddr_ex_o_reg[0]
               (rising edge-triggered flip-flop clocked by clk_i)
  Endpoint: u_core/core_i/ex_stage_i/regfile_waddr_lsu_reg[0]
               (rising edge-triggered flip-flop clocked by clk_i)
  Last common pin: u_core/core_i/sleep_unit_i/core_clock_gate_i/u_icg/GCLK
  Path Group: clk_i
  Path Type: min

  Point                                                   Incr       Path
  ------------------------------------------------------------------------------
  clock clk_i (rise edge)                                 0.00       0.00
  clock network delay (propagated)                        0.39       0.39
  u_core/core_i/id_stage_i/regfile_waddr_ex_o_reg[0]/CLK (SDFFARX1_RVT)
                                                          0.00       0.39 r
  u_core/core_i/id_stage_i/regfile_waddr_ex_o_reg[0]/QN (SDFFARX1_RVT)
                                                          0.16 &     0.55 f
  u_core/core_i/U5095/Y (INVX1_HVT)                       0.06 &     0.62 r
  u_core/core_i/ex_stage_i/regfile_waddr_lsu_reg[0]/D (SDFFARX1_RVT)
                                                          0.00 &     0.62 r
  data arrival time                                                  0.62

  clock clk_i (rise edge)                                 0.00       0.00
  clock network delay (propagated)                        0.46       0.46
  u_core/core_i/ex_stage_i/regfile_waddr_lsu_reg[0]/CLK (SDFFARX1_RVT)
                                                                     0.46 r
  clock reconvergence pessimism                          -0.00       0.46
  clock uncertainty                                       0.10       0.56
  library hold time                                      -0.08       0.47
  data required time                                                 0.47
  ------------------------------------------------------------------------------
  data required time                                                 0.47
  data arrival time                                                 -0.62
  ------------------------------------------------------------------------------
  slack (MET)                                                        0.14


  Startpoint: u_core/core_i/id_stage_i/regfile_waddr_ex_o_reg[1]
               (rising edge-triggered flip-flop clocked by clk_i)
  Endpoint: u_core/core_i/ex_stage_i/regfile_waddr_lsu_reg[1]
               (rising edge-triggered flip-flop clocked by clk_i)
  Last common pin: u_core/core_i/sleep_unit_i/core_clock_gate_i/u_icg/GCLK
  Path Group: clk_i
  Path Type: min

  Point                                                   Incr       Path
  ------------------------------------------------------------------------------
  clock clk_i (rise edge)                                 0.00       0.00
  clock network delay (propagated)                        0.39       0.39
  u_core/core_i/id_stage_i/regfile_waddr_ex_o_reg[1]/CLK (SDFFARX1_RVT)
                                                          0.00       0.39 r
  u_core/core_i/id_stage_i/regfile_waddr_ex_o_reg[1]/QN (SDFFARX1_RVT)
                                                          0.17 &     0.56 f
  u_core/core_i/U5096/Y (INVX1_HVT)                       0.06 &     0.62 r
  u_core/core_i/ex_stage_i/regfile_waddr_lsu_reg[1]/D (SDFFARX1_RVT)
                                                          0.00 &     0.62 r
  data arrival time                                                  0.62

  clock clk_i (rise edge)                                 0.00       0.00
  clock network delay (propagated)                        0.46       0.46
  u_core/core_i/ex_stage_i/regfile_waddr_lsu_reg[1]/CLK (SDFFARX1_RVT)
                                                                     0.46 r
  clock reconvergence pessimism                          -0.00       0.46
  clock uncertainty                                       0.10       0.56
  library hold time                                      -0.08       0.47
  data required time                                                 0.47
  ------------------------------------------------------------------------------
  data required time                                                 0.47
  data arrival time                                                 -0.62
  ------------------------------------------------------------------------------
  slack (MET)                                                        0.15


  Startpoint: u_core/core_i/if_stage_i/pc_id_o_reg[31]
               (rising edge-triggered flip-flop clocked by clk_i)
  Endpoint: u_core/core_i/id_stage_i/mult_operand_a_ex_o_reg[31]
               (rising edge-triggered flip-flop clocked by clk_i)
  Last common pin: u_core/core_i/ZCTSINV_6417_432/Y
  Path Group: clk_i
  Path Type: min

  Point                                                   Incr       Path
  ------------------------------------------------------------------------------
  clock clk_i (rise edge)                                 0.00       0.00
  clock network delay (propagated)                        0.42       0.42
  u_core/core_i/if_stage_i/pc_id_o_reg[31]/CLK (SDFFARX1_RVT)
                                                          0.00       0.42 r
  u_core/core_i/if_stage_i/pc_id_o_reg[31]/Q (SDFFARX1_RVT)
                                                          0.19 &     0.60 f
  u_core/core_i/U3012/Y (NBUFFX4_HVT)                     0.11 &     0.71 f
  u_core/core_i/id_stage_i/U2976/Y (AO222X1_HVT)          0.13 &     0.84 f
  u_core/core_i/id_stage_i/mult_operand_a_ex_o_reg[31]/D (SDFFARX1_RVT)
                                                          0.00 &     0.84 f
  data arrival time                                                  0.84

  clock clk_i (rise edge)                                 0.00       0.00
  clock network delay (propagated)                        0.68       0.68
  u_core/core_i/id_stage_i/mult_operand_a_ex_o_reg[31]/CLK (SDFFARX1_RVT)
                                                                     0.68 r
  clock reconvergence pessimism                          -0.02       0.66
  clock uncertainty                                       0.10       0.76
  library hold time                                      -0.07       0.69
  data required time                                                 0.69
  ------------------------------------------------------------------------------
  data required time                                                 0.69
  data arrival time                                                 -0.84
  ------------------------------------------------------------------------------
  slack (MET)                                                        0.15


  Startpoint: u_core/core_i/if_stage_i/pc_id_o_reg[16]
               (rising edge-triggered flip-flop clocked by clk_i)
  Endpoint: u_core/core_i/id_stage_i/mult_operand_a_ex_o_reg[16]
               (rising edge-triggered flip-flop clocked by clk_i)
  Last common pin: u_core/core_i/ZCTSINV_6417_432/Y
  Path Group: clk_i
  Path Type: min

  Point                                                   Incr       Path
  ------------------------------------------------------------------------------
  clock clk_i (rise edge)                                 0.00       0.00
  clock network delay (propagated)                        0.42       0.42
  u_core/core_i/if_stage_i/pc_id_o_reg[16]/CLK (SDFFARX1_RVT)
                                                          0.00       0.42 r
  u_core/core_i/if_stage_i/pc_id_o_reg[16]/Q (SDFFARX1_RVT)
                                                          0.19 &     0.61 f
  u_core/core_i/U3061/Y (NBUFFX8_HVT)                     0.10 &     0.71 f
  u_core/core_i/id_stage_i/U2944/Y (AO222X1_HVT)          0.13 &     0.84 f
  u_core/core_i/id_stage_i/mult_operand_a_ex_o_reg[16]/D (SDFFARX1_RVT)
                                                          0.00 &     0.84 f
  data arrival time                                                  0.84

  clock clk_i (rise edge)                                 0.00       0.00
  clock network delay (propagated)                        0.67       0.67
  u_core/core_i/id_stage_i/mult_operand_a_ex_o_reg[16]/CLK (SDFFARX1_RVT)
                                                                     0.67 r
  clock reconvergence pessimism                          -0.02       0.66
  clock uncertainty                                       0.10       0.76
  library hold time                                      -0.07       0.69
  data required time                                                 0.69
  ------------------------------------------------------------------------------
  data required time                                                 0.69
  data arrival time                                                 -0.84
  ------------------------------------------------------------------------------
  slack (MET)                                                        0.15


  Startpoint: u_core/core_i/if_stage_i/pc_id_o_reg[19]
               (rising edge-triggered flip-flop clocked by clk_i)
  Endpoint: u_core/core_i/id_stage_i/mult_operand_a_ex_o_reg[19]
               (rising edge-triggered flip-flop clocked by clk_i)
  Last common pin: u_core/core_i/ZCTSINV_6417_432/Y
  Path Group: clk_i
  Path Type: min

  Point                                                   Incr       Path
  ------------------------------------------------------------------------------
  clock clk_i (rise edge)                                 0.00       0.00
  clock network delay (propagated)                        0.42       0.42
  u_core/core_i/if_stage_i/pc_id_o_reg[19]/CLK (SDFFARX1_RVT)
                                                          0.00       0.42 r
  u_core/core_i/if_stage_i/pc_id_o_reg[19]/Q (SDFFARX1_RVT)
                                                          0.19 &     0.61 f
  u_core/core_i/U3391/Y (NBUFFX8_HVT)                     0.09 &     0.71 f
  u_core/core_i/id_stage_i/U2952/Y (AO222X1_HVT)          0.14 &     0.84 f
  u_core/core_i/id_stage_i/mult_operand_a_ex_o_reg[19]/D (SDFFARX1_RVT)
                                                          0.00 &     0.84 f
  data arrival time                                                  0.84

  clock clk_i (rise edge)                                 0.00       0.00
  clock network delay (propagated)                        0.68       0.68
  u_core/core_i/id_stage_i/mult_operand_a_ex_o_reg[19]/CLK (SDFFARX1_RVT)
                                                                     0.68 r
  clock reconvergence pessimism                          -0.02       0.66
  clock uncertainty                                       0.10       0.76
  library hold time                                      -0.07       0.69
  data required time                                                 0.69
  ------------------------------------------------------------------------------
  data required time                                                 0.69
  data arrival time                                                 -0.84
  ------------------------------------------------------------------------------
  slack (MET)                                                        0.15


  Startpoint: u_core/core_i/if_stage_i/prefetch_buffer_i/instruction_obi_i/state_q_reg
               (rising edge-triggered flip-flop clocked by clk_i)
  Endpoint: u_core/core_i/if_stage_i/prefetch_buffer_i/instruction_obi_i/gen_no_trans_stable.obi_addr_q_reg[20]
               (rising edge-triggered flip-flop clocked by clk_i)
  Last common pin: u_core/core_i/ZCTSBUF_1943_437/Y
  Path Group: clk_i
  Path Type: min

  Point                                                   Incr       Path
  ------------------------------------------------------------------------------
  clock clk_i (rise edge)                                 0.00       0.00
  clock network delay (propagated)                        0.25       0.25
  u_core/core_i/if_stage_i/prefetch_buffer_i/instruction_obi_i/state_q_reg/CLK (SDFFARX1_RVT)
                                                          0.00       0.25 r
  u_core/core_i/if_stage_i/prefetch_buffer_i/instruction_obi_i/state_q_reg/Q (SDFFARX1_RVT)
                                                          0.20 &     0.44 f
  u_core/core_i/U288/Y (NBUFFX4_HVT)                      0.09 &     0.54 f
  u_core/core_i/U5430/Y (AO22X1_HVT)                      0.12 &     0.66 f
  u_core/core_i/if_stage_i/prefetch_buffer_i/instruction_obi_i/gen_no_trans_stable.obi_addr_q_reg[20]/D (SDFFARX1_RVT)
                                                          0.00 &     0.66 f
  data arrival time                                                  0.66

  clock clk_i (rise edge)                                 0.00       0.00
  clock network delay (propagated)                        0.48       0.48
  u_core/core_i/if_stage_i/prefetch_buffer_i/instruction_obi_i/gen_no_trans_stable.obi_addr_q_reg[20]/CLK (SDFFARX1_RVT)
                                                                     0.48 r
  clock reconvergence pessimism                          -0.01       0.47
  clock uncertainty                                       0.10       0.57
  library hold time                                      -0.06       0.51
  data required time                                                 0.51
  ------------------------------------------------------------------------------
  data required time                                                 0.51
  data arrival time                                                 -0.66
  ------------------------------------------------------------------------------
  slack (MET)                                                        0.15


  Startpoint: u_core/core_i/if_stage_i/prefetch_buffer_i/instruction_obi_i/state_q_reg
               (rising edge-triggered flip-flop clocked by clk_i)
  Endpoint: u_core/core_i/if_stage_i/prefetch_buffer_i/instruction_obi_i/gen_no_trans_stable.obi_addr_q_reg[21]
               (rising edge-triggered flip-flop clocked by clk_i)
  Last common pin: u_core/core_i/ZCTSBUF_1943_437/Y
  Path Group: clk_i
  Path Type: min

  Point                                                   Incr       Path
  ------------------------------------------------------------------------------
  clock clk_i (rise edge)                                 0.00       0.00
  clock network delay (propagated)                        0.25       0.25
  u_core/core_i/if_stage_i/prefetch_buffer_i/instruction_obi_i/state_q_reg/CLK (SDFFARX1_RVT)
                                                          0.00       0.25 r
  u_core/core_i/if_stage_i/prefetch_buffer_i/instruction_obi_i/state_q_reg/Q (SDFFARX1_RVT)
                                                          0.20 &     0.44 f
  u_core/core_i/U288/Y (NBUFFX4_HVT)                      0.09 &     0.54 f
  u_core/core_i/U5435/Y (AO22X1_HVT)                      0.12 &     0.66 f
  u_core/core_i/if_stage_i/prefetch_buffer_i/instruction_obi_i/gen_no_trans_stable.obi_addr_q_reg[21]/D (SDFFARX1_RVT)
                                                          0.00 &     0.66 f
  data arrival time                                                  0.66

  clock clk_i (rise edge)                                 0.00       0.00
  clock network delay (propagated)                        0.48       0.48
  u_core/core_i/if_stage_i/prefetch_buffer_i/instruction_obi_i/gen_no_trans_stable.obi_addr_q_reg[21]/CLK (SDFFARX1_RVT)
                                                                     0.48 r
  clock reconvergence pessimism                          -0.01       0.47
  clock uncertainty                                       0.10       0.57
  library hold time                                      -0.06       0.51
  data required time                                                 0.51
  ------------------------------------------------------------------------------
  data required time                                                 0.51
  data arrival time                                                 -0.66
  ------------------------------------------------------------------------------
  slack (MET)                                                        0.15


  Startpoint: u_core/core_i/if_stage_i/prefetch_buffer_i/instruction_obi_i/state_q_reg
               (rising edge-triggered flip-flop clocked by clk_i)
  Endpoint: u_core/core_i/if_stage_i/prefetch_buffer_i/instruction_obi_i/gen_no_trans_stable.obi_addr_q_reg[27]
               (rising edge-triggered flip-flop clocked by clk_i)
  Last common pin: u_core/core_i/ZCTSBUF_1943_437/Y
  Path Group: clk_i
  Path Type: min

  Point                                                   Incr       Path
  ------------------------------------------------------------------------------
  clock clk_i (rise edge)                                 0.00       0.00
  clock network delay (propagated)                        0.25       0.25
  u_core/core_i/if_stage_i/prefetch_buffer_i/instruction_obi_i/state_q_reg/CLK (SDFFARX1_RVT)
                                                          0.00       0.25 r
  u_core/core_i/if_stage_i/prefetch_buffer_i/instruction_obi_i/state_q_reg/Q (SDFFARX1_RVT)
                                                          0.20 &     0.44 f
  u_core/core_i/U288/Y (NBUFFX4_HVT)                      0.09 &     0.54 f
  u_core/core_i/U5462/Y (AO22X1_HVT)                      0.12 &     0.66 f
  u_core/core_i/if_stage_i/prefetch_buffer_i/instruction_obi_i/gen_no_trans_stable.obi_addr_q_reg[27]/D (SDFFARX1_RVT)
                                                          0.00 &     0.66 f
  data arrival time                                                  0.66

  clock clk_i (rise edge)                                 0.00       0.00
  clock network delay (propagated)                        0.48       0.48
  u_core/core_i/if_stage_i/prefetch_buffer_i/instruction_obi_i/gen_no_trans_stable.obi_addr_q_reg[27]/CLK (SDFFARX1_RVT)
                                                                     0.48 r
  clock reconvergence pessimism                          -0.01       0.47
  clock uncertainty                                       0.10       0.57
  library hold time                                      -0.06       0.51
  data required time                                                 0.51
  ------------------------------------------------------------------------------
  data required time                                                 0.51
  data arrival time                                                 -0.66
  ------------------------------------------------------------------------------
  slack (MET)                                                        0.15


  Startpoint: u_core/core_i/if_stage_i/prefetch_buffer_i/instruction_obi_i/state_q_reg
               (rising edge-triggered flip-flop clocked by clk_i)
  Endpoint: u_core/core_i/if_stage_i/prefetch_buffer_i/instruction_obi_i/gen_no_trans_stable.obi_addr_q_reg[23]
               (rising edge-triggered flip-flop clocked by clk_i)
  Last common pin: u_core/core_i/ZCTSBUF_1943_437/Y
  Path Group: clk_i
  Path Type: min

  Point                                                   Incr       Path
  ------------------------------------------------------------------------------
  clock clk_i (rise edge)                                 0.00       0.00
  clock network delay (propagated)                        0.25       0.25
  u_core/core_i/if_stage_i/prefetch_buffer_i/instruction_obi_i/state_q_reg/CLK (SDFFARX1_RVT)
                                                          0.00       0.25 r
  u_core/core_i/if_stage_i/prefetch_buffer_i/instruction_obi_i/state_q_reg/Q (SDFFARX1_RVT)
                                                          0.20 &     0.44 f
  u_core/core_i/U288/Y (NBUFFX4_HVT)                      0.09 &     0.54 f
  u_core/core_i/U5444/Y (AO22X1_HVT)                      0.12 &     0.66 f
  u_core/core_i/if_stage_i/prefetch_buffer_i/instruction_obi_i/gen_no_trans_stable.obi_addr_q_reg[23]/D (SDFFARX1_RVT)
                                                          0.00 &     0.66 f
  data arrival time                                                  0.66

  clock clk_i (rise edge)                                 0.00       0.00
  clock network delay (propagated)                        0.48       0.48
  u_core/core_i/if_stage_i/prefetch_buffer_i/instruction_obi_i/gen_no_trans_stable.obi_addr_q_reg[23]/CLK (SDFFARX1_RVT)
                                                                     0.48 r
  clock reconvergence pessimism                          -0.01       0.47
  clock uncertainty                                       0.10       0.57
  library hold time                                      -0.06       0.51
  data required time                                                 0.51
  ------------------------------------------------------------------------------
  data required time                                                 0.51
  data arrival time                                                 -0.66
  ------------------------------------------------------------------------------
  slack (MET)                                                        0.15


  Startpoint: u_core/core_i/if_stage_i/prefetch_buffer_i/instruction_obi_i/state_q_reg
               (rising edge-triggered flip-flop clocked by clk_i)
  Endpoint: u_core/core_i/if_stage_i/prefetch_buffer_i/instruction_obi_i/gen_no_trans_stable.obi_addr_q_reg[19]
               (rising edge-triggered flip-flop clocked by clk_i)
  Last common pin: u_core/core_i/ZCTSBUF_1943_437/Y
  Path Group: clk_i
  Path Type: min

  Point                                                   Incr       Path
  ------------------------------------------------------------------------------
  clock clk_i (rise edge)                                 0.00       0.00
  clock network delay (propagated)                        0.25       0.25
  u_core/core_i/if_stage_i/prefetch_buffer_i/instruction_obi_i/state_q_reg/CLK (SDFFARX1_RVT)
                                                          0.00       0.25 r
  u_core/core_i/if_stage_i/prefetch_buffer_i/instruction_obi_i/state_q_reg/Q (SDFFARX1_RVT)
                                                          0.20 &     0.44 f
  u_core/core_i/U288/Y (NBUFFX4_HVT)                      0.09 &     0.54 f
  u_core/core_i/U5426/Y (AO22X1_HVT)                      0.12 &     0.66 f
  u_core/core_i/if_stage_i/prefetch_buffer_i/instruction_obi_i/gen_no_trans_stable.obi_addr_q_reg[19]/D (SDFFARX1_RVT)
                                                          0.00 &     0.66 f
  data arrival time                                                  0.66

  clock clk_i (rise edge)                                 0.00       0.00
  clock network delay (propagated)                        0.48       0.48
  u_core/core_i/if_stage_i/prefetch_buffer_i/instruction_obi_i/gen_no_trans_stable.obi_addr_q_reg[19]/CLK (SDFFARX1_RVT)
                                                                     0.48 r
  clock reconvergence pessimism                          -0.01       0.47
  clock uncertainty                                       0.10       0.57
  library hold time                                      -0.06       0.51
  data required time                                                 0.51
  ------------------------------------------------------------------------------
  data required time                                                 0.51
  data arrival time                                                 -0.66
  ------------------------------------------------------------------------------
  slack (MET)                                                        0.16


  Startpoint: u_core/core_i/if_stage_i/prefetch_buffer_i/instruction_obi_i/state_q_reg
               (rising edge-triggered flip-flop clocked by clk_i)
  Endpoint: u_core/core_i/if_stage_i/prefetch_buffer_i/instruction_obi_i/gen_no_trans_stable.obi_addr_q_reg[18]
               (rising edge-triggered flip-flop clocked by clk_i)
  Last common pin: u_core/core_i/ZCTSBUF_1943_437/Y
  Path Group: clk_i
  Path Type: min

  Point                                                   Incr       Path
  ------------------------------------------------------------------------------
  clock clk_i (rise edge)                                 0.00       0.00
  clock network delay (propagated)                        0.25       0.25
  u_core/core_i/if_stage_i/prefetch_buffer_i/instruction_obi_i/state_q_reg/CLK (SDFFARX1_RVT)
                                                          0.00       0.25 r
  u_core/core_i/if_stage_i/prefetch_buffer_i/instruction_obi_i/state_q_reg/Q (SDFFARX1_RVT)
                                                          0.20 &     0.44 f
  u_core/core_i/U288/Y (NBUFFX4_HVT)                      0.09 &     0.54 f
  u_core/core_i/U5421/Y (AO22X1_HVT)                      0.12 &     0.66 f
  u_core/core_i/if_stage_i/prefetch_buffer_i/instruction_obi_i/gen_no_trans_stable.obi_addr_q_reg[18]/D (SDFFARX1_RVT)
                                                          0.00 &     0.66 f
  data arrival time                                                  0.66

  clock clk_i (rise edge)                                 0.00       0.00
  clock network delay (propagated)                        0.48       0.48
  u_core/core_i/if_stage_i/prefetch_buffer_i/instruction_obi_i/gen_no_trans_stable.obi_addr_q_reg[18]/CLK (SDFFARX1_RVT)
                                                                     0.48 r
  clock reconvergence pessimism                          -0.01       0.47
  clock uncertainty                                       0.10       0.57
  library hold time                                      -0.06       0.51
  data required time                                                 0.51
  ------------------------------------------------------------------------------
  data required time                                                 0.51
  data arrival time                                                 -0.66
  ------------------------------------------------------------------------------
  slack (MET)                                                        0.16


  Startpoint: u_core/core_i/if_stage_i/prefetch_buffer_i/instruction_obi_i/state_q_reg
               (rising edge-triggered flip-flop clocked by clk_i)
  Endpoint: u_core/core_i/if_stage_i/prefetch_buffer_i/instruction_obi_i/gen_no_trans_stable.obi_addr_q_reg[22]
               (rising edge-triggered flip-flop clocked by clk_i)
  Last common pin: u_core/core_i/ZCTSBUF_1943_437/Y
  Path Group: clk_i
  Path Type: min

  Point                                                   Incr       Path
  ------------------------------------------------------------------------------
  clock clk_i (rise edge)                                 0.00       0.00
  clock network delay (propagated)                        0.25       0.25
  u_core/core_i/if_stage_i/prefetch_buffer_i/instruction_obi_i/state_q_reg/CLK (SDFFARX1_RVT)
                                                          0.00       0.25 r
  u_core/core_i/if_stage_i/prefetch_buffer_i/instruction_obi_i/state_q_reg/Q (SDFFARX1_RVT)
                                                          0.20 &     0.44 f
  u_core/core_i/U288/Y (NBUFFX4_HVT)                      0.09 &     0.54 f
  u_core/core_i/U5439/Y (AO22X1_HVT)                      0.12 &     0.66 f
  u_core/core_i/if_stage_i/prefetch_buffer_i/instruction_obi_i/gen_no_trans_stable.obi_addr_q_reg[22]/D (SDFFARX1_RVT)
                                                          0.00 &     0.66 f
  data arrival time                                                  0.66

  clock clk_i (rise edge)                                 0.00       0.00
  clock network delay (propagated)                        0.48       0.48
  u_core/core_i/if_stage_i/prefetch_buffer_i/instruction_obi_i/gen_no_trans_stable.obi_addr_q_reg[22]/CLK (SDFFARX1_RVT)
                                                                     0.48 r
  clock reconvergence pessimism                          -0.01       0.47
  clock uncertainty                                       0.10       0.57
  library hold time                                      -0.06       0.51
  data required time                                                 0.51
  ------------------------------------------------------------------------------
  data required time                                                 0.51
  data arrival time                                                 -0.66
  ------------------------------------------------------------------------------
  slack (MET)                                                        0.16


  Startpoint: u_core/core_i/if_stage_i/pc_id_o_reg[5]
               (rising edge-triggered flip-flop clocked by clk_i)
  Endpoint: u_core/core_i/id_stage_i/mult_operand_a_ex_o_reg[5]
               (rising edge-triggered flip-flop clocked by clk_i)
  Last common pin: u_core/core_i/ZCTSINV_6417_432/Y
  Path Group: clk_i
  Path Type: min

  Point                                                   Incr       Path
  ------------------------------------------------------------------------------
  clock clk_i (rise edge)                                 0.00       0.00
  clock network delay (propagated)                        0.42       0.42
  u_core/core_i/if_stage_i/pc_id_o_reg[5]/CLK (SDFFARX1_RVT)
                                                          0.00       0.42 r
  u_core/core_i/if_stage_i/pc_id_o_reg[5]/Q (SDFFARX1_RVT)
                                                          0.18 &     0.59 f
  u_core/core_i/ZBUF_145_inst_3026/Y (NBUFFX2_HVT)        0.11 &     0.70 f
  u_core/core_i/id_stage_i/U2920/Y (AO222X1_HVT)          0.14 &     0.85 f
  u_core/core_i/id_stage_i/mult_operand_a_ex_o_reg[5]/D (SDFFARX1_RVT)
                                                          0.00 &     0.85 f
  data arrival time                                                  0.85

  clock clk_i (rise edge)                                 0.00       0.00
  clock network delay (propagated)                        0.68       0.68
  u_core/core_i/id_stage_i/mult_operand_a_ex_o_reg[5]/CLK (SDFFARX1_RVT)
                                                                     0.68 r
  clock reconvergence pessimism                          -0.02       0.66
  clock uncertainty                                       0.10       0.76
  library hold time                                      -0.07       0.69
  data required time                                                 0.69
  ------------------------------------------------------------------------------
  data required time                                                 0.69
  data arrival time                                                 -0.85
  ------------------------------------------------------------------------------
  slack (MET)                                                        0.16


  Startpoint: u_core/core_i/if_stage_i/prefetch_buffer_i/instruction_obi_i/state_q_reg
               (rising edge-triggered flip-flop clocked by clk_i)
  Endpoint: u_core/core_i/if_stage_i/prefetch_buffer_i/instruction_obi_i/gen_no_trans_stable.obi_addr_q_reg[25]
               (rising edge-triggered flip-flop clocked by clk_i)
  Last common pin: u_core/core_i/ZCTSBUF_1943_437/Y
  Path Group: clk_i
  Path Type: min

  Point                                                   Incr       Path
  ------------------------------------------------------------------------------
  clock clk_i (rise edge)                                 0.00       0.00
  clock network delay (propagated)                        0.25       0.25
  u_core/core_i/if_stage_i/prefetch_buffer_i/instruction_obi_i/state_q_reg/CLK (SDFFARX1_RVT)
                                                          0.00       0.25 r
  u_core/core_i/if_stage_i/prefetch_buffer_i/instruction_obi_i/state_q_reg/Q (SDFFARX1_RVT)
                                                          0.20 &     0.44 f
  u_core/core_i/U288/Y (NBUFFX4_HVT)                      0.09 &     0.54 f
  u_core/core_i/U5453/Y (AO22X1_HVT)                      0.12 &     0.66 f
  u_core/core_i/if_stage_i/prefetch_buffer_i/instruction_obi_i/gen_no_trans_stable.obi_addr_q_reg[25]/D (SDFFARX1_RVT)
                                                          0.00 &     0.66 f
  data arrival time                                                  0.66

  clock clk_i (rise edge)                                 0.00       0.00
  clock network delay (propagated)                        0.48       0.48
  u_core/core_i/if_stage_i/prefetch_buffer_i/instruction_obi_i/gen_no_trans_stable.obi_addr_q_reg[25]/CLK (SDFFARX1_RVT)
                                                                     0.48 r
  clock reconvergence pessimism                          -0.01       0.47
  clock uncertainty                                       0.10       0.57
  library hold time                                      -0.06       0.51
  data required time                                                 0.51
  ------------------------------------------------------------------------------
  data required time                                                 0.51
  data arrival time                                                 -0.66
  ------------------------------------------------------------------------------
  slack (MET)                                                        0.16


  Startpoint: u_core/core_i/if_stage_i/prefetch_buffer_i/instruction_obi_i/state_q_reg
               (rising edge-triggered flip-flop clocked by clk_i)
  Endpoint: u_core/core_i/if_stage_i/prefetch_buffer_i/instruction_obi_i/gen_no_trans_stable.obi_addr_q_reg[26]
               (rising edge-triggered flip-flop clocked by clk_i)
  Last common pin: u_core/core_i/ZCTSBUF_1943_437/Y
  Path Group: clk_i
  Path Type: min

  Point                                                   Incr       Path
  ------------------------------------------------------------------------------
  clock clk_i (rise edge)                                 0.00       0.00
  clock network delay (propagated)                        0.25       0.25
  u_core/core_i/if_stage_i/prefetch_buffer_i/instruction_obi_i/state_q_reg/CLK (SDFFARX1_RVT)
                                                          0.00       0.25 r
  u_core/core_i/if_stage_i/prefetch_buffer_i/instruction_obi_i/state_q_reg/Q (SDFFARX1_RVT)
                                                          0.20 &     0.44 f
  u_core/core_i/U288/Y (NBUFFX4_HVT)                      0.09 &     0.54 f
  u_core/core_i/U5457/Y (AO22X1_HVT)                      0.12 &     0.66 f
  u_core/core_i/if_stage_i/prefetch_buffer_i/instruction_obi_i/gen_no_trans_stable.obi_addr_q_reg[26]/D (SDFFARX1_RVT)
                                                          0.00 &     0.66 f
  data arrival time                                                  0.66

  clock clk_i (rise edge)                                 0.00       0.00
  clock network delay (propagated)                        0.48       0.48
  u_core/core_i/if_stage_i/prefetch_buffer_i/instruction_obi_i/gen_no_trans_stable.obi_addr_q_reg[26]/CLK (SDFFARX1_RVT)
                                                                     0.48 r
  clock reconvergence pessimism                          -0.01       0.47
  clock uncertainty                                       0.10       0.57
  library hold time                                      -0.06       0.51
  data required time                                                 0.51
  ------------------------------------------------------------------------------
  data required time                                                 0.51
  data arrival time                                                 -0.66
  ------------------------------------------------------------------------------
  slack (MET)                                                        0.16


  Startpoint: u_core/core_i/if_stage_i/prefetch_buffer_i/instruction_obi_i/state_q_reg
               (rising edge-triggered flip-flop clocked by clk_i)
  Endpoint: u_core/core_i/if_stage_i/prefetch_buffer_i/instruction_obi_i/gen_no_trans_stable.obi_addr_q_reg[24]
               (rising edge-triggered flip-flop clocked by clk_i)
  Last common pin: u_core/core_i/ZCTSBUF_1943_437/Y
  Path Group: clk_i
  Path Type: min

  Point                                                   Incr       Path
  ------------------------------------------------------------------------------
  clock clk_i (rise edge)                                 0.00       0.00
  clock network delay (propagated)                        0.25       0.25
  u_core/core_i/if_stage_i/prefetch_buffer_i/instruction_obi_i/state_q_reg/CLK (SDFFARX1_RVT)
                                                          0.00       0.25 r
  u_core/core_i/if_stage_i/prefetch_buffer_i/instruction_obi_i/state_q_reg/Q (SDFFARX1_RVT)
                                                          0.20 &     0.44 f
  u_core/core_i/U288/Y (NBUFFX4_HVT)                      0.09 &     0.54 f
  u_core/core_i/U5448/Y (AO22X1_HVT)                      0.12 &     0.66 f
  u_core/core_i/if_stage_i/prefetch_buffer_i/instruction_obi_i/gen_no_trans_stable.obi_addr_q_reg[24]/D (SDFFARX1_RVT)
                                                          0.00 &     0.66 f
  data arrival time                                                  0.66

  clock clk_i (rise edge)                                 0.00       0.00
  clock network delay (propagated)                        0.48       0.48
  u_core/core_i/if_stage_i/prefetch_buffer_i/instruction_obi_i/gen_no_trans_stable.obi_addr_q_reg[24]/CLK (SDFFARX1_RVT)
                                                                     0.48 r
  clock reconvergence pessimism                          -0.01       0.47
  clock uncertainty                                       0.10       0.57
  library hold time                                      -0.06       0.51
  data required time                                                 0.51
  ------------------------------------------------------------------------------
  data required time                                                 0.51
  data arrival time                                                 -0.66
  ------------------------------------------------------------------------------
  slack (MET)                                                        0.16


  Startpoint: u_core/core_i/if_stage_i/prefetch_buffer_i/instruction_obi_i/state_q_reg
               (rising edge-triggered flip-flop clocked by clk_i)
  Endpoint: u_core/core_i/if_stage_i/prefetch_buffer_i/instruction_obi_i/gen_no_trans_stable.obi_addr_q_reg[29]
               (rising edge-triggered flip-flop clocked by clk_i)
  Last common pin: u_core/core_i/ZCTSBUF_1943_437/Y
  Path Group: clk_i
  Path Type: min

  Point                                                   Incr       Path
  ------------------------------------------------------------------------------
  clock clk_i (rise edge)                                 0.00       0.00
  clock network delay (propagated)                        0.25       0.25
  u_core/core_i/if_stage_i/prefetch_buffer_i/instruction_obi_i/state_q_reg/CLK (SDFFARX1_RVT)
                                                          0.00       0.25 r
  u_core/core_i/if_stage_i/prefetch_buffer_i/instruction_obi_i/state_q_reg/Q (SDFFARX1_RVT)
                                                          0.20 &     0.44 f
  u_core/core_i/U288/Y (NBUFFX4_HVT)                      0.09 &     0.54 f
  u_core/core_i/U5472/Y (AO22X1_HVT)                      0.12 &     0.66 f
  u_core/core_i/if_stage_i/prefetch_buffer_i/instruction_obi_i/gen_no_trans_stable.obi_addr_q_reg[29]/D (SDFFARX1_RVT)
                                                          0.00 &     0.66 f
  data arrival time                                                  0.66

  clock clk_i (rise edge)                                 0.00       0.00
  clock network delay (propagated)                        0.48       0.48
  u_core/core_i/if_stage_i/prefetch_buffer_i/instruction_obi_i/gen_no_trans_stable.obi_addr_q_reg[29]/CLK (SDFFARX1_RVT)
                                                                     0.48 r
  clock reconvergence pessimism                          -0.01       0.47
  clock uncertainty                                       0.10       0.57
  library hold time                                      -0.06       0.51
  data required time                                                 0.51
  ------------------------------------------------------------------------------
  data required time                                                 0.51
  data arrival time                                                 -0.66
  ------------------------------------------------------------------------------
  slack (MET)                                                        0.16

Warning: report_timing has satisfied the max_paths criteria. There are 2295 further endpoints which have paths of interest with slack less than   100.00 that were not considered when generating this report. (UITE-502)

1
