Blocked access compact summary

line_level_blocked_entries=254

By ref:
    233 SDFFARX1_RVT
     16 MUX41X1_HVT
      5 INVX8_LVT

By pin:
     68 Q
     53 SE
     45 CLK
     39 RSTB
     13 QN
     12 SI
      5 Y
      4 S1
      3 D
      3 A4
      3 A3
      2 S0
      2 A
      1 A1
      1 A2

By ref/pin:
     68 SDFFARX1_RVT/Q
     53 SDFFARX1_RVT/SE
     45 SDFFARX1_RVT/CLK
     39 SDFFARX1_RVT/RSTB
     13 SDFFARX1_RVT/QN
     12 SDFFARX1_RVT/SI
      4 MUX41X1_HVT/S1
      3 SDFFARX1_RVT/D
      3 MUX41X1_HVT/A4
      3 MUX41X1_HVT/A3
      3 INVX8_LVT/Y
      2 MUX41X1_HVT/S0
      2 MUX41X1_HVT/Y
      2 INVX8_LVT/A
      1 MUX41X1_HVT/A1
      1 MUX41X1_HVT/A2
