SDFFARX1_RVT | u_core/core_i/id_stage_i/register_file_i/mem_reg[30][0] | Q | Blocked  Q(M2) 1: {80.3440 177.7760}
SDFFARX1_RVT | u_core/core_i/id_stage_i/register_file_i/mem_reg[30][2] | CLK | Blocked  CLK(M2) 4: {80.4090 194.0400} {80.4090 194.0500} {80.4340 194.0400} {80.4340 194.0500}
SDFFARX1_RVT | u_core/core_i/id_stage_i/register_file_i/mem_reg[30][7] | SE | Blocked  SE(M2) 6: {79.7360 199.5120} {79.7360 199.5455} {79.7360 199.5287} {79.7610 199.5120} {79.7610 199.5455} {79.7610 199.5287}
SDFFARX1_RVT | u_core/core_i/id_stage_i/register_file_i/mem_reg[29][8] | Q | Blocked  Q(M2) 1: {39.7600 120.9280}
SDFFARX1_RVT | u_core/core_i/id_stage_i/register_file_i/mem_reg[29][26] | Q | Blocked  Q(M2) 1: {40.2280 59.5200}
SDFFARX1_RVT | u_core/core_i/id_stage_i/register_file_i/mem_reg[28][10] | QN | Blocked  QN(M2) 1: {59.6720 107.4000}
SDFFARX1_RVT | u_core/core_i/id_stage_i/register_file_i/mem_reg[28][26] | RSTB | Blocked  RSTB(M2) 1: {40.2410 111.8080}
SDFFARX1_RVT | u_core/core_i/id_stage_i/register_file_i/mem_reg[27][25] | RSTB | Blocked  RSTB(M2) 3: {39.7600 135.2160} {39.7600 135.2205} {39.7600 135.2182}
SDFFARX1_RVT | u_core/core_i/id_stage_i/register_file_i/mem_reg[27][28] | RSTB | Blocked  RSTB(M2) 3: {39.7600 138.8595} {39.7600 138.8640} {39.7600 138.8617}
SDFFARX1_RVT | u_core/core_i/id_stage_i/register_file_i/mem_reg[26][2] | CLK | Blocked  CLK(M2) 6: {59.6720 123.4920} {59.6720 123.5120} {59.6720 123.5020} {59.7340 123.4920} {59.7340 123.5120} {59.7340 123.5020}
SDFFARX1_RVT | u_core/core_i/id_stage_i/register_file_i/mem_reg[26][8] | CLK | Blocked  CLK(M2) 5: {119.6870 93.7200} {119.6870 93.7300} {119.7120 93.7200} {119.7120 93.7400} {119.7120 93.7300}
SDFFARX1_RVT | u_core/core_i/id_stage_i/register_file_i/mem_reg[26][16] | SE | Blocked  SE(M2) 3: {59.6720 139.3200} {59.6720 139.3535} {59.6720 139.3367}
SDFFARX1_RVT | u_core/core_i/id_stage_i/register_file_i/mem_reg[26][17] | SE | Blocked  SE(M2) 3: {59.6720 134.7265} {59.6720 134.7600} {59.6720 134.7432}
SDFFARX1_RVT | u_core/core_i/id_stage_i/register_file_i/mem_reg[26][28] | QN | Blocked  QN(M2) 1: {59.6720 136.5840}
SDFFARX1_RVT | u_core/core_i/id_stage_i/register_file_i/mem_reg[25][19] | SE | Blocked  SE(M2) 3: {179.7520 41.0945} {179.7520 41.1280} {179.7520 41.1112}
SDFFARX1_RVT | u_core/core_i/id_stage_i/register_file_i/mem_reg[25][20] | QN | Blocked  QN(M2) 1: {179.7520 49.6400}
SDFFARX1_RVT | u_core/core_i/id_stage_i/register_file_i/mem_reg[25][28] | Q | Blocked  Q(M2) 1: {140.2320 36.1120}
SDFFARX1_RVT | u_core/core_i/id_stage_i/register_file_i/mem_reg[25][29] | RSTB | Blocked  RSTB(M2) 4: {159.6880 31.5520} {159.6880 31.5565} {159.6880 31.5542} {159.7130 31.5520}
SDFFARX1_RVT | u_core/core_i/id_stage_i/register_file_i/mem_reg[25][30] | SI | Blocked  SI(M2) 6: {159.6880 26.9920} {159.6880 27.0295} {159.6880 27.0107} {159.7540 26.9920} {159.7540 27.0295} {159.7540 27.0107}
SDFFARX1_RVT | u_core/core_i/id_stage_i/register_file_i/mem_reg[25][30] | CLK | Blocked  CLK(M2) 10: {160.2710 26.8400} {160.2710 26.8600} {160.2710 26.8500} {160.2960 26.8400} {160.2960 26.8600} {160.2960 26.8500} {160.3580 26.8400} {160.3580 26.8500} {160.3830 26.8400} {160.3830 26.8500}
SDFFARX1_RVT | u_core/core_i/id_stage_i/register_file_i/mem_reg[24][14] | CLK | Blocked  CLK(M2) 4: {40.4330 153.9120} {40.4330 153.9220} {40.4580 153.9120} {40.4580 153.9220}
SDFFARX1_RVT | u_core/core_i/id_stage_i/register_file_i/mem_reg[23][12] | Q | Blocked  Q(M2) 1: {39.7600 30.6400}
SDFFARX1_RVT | u_core/core_i/id_stage_i/register_file_i/mem_reg[23][30] | SE | Blocked  SE(M2) 6: {79.7360 21.0305} {79.7360 21.0640} {79.7360 21.0472} {79.7610 21.0305} {79.7610 21.0640} {79.7610 21.0472}
SDFFARX1_RVT | u_core/core_i/id_stage_i/register_file_i/mem_reg[22][0] | Q | Blocked  Q(M2) 1: {179.7520 60.7360}
SDFFARX1_RVT | u_core/core_i/id_stage_i/register_file_i/mem_reg[21][1] | Q | Blocked  Q(M2) 2: {59.6720 67.4240} {59.6970 67.4240}
SDFFARX1_RVT | u_core/core_i/id_stage_i/register_file_i/mem_reg[21][3] | Q | Blocked  Q(M2) 2: {59.6720 82.9280} {59.6970 82.9280}
SDFFARX1_RVT | u_core/core_i/id_stage_i/register_file_i/mem_reg[21][15] | RSTB | Blocked  RSTB(M2) 6: {60.4070 61.6480} {60.4070 61.6525} {60.4070 61.6502} {60.4320 61.6480} {60.4320 61.6525} {60.4320 61.6502}
SDFFARX1_RVT | u_core/core_i/id_stage_i/register_file_i/mem_reg[21][17] | Q | Blocked  Q(M2) 2: {59.6720 66.2080} {59.6970 66.2080}
SDFFARX1_RVT | u_core/core_i/id_stage_i/register_file_i/mem_reg[20][21] | Q | Blocked  Q(M2) 1: {40.2280 23.9520}
SDFFARX1_RVT | u_core/core_i/id_stage_i/register_file_i/mem_reg[20][24] | SE | Blocked  SE(M2) 3: {39.7600 22.2800} {39.7600 22.3135} {39.7600 22.2967}
SDFFARX1_RVT | u_core/core_i/id_stage_i/register_file_i/mem_reg[19][0] | SE | Blocked  SE(M2) 3: {179.7520 31.0625} {179.7520 31.0960} {179.7520 31.0792}
SDFFARX1_RVT | u_core/core_i/id_stage_i/register_file_i/mem_reg[19][3] | RSTB | Blocked  RSTB(M2) 6: {160.2710 21.5200} {160.2710 21.5245} {160.2710 21.5222} {160.2960 21.5200} {160.2960 21.5245} {160.2960 21.5222}
SDFFARX1_RVT | u_core/core_i/id_stage_i/register_file_i/mem_reg[19][14] | Q | Blocked  Q(M2) 2: {160.2710 23.9520} {160.2960 23.9520}
SDFFARX1_RVT | u_core/core_i/id_stage_i/register_file_i/mem_reg[19][22] | SE | Blocked  SE(M2) 3: {179.7520 21.0305} {179.7520 21.0640} {179.7520 21.0472}
SDFFARX1_RVT | u_core/core_i/id_stage_i/register_file_i/mem_reg[18][3] | SE | Blocked  SE(M2) 3: {120.3200 27.7185} {120.3200 27.7520} {120.3200 27.7352}
SDFFARX1_RVT | u_core/core_i/id_stage_i/register_file_i/mem_reg[18][10] | Q | Blocked  Q(M2) 2: {119.7120 23.9520} {119.7370 23.9520}
SDFFARX1_RVT | u_core/core_i/id_stage_i/register_file_i/mem_reg[18][18] | RSTB | Blocked  RSTB(M2) 3: {139.5430 28.2080} {139.5430 28.2125} {139.5430 28.2102}
SDFFARX1_RVT | u_core/core_i/id_stage_i/register_file_i/mem_reg[17][29] | SE | Blocked  SE(M2) 3: {39.7600 49.0320} {39.7600 49.0655} {39.7600 49.0487}
SDFFARX1_RVT | u_core/core_i/id_stage_i/register_file_i/mem_reg[16][4] | CLK | Blocked  CLK(M2) 4: {80.4090 50.2480} {80.4090 50.2580} {80.4340 50.2480} {80.4340 50.2580}
SDFFARX1_RVT | u_core/core_i/id_stage_i/register_file_i/mem_reg[16][23] | SI | Blocked  SI(M2) 3: {39.7600 50.4000} {39.7600 50.4375} {39.7600 50.4187}
SDFFARX1_RVT | u_core/core_i/id_stage_i/register_file_i/mem_reg[16][23] | CLK | Blocked  CLK(M2) 8: {40.3430 50.2480} {40.3430 50.2580} {40.3680 50.2480} {40.3680 50.2580} {40.4300 50.2480} {40.4300 50.2580} {40.4550 50.2480} {40.4550 50.2580}
SDFFARX1_RVT | u_core/core_i/id_stage_i/register_file_i/mem_reg[16][31] | RSTB | Blocked  RSTB(M2) 3: {39.7600 54.9600} {39.7600 54.9645} {39.7600 54.9622}
SDFFARX1_RVT | u_core/core_i/id_stage_i/register_file_i/mem_reg[15][21] | RSTB | Blocked  RSTB(M2) 6: {80.2730 98.4320} {80.2730 98.4365} {80.2730 98.4342} {80.3440 98.4320} {80.3440 98.4365} {80.3440 98.4342}
SDFFARX1_RVT | u_core/core_i/id_stage_i/register_file_i/mem_reg[15][23] | CLK | Blocked  CLK(M2) 3: {80.2790 93.3960} {80.2790 93.4160} {80.2790 93.4060}
SDFFARX1_RVT | u_core/core_i/id_stage_i/register_file_i/mem_reg[15][26] | SE | Blocked  SE(M2) 6: {79.7360 85.8160} {79.7360 85.8495} {79.7360 85.8327} {79.7610 85.8160} {79.7610 85.8495} {79.7610 85.8327}
SDFFARX1_RVT | u_core/core_i/id_stage_i/register_file_i/mem_reg[14][6] | QN | Blocked  QN(M2) 1: {59.6720 164.2480}
SDFFARX1_RVT | u_core/core_i/id_stage_i/register_file_i/mem_reg[14][14] | Q | Blocked  Q(M2) 2: {59.6720 154.3680} {59.6970 154.3680}
SDFFARX1_RVT | u_core/core_i/id_stage_i/register_file_i/mem_reg[14][25] | Q | Blocked  Q(M2) 2: {59.6720 166.5280} {59.6970 166.5280}
SDFFARX1_RVT | u_core/core_i/id_stage_i/register_file_i/mem_reg[14][29] | SE | Blocked  SE(M2) 6: {60.2550 156.0400} {60.2550 156.0735} {60.2550 156.0567} {60.2800 156.0400} {60.2800 156.0735} {60.2800 156.0567}
SDFFARX1_RVT | u_core/core_i/id_stage_i/register_file_i/mem_reg[14][31] | Q | Blocked  Q(M2) 2: {59.6720 171.0880} {59.6970 171.0880}
SDFFARX1_RVT | u_core/core_i/id_stage_i/register_file_i/mem_reg[13][26] | SE | Blocked  SE(M2) 6: {100.2310 182.7920} {100.2310 182.8255} {100.2310 182.8087} {100.2560 182.7920} {100.2560 182.8255} {100.2560 182.8087}
SDFFARX1_RVT | u_core/core_i/id_stage_i/register_file_i/mem_reg[12][0] | CLK | Blocked  CLK(M2) 6: {159.6880 59.9560} {159.6880 59.9760} {159.6880 59.9660} {159.7500 59.9560} {159.7500 59.9760} {159.7500 59.9660}
SDFFARX1_RVT | u_core/core_i/id_stage_i/register_file_i/mem_reg[12][6] | RSTB | Blocked  RSTB(M2) 6: {160.2500 51.6160} {160.2500 51.6205} {160.2500 51.6182} {160.2960 51.6160} {160.2960 51.6205} {160.2960 51.6182}
SDFFARX1_RVT | u_core/core_i/id_stage_i/register_file_i/mem_reg[12][7] | CLK | Blocked  CLK(M2) 6: {159.6880 56.6120} {159.6880 56.6320} {159.6880 56.6220} {159.7500 56.6120} {159.7500 56.6320} {159.7500 56.6220}
SDFFARX1_RVT | u_core/core_i/id_stage_i/register_file_i/mem_reg[12][9] | RSTB | Blocked  RSTB(M2) 4: {159.6880 54.9600} {159.6880 54.9645} {159.6880 54.9622} {159.7130 54.9600}
SDFFARX1_RVT | u_core/core_i/id_stage_i/register_file_i/mem_reg[12][12] | QN | Blocked  QN(M2) 1: {159.6880 63.9280}
SDFFARX1_RVT | u_core/core_i/id_stage_i/register_file_i/mem_reg[12][17] | Q | Blocked  Q(M2) 2: {59.6720 47.3600} {59.6970 47.3600}
SDFFARX1_RVT | u_core/core_i/id_stage_i/register_file_i/mem_reg[12][23] | RSTB | Blocked  RSTB(M2) 9: {120.2490 41.5840} {120.2490 41.5885} {120.2490 41.5862} {120.2740 41.5840} {120.2740 41.5885} {120.2740 41.5862} {120.3200 41.5840} {120.3200 41.5885} {120.3200 41.5862}
SDFFARX1_RVT | u_core/core_i/id_stage_i/register_file_i/mem_reg[11][0] | CLK | Blocked  CLK(M2) 3: {179.7520 66.6440} {179.7520 66.6640} {179.7520 66.6540}
SDFFARX1_RVT | u_core/core_i/id_stage_i/register_file_i/mem_reg[11][17] | CLK | Blocked  CLK(M2) 3: {100.2560 59.9560} {100.2560 59.9760} {100.2560 59.9660}
SDFFARX1_RVT | u_core/core_i/id_stage_i/register_file_i/mem_reg[10][14] | Q | Blocked  Q(M2) 2: {119.7120 181.1200} {119.7370 181.1200}
SDFFARX1_RVT | u_core/core_i/id_stage_i/register_file_i/mem_reg[10][15] | Q | Blocked  Q(M2) 2: {119.7120 177.7760} {119.7370 177.7760}
SDFFARX1_RVT | u_core/core_i/id_stage_i/register_file_i/mem_reg[9][4] | Q | Blocked  Q(M2) 1: {80.3440 74.1120}
SDFFARX1_RVT | u_core/core_i/id_stage_i/register_file_i/mem_reg[9][24] | RSTB | Blocked  RSTB(M2) 6: {80.2730 78.6675} {80.2730 78.6720} {80.2730 78.6697} {80.3440 78.6675} {80.3440 78.6720} {80.3440 78.6697}
SDFFARX1_RVT | u_core/core_i/id_stage_i/register_file_i/mem_reg[8][0] | RSTB | Blocked  RSTB(M2) 3: {140.4650 64.9920} {140.4650 64.9965} {140.4650 64.9942}
SDFFARX1_RVT | u_core/core_i/id_stage_i/register_file_i/mem_reg[8][14] | RSTB | Blocked  RSTB(M2) 3: {140.4650 61.9475} {140.4650 61.9520} {140.4650 61.9497}
SDFFARX1_RVT | u_core/core_i/id_stage_i/register_file_i/mem_reg[8][20] | Q | Blocked  Q(M2) 2: {120.2950 52.8320} {120.3200 52.8320}
SDFFARX1_RVT | u_core/core_i/id_stage_i/register_file_i/mem_reg[7][1] | SE | Blocked  SE(M2) 6: {79.7360 158.1345} {79.7360 158.1680} {79.7360 158.1512} {79.7610 158.1345} {79.7610 158.1680} {79.7610 158.1512}
SDFFARX1_RVT | u_core/core_i/id_stage_i/register_file_i/mem_reg[7][3] | Q | Blocked  Q(M2) 1: {80.3440 140.9920}
SDFFARX1_RVT | u_core/core_i/id_stage_i/register_file_i/mem_reg[7][14] | SE | Blocked  SE(M2) 6: {79.7360 134.7265} {79.7360 134.7600} {79.7360 134.7432} {79.7610 134.7265} {79.7610 134.7600} {79.7610 134.7432}
SDFFARX1_RVT | u_core/core_i/id_stage_i/register_file_i/mem_reg[7][18] | RSTB | Blocked  RSTB(M2) 6: {79.7360 165.6115} {79.7360 165.6160} {79.7360 165.6137} {79.7610 165.6115} {79.7610 165.6160} {79.7610 165.6137}
SDFFARX1_RVT | u_core/core_i/id_stage_i/register_file_i/mem_reg[6][20] | Q | Blocked  Q(M2) 2: {79.7360 204.5280} {79.7610 204.5280}
SDFFARX1_RVT | u_core/core_i/id_stage_i/register_file_i/mem_reg[6][28] | Q | Blocked  Q(M2) 2: {79.7360 196.6240} {79.7610 196.6240}
SDFFARX1_RVT | u_core/core_i/id_stage_i/register_file_i/mem_reg[5][23] | RSTB | Blocked  RSTB(M2) 6: {80.2730 105.4195} {80.2730 105.4240} {80.2730 105.4217} {80.3440 105.4195} {80.3440 105.4240} {80.3440 105.4217}
SDFFARX1_RVT | u_core/core_i/id_stage_i/register_file_i/mem_reg[4][13] | RSTB | Blocked  RSTB(M2) 3: {59.5450 88.4000} {59.5450 88.4045} {59.5450 88.4022}
SDFFARX1_RVT | u_core/core_i/id_stage_i/register_file_i/mem_reg[4][14] | Q | Blocked  Q(M2) 2: {60.2550 79.5840} {60.2800 79.5840}
SDFFARX1_RVT | u_core/core_i/id_stage_i/register_file_i/mem_reg[4][18] | RSTB | Blocked  RSTB(M2) 1: {40.2410 91.7440}
SDFFARX1_RVT | u_core/core_i/id_stage_i/register_file_i/mem_reg[4][26] | Q | Blocked  Q(M2) 2: {59.6720 74.1120} {59.6970 74.1120}
SDFFARX1_RVT | u_core/core_i/id_stage_i/register_file_i/mem_reg[4][28] | SI | Blocked  SI(M2) 6: {59.6720 70.4640} {59.6720 70.5015} {59.6720 70.4827} {59.7380 70.4640} {59.7380 70.5015} {59.7380 70.4827}
SDFFARX1_RVT | u_core/core_i/id_stage_i/register_file_i/mem_reg[4][28] | CLK | Blocked  CLK(M2) 6: {60.2550 70.3120} {60.2550 70.3320} {60.2550 70.3220} {60.2800 70.3120} {60.2800 70.3320} {60.2800 70.3220}
SDFFARX1_RVT | u_core/core_i/id_stage_i/register_file_i/mem_reg[4][31] | Q | Blocked  Q(M2) 2: {60.2550 89.6160} {60.2800 89.6160}
SDFFARX1_RVT | u_core/core_i/id_stage_i/register_file_i/mem_reg[2][10] | Q | Blocked  Q(M2) 1: {40.2280 179.9040}
SDFFARX1_RVT | u_core/core_i/id_stage_i/register_file_i/mem_reg[2][11] | Q | Blocked  Q(M2) 1: {39.7600 187.8080}
SDFFARX1_RVT | u_core/core_i/id_stage_i/register_file_i/mem_reg[2][25] | Q | Blocked  Q(M2) 1: {39.7600 203.3120}
SDFFARX1_RVT | u_core/core_i/id_stage_i/register_file_i/mem_reg[1][11] | RSTB | Blocked  RSTB(M2) 6: {59.5660 198.7520} {59.5660 198.7565} {59.5660 198.7542} {59.5910 198.7520} {59.5910 198.7565} {59.5910 198.7542}
SDFFARX1_RVT | u_core/core_i/id_stage_i/register_file_i/mem_reg[1][16] | Q | Blocked  Q(M2) 2: {60.2550 214.5600} {60.2800 214.5600}
SDFFARX1_RVT | u_core/core_i/id_stage_i/register_file_i/mem_reg[1][22] | SE | Blocked  SE(M2) 6: {60.2550 211.6385} {60.2550 211.6720} {60.2550 211.6552} {60.2800 211.6385} {60.2800 211.6720} {60.2800 211.6552}
SDFFARX1_RVT | u_core/core_i/id_stage_i/register_file_i/mem_reg[1][29] | RSTB | Blocked  RSTB(M2) 3: {59.5450 192.0640} {59.5450 192.0685} {59.5450 192.0662}
SDFFARX1_RVT | u_core/core_i/id_stage_i/int_controller_i/irq_q_reg[16] | Q | Blocked  Q(M2) 1: {80.3440 40.6720}
SDFFARX1_RVT | u_core/core_i/id_stage_i/mhpmevent_store_o_reg | SI | Blocked  SI(M2) 3: {219.7280 167.4400} {219.7280 167.4775} {219.7280 167.4587}
SDFFARX1_RVT | u_core/core_i/id_stage_i/mhpmevent_store_o_reg | CLK | Blocked  CLK(M2) 3: {220.3360 167.2880} {220.3360 167.3080} {220.3360 167.2980}
SDFFARX1_RVT | u_core/core_i/id_stage_i/data_type_ex_o_reg[1] | SE | Blocked  SE(M2) 6: {200.2470 178.1985} {200.2470 178.2320} {200.2470 178.2152} {200.2720 178.1985} {200.2720 178.2320} {200.2720 178.2152}
SDFFARX1_RVT | u_core/core_i/id_stage_i/regfile_alu_waddr_ex_o_reg[2] | SE | Blocked  SE(M2) 3: {199.6640 101.2865} {199.6640 101.3200} {199.6640 101.3032}
SDFFARX1_RVT | u_core/core_i/id_stage_i/mult_operand_a_ex_o_reg[8] | SE | Blocked  SE(M2) 3: {140.2320 191.5745} {140.2320 191.6080} {140.2320 191.5912}
SDFFARX1_RVT | u_core/core_i/id_stage_i/mult_operand_a_ex_o_reg[7] | Q | Blocked  Q(M2) 1: {179.7520 177.7760}
SDFFARX1_RVT | u_core/core_i/id_stage_i/mult_operand_b_ex_o_reg[15] | SI | Blocked  SI(M2) 3: {79.7360 213.6105} {79.7360 213.6480} {79.7360 213.6292}
SDFFARX1_RVT | u_core/core_i/id_stage_i/mult_operand_b_ex_o_reg[15] | CLK | Blocked  CLK(M2) 3: {80.3440 213.7800} {80.3440 213.8000} {80.3440 213.7900}
SDFFARX1_RVT | u_core/core_i/id_stage_i/mult_operand_b_ex_o_reg[13] | CLK | Blocked  CLK(M2) 5: {80.2540 220.7920} {80.2540 220.8020} {80.2790 220.7920} {80.2790 220.8120} {80.2790 220.8020}
SDFFARX1_RVT | u_core/core_i/id_stage_i/alu_operand_a_ex_o_reg[5] | CLK | Blocked  CLK(M2) 8: {159.6630 237.5120} {159.6630 237.5220} {159.6880 237.5120} {159.6880 237.5320} {159.6880 237.5220} {159.7500 237.5120} {159.7500 237.5320} {159.7500 237.5220}
SDFFARX1_RVT | u_core/core_i/id_stage_i/alu_operand_a_ex_o_reg[19] | Q | Blocked  Q(M2) 2: {160.2710 243.4400} {160.2960 243.4400}
SDFFARX1_RVT | u_core/core_i/id_stage_i/alu_operand_a_ex_o_reg[2] | CLK | Blocked  CLK(M2) 8: {159.6630 244.2000} {159.6630 244.2100} {159.6880 244.2000} {159.6880 244.2200} {159.6880 244.2100} {159.7500 244.2000} {159.7500 244.2200} {159.7500 244.2100}
SDFFARX1_RVT | u_core/core_i/id_stage_i/mult_operand_c_ex_o_reg[15] | Q | Blocked  Q(M2) 2: {60.2550 237.9680} {60.2800 237.9680}
SDFFARX1_RVT | u_core/core_i/id_stage_i/mult_operand_c_ex_o_reg[18] | SI | Blocked  SI(M2) 6: {59.6720 230.9760} {59.6720 231.0135} {59.6720 230.9947} {59.7380 230.9760} {59.7380 231.0135} {59.7380 230.9947}
SDFFARX1_RVT | u_core/core_i/id_stage_i/mult_operand_c_ex_o_reg[18] | CLK | Blocked  CLK(M2) 6: {60.2550 230.8240} {60.2550 230.8440} {60.2550 230.8340} {60.2800 230.8240} {60.2800 230.8440} {60.2800 230.8340}
SDFFARX1_RVT | u_core/core_i/id_stage_i/alu_operand_c_ex_o_reg[24] | Q | Blocked  Q(M2) 2: {59.6720 250.1280} {59.6970 250.1280}
SDFFARX1_RVT | u_core/core_i/id_stage_i/alu_operand_c_ex_o_reg[17] | RSTB | Blocked  RSTB(M2) 6: {59.5660 245.8675} {59.5660 245.8720} {59.5660 245.8697} {59.5910 245.8675} {59.5910 245.8720} {59.5910 245.8697}
SDFFARX1_RVT | u_core/core_i/id_stage_i/mult_operand_c_ex_o_reg[23] | SE | Blocked  SE(M2) 6: {60.2550 228.3585} {60.2550 228.3920} {60.2550 228.3752} {60.2800 228.3585} {60.2800 228.3920} {60.2800 228.3752}
SDFFARX1_RVT | u_core/core_i/id_stage_i/mult_operand_c_ex_o_reg[14] | QN | Blocked  QN(M2) 1: {59.6720 230.2160}
SDFFARX1_RVT | u_core/core_i/id_stage_i/mult_operand_c_ex_o_reg[24] | SE | Blocked  SE(M2) 6: {60.2550 226.2640} {60.2550 226.2975} {60.2550 226.2807} {60.2800 226.2640} {60.2800 226.2975} {60.2800 226.2807}
SDFFARX1_RVT | u_core/core_i/id_stage_i/mult_operand_c_ex_o_reg[25] | Q | Blocked  Q(M2) 2: {59.6720 223.3760} {59.6970 223.3760}
SDFFARX1_RVT | u_core/core_i/id_stage_i/mult_operand_c_ex_o_reg[29] | SE | Blocked  SE(M2) 3: {59.6720 221.6705} {59.6720 221.7040} {59.6720 221.6872}
SDFFARX1_RVT | u_core/core_i/id_stage_i/mult_operand_c_ex_o_reg[1] | CLK | Blocked  CLK(M2) 3: {60.2800 234.1680} {60.2800 234.1880} {60.2800 234.1780}
SDFFARX1_RVT | u_core/core_i/id_stage_i/mult_operand_c_ex_o_reg[31] | Q | Blocked  Q(M2) 2: {60.2550 233.4080} {60.2800 233.4080}
SDFFARX1_RVT | u_core/core_i/id_stage_i/register_file_i/mem_reg[7][30] | SE | Blocked  SE(M2) 6: {79.7360 146.0080} {79.7360 146.0415} {79.7360 146.0247} {79.7610 146.0080} {79.7610 146.0415} {79.7610 146.0247}
SDFFARX1_RVT | u_core/core_i/id_stage_i/register_file_i/mem_reg[7][20] | CLK | Blocked  CLK(M2) 5: {79.7110 150.5680} {79.7110 150.5780} {79.7360 150.5680} {79.7360 150.5880} {79.7360 150.5780}
SDFFARX1_RVT | u_core/core_i/id_stage_i/mult_operand_b_ex_o_reg[19] | SE | Blocked  SE(M2) 3: {159.6880 191.5745} {159.6880 191.6080} {159.6880 191.5912}
SDFFARX1_RVT | u_core/core_i/id_stage_i/alu_operand_b_ex_o_reg[2] | Q | Blocked  Q(M2) 2: {59.6720 264.7200} {59.6970 264.7200}
SDFFARX1_RVT | u_core/core_i/id_stage_i/alu_operand_b_ex_o_reg[10] | Q | Blocked  Q(M2) 2: {59.6720 284.7840} {59.6970 284.7840}
SDFFARX1_RVT | u_core/core_i/id_stage_i/alu_operand_c_ex_o_reg[20] | CLK | Blocked  CLK(M2) 6: {59.6720 250.8880} {59.6720 250.9080} {59.6720 250.8980} {59.7340 250.8880} {59.7340 250.9080} {59.7340 250.8980}
SDFFARX1_RVT | u_core/core_i/id_stage_i/alu_operand_c_ex_o_reg[26] | Q | Blocked  Q(M2) 1: {39.7600 263.5040}
SDFFARX1_RVT | u_core/core_i/id_stage_i/alu_operand_c_ex_o_reg[6] | RSTB | Blocked  RSTB(M2) 6: {59.5660 262.2880} {59.5660 262.2925} {59.5660 262.2902} {59.5910 262.2880} {59.5910 262.2925} {59.5910 262.2902}
SDFFARX1_RVT | u_core/core_i/id_stage_i/mult_operator_ex_o_reg[2] | QN | Blocked  QN(M2) 1: {199.6640 180.9680}
SDFFARX1_RVT | u_core/core_i/cs_registers_i/mepc_q_reg[31] | Q | Blocked  Q(M2) 1: {240.2480 67.4240}
SDFFARX1_RVT | u_core/core_i/cs_registers_i/mepc_q_reg[27] | CLK | Blocked  CLK(M2) 4: {239.5500 56.9360} {239.5500 56.9460} {239.5750 56.9360} {239.5750 56.9460}
SDFFARX1_RVT | u_core/core_i/cs_registers_i/mepc_q_reg[20] | SE | Blocked  SE(M2) 6: {259.7040 49.0320} {259.7040 49.0655} {259.7040 49.0487} {259.7290 49.0320} {259.7290 49.0655} {259.7290 49.0487}
SDFFARX1_RVT | u_core/core_i/cs_registers_i/depc_q_reg[19] | SE | Blocked  SE(M2) 6: {259.7040 67.8465} {259.7040 67.8800} {259.7040 67.8632} {259.7290 67.8465} {259.7290 67.8800} {259.7290 67.8632}
SDFFARX1_RVT | u_core/core_i/cs_registers_i/depc_q_reg[15] | SI | Blocked  SI(M2) 6: {259.7040 76.5065} {259.7040 76.5440} {259.7040 76.5252} {259.7700 76.5065} {259.7700 76.5440} {259.7700 76.5252}
SDFFARX1_RVT | u_core/core_i/cs_registers_i/depc_q_reg[15] | CLK | Blocked  CLK(M2) 6: {260.2870 76.6760} {260.2870 76.6960} {260.2870 76.6860} {260.3120 76.6760} {260.3120 76.6960} {260.3120 76.6860}
SDFFARX1_RVT | u_core/core_i/cs_registers_i/dscratch0_q_reg[26] | SE | Blocked  SE(M2) 6: {259.7040 109.2240} {259.7040 109.2575} {259.7040 109.2407} {259.7290 109.2240} {259.7290 109.2575} {259.7290 109.2407}
SDFFARX1_RVT | u_core/core_i/cs_registers_i/dscratch0_q_reg[22] | CLK | Blocked  CLK(M2) 6: {260.2500 120.4720} {260.2500 120.4920} {260.2500 120.4820} {260.3120 120.4720} {260.3120 120.4920} {260.3120 120.4820}
SDFFARX1_RVT | u_core/core_i/cs_registers_i/dscratch0_q_reg[19] | RSTB | Blocked  RSTB(M2) 9: {260.3930 108.4640} {260.3930 108.4685} {260.3930 108.4662} {260.4180 108.4640} {260.4180 108.4685} {260.4180 108.4662} {260.4640 108.4640} {260.4640 108.4685} {260.4640 108.4662}
SDFFARX1_RVT | u_core/core_i/cs_registers_i/dscratch0_q_reg[9] | SI | Blocked  SI(M2) 6: {259.7040 90.5280} {259.7040 90.5655} {259.7040 90.5467} {259.7700 90.5280} {259.7700 90.5655} {259.7700 90.5467}
SDFFARX1_RVT | u_core/core_i/cs_registers_i/dscratch0_q_reg[9] | CLK | Blocked  CLK(M2) 6: {260.2870 90.3760} {260.2870 90.3960} {260.2870 90.3860} {260.3120 90.3760} {260.3120 90.3960} {260.3120 90.3860}
SDFFARX1_RVT | u_core/core_i/cs_registers_i/dscratch1_q_reg[5] | CLK | Blocked  CLK(M2) 5: {279.7430 100.4080} {279.7430 100.4180} {279.7680 100.4080} {279.7680 100.4280} {279.7680 100.4180}
SDFFARX1_RVT | u_core/core_i/cs_registers_i/mscratch_q_reg[28] | CLK | Blocked  CLK(M2) 3: {240.2480 23.1720} {240.2480 23.1920} {240.2480 23.1820}
SDFFARX1_RVT | u_core/core_i/cs_registers_i/mscratch_q_reg[16] | D | Blocked  D(M2) 3: {240.2480 32.4435} {240.2480 32.4640} {240.2480 32.4537}
SDFFARX1_RVT | u_core/core_i/cs_registers_i/mscratch_q_reg[5] | CLK | Blocked  CLK(M2) 8: {239.6150 33.5280} {239.6150 33.5380} {239.6400 33.5280} {239.6400 33.5380} {239.7020 33.5280} {239.7020 33.5380} {239.7270 33.5280} {239.7270 33.5380}
SDFFARX1_RVT | u_core/core_i/cs_registers_i/mscratch_q_reg[1] | CLK | Blocked  CLK(M2) 3: {240.2480 36.5480} {240.2480 36.5680} {240.2480 36.5580}
SDFFARX1_RVT | u_core/core_i/cs_registers_i/mie_q_reg[30] | Q | Blocked  Q(M2) 1: {220.3360 161.0560}
SDFFARX1_RVT | u_core/core_i/cs_registers_i/mie_q_reg[27] | SE | Blocked  SE(M2) 6: {219.7280 146.0080} {219.7280 146.0415} {219.7280 146.0247} {219.7530 146.0080} {219.7530 146.0415} {219.7530 146.0247}
SDFFARX1_RVT | u_core/core_i/cs_registers_i/mie_q_reg[23] | RSTB | Blocked  RSTB(M2) 9: {219.5300 162.2675} {219.5300 162.2720} {219.5300 162.2697} {219.5760 162.2675} {219.5760 162.2720} {219.5760 162.2697} {219.6010 162.2675} {219.6010 162.2720} {219.6010 162.2697}
SDFFARX1_RVT | u_core/core_i/cs_registers_i/mie_q_reg[18] | SE | Blocked  SE(M2) 6: {219.7280 158.1345} {219.7280 158.1680} {219.7280 158.1512} {219.7530 158.1345} {219.7530 158.1680} {219.7530 158.1512}
SDFFARX1_RVT | u_core/core_i/cs_registers_i/mie_q_reg[3] | RSTB | Blocked  RSTB(M2) 6: {220.4170 151.9360} {220.4170 151.9405} {220.4170 151.9382} {220.4420 151.9360} {220.4420 151.9405} {220.4420 151.9382}
SDFFARX1_RVT | u_core/core_i/cs_registers_i/mtvec_q_reg[19] | SE | Blocked  SE(M2) 6: {219.7280 21.0305} {219.7280 21.0640} {219.7280 21.0472} {219.7530 21.0305} {219.7530 21.0640} {219.7530 21.0472}
SDFFARX1_RVT | u_core/core_i/cs_registers_i/mtvec_q_reg[5] | RSTB | Blocked  RSTB(M2) 6: {199.6640 25.1635} {199.6640 25.1680} {199.6640 25.1657} {199.7350 25.1635} {199.7350 25.1680} {199.7350 25.1657}
SDFFARX1_RVT | u_core/core_i/cs_registers_i/mtvec_q_reg[2] | Q | Blocked  Q(M2) 1: {220.3360 23.9520}
SDFFARX1_RVT | u_core/core_i/cs_registers_i/gen_trigger_regs.tmatch_value_q_reg[31] | RSTB | Blocked  RSTB(M2) 3: {220.4630 125.1840} {220.4630 125.1885} {220.4630 125.1862}
SDFFARX1_RVT | u_core/core_i/cs_registers_i/gen_trigger_regs.tmatch_value_q_reg[25] | RSTB | Blocked  RSTB(M2) 6: {220.4170 128.8275} {220.4170 128.8320} {220.4170 128.8297} {220.4420 128.8275} {220.4420 128.8320} {220.4420 128.8297}
SDFFARX1_RVT | u_core/core_i/cs_registers_i/gen_trigger_regs.tmatch_value_q_reg[9] | CLK | Blocked  CLK(M2) 3: {220.2710 133.8480} {220.2710 133.8680} {220.2710 133.8580}
SDFFARX1_RVT | u_core/core_i/cs_registers_i/gen_trigger_regs.tmatch_value_q_reg[8] | CLK | Blocked  CLK(M2) 3: {220.2710 136.8680} {220.2710 136.8880} {220.2710 136.8780}
SDFFARX1_RVT | u_core/core_i/cs_registers_i/gen_trigger_regs.tmatch_value_q_reg[4] | Q | Blocked  Q(M2) 2: {219.7280 120.9280} {219.7530 120.9280}
SDFFARX1_RVT | u_core/core_i/cs_registers_i/gen_trigger_regs.tmatch_value_q_reg[2] | RSTB | Blocked  RSTB(M2) 9: {219.5300 122.1395} {219.5300 122.1440} {219.5300 122.1417} {219.5760 122.1395} {219.5760 122.1440} {219.5760 122.1417} {219.6010 122.1395} {219.6010 122.1440} {219.6010 122.1417}
SDFFARX1_RVT | u_core/core_i/cs_registers_i/mhpmcounter_q_reg[0][35] | Q | Blocked  Q(M2) 2: {259.7040 136.4320} {259.7290 136.4320}
SDFFARX1_RVT | u_core/core_i/cs_registers_i/mhpmcounter_q_reg[0][36] | SE | Blocked  SE(M2) 6: {259.7040 142.6640} {259.7040 142.6975} {259.7040 142.6807} {259.7290 142.6640} {259.7290 142.6975} {259.7290 142.6807}
SDFFARX1_RVT | u_core/core_i/cs_registers_i/mhpmcounter_q_reg[0][41] | Q | Blocked  Q(M2) 2: {259.7040 149.8080} {259.7290 149.8080}
SDFFARX1_RVT | u_core/core_i/cs_registers_i/mhpmcounter_q_reg[0][42] | SE | Blocked  SE(M2) 3: {260.3120 148.1025} {260.3120 148.1360} {260.3120 148.1192}
SDFFARX1_RVT | u_core/core_i/cs_registers_i/mhpmcounter_q_reg[0][60] | QN | Blocked  QN(M2) 1: {279.7680 120.7760}
SDFFARX1_RVT | u_core/core_i/cs_registers_i/mhpmcounter_q_reg[0][61] | SE | Blocked  SE(M2) 3: {279.7680 114.6625} {279.7680 114.6960} {279.7680 114.6792}
SDFFARX1_RVT | u_core/core_i/cs_registers_i/mhpmcounter_q_reg[0][3] | CLK | Blocked  CLK(M2) 6: {260.2500 190.3720} {260.2500 190.3920} {260.2500 190.3820} {260.3120 190.3720} {260.3120 190.3920} {260.3120 190.3820}
SDFFARX1_RVT | u_core/core_i/cs_registers_i/mhpmcounter_q_reg[0][4] | QN | Blocked  QN(M2) 2: {259.7040 186.7440} {259.7290 186.7440}
SDFFARX1_RVT | u_core/core_i/cs_registers_i/mhpmcounter_q_reg[0][21] | Q | Blocked  Q(M2) 2: {299.6800 156.4960} {299.7050 156.4960}
SDFFARX1_RVT | u_core/core_i/cs_registers_i/mhpmcounter_q_reg[2][34] | SE | Blocked  SE(M2) 3: {260.3120 162.7280} {260.3120 162.7615} {260.3120 162.7447}
SDFFARX1_RVT | u_core/core_i/cs_registers_i/mhpmcounter_q_reg[2][37] | QN | Blocked  QN(M2) 2: {259.7040 160.9040} {259.7290 160.9040}
SDFFARX1_RVT | u_core/core_i/cs_registers_i/mhpmcounter_q_reg[2][44] | SE | Blocked  SE(M2) 3: {260.3120 158.1345} {260.3120 158.1680} {260.3120 158.1512}
SDFFARX1_RVT | u_core/core_i/cs_registers_i/mhpmcounter_q_reg[2][55] | SI | Blocked  SI(M2) 9: {299.6800 134.0000} {299.6800 134.0375} {299.6800 134.0187} {299.7460 134.0000} {299.7460 134.0375} {299.7460 134.0187} {299.7710 134.0000} {299.7710 134.0375} {299.7710 134.0187}
SDFFARX1_RVT | u_core/core_i/cs_registers_i/mhpmcounter_q_reg[2][55] | CLK | Blocked  CLK(M2) 6: {300.2630 133.8480} {300.2630 133.8680} {300.2630 133.8580} {300.2880 133.8480} {300.2880 133.8680} {300.2880 133.8580}
SDFFARX1_RVT | u_core/core_i/cs_registers_i/mhpmcounter_q_reg[2][56] | SI | Blocked  SI(M2) 9: {299.6800 130.0105} {299.6800 130.0480} {299.6800 130.0292} {299.7460 130.0105} {299.7460 130.0480} {299.7460 130.0292} {299.7710 130.0105} {299.7710 130.0480} {299.7710 130.0292}
SDFFARX1_RVT | u_core/core_i/cs_registers_i/mhpmcounter_q_reg[2][56] | CLK | Blocked  CLK(M2) 6: {300.2630 130.1800} {300.2630 130.2000} {300.2630 130.1900} {300.2880 130.1800} {300.2880 130.2000} {300.2880 130.1900}
SDFFARX1_RVT | u_core/core_i/cs_registers_i/mhpmcounter_q_reg[2][59] | RSTB | Blocked  RSTB(M2) 3: {279.7680 141.9040} {279.7680 141.9085} {279.7680 141.9062}
SDFFARX1_RVT | u_core/core_i/cs_registers_i/mhpmcounter_q_reg[2][60] | QN | Blocked  QN(M2) 1: {279.7680 147.5280}
SDFFARX1_RVT | u_core/core_i/cs_registers_i/mhpmcounter_q_reg[2][9] | CLK | Blocked  CLK(M2) 4: {280.4410 200.7280} {280.4410 200.7380} {280.4660 200.7280} {280.4660 200.7380}
SDFFARX1_RVT | u_core/core_i/cs_registers_i/mhpmcounter_q_reg[2][21] | SE | Blocked  SE(M2) 6: {300.2630 184.8865} {300.2630 184.9200} {300.2630 184.9032} {300.2880 184.8865} {300.2880 184.9200} {300.2880 184.9032}
SDFFARX1_RVT | u_core/core_i/cs_registers_i/mhpmcounter_q_reg[2][23] | Q | Blocked  Q(M2) 2: {299.6800 177.7760} {299.7050 177.7760}
SDFFARX1_RVT | u_core/core_i/cs_registers_i/mhpmcounter_q_reg[2][25] | QN | Blocked  QN(M2) 1: {299.6800 183.4000}
SDFFARX1_RVT | u_core/core_i/cs_registers_i/mhpmcounter_q_reg[2][31] | RSTB | Blocked  RSTB(M2) 1: {280.2490 182.0320}
SDFFARX1_RVT | u_core/core_i/cs_registers_i/mhpmcounter_q_reg[3][36] | SE | Blocked  SE(M2) 3: {240.2480 176.1040} {240.2480 176.1375} {240.2480 176.1207}
SDFFARX1_RVT | u_core/core_i/cs_registers_i/mhpmcounter_q_reg[3][37] | D | Blocked  D(M2) 3: {240.2480 181.4240} {240.2480 181.4445} {240.2480 181.4342}
SDFFARX1_RVT | u_core/core_i/cs_registers_i/mhpmcounter_q_reg[3][39] | D | Blocked  D(M2) 3: {240.2480 184.7680} {240.2480 184.7885} {240.2480 184.7782}
SDFFARX1_RVT | u_core/core_i/cs_registers_i/mhpmcounter_q_reg[3][46] | Q | Blocked  Q(M2) 2: {260.2870 179.9040} {260.3120 179.9040}
SDFFARX1_RVT | u_core/core_i/cs_registers_i/mhpmcounter_q_reg[3][48] | SE | Blocked  SE(M2) 3: {279.7680 146.0080} {279.7680 146.0415} {279.7680 146.0247}
SDFFARX1_RVT | u_core/core_i/cs_registers_i/mhpmcounter_q_reg[3][53] | Q | Blocked  Q(M2) 2: {299.6800 143.1200} {299.7050 143.1200}
SDFFARX1_RVT | u_core/core_i/cs_registers_i/mhpmcounter_q_reg[3][57] | RSTB | Blocked  RSTB(M2) 9: {299.5280 122.1395} {299.5280 122.1440} {299.5280 122.1417} {299.5740 122.1395} {299.5740 122.1440} {299.5740 122.1417} {299.5990 122.1395} {299.5990 122.1440} {299.5990 122.1417}
SDFFARX1_RVT | u_core/core_i/cs_registers_i/mhpmcounter_q_reg[3][4] | Q | Blocked  Q(M2) 2: {259.7040 216.6880} {259.7290 216.6880}
SDFFARX1_RVT | u_core/core_i/cs_registers_i/mhpmcounter_q_reg[3][7] | SE | Blocked  SE(M2) 6: {259.7040 214.9825} {259.7040 215.0160} {259.7040 214.9992} {259.7290 214.9825} {259.7290 215.0160} {259.7290 214.9992}
SDFFARX1_RVT | u_core/core_i/cs_registers_i/mhpmcounter_q_reg[3][10] | Q | Blocked  Q(M2) 2: {259.7040 211.2160} {259.7290 211.2160}
SDFFARX1_RVT | u_core/core_i/cs_registers_i/mhpmcounter_q_reg[3][23] | SE | Blocked  SE(M2) 3: {299.6800 202.8560} {299.6800 202.8895} {299.6800 202.8727}
SDFFARX1_RVT | u_core/core_i/cs_registers_i/mhpmcounter_q_reg[3][24] | SE | Blocked  SE(M2) 3: {299.6800 199.5120} {299.6800 199.5455} {299.6800 199.5287}
SDFFARX1_RVT | u_core/core_i/cs_registers_i/mstatus_q_reg[mie] | CLK | Blocked  CLK(M2) 10: {199.6390 83.6880} {199.6390 83.6980} {199.6640 83.6880} {199.6640 83.7080} {199.6640 83.6980} {199.7260 83.6880} {199.7260 83.7080} {199.7260 83.6980} {199.7510 83.6880} {199.7510 83.6980}
SDFFARX1_RVT | u_core/core_i/cs_registers_i/mie_q_reg[22] | Q | Blocked  Q(M2) 2: {219.7280 153.1520} {219.7530 153.1520}
MUX41X1_HVT | u_core/core_i/U1556 | S0 | Blocked  S0(M2) 6: {219.7280 284.3280} {219.7280 284.3355} {219.7280 284.3317} {219.7530 284.3280} {219.7530 284.3355} {219.7530 284.3317}
MUX41X1_HVT | u_core/core_i/U1556 | A1 | Blocked  A1(M2) 1: {220.4630 285.6960}
MUX41X1_HVT | u_core/core_i/U1673 | S0 | Blocked  S0(M2) 6: {219.7280 294.0485} {219.7280 294.0560} {219.7280 294.0522} {219.7480 294.0485} {219.7480 294.0560} {219.7480 294.0522}
MUX41X1_HVT | u_core/core_i/U1673 | Y | Blocked  Y(M2) 3: {220.3360 293.2720} {220.3360 293.2960} {220.3360 293.2840}
MUX41X1_HVT | u_core/core_i/U1761 | A2 | Blocked  A2(M2) 6: {219.7280 291.7695} {219.7280 291.7760} {219.7280 291.7727} {219.7530 291.7695} {219.7530 291.7760} {219.7530 291.7727}
MUX41X1_HVT | u_core/core_i/U1761 | A4 | Blocked  A4(M2) 1: {220.3360 291.9280}
MUX41X1_HVT | u_core/core_i/U1761 | A3 | Blocked  A3(M2) 3: {220.3360 291.6070} {220.3360 291.6240} {220.3360 291.6155}
MUX41X1_HVT | u_core/core_i/U1991 | S1 | Blocked  S1(M2) 3: {240.2480 305.7585} {240.2480 305.7600} {240.2480 305.7592}
MUX41X1_HVT | u_core/core_i/U5419 | A4 | Blocked  A4(M2) 1: {39.7600 281.8960}
MUX41X1_HVT | u_core/core_i/U5419 | A3 | Blocked  A3(M2) 3: {39.7600 281.5750} {39.7600 281.5920} {39.7600 281.5835}
MUX41X1_HVT | u_core/core_i/U5423 | S1 | Blocked  S1(M2) 3: {39.7600 279.0065} {39.7600 279.0080} {39.7600 279.0072}
MUX41X1_HVT | u_core/core_i/U5426 | S1 | Blocked  S1(M2) 3: {39.7600 275.6625} {39.7600 275.6640} {39.7600 275.6632}
MUX41X1_HVT | u_core/core_i/U5427 | S1 | Blocked  S1(M2) 3: {39.7600 285.6945} {39.7600 285.6960} {39.7600 285.6952}
MUX41X1_HVT | u_core/core_i/U5431 | Y | Blocked  Y(M2) 6: {39.7600 279.8960} {39.7600 279.9200} {39.7600 279.9080} {39.7610 279.8960} {39.7610 279.9200} {39.7610 279.9080}
MUX41X1_HVT | u_core/core_i/U5437 | A4 | Blocked  A4(M2) 1: {39.7600 289.8000}
MUX41X1_HVT | u_core/core_i/U5437 | A3 | Blocked  A3(M2) 3: {39.7600 290.1040} {39.7600 290.1210} {39.7600 290.1125}
SDFFARX1_RVT | u_core/core_i/ex_stage_i/alu_i/alu_div_i/BReg_DP_reg[21] | Q | Blocked  Q(M2) 2: {259.7040 274.7520} {259.7290 274.7520}
SDFFARX1_RVT | u_core/core_i/ex_stage_i/alu_i/alu_div_i/BReg_DP_reg[16] | Q | Blocked  Q(M2) 2: {260.2870 276.8800} {260.3120 276.8800}
SDFFARX1_RVT | u_core/core_i/ex_stage_i/alu_i/alu_div_i/BReg_DP_reg[13] | CLK | Blocked  CLK(M2) 3: {240.2480 260.5960} {240.2480 260.6160} {240.2480 260.6060}
SDFFARX1_RVT | u_core/core_i/ex_stage_i/alu_i/alu_div_i/AReg_DP_reg[25] | SI | Blocked  SI(M2) 6: {259.7040 251.0400} {259.7040 251.0775} {259.7040 251.0587} {259.7700 251.0400} {259.7700 251.0775} {259.7700 251.0587}
SDFFARX1_RVT | u_core/core_i/ex_stage_i/alu_i/alu_div_i/AReg_DP_reg[25] | CLK | Blocked  CLK(M2) 6: {260.2870 250.8880} {260.2870 250.9080} {260.2870 250.8980} {260.3120 250.8880} {260.3120 250.9080} {260.3120 250.8980}
SDFFARX1_RVT | u_core/core_i/ex_stage_i/mult_i/mulh_CS_reg[0] | Q | Blocked  Q(M2) 1: {199.6640 187.8080}
SDFFARX1_RVT | u_core/core_i/ex_stage_i/alu_i/alu_div_i/State_SP_reg[0] | Q | Blocked  Q(M2) 2: {219.7280 181.1200} {219.7530 181.1200}
SDFFARX1_RVT | u_core/core_i/load_store_unit_i/rdata_q_reg[17] | SI | Blocked  SI(M2) 3: {39.7600 214.2560} {39.7600 214.2935} {39.7600 214.2747}
SDFFARX1_RVT | u_core/core_i/load_store_unit_i/rdata_q_reg[17] | CLK | Blocked  CLK(M2) 8: {40.3430 214.1040} {40.3430 214.1140} {40.3680 214.1040} {40.3680 214.1140} {40.4300 214.1040} {40.4300 214.1140} {40.4550 214.1040} {40.4550 214.1140}
SDFFARX1_RVT | u_core/core_i/load_store_unit_i/rdata_q_reg[15] | Q | Blocked  Q(M2) 1: {40.2280 253.4720}
SDFFARX1_RVT | u_core/core_i/if_stage_i/prefetch_buffer_i/prefetch_controller_i/cnt_q_reg[0] | SE | Blocked  SE(M2) 3: {299.6800 87.9105} {299.6800 87.9440} {299.6800 87.9272}
SDFFARX1_RVT | u_core/core_i/if_stage_i/prefetch_buffer_i/prefetch_controller_i/flush_cnt_q_reg[1] | SE | Blocked  SE(M2) 3: {299.6800 95.8480} {299.6800 95.8815} {299.6800 95.8647}
SDFFARX1_RVT | u_core/core_i/if_stage_i/prefetch_buffer_i/fifo_i/mem_q_reg[1][26] | SE | Blocked  SE(M2) 6: {300.2630 289.8000} {300.2630 289.8335} {300.2630 289.8167} {300.2880 289.8000} {300.2880 289.8335} {300.2880 289.8167}
SDFFARX1_RVT | u_core/core_i/if_stage_i/prefetch_buffer_i/fifo_i/mem_q_reg[0][1] | CLK | Blocked  CLK(M2) 3: {279.7680 304.0680} {279.7680 304.0880} {279.7680 304.0780}
SDFFARX1_RVT | u_core/core_i/if_stage_i/prefetch_buffer_i/fifo_i/mem_q_reg[0][4] | QN | Blocked  QN(M2) 1: {279.7680 277.9440}
SDFFARX1_RVT | u_core/core_i/if_stage_i/prefetch_buffer_i/fifo_i/mem_q_reg[0][6] | Q | Blocked  Q(M2) 2: {259.7040 288.1280} {259.7290 288.1280}
SDFFARX1_RVT | u_core/core_i/if_stage_i/prefetch_buffer_i/fifo_i/mem_q_reg[0][7] | Q | Blocked  Q(M2) 2: {259.7040 283.5680} {259.7290 283.5680}
SDFFARX1_RVT | u_core/core_i/if_stage_i/prefetch_buffer_i/fifo_i/mem_q_reg[0][17] | RSTB | Blocked  RSTB(M2) 1: {280.2490 289.0400}
SDFFARX1_RVT | u_core/core_i/if_stage_i/prefetch_buffer_i/fifo_i/mem_q_reg[0][25] | SE | Blocked  SE(M2) 6: {300.2630 286.4560} {300.2630 286.4895} {300.2630 286.4727} {300.2880 286.4560} {300.2880 286.4895} {300.2880 286.4727}
SDFFARX1_RVT | u_core/core_i/if_stage_i/prefetch_buffer_i/fifo_i/mem_q_reg[0][30] | Q | Blocked  Q(M2) 2: {300.2630 276.8800} {300.2880 276.8800}
SDFFARX1_RVT | u_core/core_i/if_stage_i/prefetch_buffer_i/fifo_i/read_pointer_q_reg[0] | RSTB | Blocked  RSTB(M2) 6: {299.5280 228.8480} {299.5280 228.8525} {299.5280 228.8502} {299.5530 228.8480} {299.5530 228.8525} {299.5530 228.8502}
SDFFARX1_RVT | u_core/core_i/if_stage_i/aligner_i/r_instr_h_reg[7] | CLK | Blocked  CLK(M2) 4: {279.5260 267.6080} {279.5260 267.6180} {279.5510 267.6080} {279.5510 267.6180}
SDFFARX1_RVT | u_core/core_i/if_stage_i/aligner_i/r_instr_h_reg[11] | RSTB | Blocked  RSTB(M2) 6: {300.4150 262.5875} {300.4150 262.5920} {300.4150 262.5897} {300.4400 262.5875} {300.4400 262.5920} {300.4400 262.5897}
SDFFARX1_RVT | u_core/core_i/if_stage_i/aligner_i/r_instr_h_reg[13] | Q | Blocked  Q(M2) 2: {299.6800 258.0320} {299.7050 258.0320}
SDFFARX1_RVT | u_core/core_i/if_stage_i/aligner_i/r_instr_h_reg[0] | Q | Blocked  Q(M2) 2: {299.6800 240.0960} {299.7050 240.0960}
SDFFARX1_RVT | u_core/core_i/if_stage_i/aligner_i/r_instr_h_reg[1] | Q | Blocked  Q(M2) 2: {299.6800 243.4400} {299.7050 243.4400}
SDFFARX1_RVT | u_core/core_i/if_stage_i/instr_rdata_id_o_reg[6] | CLK | Blocked  CLK(M2) 5: {279.7430 217.4480} {279.7430 217.4580} {279.7680 217.4480} {279.7680 217.4680} {279.7680 217.4580}
SDFFARX1_RVT | u_core/core_i/if_stage_i/instr_rdata_id_o_reg[2] | CLK | Blocked  CLK(M2) 8: {279.5910 220.7920} {279.5910 220.8020} {279.6160 220.7920} {279.6160 220.8020} {279.6780 220.7920} {279.6780 220.8020} {279.7030 220.7920} {279.7030 220.8020}
SDFFARX1_RVT | u_core/core_i/if_stage_i/aligner_i/pc_q_reg[14] | SE | Blocked  SE(M2) 6: {259.7040 24.3745} {259.7040 24.4080} {259.7040 24.3912} {259.7290 24.3745} {259.7290 24.4080} {259.7290 24.3912}
SDFFARX1_RVT | u_core/core_i/if_stage_i/aligner_i/pc_q_reg[20] | RSTB | Blocked  RSTB(M2) 3: {279.7680 45.2275} {279.7680 45.2320} {279.7680 45.2297}
SDFFARX1_RVT | u_core/core_i/ex_stage_i/regfile_waddr_lsu_reg[3] | RSTB | Blocked  RSTB(M2) 3: {200.2720 91.7440} {200.2720 91.7485} {200.2720 91.7462}
SDFFARX1_RVT | u_core/core_i/if_stage_i/pc_id_o_reg[24] | SE | Blocked  SE(M2) 3: {260.3120 51.1265} {260.3120 51.1600} {260.3120 51.1432}
SDFFARX1_RVT | u_core/core_i/ex_stage_i/regfile_waddr_lsu_reg[0] | SE | Blocked  SE(M2) 3: {199.6640 92.5040} {199.6640 92.5375} {199.6640 92.5207}
SDFFARX1_RVT | u_core/core_i/if_stage_i/aligner_i/pc_q_reg[22] | CLK | Blocked  CLK(M2) 4: {280.2860 56.9360} {280.2860 56.9460} {280.3110 56.9360} {280.3110 56.9460}
SDFFARX1_RVT | u_core/core_i/if_stage_i/aligner_i/pc_q_reg[4] | Q | Blocked  Q(M2) 1: {279.7680 80.8000}
SDFFARX1_RVT | u_core/core_i/if_stage_i/pc_id_o_reg[13] | SE | Blocked  SE(M2) 3: {260.3120 54.4705} {260.3120 54.5040} {260.3120 54.4872}
SDFFARX1_RVT | u_core/core_i/if_stage_i/pc_id_o_reg[15] | SE | Blocked  SE(M2) 6: {259.7040 45.6880} {259.7040 45.7215} {259.7040 45.7047} {259.7290 45.6880} {259.7290 45.7215} {259.7290 45.7047}
SDFFARX1_RVT | u_core/core_i/if_stage_i/pc_id_o_reg[1] | SE | Blocked  SE(M2) 3: {279.7680 79.1280} {279.7680 79.1615} {279.7680 79.1447}
SDFFARX1_RVT | u_core/core_i/if_stage_i/prefetch_buffer_i/instruction_obi_i/gen_no_trans_stable.obi_addr_q_reg[2] | Q | Blocked  Q(M2) 2: {299.6800 217.9040} {299.7050 217.9040}
SDFFARX1_RVT | u_core/core_i/if_stage_i/prefetch_buffer_i/instruction_obi_i/gen_no_trans_stable.obi_addr_q_reg[4] | Q | Blocked  Q(M2) 2: {299.6800 221.2480} {299.7050 221.2480}
SDFFARX1_RVT | u_core/core_i/if_stage_i/prefetch_buffer_i/instruction_obi_i/gen_no_trans_stable.obi_addr_q_reg[9] | SE | Blocked  SE(M2) 3: {299.6800 34.4065} {299.6800 34.4400} {299.6800 34.4232}
SDFFARX1_RVT | u_core/core_i/if_stage_i/prefetch_buffer_i/instruction_obi_i/gen_no_trans_stable.obi_addr_q_reg[10] | SE | Blocked  SE(M2) 3: {299.6800 31.0625} {299.6800 31.0960} {299.6800 31.0792}
SDFFARX1_RVT | u_core/core_i/if_stage_i/prefetch_buffer_i/prefetch_controller_i/trans_addr_q_reg[23] | Q | Blocked  Q(M2) 2: {300.2630 57.3920} {300.2880 57.3920}
SDFFARX1_RVT | u_core/core_i/if_stage_i/prefetch_buffer_i/prefetch_controller_i/trans_addr_q_reg[31] | RSTB | Blocked  RSTB(M2) 6: {300.4150 78.3680} {300.4150 78.3725} {300.4150 78.3702} {300.4400 78.3680} {300.4400 78.3725} {300.4400 78.3702}
INVX8_LVT | u_core/core_i/HFSINV_9873_827 | A | Blocked  A(M2) 3: {279.7680 276.5535} {279.7680 276.5760} {279.7680 276.5647}
INVX8_LVT | u_core/core_i/id_stage_i/HFSINV_9022_834 | Y | Blocked  Y(M2) 6: {199.6640 166.0640} {199.6640 166.0720} {199.6640 166.0680} {199.7300 166.0640} {199.7300 166.0720} {199.7300 166.0680}
INVX8_LVT | u_core/core_i/id_stage_i/HFSINV_20794_887 | Y | Blocked  Y(M2) 3: {79.7360 28.9600} {79.7360 28.9680} {79.7360 28.9640}
INVX8_LVT | u_core/core_i/id_stage_i/HFSINV_23089_894 | Y | Blocked  Y(M2) 3: {60.2800 31.0960} {60.2800 31.1040} {60.2800 31.1000}
INVX8_LVT | u_core/core_i/id_stage_i/HFSINV_57828_901 | A | Blocked  A(M2) 6: {60.2550 25.7535} {60.2550 25.7760} {60.2550 25.7647} {60.2800 25.7535} {60.2800 25.7760} {60.2800 25.7647}
