SDFFARX1_RVT | u_core/core_i/id_stage_i/register_file_i/mem_reg[31][10] | CLK |     Blocked  CLK(M2) 2: {40.3680 66.9680} {40.3680 66.9780}
SDFFARX1_RVT | u_core/core_i/id_stage_i/register_file_i/mem_reg[30][28] | RSTB |     Blocked  RSTB(M2) 3: {179.6000 172.0000} {179.6000 172.0045} {179.6000 172.0022}
SDFFARX1_RVT | u_core/core_i/id_stage_i/register_file_i/mem_reg[29][5] | CLK |     Blocked  CLK(M2) 3: {59.6720 103.4280} {59.6720 103.4480} {59.6720 103.4380}
SDFFARX1_RVT | u_core/core_i/id_stage_i/register_file_i/mem_reg[28][9] | SE |     Blocked  SE(M2) 3: {80.3440 112.5680} {80.3440 112.6015} {80.3440 112.5847}
SDFFARX1_RVT | u_core/core_i/id_stage_i/register_file_i/mem_reg[28][22] | Q |     Blocked  Q(M2) 1: {119.7120 156.4960}
SDFFARX1_RVT | u_core/core_i/id_stage_i/register_file_i/mem_reg[27][30] | Q |     Blocked  Q(M2) 1: {80.3440 137.6480}
SDFFARX1_RVT | u_core/core_i/id_stage_i/register_file_i/mem_reg[26][10] | QN |     Blocked  QN(M2) 1: {199.6640 63.0160}
SDFFARX1_RVT | u_core/core_i/id_stage_i/register_file_i/mem_reg[25][23] | Q |     Blocked  Q(M2) 1: {220.3360 23.9520}
SDFFARX1_RVT | u_core/core_i/id_stage_i/register_file_i/mem_reg[22][3] | SE |     Blocked  SE(M2) 3: {160.2960 44.4385} {160.2960 44.4720} {160.2960 44.4552}
SDFFARX1_RVT | u_core/core_i/id_stage_i/register_file_i/mem_reg[22][15] | RSTB |     Blocked  RSTB(M2) 3: {199.6640 44.9280} {199.6640 44.9325} {199.6640 44.9302}
SDFFARX1_RVT | u_core/core_i/id_stage_i/register_file_i/mem_reg[21][17] | CLK |     Blocked  CLK(M2) 2: {200.4240 40.2160} {200.4240 40.2260}
SDFFARX1_RVT | u_core/core_i/id_stage_i/register_file_i/mem_reg[21][30] | QN |     Blocked  QN(M2) 1: {199.6640 39.6080}
SDFFARX1_RVT | u_core/core_i/id_stage_i/register_file_i/mem_reg[20][5] | SE |     Blocked  SE(M2) 3: {159.6880 64.5025} {159.6880 64.5360} {159.6880 64.5192}
SDFFARX1_RVT | u_core/core_i/id_stage_i/register_file_i/mem_reg[20][25] | RSTB |     Blocked  RSTB(M2) 3: {180.3600 64.9920} {180.3600 64.9965} {180.3600 64.9942}
SDFFARX1_RVT | u_core/core_i/id_stage_i/register_file_i/mem_reg[20][26] | SE |     Blocked  SE(M2) 3: {160.2960 57.8145} {160.2960 57.8480} {160.2960 57.8312}
SDFFARX1_RVT | u_core/core_i/id_stage_i/register_file_i/mem_reg[20][31] | SE |     Blocked  SE(M2) 3: {159.6880 54.4705} {159.6880 54.5040} {159.6880 54.4872}
SDFFARX1_RVT | u_core/core_i/id_stage_i/register_file_i/mem_reg[19][1] | RSTB |     Blocked  RSTB(M2) 3: {199.6640 34.8960} {199.6640 34.9005} {199.6640 34.8982}
SDFFARX1_RVT | u_core/core_i/id_stage_i/register_file_i/mem_reg[19][14] | Q |     Blocked  Q(M2) 1: {199.6640 29.4240}
SDFFARX1_RVT | u_core/core_i/id_stage_i/register_file_i/mem_reg[18][10] | QN |     Blocked  QN(M2) 1: {119.7120 26.2320}
SDFFARX1_RVT | u_core/core_i/id_stage_i/register_file_i/mem_reg[18][13] | RSTB |     Blocked  RSTB(M2) 3: {140.3840 28.2080} {140.3840 28.2125} {140.3840 28.2102}
SDFFARX1_RVT | u_core/core_i/id_stage_i/register_file_i/mem_reg[18][18] | RSTB |     Blocked  RSTB(M2) 3: {159.6880 31.5520} {159.6880 31.5565} {159.6880 31.5542}
SDFFARX1_RVT | u_core/core_i/id_stage_i/register_file_i/mem_reg[17][4] | RSTB |     Blocked  RSTB(M2) 3: {159.6880 75.0240} {159.6880 75.0285} {159.6880 75.0262}
SDFFARX1_RVT | u_core/core_i/id_stage_i/register_file_i/mem_reg[16][18] | RSTB |     Blocked  RSTB(M2) 3: {119.7120 51.9155} {119.7120 51.9200} {119.7120 51.9177}
SDFFARX1_RVT | u_core/core_i/id_stage_i/register_file_i/mem_reg[16][25] | CLK |     Blocked  CLK(M2) 3: {119.7120 53.5920} {119.7120 53.6120} {119.7120 53.6020}
SDFFARX1_RVT | u_core/core_i/id_stage_i/register_file_i/mem_reg[15][7] | CLK |     Blocked  CLK(M2) 3: {220.3360 80.0200} {220.3360 80.0400} {220.3360 80.0300}
SDFFARX1_RVT | u_core/core_i/id_stage_i/register_file_i/mem_reg[15][31] | RSTB |     Blocked  RSTB(M2) 3: {199.6640 71.9795} {199.6640 71.9840} {199.6640 71.9817}
SDFFARX1_RVT | u_core/core_i/id_stage_i/register_file_i/mem_reg[14][3] | Q |     Blocked  Q(M2) 1: {80.3440 119.7120}
SDFFARX1_RVT | u_core/core_i/id_stage_i/register_file_i/mem_reg[14][27] | RSTB |     Blocked  RSTB(M2) 3: {59.6720 138.5600} {59.6720 138.5645} {59.6720 138.5622}
SDFFARX1_RVT | u_core/core_i/id_stage_i/register_file_i/mem_reg[13][21] | SE |     Blocked  SE(M2) 3: {220.3360 144.7585} {220.3360 144.7920} {220.3360 144.7752}
SDFFARX1_RVT | u_core/core_i/id_stage_i/register_file_i/mem_reg[12][1] | SE |     Blocked  SE(M2) 3: {80.3440 25.6240} {80.3440 25.6575} {80.3440 25.6407}
SDFFARX1_RVT | u_core/core_i/id_stage_i/register_file_i/mem_reg[11][9] | SE |     Blocked  SE(M2) 3: {160.2960 21.0305} {160.2960 21.0640} {160.2960 21.0472}
SDFFARX1_RVT | u_core/core_i/id_stage_i/register_file_i/mem_reg[11][17] | Q |     Blocked  Q(M2) 1: {59.6720 36.1120}
SDFFARX1_RVT | u_core/core_i/id_stage_i/register_file_i/mem_reg[11][19] | Q |     Blocked  Q(M2) 1: {59.6720 39.4560}
SDFFARX1_RVT | u_core/core_i/id_stage_i/register_file_i/mem_reg[11][23] | SI |     Blocked  SI(M2) 3: {119.7120 40.3680} {119.7120 40.4055} {119.7120 40.3867}
SDFFARX1_RVT | u_core/core_i/id_stage_i/register_file_i/mem_reg[11][23] | CLK |     Blocked  CLK(M2) 3: {120.3200 40.2160} {120.3200 40.2360} {120.3200 40.2260}
SDFFARX1_RVT | u_core/core_i/id_stage_i/register_file_i/mem_reg[9][11] | Q |     Blocked  Q(M2) 1: {159.6880 72.8960}
SDFFARX1_RVT | u_core/core_i/id_stage_i/register_file_i/mem_reg[9][17] | Q |     Blocked  Q(M2) 1: {220.3360 67.4240}
SDFFARX1_RVT | u_core/core_i/id_stage_i/register_file_i/mem_reg[9][18] | RSTB |     Blocked  RSTB(M2) 3: {219.5760 68.6355} {219.5760 68.6400} {219.5760 68.6377}
SDFFARX1_RVT | u_core/core_i/id_stage_i/register_file_i/mem_reg[9][28] | SE |     Blocked  SE(M2) 3: {80.3440 65.7520} {80.3440 65.7855} {80.3440 65.7687}
SDFFARX1_RVT | u_core/core_i/id_stage_i/register_file_i/mem_reg[7][8] | SE |     Blocked  SE(M2) 3: {159.6880 162.7280} {159.6880 162.7615} {159.6880 162.7447}
SDFFARX1_RVT | u_core/core_i/id_stage_i/register_file_i/mem_reg[7][15] | CLK |     Blocked  CLK(M2) 3: {159.6880 166.9640} {159.6880 166.9840} {159.6880 166.9740}
SDFFARX1_RVT | u_core/core_i/id_stage_i/register_file_i/mem_reg[6][10] | QN |     Blocked  QN(M2) 1: {199.6640 190.0880}
SDFFARX1_RVT | u_core/core_i/id_stage_i/register_file_i/mem_reg[6][24] | RSTB |     Blocked  RSTB(M2) 3: {220.3360 175.6435} {220.3360 175.6480} {220.3360 175.6457}
SDFFARX1_RVT | u_core/core_i/id_stage_i/register_file_i/mem_reg[5][3] | RSTB |     Blocked  RSTB(M2) 3: {180.3600 189.0195} {180.3600 189.0240} {180.3600 189.0217}
SDFFARX1_RVT | u_core/core_i/id_stage_i/register_file_i/mem_reg[5][30] | CLK |     Blocked  CLK(M2) 2: {200.4240 170.6320} {200.4240 170.6420}
SDFFARX1_RVT | u_core/core_i/id_stage_i/register_file_i/mem_reg[3][9] | RSTB |     Blocked  RSTB(M2) 3: {140.3840 195.7075} {140.3840 195.7120} {140.3840 195.7097}
SDFFARX1_RVT | u_core/core_i/id_stage_i/mult_operand_b_ex_o_reg[3] | SI |     Blocked  SI(M2) 3: {119.7120 210.9120} {119.7120 210.9495} {119.7120 210.9307}
SDFFARX1_RVT | u_core/core_i/id_stage_i/mult_operand_b_ex_o_reg[3] | CLK |     Blocked  CLK(M2) 3: {120.3200 210.7600} {120.3200 210.7800} {120.3200 210.7700}
SDFFARX1_RVT | u_core/core_i/id_stage_i/mult_operand_b_ex_o_reg[2] | CLK |     Blocked  CLK(M2) 2: {120.4720 204.0720} {120.4720 204.0820}
SDFFARX1_RVT | u_core/core_i/id_stage_i/mult_operand_b_ex_o_reg[4] | RSTB |     Blocked  RSTB(M2) 3: {100.4080 212.1280} {100.4080 212.1325} {100.4080 212.1302}
SDFFARX1_RVT | u_core/core_i/id_stage_i/alu_operand_a_ex_o_reg[16] | RSTB |     Blocked  RSTB(M2) 3: {140.3840 209.0835} {140.3840 209.0880} {140.3840 209.0857}
SDFFARX1_RVT | u_core/core_i/id_stage_i/mult_operand_a_ex_o_reg[22] | CLK |     Blocked  CLK(M2) 3: {80.3440 200.7280} {80.3440 200.7480} {80.3440 200.7380}
SDFFARX1_RVT | u_core/core_i/id_stage_i/alu_operand_a_ex_o_reg[2] | RSTB |     Blocked  RSTB(M2) 3: {180.3600 208.7840} {180.3600 208.7885} {180.3600 208.7862}
SDFFARX1_RVT | u_core/core_i/id_stage_i/alu_operand_a_ex_o_reg[15] | CLK |     Blocked  CLK(M2) 2: {160.4480 214.1040} {160.4480 214.1140}
SDFFARX1_RVT | u_core/core_i/id_stage_i/mult_operand_c_ex_o_reg[12] | Q |     Blocked  Q(M2) 1: {80.3440 199.9680}
SDFFARX1_RVT | u_core/core_i/id_stage_i/mult_operand_c_ex_o_reg[26] | SE |     Blocked  SE(M2) 3: {80.3440 202.8560} {80.3440 202.8895} {80.3440 202.8727}
SDFFARX1_RVT | u_core/core_i/id_stage_i/register_file_i/mem_reg[5][29] | SE |     Blocked  SE(M2) 3: {199.6640 174.8545} {199.6640 174.8880} {199.6640 174.8712}
SDFFARX1_RVT | u_core/core_i/id_stage_i/register_file_i/mem_reg[2][29] | SI |     Blocked  SI(M2) 3: {119.7120 170.7840} {119.7120 170.8215} {119.7120 170.8027}
SDFFARX1_RVT | u_core/core_i/id_stage_i/register_file_i/mem_reg[2][29] | CLK |     Blocked  CLK(M2) 3: {120.3200 170.6320} {120.3200 170.6520} {120.3200 170.6420}
SDFFARX1_RVT | u_core/core_i/id_stage_i/mult_operand_b_ex_o_reg[20] | RSTB |     Blocked  RSTB(M2) 3: {100.4080 212.4275} {100.4080 212.4320} {100.4080 212.4297}
SDFFARX1_RVT | u_core/core_i/id_stage_i/alu_operand_b_ex_o_reg[6] | Q |     Blocked  Q(M2) 1: {159.6880 220.0320}
SDFFARX1_RVT | u_core/core_i/id_stage_i/alu_operand_a_ex_o_reg[1] | RSTB |     Blocked  RSTB(M2) 3: {179.6000 202.3955} {179.6000 202.4000} {179.6000 202.3977}
SDFFARX1_RVT | u_core/core_i/id_stage_i/alu_operand_b_ex_o_reg[7] | RSTB |     Blocked  RSTB(M2) 3: {160.2960 222.1600} {160.2960 222.1645} {160.2960 222.1622}
SDFFARX1_RVT | u_core/core_i/id_stage_i/alu_operand_b_ex_o_reg[8] | RSTB |     Blocked  RSTB(M2) 3: {159.6880 225.5040} {159.6880 225.5085} {159.6880 225.5062}
SDFFARX1_RVT | u_core/core_i/id_stage_i/alu_operand_c_ex_o_reg[18] | RSTB |     Blocked  RSTB(M2) 3: {59.6720 299.0720} {59.6720 299.0765} {59.6720 299.0742}
SDFFARX1_RVT | u_core/core_i/id_stage_i/alu_operand_c_ex_o_reg[28] | Q |     Blocked  Q(M2) 1: {80.3440 301.5040}
SDFFARX1_RVT | u_core/core_i/id_stage_i/alu_operand_c_ex_o_reg[10] | SE |     Blocked  SE(M2) 3: {80.3440 305.2705} {80.3440 305.3040} {80.3440 305.2872}
SDFFARX1_RVT | u_core/core_i/id_stage_i/alu_operand_c_ex_o_reg[15] | SE |     Blocked  SE(M2) 3: {59.6720 305.2705} {59.6720 305.3040} {59.6720 305.2872}
SDFFARX1_RVT | u_core/core_i/cs_registers_i/mcause_q_reg[4] | RSTB |     Blocked  RSTB(M2) 3: {259.5520 58.3040} {259.5520 58.3085} {259.5520 58.3062}
SDFFARX1_RVT | u_core/core_i/cs_registers_i/mcause_q_reg[2] | RSTB |     Blocked  RSTB(M2) 3: {259.5520 55.2595} {259.5520 55.2640} {259.5520 55.2617}
SDFFARX1_RVT | u_core/core_i/cs_registers_i/depc_q_reg[11] | RSTB |     Blocked  RSTB(M2) 3: {259.7040 85.0560} {259.7040 85.0605} {259.7040 85.0582}
SDFFARX1_RVT | u_core/core_i/cs_registers_i/depc_q_reg[10] | Q |     Blocked  Q(M2) 1: {260.3120 87.4880}
SDFFARX1_RVT | u_core/core_i/cs_registers_i/depc_q_reg[8] | Q |     Blocked  Q(M2) 1: {260.3120 96.3040}
SDFFARX1_RVT | u_core/core_i/cs_registers_i/dcsr_q_reg[stepie] | RSTB |     Blocked  RSTB(M2) 3: {260.3120 45.2275} {260.3120 45.2320} {260.3120 45.2297}
SDFFARX1_RVT | u_core/core_i/cs_registers_i/mscratch_q_reg[26] | RSTB |     Blocked  RSTB(M2) 3: {259.5520 28.2080} {259.5520 28.2125} {259.5520 28.2102}
SDFFARX1_RVT | u_core/core_i/cs_registers_i/mscratch_q_reg[25] | RSTB |     Blocked  RSTB(M2) 3: {259.5520 21.8195} {259.5520 21.8240} {259.5520 21.8217}
SDFFARX1_RVT | u_core/core_i/cs_registers_i/mscratch_q_reg[24] | RSTB |     Blocked  RSTB(M2) 3: {259.5520 24.8640} {259.5520 24.8685} {259.5520 24.8662}
SDFFARX1_RVT | u_core/core_i/cs_registers_i/mscratch_q_reg[7] | Q |     Blocked  Q(M2) 1: {260.3120 37.3280}
SDFFARX1_RVT | u_core/core_i/cs_registers_i/mscratch_q_reg[4] | SE |     Blocked  SE(M2) 3: {259.7040 42.3440} {259.7040 42.3775} {259.7040 42.3607}
SDFFARX1_RVT | u_core/core_i/cs_registers_i/mhpmcounter_q_reg[0][32] | Q |     Blocked  Q(M2) 1: {260.3120 186.5920}
SDFFARX1_RVT | u_core/core_i/cs_registers_i/mhpmcounter_q_reg[0][44] | SE |     Blocked  SE(M2) 3: {259.7040 188.2305} {259.7040 188.2640} {259.7040 188.2472}
SDFFARX1_RVT | u_core/core_i/cs_registers_i/mhpmcounter_q_reg[0][1] | SE |     Blocked  SE(M2) 3: {299.6800 198.2625} {299.6800 198.2960} {299.6800 198.2792}
SDFFARX1_RVT | u_core/core_i/cs_registers_i/mhpmcounter_q_reg[0][4] | Q |     Blocked  Q(M2) 1: {300.2880 223.3760}
SDFFARX1_RVT | u_core/core_i/cs_registers_i/mhpmcounter_q_reg[0][6] | SI |     Blocked  SI(M2) 3: {299.6800 220.2985} {299.6800 220.3360} {299.6800 220.3172}
SDFFARX1_RVT | u_core/core_i/cs_registers_i/mhpmcounter_q_reg[0][6] | CLK |     Blocked  CLK(M2) 3: {300.2880 220.4680} {300.2880 220.4880} {300.2880 220.4780}
SDFFARX1_RVT | u_core/core_i/cs_registers_i/mhpmcounter_q_reg[2][61] | QN |     Blocked  QN(M2) 1: {299.6800 139.9280}
SDFFARX1_RVT | u_core/core_i/cs_registers_i/mhpmcounter_q_reg[2][4] | RSTB |     Blocked  RSTB(M2) 3: {300.2880 235.5360} {300.2880 235.5405} {300.2880 235.5382}
SDFFARX1_RVT | u_core/core_i/cs_registers_i/mhpmcounter_q_reg[2][5] | CLK |     Blocked  CLK(M2) 3: {299.6800 240.5320} {299.6800 240.5520} {299.6800 240.5420}
SDFFARX1_RVT | u_core/core_i/cs_registers_i/mhpmcounter_q_reg[2][6] | RSTB |     Blocked  RSTB(M2) 3: {299.5280 242.5235} {299.5280 242.5280} {299.5280 242.5257}
SDFFARX1_RVT | u_core/core_i/cs_registers_i/mhpmcounter_q_reg[2][16] | SE |     Blocked  SE(M2) 3: {300.2880 179.4480} {300.2880 179.4815} {300.2880 179.4647}
SDFFARX1_RVT | u_core/core_i/cs_registers_i/mhpmcounter_q_reg[2][22] | SE |     Blocked  SE(M2) 3: {300.2880 154.7905} {300.2880 154.8240} {300.2880 154.8072}
SDFFARX1_RVT | u_core/core_i/cs_registers_i/mhpmcounter_q_reg[3][54] | CLK |     Blocked  CLK(M2) 2: {239.6400 150.5680} {239.6400 150.5780}
SDFFARX1_RVT | u_core/core_i/cs_registers_i/mhpmcounter_q_reg[3][57] | CLK |     Blocked  CLK(M2) 2: {240.4000 143.8800} {240.4000 143.8900}
SDFFARX1_RVT | u_core/core_i/cs_registers_i/mhpmcounter_q_reg[3][26] | RSTB |     Blocked  RSTB(M2) 3: {260.4640 195.7075} {260.4640 195.7120} {260.4640 195.7097}
SDFFARX1_RVT | u_core/core_i/cs_registers_i/depc_q_reg[9] | RSTB |     Blocked  RSTB(M2) 3: {259.7040 95.0880} {259.7040 95.0925} {259.7040 95.0902}
MUX41X1_HVT | u_core/core_i/U1662 | A1 |     Blocked  A1(M2) 1: {100.4080 279.3120}
MUX41X1_HVT | u_core/core_i/U1787 | A1 |     Blocked  A1(M2) 1: {100.4080 285.6960}
MUX41X1_HVT | u_core/core_i/U1789 | S1 |     Blocked  S1(M2) 3: {99.6480 279.0065} {99.6480 279.0080} {99.6480 279.0072}
MUX41X1_HVT | u_core/core_i/U1876 | A1 |     Blocked  A1(M2) 1: {99.6480 272.6240}
MUX41X1_HVT | u_core/core_i/U5425 | S0 |     Blocked  S0(M2) 3: {40.3680 300.7365} {40.3680 300.7440} {40.3680 300.7402}
MUX41X1_HVT | u_core/core_i/U5428 | S0 |     Blocked  S0(M2) 3: {40.3680 304.3920} {40.3680 304.3995} {40.3680 304.3957}
MUX41X1_HVT | u_core/core_i/U5436 | S0 |     Blocked  S0(M2) 3: {39.6080 304.0805} {39.6080 304.0880} {39.6080 304.0842}
MUX41X1_HVT | u_core/core_i/U5445 | S0 |     Blocked  S0(M2) 3: {39.6080 297.7040} {39.6080 297.7115} {39.6080 297.7077}
MUX41X1_HVT | u_core/core_i/U5417 | S0 |     Blocked  S0(M2) 3: {40.3680 297.3925} {40.3680 297.4000} {40.3680 297.3962}
SDFFARX1_RVT | u_core/core_i/ex_stage_i/alu_i/alu_div_i/BReg_DP_reg[21] | CLK |     Blocked  CLK(M2) 2: {239.6400 277.6400} {239.6400 277.6500}
SDFFARX1_RVT | u_core/core_i/if_stage_i/prefetch_buffer_i/prefetch_controller_i/state_q_reg | RSTB |     Blocked  RSTB(M2) 3: {299.5280 95.3875} {299.5280 95.3920} {299.5280 95.3897}
SDFFARX1_RVT | u_core/core_i/if_stage_i/prefetch_buffer_i/prefetch_controller_i/flush_cnt_q_reg[1] | Q |     Blocked  Q(M2) 1: {299.6800 126.4000}
SDFFARX1_RVT | u_core/core_i/if_stage_i/prefetch_buffer_i/fifo_i/mem_q_reg[1][2] | RSTB |     Blocked  RSTB(M2) 3: {259.7040 292.6835} {259.7040 292.6880} {259.7040 292.6857}
SDFFARX1_RVT | u_core/core_i/if_stage_i/instr_rdata_id_o_reg[3] | RSTB |     Blocked  RSTB(M2) 3: {259.5520 252.2560} {259.5520 252.2605} {259.5520 252.2582}
SDFFARX1_RVT | u_core/core_i/if_stage_i/instr_rdata_id_o_reg[17] | RSTB |     Blocked  RSTB(M2) 3: {259.5520 245.8675} {259.5520 245.8720} {259.5520 245.8697}
SDFFARX1_RVT | u_core/core_i/if_stage_i/instr_rdata_id_o_reg[14] | QN |     Blocked  QN(M2) 1: {259.7040 236.9040}
SDFFARX1_RVT | u_core/core_i/if_stage_i/instr_rdata_id_o_reg[16] | QN |     Blocked  QN(M2) 1: {259.7040 237.8160}
SDFFARX1_RVT | u_core/core_i/if_stage_i/instr_rdata_id_o_reg[9] | RSTB |     Blocked  RSTB(M2) 3: {259.5520 252.5555} {259.5520 252.5600} {259.5520 252.5577}
SDFFARX1_RVT | u_core/core_i/if_stage_i/instr_rdata_id_o_reg[10] | RSTB |     Blocked  RSTB(M2) 3: {260.4640 248.9120} {260.4640 248.9165} {260.4640 248.9142}
SDFFARX1_RVT | u_core/core_i/if_stage_i/prefetch_buffer_i/prefetch_controller_i/trans_addr_q_reg[2] | SI |     Blocked  SI(M2) 3: {299.6800 103.2585} {299.6800 103.2960} {299.6800 103.2772}
SDFFARX1_RVT | u_core/core_i/if_stage_i/prefetch_buffer_i/prefetch_controller_i/trans_addr_q_reg[2] | CLK |     Blocked  CLK(M2) 3: {300.2880 103.4280} {300.2880 103.4480} {300.2880 103.4380}
SDFFARX1_RVT | u_core/core_i/if_stage_i/prefetch_buffer_i/prefetch_controller_i/trans_addr_q_reg[8] | Q |     Blocked  Q(M2) 1: {299.6800 69.5520}
SDFFARX1_RVT | u_core/core_i/if_stage_i/prefetch_buffer_i/prefetch_controller_i/trans_addr_q_reg[10] | Q |     Blocked  Q(M2) 1: {300.2880 44.0160}
SDFFARX1_RVT | u_core/core_i/if_stage_i/prefetch_buffer_i/prefetch_controller_i/trans_addr_q_reg[11] | SE |     Blocked  SE(M2) 3: {299.6800 37.7505} {299.6800 37.7840} {299.6800 37.7672}
SDFFARX1_RVT | u_core/core_i/if_stage_i/prefetch_buffer_i/instruction_obi_i/gen_no_trans_stable.obi_addr_q_reg[12] | SE |     Blocked  SE(M2) 3: {300.2880 32.3120} {300.2880 32.3455} {300.2880 32.3287}
SDFFARX1_RVT | u_core/core_i/if_stage_i/prefetch_buffer_i/instruction_obi_i/gen_no_trans_stable.obi_addr_q_reg[14] | Q |     Blocked  Q(M2) 1: {299.6800 23.9520}
SDFFARX1_RVT | u_core/core_i/if_stage_i/prefetch_buffer_i/instruction_obi_i/gen_no_trans_stable.obi_addr_q_reg[15] | SE |     Blocked  SE(M2) 3: {300.2880 25.6240} {300.2880 25.6575} {300.2880 25.6407}
SDFFARX1_RVT | u_core/core_i/if_stage_i/prefetch_buffer_i/prefetch_controller_i/trans_addr_q_reg[28] | SI |     Blocked  SI(M2) 3: {299.6800 73.8080} {299.6800 73.8455} {299.6800 73.8267}
SDFFARX1_RVT | u_core/core_i/if_stage_i/prefetch_buffer_i/prefetch_controller_i/trans_addr_q_reg[28] | CLK |     Blocked  CLK(M2) 3: {300.2880 73.6560} {300.2880 73.6760} {300.2880 73.6660}
SDFFARX1_RVT | u_core/core_i/if_stage_i/prefetch_buffer_i/prefetch_controller_i/trans_addr_q_reg[30] | SE |     Blocked  SE(M2) 3: {300.2880 85.8160} {300.2880 85.8495} {300.2880 85.8327}
