Blocked access compact summary

line_level_blocked_entries=125

By ref:
      9 MUX41X1_HVT 
    116 SDFFARX1_RVT 

By pin:
      3  A1 
     20  CLK 
     21  Q 
      7  QN 
     39  RSTB 
      5  S0 
      1  S1 
     23  SE 
      6  SI 

First 40 entries:
SDFFARX1_RVT | u_core/core_i/id_stage_i/register_file_i/mem_reg[31][10] | CLK |     Blocked  CLK(M2) 2: {40.3680 66.9680} {40.3680 66.9780}
SDFFARX1_RVT | u_core/core_i/id_stage_i/register_file_i/mem_reg[30][28] | RSTB |     Blocked  RSTB(M2) 3: {179.6000 172.0000} {179.6000 172.0045} {179.6000 172.0022}
SDFFARX1_RVT | u_core/core_i/id_stage_i/register_file_i/mem_reg[29][5] | CLK |     Blocked  CLK(M2) 3: {59.6720 103.4280} {59.6720 103.4480} {59.6720 103.4380}
SDFFARX1_RVT | u_core/core_i/id_stage_i/register_file_i/mem_reg[28][9] | SE |     Blocked  SE(M2) 3: {80.3440 112.5680} {80.3440 112.6015} {80.3440 112.5847}
SDFFARX1_RVT | u_core/core_i/id_stage_i/register_file_i/mem_reg[28][22] | Q |     Blocked  Q(M2) 1: {119.7120 156.4960}
SDFFARX1_RVT | u_core/core_i/id_stage_i/register_file_i/mem_reg[27][30] | Q |     Blocked  Q(M2) 1: {80.3440 137.6480}
SDFFARX1_RVT | u_core/core_i/id_stage_i/register_file_i/mem_reg[26][10] | QN |     Blocked  QN(M2) 1: {199.6640 63.0160}
SDFFARX1_RVT | u_core/core_i/id_stage_i/register_file_i/mem_reg[25][23] | Q |     Blocked  Q(M2) 1: {220.3360 23.9520}
SDFFARX1_RVT | u_core/core_i/id_stage_i/register_file_i/mem_reg[22][3] | SE |     Blocked  SE(M2) 3: {160.2960 44.4385} {160.2960 44.4720} {160.2960 44.4552}
SDFFARX1_RVT | u_core/core_i/id_stage_i/register_file_i/mem_reg[22][15] | RSTB |     Blocked  RSTB(M2) 3: {199.6640 44.9280} {199.6640 44.9325} {199.6640 44.9302}
SDFFARX1_RVT | u_core/core_i/id_stage_i/register_file_i/mem_reg[21][17] | CLK |     Blocked  CLK(M2) 2: {200.4240 40.2160} {200.4240 40.2260}
SDFFARX1_RVT | u_core/core_i/id_stage_i/register_file_i/mem_reg[21][30] | QN |     Blocked  QN(M2) 1: {199.6640 39.6080}
SDFFARX1_RVT | u_core/core_i/id_stage_i/register_file_i/mem_reg[20][5] | SE |     Blocked  SE(M2) 3: {159.6880 64.5025} {159.6880 64.5360} {159.6880 64.5192}
SDFFARX1_RVT | u_core/core_i/id_stage_i/register_file_i/mem_reg[20][25] | RSTB |     Blocked  RSTB(M2) 3: {180.3600 64.9920} {180.3600 64.9965} {180.3600 64.9942}
SDFFARX1_RVT | u_core/core_i/id_stage_i/register_file_i/mem_reg[20][26] | SE |     Blocked  SE(M2) 3: {160.2960 57.8145} {160.2960 57.8480} {160.2960 57.8312}
SDFFARX1_RVT | u_core/core_i/id_stage_i/register_file_i/mem_reg[20][31] | SE |     Blocked  SE(M2) 3: {159.6880 54.4705} {159.6880 54.5040} {159.6880 54.4872}
SDFFARX1_RVT | u_core/core_i/id_stage_i/register_file_i/mem_reg[19][1] | RSTB |     Blocked  RSTB(M2) 3: {199.6640 34.8960} {199.6640 34.9005} {199.6640 34.8982}
SDFFARX1_RVT | u_core/core_i/id_stage_i/register_file_i/mem_reg[19][14] | Q |     Blocked  Q(M2) 1: {199.6640 29.4240}
SDFFARX1_RVT | u_core/core_i/id_stage_i/register_file_i/mem_reg[18][10] | QN |     Blocked  QN(M2) 1: {119.7120 26.2320}
SDFFARX1_RVT | u_core/core_i/id_stage_i/register_file_i/mem_reg[18][13] | RSTB |     Blocked  RSTB(M2) 3: {140.3840 28.2080} {140.3840 28.2125} {140.3840 28.2102}
SDFFARX1_RVT | u_core/core_i/id_stage_i/register_file_i/mem_reg[18][18] | RSTB |     Blocked  RSTB(M2) 3: {159.6880 31.5520} {159.6880 31.5565} {159.6880 31.5542}
SDFFARX1_RVT | u_core/core_i/id_stage_i/register_file_i/mem_reg[17][4] | RSTB |     Blocked  RSTB(M2) 3: {159.6880 75.0240} {159.6880 75.0285} {159.6880 75.0262}
SDFFARX1_RVT | u_core/core_i/id_stage_i/register_file_i/mem_reg[16][18] | RSTB |     Blocked  RSTB(M2) 3: {119.7120 51.9155} {119.7120 51.9200} {119.7120 51.9177}
SDFFARX1_RVT | u_core/core_i/id_stage_i/register_file_i/mem_reg[16][25] | CLK |     Blocked  CLK(M2) 3: {119.7120 53.5920} {119.7120 53.6120} {119.7120 53.6020}
SDFFARX1_RVT | u_core/core_i/id_stage_i/register_file_i/mem_reg[15][7] | CLK |     Blocked  CLK(M2) 3: {220.3360 80.0200} {220.3360 80.0400} {220.3360 80.0300}
SDFFARX1_RVT | u_core/core_i/id_stage_i/register_file_i/mem_reg[15][31] | RSTB |     Blocked  RSTB(M2) 3: {199.6640 71.9795} {199.6640 71.9840} {199.6640 71.9817}
SDFFARX1_RVT | u_core/core_i/id_stage_i/register_file_i/mem_reg[14][3] | Q |     Blocked  Q(M2) 1: {80.3440 119.7120}
SDFFARX1_RVT | u_core/core_i/id_stage_i/register_file_i/mem_reg[14][27] | RSTB |     Blocked  RSTB(M2) 3: {59.6720 138.5600} {59.6720 138.5645} {59.6720 138.5622}
SDFFARX1_RVT | u_core/core_i/id_stage_i/register_file_i/mem_reg[13][21] | SE |     Blocked  SE(M2) 3: {220.3360 144.7585} {220.3360 144.7920} {220.3360 144.7752}
SDFFARX1_RVT | u_core/core_i/id_stage_i/register_file_i/mem_reg[12][1] | SE |     Blocked  SE(M2) 3: {80.3440 25.6240} {80.3440 25.6575} {80.3440 25.6407}
SDFFARX1_RVT | u_core/core_i/id_stage_i/register_file_i/mem_reg[11][9] | SE |     Blocked  SE(M2) 3: {160.2960 21.0305} {160.2960 21.0640} {160.2960 21.0472}
SDFFARX1_RVT | u_core/core_i/id_stage_i/register_file_i/mem_reg[11][17] | Q |     Blocked  Q(M2) 1: {59.6720 36.1120}
SDFFARX1_RVT | u_core/core_i/id_stage_i/register_file_i/mem_reg[11][19] | Q |     Blocked  Q(M2) 1: {59.6720 39.4560}
SDFFARX1_RVT | u_core/core_i/id_stage_i/register_file_i/mem_reg[11][23] | SI |     Blocked  SI(M2) 3: {119.7120 40.3680} {119.7120 40.4055} {119.7120 40.3867}
SDFFARX1_RVT | u_core/core_i/id_stage_i/register_file_i/mem_reg[11][23] | CLK |     Blocked  CLK(M2) 3: {120.3200 40.2160} {120.3200 40.2360} {120.3200 40.2260}
SDFFARX1_RVT | u_core/core_i/id_stage_i/register_file_i/mem_reg[9][11] | Q |     Blocked  Q(M2) 1: {159.6880 72.8960}
SDFFARX1_RVT | u_core/core_i/id_stage_i/register_file_i/mem_reg[9][17] | Q |     Blocked  Q(M2) 1: {220.3360 67.4240}
SDFFARX1_RVT | u_core/core_i/id_stage_i/register_file_i/mem_reg[9][18] | RSTB |     Blocked  RSTB(M2) 3: {219.5760 68.6355} {219.5760 68.6400} {219.5760 68.6377}
SDFFARX1_RVT | u_core/core_i/id_stage_i/register_file_i/mem_reg[9][28] | SE |     Blocked  SE(M2) 3: {80.3440 65.7520} {80.3440 65.7855} {80.3440 65.7687}
SDFFARX1_RVT | u_core/core_i/id_stage_i/register_file_i/mem_reg[7][8] | SE |     Blocked  SE(M2) 3: {159.6880 162.7280} {159.6880 162.7615} {159.6880 162.7447}
