Warning: Cell contains tie connections which are not connected to real PG. (ZRT-511)
Cell Min-Routing-Layer = M1
Cell Max-Routing-Layer = M8
Turn off antenna since no rule is specified
Information: Option route.detail.force_end_on_preferred_grid will be ignored since none of the layers have preferred grid. (ZRT-703)
Warning: Cannot find a default contact code for layer CO. (ZRT-022)
Warning: Port VDD of cell cv32e40p_synth_wrap is unplaced.  This may impact routing result. (ZRT-740)
Warning: Port VSS of cell cv32e40p_synth_wrap is unplaced.  This may impact routing result. (ZRT-740)
Warning: Ignore 2 top cell ports with no pins. (ZRT-027)
Skipping 6 internal pins that are not physical. Set route.common.verbose_level to > 0 and run routing command to get skipped pin names.
Info: number of net_type_blockage: 0 
Information: Via ladder engine would be activated for pattern must join connection in certain commands. Please refer to man-page for the command list. (ZRT-619)
Information: When applicable Min-max layer allow_pin_connection mode will allow paths of length 5.32 outside the layer range. (ZRT-707)
Information: When applicable Min-max layer allow_pin_connection mode will allow paths of length 5.32 outside the layer range on clock nets. (ZRT-718)
Information: When applicable layer based tapering will taper up to 0.00 in distance from the pin. (ZRT-706)


Start checking for open nets ... 

Total number of nets = 18936, of which 0 are not extracted
Total number of open nets = 0, of which 0 are frozen

Check 18936 nets, 0 have Errors

[CHECK OPEN NETS] Elapsed real time: 0:00:00 
[CHECK OPEN NETS] Elapsed cpu  time: sys=0:00:00 usr=0:00:00 total=0:00:00
[CHECK OPEN NETS] Stage (MB): Used    0  Alloctr    0  Proc    0 
[CHECK OPEN NETS] Total (MB): Used   63  Alloctr   64  Proc 4525 
Printing options for 'route.common.*'

Printing options for 'route.detail.*'
detail.antenna                                          :	 true                

Printing options for 'route.auto_via_ladder.*'


Begin full DRC check ...

Information: Using 1 threads for routing. (ZRT-444)
Checked	1/25 Partitions, Violations =	4
Checked	2/25 Partitions, Violations =	10
Checked	3/25 Partitions, Violations =	16
Checked	4/25 Partitions, Violations =	19
Checked	5/25 Partitions, Violations =	34
Checked	6/25 Partitions, Violations =	101
Checked	7/25 Partitions, Violations =	101
Checked	8/25 Partitions, Violations =	120
Checked	9/25 Partitions, Violations =	141
Checked	10/25 Partitions, Violations =	170
Checked	11/25 Partitions, Violations =	177
Checked	12/25 Partitions, Violations =	187
Checked	13/25 Partitions, Violations =	191
Checked	14/25 Partitions, Violations =	193
Checked	15/25 Partitions, Violations =	261
Checked	16/25 Partitions, Violations =	270
Checked	17/25 Partitions, Violations =	290
Checked	18/25 Partitions, Violations =	304
Checked	19/25 Partitions, Violations =	309
Checked	20/25 Partitions, Violations =	309
Checked	21/25 Partitions, Violations =	309
Checked	22/25 Partitions, Violations =	329
Checked	23/25 Partitions, Violations =	346
Checked	24/25 Partitions, Violations =	391
Checked	25/25 Partitions, Violations =	400
[DRC CHECK] Elapsed real time: 0:00:09 
[DRC CHECK] Elapsed cpu  time: sys=0:00:00 usr=0:00:09 total=0:00:09
[DRC CHECK] Stage (MB): Used    0  Alloctr    0  Proc    0 
[DRC CHECK] Total (MB): Used  156  Alloctr  157  Proc 4525 
Warning: No antenna rules defined, Skip antenna analysis. (ZRT-309)
Information: Merged away 2 aligned/redundant DRCs. (ZRT-305)

DRC-SUMMARY:
	@@@@@@@ TOTAL VIOLATIONS =	398
	Diff net spacing : 94
	Less than minimum area : 6
	Needs fat contact : 137
	Off-grid : 160
	Short : 1


Total Wire Length =                    909067 micron
Total Number of Contacts =             211084
Total Number of Wires =                228070
Total Number of PtConns =              23493
Total Number of Routed Wires =       228021
Total Routed Wire Length =           906349 micron
Total Number of Routed Contacts =       211084
	Layer                 M1 :      61772 micron
	Layer                 M2 :     255825 micron
	Layer                 M3 :     206131 micron
	Layer                 M4 :     160243 micron
	Layer                 M5 :     103109 micron
	Layer                 M6 :      62235 micron
	Layer                 M7 :      41974 micron
	Layer                 M8 :      15060 micron
	Layer                 M9 :          0 micron
	Layer               MRDL :          0 micron
	Via            VIA78SQ_C :        511
	Via       VIA67SQ_C(rot) :       3193
	Via            VIA56SQ_C :       5206
	Via            VIA45SQ_C :          2
	Via       VIA45SQ_C(rot) :      13887
	Via            VIA34SQ_C :      23034
	Via       VIA34SQ_C(rot) :        377
	Via            VIA23SQ_C :       1825
	Via       VIA23SQ_C(rot) :      78528
	Via            VIA12SQ_C :      78798
	Via       VIA12SQ_C(rot) :       3847
	Via       VIA12LG_C(rot) :          3
	Via        VIA12SQ_C_2x1 :       1147
	Via   VIA12SQ_C(rot)_1x2 :         89
	Via   VIA12SQ_C(rot)_2x1 :          7
	Via        VIA12SQ_C_1x2 :        466
	Via          VIA12SQ_2x1 :         17
	Via     VIA12SQ(rot)_1x2 :          1
	Via     VIA12SQ(rot)_2x1 :         55
	Via          VIA12SQ_1x2 :         91

 
Redundant via conversion report:
--------------------------------

  Total optimized via conversion rate =  0.89% (1873 / 211084 vias)
 
    Layer VIA1       =  2.22% (1873   / 84521   vias)
        Weight 1     =  2.22% (1873    vias)
        Un-optimized =  0.00% (0       vias)
        Un-mapped    = 97.78% (82648   vias)
    Layer VIA2       =  0.00% (0      / 80353   vias)
        Un-optimized =  0.00% (0       vias)
        Un-mapped    = 100.00% (80353   vias)
    Layer VIA3       =  0.00% (0      / 23411   vias)
        Un-optimized =  0.00% (0       vias)
        Un-mapped    = 100.00% (23411   vias)
    Layer VIA4       =  0.00% (0      / 13889   vias)
        Un-optimized =  0.00% (0       vias)
        Un-mapped    = 100.00% (13889   vias)
    Layer VIA5       =  0.00% (0      / 5206    vias)
        Un-optimized =  0.00% (0       vias)
        Un-mapped    = 100.00% (5206    vias)
    Layer VIA6       =  0.00% (0      / 3193    vias)
        Un-optimized =  0.00% (0       vias)
        Un-mapped    = 100.00% (3193    vias)
    Layer VIA7       =  0.00% (0      / 511     vias)
        Un-optimized =  0.00% (0       vias)
        Un-mapped    = 100.00% (511     vias)
 
  Total double via conversion rate    =  0.89% (1873 / 211084 vias)
 
    Layer VIA1       =  2.22% (1873   / 84521   vias)
    Layer VIA2       =  0.00% (0      / 80353   vias)
    Layer VIA3       =  0.00% (0      / 23411   vias)
    Layer VIA4       =  0.00% (0      / 13889   vias)
    Layer VIA5       =  0.00% (0      / 5206    vias)
    Layer VIA6       =  0.00% (0      / 3193    vias)
    Layer VIA7       =  0.00% (0      / 511     vias)
 
  The optimized via conversion rate based on total routed via count =  0.89% (1873 / 211084 vias)
 
    Layer VIA1       =  2.22% (1873   / 84521   vias)
        Weight 1     =  2.22% (1873    vias)
        Un-optimized =  0.00% (0       vias)
        Un-mapped    = 97.78% (82648   vias)
    Layer VIA2       =  0.00% (0      / 80353   vias)
        Un-optimized =  0.00% (0       vias)
        Un-mapped    = 100.00% (80353   vias)
    Layer VIA3       =  0.00% (0      / 23411   vias)
        Un-optimized =  0.00% (0       vias)
        Un-mapped    = 100.00% (23411   vias)
    Layer VIA4       =  0.00% (0      / 13889   vias)
        Un-optimized =  0.00% (0       vias)
        Un-mapped    = 100.00% (13889   vias)
    Layer VIA5       =  0.00% (0      / 5206    vias)
        Un-optimized =  0.00% (0       vias)
        Un-mapped    = 100.00% (5206    vias)
    Layer VIA6       =  0.00% (0      / 3193    vias)
        Un-optimized =  0.00% (0       vias)
        Un-mapped    = 100.00% (3193    vias)
    Layer VIA7       =  0.00% (0      / 511     vias)
        Un-optimized =  0.00% (0       vias)
        Un-mapped    = 100.00% (511     vias)
 


Verify Summary:

Total number of nets = 18936, of which 0 are not extracted
Total number of open nets = 0, of which 0 are frozen
Total number of excluded ports = 0 ports of 0 unplaced cells connected to 0 nets
                                 0 ports without pins of 0 cells connected to 0 nets
                                 0 ports of 0 cover cells connected to 0 non-pg nets
Total number of DRCs = 398
Total number of antenna violations = no antenna rules defined
Total number of tie to rail violations = not checked
Total number of tie to rail directly violations = not checked


