****************************************
Report : Report drc errors
Design : cv32e40p_synth_wrap
Data   : zroute.err
Type   : error_layer
Version: W-2024.09-SP2
Date   : Fri May  8 14:21:17 2026
****************************************

ErrorSet                                    Total   Visible     Fixed   Ignored
--------------------------------------------------------------------------------
Design : cv32e40p_synth_wrap                398     398         0       0
      Data : zroute.err                     398     398         0       0
            M1 (11)                         94      94          0       0
                Diff net spacing            90      90          0       0
                Off-grid                    3       3           0       0
                Short                       1       1           0       0
            M1 (11)-M2 (13)                 137     137         0       0
                Needs fat contact           137     137         0       0
            M2 (13)                         87      87          0       0
                Diff net spacing            3       3           0       0
                Less than minimum area      6       6           0       0
                Off-grid                    78      78          0       0
            M4 (17)                         1       1           0       0
                Diff net spacing            1       1           0       0
            VIA1 (12)                       79      79          0       0
                Off-grid                    79      79          0       0
1
