****************************************
Report : constraint
	-all_violators
	-path slack_only
Design : cv32e40p_synth_wrap
Version: W-2024.09-SP5-3
Date   : Sun May 10 11:25:04 2026
****************************************


   max_delay/setup ('clk_i' group)

   Endpoint                                                  Slack
   -----------------------------------------------------------------
   u_core/core_i/id_stage_i/alu_operand_a_ex_o_reg[15]/D     -0.65  (VIOLATED)
   u_core/core_i/id_stage_i/register_file_i/mem_reg[1][13]/D
                                                             -0.64  (VIOLATED)
   u_core/core_i/id_stage_i/alu_operand_b_ex_o_reg[15]/D     -0.64  (VIOLATED)
   u_core/core_i/id_stage_i/alu_operand_b_ex_o_reg[31]/D     -0.62  (VIOLATED)
   u_core/core_i/id_stage_i/alu_operand_a_ex_o_reg[31]/D     -0.61  (VIOLATED)
   u_core/core_i/id_stage_i/alu_operand_c_ex_o_reg[15]/D     -0.59  (VIOLATED)
   u_core/core_i/id_stage_i/register_file_i/mem_reg[5][13]/D
                                                             -0.57  (VIOLATED)
   u_core/core_i/id_stage_i/mult_operand_c_ex_o_reg[15]/D    -0.56  (VIOLATED)
   u_core/core_i/id_stage_i/alu_operand_b_ex_o_reg[4]/D      -0.54  (VIOLATED)
   u_core/core_i/id_stage_i/alu_operand_a_ex_o_reg[1]/D      -0.53  (VIOLATED)
   u_core/core_i/id_stage_i/alu_operand_c_ex_o_reg[31]/D     -0.53  (VIOLATED)
   u_core/core_i/id_stage_i/mult_operand_c_ex_o_reg[31]/D    -0.52  (VIOLATED)
   u_core/core_i/id_stage_i/alu_operand_b_ex_o_reg[2]/D      -0.52  (VIOLATED)
   u_core/core_i/id_stage_i/register_file_i/mem_reg[6][13]/D
                                                             -0.50  (VIOLATED)
   u_core/core_i/id_stage_i/alu_operand_b_ex_o_reg[1]/D      -0.50  (VIOLATED)
   u_core/core_i/id_stage_i/alu_operand_b_ex_o_reg[3]/D      -0.50  (VIOLATED)
   u_core/core_i/id_stage_i/alu_operand_a_ex_o_reg[4]/D      -0.49  (VIOLATED)
   u_core/core_i/id_stage_i/alu_operand_a_ex_o_reg[29]/D     -0.49  (VIOLATED)
   u_core/core_i/id_stage_i/alu_operand_a_ex_o_reg[3]/D      -0.48  (VIOLATED)
   u_core/core_i/id_stage_i/alu_operand_c_ex_o_reg[4]/D      -0.47  (VIOLATED)
   u_core/core_i/id_stage_i/mult_operand_b_ex_o_reg[15]/D    -0.46  (VIOLATED)
   u_core/core_i/id_stage_i/alu_operand_b_ex_o_reg[29]/D     -0.46  (VIOLATED)
   u_core/core_i/id_stage_i/alu_operand_a_ex_o_reg[2]/D      -0.46  (VIOLATED)
   u_core/core_i/id_stage_i/mult_operand_b_ex_o_reg[31]/D    -0.45  (VIOLATED)
   u_core/core_i/id_stage_i/alu_operand_c_ex_o_reg[29]/D     -0.45  (VIOLATED)
   u_core/core_i/id_stage_i/alu_operand_c_ex_o_reg[1]/D      -0.42  (VIOLATED)
   u_core/core_i/id_stage_i/alu_operand_a_ex_o_reg[24]/D     -0.42  (VIOLATED)
   u_core/core_i/id_stage_i/alu_operand_b_ex_o_reg[9]/D      -0.40  (VIOLATED)
   u_core/core_i/id_stage_i/alu_operand_c_ex_o_reg[3]/D      -0.40  (VIOLATED)
   u_core/core_i/id_stage_i/mult_operand_c_ex_o_reg[4]/D     -0.40  (VIOLATED)
   u_core/core_i/id_stage_i/alu_operand_b_ex_o_reg[10]/D     -0.39  (VIOLATED)
   u_core/core_i/id_stage_i/mult_operand_c_ex_o_reg[17]/D    -0.39  (VIOLATED)
   u_core/core_i/id_stage_i/alu_operand_b_ex_o_reg[24]/D     -0.39  (VIOLATED)
   u_core/core_i/id_stage_i/alu_operand_a_ex_o_reg[10]/D     -0.39  (VIOLATED)
   u_core/core_i/id_stage_i/mult_operand_c_ex_o_reg[3]/D     -0.39  (VIOLATED)
   u_core/core_i/id_stage_i/mult_operand_c_ex_o_reg[29]/D    -0.38  (VIOLATED)
   u_core/core_i/id_stage_i/alu_operand_c_ex_o_reg[2]/D      -0.38  (VIOLATED)
   u_core/core_i/id_stage_i/alu_operand_a_ex_o_reg[9]/D      -0.38  (VIOLATED)
   u_core/core_i/id_stage_i/alu_operand_a_ex_o_reg[17]/D     -0.37  (VIOLATED)
   u_core/core_i/id_stage_i/register_file_i/mem_reg[21][13]/D
                                                             -0.37  (VIOLATED)
   u_core/core_i/id_stage_i/alu_operand_b_ex_o_reg[17]/D     -0.37  (VIOLATED)
   u_core/core_i/id_stage_i/alu_operand_c_ex_o_reg[24]/D     -0.37  (VIOLATED)
   u_core/core_i/id_stage_i/register_file_i/mem_reg[27][13]/D
                                                             -0.36  (VIOLATED)
   u_core/core_i/id_stage_i/mult_operand_b_ex_o_reg[4]/D     -0.36  (VIOLATED)
   u_core/core_i/id_stage_i/alu_operand_b_ex_o_reg[30]/D     -0.36  (VIOLATED)
   u_core/core_i/id_stage_i/register_file_i/mem_reg[5][15]/D
                                                             -0.36  (VIOLATED)
   u_core/core_i/id_stage_i/mult_operand_c_ex_o_reg[24]/D    -0.35  (VIOLATED)
   u_core/core_i/id_stage_i/mult_operand_a_ex_o_reg[4]/D     -0.34  (VIOLATED)
   u_core/core_i/id_stage_i/register_file_i/mem_reg[11][13]/D
                                                             -0.34  (VIOLATED)
   u_core/core_i/id_stage_i/register_file_i/mem_reg[3][13]/D
                                                             -0.34  (VIOLATED)
   u_core/core_i/id_stage_i/register_file_i/mem_reg[2][13]/D
                                                             -0.34  (VIOLATED)
   u_core/core_i/id_stage_i/mult_operand_a_ex_o_reg[15]/D    -0.34  (VIOLATED)
   u_core/core_i/id_stage_i/mult_operand_b_ex_o_reg[1]/D     -0.34  (VIOLATED)
   u_core/core_i/id_stage_i/register_file_i/mem_reg[20][13]/D
                                                             -0.34  (VIOLATED)
   u_core/core_i/id_stage_i/register_file_i/mem_reg[16][13]/D
                                                             -0.33  (VIOLATED)
   u_core/core_i/id_stage_i/alu_operand_c_ex_o_reg[10]/D     -0.33  (VIOLATED)
   u_core/core_i/id_stage_i/register_file_i/mem_reg[4][13]/D
                                                             -0.33  (VIOLATED)
   u_core/core_i/id_stage_i/register_file_i/mem_reg[25][15]/D
                                                             -0.33  (VIOLATED)
   u_core/core_i/id_stage_i/mult_operand_b_ex_o_reg[3]/D     -0.33  (VIOLATED)
   u_core/core_i/id_stage_i/register_file_i/mem_reg[2][15]/D
                                                             -0.33  (VIOLATED)
   u_core/core_i/id_stage_i/register_file_i/mem_reg[17][15]/D
                                                             -0.32  (VIOLATED)
   u_core/core_i/id_stage_i/register_file_i/mem_reg[28][13]/D
                                                             -0.32  (VIOLATED)
   u_core/core_i/id_stage_i/register_file_i/mem_reg[3][15]/D
                                                             -0.32  (VIOLATED)
   u_core/core_i/id_stage_i/register_file_i/mem_reg[11][15]/D
                                                             -0.32  (VIOLATED)
   u_core/core_i/id_stage_i/register_file_i/mem_reg[29][13]/D
                                                             -0.32  (VIOLATED)
   u_core/core_i/id_stage_i/alu_operand_c_ex_o_reg[9]/D      -0.32  (VIOLATED)
   u_core/core_i/id_stage_i/register_file_i/mem_reg[9][15]/D
                                                             -0.31  (VIOLATED)
   u_core/core_i/id_stage_i/mult_operand_c_ex_o_reg[1]/D     -0.31  (VIOLATED)
   u_core/core_i/id_stage_i/mult_operand_c_ex_o_reg[2]/D     -0.31  (VIOLATED)
   u_core/core_i/id_stage_i/register_file_i/mem_reg[4][15]/D
                                                             -0.31  (VIOLATED)
   u_core/core_i/id_stage_i/register_file_i/mem_reg[7][15]/D
                                                             -0.30  (VIOLATED)
   u_core/core_i/id_stage_i/register_file_i/mem_reg[24][13]/D
                                                             -0.30  (VIOLATED)
   u_core/core_i/id_stage_i/register_file_i/mem_reg[8][15]/D
                                                             -0.30  (VIOLATED)
   u_core/core_i/id_stage_i/register_file_i/mem_reg[20][15]/D
                                                             -0.30  (VIOLATED)
   u_core/core_i/id_stage_i/alu_operand_b_ex_o_reg[13]/D     -0.30  (VIOLATED)
   u_core/core_i/id_stage_i/register_file_i/mem_reg[31][13]/D
                                                             -0.30  (VIOLATED)
   u_core/core_i/id_stage_i/register_file_i/mem_reg[1][15]/D
                                                             -0.30  (VIOLATED)
   u_core/core_i/id_stage_i/alu_operand_c_ex_o_reg[13]/D     -0.30  (VIOLATED)
   u_core/core_i/id_stage_i/mult_operand_c_ex_o_reg[13]/D    -0.29  (VIOLATED)
   u_core/core_i/id_stage_i/register_file_i/mem_reg[27][15]/D
                                                             -0.29  (VIOLATED)
   u_core/core_i/id_stage_i/register_file_i/mem_reg[21][15]/D
                                                             -0.29  (VIOLATED)
   u_core/core_i/id_stage_i/register_file_i/mem_reg[16][15]/D
                                                             -0.29  (VIOLATED)
   u_core/core_i/id_stage_i/mult_operand_c_ex_o_reg[10]/D    -0.29  (VIOLATED)
   u_core/core_i/id_stage_i/register_file_i/mem_reg[28][15]/D
                                                             -0.29  (VIOLATED)
   u_core/core_i/id_stage_i/register_file_i/mem_reg[12][13]/D
                                                             -0.29  (VIOLATED)
   u_core/core_i/id_stage_i/mult_operand_b_ex_o_reg[29]/D    -0.28  (VIOLATED)
   u_core/core_i/id_stage_i/mult_operand_b_ex_o_reg[2]/D     -0.28  (VIOLATED)
   u_core/core_i/id_stage_i/mult_operand_a_ex_o_reg[3]/D     -0.28  (VIOLATED)
   u_core/core_i/id_stage_i/register_file_i/mem_reg[31][15]/D
                                                             -0.28  (VIOLATED)
   u_core/core_i/id_stage_i/register_file_i/mem_reg[18][13]/D
                                                             -0.27  (VIOLATED)
   u_core/core_i/id_stage_i/register_file_i/mem_reg[6][15]/D
                                                             -0.27  (VIOLATED)
   u_core/core_i/id_stage_i/alu_operand_c_ex_o_reg[17]/D     -0.27  (VIOLATED)
   u_core/core_i/id_stage_i/register_file_i/mem_reg[17][13]/D
                                                             -0.27  (VIOLATED)
   u_core/core_i/id_stage_i/register_file_i/mem_reg[13][15]/D
                                                             -0.27  (VIOLATED)
   u_core/core_i/id_stage_i/alu_operand_a_ex_o_reg[27]/D     -0.27  (VIOLATED)
   u_core/core_i/id_stage_i/register_file_i/mem_reg[25][13]/D
                                                             -0.26  (VIOLATED)
   u_core/core_i/id_stage_i/alu_operand_c_ex_o_reg[16]/D     -0.26  (VIOLATED)
   u_core/core_i/id_stage_i/alu_operand_a_ex_o_reg[13]/D     -0.26  (VIOLATED)
   u_core/core_i/id_stage_i/alu_operand_a_ex_o_reg[21]/D     -0.26  (VIOLATED)
   u_core/core_i/id_stage_i/mult_operand_c_ex_o_reg[9]/D     -0.26  (VIOLATED)
   u_core/core_i/id_stage_i/register_file_i/mem_reg[10][15]/D
                                                             -0.26  (VIOLATED)
   u_core/core_i/id_stage_i/alu_operand_b_ex_o_reg[21]/D     -0.26  (VIOLATED)
   u_core/core_i/id_stage_i/register_file_i/mem_reg[29][15]/D
                                                             -0.26  (VIOLATED)
   u_core/core_i/id_stage_i/register_file_i/mem_reg[23][15]/D
                                                             -0.26  (VIOLATED)
   u_core/core_i/id_stage_i/alu_operand_b_ex_o_reg[5]/D      -0.26  (VIOLATED)
   u_core/core_i/id_stage_i/register_file_i/mem_reg[12][15]/D
                                                             -0.26  (VIOLATED)
   u_core/core_i/id_stage_i/register_file_i/mem_reg[9][13]/D
                                                             -0.25  (VIOLATED)
   u_core/core_i/id_stage_i/mult_operand_b_ex_o_reg[9]/D     -0.25  (VIOLATED)
   u_core/core_i/id_stage_i/register_file_i/mem_reg[24][15]/D
                                                             -0.25  (VIOLATED)
   u_core/core_i/id_stage_i/register_file_i/mem_reg[2][31]/D
                                                             -0.24  (VIOLATED)
   u_core/core_i/id_stage_i/register_file_i/mem_reg[30][15]/D
                                                             -0.24  (VIOLATED)
   u_core/core_i/id_stage_i/register_file_i/mem_reg[7][13]/D
                                                             -0.24  (VIOLATED)
   u_core/core_i/id_stage_i/mult_operand_a_ex_o_reg[2]/D     -0.24  (VIOLATED)
   u_core/core_i/id_stage_i/register_file_i/mem_reg[8][13]/D
                                                             -0.24  (VIOLATED)
   u_core/core_i/id_stage_i/register_file_i/mem_reg[10][13]/D
                                                             -0.23  (VIOLATED)
   u_core/core_i/id_stage_i/alu_operand_a_ex_o_reg[16]/D     -0.23  (VIOLATED)
   u_core/core_i/id_stage_i/alu_operand_b_ex_o_reg[6]/D      -0.23  (VIOLATED)
   u_core/core_i/id_stage_i/alu_operand_a_ex_o_reg[5]/D      -0.23  (VIOLATED)
   u_core/core_i/id_stage_i/mult_operand_b_ex_o_reg[24]/D    -0.23  (VIOLATED)
   u_core/core_i/id_stage_i/alu_operand_b_ex_o_reg[27]/D     -0.23  (VIOLATED)
   u_core/core_i/id_stage_i/mult_operand_b_ex_o_reg[10]/D    -0.23  (VIOLATED)
   u_core/core_i/id_stage_i/register_file_i/mem_reg[14][15]/D
                                                             -0.23  (VIOLATED)
   u_core/core_i/id_stage_i/register_file_i/mem_reg[19][15]/D
                                                             -0.22  (VIOLATED)
   u_core/core_i/id_stage_i/register_file_i/mem_reg[15][15]/D
                                                             -0.22  (VIOLATED)
   u_core/core_i/id_stage_i/alu_operand_b_ex_o_reg[16]/D     -0.22  (VIOLATED)
   u_core/core_i/id_stage_i/alu_operand_a_ex_o_reg[30]/D     -0.21  (VIOLATED)
   u_core/core_i/id_stage_i/register_file_i/mem_reg[23][13]/D
                                                             -0.21  (VIOLATED)
   u_core/core_i/id_stage_i/register_file_i/mem_reg[3][31]/D
                                                             -0.21  (VIOLATED)
   u_core/core_i/id_stage_i/register_file_i/mem_reg[22][15]/D
                                                             -0.21  (VIOLATED)
   u_core/core_i/id_stage_i/register_file_i/mem_reg[18][15]/D
                                                             -0.21  (VIOLATED)
   u_core/core_i/id_stage_i/alu_operand_c_ex_o_reg[27]/D     -0.21  (VIOLATED)
   u_core/core_i/id_stage_i/alu_operand_b_ex_o_reg[7]/D      -0.20  (VIOLATED)
   u_core/core_i/id_stage_i/alu_operand_a_ex_o_reg[25]/D     -0.20  (VIOLATED)
   u_core/core_i/id_stage_i/alu_operand_b_ex_o_reg[20]/D     -0.20  (VIOLATED)
   u_core/core_i/id_stage_i/alu_operand_c_ex_o_reg[12]/D     -0.20  (VIOLATED)
   u_core/core_i/id_stage_i/alu_operand_a_ex_o_reg[20]/D     -0.20  (VIOLATED)
   u_core/core_i/id_stage_i/register_file_i/mem_reg[13][13]/D
                                                             -0.20  (VIOLATED)
   u_core/core_i/id_stage_i/mult_operand_b_ex_o_reg[17]/D    -0.20  (VIOLATED)
   u_core/core_i/id_stage_i/alu_operand_a_ex_o_reg[23]/D     -0.20  (VIOLATED)
   u_core/core_i/id_stage_i/register_file_i/mem_reg[30][13]/D
                                                             -0.19  (VIOLATED)
   u_core/core_i/id_stage_i/alu_operand_b_ex_o_reg[25]/D     -0.19  (VIOLATED)
   u_core/core_i/id_stage_i/alu_operand_a_ex_o_reg[26]/D     -0.19  (VIOLATED)
   u_core/core_i/id_stage_i/mult_operand_a_ex_o_reg[31]/D    -0.19  (VIOLATED)
   u_core/core_i/id_stage_i/mult_operand_c_ex_o_reg[27]/D    -0.19  (VIOLATED)
   u_core/core_i/id_stage_i/alu_operand_c_ex_o_reg[6]/D      -0.19  (VIOLATED)
   u_core/core_i/id_stage_i/mult_operand_b_ex_o_reg[30]/D    -0.19  (VIOLATED)
   u_core/core_i/id_stage_i/mult_operand_c_ex_o_reg[25]/D    -0.19  (VIOLATED)
   u_core/core_i/id_stage_i/mult_operand_a_ex_o_reg[10]/D    -0.19  (VIOLATED)
   u_core/core_i/id_stage_i/register_file_i/mem_reg[19][13]/D
                                                             -0.18  (VIOLATED)
   u_core/core_i/id_stage_i/register_file_i/mem_reg[22][13]/D
                                                             -0.18  (VIOLATED)
   u_core/core_i/id_stage_i/alu_operand_c_ex_o_reg[23]/D     -0.18  (VIOLATED)
   u_core/core_i/id_stage_i/alu_operand_a_ex_o_reg[7]/D      -0.18  (VIOLATED)
   u_core/core_i/id_stage_i/register_file_i/mem_reg[26][15]/D
                                                             -0.18  (VIOLATED)
   u_core/core_i/id_stage_i/register_file_i/mem_reg[4][31]/D
                                                             -0.18  (VIOLATED)
   u_core/core_i/id_stage_i/mult_operand_a_ex_o_reg[9]/D     -0.17  (VIOLATED)
   u_core/core_i/id_stage_i/alu_operand_b_ex_o_reg[8]/D      -0.17  (VIOLATED)
   u_core/core_i/id_stage_i/register_file_i/mem_reg[26][13]/D
                                                             -0.17  (VIOLATED)
   u_core/core_i/id_stage_i/alu_operand_c_ex_o_reg[21]/D     -0.17  (VIOLATED)
   u_core/core_i/id_stage_i/register_file_i/mem_reg[15][13]/D
                                                             -0.17  (VIOLATED)
   u_core/core_i/id_stage_i/alu_operand_b_ex_o_reg[23]/D     -0.17  (VIOLATED)
   u_core/core_i/id_stage_i/register_file_i/mem_reg[14][13]/D
                                                             -0.16  (VIOLATED)
   u_core/core_i/id_stage_i/alu_operand_a_ex_o_reg[8]/D      -0.16  (VIOLATED)
   u_core/core_i/id_stage_i/alu_operand_c_ex_o_reg[7]/D      -0.16  (VIOLATED)
   u_core/core_i/id_stage_i/alu_operand_c_ex_o_reg[30]/D     -0.15  (VIOLATED)
   u_core/core_i/id_stage_i/mult_operand_a_ex_o_reg[29]/D    -0.15  (VIOLATED)
   u_core/core_i/id_stage_i/mult_operand_c_ex_o_reg[5]/D     -0.15  (VIOLATED)
   u_core/core_i/id_stage_i/register_file_i/mem_reg[5][14]/D
                                                             -0.15  (VIOLATED)
   u_core/core_i/id_stage_i/alu_operand_c_ex_o_reg[5]/D      -0.15  (VIOLATED)
   u_core/core_i/id_stage_i/alu_operand_b_ex_o_reg[11]/D     -0.14  (VIOLATED)
   u_core/core_i/id_stage_i/register_file_i/mem_reg[16][16]/D
                                                             -0.14  (VIOLATED)
   u_core/core_i/id_stage_i/alu_operand_a_ex_o_reg[14]/D     -0.14  (VIOLATED)
   u_core/core_i/id_stage_i/register_file_i/mem_reg[5][31]/D
                                                             -0.14  (VIOLATED)
   u_core/core_i/id_stage_i/mult_operand_c_ex_o_reg[30]/D    -0.14  (VIOLATED)
   u_core/core_i/id_stage_i/mult_operand_c_ex_o_reg[21]/D    -0.14  (VIOLATED)
   u_core/core_i/id_stage_i/mult_operand_c_ex_o_reg[16]/D    -0.14  (VIOLATED)
   u_core/core_i/id_stage_i/register_file_i/mem_reg[9][14]/D
                                                             -0.14  (VIOLATED)
   u_core/core_i/id_stage_i/alu_operand_b_ex_o_reg[26]/D     -0.13  (VIOLATED)
   u_core/core_i/id_stage_i/mult_operand_b_ex_o_reg[13]/D    -0.13  (VIOLATED)
   u_core/core_i/id_stage_i/register_file_i/mem_reg[11][31]/D
                                                             -0.13  (VIOLATED)
   u_core/core_i/id_stage_i/alu_operand_c_ex_o_reg[20]/D     -0.13  (VIOLATED)
   u_core/core_i/id_stage_i/alu_operand_c_ex_o_reg[14]/D     -0.13  (VIOLATED)
   u_core/core_i/id_stage_i/register_file_i/mem_reg[7][31]/D
                                                             -0.13  (VIOLATED)
   u_core/core_i/id_stage_i/register_file_i/mem_reg[9][31]/D
                                                             -0.13  (VIOLATED)
   u_core/core_i/id_stage_i/alu_operand_b_ex_o_reg[14]/D     -0.13  (VIOLATED)
   u_core/core_i/id_stage_i/register_file_i/mem_reg[8][31]/D
                                                             -0.13  (VIOLATED)
   u_core/core_i/id_stage_i/register_file_i/mem_reg[27][14]/D
                                                             -0.12  (VIOLATED)
   u_core/core_i/id_stage_i/alu_operand_a_ex_o_reg[18]/D     -0.12  (VIOLATED)
   u_core/core_i/id_stage_i/register_file_i/mem_reg[1][16]/D
                                                             -0.12  (VIOLATED)
   u_core/core_i/id_stage_i/alu_operand_b_ex_o_reg[12]/D     -0.12  (VIOLATED)
   u_core/core_i/id_stage_i/register_file_i/mem_reg[9][29]/D
                                                             -0.12  (VIOLATED)
   u_core/core_i/id_stage_i/register_file_i/mem_reg[25][16]/D
                                                             -0.12  (VIOLATED)
   u_core/core_i/id_stage_i/register_file_i/mem_reg[27][16]/D
                                                             -0.12  (VIOLATED)
   u_core/core_i/id_stage_i/alu_operand_a_ex_o_reg[28]/D     -0.11  (VIOLATED)
   u_core/core_i/id_stage_i/register_file_i/mem_reg[28][16]/D
                                                             -0.11  (VIOLATED)
   u_core/core_i/id_stage_i/register_file_i/mem_reg[2][29]/D
                                                             -0.11  (VIOLATED)
   u_core/core_i/id_stage_i/register_file_i/mem_reg[21][16]/D
                                                             -0.11  (VIOLATED)
   u_core/core_i/id_stage_i/register_file_i/mem_reg[2][14]/D
                                                             -0.11  (VIOLATED)
   u_core/core_i/id_stage_i/register_file_i/mem_reg[25][14]/D
                                                             -0.11  (VIOLATED)
   u_core/core_i/id_stage_i/register_file_i/mem_reg[12][31]/D
                                                             -0.11  (VIOLATED)
   u_core/core_i/id_stage_i/mult_operand_c_ex_o_reg[12]/D    -0.11  (VIOLATED)
   u_core/core_i/id_stage_i/mult_operand_c_ex_o_reg[20]/D    -0.11  (VIOLATED)
   u_core/core_i/id_stage_i/mult_operand_a_ex_o_reg[24]/D    -0.11  (VIOLATED)
   u_core/core_i/id_stage_i/register_file_i/mem_reg[17][27]/D
                                                             -0.11  (VIOLATED)
   u_core/core_i/id_stage_i/register_file_i/mem_reg[20][16]/D
                                                             -0.11  (VIOLATED)
   u_core/core_i/id_stage_i/register_file_i/mem_reg[17][16]/D
                                                             -0.10  (VIOLATED)
   u_core/core_i/id_stage_i/alu_operand_a_ex_o_reg[11]/D     -0.10  (VIOLATED)
   u_core/core_i/id_stage_i/mult_operand_a_ex_o_reg[1]/D     -0.10  (VIOLATED)
   u_core/core_i/id_stage_i/register_file_i/mem_reg[3][29]/D
                                                             -0.10  (VIOLATED)
   u_core/core_i/id_stage_i/register_file_i/mem_reg[25][12]/D
                                                             -0.10  (VIOLATED)
   u_core/core_i/id_stage_i/alu_operand_b_ex_o_reg[0]/D      -0.10  (VIOLATED)
   u_core/core_i/id_stage_i/register_file_i/mem_reg[7][29]/D
                                                             -0.10  (VIOLATED)
   u_core/core_i/id_stage_i/mult_operand_c_ex_o_reg[14]/D    -0.10  (VIOLATED)
   u_core/core_i/id_stage_i/register_file_i/mem_reg[31][31]/D
                                                             -0.10  (VIOLATED)
   u_core/core_i/id_stage_i/alu_operand_c_ex_o_reg[22]/D     -0.10  (VIOLATED)
   u_core/core_i/id_stage_i/register_file_i/mem_reg[1][14]/D
                                                             -0.10  (VIOLATED)
   u_core/core_i/id_stage_i/register_file_i/mem_reg[11][29]/D
                                                             -0.10  (VIOLATED)
   u_core/core_i/id_stage_i/register_file_i/mem_reg[8][29]/D
                                                             -0.10  (VIOLATED)
   u_core/core_i/id_stage_i/register_file_i/mem_reg[28][29]/D
                                                             -0.10  (VIOLATED)
   u_core/core_i/id_stage_i/mult_operand_b_ex_o_reg[21]/D    -0.10  (VIOLATED)
   u_core/core_i/id_stage_i/register_file_i/mem_reg[5][17]/D
                                                             -0.10  (VIOLATED)
   u_core/core_i/id_stage_i/register_file_i/mem_reg[1][29]/D
                                                             -0.10  (VIOLATED)
   u_core/core_i/id_stage_i/mult_operand_b_ex_o_reg[5]/D     -0.10  (VIOLATED)
   u_core/core_i/id_stage_i/alu_operand_a_ex_o_reg[19]/D     -0.10  (VIOLATED)
   u_core/core_i/id_stage_i/register_file_i/mem_reg[4][29]/D
                                                             -0.10  (VIOLATED)
   u_core/core_i/id_stage_i/register_file_i/mem_reg[25][27]/D
                                                             -0.10  (VIOLATED)
   u_core/core_i/id_stage_i/alu_operand_a_ex_o_reg[12]/D     -0.10  (VIOLATED)
   u_core/core_i/id_stage_i/register_file_i/mem_reg[21][12]/D
                                                             -0.10  (VIOLATED)
   u_core/core_i/id_stage_i/alu_operand_c_ex_o_reg[26]/D     -0.10  (VIOLATED)
   u_core/core_i/id_stage_i/register_file_i/mem_reg[17][29]/D
                                                             -0.10  (VIOLATED)
   u_core/core_i/id_stage_i/register_file_i/mem_reg[27][29]/D
                                                             -0.09  (VIOLATED)
   u_core/core_i/id_stage_i/register_file_i/mem_reg[27][24]/D
                                                             -0.09  (VIOLATED)
   u_core/core_i/id_stage_i/register_file_i/mem_reg[20][29]/D
                                                             -0.09  (VIOLATED)
   u_core/core_i/id_stage_i/register_file_i/mem_reg[6][31]/D
                                                             -0.09  (VIOLATED)
   u_core/core_i/id_stage_i/register_file_i/mem_reg[21][29]/D
                                                             -0.09  (VIOLATED)
   u_core/core_i/id_stage_i/register_file_i/mem_reg[25][29]/D
                                                             -0.09  (VIOLATED)
   u_core/core_i/id_stage_i/mult_operand_c_ex_o_reg[7]/D     -0.09  (VIOLATED)
   u_core/core_i/id_stage_i/alu_operand_a_ex_o_reg[6]/D      -0.09  (VIOLATED)
   u_core/core_i/id_stage_i/register_file_i/mem_reg[17][12]/D
                                                             -0.09  (VIOLATED)
   u_core/core_i/id_stage_i/register_file_i/mem_reg[5][29]/D
                                                             -0.09  (VIOLATED)
   u_core/core_i/id_stage_i/register_file_i/mem_reg[17][14]/D
                                                             -0.09  (VIOLATED)
   u_core/core_i/id_stage_i/register_file_i/mem_reg[16][29]/D
                                                             -0.09  (VIOLATED)
   u_core/core_i/id_stage_i/mult_operand_c_ex_o_reg[23]/D    -0.09  (VIOLATED)
   u_core/core_i/id_stage_i/register_file_i/mem_reg[28][12]/D
                                                             -0.09  (VIOLATED)
   u_core/core_i/id_stage_i/alu_operand_b_ex_o_reg[18]/D     -0.09  (VIOLATED)
   u_core/core_i/id_stage_i/register_file_i/mem_reg[16][24]/D
                                                             -0.09  (VIOLATED)
   u_core/core_i/id_stage_i/register_file_i/mem_reg[27][12]/D
                                                             -0.09  (VIOLATED)
   u_core/core_i/id_stage_i/register_file_i/mem_reg[10][31]/D
                                                             -0.08  (VIOLATED)
   u_core/core_i/id_stage_i/register_file_i/mem_reg[4][14]/D
                                                             -0.08  (VIOLATED)
   u_core/core_i/id_stage_i/register_file_i/mem_reg[1][27]/D
                                                             -0.08  (VIOLATED)
   u_core/core_i/id_stage_i/register_file_i/mem_reg[4][12]/D
                                                             -0.08  (VIOLATED)
   u_core/core_i/id_stage_i/register_file_i/mem_reg[11][12]/D
                                                             -0.08  (VIOLATED)
   u_core/core_i/id_stage_i/register_file_i/mem_reg[3][14]/D
                                                             -0.08  (VIOLATED)
   u_core/core_i/id_stage_i/register_file_i/mem_reg[13][31]/D
                                                             -0.08  (VIOLATED)
   u_core/core_i/id_stage_i/register_file_i/mem_reg[10][29]/D
                                                             -0.08  (VIOLATED)
   u_core/core_i/id_stage_i/register_file_i/mem_reg[21][14]/D
                                                             -0.08  (VIOLATED)
   u_core/core_i/id_stage_i/register_file_i/mem_reg[28][24]/D
                                                             -0.08  (VIOLATED)
   u_core/core_i/id_stage_i/register_file_i/mem_reg[20][12]/D
                                                             -0.08  (VIOLATED)
   u_core/core_i/id_stage_i/register_file_i/mem_reg[20][24]/D
                                                             -0.08  (VIOLATED)
   u_core/core_i/id_stage_i/alu_operand_b_ex_o_reg[28]/D     -0.08  (VIOLATED)
   u_core/core_i/id_stage_i/register_file_i/mem_reg[20][14]/D
                                                             -0.08  (VIOLATED)
   u_core/core_i/id_stage_i/register_file_i/mem_reg[8][12]/D
                                                             -0.08  (VIOLATED)
   u_core/core_i/id_stage_i/register_file_i/mem_reg[27][27]/D
                                                             -0.08  (VIOLATED)
   u_core/core_i/id_stage_i/register_file_i/mem_reg[20][27]/D
                                                             -0.08  (VIOLATED)
   u_core/core_i/id_stage_i/register_file_i/mem_reg[16][12]/D
                                                             -0.08  (VIOLATED)
   u_core/core_i/id_stage_i/register_file_i/mem_reg[7][12]/D
                                                             -0.08  (VIOLATED)
   u_core/core_i/id_stage_i/alu_operand_c_ex_o_reg[8]/D      -0.08  (VIOLATED)
   u_core/core_i/id_stage_i/register_file_i/mem_reg[28][14]/D
                                                             -0.07  (VIOLATED)
   u_core/core_i/id_stage_i/register_file_i/mem_reg[9][17]/D
                                                             -0.07  (VIOLATED)
   u_core/core_i/id_stage_i/register_file_i/mem_reg[17][17]/D
                                                             -0.07  (VIOLATED)
   u_core/core_i/id_stage_i/alu_operand_c_ex_o_reg[11]/D     -0.07  (VIOLATED)
   u_core/core_i/id_stage_i/register_file_i/mem_reg[8][14]/D
                                                             -0.07  (VIOLATED)
   u_core/core_i/id_stage_i/register_file_i/mem_reg[16][14]/D
                                                             -0.07  (VIOLATED)
   u_core/core_i/id_stage_i/register_file_i/mem_reg[25][17]/D
                                                             -0.07  (VIOLATED)
   u_core/core_i/id_stage_i/register_file_i/mem_reg[28][30]/D
                                                             -0.07  (VIOLATED)
   u_core/core_i/id_stage_i/register_file_i/mem_reg[29][16]/D
                                                             -0.07  (VIOLATED)
   u_core/core_i/id_stage_i/register_file_i/mem_reg[11][14]/D
                                                             -0.07  (VIOLATED)
   u_core/core_i/id_stage_i/register_file_i/mem_reg[23][16]/D
                                                             -0.07  (VIOLATED)
   u_core/core_i/id_stage_i/register_file_i/mem_reg[21][27]/D
                                                             -0.07  (VIOLATED)
   u_core/core_i/id_stage_i/register_file_i/mem_reg[28][27]/D
                                                             -0.07  (VIOLATED)
   u_core/core_i/id_stage_i/register_file_i/mem_reg[7][14]/D
                                                             -0.07  (VIOLATED)
   u_core/core_i/id_stage_i/mult_operand_c_ex_o_reg[26]/D    -0.07  (VIOLATED)
   u_core/core_i/id_stage_i/alu_operand_a_ex_o_reg[22]/D     -0.07  (VIOLATED)
   u_core/core_i/id_stage_i/alu_operand_b_ex_o_reg[19]/D     -0.07  (VIOLATED)
   u_core/core_i/id_stage_i/register_file_i/mem_reg[31][29]/D
                                                             -0.07  (VIOLATED)
   u_core/core_i/id_stage_i/register_file_i/mem_reg[27][17]/D
                                                             -0.07  (VIOLATED)
   u_core/core_i/id_stage_i/register_file_i/mem_reg[16][27]/D
                                                             -0.07  (VIOLATED)
   u_core/core_i/id_stage_i/alu_operand_c_ex_o_reg[25]/D     -0.07  (VIOLATED)
   u_core/core_i/id_stage_i/register_file_i/mem_reg[11][17]/D
                                                             -0.07  (VIOLATED)
   u_core/core_i/id_stage_i/mult_operand_b_ex_o_reg[6]/D     -0.06  (VIOLATED)
   u_core/core_i/id_stage_i/register_file_i/mem_reg[24][16]/D
                                                             -0.06  (VIOLATED)
   u_core/core_i/id_stage_i/mult_operand_a_ex_o_reg[17]/D    -0.06  (VIOLATED)
   u_core/core_i/id_stage_i/register_file_i/mem_reg[1][17]/D
                                                             -0.06  (VIOLATED)
   u_core/core_i/id_stage_i/register_file_i/mem_reg[20][17]/D
                                                             -0.06  (VIOLATED)
   u_core/core_i/id_stage_i/register_file_i/mem_reg[1][30]/D
                                                             -0.06  (VIOLATED)
   u_core/core_i/id_stage_i/register_file_i/mem_reg[5][24]/D
                                                             -0.06  (VIOLATED)
   u_core/core_i/id_stage_i/alu_operand_c_ex_o_reg[19]/D     -0.06  (VIOLATED)
   u_core/core_i/id_stage_i/register_file_i/mem_reg[12][29]/D
                                                             -0.06  (VIOLATED)
   u_core/core_i/id_stage_i/register_file_i/mem_reg[21][30]/D
                                                             -0.06  (VIOLATED)
   u_core/core_i/id_stage_i/register_file_i/mem_reg[1][24]/D
                                                             -0.06  (VIOLATED)
   u_core/core_i/id_stage_i/register_file_i/mem_reg[29][29]/D
                                                             -0.06  (VIOLATED)
   u_core/core_i/id_stage_i/mult_operand_b_ex_o_reg[27]/D    -0.06  (VIOLATED)
   u_core/core_i/id_stage_i/register_file_i/mem_reg[14][31]/D
                                                             -0.05  (VIOLATED)
   u_core/core_i/id_stage_i/register_file_i/mem_reg[25][9]/D
                                                             -0.05  (VIOLATED)
   u_core/core_i/id_stage_i/register_file_i/mem_reg[2][12]/D
                                                             -0.05  (VIOLATED)
   u_core/core_i/id_stage_i/mult_operand_c_ex_o_reg[6]/D     -0.05  (VIOLATED)
   u_core/core_i/id_stage_i/register_file_i/mem_reg[2][17]/D
                                                             -0.05  (VIOLATED)
   u_core/core_i/id_stage_i/register_file_i/mem_reg[3][17]/D
                                                             -0.05  (VIOLATED)
   u_core/core_i/id_stage_i/register_file_i/mem_reg[4][17]/D
                                                             -0.05  (VIOLATED)
   u_core/core_i/id_stage_i/register_file_i/mem_reg[21][24]/D
                                                             -0.05  (VIOLATED)
   u_core/core_i/id_stage_i/register_file_i/mem_reg[24][29]/D
                                                             -0.05  (VIOLATED)
   u_core/core_i/id_stage_i/register_file_i/mem_reg[25][24]/D
                                                             -0.05  (VIOLATED)
   u_core/core_i/id_stage_i/mult_operand_b_ex_o_reg[16]/D    -0.05  (VIOLATED)
   u_core/core_i/id_stage_i/alu_operand_b_ex_o_reg[22]/D     -0.05  (VIOLATED)
   u_core/core_i/id_stage_i/register_file_i/mem_reg[23][29]/D
                                                             -0.05  (VIOLATED)
   u_core/core_i/id_stage_i/register_file_i/mem_reg[30][16]/D
                                                             -0.05  (VIOLATED)
   u_core/core_i/id_stage_i/mult_operand_c_ex_o_reg[11]/D    -0.05  (VIOLATED)
   u_core/core_i/id_stage_i/register_file_i/mem_reg[29][12]/D
                                                             -0.05  (VIOLATED)
   u_core/core_i/id_stage_i/register_file_i/mem_reg[21][17]/D
                                                             -0.05  (VIOLATED)
   u_core/core_i/id_stage_i/register_file_i/mem_reg[7][17]/D
                                                             -0.05  (VIOLATED)
   u_core/core_i/id_stage_i/register_file_i/mem_reg[27][3]/D
                                                             -0.05  (VIOLATED)
   u_core/core_i/id_stage_i/register_file_i/mem_reg[6][29]/D
                                                             -0.05  (VIOLATED)
   u_core/core_i/id_stage_i/register_file_i/mem_reg[8][17]/D
                                                             -0.05  (VIOLATED)
   u_core/core_i/id_stage_i/register_file_i/mem_reg[17][24]/D
                                                             -0.04  (VIOLATED)
   u_core/core_i/id_stage_i/mult_operand_b_ex_o_reg[7]/D     -0.04  (VIOLATED)
   u_core/core_i/id_stage_i/register_file_i/mem_reg[27][30]/D
                                                             -0.04  (VIOLATED)
   u_core/core_i/id_stage_i/register_file_i/mem_reg[24][27]/D
                                                             -0.04  (VIOLATED)
   u_core/core_i/id_stage_i/register_file_i/mem_reg[31][14]/D
                                                             -0.04  (VIOLATED)
   u_core/core_i/id_stage_i/register_file_i/mem_reg[16][17]/D
                                                             -0.04  (VIOLATED)
   u_core/core_i/id_stage_i/register_file_i/mem_reg[29][14]/D
                                                             -0.04  (VIOLATED)
   u_core/core_i/id_stage_i/register_file_i/mem_reg[25][30]/D
                                                             -0.04  (VIOLATED)
   u_core/core_i/id_stage_i/register_file_i/mem_reg[21][2]/D
                                                             -0.04  (VIOLATED)
   u_core/core_i/id_stage_i/register_file_i/mem_reg[17][30]/D
                                                             -0.04  (VIOLATED)
   u_core/core_i/id_stage_i/register_file_i/mem_reg[23][12]/D
                                                             -0.04  (VIOLATED)
   u_core/core_i/id_stage_i/register_file_i/mem_reg[16][30]/D
                                                             -0.04  (VIOLATED)
   u_core/core_i/id_stage_i/register_file_i/mem_reg[11][2]/D
                                                             -0.04  (VIOLATED)
   u_core/core_i/id_stage_i/register_file_i/mem_reg[31][12]/D
                                                             -0.04  (VIOLATED)
   u_core/core_i/id_stage_i/register_file_i/mem_reg[20][30]/D
                                                             -0.04  (VIOLATED)
   u_core/core_i/id_stage_i/register_file_i/mem_reg[17][2]/D
                                                             -0.04  (VIOLATED)
   u_core/core_i/id_stage_i/alu_operand_a_ex_o_reg[0]/D      -0.04  (VIOLATED)
   u_core/core_i/id_stage_i/alu_operand_c_ex_o_reg[18]/D     -0.04  (VIOLATED)
   u_core/core_i/id_stage_i/register_file_i/mem_reg[1][12]/D
                                                             -0.04  (VIOLATED)
   u_core/core_i/id_stage_i/register_file_i/mem_reg[23][27]/D
                                                             -0.04  (VIOLATED)
   u_core/core_i/id_stage_i/register_file_i/mem_reg[24][14]/D
                                                             -0.04  (VIOLATED)
   u_core/core_i/id_stage_i/register_file_i/mem_reg[5][2]/D
                                                             -0.04  (VIOLATED)
   u_core/core_i/id_stage_i/register_file_i/mem_reg[28][17]/D
                                                             -0.04  (VIOLATED)
   u_core/core_i/id_stage_i/register_file_i/mem_reg[23][14]/D
                                                             -0.04  (VIOLATED)
   u_core/core_i/id_stage_i/register_file_i/mem_reg[24][24]/D
                                                             -0.04  (VIOLATED)
   u_core/core_i/id_stage_i/register_file_i/mem_reg[11][24]/D
                                                             -0.04  (VIOLATED)
   u_core/core_i/id_stage_i/register_file_i/mem_reg[27][2]/D
                                                             -0.04  (VIOLATED)
   u_core/core_i/id_stage_i/register_file_i/mem_reg[1][9]/D
                                                             -0.03  (VIOLATED)
   u_core/core_i/id_stage_i/register_file_i/mem_reg[6][14]/D
                                                             -0.03  (VIOLATED)
   u_core/core_i/id_stage_i/register_file_i/mem_reg[29][27]/D
                                                             -0.03  (VIOLATED)
   u_core/core_i/id_stage_i/register_file_i/mem_reg[25][2]/D
                                                             -0.03  (VIOLATED)
   u_core/core_i/id_stage_i/register_file_i/mem_reg[24][9]/D
                                                             -0.03  (VIOLATED)
   u_core/core_i/id_stage_i/register_file_i/mem_reg[4][2]/D
                                                             -0.03  (VIOLATED)
   u_core/core_i/id_stage_i/register_file_i/mem_reg[3][12]/D
                                                             -0.03  (VIOLATED)
   u_core/core_i/id_stage_i/mult_operand_b_ex_o_reg[20]/D    -0.03  (VIOLATED)
   u_core/core_i/id_stage_i/register_file_i/mem_reg[28][2]/D
                                                             -0.03  (VIOLATED)
   u_core/core_i/id_stage_i/register_file_i/mem_reg[2][24]/D
                                                             -0.03  (VIOLATED)
   u_core/core_i/id_stage_i/alu_operand_c_ex_o_reg[28]/D     -0.03  (VIOLATED)
   u_core/core_i/id_stage_i/register_file_i/mem_reg[20][2]/D
                                                             -0.03  (VIOLATED)
   u_core/core_i/id_stage_i/register_file_i/mem_reg[9][24]/D
                                                             -0.03  (VIOLATED)
   u_core/core_i/id_stage_i/register_file_i/mem_reg[13][29]/D
                                                             -0.03  (VIOLATED)
   u_core/core_i/id_stage_i/register_file_i/mem_reg[4][24]/D
                                                             -0.02  (VIOLATED)
   u_core/core_i/id_stage_i/register_file_i/mem_reg[1][3]/D
                                                             -0.02  (VIOLATED)
   u_core/core_i/id_stage_i/mult_operand_c_ex_o_reg[8]/D     -0.02  (VIOLATED)
   u_core/core_i/id_stage_i/mult_operand_b_ex_o_reg[8]/D     -0.02  (VIOLATED)
   u_core/core_i/id_stage_i/register_file_i/mem_reg[12][12]/D
                                                             -0.02  (VIOLATED)
   u_core/core_i/id_stage_i/mult_operand_b_ex_o_reg[25]/D    -0.02  (VIOLATED)
   u_core/core_i/id_stage_i/register_file_i/mem_reg[17][8]/D
                                                             -0.02  (VIOLATED)
   u_core/core_i/id_stage_i/register_file_i/mem_reg[21][9]/D
                                                             -0.02  (VIOLATED)
   u_core/core_i/id_stage_i/register_file_i/mem_reg[17][9]/D
                                                             -0.02  (VIOLATED)
   u_core/core_i/id_stage_i/register_file_i/mem_reg[17][3]/D
                                                             -0.02  (VIOLATED)
   u_core/core_i/id_stage_i/register_file_i/mem_reg[22][16]/D
                                                             -0.02  (VIOLATED)
   u_core/core_i/id_stage_i/register_file_i/mem_reg[21][1]/D
                                                             -0.02  (VIOLATED)
   u_core/core_i/id_stage_i/register_file_i/mem_reg[8][2]/D
                                                             -0.02  (VIOLATED)
   u_core/core_i/id_stage_i/register_file_i/mem_reg[5][12]/D
                                                             -0.02  (VIOLATED)
   u_core/core_i/id_stage_i/register_file_i/mem_reg[31][17]/D
                                                             -0.02  (VIOLATED)
   u_core/core_i/id_stage_i/register_file_i/mem_reg[21][3]/D
                                                             -0.02  (VIOLATED)
   u_core/core_i/id_stage_i/register_file_i/mem_reg[3][24]/D
                                                             -0.02  (VIOLATED)
   u_core/core_i/id_stage_i/register_file_i/mem_reg[12][14]/D
                                                             -0.02  (VIOLATED)
   u_core/core_i/id_stage_i/register_file_i/mem_reg[17][1]/D
                                                             -0.02  (VIOLATED)
   u_core/core_i/id_stage_i/register_file_i/mem_reg[16][2]/D
                                                             -0.02  (VIOLATED)
   u_core/core_i/id_stage_i/register_file_i/mem_reg[27][9]/D
                                                             -0.02  (VIOLATED)
   u_core/core_i/id_stage_i/register_file_i/mem_reg[20][3]/D
                                                             -0.02  (VIOLATED)
   u_core/core_i/id_stage_i/register_file_i/mem_reg[27][1]/D
                                                             -0.02  (VIOLATED)
   u_core/core_i/id_stage_i/mult_operand_c_ex_o_reg[28]/D    -0.02  (VIOLATED)
   u_core/core_i/id_stage_i/register_file_i/mem_reg[15][29]/D
                                                             -0.02  (VIOLATED)
   u_core/core_i/id_stage_i/register_file_i/mem_reg[19][9]/D
                                                             -0.02  (VIOLATED)
   u_core/core_i/id_stage_i/register_file_i/mem_reg[29][24]/D
                                                             -0.01  (VIOLATED)
   u_core/core_i/id_stage_i/register_file_i/mem_reg[29][17]/D
                                                             -0.01  (VIOLATED)
   u_core/core_i/id_stage_i/register_file_i/mem_reg[5][3]/D
                                                             -0.01  (VIOLATED)
   u_core/core_i/id_stage_i/register_file_i/mem_reg[8][24]/D
                                                             -0.01  (VIOLATED)
   u_core/core_i/id_stage_i/register_file_i/mem_reg[18][16]/D
                                                             -0.01  (VIOLATED)
   u_core/core_i/id_stage_i/register_file_i/mem_reg[25][8]/D
                                                             -0.01  (VIOLATED)
   u_core/core_i/id_stage_i/register_file_i/mem_reg[23][24]/D
                                                             -0.01  (VIOLATED)
   u_core/core_i/id_stage_i/register_file_i/mem_reg[29][30]/D
                                                             -0.01  (VIOLATED)
   u_core/core_i/id_stage_i/register_file_i/mem_reg[7][2]/D
                                                             -0.01  (VIOLATED)
   u_core/core_i/id_stage_i/register_file_i/mem_reg[19][16]/D
                                                             -0.01  (VIOLATED)
   u_core/core_i/id_stage_i/register_file_i/mem_reg[3][2]/D
                                                             -0.01  (VIOLATED)
   u_core/core_i/id_stage_i/register_file_i/mem_reg[24][30]/D
                                                             -0.01  (VIOLATED)
   u_core/core_i/id_stage_i/register_file_i/mem_reg[11][3]/D
                                                             -0.01  (VIOLATED)
   u_core/core_i/id_stage_i/register_file_i/mem_reg[15][27]/D
                                                             -0.01  (VIOLATED)
   u_core/core_i/id_stage_i/register_file_i/mem_reg[22][12]/D
                                                             -0.01  (VIOLATED)
   u_core/core_i/id_stage_i/register_file_i/mem_reg[23][17]/D
                                                             -0.01  (VIOLATED)
   u_core/core_i/id_stage_i/register_file_i/mem_reg[2][3]/D
                                                             -0.01  (VIOLATED)
   u_core/core_i/id_stage_i/mult_operand_c_ex_o_reg[18]/D    -0.01  (VIOLATED)
   u_core/core_i/id_stage_i/register_file_i/mem_reg[1][8]/D
                                                             -0.01  (VIOLATED)
   u_core/core_i/id_stage_i/register_file_i/mem_reg[5][8]/D
                                                             -0.01  (VIOLATED)
   u_core/core_i/id_stage_i/register_file_i/mem_reg[10][14]/D
                                                             -0.01  (VIOLATED)
   u_core/core_i/id_stage_i/register_file_i/mem_reg[13][14]/D
                                                             -0.01  (VIOLATED)
   u_core/core_i/id_stage_i/register_file_i/mem_reg[23][2]/D
                                                             -0.01  (VIOLATED)
   u_core/core_i/id_stage_i/register_file_i/mem_reg[7][24]/D
                                                             -0.01  (VIOLATED)
   u_core/core_i/id_stage_i/register_file_i/mem_reg[19][29]/D
                                                             -0.01  (VIOLATED)
   u_core/core_i/id_stage_i/register_file_i/mem_reg[4][3]/D
                                                              0.00  (VIOLATED: increase significant digits)
   u_core/core_i/id_stage_i/register_file_i/mem_reg[26][29]/D
                                                              0.00  (VIOLATED: increase significant digits)
   u_core/core_i/id_stage_i/register_file_i/mem_reg[5][9]/D
                                                              0.00  (VIOLATED: increase significant digits)
   u_core/core_i/id_stage_i/register_file_i/mem_reg[24][17]/D
                                                              0.00  (VIOLATED: increase significant digits)
   u_core/core_i/id_stage_i/register_file_i/mem_reg[3][3]/D
                                                              0.00  (VIOLATED: increase significant digits)
   u_core/core_i/id_stage_i/register_file_i/mem_reg[7][9]/D
                                                              0.00  (VIOLATED: increase significant digits)
   u_core/core_i/id_stage_i/register_file_i/mem_reg[15][17]/D
                                                              0.00  (VIOLATED: increase significant digits)
   u_core/core_i/id_stage_i/register_file_i/mem_reg[16][3]/D
                                                              0.00  (VIOLATED: increase significant digits)
   u_core/core_i/id_stage_i/register_file_i/mem_reg[15][16]/D
                                                              0.00  (VIOLATED: increase significant digits)
   u_core/core_i/id_stage_i/register_file_i/mem_reg[22][9]/D
                                                              0.00  (VIOLATED: increase significant digits)
   u_core/core_i/id_stage_i/register_file_i/mem_reg[30][29]/D
                                                              0.00  (VIOLATED: increase significant digits)
   u_core/core_i/id_stage_i/register_file_i/mem_reg[19][27]/D
                                                              0.00  (VIOLATED: increase significant digits)





1
