****************************************
Report : clock timing
        -type skew
        -nworst 20
        -setup
Design : cv32e40p_synth_wrap
Version: W-2024.09-SP2
Date   : Sat May  9 15:22:49 2026
****************************************

  Mode: default
  Clock: clk_i

  Clock Pin                                          Latency      Skew             Corner
---------------------------------------------------------------------------------------------------
  u_core/core_i/id_stage_i/alu_operand_a_ex_o_reg[5]/CLK
                                                        0.35              rp-+    default
  u_core/core_i/sleep_unit_i/core_busy_q_reg/CLK        0.04      0.31    rp-+    default

  u_core/core_i/id_stage_i/alu_operand_a_ex_o_reg[9]/CLK
                                                        0.35              rp-+    default
  u_core/core_i/sleep_unit_i/core_busy_q_reg/CLK        0.04      0.31    rp-+    default

  u_core/core_i/id_stage_i/alu_operand_a_ex_o_reg[1]/CLK
                                                        0.35              rp-+    default
  u_core/core_i/sleep_unit_i/core_busy_q_reg/CLK        0.04      0.31    rp-+    default

  u_core/core_i/id_stage_i/alu_operand_a_ex_o_reg[3]/CLK
                                                        0.35              rp-+    default
  u_core/core_i/sleep_unit_i/core_busy_q_reg/CLK        0.04      0.31    rp-+    default

  u_core/core_i/id_stage_i/alu_operand_a_ex_o_reg[28]/CLK
                                                        0.35              rp-+    default
  u_core/core_i/sleep_unit_i/core_busy_q_reg/CLK        0.04      0.31    rp-+    default

  u_core/core_i/id_stage_i/alu_operand_a_ex_o_reg[2]/CLK
                                                        0.35              rp-+    default
  u_core/core_i/sleep_unit_i/core_busy_q_reg/CLK        0.04      0.31    rp-+    default

  u_core/core_i/id_stage_i/alu_operand_a_ex_o_reg[0]/CLK
                                                        0.35              rp-+    default
  u_core/core_i/sleep_unit_i/core_busy_q_reg/CLK        0.04      0.31    rp-+    default

  u_core/core_i/id_stage_i/alu_operand_a_ex_o_reg[13]/CLK
                                                        0.35              rp-+    default
  u_core/core_i/sleep_unit_i/core_busy_q_reg/CLK        0.04      0.31    rp-+    default

  u_core/core_i/id_stage_i/alu_operand_a_ex_o_reg[26]/CLK
                                                        0.35              rp-+    default
  u_core/core_i/sleep_unit_i/core_busy_q_reg/CLK        0.04      0.31    rp-+    default

  u_core/core_i/id_stage_i/alu_operand_a_ex_o_reg[15]/CLK
                                                        0.35              rp-+    default
  u_core/core_i/sleep_unit_i/core_busy_q_reg/CLK        0.04      0.31    rp-+    default

  u_core/core_i/id_stage_i/alu_operand_a_ex_o_reg[19]/CLK
                                                        0.35              rp-+    default
  u_core/core_i/sleep_unit_i/core_busy_q_reg/CLK        0.04      0.31    rp-+    default

  u_core/core_i/id_stage_i/alu_operand_a_ex_o_reg[8]/CLK
                                                        0.35              rp-+    default
  u_core/core_i/sleep_unit_i/core_busy_q_reg/CLK        0.04      0.31    rp-+    default

  u_core/core_i/id_stage_i/alu_operand_a_ex_o_reg[12]/CLK
                                                        0.35              rp-+    default
  u_core/core_i/sleep_unit_i/core_busy_q_reg/CLK        0.04      0.31    rp-+    default

  u_core/core_i/id_stage_i/alu_operand_a_ex_o_reg[14]/CLK
                                                        0.35              rp-+    default
  u_core/core_i/sleep_unit_i/core_busy_q_reg/CLK        0.04      0.31    rp-+    default

  u_core/core_i/id_stage_i/alu_operand_a_ex_o_reg[23]/CLK
                                                        0.35              rp-+    default
  u_core/core_i/sleep_unit_i/core_busy_q_reg/CLK        0.04      0.31    rp-+    default

  u_core/core_i/id_stage_i/alu_operand_a_ex_o_reg[10]/CLK
                                                        0.35              rp-+    default
  u_core/core_i/sleep_unit_i/core_busy_q_reg/CLK        0.04      0.31    rp-+    default

  u_core/core_i/id_stage_i/alu_operand_a_ex_o_reg[25]/CLK
                                                        0.35              rp-+    default
  u_core/core_i/sleep_unit_i/core_busy_q_reg/CLK        0.04      0.31    rp-+    default

  u_core/core_i/id_stage_i/alu_operand_a_ex_o_reg[22]/CLK
                                                        0.35              rp-+    default
  u_core/core_i/sleep_unit_i/core_busy_q_reg/CLK        0.04      0.31    rp-+    default

  u_core/core_i/id_stage_i/alu_operand_a_ex_o_reg[4]/CLK
                                                        0.35              rp-+    default
  u_core/core_i/sleep_unit_i/core_busy_q_reg/CLK        0.04      0.31    rp-+    default

  u_core/core_i/id_stage_i/alu_operand_a_ex_o_reg[29]/CLK
                                                        0.35              rp-+    default
  u_core/core_i/sleep_unit_i/core_busy_q_reg/CLK        0.04      0.31    rp-+    default

---------------------------------------------------------------------------------------------------
1
