****************************************
Report : timing
        -path_type full
        -delay_type min
        -max_paths 20
        -report_by design
Design : cv32e40p_synth_wrap
Version: W-2024.09-SP2
Date   : Sat May  9 15:22:50 2026
****************************************

  Startpoint: u_core/core_i/id_stage_i/controller_i/debug_force_wakeup_q_reg (rising edge-triggered flip-flop clocked by clk_i)
  Endpoint: u_core/core_i/cs_registers_i/dcsr_q_reg[cause][8] (rising edge-triggered flip-flop clocked by clk_i)
  Mode: default
  Corner: default
  Scenario: default
  Path Group: clk_i
  Path Type: min

  Point                                            Incr      Path  
  ------------------------------------------------------------------------
  clock clk_i (rise edge)                          0.00      0.00
  clock network delay (propagated)                 0.20      0.20

  u_core/core_i/id_stage_i/controller_i/debug_force_wakeup_q_reg/CLK (SDFFARX1_RVT)
                                                   0.00      0.20 r
  u_core/core_i/id_stage_i/controller_i/debug_force_wakeup_q_reg/QN (SDFFARX1_RVT)
                                                   0.08      0.28 f
  u_core/core_i/id_stage_i/U3117/Y (AND3X1_HVT)    0.07      0.34 f
  u_core/core_i/cs_registers_i/dcsr_q_reg[cause][8]/D (SDFFARX1_RVT)
                                                   0.00      0.34 f
  data arrival time                                          0.34

  clock clk_i (rise edge)                          0.00      0.00
  clock network delay (propagated)                 0.28      0.28
  u_core/core_i/cs_registers_i/dcsr_q_reg[cause][8]/CLK (SDFFARX1_RVT)
                                                   0.00      0.28 r
  clock uncertainty                                0.10      0.38
  library hold time                               -0.04      0.35
  data required time                                         0.35
  ------------------------------------------------------------------------
  data required time                                         0.35
  data arrival time                                         -0.34
  ------------------------------------------------------------------------
  slack (VIOLATED)                                          -0.00



  Startpoint: u_core/core_i/ex_stage_i/alu_i/alu_div_i/Cnt_DP_reg[0] (rising edge-triggered flip-flop clocked by clk_i)
  Endpoint: u_core/core_i/ex_stage_i/alu_i/alu_div_i/Cnt_DP_reg[1] (rising edge-triggered flip-flop clocked by clk_i)
  Mode: default
  Corner: default
  Scenario: default
  Path Group: clk_i
  Path Type: min

  Point                                            Incr      Path  
  ------------------------------------------------------------------------
  clock clk_i (rise edge)                          0.00      0.00
  clock network delay (propagated)                 0.18      0.18

  u_core/core_i/ex_stage_i/alu_i/alu_div_i/Cnt_DP_reg[0]/CLK (SDFFARX1_RVT)
                                                   0.00      0.18 r
  u_core/core_i/ex_stage_i/alu_i/alu_div_i/Cnt_DP_reg[0]/QN (SDFFARX1_RVT)
                                                   0.08      0.25 f
  u_core/core_i/U5128/Y (MUX41X1_HVT)              0.11      0.37 f
  u_core/core_i/ex_stage_i/alu_i/alu_div_i/Cnt_DP_reg[1]/D (SDFFARX1_RVT)
                                                   0.00      0.37 f
  data arrival time                                          0.37

  clock clk_i (rise edge)                          0.00      0.00
  clock network delay (propagated)                 0.29      0.29
  u_core/core_i/ex_stage_i/alu_i/alu_div_i/Cnt_DP_reg[1]/CLK (SDFFARX1_RVT)
                                                   0.00      0.29 r
  clock uncertainty                                0.10      0.39
  library hold time                               -0.04      0.35
  data required time                                         0.35
  ------------------------------------------------------------------------
  data required time                                         0.35
  data arrival time                                         -0.37
  ------------------------------------------------------------------------
  slack (MET)                                                0.01



  Startpoint: u_core/core_i/id_stage_i/controller_i/illegal_insn_q_reg (rising edge-triggered flip-flop clocked by clk_i)
  Endpoint: u_core/core_i/cs_registers_i/mcause_q_reg[0] (rising edge-triggered flip-flop clocked by clk_i)
  Mode: default
  Corner: default
  Scenario: default
  Path Group: clk_i
  Path Type: min

  Point                                            Incr      Path  
  ------------------------------------------------------------------------
  clock clk_i (rise edge)                          0.00      0.00
  clock network delay (propagated)                 0.20      0.20

  u_core/core_i/id_stage_i/controller_i/illegal_insn_q_reg/CLK (SDFFARX1_RVT)
                                                   0.00      0.20 r
  u_core/core_i/id_stage_i/controller_i/illegal_insn_q_reg/QN (SDFFARX1_RVT)
                                                   0.09      0.29 f
  u_core/core_i/id_stage_i/U2603/Y (AO21X1_HVT)    0.08      0.37 f
  u_core/core_i/cs_registers_i/U1237/Y (AO22X1_HVT)
                                                   0.06      0.43 f
  u_core/core_i/cs_registers_i/mcause_q_reg[0]/D (SDFFARX1_RVT)
                                                   0.00      0.43 f
  data arrival time                                          0.43

  clock clk_i (rise edge)                          0.00      0.00
  clock network delay (propagated)                 0.34      0.34
  u_core/core_i/cs_registers_i/mcause_q_reg[0]/CLK (SDFFARX1_RVT)
                                                   0.00      0.34 r
  clock uncertainty                                0.10      0.44
  library hold time                               -0.03      0.41
  data required time                                         0.41
  ------------------------------------------------------------------------
  data required time                                         0.41
  data arrival time                                         -0.43
  ------------------------------------------------------------------------
  slack (MET)                                                0.02



  Startpoint: u_core/core_i/id_stage_i/controller_i/debug_force_wakeup_q_reg (rising edge-triggered flip-flop clocked by clk_i)
  Endpoint: u_core/core_i/cs_registers_i/dcsr_q_reg[cause][7] (rising edge-triggered flip-flop clocked by clk_i)
  Mode: default
  Corner: default
  Scenario: default
  Path Group: clk_i
  Path Type: min

  Point                                            Incr      Path  
  ------------------------------------------------------------------------
  clock clk_i (rise edge)                          0.00      0.00
  clock network delay (propagated)                 0.20      0.20

  u_core/core_i/id_stage_i/controller_i/debug_force_wakeup_q_reg/CLK (SDFFARX1_RVT)
                                                   0.00      0.20 r
  u_core/core_i/id_stage_i/controller_i/debug_force_wakeup_q_reg/Q (SDFFARX1_RVT)
                                                   0.11      0.31 f
  u_core/core_i/id_stage_i/U3116/Y (AO22X1_HVT)    0.07      0.38 f
  u_core/core_i/cs_registers_i/dcsr_q_reg[cause][7]/D (SDFFARX1_RVT)
                                                   0.00      0.38 f
  data arrival time                                          0.38

  clock clk_i (rise edge)                          0.00      0.00
  clock network delay (propagated)                 0.28      0.28
  u_core/core_i/cs_registers_i/dcsr_q_reg[cause][7]/CLK (SDFFARX1_RVT)
                                                   0.00      0.28 r
  clock uncertainty                                0.10      0.38
  library hold time                               -0.04      0.35
  data required time                                         0.35
  ------------------------------------------------------------------------
  data required time                                         0.35
  data arrival time                                         -0.38
  ------------------------------------------------------------------------
  slack (MET)                                                0.03



  Startpoint: u_core/core_i/cs_registers_i/mhpmcounter_q_reg[2][0] (rising edge-triggered flip-flop clocked by clk_i)
  Endpoint: u_core/core_i/cs_registers_i/mhpmcounter_q_reg[2][0] (rising edge-triggered flip-flop clocked by clk_i)
  Mode: default
  Corner: default
  Scenario: default
  Path Group: clk_i
  Path Type: min

  Point                                            Incr      Path  
  ------------------------------------------------------------------------
  clock clk_i (rise edge)                          0.00      0.00
  clock network delay (propagated)                 0.29      0.29

  u_core/core_i/cs_registers_i/mhpmcounter_q_reg[2][0]/CLK (SDFFARX1_RVT)
                                                   0.00      0.29 r
  u_core/core_i/cs_registers_i/mhpmcounter_q_reg[2][0]/QN (SDFFARX1_RVT)
                                                   0.08      0.37 f
  u_core/core_i/cs_registers_i/U1860/Y (AO22X1_HVT)
                                                   0.05      0.42 f
  u_core/core_i/cs_registers_i/mhpmcounter_q_reg[2][0]/D (SDFFARX1_RVT)
                                                   0.00      0.42 f
  data arrival time                                          0.42

  clock clk_i (rise edge)                          0.00      0.00
  clock network delay (propagated)                 0.31      0.31
  u_core/core_i/cs_registers_i/mhpmcounter_q_reg[2][0]/CLK (SDFFARX1_RVT)
                                                   0.00      0.31 r
  clock uncertainty                                0.10      0.41
  library hold time                               -0.03      0.37
  data required time                                         0.37
  ------------------------------------------------------------------------
  data required time                                         0.37
  data arrival time                                         -0.42
  ------------------------------------------------------------------------
  slack (MET)                                                0.05



  Startpoint: u_core/core_i/cs_registers_i/mhpmcounter_q_reg[0][0] (rising edge-triggered flip-flop clocked by clk_i)
  Endpoint: u_core/core_i/cs_registers_i/mhpmcounter_q_reg[0][0] (rising edge-triggered flip-flop clocked by clk_i)
  Mode: default
  Corner: default
  Scenario: default
  Path Group: clk_i
  Path Type: min

  Point                                            Incr      Path  
  ------------------------------------------------------------------------
  clock clk_i (rise edge)                          0.00      0.00
  clock network delay (propagated)                 0.29      0.29

  u_core/core_i/cs_registers_i/mhpmcounter_q_reg[0][0]/CLK (SDFFARX1_RVT)
                                                   0.00      0.29 r
  u_core/core_i/cs_registers_i/mhpmcounter_q_reg[0][0]/QN (SDFFARX1_RVT)
                                                   0.08      0.37 f
  u_core/core_i/cs_registers_i/U2121/Y (AO22X1_HVT)
                                                   0.05      0.42 f
  u_core/core_i/cs_registers_i/mhpmcounter_q_reg[0][0]/D (SDFFARX1_RVT)
                                                   0.00      0.42 f
  data arrival time                                          0.42

  clock clk_i (rise edge)                          0.00      0.00
  clock network delay (propagated)                 0.31      0.31
  u_core/core_i/cs_registers_i/mhpmcounter_q_reg[0][0]/CLK (SDFFARX1_RVT)
                                                   0.00      0.31 r
  clock uncertainty                                0.10      0.41
  library hold time                               -0.03      0.37
  data required time                                         0.37
  ------------------------------------------------------------------------
  data required time                                         0.37
  data arrival time                                         -0.42
  ------------------------------------------------------------------------
  slack (MET)                                                0.05



  Startpoint: u_core/core_i/cs_registers_i/mhpmcounter_q_reg[3][0] (rising edge-triggered flip-flop clocked by clk_i)
  Endpoint: u_core/core_i/cs_registers_i/mhpmcounter_q_reg[3][0] (rising edge-triggered flip-flop clocked by clk_i)
  Mode: default
  Corner: default
  Scenario: default
  Path Group: clk_i
  Path Type: min

  Point                                            Incr      Path  
  ------------------------------------------------------------------------
  clock clk_i (rise edge)                          0.00      0.00
  clock network delay (propagated)                 0.29      0.29

  u_core/core_i/cs_registers_i/mhpmcounter_q_reg[3][0]/CLK (SDFFARX1_RVT)
                                                   0.00      0.29 r
  u_core/core_i/cs_registers_i/mhpmcounter_q_reg[3][0]/QN (SDFFARX1_RVT)
                                                   0.08      0.37 f
  u_core/core_i/cs_registers_i/U1597/Y (AO22X1_HVT)
                                                   0.05      0.42 f
  u_core/core_i/cs_registers_i/mhpmcounter_q_reg[3][0]/D (SDFFARX1_RVT)
                                                   0.00      0.42 f
  data arrival time                                          0.42

  clock clk_i (rise edge)                          0.00      0.00
  clock network delay (propagated)                 0.31      0.31
  u_core/core_i/cs_registers_i/mhpmcounter_q_reg[3][0]/CLK (SDFFARX1_RVT)
                                                   0.00      0.31 r
  clock uncertainty                                0.10      0.41
  library hold time                               -0.03      0.37
  data required time                                         0.37
  ------------------------------------------------------------------------
  data required time                                         0.37
  data arrival time                                         -0.42
  ------------------------------------------------------------------------
  slack (MET)                                                0.05



  Startpoint: u_core/core_i/id_stage_i/regfile_waddr_ex_o_reg[2] (rising edge-triggered flip-flop clocked by clk_i)
  Endpoint: u_core/core_i/ex_stage_i/regfile_waddr_lsu_reg[2] (rising edge-triggered flip-flop clocked by clk_i)
  Mode: default
  Corner: default
  Scenario: default
  Path Group: clk_i
  Path Type: min

  Point                                            Incr      Path  
  ------------------------------------------------------------------------
  clock clk_i (rise edge)                          0.00      0.00
  clock network delay (propagated)                 0.27      0.27

  u_core/core_i/id_stage_i/regfile_waddr_ex_o_reg[2]/CLK (SDFFARX1_RVT)
                                                   0.00      0.27 r
  u_core/core_i/id_stage_i/regfile_waddr_ex_o_reg[2]/QN (SDFFARX1_RVT)
                                                   0.09      0.37 f
  u_core/core_i/U5097/Y (INVX1_HVT)                0.04      0.41 r
  u_core/core_i/ex_stage_i/regfile_waddr_lsu_reg[2]/D (SDFFARX1_RVT)
                                                   0.00      0.41 r
  data arrival time                                          0.41

  clock clk_i (rise edge)                          0.00      0.00
  clock network delay (propagated)                 0.29      0.29
  u_core/core_i/ex_stage_i/regfile_waddr_lsu_reg[2]/CLK (SDFFARX1_RVT)
                                                   0.00      0.29 r
  clock uncertainty                                0.10      0.39
  library hold time                               -0.04      0.35
  data required time                                         0.35
  ------------------------------------------------------------------------
  data required time                                         0.35
  data arrival time                                         -0.41
  ------------------------------------------------------------------------
  slack (MET)                                                0.06



  Startpoint: u_core/core_i/id_stage_i/regfile_waddr_ex_o_reg[0] (rising edge-triggered flip-flop clocked by clk_i)
  Endpoint: u_core/core_i/ex_stage_i/regfile_waddr_lsu_reg[0] (rising edge-triggered flip-flop clocked by clk_i)
  Mode: default
  Corner: default
  Scenario: default
  Path Group: clk_i
  Path Type: min

  Point                                            Incr      Path  
  ------------------------------------------------------------------------
  clock clk_i (rise edge)                          0.00      0.00
  clock network delay (propagated)                 0.27      0.27

  u_core/core_i/id_stage_i/regfile_waddr_ex_o_reg[0]/CLK (SDFFARX1_RVT)
                                                   0.00      0.27 r
  u_core/core_i/id_stage_i/regfile_waddr_ex_o_reg[0]/QN (SDFFARX1_RVT)
                                                   0.09      0.37 f
  u_core/core_i/U5095/Y (INVX1_HVT)                0.04      0.41 r
  u_core/core_i/ex_stage_i/regfile_waddr_lsu_reg[0]/D (SDFFARX1_RVT)
                                                   0.00      0.41 r
  data arrival time                                          0.41

  clock clk_i (rise edge)                          0.00      0.00
  clock network delay (propagated)                 0.29      0.29
  u_core/core_i/ex_stage_i/regfile_waddr_lsu_reg[0]/CLK (SDFFARX1_RVT)
                                                   0.00      0.29 r
  clock uncertainty                                0.10      0.39
  library hold time                               -0.04      0.35
  data required time                                         0.35
  ------------------------------------------------------------------------
  data required time                                         0.35
  data arrival time                                         -0.41
  ------------------------------------------------------------------------
  slack (MET)                                                0.06



  Startpoint: u_core/core_i/if_stage_i/prefetch_buffer_i/instruction_obi_i/state_q_reg (rising edge-triggered flip-flop clocked by clk_i)
  Endpoint: u_core/core_i/if_stage_i/prefetch_buffer_i/instruction_obi_i/gen_no_trans_stable.obi_addr_q_reg[21] (rising edge-triggered flip-flop clocked by clk_i)
  Mode: default
  Corner: default
  Scenario: default
  Path Group: clk_i
  Path Type: min

  Point                                            Incr      Path  
  ------------------------------------------------------------------------
  clock clk_i (rise edge)                          0.00      0.00
  clock network delay (propagated)                 0.20      0.20

  u_core/core_i/if_stage_i/prefetch_buffer_i/instruction_obi_i/state_q_reg/CLK (SDFFARX1_RVT)
                                                   0.00      0.20 r
  u_core/core_i/if_stage_i/prefetch_buffer_i/instruction_obi_i/state_q_reg/Q (SDFFARX1_RVT)
                                                   0.11      0.31 f
  u_core/core_i/U288/Y (NBUFFX4_HVT)               0.06      0.37 f
  u_core/core_i/U5435/Y (AO22X1_HVT)               0.08      0.45 f
  u_core/core_i/if_stage_i/prefetch_buffer_i/instruction_obi_i/gen_no_trans_stable.obi_addr_q_reg[21]/D (SDFFARX1_RVT)
                                                   0.00      0.45 f
  data arrival time                                          0.45

  clock clk_i (rise edge)                          0.00      0.00
  clock network delay (propagated)                 0.32      0.32
  u_core/core_i/if_stage_i/prefetch_buffer_i/instruction_obi_i/gen_no_trans_stable.obi_addr_q_reg[21]/CLK (SDFFARX1_RVT)
                                                   0.00      0.32 r
  clock uncertainty                                0.10      0.42
  library hold time                               -0.04      0.38
  data required time                                         0.38
  ------------------------------------------------------------------------
  data required time                                         0.38
  data arrival time                                         -0.45
  ------------------------------------------------------------------------
  slack (MET)                                                0.06



  Startpoint: u_core/core_i/if_stage_i/prefetch_buffer_i/instruction_obi_i/state_q_reg (rising edge-triggered flip-flop clocked by clk_i)
  Endpoint: u_core/core_i/if_stage_i/prefetch_buffer_i/instruction_obi_i/gen_no_trans_stable.obi_addr_q_reg[16] (rising edge-triggered flip-flop clocked by clk_i)
  Mode: default
  Corner: default
  Scenario: default
  Path Group: clk_i
  Path Type: min

  Point                                            Incr      Path  
  ------------------------------------------------------------------------
  clock clk_i (rise edge)                          0.00      0.00
  clock network delay (propagated)                 0.20      0.20

  u_core/core_i/if_stage_i/prefetch_buffer_i/instruction_obi_i/state_q_reg/CLK (SDFFARX1_RVT)
                                                   0.00      0.20 r
  u_core/core_i/if_stage_i/prefetch_buffer_i/instruction_obi_i/state_q_reg/Q (SDFFARX1_RVT)
                                                   0.11      0.31 f
  u_core/core_i/U286/Y (NBUFFX4_HVT)               0.05      0.36 f
  u_core/core_i/U5411/Y (AO22X1_HVT)               0.08      0.45 f
  u_core/core_i/if_stage_i/prefetch_buffer_i/instruction_obi_i/gen_no_trans_stable.obi_addr_q_reg[16]/D (SDFFARX1_RVT)
                                                   0.00      0.45 f
  data arrival time                                          0.45

  clock clk_i (rise edge)                          0.00      0.00
  clock network delay (propagated)                 0.32      0.32
  u_core/core_i/if_stage_i/prefetch_buffer_i/instruction_obi_i/gen_no_trans_stable.obi_addr_q_reg[16]/CLK (SDFFARX1_RVT)
                                                   0.00      0.32 r
  clock uncertainty                                0.10      0.42
  library hold time                               -0.04      0.38
  data required time                                         0.38
  ------------------------------------------------------------------------
  data required time                                         0.38
  data arrival time                                         -0.45
  ------------------------------------------------------------------------
  slack (MET)                                                0.07



  Startpoint: u_core/core_i/if_stage_i/prefetch_buffer_i/instruction_obi_i/state_q_reg (rising edge-triggered flip-flop clocked by clk_i)
  Endpoint: u_core/core_i/if_stage_i/prefetch_buffer_i/instruction_obi_i/gen_no_trans_stable.obi_addr_q_reg[14] (rising edge-triggered flip-flop clocked by clk_i)
  Mode: default
  Corner: default
  Scenario: default
  Path Group: clk_i
  Path Type: min

  Point                                            Incr      Path  
  ------------------------------------------------------------------------
  clock clk_i (rise edge)                          0.00      0.00
  clock network delay (propagated)                 0.20      0.20

  u_core/core_i/if_stage_i/prefetch_buffer_i/instruction_obi_i/state_q_reg/CLK (SDFFARX1_RVT)
                                                   0.00      0.20 r
  u_core/core_i/if_stage_i/prefetch_buffer_i/instruction_obi_i/state_q_reg/Q (SDFFARX1_RVT)
                                                   0.11      0.31 f
  u_core/core_i/U286/Y (NBUFFX4_HVT)               0.05      0.36 f
  u_core/core_i/U5402/Y (AO22X1_HVT)               0.08      0.45 f
  u_core/core_i/if_stage_i/prefetch_buffer_i/instruction_obi_i/gen_no_trans_stable.obi_addr_q_reg[14]/D (SDFFARX1_RVT)
                                                   0.00      0.45 f
  data arrival time                                          0.45

  clock clk_i (rise edge)                          0.00      0.00
  clock network delay (propagated)                 0.32      0.32
  u_core/core_i/if_stage_i/prefetch_buffer_i/instruction_obi_i/gen_no_trans_stable.obi_addr_q_reg[14]/CLK (SDFFARX1_RVT)
                                                   0.00      0.32 r
  clock uncertainty                                0.10      0.42
  library hold time                               -0.04      0.38
  data required time                                         0.38
  ------------------------------------------------------------------------
  data required time                                         0.38
  data arrival time                                         -0.45
  ------------------------------------------------------------------------
  slack (MET)                                                0.07



  Startpoint: u_core/core_i/if_stage_i/prefetch_buffer_i/instruction_obi_i/state_q_reg (rising edge-triggered flip-flop clocked by clk_i)
  Endpoint: u_core/core_i/if_stage_i/prefetch_buffer_i/instruction_obi_i/gen_no_trans_stable.obi_addr_q_reg[24] (rising edge-triggered flip-flop clocked by clk_i)
  Mode: default
  Corner: default
  Scenario: default
  Path Group: clk_i
  Path Type: min

  Point                                            Incr      Path  
  ------------------------------------------------------------------------
  clock clk_i (rise edge)                          0.00      0.00
  clock network delay (propagated)                 0.20      0.20

  u_core/core_i/if_stage_i/prefetch_buffer_i/instruction_obi_i/state_q_reg/CLK (SDFFARX1_RVT)
                                                   0.00      0.20 r
  u_core/core_i/if_stage_i/prefetch_buffer_i/instruction_obi_i/state_q_reg/Q (SDFFARX1_RVT)
                                                   0.11      0.31 f
  u_core/core_i/U288/Y (NBUFFX4_HVT)               0.06      0.37 f
  u_core/core_i/U5448/Y (AO22X1_HVT)               0.08      0.45 f
  u_core/core_i/if_stage_i/prefetch_buffer_i/instruction_obi_i/gen_no_trans_stable.obi_addr_q_reg[24]/D (SDFFARX1_RVT)
                                                   0.00      0.45 f
  data arrival time                                          0.45

  clock clk_i (rise edge)                          0.00      0.00
  clock network delay (propagated)                 0.32      0.32
  u_core/core_i/if_stage_i/prefetch_buffer_i/instruction_obi_i/gen_no_trans_stable.obi_addr_q_reg[24]/CLK (SDFFARX1_RVT)
                                                   0.00      0.32 r
  clock uncertainty                                0.10      0.42
  library hold time                               -0.04      0.38
  data required time                                         0.38
  ------------------------------------------------------------------------
  data required time                                         0.38
  data arrival time                                         -0.45
  ------------------------------------------------------------------------
  slack (MET)                                                0.07



  Startpoint: u_core/core_i/id_stage_i/controller_i/illegal_insn_q_reg (rising edge-triggered flip-flop clocked by clk_i)
  Endpoint: u_core/core_i/cs_registers_i/mcause_q_reg[3] (rising edge-triggered flip-flop clocked by clk_i)
  Mode: default
  Corner: default
  Scenario: default
  Path Group: clk_i
  Path Type: min

  Point                                            Incr      Path  
  ------------------------------------------------------------------------
  clock clk_i (rise edge)                          0.00      0.00
  clock network delay (propagated)                 0.20      0.20

  u_core/core_i/id_stage_i/controller_i/illegal_insn_q_reg/CLK (SDFFARX1_RVT)
                                                   0.00      0.20 r
  u_core/core_i/id_stage_i/controller_i/illegal_insn_q_reg/QN (SDFFARX1_RVT)
                                                   0.09      0.29 f
  u_core/core_i/id_stage_i/U3080/Y (NAND4X0_HVT)   0.04      0.34 r
  u_core/core_i/id_stage_i/U3081/Y (NAND2X0_HVT)   0.06      0.40 f
  u_core/core_i/cs_registers_i/U1231/Y (AO22X1_HVT)
                                                   0.08      0.48 f
  u_core/core_i/cs_registers_i/mcause_q_reg[3]/D (SDFFARX1_RVT)
                                                   0.00      0.48 f
  data arrival time                                          0.48

  clock clk_i (rise edge)                          0.00      0.00
  clock network delay (propagated)                 0.34      0.34
  u_core/core_i/cs_registers_i/mcause_q_reg[3]/CLK (SDFFARX1_RVT)
                                                   0.00      0.34 r
  clock uncertainty                                0.10      0.44
  library hold time                               -0.03      0.41
  data required time                                         0.41
  ------------------------------------------------------------------------
  data required time                                         0.41
  data arrival time                                         -0.48
  ------------------------------------------------------------------------
  slack (MET)                                                0.07



  Startpoint: u_core/core_i/id_stage_i/regfile_waddr_ex_o_reg[1] (rising edge-triggered flip-flop clocked by clk_i)
  Endpoint: u_core/core_i/ex_stage_i/regfile_waddr_lsu_reg[1] (rising edge-triggered flip-flop clocked by clk_i)
  Mode: default
  Corner: default
  Scenario: default
  Path Group: clk_i
  Path Type: min

  Point                                            Incr      Path  
  ------------------------------------------------------------------------
  clock clk_i (rise edge)                          0.00      0.00
  clock network delay (propagated)                 0.27      0.27

  u_core/core_i/id_stage_i/regfile_waddr_ex_o_reg[1]/CLK (SDFFARX1_RVT)
                                                   0.00      0.27 r
  u_core/core_i/id_stage_i/regfile_waddr_ex_o_reg[1]/QN (SDFFARX1_RVT)
                                                   0.10      0.37 f
  u_core/core_i/U5096/Y (INVX1_HVT)                0.05      0.41 r
  u_core/core_i/ex_stage_i/regfile_waddr_lsu_reg[1]/D (SDFFARX1_RVT)
                                                   0.00      0.41 r
  data arrival time                                          0.41

  clock clk_i (rise edge)                          0.00      0.00
  clock network delay (propagated)                 0.29      0.29
  u_core/core_i/ex_stage_i/regfile_waddr_lsu_reg[1]/CLK (SDFFARX1_RVT)
                                                   0.00      0.29 r
  clock uncertainty                                0.10      0.39
  library hold time                               -0.05      0.35
  data required time                                         0.35
  ------------------------------------------------------------------------
  data required time                                         0.35
  data arrival time                                         -0.41
  ------------------------------------------------------------------------
  slack (MET)                                                0.07



  Startpoint: u_core/core_i/if_stage_i/prefetch_buffer_i/instruction_obi_i/state_q_reg (rising edge-triggered flip-flop clocked by clk_i)
  Endpoint: u_core/core_i/if_stage_i/prefetch_buffer_i/instruction_obi_i/gen_no_trans_stable.obi_addr_q_reg[20] (rising edge-triggered flip-flop clocked by clk_i)
  Mode: default
  Corner: default
  Scenario: default
  Path Group: clk_i
  Path Type: min

  Point                                            Incr      Path  
  ------------------------------------------------------------------------
  clock clk_i (rise edge)                          0.00      0.00
  clock network delay (propagated)                 0.20      0.20

  u_core/core_i/if_stage_i/prefetch_buffer_i/instruction_obi_i/state_q_reg/CLK (SDFFARX1_RVT)
                                                   0.00      0.20 r
  u_core/core_i/if_stage_i/prefetch_buffer_i/instruction_obi_i/state_q_reg/Q (SDFFARX1_RVT)
                                                   0.11      0.31 f
  u_core/core_i/U288/Y (NBUFFX4_HVT)               0.06      0.37 f
  u_core/core_i/U5430/Y (AO22X1_HVT)               0.08      0.45 f
  u_core/core_i/if_stage_i/prefetch_buffer_i/instruction_obi_i/gen_no_trans_stable.obi_addr_q_reg[20]/D (SDFFARX1_RVT)
                                                   0.00      0.45 f
  data arrival time                                          0.45

  clock clk_i (rise edge)                          0.00      0.00
  clock network delay (propagated)                 0.32      0.32
  u_core/core_i/if_stage_i/prefetch_buffer_i/instruction_obi_i/gen_no_trans_stable.obi_addr_q_reg[20]/CLK (SDFFARX1_RVT)
                                                   0.00      0.32 r
  clock uncertainty                                0.10      0.42
  library hold time                               -0.04      0.38
  data required time                                         0.38
  ------------------------------------------------------------------------
  data required time                                         0.38
  data arrival time                                         -0.45
  ------------------------------------------------------------------------
  slack (MET)                                                0.07



  Startpoint: u_core/core_i/if_stage_i/prefetch_buffer_i/instruction_obi_i/state_q_reg (rising edge-triggered flip-flop clocked by clk_i)
  Endpoint: u_core/core_i/if_stage_i/prefetch_buffer_i/instruction_obi_i/gen_no_trans_stable.obi_addr_q_reg[15] (rising edge-triggered flip-flop clocked by clk_i)
  Mode: default
  Corner: default
  Scenario: default
  Path Group: clk_i
  Path Type: min

  Point                                            Incr      Path  
  ------------------------------------------------------------------------
  clock clk_i (rise edge)                          0.00      0.00
  clock network delay (propagated)                 0.20      0.20

  u_core/core_i/if_stage_i/prefetch_buffer_i/instruction_obi_i/state_q_reg/CLK (SDFFARX1_RVT)
                                                   0.00      0.20 r
  u_core/core_i/if_stage_i/prefetch_buffer_i/instruction_obi_i/state_q_reg/Q (SDFFARX1_RVT)
                                                   0.11      0.31 f
  u_core/core_i/U286/Y (NBUFFX4_HVT)               0.05      0.36 f
  u_core/core_i/U5407/Y (AO22X1_HVT)               0.08      0.45 f
  u_core/core_i/if_stage_i/prefetch_buffer_i/instruction_obi_i/gen_no_trans_stable.obi_addr_q_reg[15]/D (SDFFARX1_RVT)
                                                   0.00      0.45 f
  data arrival time                                          0.45

  clock clk_i (rise edge)                          0.00      0.00
  clock network delay (propagated)                 0.32      0.32
  u_core/core_i/if_stage_i/prefetch_buffer_i/instruction_obi_i/gen_no_trans_stable.obi_addr_q_reg[15]/CLK (SDFFARX1_RVT)
                                                   0.00      0.32 r
  clock uncertainty                                0.10      0.42
  library hold time                               -0.04      0.38
  data required time                                         0.38
  ------------------------------------------------------------------------
  data required time                                         0.38
  data arrival time                                         -0.45
  ------------------------------------------------------------------------
  slack (MET)                                                0.07



  Startpoint: u_core/core_i/ex_stage_i/alu_i/alu_div_i/ResReg_DP_reg[11] (rising edge-triggered flip-flop clocked by clk_i)
  Endpoint: u_core/core_i/ex_stage_i/alu_i/alu_div_i/ResReg_DP_reg[10] (rising edge-triggered flip-flop clocked by clk_i)
  Mode: default
  Corner: default
  Scenario: default
  Path Group: clk_i
  Path Type: min

  Point                                            Incr      Path  
  ------------------------------------------------------------------------
  clock clk_i (rise edge)                          0.00      0.00
  clock network delay (propagated)                 0.31      0.31

  u_core/core_i/ex_stage_i/alu_i/alu_div_i/ResReg_DP_reg[11]/CLK (SDFFARX1_RVT)
                                                   0.00      0.31 r
  u_core/core_i/ex_stage_i/alu_i/alu_div_i/ResReg_DP_reg[11]/Q (SDFFARX1_RVT)
                                                   0.11      0.42 f
  u_core/core_i/U4365/Y (AND2X1_HVT)               0.05      0.46 f
  u_core/core_i/ex_stage_i/alu_i/alu_div_i/ResReg_DP_reg[10]/D (SDFFARX1_RVT)
                                                   0.00      0.46 f
  data arrival time                                          0.46

  clock clk_i (rise edge)                          0.00      0.00
  clock network delay (propagated)                 0.33      0.33
  u_core/core_i/ex_stage_i/alu_i/alu_div_i/ResReg_DP_reg[10]/CLK (SDFFARX1_RVT)
                                                   0.00      0.33 r
  clock uncertainty                                0.10      0.43
  library hold time                               -0.03      0.40
  data required time                                         0.40
  ------------------------------------------------------------------------
  data required time                                         0.40
  data arrival time                                         -0.46
  ------------------------------------------------------------------------
  slack (MET)                                                0.07



  Startpoint: u_core/core_i/if_stage_i/prefetch_buffer_i/instruction_obi_i/state_q_reg (rising edge-triggered flip-flop clocked by clk_i)
  Endpoint: u_core/core_i/if_stage_i/prefetch_buffer_i/instruction_obi_i/gen_no_trans_stable.obi_addr_q_reg[29] (rising edge-triggered flip-flop clocked by clk_i)
  Mode: default
  Corner: default
  Scenario: default
  Path Group: clk_i
  Path Type: min

  Point                                            Incr      Path  
  ------------------------------------------------------------------------
  clock clk_i (rise edge)                          0.00      0.00
  clock network delay (propagated)                 0.20      0.20

  u_core/core_i/if_stage_i/prefetch_buffer_i/instruction_obi_i/state_q_reg/CLK (SDFFARX1_RVT)
                                                   0.00      0.20 r
  u_core/core_i/if_stage_i/prefetch_buffer_i/instruction_obi_i/state_q_reg/Q (SDFFARX1_RVT)
                                                   0.11      0.31 f
  u_core/core_i/U288/Y (NBUFFX4_HVT)               0.06      0.37 f
  u_core/core_i/U5472/Y (AO22X1_HVT)               0.08      0.45 f
  u_core/core_i/if_stage_i/prefetch_buffer_i/instruction_obi_i/gen_no_trans_stable.obi_addr_q_reg[29]/D (SDFFARX1_RVT)
                                                   0.00      0.45 f
  data arrival time                                          0.45

  clock clk_i (rise edge)                          0.00      0.00
  clock network delay (propagated)                 0.32      0.32
  u_core/core_i/if_stage_i/prefetch_buffer_i/instruction_obi_i/gen_no_trans_stable.obi_addr_q_reg[29]/CLK (SDFFARX1_RVT)
                                                   0.00      0.32 r
  clock uncertainty                                0.10      0.42
  library hold time                               -0.04      0.38
  data required time                                         0.38
  ------------------------------------------------------------------------
  data required time                                         0.38
  data arrival time                                         -0.45
  ------------------------------------------------------------------------
  slack (MET)                                                0.07



  Startpoint: u_core/core_i/if_stage_i/prefetch_buffer_i/instruction_obi_i/state_q_reg (rising edge-triggered flip-flop clocked by clk_i)
  Endpoint: u_core/core_i/if_stage_i/prefetch_buffer_i/instruction_obi_i/gen_no_trans_stable.obi_addr_q_reg[30] (rising edge-triggered flip-flop clocked by clk_i)
  Mode: default
  Corner: default
  Scenario: default
  Path Group: clk_i
  Path Type: min

  Point                                            Incr      Path  
  ------------------------------------------------------------------------
  clock clk_i (rise edge)                          0.00      0.00
  clock network delay (propagated)                 0.20      0.20

  u_core/core_i/if_stage_i/prefetch_buffer_i/instruction_obi_i/state_q_reg/CLK (SDFFARX1_RVT)
                                                   0.00      0.20 r
  u_core/core_i/if_stage_i/prefetch_buffer_i/instruction_obi_i/state_q_reg/Q (SDFFARX1_RVT)
                                                   0.11      0.31 f
  u_core/core_i/U288/Y (NBUFFX4_HVT)               0.06      0.37 f
  u_core/core_i/U5477/Y (AO22X1_HVT)               0.08      0.45 f
  u_core/core_i/if_stage_i/prefetch_buffer_i/instruction_obi_i/gen_no_trans_stable.obi_addr_q_reg[30]/D (SDFFARX1_RVT)
                                                   0.00      0.45 f
  data arrival time                                          0.45

  clock clk_i (rise edge)                          0.00      0.00
  clock network delay (propagated)                 0.32      0.32
  u_core/core_i/if_stage_i/prefetch_buffer_i/instruction_obi_i/gen_no_trans_stable.obi_addr_q_reg[30]/CLK (SDFFARX1_RVT)
                                                   0.00      0.32 r
  clock uncertainty                                0.10      0.42
  library hold time                               -0.04      0.38
  data required time                                         0.38
  ------------------------------------------------------------------------
  data required time                                         0.38
  data arrival time                                         -0.45
  ------------------------------------------------------------------------
  slack (MET)                                                0.07


1
