****************************************
Report : qor
Design : cv32e40p_synth_wrap
Version: W-2024.09-SP2
Date   : Sat May  9 10:03:53 2026
****************************************
Information: The RC mode used is VR for design 'cv32e40p_synth_wrap'. (NEX-022)
Information: Update timing completed net estimation for all the timing graph nets (TIM-111)
Information: Net estimation statistics: timing graph nets = 15088, routed nets = 0, across physical hierarchy nets = 0, parasitics cached nets = 15087, delay annotated nets = 0, parasitics annotated nets = 0, multi-voltage nets = 0. (TIM-112)


Scenario           'default'
Timing Path Group  '**in2reg_default**'
----------------------------------------
Levels of Logic:                     19
Critical Path Length:              4.44
Critical Path Slack:               5.35
Critical Path Clk Period:         10.00
Total Negative Slack:              0.00
No. of Violating Paths:               0
Worst Hold Violation:              0.00
Total Hold Violation:              0.00
No. of Hold Violations:               0
----------------------------------------

Scenario           'default'
Timing Path Group  '**reg2out_default**'
----------------------------------------
Levels of Logic:                     44
Critical Path Length:              7.64
Critical Path Slack:               1.26
Critical Path Clk Period:         10.00
Total Negative Slack:              0.00
No. of Violating Paths:               0
Worst Hold Violation:              0.00
Total Hold Violation:              0.00
No. of Hold Violations:               0
----------------------------------------

Scenario           'default'
Timing Path Group  '**in2out_default**'
----------------------------------------
Levels of Logic:                     19
Critical Path Length:              4.44
Critical Path Slack:               4.46
Critical Path Clk Period:         10.00
Total Negative Slack:              0.00
No. of Violating Paths:               0
Worst Hold Violation:              0.00
Total Hold Violation:              0.00
No. of Hold Violations:               0
----------------------------------------

Scenario           'default'
Timing Path Group  'clk_i'
----------------------------------------
Levels of Logic:                     53
Critical Path Length:              8.95
Critical Path Slack:               0.87
Critical Path Clk Period:         10.00
Total Negative Slack:              0.00
No. of Violating Paths:               0
Worst Hold Violation:              0.00
Total Hold Violation:              0.00
No. of Hold Violations:               0
----------------------------------------


Cell Count
----------------------------------------
Hierarchical Cell Count:             76
Hierarchical Port Count:           3737
Leaf Cell Count:                  14083
Buf/Inv Cell Count:                1763
Buf Cell Count:                     554
Inv Cell Count:                    1209
Combinational Cell Count:         11879
   Single-bit Isolation Cell Count:                        0
   Multi-bit Isolation Cell Count:                         0
   Isolation Cell Banking Ratio:                           0.00%
   Single-bit Level Shifter Cell Count:                    0
   Multi-bit Level Shifter Cell Count:                     0
   Level Shifter Cell Banking Ratio:                       0.00%
   Single-bit ELS Cell Count:                              0
   Multi-bit ELS Cell Count:                               0
   ELS Cell Banking Ratio:                                 0.00%
Sequential Cell Count:             2204
   Integrated Clock-Gating Cell Count:                     74
   Sequential Macro Cell Count:                            0
   Single-bit Sequential Cell Count:                       2130
   Multi-bit Sequential Cell Count:                        0
   Sequential Cell Banking Ratio:                          0.00%
   BitsPerflop:                                            1.00
Macro Count:                          0
----------------------------------------


Area
----------------------------------------
Combinational Area:            29529.50
Noncombinational Area:         19920.32
Buf/Inv Area:                   2774.49
Total Buffer Area:              1218.87
Total Inverter Area:            1555.62
Macro/Black Box Area:              0.00
Net Area:                             0
Net XLength:                  300825.60
Net YLength:                  299510.91
----------------------------------------
Cell Area (netlist):                          49449.81
Cell Area (netlist and physical only):        49449.82
Net Length:                   600336.51


Design Rules
----------------------------------------
Total Number of Nets:             16714
Nets with Violations:              2667
Max Trans Violations:               485
Max Cap Violations:                2660
----------------------------------------

1
