NPLDRC: Using a 8x8 grid for PG structure analysis
NPLDRC: Filter  0.00% (0/4096) blocked grids
Warning: Routing direction of metal layer CO is neither "horizontal" nor "vertical".  PDC checks will not be performed on this layer. (PDC-003)
Scanning PG objects...
PG hash cached 2 nets; 15 viaBoxes; 0 viaMatrixRefs; 0 patterns; 0 extensions.
PG scanned 215 shapes (172 on M1); 1800 vias (1204 on M1); 0 via matrix (0 on CO); 0 shape pattern (0 on CO); 186 under straps (172 on M1); 0 staples; 0 tall vias; 172 base straps.
PG scan complete.  Hash key = d176257813c36a69
Information: Analyzing PG structure for 10 layers using 1 cores. (NPLDRC-001)
Layer M1: 172 straps, 344 other, 0 preroute
Layer M1: 4 secDefs  516 sectors (0 empty)
Layer M2: 1218 straps, 1204 other, 0 preroute
Layer M2: 8 secDefs  2422 sectors (0 empty)
Layer M3: 0 straps, 91 other, 0 preroute
Layer M3: 2 secDefs  91 sectors (0 empty)
Layer M4: 0 straps, 91 other, 0 preroute
Layer M4: 2 secDefs  91 sectors (0 empty)
Layer M5: 0 straps, 91 other, 0 preroute
Layer M5: 2 secDefs  91 sectors (0 empty)
Layer M6: 0 straps, 91 other, 0 preroute
Layer M6: 2 secDefs  91 sectors (0 empty)
Layer M7: 104 straps, 91 other, 0 preroute
Layer M7: 8 secDefs  195 sectors (0 empty)
Layer M8: 105 straps, 91 other, 0 preroute
Layer M8: 8 secDefs  196 sectors (0 empty)
Layer M9: 0 straps, 0 other, 0 preroute
Layer M9: 0 secDefs  0 sectors (0 empty)
Layer MRDL: 0 straps, 0 other, 0 preroute
Layer MRDL: 0 secDefs  0 sectors (0 empty)

Information: Saving PG structure for 'cv32e40p_icc2_lib:cv32e40p_synth_wrap.design'. (NPLDRC-002)

NPLDRC Sector Array Stats:
Num Sectors:  3693
Num SecDefs:    36

Connection checks for layer M2: blocked_pin pin_access_default track_none pin_extend0
Connection checks for layer M3: blocked_pin pin_access_default track_none pin_extend1
Connection checks for layer M4: blocked_pin pin_access_default track_none pin_extend1
Connection checks for layer M5: blocked_pin pin_access_default track_none pin_extend1

NPLDRC app_option (user set) values:
---------------------------------------

place.legalize.alternative_edrc_data_model				false

---------------------------------------

---------------------------------------
Information: NPLDRC is created for block cv32e40p_synth_wrap

Start report -- 8 cell(s):

Cell u_core/core_i/cs_registers_i/mepc_q_reg[28]
  Pin SE -- connect from M2 to M1 -- min_access = 1:
    Routable SE(M2) 1: {267.3040 49.0320}
    Blocked  SE(M2) 0:
  Pin D -- connect from M2 to M1 -- min_access = 1:
    Routable D(M2) 1: {267.7600 49.1635}
    Blocked  D(M2) 0:
  Pin SI -- connect from M2 to M1 -- min_access = 1:
    Routable SI(M2) 1: {268.0640 49.7545}
    Blocked  SI(M2) 0:
  Pin CLK -- connect from M2 to M1 -- min_access = 1:
    Routable CLK(M2) 1: {268.6720 49.9240}
    Blocked  CLK(M2) 0:
  Pin RSTB -- connect from M2 to M1 -- min_access = 1:
    Routable RSTB(M2) 1: {269.8880 48.5715}
    Blocked  RSTB(M2) 0:
  Pin Q -- connect from M2 to M1 -- min_access = 1:
    Routable Q(M2) 1: {272.0160 49.4880}
    Blocked  Q(M2) 0:
  Pin QN -- connect from M2 to M1 -- min_access = 1:
    Routable QN(M2) 1: {272.1680 49.6400}
    Blocked  QN(M2) 0:

Cell u_core/core_i/cs_registers_i/mepc_q_reg[31]
  Pin SE -- connect from M2 to M1 -- min_access = 1:
    Routable SE(M2) 1: {267.3040 62.4080}
    Blocked  SE(M2) 0:
  Pin D -- connect from M2 to M1 -- min_access = 1:
    Routable D(M2) 1: {267.7600 62.5395}
    Blocked  D(M2) 0:
  Pin SI -- connect from M2 to M1 -- min_access = 1:
    Routable SI(M2) 1: {268.0640 63.1305}
    Blocked  SI(M2) 0:
  Pin CLK -- connect from M2 to M1 -- min_access = 1:
    Routable CLK(M2) 1: {268.6720 63.3000}
    Blocked  CLK(M2) 0:
  Pin RSTB -- connect from M2 to M1 -- min_access = 1:
    Routable RSTB(M2) 1: {269.8880 61.9475}
    Blocked  RSTB(M2) 0:
  Pin Q -- connect from M2 to M1 -- min_access = 1:
    Routable Q(M2) 1: {272.0160 62.8640}
    Blocked  Q(M2) 0:
  Pin QN -- connect from M2 to M1 -- min_access = 1:
    Routable QN(M2) 1: {272.1680 63.0160}
    Blocked  QN(M2) 0:

Cell u_core/core_i/id_stage_i/register_file_i/mem_reg[2][15]
  Pin SE -- connect from M2 to M1 -- min_access = 1:
    Routable SE(M2) 1: {133.5440 171.5105}
    Blocked  SE(M2) 0:
  Pin D -- connect from M2 to M1 -- min_access = 1:
    Routable D(M2) 1: {134.0000 171.3920}
    Blocked  D(M2) 0:
  Pin SI -- connect from M2 to M1 -- min_access = 1:
    Routable SI(M2) 1: {134.3040 170.7840}
    Blocked  SI(M2) 0:
  Pin CLK -- connect from M2 to M1 -- min_access = 1:
    Routable CLK(M2) 1: {134.9120 170.6320}
    Blocked  CLK(M2) 0:
  Pin RSTB -- connect from M2 to M1 -- min_access = 1:
    Routable RSTB(M2) 1: {136.1280 172.0000}
    Blocked  RSTB(M2) 0:
  Pin Q -- connect from M2 to M1 -- min_access = 1:
    Routable Q(M2) 1: {138.2560 171.0880}
    Blocked  Q(M2) 0:
  Pin QN -- connect from M2 to M1 -- min_access = 1:
    Routable QN(M2) 1: {138.4080 170.9360}
    Blocked  QN(M2) 0:

Cell u_core/core_i/HFSINV_25033_829
  Pin A -- connect from M2 to M1 -- min_access = 1:
    Routable A(M2) 1: {128.3760 196.2975}
    Blocked  A(M2) 0:
  Pin Y -- connect from M2 to M1 -- min_access = 1:
    Routable Y(M2) 1: {129.7440 196.1600}
    Blocked  Y(M2) 0:

Cell u_core/core_i/cs_registers_i/mhpmcounter_q_reg[3][35]
  Pin SE -- connect from M2 to M1 -- min_access = 1:
    Routable SE(M2) 1: {267.3040 232.9520}
    Blocked  SE(M2) 0:
  Pin D -- connect from M2 to M1 -- min_access = 1:
    Routable D(M2) 1: {267.7600 233.0835}
    Blocked  D(M2) 0:
  Pin SI -- connect from M2 to M1 -- min_access = 1:
    Routable SI(M2) 1: {268.0640 233.6745}
    Blocked  SI(M2) 0:
  Pin CLK -- connect from M2 to M1 -- min_access = 1:
    Routable CLK(M2) 1: {268.6720 233.8440}
    Blocked  CLK(M2) 0:
  Pin RSTB -- connect from M2 to M1 -- min_access = 1:
    Routable RSTB(M2) 1: {269.8880 232.4915}
    Blocked  RSTB(M2) 0:
  Pin Q -- connect from M2 to M1 -- min_access = 1:
    Routable Q(M2) 1: {272.0160 233.4080}
    Blocked  Q(M2) 0:
  Pin QN -- connect from M2 to M1 -- min_access = 1:
    Routable QN(M2) 1: {272.1680 233.5600}
    Blocked  QN(M2) 0:

Cell u_core/core_i/if_stage_i/instr_rdata_id_o_reg[28]
  Pin SE -- connect from M2 to M1 -- min_access = 1:
    Routable SE(M2) 1: {267.3040 248.4225}
    Blocked  SE(M2) 0:
  Pin D -- connect from M2 to M1 -- min_access = 1:
    Routable D(M2) 1: {267.7600 248.3040}
    Blocked  D(M2) 0:
  Pin SI -- connect from M2 to M1 -- min_access = 1:
    Routable SI(M2) 1: {268.0640 247.6960}
    Blocked  SI(M2) 0:
  Pin CLK -- connect from M2 to M1 -- min_access = 1:
    Routable CLK(M2) 1: {268.6720 247.5440}
    Blocked  CLK(M2) 0:
  Pin RSTB -- connect from M2 to M1 -- min_access = 1:
    Routable RSTB(M2) 1: {269.8880 248.9120}
    Blocked  RSTB(M2) 0:
  Pin Q -- connect from M2 to M1 -- min_access = 1:
    Routable Q(M2) 1: {272.0160 248.0000}
    Blocked  Q(M2) 0:
  Pin QN -- connect from M2 to M1 -- min_access = 1:
    Routable QN(M2) 1: {272.1680 247.8480}
    Blocked  QN(M2) 0:

Cell u_core/core_i/U1545
  Pin S1 -- connect from M2 to M1 -- min_access = 1:
    Routable S1(M2) 1: {128.2240 285.6945}
    Blocked  S1(M2) 0:
  Pin A3 -- connect from M2 to M1 -- min_access = 1:
    Routable A3(M2) 1: {128.8320 284.9190} {128.8320 284.9360}
    Blocked  A3(M2) 0:
  Pin A4 -- connect from M2 to M1 -- min_access = 1:
    Routable A4(M2) 1: {128.8320 285.2400}
    Blocked  A4(M2) 0:
  Pin A2 -- connect from M2 to M1 -- min_access = 1:
    Routable A2(M2) 1: {129.4400 285.0815}
    Blocked  A2(M2) 0:
  Pin A1 -- connect from M2 to M1 -- min_access = 1:
    Routable A1(M2) 1: {129.7440 285.6960}
    Blocked  A1(M2) 0:
  Pin S0 -- connect from M2 to M1 -- min_access = 1:
    Routable S0(M2) 1: {130.5040 284.3280}
    Blocked  S0(M2) 0:
  Pin Y -- connect from M2 to M1 -- min_access = 1:
    Routable Y(M2) 1: {131.1120 285.0880}
    Blocked  Y(M2) 0:

Cell u_core/core_i/HFSINV_20734_818
  Pin A -- connect from M2 to M1 -- min_access = 1:
    Routable A(M2) 1: {262.7440 288.4320}
    Blocked  A(M2) 0:
  Pin Y -- connect from M2 to M1 -- min_access = 1:
    Routable Y(M2) 1: {264.1120 288.5840}
    Blocked  Y(M2) 0:

No over-constrained access checks found

Pins with disabled access check:     0

Pins with no access violations:      46
Pins with blocked access:            0
Pins with too few access points:     0
Pins with insufficient track access: 0
NPLDRC Wic Cache: unique cache elements 33
NPLDRC Wic Cache: hit rate  29.8% (33 / 47)
NPLDRC: Processed 0 libCells; 0 unique
NPLDRC: 0 LibCell Equivalence info written to file
1
