This files generated automatically by the ICC2 command check_pg_drc
=================
Error type:      insufficient space between two same-net metal-shapes
Violated rule:   Min-Spacing-On-Layer
Layer:           M1
Minimal spacing: 0.05
Actual  spacing: 0.008(west - east)
Spacing box:     {63.801 21.617} {63.809 21.702}
Shape #1:        box = {63.751 21.439} {63.801 21.702}
                 net = VSS
Shape #2:        box = {63.809 21.617} {64.191 21.727}
                 net = VSS
=================
Error type:      insufficient space between two same-net metal-shapes
Violated rule:   Min-Spacing-On-Layer
Layer:           M1
Minimal spacing: 0.05
Actual  spacing: 0.032(west - east)
Spacing box:     {103.777 21.617} {103.809 21.702}
Shape #1:        box = {103.727 21.439} {103.777 21.702}
                 net = VSS
Shape #2:        box = {103.809 21.617} {104.191 21.727}
                 net = VSS
=================
Error type:      insufficient space between two same-net metal-shapes
Violated rule:   Min-Spacing-On-Layer
Layer:           M1
Minimal spacing: 0.05
Actual  spacing: 0.008(west - east)
Spacing box:     {123.801 23.314} {123.809 23.399}
Shape #1:        box = {123.751 23.314} {123.801 23.708}
                 net = VDD
Shape #2:        box = {123.809 23.289} {124.191 23.399}
                 net = VDD
=================
Error type:      insufficient space between two same-net metal-shapes
Violated rule:   Min-Spacing-On-Layer
Layer:           M1
Minimal spacing: 0.05
Actual  spacing: 0.016(west - east)
Spacing box:     {64.191 24.986} {64.207 25.071}
Shape #1:        box = {63.809 24.961} {64.191 25.071}
                 net = VSS
Shape #2:        box = {64.207 24.986} {64.257 25.249}
                 net = VSS
=================
Error type:      insufficient space between two same-net metal-shapes
Violated rule:   Min-Spacing-On-Layer
Layer:           M1
Minimal spacing: 0.05
Actual  spacing: 0.032(west - east)
Spacing box:     {164.191 26.633} {164.223 26.718}
Shape #1:        box = {163.809 26.633} {164.191 26.743}
                 net = VDD
Shape #2:        box = {164.223 26.112} {164.273 26.718}
                 net = VDD
=================
Error type:      insufficient space between two same-net metal-shapes
Violated rule:   Min-Spacing-On-Layer
Layer:           M1
Minimal spacing: 0.05
Actual  spacing: 0.032(west - east)
Spacing box:     {163.777 30.002} {163.809 30.087}
Shape #1:        box = {163.727 30.002} {163.777 30.396}
                 net = VDD
Shape #2:        box = {163.809 29.977} {164.191 30.087}
                 net = VDD
=================
Error type:      insufficient space between two same-net metal-shapes
Violated rule:   Min-Spacing-On-Layer
Layer:           M1
Minimal spacing: 0.05
Actual  spacing: 0.032(west - east)
Spacing box:     {164.191 46.697} {164.223 46.782}
Shape #1:        box = {163.809 46.697} {164.191 46.807}
                 net = VDD
Shape #2:        box = {164.223 46.176} {164.273 46.782}
                 net = VDD
=================
Error type:      insufficient space between two same-net metal-shapes
Violated rule:   Min-Spacing-On-Layer
Layer:           M1
Minimal spacing: 0.05
Actual  spacing: 0.016(west - east)
Spacing box:     {64.191 48.369} {64.207 48.454}
Shape #1:        box = {63.809 48.369} {64.191 48.479}
                 net = VSS
Shape #2:        box = {64.207 48.191} {64.257 48.454}
                 net = VSS
=================
Error type:      insufficient space between two same-net metal-shapes
Violated rule:   Min-Spacing-On-Layer
Layer:           M1
Minimal spacing: 0.05
Actual  spacing: 0.032(west - east)
Spacing box:     {164.191 63.442} {164.223 63.527}
Shape #1:        box = {163.809 63.417} {164.191 63.527}
                 net = VDD
Shape #2:        box = {164.223 63.442} {164.273 64.048}
                 net = VDD
=================
Error type:      insufficient space between two same-net metal-shapes
Violated rule:   Min-Spacing-On-Layer
Layer:           M1
Minimal spacing: 0.05
Actual  spacing: 0.008(west - east)
Spacing box:     {63.801 65.089} {63.809 65.174}
Shape #1:        box = {63.751 64.911} {63.801 65.174}
                 net = VSS
Shape #2:        box = {63.809 65.089} {64.191 65.199}
                 net = VSS
=================
Error type:      insufficient space between two same-net metal-shapes
Violated rule:   Min-Spacing-On-Layer
Layer:           M1
Minimal spacing: 0.05
Actual  spacing: 0.032(west - east)
Spacing box:     {163.777 66.761} {163.809 66.846}
Shape #1:        box = {163.727 66.452} {163.777 66.846}
                 net = VDD
Shape #2:        box = {163.809 66.761} {164.191 66.871}
                 net = VDD
=================
Error type:      insufficient space between two same-net metal-shapes
Violated rule:   Min-Spacing-On-Layer
Layer:           M1
Minimal spacing: 0.05
Actual  spacing: 0.038(west - east)
Spacing box:     {183.771 68.433} {183.809 68.518}
Shape #1:        box = {183.721 68.241} {183.771 68.518}
                 net = VSS
Shape #2:        box = {183.809 68.433} {184.191 68.543}
                 net = VSS
=================
Error type:      insufficient space between two same-net metal-shapes
Violated rule:   Min-Spacing-On-Layer
Layer:           M1
Minimal spacing: 0.05
Actual  spacing: 0.016(west - east)
Spacing box:     {64.191 68.458} {64.207 68.543}
Shape #1:        box = {63.809 68.433} {64.191 68.543}
                 net = VSS
Shape #2:        box = {64.207 68.458} {64.257 68.721}
                 net = VSS
=================
Error type:      insufficient space between two same-net metal-shapes
Violated rule:   Min-Spacing-On-Layer
Layer:           M1
Minimal spacing: 0.05
Actual  spacing: 0.032(west - east)
Spacing box:     {164.191 70.105} {164.223 70.19}
Shape #1:        box = {163.809 70.105} {164.191 70.215}
                 net = VDD
Shape #2:        box = {164.223 69.584} {164.273 70.19}
                 net = VDD
=================
Error type:      insufficient space between two same-net metal-shapes
Violated rule:   Min-Spacing-On-Layer
Layer:           M1
Minimal spacing: 0.05
Actual  spacing: 0.038(west - east)
Spacing box:     {183.771 71.777} {183.809 71.862}
Shape #1:        box = {183.721 71.585} {183.771 71.862}
                 net = VSS
Shape #2:        box = {183.809 71.777} {184.191 71.887}
                 net = VSS
=================
Error type:      insufficient space between two same-net metal-shapes
Violated rule:   Min-Spacing-On-Layer
Layer:           M1
Minimal spacing: 0.05
Actual  spacing: 0.032(west - east)
Spacing box:     {103.777 98.554} {103.809 98.639}
Shape #1:        box = {103.727 98.554} {103.777 98.887}
                 net = VSS
Shape #2:        box = {103.809 98.529} {104.191 98.639}
                 net = VSS
=================
Error type:      insufficient space between two same-net metal-shapes
Violated rule:   Min-Spacing-On-Layer
Layer:           M1
Minimal spacing: 0.05
Actual  spacing: 0.008(west - east)
Spacing box:     {63.801 118.593} {63.809 118.678}
Shape #1:        box = {63.751 118.415} {63.801 118.678}
                 net = VSS
Shape #2:        box = {63.809 118.593} {64.191 118.703}
                 net = VSS
=================
Error type:      insufficient space between two same-net metal-shapes
Violated rule:   Min-Spacing-On-Layer
Layer:           M1
Minimal spacing: 0.05
Actual  spacing: 0.032(west - east)
Spacing box:     {103.777 118.593} {103.809 118.678}
Shape #1:        box = {103.727 118.345} {103.777 118.678}
                 net = VSS
Shape #2:        box = {103.809 118.593} {104.191 118.703}
                 net = VSS
=================
Error type:      insufficient space between two same-net metal-shapes
Violated rule:   Min-Spacing-On-Layer
Layer:           M1
Minimal spacing: 0.05
Actual  spacing: 0.02(west - east)
Spacing box:     {183.789 138.657} {183.809 138.742}
Shape #1:        box = {183.739 138.525} {183.789 138.742}
                 net = VSS
Shape #2:        box = {183.809 138.657} {184.191 138.767}
                 net = VSS
=================
Error type:      insufficient space between two same-net metal-shapes
Violated rule:   Min-Spacing-On-Layer
Layer:           M1
Minimal spacing: 0.05
Actual  spacing: 0.036(west - east)
Spacing box:     {184.191 142.026} {184.227 142.111}
Shape #1:        box = {183.809 142.001} {184.191 142.111}
                 net = VSS
Shape #2:        box = {184.227 142.026} {184.277 142.243}
                 net = VSS
=================
Error type:      insufficient space between two same-net metal-shapes
Violated rule:   Min-Spacing-On-Layer
Layer:           M1
Minimal spacing: 0.05
Actual  spacing: 0.016(west - east)
Spacing box:     {64.191 155.402} {64.207 155.487}
Shape #1:        box = {63.809 155.377} {64.191 155.487}
                 net = VSS
Shape #2:        box = {64.207 155.402} {64.257 155.665}
                 net = VSS
=================
Error type:      insufficient space between two same-net metal-shapes
Violated rule:   Min-Spacing-On-Layer
Layer:           M1
Minimal spacing: 0.05
Actual  spacing: 0.016(west - east)
Spacing box:     {64.191 158.746} {64.207 158.831}
Shape #1:        box = {63.809 158.721} {64.191 158.831}
                 net = VSS
Shape #2:        box = {64.207 158.746} {64.257 159.009}
                 net = VSS
=================
Error type:      insufficient space between two same-net metal-shapes
Violated rule:   Min-Spacing-On-Layer
Layer:           M1
Minimal spacing: 0.05
Actual  spacing: 0.016(west - east)
Spacing box:     {64.191 162.09} {64.207 162.175}
Shape #1:        box = {63.809 162.065} {64.191 162.175}
                 net = VSS
Shape #2:        box = {64.207 162.09} {64.257 162.353}
                 net = VSS
=================
Error type:      insufficient space between two same-net metal-shapes
Violated rule:   Min-Spacing-On-Layer
Layer:           M1
Minimal spacing: 0.05
Actual  spacing: 0.016(west - east)
Spacing box:     {64.191 178.785} {64.207 178.87}
Shape #1:        box = {63.809 178.785} {64.191 178.895}
                 net = VSS
Shape #2:        box = {64.207 178.607} {64.257 178.87}
                 net = VSS
=================
Error type:      insufficient space between two same-net metal-shapes
Violated rule:   Min-Spacing-On-Layer
Layer:           M1
Minimal spacing: 0.05
Actual  spacing: 0.016(west - east)
Spacing box:     {64.191 182.129} {64.207 182.214}
Shape #1:        box = {63.809 182.129} {64.191 182.239}
                 net = VSS
Shape #2:        box = {64.207 181.951} {64.257 182.214}
                 net = VSS
=================
Error type:      insufficient space between two same-net metal-shapes
Violated rule:   Min-Spacing-On-Layer
Layer:           M1
Minimal spacing: 0.05
Actual  spacing: 0.032(west - east)
Spacing box:     {103.777 182.154} {103.809 182.239}
Shape #1:        box = {103.727 182.154} {103.777 182.417}
                 net = VSS
Shape #2:        box = {103.809 182.129} {104.191 182.239}
                 net = VSS
=================
Error type:      insufficient space between two same-net metal-shapes
Violated rule:   Min-Spacing-On-Layer
Layer:           M1
Minimal spacing: 0.05
Actual  spacing: 0.032(west - east)
Spacing box:     {164.191 193.858} {164.223 193.943}
Shape #1:        box = {163.809 193.833} {164.191 193.943}
                 net = VDD
Shape #2:        box = {164.223 193.858} {164.273 194.12}
                 net = VDD
=================
Error type:      insufficient space between two same-net metal-shapes
Violated rule:   Min-Spacing-On-Layer
Layer:           M1
Minimal spacing: 0.05
Actual  spacing: 0.008(west - east)
Spacing box:     {63.801 222.282} {63.809 222.367}
Shape #1:        box = {63.751 222.282} {63.801 222.545}
                 net = VSS
Shape #2:        box = {63.809 222.257} {64.191 222.367}
                 net = VSS
=================
Error type:      insufficient space between two same-net metal-shapes
Violated rule:   Min-Spacing-On-Layer
Layer:           M1
Minimal spacing: 0.05
Actual  spacing: 0.016(west - east)
Spacing box:     {64.191 228.945} {64.207 229.03}
Shape #1:        box = {63.809 228.945} {64.191 229.055}
                 net = VSS
Shape #2:        box = {64.207 228.767} {64.257 229.03}
                 net = VSS
=================
Error type:      insufficient space between two same-net metal-shapes
Violated rule:   Min-Spacing-On-Layer
Layer:           M1
Minimal spacing: 0.05
Actual  spacing: 0.032(west - east)
Spacing box:     {103.777 259.066} {103.809 259.151}
Shape #1:        box = {103.727 259.066} {103.777 259.299}
                 net = VSS
Shape #2:        box = {103.809 259.041} {104.191 259.151}
                 net = VSS
=================
Error type:      insufficient space between two same-net metal-shapes
Violated rule:   Min-Spacing-On-Layer
Layer:           M1
Minimal spacing: 0.05
Actual  spacing: 0.002(west - east)
Spacing box:     {43.807 287.49} {43.809 287.575}
Shape #1:        box = {43.757 287.49} {43.807 287.754}
                 net = VDD
Shape #2:        box = {43.809 287.465} {44.191 287.575}
                 net = VDD
=================
Error type:      insufficient space between two same-net metal-shapes
Violated rule:   Min-Spacing-On-Layer
Layer:           M1
Minimal spacing: 0.05
Actual  spacing: 0.008(west - east)
Spacing box:     {63.801 302.513} {63.809 302.598}
Shape #1:        box = {63.751 302.281} {63.801 302.598}
                 net = VSS
Shape #2:        box = {63.809 302.513} {64.191 302.623}
                 net = VSS
=================
Error type:      insufficient space between two same-net metal-shapes
Violated rule:   Min-Spacing-On-Layer
Layer:           M1
Minimal spacing: 0.05
Actual  spacing: 0.04(west - east)
Spacing box:     {243.769 33.346} {243.809 33.431}
Shape #1:        box = {243.719 33.346} {243.769 33.952}
                 net = VDD
Shape #2:        box = {243.809 33.321} {244.191 33.431}
                 net = VDD
=================
Error type:      insufficient space between two same-net metal-shapes
Violated rule:   Min-Spacing-On-Layer
Layer:           M1
Minimal spacing: 0.05
Actual  spacing: 0.048(west - east)
Spacing box:     {264.191 71.802} {264.239 71.887}
Shape #1:        box = {263.809 71.777} {264.191 71.887}
                 net = VSS
Shape #2:        box = {264.239 71.802} {264.289 72.065}
                 net = VSS
=================
Error type:      insufficient space between two same-net metal-shapes
Violated rule:   Min-Spacing-On-Layer
Layer:           M1
Minimal spacing: 0.05
Actual  spacing: 0.048(west - east)
Spacing box:     {264.191 75.146} {264.239 75.231}
Shape #1:        box = {263.809 75.121} {264.191 75.231}
                 net = VSS
Shape #2:        box = {264.239 75.146} {264.289 75.409}
                 net = VSS
=================
Error type:      insufficient space between two same-net metal-shapes
Violated rule:   Min-Spacing-On-Layer
Layer:           M1
Minimal spacing: 0.05
Actual  spacing: 0.008(west - east)
Spacing box:     {204.191 100.226} {204.199 100.311}
Shape #1:        box = {203.809 100.201} {204.191 100.311}
                 net = VDD
Shape #2:        box = {204.199 100.226} {204.249 101.002}
                 net = VDD
=================
Error type:      insufficient space between two same-net metal-shapes
Violated rule:   Min-Spacing-On-Layer
Layer:           M1
Minimal spacing: 0.05
Actual  spacing: 0.008(west - east)
Spacing box:     {204.191 106.889} {204.199 106.974}
Shape #1:        box = {203.809 106.889} {204.191 106.999}
                 net = VDD
Shape #2:        box = {204.199 106.368} {204.249 106.974}
                 net = VDD
=================
Error type:      insufficient space between two same-net metal-shapes
Violated rule:   Min-Spacing-On-Layer
Layer:           M1
Minimal spacing: 0.05
Actual  spacing: 0.016(west - east)
Spacing box:     {203.793 113.577} {203.809 113.662}
Shape #1:        box = {203.743 112.886} {203.793 113.662}
                 net = VDD
Shape #2:        box = {203.809 113.577} {204.191 113.687}
                 net = VDD
=================
Error type:      insufficient space between two same-net metal-shapes
Violated rule:   Min-Spacing-On-Layer
Layer:           M1
Minimal spacing: 0.05
Actual  spacing: 0.008(west - east)
Spacing box:     {204.191 130.322} {204.199 130.407}
Shape #1:        box = {203.809 130.297} {204.191 130.407}
                 net = VDD
Shape #2:        box = {204.199 130.322} {204.249 130.701}
                 net = VDD
=================
Error type:      insufficient space between two same-net metal-shapes
Violated rule:   Min-Spacing-On-Layer
Layer:           M1
Minimal spacing: 0.05
Actual  spacing: 0.04(west - east)
Spacing box:     {243.769 130.322} {243.809 130.407}
Shape #1:        box = {243.719 130.322} {243.769 131.047}
                 net = VDD
Shape #2:        box = {243.809 130.297} {244.191 130.407}
                 net = VDD
=================
Error type:      insufficient space between two same-net metal-shapes
Violated rule:   Min-Spacing-On-Layer
Layer:           M1
Minimal spacing: 0.05
Actual  spacing: 0.048(west - east)
Spacing box:     {264.191 131.969} {264.239 132.054}
Shape #1:        box = {263.809 131.969} {264.191 132.079}
                 net = VSS
Shape #2:        box = {264.239 131.653} {264.289 132.054}
                 net = VSS
=================
Error type:      insufficient space between two same-net metal-shapes
Violated rule:   Min-Spacing-On-Layer
Layer:           M1
Minimal spacing: 0.05
Actual  spacing: 0.024(west - east)
Spacing box:     {304.191 131.969} {304.215 132.054}
Shape #1:        box = {303.809 131.969} {304.191 132.079}
                 net = VSS
Shape #2:        box = {304.215 131.791} {304.265 132.054}
                 net = VSS
=================
Error type:      insufficient space between two same-net metal-shapes
Violated rule:   Min-Spacing-On-Layer
Layer:           M1
Minimal spacing: 0.05
Actual  spacing: 0.048(west - east)
Spacing box:     {264.191 152.033} {264.239 152.118}
Shape #1:        box = {263.809 152.033} {264.191 152.143}
                 net = VSS
Shape #2:        box = {264.239 151.855} {264.289 152.118}
                 net = VSS
=================
Error type:      insufficient space between two same-net metal-shapes
Violated rule:   Min-Spacing-On-Layer
Layer:           M1
Minimal spacing: 0.05
Actual  spacing: 0.016(west - east)
Spacing box:     {203.793 167.106} {203.809 167.191}
Shape #1:        box = {203.743 167.106} {203.793 167.882}
                 net = VDD
Shape #2:        box = {203.809 167.081} {204.191 167.191}
                 net = VDD
=================
Error type:      insufficient space between two same-net metal-shapes
Violated rule:   Min-Spacing-On-Layer
Layer:           M1
Minimal spacing: 0.05
Actual  spacing: 0.024(west - east)
Spacing box:     {304.191 178.81} {304.215 178.895}
Shape #1:        box = {303.809 178.785} {304.191 178.895}
                 net = VSS
Shape #2:        box = {304.215 178.81} {304.265 179.073}
                 net = VSS
=================
Error type:      insufficient space between two same-net metal-shapes
Violated rule:   Min-Spacing-On-Layer
Layer:           M1
Minimal spacing: 0.05
Actual  spacing: 0.016(west - east)
Spacing box:     {203.793 197.202} {203.809 197.287}
Shape #1:        box = {203.743 197.202} {203.793 197.696}
                 net = VDD
Shape #2:        box = {203.809 197.177} {204.191 197.287}
                 net = VDD
=================
Error type:      insufficient space between two same-net metal-shapes
Violated rule:   Min-Spacing-On-Layer
Layer:           M1
Minimal spacing: 0.05
Actual  spacing: 0.008(west - east)
Spacing box:     {204.191 197.202} {204.199 197.287}
Shape #1:        box = {203.809 197.177} {204.191 197.287}
                 net = VDD
Shape #2:        box = {204.199 197.202} {204.249 198.09}
                 net = VDD
=================
Error type:      insufficient space between two same-net metal-shapes
Violated rule:   Min-Spacing-On-Layer
Layer:           M1
Minimal spacing: 0.05
Actual  spacing: 0.04(west - east)
Spacing box:     {243.769 200.521} {243.809 200.606}
Shape #1:        box = {243.719 200} {243.769 200.606}
                 net = VDD
Shape #2:        box = {243.809 200.521} {244.191 200.631}
                 net = VDD
=================
Error type:      insufficient space between two same-net metal-shapes
Violated rule:   Min-Spacing-On-Layer
Layer:           M1
Minimal spacing: 0.05
Actual  spacing: 0.016(west - east)
Spacing box:     {203.793 203.89} {203.809 203.975}
Shape #1:        box = {203.743 203.89} {203.793 204.154}
                 net = VDD
Shape #2:        box = {203.809 203.865} {204.191 203.975}
                 net = VDD
=================
Error type:      insufficient space between two same-net metal-shapes
Violated rule:   Min-Spacing-On-Layer
Layer:           M1
Minimal spacing: 0.05
Actual  spacing: 0.04(west - east)
Spacing box:     {243.769 207.209} {243.809 207.294}
Shape #1:        box = {243.719 206.58} {243.769 207.294}
                 net = VDD
Shape #2:        box = {243.809 207.209} {244.191 207.319}
                 net = VDD
=================
Error type:      insufficient space between two same-net metal-shapes
Violated rule:   Min-Spacing-On-Layer
Layer:           M1
Minimal spacing: 0.05
Actual  spacing: 0.048(west - east)
Spacing box:     {264.191 215.594} {264.239 215.679}
Shape #1:        box = {263.809 215.569} {264.191 215.679}
                 net = VSS
Shape #2:        box = {264.239 215.594} {264.289 215.857}
                 net = VSS
=================
Error type:      insufficient space between two same-net metal-shapes
Violated rule:   Min-Spacing-On-Layer
Layer:           M1
Minimal spacing: 0.05
Actual  spacing: 0.016(west - east)
Spacing box:     {203.793 223.929} {203.809 224.014}
Shape #1:        box = {203.743 223.746} {203.793 224.014}
                 net = VDD
Shape #2:        box = {203.809 223.929} {204.191 224.039}
                 net = VDD
=================
Error type:      insufficient space between two same-net metal-shapes
Violated rule:   Min-Spacing-On-Layer
Layer:           M1
Minimal spacing: 0.05
Actual  spacing: 0.04(west - east)
Spacing box:     {243.769 223.929} {243.809 224.014}
Shape #1:        box = {243.719 223.752} {243.769 224.014}
                 net = VDD
Shape #2:        box = {243.809 223.929} {244.191 224.039}
                 net = VDD
=================
Error type:      insufficient space between two same-net metal-shapes
Violated rule:   Min-Spacing-On-Layer
Layer:           M1
Minimal spacing: 0.05
Actual  spacing: 0.043(north - south)
Spacing box:     {263.847 225.558} {263.897 225.601}
Shape #1:        box = {263.809 225.601} {264.191 225.711}
                 net = VSS
Shape #2:        box = {263.847 225.336} {263.897 225.558}
                 net = VSS
=================
Error type:      insufficient space between two same-net metal-shapes
Violated rule:   Min-Spacing-On-Layer
Layer:           M1
Minimal spacing: 0.05
Actual  spacing: 0.043(south - north)
Spacing box:     {263.809 225.558} {263.897 225.601}
Shape #1:        box = {263.479 225.508} {263.897 225.558}
                 net = VSS
Shape #2:        box = {263.809 225.601} {264.191 225.711}
                 net = VSS
=================
Error type:      insufficient space between two same-net metal-shapes
Violated rule:   Min-Spacing-On-Layer
Layer:           M1
Minimal spacing: 0.05
Actual  spacing: 0.007(west - east)
Spacing box:     {204.191 240.674} {204.198 240.759}
Shape #1:        box = {203.809 240.649} {204.191 240.759}
                 net = VDD
Shape #2:        box = {204.198 240.674} {204.248 241.215}
                 net = VDD
=================
Error type:      insufficient space between two same-net metal-shapes
Violated rule:   Min-Spacing-On-Layer
Layer:           M1
Minimal spacing: 0.05
Actual  spacing: 0.04(west - east)
Spacing box:     {243.769 240.674} {243.809 240.759}
Shape #1:        box = {243.719 240.674} {243.769 241.562}
                 net = VDD
Shape #2:        box = {243.809 240.649} {244.191 240.759}
                 net = VDD
=================
Error type:      insufficient space between two same-net metal-shapes
Violated rule:   Min-Spacing-On-Layer
Layer:           M1
Minimal spacing: 0.05
Actual  spacing: 0.048(west - east)
Spacing box:     {264.191 242.346} {264.239 242.431}
Shape #1:        box = {263.809 242.321} {264.191 242.431}
                 net = VSS
Shape #2:        box = {264.239 242.346} {264.289 242.679}
                 net = VSS
=================
Error type:      insufficient space between two same-net metal-shapes
Violated rule:   Min-Spacing-On-Layer
Layer:           M1
Minimal spacing: 0.05
Actual  spacing: 0.04(west - east)
Spacing box:     {243.769 247.362} {243.809 247.447}
Shape #1:        box = {243.719 247.362} {243.769 248.153}
                 net = VDD
Shape #2:        box = {243.809 247.337} {244.191 247.447}
                 net = VDD
=================
Error type:      insufficient space between two same-net metal-shapes
Violated rule:   Min-Spacing-On-Layer
Layer:           M1
Minimal spacing: 0.05
Actual  spacing: 0.024(west - east)
Spacing box:     {304.191 252.353} {304.215 252.438}
Shape #1:        box = {303.809 252.353} {304.191 252.463}
                 net = VSS
Shape #2:        box = {304.215 252.021} {304.265 252.438}
                 net = VSS
=================
Error type:      insufficient space between two same-net metal-shapes
Violated rule:   Min-Spacing-On-Layer
Layer:           M1
Minimal spacing: 0.05
Actual  spacing: 0.048(west - east)
Spacing box:     {264.191 292.506} {264.239 292.591}
Shape #1:        box = {263.809 292.481} {264.191 292.591}
                 net = VSS
Shape #2:        box = {264.239 292.506} {264.289 292.769}
                 net = VSS
=================
Error type:      insufficient space between two same-net metal-shapes
Violated rule:   Min-Spacing-On-Layer
Layer:           M1
Minimal spacing: 0.05
Actual  spacing: 0.048(west - east)
Spacing box:     {264.191 295.85} {264.239 295.935}
Shape #1:        box = {263.809 295.825} {264.191 295.935}
                 net = VSS
Shape #2:        box = {264.239 295.85} {264.289 296.113}
                 net = VSS
=================
Error type:      insufficient space between two same-net metal-shapes
Violated rule:   Min-Spacing-On-Layer
Layer:           M1
Minimal spacing: 0.05
Actual  spacing: 0.048(west - east)
Spacing box:     {264.191 299.169} {264.239 299.254}
Shape #1:        box = {263.809 299.169} {264.191 299.279}
                 net = VSS
Shape #2:        box = {264.239 298.991} {264.289 299.254}
                 net = VSS
=================
Error type:      insufficient space between two same-net metal-shapes
Violated rule:   Min-Spacing-On-Layer
Layer:           M1
Minimal spacing: 0.05
Actual  spacing: 0.016(west - east)
Spacing box:     {203.793 304.185} {203.809 304.27}
Shape #1:        box = {203.743 304.006} {203.793 304.27}
                 net = VDD
Shape #2:        box = {203.809 304.185} {204.191 304.295}
                 net = VDD
==============================================================
