DRC marker context report
marker_file=7_Backend_ICC2/4_Report/trials/route_combo_no_or2x1_nor2x012_hvt/99_marker_context/representative_drc_markers.tsv

Marker Diff_net_spacing_M1_(11)_1
  error_id    : 29
  error_type  : Diff net spacing
  error_layer : M1 (11)
  center      : 260.616 95.446
  bbox        : {260.511 95.42} {260.721 95.472}
  search_box  : {260.261 95.17} {260.971 95.722}
  pins        : 2
    pin u_core/core_i/cs_registers_i/dscratch0_q_reg[3]/RSTB
      bbox     : {259.6030 95.3280} {260.7330 95.4470}
      layer    : M1 CO
      net      : u_core/core_i/cs_registers_i/ZBUF_554_392
      cell     : u_core/core_i/cs_registers_i/dscratch0_q_reg[3]
      ref_name : SDFFARX1_RVT
      origin   : 256.6640 95.2400
    pin u_core/core_i/cs_registers_i/dscratch0_q_reg[3]/VSS
      bbox     : {256.6640 95.2100} {262.1360 95.7550}
      layer    : M1 CO
      net      : u_core/core_i/cs_registers_i/VSS
      cell     : u_core/core_i/cs_registers_i/dscratch0_q_reg[3]
      ref_name : SDFFARX1_RVT
      origin   : 256.6640 95.2400
  cells       : 1
    cell u_core/core_i/cs_registers_i/dscratch0_q_reg[3] ref=SDFFARX1_RVT origin=256.6640 95.2400
  shapes      : 6
    shape PATH_25_23
      layer : M8
      bbox  : {259.5000 10.0000} {260.5000 315.9120}
      net   : VSS
    shape PATH_11_45
      layer : M1
      bbox  : {20.0000 95.2100} {306.9760 95.2700}
      net   : VSS
    shape PATH_15_37500
      layer : M3
      bbox  : {259.5240 95.3640} {260.6440 95.4200}
      net   : u_core/core_i/cs_registers_i/ZBUF_554_392
    shape PATH_15_44397
      layer : M3
      bbox  : {252.2280 95.6680} {263.2280 95.7240}
      net   : u_core/core_i/cs_registers_i/dscratch0_q[0]
    shape PATH_13_72809
      layer : M2
      bbox  : {260.5880 92.0200} {260.6440 95.4200}
      net   : u_core/core_i/cs_registers_i/ZBUF_554_392
    shape PATH_13_99233
      layer : M2
      bbox  : {260.8920 87.6120} {260.9480 100.2840}
      net   : u_core/core_i/cs_registers_i/ZBUF_59_41

Marker Diff_net_spacing_M1_(11)_2
  error_id    : 85
  error_type  : Diff net spacing
  error_layer : M1 (11)
  center      : 259.48400000000004 225.808
  bbox        : {259.447 225.728} {259.521 225.888}
  search_box  : {259.197 225.478} {259.771 226.138}
  pins        : 3
    pin u_core/core_i/if_stage_i/instr_rdata_id_o_reg[6]/RSTB
      bbox     : {259.6030 225.7440} {260.7330 225.8630}
      layer    : M1 CO
      net      : u_core/core_i/ZBUF_1834_323
      cell     : u_core/core_i/if_stage_i/instr_rdata_id_o_reg[6]
      ref_name : SDFFARX1_RVT
      origin   : 256.6640 225.6560
    pin u_core/core_i/if_stage_i/instr_rdata_id_o_reg[6]/VSS
      bbox     : {256.6640 225.6260} {262.1360 226.1710}
      layer    : M1 CO
      net      : u_core/core_i/VSS
      cell     : u_core/core_i/if_stage_i/instr_rdata_id_o_reg[6]
      ref_name : SDFFARX1_RVT
      origin   : 256.6640 225.6560
    pin u_core/core_i/cs_registers_i/mhpmcounter_q_reg[0][40]/VSS
      bbox     : {257.5760 225.1410} {263.0480 225.6860}
      layer    : M1 CO
      net      : u_core/core_i/cs_registers_i/VSS
      cell     : u_core/core_i/cs_registers_i/mhpmcounter_q_reg[0][40]
      ref_name : SDFFARX1_RVT
      origin   : 257.5760 225.6560
  cells       : 2
    cell u_core/core_i/cs_registers_i/mhpmcounter_q_reg[0][40] ref=SDFFARX1_RVT origin=257.5760 225.6560
    cell u_core/core_i/if_stage_i/instr_rdata_id_o_reg[6] ref=SDFFARX1_RVT origin=256.6640 225.6560
  shapes      : 7
    shape PATH_25_23
      layer : M8
      bbox  : {259.5000 10.0000} {260.5000 315.9120}
      net   : VSS
    shape PATH_17_94
      layer : M4
      bbox  : {259.2200 200.8520} {259.2760 235.8680}
      net   : hart_id_i[11]
    shape PATH_11_123
      layer : M1
      bbox  : {20.0000 225.6260} {306.9760 225.6860}
      net   : VSS
    shape PATH_15_1595
      layer : M3
      bbox  : {247.8200 225.7800} {275.2360 225.8360}
      net   : u_core/core_i/if_stage_i/instr_decompressed[11]
    shape PATH_15_1608
      layer : M3
      bbox  : {252.3800 225.4760} {281.0120 225.5320}
      net   : u_core/core_i/if_stage_i/instr_decompressed[2]
    shape PATH_19_7798
      layer : M5
      bbox  : {229.1240 225.4760} {269.9160 225.5320}
      net   : u_core/core_i/ZBUF_47_201
    shape PATH_13_69158
      layer : M2
      bbox  : {259.2200 225.7800} {259.2760 226.4440}
      net   : u_core/core_i/ZBUF_1834_323

Marker Diff_net_spacing_M1_(11)_3
  error_id    : 89
  error_type  : Diff net spacing
  error_layer : M1 (11)
  center      : 259.48400000000004 232.192
  bbox        : {259.447 232.112} {259.521 232.272}
  search_box  : {259.197 231.862} {259.771 232.522}
  pins        : 4
    pin u_core/core_i/if_stage_i/instr_rdata_id_o_reg[5]/RSTB
      bbox     : {259.6030 232.1370} {260.7330 232.2560}
      layer    : M1 CO
      net      : u_core/core_i/ZBUF_1834_323
      cell     : u_core/core_i/if_stage_i/instr_rdata_id_o_reg[5]
      ref_name : SDFFARX1_RVT
      origin   : 256.6640 232.3440
    pin u_core/core_i/if_stage_i/instr_rdata_id_o_reg[5]/VSS
      bbox     : {256.6640 231.8290} {262.1360 232.3740}
      layer    : M1 CO
      net      : u_core/core_i/VSS
      cell     : u_core/core_i/if_stage_i/instr_rdata_id_o_reg[5]
      ref_name : SDFFARX1_RVT
      origin   : 256.6640 232.3440
    pin u_core/core_i/if_stage_i/instr_rdata_id_o_reg[4]/RSTB
      bbox     : {258.5230 232.4320} {259.6530 232.5510}
      layer    : M1 CO
      net      : u_core/core_i/ZBUF_1834_323
      cell     : u_core/core_i/if_stage_i/instr_rdata_id_o_reg[4]
      ref_name : SDFFARX1_RVT
      origin   : 262.5920 232.3440
    pin u_core/core_i/if_stage_i/instr_rdata_id_o_reg[4]/VSS
      bbox     : {257.1200 232.3140} {262.5920 232.8590}
      layer    : M1 CO
      net      : u_core/core_i/VSS
      cell     : u_core/core_i/if_stage_i/instr_rdata_id_o_reg[4]
      ref_name : SDFFARX1_RVT
      origin   : 262.5920 232.3440
  cells       : 2
    cell u_core/core_i/if_stage_i/instr_rdata_id_o_reg[5] ref=SDFFARX1_RVT origin=256.6640 232.3440
    cell u_core/core_i/if_stage_i/instr_rdata_id_o_reg[4] ref=SDFFARX1_RVT origin=262.5920 232.3440
  shapes      : 9
    shape PATH_25_23
      layer : M8
      bbox  : {259.5000 10.0000} {260.5000 315.9120}
      net   : VSS
    shape PATH_17_94
      layer : M4
      bbox  : {259.2200 200.8520} {259.2760 235.8680}
      net   : hart_id_i[11]
    shape PATH_11_127
      layer : M1
      bbox  : {20.0000 232.3140} {306.9760 232.3740}
      net   : VSS
    shape PATH_15_1605
      layer : M3
      bbox  : {257.5480 232.1640} {275.3880 232.2200}
      net   : u_core/core_i/if_stage_i/instr_decompressed[5]
    shape PATH_15_35504
      layer : M3
      bbox  : {259.2200 232.4680} {265.3560 232.5240}
      net   : u_core/core_i/ZBUF_1834_323
    shape PATH_15_45788
      layer : M3
      bbox  : {257.0920 231.8600} {262.1640 231.9160}
      net   : u_core/core_i/HFSNET_16
    shape PATH_13_69160
      layer : M2
      bbox  : {259.2200 229.1240} {259.2760 232.2200}
      net   : u_core/core_i/ZBUF_1834_323
    shape PATH_13_69162
      layer : M2
      bbox  : {259.2200 232.1640} {259.2760 232.5240}
      net   : u_core/core_i/ZBUF_1834_323
    shape PATH_13_69163
      layer : M2
      bbox  : {259.2200 232.4680} {259.5800 232.5240}
      net   : u_core/core_i/ZBUF_1834_323

Marker Diff_net_spacing_M2_(13)_1
  error_id    : 86
  error_type  : Diff net spacing
  error_layer : M2 (13)
  center      : 259.56600000000003 225.732
  bbox        : {259.494 225.697} {259.638 225.767}
  search_box  : {259.244 225.447} {259.888 226.017}
  pins        : 3
    pin u_core/core_i/if_stage_i/instr_rdata_id_o_reg[6]/RSTB
      bbox     : {259.6030 225.7440} {260.7330 225.8630}
      layer    : M1 CO
      net      : u_core/core_i/ZBUF_1834_323
      cell     : u_core/core_i/if_stage_i/instr_rdata_id_o_reg[6]
      ref_name : SDFFARX1_RVT
      origin   : 256.6640 225.6560
    pin u_core/core_i/if_stage_i/instr_rdata_id_o_reg[6]/VSS
      bbox     : {256.6640 225.6260} {262.1360 226.1710}
      layer    : M1 CO
      net      : u_core/core_i/VSS
      cell     : u_core/core_i/if_stage_i/instr_rdata_id_o_reg[6]
      ref_name : SDFFARX1_RVT
      origin   : 256.6640 225.6560
    pin u_core/core_i/cs_registers_i/mhpmcounter_q_reg[0][40]/VSS
      bbox     : {257.5760 225.1410} {263.0480 225.6860}
      layer    : M1 CO
      net      : u_core/core_i/cs_registers_i/VSS
      cell     : u_core/core_i/cs_registers_i/mhpmcounter_q_reg[0][40]
      ref_name : SDFFARX1_RVT
      origin   : 257.5760 225.6560
  cells       : 2
    cell u_core/core_i/cs_registers_i/mhpmcounter_q_reg[0][40] ref=SDFFARX1_RVT origin=257.5760 225.6560
    cell u_core/core_i/if_stage_i/instr_rdata_id_o_reg[6] ref=SDFFARX1_RVT origin=256.6640 225.6560
  shapes      : 9
    shape PATH_25_23
      layer : M8
      bbox  : {259.5000 10.0000} {260.5000 315.9120}
      net   : VSS
    shape PATH_17_94
      layer : M4
      bbox  : {259.2200 200.8520} {259.2760 235.8680}
      net   : hart_id_i[11]
    shape PATH_11_123
      layer : M1
      bbox  : {20.0000 225.6260} {306.9760 225.6860}
      net   : VSS
    shape PATH_13_204
      layer : M2
      bbox  : {259.8000 10.0000} {260.2000 315.9120}
      net   : VSS
    shape PATH_15_1595
      layer : M3
      bbox  : {247.8200 225.7800} {275.2360 225.8360}
      net   : u_core/core_i/if_stage_i/instr_decompressed[11]
    shape PATH_15_1608
      layer : M3
      bbox  : {252.3800 225.4760} {281.0120 225.5320}
      net   : u_core/core_i/if_stage_i/instr_decompressed[2]
    shape PATH_19_7798
      layer : M5
      bbox  : {229.1240 225.4760} {269.9160 225.5320}
      net   : u_core/core_i/ZBUF_47_201
    shape PATH_13_69157
      layer : M2
      bbox  : {259.2200 225.7800} {259.5800 225.8360}
      net   : u_core/core_i/ZBUF_1834_323
    shape PATH_13_69158
      layer : M2
      bbox  : {259.2200 225.7800} {259.2760 226.4440}
      net   : u_core/core_i/ZBUF_1834_323

Marker Diff_net_spacing_M2_(13)_2
  error_id    : 90
  error_type  : Diff net spacing
  error_layer : M2 (13)
  center      : 259.56600000000003 232.268
  bbox        : {259.494 232.233} {259.638 232.303}
  search_box  : {259.244 231.983} {259.888 232.553}
  pins        : 4
    pin u_core/core_i/if_stage_i/instr_rdata_id_o_reg[5]/RSTB
      bbox     : {259.6030 232.1370} {260.7330 232.2560}
      layer    : M1 CO
      net      : u_core/core_i/ZBUF_1834_323
      cell     : u_core/core_i/if_stage_i/instr_rdata_id_o_reg[5]
      ref_name : SDFFARX1_RVT
      origin   : 256.6640 232.3440
    pin u_core/core_i/if_stage_i/instr_rdata_id_o_reg[5]/VSS
      bbox     : {256.6640 231.8290} {262.1360 232.3740}
      layer    : M1 CO
      net      : u_core/core_i/VSS
      cell     : u_core/core_i/if_stage_i/instr_rdata_id_o_reg[5]
      ref_name : SDFFARX1_RVT
      origin   : 256.6640 232.3440
    pin u_core/core_i/if_stage_i/instr_rdata_id_o_reg[4]/RSTB
      bbox     : {258.5230 232.4320} {259.6530 232.5510}
      layer    : M1 CO
      net      : u_core/core_i/ZBUF_1834_323
      cell     : u_core/core_i/if_stage_i/instr_rdata_id_o_reg[4]
      ref_name : SDFFARX1_RVT
      origin   : 262.5920 232.3440
    pin u_core/core_i/if_stage_i/instr_rdata_id_o_reg[4]/VSS
      bbox     : {257.1200 232.3140} {262.5920 232.8590}
      layer    : M1 CO
      net      : u_core/core_i/VSS
      cell     : u_core/core_i/if_stage_i/instr_rdata_id_o_reg[4]
      ref_name : SDFFARX1_RVT
      origin   : 262.5920 232.3440
  cells       : 2
    cell u_core/core_i/if_stage_i/instr_rdata_id_o_reg[5] ref=SDFFARX1_RVT origin=256.6640 232.3440
    cell u_core/core_i/if_stage_i/instr_rdata_id_o_reg[4] ref=SDFFARX1_RVT origin=262.5920 232.3440
  shapes      : 10
    shape PATH_25_23
      layer : M8
      bbox  : {259.5000 10.0000} {260.5000 315.9120}
      net   : VSS
    shape PATH_17_94
      layer : M4
      bbox  : {259.2200 200.8520} {259.2760 235.8680}
      net   : hart_id_i[11]
    shape PATH_11_127
      layer : M1
      bbox  : {20.0000 232.3140} {306.9760 232.3740}
      net   : VSS
    shape PATH_13_204
      layer : M2
      bbox  : {259.8000 10.0000} {260.2000 315.9120}
      net   : VSS
    shape PATH_15_1605
      layer : M3
      bbox  : {257.5480 232.1640} {275.3880 232.2200}
      net   : u_core/core_i/if_stage_i/instr_decompressed[5]
    shape PATH_15_35504
      layer : M3
      bbox  : {259.2200 232.4680} {265.3560 232.5240}
      net   : u_core/core_i/ZBUF_1834_323
    shape PATH_13_69160
      layer : M2
      bbox  : {259.2200 229.1240} {259.2760 232.2200}
      net   : u_core/core_i/ZBUF_1834_323
    shape PATH_13_69161
      layer : M2
      bbox  : {259.2200 232.1640} {259.5800 232.2200}
      net   : u_core/core_i/ZBUF_1834_323
    shape PATH_13_69162
      layer : M2
      bbox  : {259.2200 232.1640} {259.2760 232.5240}
      net   : u_core/core_i/ZBUF_1834_323
    shape PATH_13_69163
      layer : M2
      bbox  : {259.2200 232.4680} {259.5800 232.5240}
      net   : u_core/core_i/ZBUF_1834_323

Marker Off-grid_M1_(11)_1
  error_id    : 28
  error_type  : Off-grid
  error_layer : M1 (11)
  center      : 260.616 95.392
  bbox        : {260.561 95.362} {260.671 95.422}
  search_box  : {260.311 95.112} {260.921 95.672}
  pins        : 2
    pin u_core/core_i/cs_registers_i/dscratch0_q_reg[3]/RSTB
      bbox     : {259.6030 95.3280} {260.7330 95.4470}
      layer    : M1 CO
      net      : u_core/core_i/cs_registers_i/ZBUF_554_392
      cell     : u_core/core_i/cs_registers_i/dscratch0_q_reg[3]
      ref_name : SDFFARX1_RVT
      origin   : 256.6640 95.2400
    pin u_core/core_i/cs_registers_i/dscratch0_q_reg[3]/VSS
      bbox     : {256.6640 95.2100} {262.1360 95.7550}
      layer    : M1 CO
      net      : u_core/core_i/cs_registers_i/VSS
      cell     : u_core/core_i/cs_registers_i/dscratch0_q_reg[3]
      ref_name : SDFFARX1_RVT
      origin   : 256.6640 95.2400
  cells       : 1
    cell u_core/core_i/cs_registers_i/dscratch0_q_reg[3] ref=SDFFARX1_RVT origin=256.6640 95.2400
  shapes      : 7
    shape PATH_25_23
      layer : M8
      bbox  : {259.5000 10.0000} {260.5000 315.9120}
      net   : VSS
    shape PATH_11_45
      layer : M1
      bbox  : {20.0000 95.2100} {306.9760 95.2700}
      net   : VSS
    shape PATH_15_16549
      layer : M3
      bbox  : {255.8760 95.0600} {271.8920 95.1160}
      net   : u_core/core_i/pc_id[17]
    shape PATH_15_37500
      layer : M3
      bbox  : {259.5240 95.3640} {260.6440 95.4200}
      net   : u_core/core_i/cs_registers_i/ZBUF_554_392
    shape PATH_15_44397
      layer : M3
      bbox  : {252.2280 95.6680} {263.2280 95.7240}
      net   : u_core/core_i/cs_registers_i/dscratch0_q[0]
    shape PATH_13_72809
      layer : M2
      bbox  : {260.5880 92.0200} {260.6440 95.4200}
      net   : u_core/core_i/cs_registers_i/ZBUF_554_392
    shape PATH_13_99233
      layer : M2
      bbox  : {260.8920 87.6120} {260.9480 100.2840}
      net   : u_core/core_i/cs_registers_i/ZBUF_59_41

Marker Off-grid_M2_(13)_1
  error_id    : 0
  error_type  : Off-grid
  error_layer : M2 (13)
  center      : 36.566 20.912
  bbox        : {36.536 20.781} {36.596 21.043}
  search_box  : {36.286 20.531} {36.846 21.293}
  pins        : 3
    pin u_core/core_i/U5633/A1
      bbox     : {36.1940 20.7050} {36.3660 21.0500}
      layer    : M1 CO
      net      : u_core/core_i/ZBUF_12_298
      cell     : u_core/core_i/U5633
      ref_name : OR2X4_HVT
      origin   : 35.9600 21.6720
    pin u_core/core_i/U5633/VDD
      bbox     : {35.9600 19.9700} {37.6320 20.7040}
      layer    : M1 CO
      net      : u_core/core_i/VDD
      cell     : u_core/core_i/U5633
      ref_name : OR2X4_HVT
      origin   : 35.9600 21.6720
    pin u_core/core_i/U5633/VSS
      bbox     : {35.9600 21.1980} {37.6320 21.7020}
      layer    : M1 CO
      net      : u_core/core_i/VSS
      cell     : u_core/core_i/U5633
      ref_name : OR2X4_HVT
      origin   : 35.9600 21.6720
  cells       : 1
    cell u_core/core_i/U5633 ref=OR2X4_HVT origin=35.9600 21.6720
  shapes      : 8
    shape PATH_23_893
      layer : M7
      bbox  : {23.6200 21.1880} {242.5560 21.2440}
      net   : u_core/core_i/id_stage_i/ZBUF_886_398
    shape PATH_13_1397
      layer : M2
      bbox  : {36.5400 15.1080} {36.5960 20.9400}
      net   : fetch_enable_i
    shape PATH_17_8165
      layer : M4
      bbox  : {36.6920 15.4120} {36.7480 42.5240}
      net   : u_core/core_i/id_stage_i/n286
    shape PATH_15_19209
      layer : M3
      bbox  : {35.9320 21.1880} {37.0520 21.2440}
      net   : u_core/core_i/ZBUF_12_298
    shape PATH_15_21985
      layer : M3
      bbox  : {30.3080 20.8840} {60.7640 20.9400}
      net   : u_core/core_i/id_stage_i/register_file_i/N985
    shape PATH_15_35689
      layer : M3
      bbox  : {35.6280 20.5800} {43.5880 20.6360}
      net   : u_core/core_i/id_stage_i/ZBUF_85_329
    shape PATH_13_38637
      layer : M2
      bbox  : {36.3880 6.4440} {36.4440 38.5720}
      net   : u_core/core_i/id_stage_i/ZBUF_81_295
    shape PATH_13_102452
      layer : M2
      bbox  : {36.6920 3.8600} {36.7480 39.1800}
      net   : u_core/core_i/id_stage_i/ZBUF_66_73

Marker Off-grid_M2_(13)_2
  error_id    : 3
  error_type  : Off-grid
  error_layer : M2 (13)
  center      : 20.733 22.28
  bbox        : {20.678 22.174} {20.788 22.386}
  search_box  : {20.428 21.924} {21.038 22.636}
  pins        : 3
    pin u_core/core_i/id_stage_i/U2688/A1
      bbox     : {20.4010 22.3030} {20.5730 22.4870}
      layer    : M1 CO
      net      : u_core/core_i/id_stage_i/ZBUF_23_75
      cell     : u_core/core_i/id_stage_i/U2688
      ref_name : NOR2X4_HVT
      origin   : 20.1520 21.6720
    pin u_core/core_i/id_stage_i/U2688/VDD
      bbox     : {20.1520 22.5830} {22.1280 23.3740}
      layer    : M1 CO
      net      : u_core/core_i/id_stage_i/VDD
      cell     : u_core/core_i/id_stage_i/U2688
      ref_name : NOR2X4_HVT
      origin   : 20.1520 21.6720
    pin u_core/core_i/id_stage_i/U2688/VSS
      bbox     : {20.1520 21.6420} {22.1280 22.0830}
      layer    : M1 CO
      net      : u_core/core_i/id_stage_i/VSS
      cell     : u_core/core_i/id_stage_i/U2688
      ref_name : NOR2X4_HVT
      origin   : 20.1520 21.6720
  cells       : 1
    cell u_core/core_i/id_stage_i/U2688 ref=NOR2X4_HVT origin=20.1520 21.6720
  shapes      : 5
    shape PATH_11_12922
      layer : M1
      bbox  : {20.2740 22.4020} {20.5170 22.4620}
      net   : u_core/core_i/id_stage_i/ZBUF_23_75
    shape PATH_15_24362
      layer : M3
      bbox  : {21.0360 22.1000} {22.1560 22.1560}
      net   : u_core/core_i/id_stage_i/controller_i/debug_fsm_ns[0]
    shape PATH_13_48254
      layer : M2
      bbox  : {20.7050 22.2520} {21.0920 22.3080}
      net   : u_core/core_i/id_stage_i/controller_i/debug_fsm_ns[0]
    shape PATH_13_48255
      layer : M2
      bbox  : {21.0360 22.1000} {21.0920 22.3080}
      net   : u_core/core_i/id_stage_i/controller_i/debug_fsm_ns[0]
    shape PATH_15_52757
      layer : M3
      bbox  : {20.2760 22.4040} {22.1560 22.4600}
      net   : u_core/core_i/id_stage_i/ZBUF_23_75

Marker Off-grid_M2_(13)_3
  error_id    : 5
  error_type  : Off-grid
  error_layer : M2 (13)
  center      : 37.174 45.688
  bbox        : {37.144 45.557} {37.204 45.819}
  search_box  : {36.894 45.307} {37.454 46.069}
  pins        : 3
    pin u_core/core_i/id_stage_i/U1193/A1
      bbox     : {36.8170 45.7110} {36.9890 45.8950}
      layer    : M1 CO
      net      : u_core/core_i/id_stage_i/ZBUF_50_404
      cell     : u_core/core_i/id_stage_i/U1193
      ref_name : NOR2X4_HVT
      origin   : 36.5680 45.0800
    pin u_core/core_i/id_stage_i/U1193/VDD
      bbox     : {36.5680 45.9910} {38.5440 46.7820}
      layer    : M1 CO
      net      : u_core/core_i/id_stage_i/VDD
      cell     : u_core/core_i/id_stage_i/U1193
      ref_name : NOR2X4_HVT
      origin   : 36.5680 45.0800
    pin u_core/core_i/id_stage_i/U1193/VSS
      bbox     : {36.5680 45.0500} {38.5440 45.4910}
      layer    : M1 CO
      net      : u_core/core_i/id_stage_i/VSS
      cell     : u_core/core_i/id_stage_i/U1193
      ref_name : NOR2X4_HVT
      origin   : 36.5680 45.0800
  cells       : 1
    cell u_core/core_i/id_stage_i/U1193 ref=NOR2X4_HVT origin=36.5680 45.0800
  shapes      : 11
    shape PATH_21_86
      layer : M6
      bbox  : {36.9960 26.0520} {37.0520 57.7240}
      net   : irq_ack_o
    shape PATH_23_950
      layer : M7
      bbox  : {33.9560 45.5080} {73.5320 45.5640}
      net   : u_core/core_i/id_stage_i/ZBUF_493_404
    shape PATH_19_5147
      layer : M5
      bbox  : {36.0840 45.5080} {43.7400 45.5640}
      net   : u_core/core_i/id_stage_i/ZBUF_66_399
    shape PATH_11_11536
      layer : M1
      bbox  : {36.6900 45.8100} {36.9330 45.8700}
      net   : u_core/core_i/id_stage_i/ZBUF_50_404
    shape PATH_17_13446
      layer : M4
      bbox  : {37.3000 44.5960} {37.3560 48.6040}
      net   : u_core/core_i/id_stage_i/ZBUF_1358_35
    shape PATH_15_32001
      layer : M3
      bbox  : {36.0840 45.5080} {38.4200 45.5640}
      net   : u_core/core_i/id_stage_i/n397
    shape PATH_15_53741
      layer : M3
      bbox  : {31.9800 45.8120} {42.2200 45.8680}
      net   : u_core/core_i/id_stage_i/ZBUF_2_86
    shape PATH_13_59670
      layer : M2
      bbox  : {37.1480 43.9880} {37.2040 45.7160}
      net   : u_core/core_i/id_stage_i/n129
    shape PATH_13_62667
      layer : M2
      bbox  : {36.9960 43.0760} {37.0520 58.4840}
      net   : u_core/core_i/id_stage_i/n341
    shape PATH_13_95530
      layer : M2
      bbox  : {36.8440 31.8280} {36.9000 46.9320}
      net   : ZBUF_524_27
    shape PATH_13_98253
      layer : M2
      bbox  : {37.4520 43.9880} {37.5080 47.3880}
      net   : u_core/core_i/id_stage_i/ZBUF_1034_36

Marker Off-grid_VIA1_(12)_1
  error_id    : 1
  error_type  : Off-grid
  error_layer : VIA1 (12)
  center      : 36.566 20.912
  bbox        : {36.541 20.811} {36.591 21.013}
  search_box  : {36.291 20.561} {36.841 21.263}
  pins        : 2
    pin u_core/core_i/U5633/A1
      bbox     : {36.1940 20.7050} {36.3660 21.0500}
      layer    : M1 CO
      net      : u_core/core_i/ZBUF_12_298
      cell     : u_core/core_i/U5633
      ref_name : OR2X4_HVT
      origin   : 35.9600 21.6720
    pin u_core/core_i/U5633/VDD
      bbox     : {35.9600 19.9700} {37.6320 20.7040}
      layer    : M1 CO
      net      : u_core/core_i/VDD
      cell     : u_core/core_i/U5633
      ref_name : OR2X4_HVT
      origin   : 35.9600 21.6720
  cells       : 1
    cell u_core/core_i/U5633 ref=OR2X4_HVT origin=35.9600 21.6720
  shapes      : 8
    shape PATH_23_893
      layer : M7
      bbox  : {23.6200 21.1880} {242.5560 21.2440}
      net   : u_core/core_i/id_stage_i/ZBUF_886_398
    shape PATH_13_1397
      layer : M2
      bbox  : {36.5400 15.1080} {36.5960 20.9400}
      net   : fetch_enable_i
    shape PATH_17_8165
      layer : M4
      bbox  : {36.6920 15.4120} {36.7480 42.5240}
      net   : u_core/core_i/id_stage_i/n286
    shape PATH_15_19209
      layer : M3
      bbox  : {35.9320 21.1880} {37.0520 21.2440}
      net   : u_core/core_i/ZBUF_12_298
    shape PATH_15_21985
      layer : M3
      bbox  : {30.3080 20.8840} {60.7640 20.9400}
      net   : u_core/core_i/id_stage_i/register_file_i/N985
    shape PATH_15_35689
      layer : M3
      bbox  : {35.6280 20.5800} {43.5880 20.6360}
      net   : u_core/core_i/id_stage_i/ZBUF_85_329
    shape PATH_13_38637
      layer : M2
      bbox  : {36.3880 6.4440} {36.4440 38.5720}
      net   : u_core/core_i/id_stage_i/ZBUF_81_295
    shape PATH_13_102452
      layer : M2
      bbox  : {36.6920 3.8600} {36.7480 39.1800}
      net   : u_core/core_i/id_stage_i/ZBUF_66_73

Marker Off-grid_VIA1_(12)_2
  error_id    : 2
  error_type  : Off-grid
  error_layer : VIA1 (12)
  center      : 20.732999999999997 22.28
  bbox        : {20.708 22.179} {20.758 22.381}
  search_box  : {20.458 21.929} {21.008 22.631}
  pins        : 3
    pin u_core/core_i/id_stage_i/U2688/A1
      bbox     : {20.4010 22.3030} {20.5730 22.4870}
      layer    : M1 CO
      net      : u_core/core_i/id_stage_i/ZBUF_23_75
      cell     : u_core/core_i/id_stage_i/U2688
      ref_name : NOR2X4_HVT
      origin   : 20.1520 21.6720
    pin u_core/core_i/id_stage_i/U2688/VDD
      bbox     : {20.1520 22.5830} {22.1280 23.3740}
      layer    : M1 CO
      net      : u_core/core_i/id_stage_i/VDD
      cell     : u_core/core_i/id_stage_i/U2688
      ref_name : NOR2X4_HVT
      origin   : 20.1520 21.6720
    pin u_core/core_i/id_stage_i/U2688/VSS
      bbox     : {20.1520 21.6420} {22.1280 22.0830}
      layer    : M1 CO
      net      : u_core/core_i/id_stage_i/VSS
      cell     : u_core/core_i/id_stage_i/U2688
      ref_name : NOR2X4_HVT
      origin   : 20.1520 21.6720
  cells       : 1
    cell u_core/core_i/id_stage_i/U2688 ref=NOR2X4_HVT origin=20.1520 21.6720
  shapes      : 3
    shape PATH_11_12922
      layer : M1
      bbox  : {20.2740 22.4020} {20.5170 22.4620}
      net   : u_core/core_i/id_stage_i/ZBUF_23_75
    shape PATH_13_48254
      layer : M2
      bbox  : {20.7050 22.2520} {21.0920 22.3080}
      net   : u_core/core_i/id_stage_i/controller_i/debug_fsm_ns[0]
    shape PATH_15_52757
      layer : M3
      bbox  : {20.2760 22.4040} {22.1560 22.4600}
      net   : u_core/core_i/id_stage_i/ZBUF_23_75

Marker Off-grid_VIA1_(12)_3
  error_id    : 4
  error_type  : Off-grid
  error_layer : VIA1 (12)
  center      : 37.174 45.688
  bbox        : {37.149 45.587} {37.199 45.789}
  search_box  : {36.899 45.337} {37.449 46.039}
  pins        : 2
    pin u_core/core_i/id_stage_i/U1193/A1
      bbox     : {36.8170 45.7110} {36.9890 45.8950}
      layer    : M1 CO
      net      : u_core/core_i/id_stage_i/ZBUF_50_404
      cell     : u_core/core_i/id_stage_i/U1193
      ref_name : NOR2X4_HVT
      origin   : 36.5680 45.0800
    pin u_core/core_i/id_stage_i/U1193/VSS
      bbox     : {36.5680 45.0500} {38.5440 45.4910}
      layer    : M1 CO
      net      : u_core/core_i/id_stage_i/VSS
      cell     : u_core/core_i/id_stage_i/U1193
      ref_name : NOR2X4_HVT
      origin   : 36.5680 45.0800
  cells       : 1
    cell u_core/core_i/id_stage_i/U1193 ref=NOR2X4_HVT origin=36.5680 45.0800
  shapes      : 10
    shape PATH_21_86
      layer : M6
      bbox  : {36.9960 26.0520} {37.0520 57.7240}
      net   : irq_ack_o
    shape PATH_23_950
      layer : M7
      bbox  : {33.9560 45.5080} {73.5320 45.5640}
      net   : u_core/core_i/id_stage_i/ZBUF_493_404
    shape PATH_19_5147
      layer : M5
      bbox  : {36.0840 45.5080} {43.7400 45.5640}
      net   : u_core/core_i/id_stage_i/ZBUF_66_399
    shape PATH_11_11536
      layer : M1
      bbox  : {36.6900 45.8100} {36.9330 45.8700}
      net   : u_core/core_i/id_stage_i/ZBUF_50_404
    shape PATH_17_13446
      layer : M4
      bbox  : {37.3000 44.5960} {37.3560 48.6040}
      net   : u_core/core_i/id_stage_i/ZBUF_1358_35
    shape PATH_15_32001
      layer : M3
      bbox  : {36.0840 45.5080} {38.4200 45.5640}
      net   : u_core/core_i/id_stage_i/n397
    shape PATH_15_53741
      layer : M3
      bbox  : {31.9800 45.8120} {42.2200 45.8680}
      net   : u_core/core_i/id_stage_i/ZBUF_2_86
    shape PATH_13_59670
      layer : M2
      bbox  : {37.1480 43.9880} {37.2040 45.7160}
      net   : u_core/core_i/id_stage_i/n129
    shape PATH_13_62667
      layer : M2
      bbox  : {36.9960 43.0760} {37.0520 58.4840}
      net   : u_core/core_i/id_stage_i/n341
    shape PATH_13_95530
      layer : M2
      bbox  : {36.8440 31.8280} {36.9000 46.9320}
      net   : ZBUF_524_27

Marker Short_M1_(11)_1
  error_id    : 109
  error_type  : Short
  error_layer : M1 (11)
  center      : 300.744 302.568
  bbox        : {300.669 302.488} {300.819 302.648}
  search_box  : {300.419 302.238} {301.069 302.898}
  pins        : 2
    pin u_core/core_i/if_stage_i/prefetch_buffer_i/fifo_i/mem_q_reg[1][27]/RSTB
      bbox     : {300.1870 302.3610} {301.3170 302.4800}
      layer    : M1 CO
      net      : u_core/core_i/ZBUF_793_403
      cell     : u_core/core_i/if_stage_i/prefetch_buffer_i/fifo_i/mem_q_reg[1][27]
      ref_name : SDFFARX1_RVT
      origin   : 297.2480 302.5680
    pin u_core/core_i/if_stage_i/prefetch_buffer_i/fifo_i/mem_q_reg[1][27]/VSS
      bbox     : {297.2480 302.0530} {302.7200 302.5980}
      layer    : M1 CO
      net      : u_core/core_i/VSS
      cell     : u_core/core_i/if_stage_i/prefetch_buffer_i/fifo_i/mem_q_reg[1][27]
      ref_name : SDFFARX1_RVT
      origin   : 297.2480 302.5680
  cells       : 1
    cell u_core/core_i/if_stage_i/prefetch_buffer_i/fifo_i/mem_q_reg[1][27] ref=SDFFARX1_RVT origin=297.2480 302.5680
  shapes      : 4
    shape PATH_25_25
      layer : M8
      bbox  : {299.5000 10.0000} {300.5000 315.9120}
      net   : VSS
    shape PATH_11_169
      layer : M1
      bbox  : {20.0000 302.5380} {306.9760 302.5980}
      net   : VSS
    shape PATH_15_38162
      layer : M3
      bbox  : {299.3480 302.6920} {300.6200 302.7480}
      net   : u_core/core_i/ZBUF_793_403
    shape PATH_13_73927
      layer : M2
      bbox  : {300.5640 299.3480} {300.6200 302.4440}
      net   : u_core/core_i/ZBUF_793_403

Marker Hotspot_040to060_060to080_1
  error_id    : 14
  error_type  : Off-grid
  error_layer : VIA1 (12)
  center      : 56.909 69.096
  bbox        : {56.884 68.995} {56.934 69.197}
  search_box  : {56.634 68.745} {57.184 69.447}
  pins        : 3
    pin u_core/core_i/id_stage_i/U1700/A1
      bbox     : {56.5770 69.1190} {56.7490 69.3030}
      layer    : M1 CO
      net      : u_core/core_i/id_stage_i/n3076
      cell     : u_core/core_i/id_stage_i/U1700
      ref_name : NOR2X4_HVT
      origin   : 56.3280 68.4880
    pin u_core/core_i/id_stage_i/U1700/VDD
      bbox     : {56.3280 69.3990} {58.3040 70.1900}
      layer    : M1 CO
      net      : u_core/core_i/id_stage_i/VDD
      cell     : u_core/core_i/id_stage_i/U1700
      ref_name : NOR2X4_HVT
      origin   : 56.3280 68.4880
    pin u_core/core_i/id_stage_i/U1700/VSS
      bbox     : {56.3280 68.4580} {58.3040 68.8990}
      layer    : M1 CO
      net      : u_core/core_i/id_stage_i/VSS
      cell     : u_core/core_i/id_stage_i/U1700
      ref_name : NOR2X4_HVT
      origin   : 56.3280 68.4880
  cells       : 1
    cell u_core/core_i/id_stage_i/U1700 ref=NOR2X4_HVT origin=56.3280 68.4880
  shapes      : 6
    shape PATH_19_6390
      layer : M5
      bbox  : {45.8120 69.2200} {61.9800 69.2760}
      net   : u_core/core_i/id_stage_i/ZBUF_843_35
    shape PATH_17_14672
      layer : M4
      bbox  : {56.7560 43.0760} {56.8120 177.1960}
      net   : u_core/core_i/id_stage_i/ZBUF_47_82
    shape PATH_15_29501
      layer : M3
      bbox  : {54.3240 69.2200} {63.8040 69.2760}
      net   : u_core/core_i/id_stage_i/n104
    shape PATH_13_42345
      layer : M2
      bbox  : {57.0600 61.6200} {57.1160 74.4440}
      net   : u_core/core_i/id_stage_i/register_file_i/N1280
    shape PATH_13_56389
      layer : M2
      bbox  : {56.6040 67.0920} {56.6600 69.1240}
      net   : u_core/core_i/id_stage_i/n3076
    shape PATH_13_58953
      layer : M2
      bbox  : {56.9080 69.0680} {56.9640 69.8840}
      net   : u_core/core_i/id_stage_i/n97

Marker Hotspot_040to060_060to080_2
  error_id    : 15
  error_type  : Off-grid
  error_layer : M2 (13)
  center      : 56.909 69.096
  bbox        : {56.854 68.99} {56.964 69.202}
  search_box  : {56.604 68.74} {57.214 69.452}
  pins        : 3
    pin u_core/core_i/id_stage_i/U1700/A1
      bbox     : {56.5770 69.1190} {56.7490 69.3030}
      layer    : M1 CO
      net      : u_core/core_i/id_stage_i/n3076
      cell     : u_core/core_i/id_stage_i/U1700
      ref_name : NOR2X4_HVT
      origin   : 56.3280 68.4880
    pin u_core/core_i/id_stage_i/U1700/VDD
      bbox     : {56.3280 69.3990} {58.3040 70.1900}
      layer    : M1 CO
      net      : u_core/core_i/id_stage_i/VDD
      cell     : u_core/core_i/id_stage_i/U1700
      ref_name : NOR2X4_HVT
      origin   : 56.3280 68.4880
    pin u_core/core_i/id_stage_i/U1700/VSS
      bbox     : {56.3280 68.4580} {58.3040 68.8990}
      layer    : M1 CO
      net      : u_core/core_i/id_stage_i/VSS
      cell     : u_core/core_i/id_stage_i/U1700
      ref_name : NOR2X4_HVT
      origin   : 56.3280 68.4880
  cells       : 1
    cell u_core/core_i/id_stage_i/U1700 ref=NOR2X4_HVT origin=56.3280 68.4880
  shapes      : 7
    shape PATH_19_6390
      layer : M5
      bbox  : {45.8120 69.2200} {61.9800 69.2760}
      net   : u_core/core_i/id_stage_i/ZBUF_843_35
    shape PATH_17_14672
      layer : M4
      bbox  : {56.7560 43.0760} {56.8120 177.1960}
      net   : u_core/core_i/id_stage_i/ZBUF_47_82
    shape PATH_15_29501
      layer : M3
      bbox  : {54.3240 69.2200} {63.8040 69.2760}
      net   : u_core/core_i/id_stage_i/n104
    shape PATH_13_42345
      layer : M2
      bbox  : {57.0600 61.6200} {57.1160 74.4440}
      net   : u_core/core_i/id_stage_i/register_file_i/N1280
    shape PATH_13_56389
      layer : M2
      bbox  : {56.6040 67.0920} {56.6600 69.1240}
      net   : u_core/core_i/id_stage_i/n3076
    shape PATH_13_58953
      layer : M2
      bbox  : {56.9080 69.0680} {56.9640 69.8840}
      net   : u_core/core_i/id_stage_i/n97
    shape PATH_13_61436
      layer : M2
      bbox  : {57.2120 62.5320} {57.2680 73.2280}
      net   : u_core/core_i/id_stage_i/n283

Marker Hotspot_040to060_060to080_3
  error_id    : 16
  error_type  : Off-grid
  error_layer : VIA1 (12)
  center      : 47.941 62.408
  bbox        : {47.916 62.307} {47.966 62.509}
  search_box  : {47.666 62.057} {48.216 62.759}
  pins        : 3
    pin u_core/core_i/id_stage_i/U1198/A1
      bbox     : {47.6090 62.4310} {47.7810 62.6150}
      layer    : M1 CO
      net      : u_core/core_i/id_stage_i/n3076
      cell     : u_core/core_i/id_stage_i/U1198
      ref_name : NOR2X4_HVT
      origin   : 47.3600 61.8000
    pin u_core/core_i/id_stage_i/U1198/VDD
      bbox     : {47.3600 62.7110} {49.3360 63.5020}
      layer    : M1 CO
      net      : u_core/core_i/id_stage_i/VDD
      cell     : u_core/core_i/id_stage_i/U1198
      ref_name : NOR2X4_HVT
      origin   : 47.3600 61.8000
    pin u_core/core_i/id_stage_i/U1198/VSS
      bbox     : {47.3600 61.7700} {49.3360 62.2110}
      layer    : M1 CO
      net      : u_core/core_i/id_stage_i/VSS
      cell     : u_core/core_i/id_stage_i/U1198
      ref_name : NOR2X4_HVT
      origin   : 47.3600 61.8000
  cells       : 1
    cell u_core/core_i/id_stage_i/U1198 ref=NOR2X4_HVT origin=47.3600 61.8000
  shapes      : 7
    shape PATH_19_4056
      layer : M5
      bbox  : {41.5560 62.5320} {53.7720 62.5880}
      net   : u_core/core_i/id_stage_i/n392
    shape PATH_11_7716
      layer : M1
      bbox  : {47.1830 62.3830} {47.6890 62.4330}
      net   : u_core/core_i/id_stage_i/n3076
    shape PATH_17_12716
      layer : M4
      bbox  : {47.9400 58.5800} {47.9960 79.0040}
      net   : u_core/core_i/ZCTSNET_7
    shape PATH_17_13132
      layer : M4
      bbox  : {47.6360 52.5000} {47.6920 63.8040}
      net   : u_core/core_i/id_stage_i/ZBUF_37_10
    shape PATH_15_28024
      layer : M3
      bbox  : {47.1800 62.2280} {53.3160 62.2840}
      net   : u_core/core_i/id_stage_i/n3076
    shape PATH_15_32056
      layer : M3
      bbox  : {47.0280 62.5320} {49.2120 62.5880}
      net   : u_core/core_i/id_stage_i/n400
    shape PATH_13_58944
      layer : M2
      bbox  : {47.9400 62.3800} {47.9960 63.1960}
      net   : u_core/core_i/id_stage_i/n97

Marker Hotspot_180to200_200to220_1
  error_id    : 53
  error_type  : Off-grid
  error_layer : M2 (13)
  center      : 192.493 206.2
  bbox        : {192.438 206.094} {192.548 206.306}
  search_box  : {192.188 205.844} {192.798 206.556}
  pins        : 3
    pin u_core/core_i/U1897/A1
      bbox     : {192.1610 206.2230} {192.3330 206.4070}
      layer    : M1 CO
      net      : u_core/core_i/n4236
      cell     : u_core/core_i/U1897
      ref_name : NOR2X4_HVT
      origin   : 191.9120 205.5920
    pin u_core/core_i/U1897/VDD
      bbox     : {191.9120 206.5030} {193.8880 207.2940}
      layer    : M1 CO
      net      : u_core/core_i/VDD
      cell     : u_core/core_i/U1897
      ref_name : NOR2X4_HVT
      origin   : 191.9120 205.5920
    pin u_core/core_i/U1897/VSS
      bbox     : {191.9120 205.5620} {193.8880 206.0030}
      layer    : M1 CO
      net      : u_core/core_i/VSS
      cell     : u_core/core_i/U1897
      ref_name : NOR2X4_HVT
      origin   : 191.9120 205.5920
  cells       : 1
    cell u_core/core_i/U1897 ref=NOR2X4_HVT origin=191.9120 205.5920
  shapes      : 6
    shape PATH_23_369
      layer : M7
      bbox  : {184.1320 206.0200} {222.4920 206.0760}
      net   : u_core/core_i/csr_rdata[26]
    shape PATH_19_1858
      layer : M5
      bbox  : {176.8360 206.0200} {204.2520 206.0760}
      net   : u_core/core_i/csr_rdata[9]
    shape PATH_17_3059
      layer : M4
      bbox  : {192.3400 110.5640} {192.3960 266.2680}
      net   : u_core/core_i/n2891
    shape PATH_11_4238
      layer : M1
      bbox  : {191.8870 206.3270} {192.2410 206.3770}
      net   : u_core/core_i/n4236
    shape PATH_13_5346
      layer : M2
      bbox  : {192.7960 203.5880} {192.8520 207.9000}
      net   : u_core/core_i/ex_stage_i/alu_i/alu_div_i/ResReg_DP_rev[4]
    shape PATH_13_25194
      layer : M2
      bbox  : {192.4920 206.1720} {192.5480 207.9000}
      net   : u_core/core_i/n5879

Marker Hotspot_180to200_200to220_2
  error_id    : 54
  error_type  : Off-grid
  error_layer : VIA1 (12)
  center      : 192.493 206.2
  bbox        : {192.468 206.099} {192.518 206.301}
  search_box  : {192.218 205.849} {192.768 206.551}
  pins        : 3
    pin u_core/core_i/U1897/A1
      bbox     : {192.1610 206.2230} {192.3330 206.4070}
      layer    : M1 CO
      net      : u_core/core_i/n4236
      cell     : u_core/core_i/U1897
      ref_name : NOR2X4_HVT
      origin   : 191.9120 205.5920
    pin u_core/core_i/U1897/VDD
      bbox     : {191.9120 206.5030} {193.8880 207.2940}
      layer    : M1 CO
      net      : u_core/core_i/VDD
      cell     : u_core/core_i/U1897
      ref_name : NOR2X4_HVT
      origin   : 191.9120 205.5920
    pin u_core/core_i/U1897/VSS
      bbox     : {191.9120 205.5620} {193.8880 206.0030}
      layer    : M1 CO
      net      : u_core/core_i/VSS
      cell     : u_core/core_i/U1897
      ref_name : NOR2X4_HVT
      origin   : 191.9120 205.5920
  cells       : 1
    cell u_core/core_i/U1897 ref=NOR2X4_HVT origin=191.9120 205.5920
  shapes      : 5
    shape PATH_23_369
      layer : M7
      bbox  : {184.1320 206.0200} {222.4920 206.0760}
      net   : u_core/core_i/csr_rdata[26]
    shape PATH_19_1858
      layer : M5
      bbox  : {176.8360 206.0200} {204.2520 206.0760}
      net   : u_core/core_i/csr_rdata[9]
    shape PATH_17_3059
      layer : M4
      bbox  : {192.3400 110.5640} {192.3960 266.2680}
      net   : u_core/core_i/n2891
    shape PATH_11_4238
      layer : M1
      bbox  : {191.8870 206.3270} {192.2410 206.3770}
      net   : u_core/core_i/n4236
    shape PATH_13_25194
      layer : M2
      bbox  : {192.4920 206.1720} {192.5480 207.9000}
      net   : u_core/core_i/n5879

Marker Hotspot_180to200_200to220_3
  error_id    : 55
  error_type  : Off-grid
  error_layer : M2 (13)
  center      : 199.387 204.98399999999998
  bbox        : {199.332 204.878} {199.442 205.09}
  search_box  : {199.082 204.628} {199.692 205.34}
  pins        : 3
    pin u_core/core_i/U2033/A1
      bbox     : {199.5470 204.7770} {199.7190 204.9610}
      layer    : M1 CO
      net      : u_core/core_i/n4236
      cell     : u_core/core_i/U2033
      ref_name : NOR2X4_HVT
      origin   : 199.9680 205.5920
    pin u_core/core_i/U2033/VDD
      bbox     : {197.9920 203.8900} {199.9680 204.6810}
      layer    : M1 CO
      net      : u_core/core_i/VDD
      cell     : u_core/core_i/U2033
      ref_name : NOR2X4_HVT
      origin   : 199.9680 205.5920
    pin u_core/core_i/U2033/VSS
      bbox     : {197.9920 205.1810} {199.9680 205.6220}
      layer    : M1 CO
      net      : u_core/core_i/VSS
      cell     : u_core/core_i/U2033
      ref_name : NOR2X4_HVT
      origin   : 199.9680 205.5920
  cells       : 1
    cell u_core/core_i/U2033 ref=NOR2X4_HVT origin=199.9680 205.5920
  shapes      : 7
    shape PATH_25_20
      layer : M8
      bbox  : {199.5000 13.0000} {200.5000 312.9120}
      net   : VDD
    shape PATH_23_372
      layer : M7
      bbox  : {193.8600 204.8040} {210.9400 204.8600}
      net   : u_core/core_i/csr_rdata[13]
    shape PATH_15_3400
      layer : M3
      bbox  : {190.3640 204.8040} {205.0120 204.8600}
      net   : u_core/core_i/n364
    shape PATH_11_4241
      layer : M1
      bbox  : {199.6390 204.9590} {200.6010 205.0090}
      net   : u_core/core_i/n4236
    shape PATH_19_6631
      layer : M5
      bbox  : {196.5960 204.8040} {219.4520 204.8600}
      net   : u_core/core_i/ZBUF_148_39
    shape PATH_15_15918
      layer : M3
      bbox  : {196.5960 205.1080} {200.6040 205.1640}
      net   : u_core/core_i/n4236
    shape PATH_13_25196
      layer : M2
      bbox  : {199.3320 204.5000} {199.3880 205.0120}
      net   : u_core/core_i/n5880

Marker Hotspot_220to240_180to200_1
  error_id    : 45
  error_type  : Off-grid
  error_layer : VIA1 (12)
  center      : 230.64499999999998 191.608
  bbox        : {230.62 191.507} {230.67 191.709}
  search_box  : {230.37 191.257} {230.92 191.959}
  pins        : 3
    pin u_core/core_i/U4266/A1
      bbox     : {230.3130 191.4010} {230.4850 191.5850}
      layer    : M1 CO
      net      : u_core/core_i/ZBUF_156_60
      cell     : u_core/core_i/U4266
      ref_name : NOR2X4_HVT
      origin   : 230.0640 192.2160
    pin u_core/core_i/U4266/VDD
      bbox     : {230.0640 190.5140} {232.0400 191.3050}
      layer    : M1 CO
      net      : u_core/core_i/VDD
      cell     : u_core/core_i/U4266
      ref_name : NOR2X4_HVT
      origin   : 230.0640 192.2160
    pin u_core/core_i/U4266/VSS
      bbox     : {230.0640 191.8050} {232.0400 192.2460}
      layer    : M1 CO
      net      : u_core/core_i/VSS
      cell     : u_core/core_i/U4266
      ref_name : NOR2X4_HVT
      origin   : 230.0640 192.2160
  cells       : 1
    cell u_core/core_i/U4266 ref=NOR2X4_HVT origin=230.0640 192.2160
  shapes      : 9
    shape PATH_21_28
      layer : M6
      bbox  : {230.3400 140.3560} {230.3960 195.1320}
      net   : dm_exception_addr_i[30]
    shape PATH_13_5147
      layer : M2
      bbox  : {230.7960 190.8200} {230.8520 193.0040}
      net   : u_core/core_i/ex_stage_i/alu_i/alu_div_i/AReg_DP[8]
    shape PATH_19_7352
      layer : M5
      bbox  : {199.9400 191.4280} {248.0280 191.4840}
      net   : u_core/core_i/id_stage_i/ZBUF_488_133
    shape PATH_13_25314
      layer : M2
      bbox  : {230.3400 190.3640} {230.3960 191.4840}
      net   : u_core/core_i/n5921
    shape PATH_13_25315
      layer : M2
      bbox  : {229.4280 191.4280} {230.3960 191.4840}
      net   : u_core/core_i/n5921
    shape PATH_13_25331
      layer : M2
      bbox  : {230.6440 191.5800} {230.7000 196.0440}
      net   : u_core/core_i/n5925
    shape PATH_15_52342
      layer : M3
      bbox  : {225.1720 191.7320} {230.3960 191.7880}
      net   : u_core/core_i/ZBUF_156_60
    shape PATH_15_52343
      layer : M3
      bbox  : {230.3400 191.7320} {232.5240 191.7880}
      net   : u_core/core_i/ZBUF_156_60
    shape PATH_13_101776
      layer : M2
      bbox  : {230.3400 191.5800} {230.3960 191.7880}
      net   : u_core/core_i/ZBUF_156_60

Marker Hotspot_220to240_180to200_2
  error_id    : 46
  error_type  : Off-grid
  error_layer : M2 (13)
  center      : 230.64499999999998 191.608
  bbox        : {230.59 191.502} {230.7 191.714}
  search_box  : {230.34 191.252} {230.95 191.964}
  pins        : 3
    pin u_core/core_i/U4266/A1
      bbox     : {230.3130 191.4010} {230.4850 191.5850}
      layer    : M1 CO
      net      : u_core/core_i/ZBUF_156_60
      cell     : u_core/core_i/U4266
      ref_name : NOR2X4_HVT
      origin   : 230.0640 192.2160
    pin u_core/core_i/U4266/VDD
      bbox     : {230.0640 190.5140} {232.0400 191.3050}
      layer    : M1 CO
      net      : u_core/core_i/VDD
      cell     : u_core/core_i/U4266
      ref_name : NOR2X4_HVT
      origin   : 230.0640 192.2160
    pin u_core/core_i/U4266/VSS
      bbox     : {230.0640 191.8050} {232.0400 192.2460}
      layer    : M1 CO
      net      : u_core/core_i/VSS
      cell     : u_core/core_i/U4266
      ref_name : NOR2X4_HVT
      origin   : 230.0640 192.2160
  cells       : 1
    cell u_core/core_i/U4266 ref=NOR2X4_HVT origin=230.0640 192.2160
  shapes      : 11
    shape PATH_21_28
      layer : M6
      bbox  : {230.3400 140.3560} {230.3960 195.1320}
      net   : dm_exception_addr_i[30]
    shape PATH_13_5147
      layer : M2
      bbox  : {230.7960 190.8200} {230.8520 193.0040}
      net   : u_core/core_i/ex_stage_i/alu_i/alu_div_i/AReg_DP[8]
    shape PATH_19_7352
      layer : M5
      bbox  : {199.9400 191.4280} {248.0280 191.4840}
      net   : u_core/core_i/id_stage_i/ZBUF_488_133
    shape PATH_17_15015
      layer : M4
      bbox  : {230.9480 182.0040} {231.0040 195.7400}
      net   : u_core/core_i/cs_registers_i/ZBUF_114_115
    shape PATH_13_25314
      layer : M2
      bbox  : {230.3400 190.3640} {230.3960 191.4840}
      net   : u_core/core_i/n5921
    shape PATH_13_25315
      layer : M2
      bbox  : {229.4280 191.4280} {230.3960 191.4840}
      net   : u_core/core_i/n5921
    shape PATH_13_25331
      layer : M2
      bbox  : {230.6440 191.5800} {230.7000 196.0440}
      net   : u_core/core_i/n5925
    shape PATH_15_52342
      layer : M3
      bbox  : {225.1720 191.7320} {230.3960 191.7880}
      net   : u_core/core_i/ZBUF_156_60
    shape PATH_15_52343
      layer : M3
      bbox  : {230.3400 191.7320} {232.5240 191.7880}
      net   : u_core/core_i/ZBUF_156_60
    shape PATH_13_101776
      layer : M2
      bbox  : {230.3400 191.5800} {230.3960 191.7880}
      net   : u_core/core_i/ZBUF_156_60
    shape PATH_13_111119
      layer : M2
      bbox  : {230.9480 180.6360} {231.0040 203.0360}
      net   : u_core/core_i/ZBUF_298_220

Marker Hotspot_220to240_180to200_3
  error_id    : 47
  error_type  : Off-grid
  error_layer : VIA1 (12)
  center      : 220.81900000000002 192.824
  bbox        : {220.794 192.723} {220.844 192.925}
  search_box  : {220.544 192.473} {221.094 193.175}
  pins        : 3
    pin u_core/core_i/U4285/A1
      bbox     : {220.9790 192.8470} {221.1510 193.0310}
      layer    : M1 CO
      net      : u_core/core_i/ZBUF_28_174
      cell     : u_core/core_i/U4285
      ref_name : NOR2X4_HVT
      origin   : 221.4000 192.2160
    pin u_core/core_i/U4285/VDD
      bbox     : {219.4240 193.1270} {221.4000 193.9180}
      layer    : M1 CO
      net      : u_core/core_i/VDD
      cell     : u_core/core_i/U4285
      ref_name : NOR2X4_HVT
      origin   : 221.4000 192.2160
    pin u_core/core_i/U4285/VSS
      bbox     : {219.4240 192.1860} {221.4000 192.6270}
      layer    : M1 CO
      net      : u_core/core_i/VSS
      cell     : u_core/core_i/U4285
      ref_name : NOR2X4_HVT
      origin   : 221.4000 192.2160
  cells       : 1
    cell u_core/core_i/U4285 ref=NOR2X4_HVT origin=221.4000 192.2160
  shapes      : 8
    shape PATH_21_605
      layer : M6
      bbox  : {220.6120 187.1720} {220.6680 202.4280}
      net   : u_core/core_i/n3456
    shape PATH_23_973
      layer : M7
      bbox  : {173.7960 192.6440} {227.3560 192.7000}
      net   : u_core/core_i/cs_registers_i/ZBUF_152_0
    shape PATH_17_2328
      layer : M4
      bbox  : {220.6120 178.9640} {220.6680 213.0680}
      net   : u_core/core_i/n5392
    shape PATH_17_2445
      layer : M4
      bbox  : {220.9160 180.1800} {220.9720 208.2040}
      net   : u_core/core_i/n5596
    shape PATH_19_6763
      layer : M5
      bbox  : {199.3320 192.6440} {224.0120 192.7000}
      net   : u_core/core_i/ZBUF_48_55
    shape PATH_15_9971
      layer : M3
      bbox  : {218.0280 192.9480} {222.3400 193.0040}
      net   : u_core/core_i/n4685
    shape PATH_11_13886
      layer : M1
      bbox  : {221.0710 192.7990} {221.4250 192.8490}
      net   : u_core/core_i/ZBUF_28_174
    shape PATH_13_25303
      layer : M2
      bbox  : {220.6120 192.7960} {220.6680 195.7400}
      net   : u_core/core_i/n5917

Marker Hotspot_200to220_200to220_1
  error_id    : 63
  error_type  : Off-grid
  error_layer : M2 (13)
  center      : 201.942 208.328
  bbox        : {201.912 208.197} {201.972 208.459}
  search_box  : {201.662 207.947} {202.222 208.709}
  pins        : 3
    pin u_core/core_i/U2150/A1
      bbox     : {201.5850 208.1210} {201.7570 208.3050}
      layer    : M1 CO
      net      : u_core/core_i/n4236
      cell     : u_core/core_i/U2150
      ref_name : NOR2X4_HVT
      origin   : 201.3360 208.9360
    pin u_core/core_i/U2150/VDD
      bbox     : {201.3360 207.2340} {203.3120 208.0250}
      layer    : M1 CO
      net      : u_core/core_i/VDD
      cell     : u_core/core_i/U2150
      ref_name : NOR2X4_HVT
      origin   : 201.3360 208.9360
    pin u_core/core_i/U2150/VSS
      bbox     : {201.3360 208.5250} {203.3120 208.9660}
      layer    : M1 CO
      net      : u_core/core_i/VSS
      cell     : u_core/core_i/U2150
      ref_name : NOR2X4_HVT
      origin   : 201.3360 208.9360
  cells       : 1
    cell u_core/core_i/U2150 ref=NOR2X4_HVT origin=201.3360 208.9360
  shapes      : 7
    shape PATH_23_20
      layer : M7
      bbox  : {13.0000 207.5000} {313.9760 208.5000}
      net   : VDD
    shape PATH_19_483
      layer : M5
      bbox  : {200.5480 208.4520} {239.2120 208.5080}
      net   : u_core/core_i/n1096
    shape PATH_17_2568
      layer : M4
      bbox  : {202.0680 193.2520} {202.1240 210.9400}
      net   : u_core/core_i/n48
    shape PATH_11_4246
      layer : M1
      bbox  : {200.7030 208.1510} {201.6650 208.2010}
      net   : u_core/core_i/n4236
    shape PATH_13_5111
      layer : M2
      bbox  : {201.7640 204.8040} {201.8200 211.5480}
      net   : u_core/core_i/ex_stage_i/alu_i/alu_div_i/AReg_DP[13]
    shape PATH_13_25198
      layer : M2
      bbox  : {202.0680 200.0920} {202.1240 208.3560}
      net   : u_core/core_i/n5881
    shape PATH_13_28341
      layer : M2
      bbox  : {201.6120 204.5000} {201.6680 218.0840}
      net   : u_core/core_i/n534

Marker Hotspot_200to220_200to220_2
  error_id    : 64
  error_type  : Off-grid
  error_layer : VIA1 (12)
  center      : 201.942 208.328
  bbox        : {201.917 208.227} {201.967 208.429}
  search_box  : {201.667 207.977} {202.217 208.679}
  pins        : 2
    pin u_core/core_i/U2150/A1
      bbox     : {201.5850 208.1210} {201.7570 208.3050}
      layer    : M1 CO
      net      : u_core/core_i/n4236
      cell     : u_core/core_i/U2150
      ref_name : NOR2X4_HVT
      origin   : 201.3360 208.9360
    pin u_core/core_i/U2150/VSS
      bbox     : {201.3360 208.5250} {203.3120 208.9660}
      layer    : M1 CO
      net      : u_core/core_i/VSS
      cell     : u_core/core_i/U2150
      ref_name : NOR2X4_HVT
      origin   : 201.3360 208.9360
  cells       : 1
    cell u_core/core_i/U2150 ref=NOR2X4_HVT origin=201.3360 208.9360
  shapes      : 6
    shape PATH_23_20
      layer : M7
      bbox  : {13.0000 207.5000} {313.9760 208.5000}
      net   : VDD
    shape PATH_19_483
      layer : M5
      bbox  : {200.5480 208.4520} {239.2120 208.5080}
      net   : u_core/core_i/n1096
    shape PATH_17_2568
      layer : M4
      bbox  : {202.0680 193.2520} {202.1240 210.9400}
      net   : u_core/core_i/n48
    shape PATH_13_5111
      layer : M2
      bbox  : {201.7640 204.8040} {201.8200 211.5480}
      net   : u_core/core_i/ex_stage_i/alu_i/alu_div_i/AReg_DP[13]
    shape PATH_13_25198
      layer : M2
      bbox  : {202.0680 200.0920} {202.1240 208.3560}
      net   : u_core/core_i/n5881
    shape PATH_13_28341
      layer : M2
      bbox  : {201.6120 204.5000} {201.6680 218.0840}
      net   : u_core/core_i/n534

Marker Hotspot_200to220_200to220_3
  error_id    : 65
  error_type  : Off-grid
  error_layer : VIA1 (12)
  center      : 204.653 211.672
  bbox        : {204.628 211.571} {204.678 211.773}
  search_box  : {204.378 211.321} {204.928 212.023}
  pins        : 3
    pin u_core/core_i/U2470/A1
      bbox     : {204.3210 211.4650} {204.4930 211.6490}
      layer    : M1 CO
      net      : u_core/core_i/n4236
      cell     : u_core/core_i/U2470
      ref_name : NOR2X4_HVT
      origin   : 204.0720 212.2800
    pin u_core/core_i/U2470/VDD
      bbox     : {204.0720 210.5780} {206.0480 211.3690}
      layer    : M1 CO
      net      : u_core/core_i/VDD
      cell     : u_core/core_i/U2470
      ref_name : NOR2X4_HVT
      origin   : 204.0720 212.2800
    pin u_core/core_i/U2470/VSS
      bbox     : {204.0720 211.8690} {206.0480 212.3100}
      layer    : M1 CO
      net      : u_core/core_i/VSS
      cell     : u_core/core_i/U2470
      ref_name : NOR2X4_HVT
      origin   : 204.0720 212.2800
  cells       : 1
    cell u_core/core_i/U2470 ref=NOR2X4_HVT origin=204.0720 212.2800
  shapes      : 7
    shape PATH_15_2969
      layer : M3
      bbox  : {202.0680 211.7960} {210.7880 211.8520}
      net   : u_core/core_i/ex_stage_i/alu_i/alu_div_i/AReg_DP[16]
    shape PATH_15_3390
      layer : M3
      bbox  : {180.9400 211.4920} {213.6760 211.5480}
      net   : u_core/core_i/n352
    shape PATH_19_4333
      layer : M5
      bbox  : {190.5160 211.4920} {249.8520 211.5480}
      net   : u_core/core_i/id_stage_i/n646
    shape PATH_17_15049
      layer : M4
      bbox  : {204.8040 206.0200} {204.8600 250.7640}
      net   : u_core/core_i/ZBUF_238_116
    shape PATH_13_25201
      layer : M2
      bbox  : {204.6520 211.6440} {204.7080 212.7640}
      net   : u_core/core_i/n5882
    shape PATH_13_28226
      layer : M2
      bbox  : {204.8040 206.9320} {204.8600 213.0680}
      net   : u_core/core_i/n478
    shape PATH_13_32870
      layer : M2
      bbox  : {204.3480 210.5800} {204.4040 211.5480}
      net   : u_core/core_i/n4236

Marker Hotspot_160to180_220to240_1
  error_id    : 69
  error_type  : Off-grid
  error_layer : M2 (13)
  center      : 172.758 225.048
  bbox        : {172.728 224.917} {172.788 225.179}
  search_box  : {172.478 224.667} {173.038 225.429}
  pins        : 3
    pin u_core/core_i/U937/A1
      bbox     : {172.4010 224.8410} {172.5730 225.0250}
      layer    : M1 CO
      net      : u_core/core_i/ZBUF_1201_77
      cell     : u_core/core_i/U937
      ref_name : NOR2X4_HVT
      origin   : 172.1520 225.6560
    pin u_core/core_i/U937/VDD
      bbox     : {172.1520 223.9540} {174.1280 224.7450}
      layer    : M1 CO
      net      : u_core/core_i/VDD
      cell     : u_core/core_i/U937
      ref_name : NOR2X4_HVT
      origin   : 172.1520 225.6560
    pin u_core/core_i/U937/VSS
      bbox     : {172.1520 225.2450} {174.1280 225.6860}
      layer    : M1 CO
      net      : u_core/core_i/VSS
      cell     : u_core/core_i/U937
      ref_name : NOR2X4_HVT
      origin   : 172.1520 225.6560
  cells       : 1
    cell u_core/core_i/U937 ref=NOR2X4_HVT origin=172.1520 225.6560
  shapes      : 9
    shape PATH_19_1016
      layer : M5
      bbox  : {170.1480 224.8680} {191.1800 224.9240}
      net   : u_core/core_i/n4784
    shape PATH_21_2361
      layer : M6
      bbox  : {172.5800 211.4920} {172.6360 260.1880}
      net   : u_core/core_i/ZBUF_2_62
    shape PATH_13_10895
      layer : M2
      bbox  : {173.0360 223.9560} {173.0920 228.4200}
      net   : u_core/core_i/n1856
    shape PATH_15_12544
      layer : M3
      bbox  : {147.3480 225.1720} {175.5240 225.2280}
      net   : u_core/core_i/n62
    shape PATH_11_13032
      layer : M1
      bbox  : {172.2790 224.8710} {172.4810 224.9210}
      net   : u_core/core_i/ZBUF_1201_77
    shape PATH_13_21306
      layer : M2
      bbox  : {172.8840 223.3480} {172.9400 236.1720}
      net   : u_core/core_i/n4807
    shape PATH_13_25185
      layer : M2
      bbox  : {172.4280 218.0280} {172.4840 224.9240}
      net   : u_core/core_i/n5876
    shape PATH_13_25186
      layer : M2
      bbox  : {172.4280 224.8680} {172.7860 224.9240}
      net   : u_core/core_i/n5876
    shape PATH_15_53288
      layer : M3
      bbox  : {171.9720 224.8680} {174.6120 224.9240}
      net   : u_core/core_i/ZBUF_1201_77

Marker Hotspot_160to180_220to240_2
  error_id    : 70
  error_type  : Off-grid
  error_layer : VIA1 (12)
  center      : 172.75799999999998 225.048
  bbox        : {172.733 224.947} {172.783 225.149}
  search_box  : {172.483 224.697} {173.033 225.399}
  pins        : 2
    pin u_core/core_i/U937/A1
      bbox     : {172.4010 224.8410} {172.5730 225.0250}
      layer    : M1 CO
      net      : u_core/core_i/ZBUF_1201_77
      cell     : u_core/core_i/U937
      ref_name : NOR2X4_HVT
      origin   : 172.1520 225.6560
    pin u_core/core_i/U937/VSS
      bbox     : {172.1520 225.2450} {174.1280 225.6860}
      layer    : M1 CO
      net      : u_core/core_i/VSS
      cell     : u_core/core_i/U937
      ref_name : NOR2X4_HVT
      origin   : 172.1520 225.6560
  cells       : 1
    cell u_core/core_i/U937 ref=NOR2X4_HVT origin=172.1520 225.6560
  shapes      : 7
    shape PATH_19_1016
      layer : M5
      bbox  : {170.1480 224.8680} {191.1800 224.9240}
      net   : u_core/core_i/n4784
    shape PATH_21_2361
      layer : M6
      bbox  : {172.5800 211.4920} {172.6360 260.1880}
      net   : u_core/core_i/ZBUF_2_62
    shape PATH_15_12544
      layer : M3
      bbox  : {147.3480 225.1720} {175.5240 225.2280}
      net   : u_core/core_i/n62
    shape PATH_13_21306
      layer : M2
      bbox  : {172.8840 223.3480} {172.9400 236.1720}
      net   : u_core/core_i/n4807
    shape PATH_13_25185
      layer : M2
      bbox  : {172.4280 218.0280} {172.4840 224.9240}
      net   : u_core/core_i/n5876
    shape PATH_13_25186
      layer : M2
      bbox  : {172.4280 224.8680} {172.7860 224.9240}
      net   : u_core/core_i/n5876
    shape PATH_15_53288
      layer : M3
      bbox  : {171.9720 224.8680} {174.6120 224.9240}
      net   : u_core/core_i/ZBUF_1201_77

Marker Hotspot_160to180_220to240_3
  error_id    : 71
  error_type  : Off-grid
  error_layer : VIA1 (12)
  center      : 169.11 225.048
  bbox        : {169.085 224.947} {169.135 225.149}
  search_box  : {168.835 224.697} {169.385 225.399}
  pins        : 2
    pin u_core/core_i/U2032/A1
      bbox     : {168.7530 224.8410} {168.9250 225.0250}
      layer    : M1 CO
      net      : u_core/core_i/ZBUF_34_61
      cell     : u_core/core_i/U2032
      ref_name : NOR2X4_HVT
      origin   : 168.5040 225.6560
    pin u_core/core_i/U2032/VSS
      bbox     : {168.5040 225.2450} {170.4800 225.6860}
      layer    : M1 CO
      net      : u_core/core_i/VSS
      cell     : u_core/core_i/U2032
      ref_name : NOR2X4_HVT
      origin   : 168.5040 225.6560
  cells       : 1
    cell u_core/core_i/U2032 ref=NOR2X4_HVT origin=168.5040 225.6560
  shapes      : 6
    shape PATH_15_12544
      layer : M3
      bbox  : {147.3480 225.1720} {175.5240 225.2280}
      net   : u_core/core_i/n62
    shape PATH_17_13100
      layer : M4
      bbox  : {169.2360 190.2120} {169.2920 257.4520}
      net   : u_core/core_i/ZBUF_2_8
    shape PATH_13_19249
      layer : M2
      bbox  : {169.2360 217.1160} {169.2920 234.0440}
      net   : u_core/core_i/n4243
    shape PATH_13_20007
      layer : M2
      bbox  : {168.9320 223.6520} {168.9880 226.4440}
      net   : u_core/core_i/n4479
    shape PATH_13_26230
      layer : M2
      bbox  : {169.0840 221.8280} {169.1400 225.0760}
      net   : u_core/core_i/n48
    shape PATH_13_32152
      layer : M2
      bbox  : {168.7800 223.5000} {168.8360 231.4600}
      net   : u_core/core_i/n3862

