****************************************
Report : qor
Design : cv32e40p_synth_wrap
Version: W-2024.09-SP2
Date   : Sat May  9 16:29:53 2026
****************************************


Scenario           'default'
Timing Path Group  '**in2reg_default**'
----------------------------------------
Levels of Logic:                     37
Critical Path Length:              4.09
Critical Path Slack:               5.77
Critical Path Clk Period:         10.00
Total Negative Slack:              0.00
No. of Violating Paths:               0
Worst Hold Violation:              0.00
Total Hold Violation:              0.00
No. of Hold Violations:               0
----------------------------------------

Scenario           'default'
Timing Path Group  '**reg2out_default**'
----------------------------------------
Levels of Logic:                     54
Critical Path Length:              5.66
Critical Path Slack:               3.16
Critical Path Clk Period:         10.00
Total Negative Slack:              0.00
No. of Violating Paths:               0
Worst Hold Violation:              0.00
Total Hold Violation:              0.00
No. of Hold Violations:               0
----------------------------------------

Scenario           'default'
Timing Path Group  '**in2out_default**'
----------------------------------------
Levels of Logic:                     23
Critical Path Length:              3.47
Critical Path Slack:               5.42
Critical Path Clk Period:         10.00
Total Negative Slack:              0.00
No. of Violating Paths:               0
Worst Hold Violation:              0.00
Total Hold Violation:              0.00
No. of Hold Violations:               0
----------------------------------------

Scenario           'default'
Timing Path Group  'clk_i'
----------------------------------------
Levels of Logic:                    122
Critical Path Length:              7.88
Critical Path Slack:               1.99
Critical Path Clk Period:         10.00
Total Negative Slack:              0.00
No. of Violating Paths:               0
Worst Hold Violation:             -0.01
Total Hold Violation:             -0.01
No. of Hold Violations:               1
----------------------------------------


Cell Count
----------------------------------------
Hierarchical Cell Count:             76
Hierarchical Port Count:           3946
Leaf Cell Count:                  16895
Buf/Inv Cell Count:                4665
Buf Cell Count:                    3519
Inv Cell Count:                    1146
Combinational Cell Count:         14691
   Single-bit Isolation Cell Count:                        0
   Multi-bit Isolation Cell Count:                         0
   Isolation Cell Banking Ratio:                           0.00%
   Single-bit Level Shifter Cell Count:                    0
   Multi-bit Level Shifter Cell Count:                     0
   Level Shifter Cell Banking Ratio:                       0.00%
   Single-bit ELS Cell Count:                              0
   Multi-bit ELS Cell Count:                               0
   ELS Cell Banking Ratio:                                 0.00%
Sequential Cell Count:             2204
   Integrated Clock-Gating Cell Count:                     74
   Sequential Macro Cell Count:                            0
   Single-bit Sequential Cell Count:                       2130
   Multi-bit Sequential Cell Count:                        0
   Sequential Cell Banking Ratio:                          0.00%
   BitsPerflop:                                            1.00
Macro Count:                          0
----------------------------------------


Area
----------------------------------------
Combinational Area:            37867.46
Noncombinational Area:         20004.18
Buf/Inv Area:                  10350.52
Total Buffer Area:              8624.38
Total Inverter Area:            1726.15
Macro/Black Box Area:              0.00
Net Area:                             0
Net XLength:                  303053.70
Net YLength:                  298481.11
----------------------------------------
Cell Area (netlist):                          57871.64
Cell Area (netlist and physical only):        57871.64
Net Length:                   601534.81


Design Rules
----------------------------------------
Total Number of Nets:             19278
Nets with Violations:               139
Max Trans Violations:                 2
Max Cap Violations:                 139
----------------------------------------

1
