****************************************
Report : app_option
Design : NO_DESIGN
Version: W-2024.09-SP2
Date   : Sat May  9 09:52:37 2026
****************************************
Name                                                                                 Type                       Value                User-value   User-default System-default             Scope      Status     Source
------------------------------------------------------------------------------------ -------------------------- -------------------- ------------ ------------ -------------------------- ---------- ---------- ----------
abstract.keep_min_pulse_width_violation_pins                                         bool                       --                   --           --           false                      block      normal     --
ccd.respect_cts_fixed_balance_pins                                                   enum                       --                   --           --           false                      block      normal     --
cts.multisource.enable_clock_driver_snapping                                         bool                       --                   --           --           false                      block      normal     --
cts.multisource.enable_pin_accessibility_for_global_clock_trees                      bool                       --                   --           --           true                       block      normal     --
cts.multisource.enable_via_ladder_insertion_on_tap_output_pins                       bool                       --                   --           --           false                      block      normal     --
cts.multisource.htree_pin_connection_effort_level                                    enum                       --                   --           --           high                       block      normal     --
custom.route.bus_pin_trunk_offset                                                    float                      --                   --           --           0                          block      normal     --
custom.route.distance_to_net_pin                                                     list_of string             --                   --           --           --                         block      normal     --
custom.route.skip_connect_pin_type                                                   list_of string             --                   --           --           --                         block      normal     --
extract.two_pin_net_instance_port                                                    string                     --                   --           --           superconductive            block      normal     --
extract.vr_pattern_must_join_over_pin_layer                                          integer                    --                   --           --           1                          block      normal     --
file.3dblox.set_gds_mapping_file                                                     list_of string             --                   --           --           --                         block      normal     --
file.gds.enable_special_snapping                                                     bool                       --                   --           --           false                      block      normal     --
file.gds.rotate_pin_text_by_access_direction                                         bool                       --                   --           --           false                      block      normal     --
file.gds.text_all_pins                                                               bool                       --                   --           --           false                      block      normal     --
file.lef.allow_empty_pin                                                             bool                       false                --           --           false                      global     normal     --
file.oasis.enable_special_snapping                                                   bool                       --                   --           --           false                      block      normal     --
file.oasis.rotate_pin_text_by_access_direction                                       bool                       --                   --           --           false                      block      normal     --
file.oasis.text_all_pins                                                             bool                       --                   --           --           false                      block      normal     --
flip_chip.route.extend_vias_on_pin                                                   enum                       --                   --           --           false                      block      normal     --
lib.configuration.lef_site_mapping                                                   list_of {string string}    --                   --           --           --                         global     normal     --
lib.configuration.process_label_mapping                                              list_of {string general}   --                   --           --           --                         global     normal     --
lib.logic_model.preserve_nldm_pin_caps                                               bool                       true                 --           --           true                       global     normal     --
lib.logic_model.relax_pin_equal_opposite_attr_check                                  bool                       false                --           --           false                      global     normal     --
lib.setting.show_internal_pins                                                       bool                       true                 --           --           true                       global     normal     --
lib.workspace.allow_missing_related_pg_pins                                          bool                       true                 --           --           true                       global     normal     --
lib.workspace.group_libs_macro_grouping_strategy                                     enum                       aggregate_single_cell -|- --           --           aggregate_single_cell      global     normal     --
link.truncate_bus_pin_width                                                          bool                       false                --           --           false                      global     normal     --
multibit.banking.enable_clock_pin_level_check                                        bool                       --                   --           --           false                      block      normal     --
mv.cells.ao_cells_without_primary_pg_pin                                             string                     --                   --           --           false                      block      normal     --
mv.cells.enable_tap_cell_virtual_bias_pin_check                                      bool                       --                   --           --           false                      block      normal     --
mv.cells.mv_use_domain_primary_for_macro_iso_pin                                     bool                       --                   --           --           false                      block      normal     --
mv.hierarchical.split_constraints_use_domain_primary_for_floating_pins               bool                       --                   --           --           false                      block      normal     --
mv.upf.allow_ls_on_leaf_pins                                                         bool                       --                   --           --           false                      block      normal     --
mv.upf.enable_pg_pin_reconnection                                                    bool                       --                   --           --           false                      block      normal     --
mv.upf.preserve_hierarchical_pins_with_upf_constraints                               bool                       --                   --           --           false                      block      normal     --
mv.upf.use_preswitched_supply_for_macro_pins                                         bool                       --                   --           --           false                      block      normal     --
opt.buffering.enable_hierarchy_mapping                                               bool                       --                   --           --           false                      block      normal     --
opt.clock_latency_estimation.report_skipped_pins                                     bool                       --                   --           --           false                      block      normal     --
opt.common.preserve_pin_names                                                        enum                       --                   --           --           never                      block      normal     --
package.route.d2s_via_escaping_angles                                                string                     --                   --           --           --                         block      deprecated --
package.route.d2s_via_escaping_counts                                                string                     --                   --           --           --                         block      deprecated --
pin_check.analyze.analyze_lib_cell_placement_cmd                                     string                     --                   --           --           --                         global     normal     --
pin_check.analyze.composite_cell_ratio                                               list_of unsigned           --                   --           --           --                         global     normal     --
pin_check.analyze.composite_cells                                                    list_of string             --                   --           --           --                         global     normal     --
pin_check.analyze.composite_core_height                                              float                      100                  --           --           100                        global     normal     --
pin_check.analyze.composite_core_width                                               float                      100                  --           --           100                        global     normal     --
pin_check.analyze.composite_fanout_num                                               unsigned                   0                    --           --           0                          global     normal     --
pin_check.analyze.composite_inst_count                                               list_of unsigned           --                   --           --           --                         global     normal     --
pin_check.analyze.composite_pin_dist                                                 float                      0                    --           --           0                          global     normal     --
pin_check.analyze.report_cell_pin_access_even_odd_place                              bool                       false                --           --           false                      global     normal     --
pin_check.analyze.report_cell_pin_access_exclude_lib_pins                            list_of string             --                   --           --           --                         global     normal     --
pin_check.analyze.report_cell_pin_access_max_pin_dist                                float                      1                    --           --           1                          global     normal     --
pin_check.analyze.report_cell_pin_access_mode                                        enum                       both                 --           --           both                       global     normal     --
pin_check.common.check_routability                                                   bool                       false                --           --           false                      global     normal     --
pin_check.common.congested_netlist                                                   bool                       false                --           --           false                      global     normal     --
pin_check.common.grd                                                                 bool                       false                --           --           false                      global     normal     --
pin_check.common.grd_command                                                         string                     --                   --           --           --                         global     normal     --
pin_check.common.max_cores                                                           unsigned                   8                    --           --           8                          global     normal     --
pin_check.common.num_cells_per_run                                                   unsigned                   0                    --           --           0                          global     normal     --
pin_check.common.num_jobs                                                            unsigned                   1                    --           --           1                          global     normal     --
pin_check.common.output_verilog                                                      bool                       false                --           --           false                      global     normal     --
pin_check.common.parallel_run_setup_file                                             string                     --                   --           --           --                         global     normal     --
pin_check.common.pg_output_tcl                                                       string                     create_pg_route_pin_access_check.tcl -|- --           --           create_pg_route_pin_access_check.tcl -|- global     normal     --
pin_check.common.pg_script_file                                                      string                     --                   --           --           --                         global     normal     --
pin_check.common.random_netlist                                                      bool                       false                --           --           false                      global     normal     --
pin_check.common.route_pg                                                            enum                       none                 --           --           none                       global     normal     --
pin_check.common.seed                                                                unsigned                   0                    --           --           0                          global     normal     --
pin_check.common.tech_node                                                           string                     --                   --           --           --                         global     normal     --
pin_check.input.cells                                                                list_of string             all                  --           --           all                        global     normal     --
pin_check.input.checking_multiplier                                                  unsigned                   1                    --           --           1                          global     normal     --
pin_check.input.exclude_cells                                                        list_of string             --                   --           --           --                         global     normal     --
pin_check.input.exclude_for_checking                                                 list_of string             --                   --           --           --                         global     normal     --
pin_check.input.filter_cells_by_pin_count                                            unsigned                   1                    --           --           1                          global     normal     --
pin_check.input.include_for_checking                                                 list_of string             --                   --           --           --                         global     normal     --
pin_check.place.allow_empty_rows                                                     bool                       true                 --           --           true                       global     normal     --
pin_check.place.auto_reuse                                                           bool                       false                --           --           false                      global     normal     --
pin_check.place.cell_spacing_rule_file                                               string                     --                   --           --           --                         global     normal     --
pin_check.place.check_legality                                                       bool                       true                 --           --           true                       global     normal     --
pin_check.place.core_margin                                                          float                      2                    --           --           2                          global     normal     --
pin_check.place.design_under_test_multiplier                                         unsigned                   1                    --           --           1                          global     normal     --
pin_check.place.fill_empty_rows_with_blockages                                       list_of string             --                   --           --           --                         global     normal     --
pin_check.place.fix_variant_cell_placement                                           bool                       false                --           --           false                      global     normal     --
pin_check.place.flip_first_row                                                       bool                       false                --           --           false                      global     normal     --
pin_check.place.group_spacing_by_site_width                                          unsigned                   10                   --           --           10                         global     normal     --
pin_check.place.init_utilization                                                     float                      0.25                 --           --           0.25                       global     normal     --
pin_check.place.left_offset_by_site_width                                            unsigned                   6                    --           --           6                          global     normal     --
pin_check.place.legalize_placement                                                   bool                       true                 --           --           true                       global     normal     --
pin_check.place.macro_spacing                                                        float                      5                    --           --           5                          global     normal     --
pin_check.place.move_core_to_origin                                                  bool                       false                --           --           false                      global     normal     --
pin_check.place.preplace_option_file                                                 string                     --                   --           --           --                         global     normal     --
pin_check.place.remove_duplicate_cell_pairs                                          bool                       false                --           --           false                      global     normal     --
pin_check.place.reuse_design                                                         string                     --                   --           --           --                         global     normal     --
pin_check.place.right_offset_by_site_width                                           unsigned                   6                    --           --           6                          global     normal     --
pin_check.place.row_pattern                                                          string                     --                   --           --           --                         global     normal     --
pin_check.place.use_site_row                                                         bool                       false                --           --           false                      global     normal     --
pin_check.place.vertical_core_margin                                                 float                      2                    --           --           2                          global     normal     --
pin_check.report.derive_cell_spacing_constraints                                     string                     --                   --           --           --                         global     normal     --
pin_check.report.icv_home_dir                                                        string                     --                   --           --           --                         global     normal     --
pin_check.report.signoff_check_drc_options                                           string                     --                   --           --           --                         global     normal     --
pin_check.report.signoff_check_drc_stages                                            list_of string             --                   --           --           --                         global     normal     --
pin_check.report.signoff_options_file                                                string                     --                   --           --           --                         global     normal     --
pin_check.route.allow_metal1_routing                                                 bool                       true                 --           --           true                       global     normal     --
pin_check.route.effort                                                               enum                       medium               --           --           medium                     global     normal     --
pin_check.route.incremental_search_repair                                            bool                       false                --           --           false                      global     normal     --
pin_check.route.max_detail_route_iterations                                          unsigned                   0                    --           --           0                          global     normal     --
pin_check.route.post_route_tcl                                                       string                     --                   --           --           --                         global     normal     --
pin_check.route.reroute_drc_cells_iterations                                         unsigned                   0                    --           --           0                          global     normal     --
pin_check.route.reroute_drc_cells_only                                               bool                       false                --           --           false                      global     normal     --
pin_check.route.route_option_file                                                    string                     --                   --           --           --                         global     normal     --
pin_check.route.signal_net_only                                                      bool                       false                --           --           false                      global     normal     --
place.coarse.max_pins_per_square_micron                                              float                      --                   --           --           0                          block      normal     --
place.coarse.pin_cost_aware                                                          bool                       --                   --           --           false                      block      normal     --
place.coarse.pin_density_aware                                                       bool                       --                   --           --           false                      block      normal     --
place.legalize.advanced_libpin_access_check                                          list_of string             --                   --           --           --                         block      normal     --
place.legalize.align_pin_only                                                        bool                       --                   --           --           false                      block      normal     --
place.legalize.auto_adjust_drc_rules_for_short_pin                                   bool                       --                   --           --           false                      block      normal     --
place.legalize.avoid_backside_pins_under_preroute_layers                             list_of string             --                   --           --           --                         block      normal     --
place.legalize.avoid_backside_pins_under_preroute_libpins                            list_of string             --                   --           --           --                         block      normal     --
place.legalize.avoid_backside_pins_under_preroute_width_threshold                    float                      --                   --           --           0                          block      normal     --
place.legalize.avoid_pins_under_preroute_layers                                      list_of string             --                   --           --           --                         block      normal     --
place.legalize.avoid_pins_under_preroute_libpins                                     list_of string             --                   --           --           --                         block      normal     --
place.legalize.avoid_pins_under_preroute_width_threshold                             float                      --                   --           --           0                          block      normal     --
place.legalize.disable_advanced_access_check_on_libpins                              list_of string             --                   --           --           --                         block      normal     --
place.legalize.enable_multi_cell_pin_access_check                                    bool                       --                   --           --           false                      block      normal     --
place.legalize.enable_ndr_pin_check                                                  bool                       --                   --           --           false                      block      normal     --
place.legalize.enable_npldrc_pin_color_alignment_check                               bool                       --                   --           --           true                       block      normal     --
place.legalize.enable_pin_color_alignment_check                                      bool                       --                   --           --           false                      block      normal     --
place.legalize.enable_pin_via_region_check                                           bool                       --                   --           --           false                      block      normal     --
place.legalize.honor_router_pin_connect_option                                       bool                       --                   --           --           false                      block      normal     --
place.legalize.ignore_pin_color_alignment_width_threshold_on_layers                  list_of {float string}     --                   --           --           --                         block      normal     --
place.legalize.ndr_backside_pin_check_exclude_libpins                                list_of string             --                   --           --           --                         block      normal     --
place.legalize.ndr_pin_check_exclude_libpins                                         list_of string             --                   --           --           --                         block      normal     --
place.legalize.optimize_pin_access                                                   bool                       --                   --           --           true                       block      normal     --
place.legalize.optimize_pin_access_access_points                                     bool                       --                   --           --           false                      block      normal     --
place.legalize.optimize_pin_access_allow_row_swap                                    bool                       --                   --           --           false                      block      normal     --
place.legalize.optimize_pin_access_cells_verbose                                     bool                       --                   --           --           false                      block      normal     --
place.legalize.optimize_pin_access_drc_variants                                      bool                       --                   --           --           false                      block      normal     --
place.legalize.optimize_pin_access_ignore_lowest_routing_layer                       bool                       --                   --           --           false                      block      normal     --
place.legalize.optimize_pin_access_incremental                                       bool                       --                   --           --           true                       block      normal     --
place.legalize.optimize_pin_access_same_row_variants                                 bool                       --                   --           --           false                      block      normal     --
place.legalize.optimize_pin_access_strategies                                        list_of string             --                   --           --           --                         block      normal     --
place.legalize.optimize_pin_access_using_cell_spacing                                bool                       --                   --           --           false                      block      normal     --
place.legalize.optimize_pin_access_verbose                                           bool                       --                   --           --           false                      block      normal     --
place.legalize.pin_alignment_for_clock_mesh_layer                                    string                     --                   --           --           --                         block      normal     --
place.legalize.pin_color_alignment_layers                                            list_of string             --                   --           --           --                         block      normal     --
place.legalize.pin_color_alignment_width_threshold                                   float                      --                   --           --           0                          block      normal     --
place.legalize.pin_color_alignment_width_threshold_on_layers                         list_of {float string}     --                   --           --           --                         block      normal     --
place.legalize.post_route_feedback_threshold_for_pin_access                          integer                    --                   --           --           500                        block      normal     --
plan.auto_group.group_npins_max                                                      integer                    --                   --           --           0                          block      normal     --
plan.clock_trunk.seed_clock_pin_placement                                            bool                       --                   --           --           true                       block      normal     --
plan.clock_trunk.topo_constr_pin_place_script_name                                   string                     --                   --           --           read_pin_constr_place_pins.tcl -|- block      normal     --
plan.macro.align_pins_on_parallel_edges                                              bool                       --                   --           --           false                      block      normal     --
plan.macro.auto_pin_blockages_min_pins                                               integer                    --                   --           --           5                          block      normal     --
plan.macro.auto_pin_blockages_width                                                  typed_value_length         --                   --           --           -1m                        block      normal     --
plan.macro.conservative_auto_pin_blockage_size                                       bool                       --                   --           --           false                      block      normal     --
plan.macro.create_auto_pin_blockages                                                 bool                       --                   --           --           true                       block      normal     --
plan.macro.grouping_by_hierarchy                                                     bool                       --                   --           --           false                      block      normal     --
plan.macro.mark_auto_pin_blockages_as_pin_protect                                    bool                       --                   --           --           false                      block      normal     --
plan.macro.ml_create_auto_pin_blockages                                              bool                       false                --           --           false                      global     normal     --
plan.macro.pin_shape_track_match_threshold                                           list_of {string typed_value} -|- --                   --           --           {layerName 0m}             block      normal     --
plan.macro.remove_auto_pin_blockages                                                 bool                       --                   --           --           false                      block      normal     --
plan.mtcmos.allow_legalizer_pin_color_alignment                                      bool                       --                   --           --           false                      block      normal     --
plan.mtcmos.honor_pin_color_alignment                                                bool                       --                   --           --           false                      block      normal     --
plan.pgcheck.check_non_routing_layer_pins                                            bool                       --                   --           --           false                      block      normal     --
plan.pgcheck.use_pin_as_bridge                                                       bool                       --                   --           --           true                       block      normal     --
plan.pgroute.create_via_cellalign_maxpin_only                                        bool                       --                   --           --           true                       block      normal     --
plan.pgroute.derive_cut_net_from_pin                                                 bool                       --                   --           --           true                       block      normal     --
plan.pgroute.hmpin_connection_target_layers                                          string                     --                   --           --           --                         block      normal     --
plan.pgroute.treat_multiple_pins_as_one_target                                       bool                       --                   --           --           false                      block      normal     --
plan.pins.align_to_buffer_on_feedthrough                                             bool                       --                   --           --           false                      block      normal     --
plan.pins.allow_feedthroughs_for_internal_channel_nets                               bool                       --                   --           --           false                      block      normal     --
plan.pins.allow_mixed_feedthroughs                                                   bool                       --                   --           --           false                      block      normal     --
plan.pins.allow_pins_in_narrow_macro_channels                                        bool                       --                   --           --           false                      block      normal     --
plan.pins.allow_routing_over_readonly_blocks                                         enum                       --                   --           --           auto                       block      normal     --
plan.pins.black_box_design_style                                                     bool                       --                   --           --           false                      block      normal     --
plan.pins.buffer_cell_module_name                                                    string                     --                   --           --           --                         block      normal     --
plan.pins.create_double_pattern_long_pin                                             bool                       --                   --           --           true                       block      normal     --
plan.pins.detour_supernet_mode                                                       bool                       --                   --           --           false                      block      normal     --
plan.pins.enable_color_span_rules                                                    bool                       --                   --           --           true                       block      deprecated --
plan.pins.enable_feedthrough_timestamps                                              bool                       --                   --           --           false                      block      normal     --
plan.pins.enable_span_rules                                                          bool                       --                   --           --           true                       block      normal     --
plan.pins.exclude_clocks_from_feedthroughs                                           bool                       --                   --           --           true                       block      normal     --
plan.pins.exclude_inout_nets_from_feedthroughs                                       bool                       --                   --           --           false                      block      normal     --
plan.pins.fast_route                                                                 bool                       --                   --           --           false                      block      normal     --
plan.pins.force_net_port_name_match                                                  bool                       --                   --           --           false                      block      normal     --
plan.pins.ignore_pin_spacing_constraint_to_pg                                        bool                       --                   --           --           false                      block      normal     --
plan.pins.incremental                                                                bool                       --                   --           --           false                      block      normal     --
plan.pins.layer_range                                                                integer                    --                   --           --           2                          block      normal     --
plan.pins.maximize_black_box_pin_grouping                                            bool                       --                   --           --           false                      block      normal     --
plan.pins.minimize_feedthroughs                                                      bool                       --                   --           --           false                      block      normal     --
plan.pins.new_cell_name_tag                                                          string                     --                   --           --           --                         block      normal     --
plan.pins.new_port_name_tag                                                          string                     --                   --           --           --                         block      normal     --
plan.pins.new_port_name_tag_style                                                    string                     --                   --           --           suffix                     block      normal     --
plan.pins.new_split_nets_use_block_names                                             bool                       --                   --           --           false                      block      normal     --
plan.pins.path_based_pin_placement                                                   bool                       --                   --           --           false                      block      normal     --
plan.pins.pin_range                                                                  float                      --                   --           --           10                         block      normal     --
plan.pins.reserved_channel_threshold                                                 float                      --                   --           --           0                          block      normal     --
plan.pins.retain_bus_name                                                            enum                       --                   --           --           true                       block      normal     --
plan.pins.strict_alignment                                                           bool                       --                   --           --           false                      block      normal     --
plan.pins.synthesize_abutted_pins                                                    bool                       --                   --           --           false                      block      normal     --
plan.pins.synthesize_abutted_pins_name_tag                                           string                     --                   --           --           --                         block      normal     --
plan.pins.synthesize_abutted_pins_name_tag_style                                     string                     --                   --           --           suffix                     block      normal     --
plan.pins.treat_pg_as_shield                                                         bool                       --                   --           --           false                      block      normal     --
plan.shaping.import_tcl_shaping_constraints                                          bool                       --                   --           --           false                      block      normal     --
plan.shaping.new_mib_abutted_flow                                                    bool                       --                   --           --           false                      block      normal     --
plan.shaping.report_import_constraints                                               enum                       --                   --           --           off                        block      normal     --
plan.shaping.snap_to_boundary_grid                                                   bool                       --                   --           --           false                      block      normal     --
power.built_in_name_mapping_mode                                                     integer                    --                   --           --           0                          block      normal     --
power.clock_network_include_clock_sink_pin_power                                     enum                       --                   --           --           register                   block      normal     --
power.include_hard_macro_input_pin_annotation                                        bool                       --                   --           --           true                       block      normal     --
power.include_memory_input_pin_annotation                                            bool                       --                   --           --           true                       block      normal     --
power.input_pin_probability_scaling                                                  bool                       --                   --           --           false                      block      normal     --
power.ptpx_saif_map_get_all_driver_mappings                                          bool                       --                   --           --           true                       block      normal     --
power.ptpx_saif_map_include_register_output_pin                                      bool                       --                   --           --           false                      block      normal     --
power.use_c1cn_pin_capacitance                                                       bool                       --                   --           --           false                      block      normal     --
route.auto_via_ladder.connect_within_pin_mode                                        list_of {string string}    --                   --           --           {all off} {via_ladder off} {pattern_must_join off} -|- block      normal     --
route.auto_via_ladder.generate_center_track_on_off_grid_pattern_must_join_pin_shapes bool                       --                   --           --           false                      block      normal     --
route.auto_via_ladder.pattern_must_join_over_pin_layer                               integer                    --                   --           --           1                          block      normal     --
route.auto_via_ladder.pin_access_aware                                               bool                       --                   --           --           true                       block      normal     --
route.auto_via_ladder.relax_pin_layer_metal_spacing_rules                            bool                       --                   --           --           true                       block      normal     --
route.common.connect_within_pins_by_layer_name                                       list_of {string string}    --                   --           --           --                         block      normal     --
route.common.create_nets_for_floating_pins_pattern_must_join_via_ladder              bool                       --                   --           --           false                      block      normal     --
route.common.filter_redundant_via_mapping                                            bool                       --                   --           --           true                       block      normal     --
route.common.min_edge_offset_for_macro_pin_connection_by_layer_name                  list_of {string float}     --                   --           --           --                         block      normal     --
route.common.min_edge_offset_for_top_level_pin_connection_by_layer_name              list_of {string float}     --                   --           --           --                         block      normal     --
route.common.number_of_secondary_pg_pin_connections                                  integer                    --                   --           --           0                          block      normal     --
route.common.single_connection_to_pins                                               enum                       --                   --           --           off                        block      normal     --
route.common.wide_macro_pin_as_fat_wire                                              bool                       --                   --           --           false                      block      normal     --
route.detail.check_antenna_on_diode_pins                                             bool                       --                   --           --           false                      block      normal     --
route.detail.check_pin_min_area_min_length                                           bool                       --                   --           --           true                       block      normal     --
route.detail.generate_extra_off_grid_pin_tracks                                      bool                       --                   --           --           false                      block      normal     --
route.detail.macro_pin_antenna_mode                                                  enum                       --                   --           --           normal                     block      normal     --
route.detail.max_antenna_fixing_pin_count_threshold                                  integer                    --                   --           --           50                         block      normal     --
route.detail.max_antenna_pin_count                                                   integer                    --                   --           --           -1                         block      normal     --
route.detail.pin_taper_mode                                                          enum                       --                   --           --           default_width              block      normal     --
route.detail.use_wide_wire_to_input_pin                                              bool                       --                   --           --           false                      block      normal     --
route.detail.use_wide_wire_to_macro_pin                                              bool                       --                   --           --           false                      block      normal     --
route.detail.use_wide_wire_to_output_pin                                             bool                       --                   --           --           false                      block      normal     --
route.detail.use_wide_wire_to_pad_pin                                                enum                       --                   --           --           same_as_macro_pin          block      normal     --
route.global.connect_pins_outside_routing_corridor                                   bool                       --                   --           --           true                       block      normal     --
route.global.enable_diode_insertion_for_io_pin                                       bool                       --                   --           --           false                      block      normal     --
rtl_opt.conditioning.disable_boundary_optimization_and_auto_ungrouping               bool                       --                   --           --           false                      block      normal     --
signoff.antenna.top_cell_pin_only                                                    bool                       true                 --           --           true                       global     normal     --
time.enable_clock_propagation_through_three_state_enable_pins                        bool                       --                   --           --           false                      block      normal     --
time.high_fanout_net_pin_capacitance                                                 typed_value_capacitance    --                   --           --           1pF                        block      normal     --
------------------------------------------------------------------------------------ -------------------------- -------------------- ------------ ------------ -------------------------- ---------- ---------- ----------

There are additional internal differences.
1
