via_on_grid_by_layer_name value probe

PASS via_on_grid_by_layer_name {VIA1 true} -> route.common.via_on_grid_by_layer_name {{VIA1 true}}
FAIL via_on_grid_by_layer_name VIA1 true -> Invalid value 'VIA1 true' specified for option 'route.common.via_on_grid_by_layer_name'
PASS via_on_grid_by_layer_name {V1 true} -> route.common.via_on_grid_by_layer_name {{V1 true}}
FAIL via_on_grid_by_layer_name V1 true -> Invalid value 'V1 true' specified for option 'route.common.via_on_grid_by_layer_name'
PASS via_on_grid_by_layer_name {VIA12 true} -> route.common.via_on_grid_by_layer_name {{VIA12 true}}
FAIL via_on_grid_by_layer_name VIA12 true -> Invalid value 'VIA12 true' specified for option 'route.common.via_on_grid_by_layer_name'
PASS via_on_grid_by_layer_name {VIA12SQ_C true} -> route.common.via_on_grid_by_layer_name {{VIA12SQ_C true}}
FAIL via_on_grid_by_layer_name VIA12SQ_C true -> Invalid value 'VIA12SQ_C true' specified for option 'route.common.via_on_grid_by_layer_name'
PASS via_on_grid_by_layer_name {M1 true} -> route.common.via_on_grid_by_layer_name {{M1 true}}
FAIL via_on_grid_by_layer_name M1 true -> Invalid value 'M1 true' specified for option 'route.common.via_on_grid_by_layer_name'
PASS via_on_grid_by_layer_name {M2 true} -> route.common.via_on_grid_by_layer_name {{M2 true}}
FAIL via_on_grid_by_layer_name M2 true -> Invalid value 'M2 true' specified for option 'route.common.via_on_grid_by_layer_name'

wire_on_grid_by_layer_name value probe

PASS wire_on_grid_by_layer_name {M1 true} -> route.common.wire_on_grid_by_layer_name {{M1 true}}
FAIL wire_on_grid_by_layer_name M1 true -> Invalid value 'M1 true' specified for option 'route.common.wire_on_grid_by_layer_name'
PASS wire_on_grid_by_layer_name {M2 true} -> route.common.wire_on_grid_by_layer_name {{M2 true}}
FAIL wire_on_grid_by_layer_name M2 true -> Invalid value 'M2 true' specified for option 'route.common.wire_on_grid_by_layer_name'
PASS wire_on_grid_by_layer_name {metal1 true} -> route.common.wire_on_grid_by_layer_name {{metal1 true}}
FAIL wire_on_grid_by_layer_name metal1 true -> Invalid value 'metal1 true' specified for option 'route.common.wire_on_grid_by_layer_name'
PASS wire_on_grid_by_layer_name {metal2 true} -> route.common.wire_on_grid_by_layer_name {{metal2 true}}
FAIL wire_on_grid_by_layer_name metal2 true -> Invalid value 'metal2 true' specified for option 'route.common.wire_on_grid_by_layer_name'

extra_via_off_grid_cost_multiplier_by_layer_name value probe

PASS extra_via_off_grid_cost_multiplier_by_layer_name {VIA1 0.5} -> route.common.extra_via_off_grid_cost_multiplier_by_layer_name {{VIA1 0.5}}
FAIL extra_via_off_grid_cost_multiplier_by_layer_name VIA1 0.5 -> Invalid value 'VIA1 0.5' specified for option 'route.common.extra_via_off_grid_cost_multiplier_by_layer_name'
PASS extra_via_off_grid_cost_multiplier_by_layer_name {V1 0.5} -> route.common.extra_via_off_grid_cost_multiplier_by_layer_name {{V1 0.5}}
FAIL extra_via_off_grid_cost_multiplier_by_layer_name V1 0.5 -> Invalid value 'V1 0.5' specified for option 'route.common.extra_via_off_grid_cost_multiplier_by_layer_name'
PASS extra_via_off_grid_cost_multiplier_by_layer_name {VIA12 0.5} -> route.common.extra_via_off_grid_cost_multiplier_by_layer_name {{VIA12 0.5}}
FAIL extra_via_off_grid_cost_multiplier_by_layer_name VIA12 0.5 -> Invalid value 'VIA12 0.5' specified for option 'route.common.extra_via_off_grid_cost_multiplier_by_layer_name'
PASS extra_via_off_grid_cost_multiplier_by_layer_name {M1 0.5} -> route.common.extra_via_off_grid_cost_multiplier_by_layer_name {{M1 0.5}}
FAIL extra_via_off_grid_cost_multiplier_by_layer_name M1 0.5 -> Invalid value 'M1 0.5' specified for option 'route.common.extra_via_off_grid_cost_multiplier_by_layer_name'
PASS extra_via_off_grid_cost_multiplier_by_layer_name {M2 0.5} -> route.common.extra_via_off_grid_cost_multiplier_by_layer_name {{M2 0.5}}
FAIL extra_via_off_grid_cost_multiplier_by_layer_name M2 0.5 -> Invalid value 'M2 0.5' specified for option 'route.common.extra_via_off_grid_cost_multiplier_by_layer_name'
