****************************************
Report : app_option
Design : NO_DESIGN
Version: W-2024.09-SP2
Date   : Sat May  9 09:52:37 2026
****************************************
Name                                                                                     Type                    Value       User-value   User-default System-default             Scope      Status     Source
---------------------------------------------------------------------------------------- ----------------------- ----------- ------------ ------------ -------------------------- ---------- ---------- ----------
3dic.thermal.bump_via_data_model                                                         enum                    --          --           --           Line                       block      normal     --
cts.multisource.enable_via_ladder_insertion_on_tap_output_pins                           bool                    --          --           --           false                      block      normal     --
custom.route.ignore_shielding_gap_on_via                                                 bool                    --          --           --           false                      block      normal     --
design.enable_via_ladder_protection                                                      bool                    --          --           --           false                      block      normal     --
eco.post_silicon_debug.bs_via_check_window_size                                          float float             45 45       --           --           45 45                      global     normal     --
eco.post_silicon_debug.bs_via_percent_goal                                               float                   80          --           --           80                         global     normal     --
extract.enable_via_alignment                                                             bool                    false       --           --           false                      global     normal     --
extract.via_alignment_contraction_ratio_limit                                            double                  1           --           --           1                          global     normal     --
extract.via_alignment_expansion_ratio_limit                                              double                  1           --           --           1                          global     normal     --
file.def.custom_via_as_user_route                                                        bool                    --          --           --           false                      block      normal     --
file.def.maintain_via_ladders                                                            bool                    --          --           --           false                      block      normal     --
file.def.pg_via_arrays                                                                   bool                    --          --           --           true                       block      normal     --
file.def.relax_via_ladder_restriction                                                    bool                    --          --           --           false                      block      normal     --
file.def.split_via_matrix                                                                bool                    --          --           --           true                       block      normal     --
file.def.support_via_matrix                                                              bool                    --          --           --           false                      block      normal     --
file.gds.create_custom_via                                                               bool                    false       --           --           false                      global     normal     --
file.gds.pg_via_arrays                                                                   bool                    --          --           --           false                      block      normal     --
file.gds.split_via_matrix                                                                bool                    --          --           --           true                       block      normal     --
file.oasis.create_custom_via                                                             bool                    false       --           --           false                      global     normal     --
file.oasis.pg_via_arrays                                                                 bool                    --          --           --           false                      block      normal     --
file.oasis.split_via_matrix                                                              bool                    --          --           --           true                       block      normal     --
flip_chip.route.allow_rotated_via                                                        bool                    --          --           --           true                       block      normal     --
flip_chip.route.bump_via_landing_mode                                                    bool                    --          --           --           false                      block      normal     --
flip_chip.route.connect_via_center                                                       bool                    --          --           --           false                      block      normal     --
flip_chip.route.extend_vias_on_pin                                                       enum                    --          --           --           false                      block      normal     --
lib.setting.enable_via_region_override                                                   bool                    true        --           --           true                       global     normal     --
opt.common.enable_via_ladder_insertion                                                   bool                    --          --           --           false                      block      normal     --
package.route.d2s_pg_via_sharing_rules                                                   string                  --          --           --           --                         block      normal     --
package.route.d2s_via_escaping_angles                                                    string                  --          --           --           --                         block      deprecated --
package.route.d2s_via_escaping_counts                                                    string                  --          --           --           --                         block      deprecated --
package.route.d2s_via_insertion_counts                                                   string                  --          --           --           --                         block      normal     --
package.route.d2s_via_insertion_patterns                                                 string                  --          --           --           --                         block      normal     --
package.route.ndr_vias                                                                   string                  --          --           --           --                         block      normal     --
place.legalize.enable_fast_via_ladder_mode                                               bool                    --          --           --           false                      block      normal     --
place.legalize.enable_non_default_via_def_access_check                                   bool                    --          --           --           false                      block      normal     --
place.legalize.enable_pin_via_region_check                                               bool                    --          --           --           false                      block      normal     --
place.legalize.enable_via_dpt_odd_cycle                                                  bool                    --          --           --           false                      block      normal     --
place.legalize.enable_via_ladder_checks                                                  bool                    --          --           --           false                      block      normal     --
place.legalize.include_user_specified_via_ladder                                         bool                    --          --           --           false                      block      normal     --
place.legalize.support_off_track_via_region                                              bool                    --          --           --           false                      block      normal     --
place.legalize.via0_alignment_grid_name                                                  string                  --          --           --           --                         block      normal     --
place.legalize.via_ladder_auto_stagger                                                   bool                    --          --           --           false                      block      normal     --
plan.3dic.min_mim_pad_pad_via_probe_cell_spacing                                         float                   3.40282e+38 --           --           3.40282e+38                global     normal     --
plan.3dic.min_mim_pad_pad_via_rv_spacing                                                 float                   3.40282e+38 --           --           3.40282e+38                global     normal     --
plan.3dic.min_mim_top_pad_via_pad_layer_spacing                                          float                   3.40282e+38 --           --           3.40282e+38                global     normal     --
plan.3dic.min_mim_top_pad_via_plate_hole_spacing                                         float                   3.40282e+38 --           --           3.40282e+38                global     normal     --
plan.3dic.min_pad_pad_via_pad_layer_spacing                                              float                   3.40282e+38 --           --           3.40282e+38                global     normal     --
plan.3dic.min_pad_pad_via_rv_spacing                                                     float                   3.40282e+38 --           --           3.40282e+38                global     normal     --
plan.3dic.min_top_pad_via_pad_layer_spacing                                              float                   3.40282e+38 --           --           3.40282e+38                global     normal     --
plan.3dic.min_top_pad_via_rv_spacing                                                     float                   3.40282e+38 --           --           3.40282e+38                global     normal     --
plan.budget.write_via_variation_files                                                    bool                    --          --           --           false                      block      normal     --
plan.mtcmos.snap_to_via0_grid                                                            bool                    --          --           --           false                      block      normal     --
plan.pgcheck.via_site_threshold                                                          double                  --          --           --           0                          block      normal     --
plan.pgroute.create_via_cellalign_maxpin_only                                            bool                    --          --           --           true                       block      normal     --
plan.pgroute.disable_stapling_via_fixing                                                 bool                    --          --           --           false                      block      normal     --
plan.pgroute.disable_via_creation                                                        bool                    --          --           --           false                      block      normal     --
plan.pgroute.discard_stackvia_with_drc                                                   bool                    --          --           --           false                      block      normal     --
plan.pgroute.fix_via_drc_multiple_viadef                                                 bool                    --          --           --           false                      block      normal     --
plan.pgroute.merge_shapes_for_via_creation                                               bool                    --          --           --           true                       block      normal     --
plan.pgroute.stapling_via_fast_mode                                                      bool                    --          --           --           true                       block      normal     --
plan.pgroute.use_via_matrix                                                              bool                    --          --           --           false                      block      normal     --
plan.pgroute.via_array_size_control                                                      enum                    --          --           --           none                       block      normal     --
plan.pgroute.via_site_threshold                                                          double                  --          --           --           0                          block      normal     --
rail.write_def_cell_as_via                                                               string                  --          --           --           --                         global     normal     --
route.auto_via_ladder.allow_neighbor_ripup_in_dense_area                                 bool                    --          --           --           false                      block      normal     --
route.auto_via_ladder.allow_patching                                                     bool                    --          --           --           true                       block      normal     --
route.auto_via_ladder.allow_samenet_intersection                                         bool                    --          --           --           false                      block      normal     --
route.auto_via_ladder.allow_via_array_as_single_cut                                      bool                    --          --           --           true                       block      normal     --
route.auto_via_ladder.apply_app_options_to_insert_via_ladders_command                    bool                    --          --           --           true                       block      normal     --
route.auto_via_ladder.auto_stagger                                                       bool                    --          --           --           true                       block      normal     --
route.auto_via_ladder.auto_stagger_for_em_via_ladder_max_number_stagger_tracks_per_level integer                 --          --           --           15                         block      normal     --
route.auto_via_ladder.auto_stagger_max_number_stagger_tracks_per_level                   integer                 --          --           --           9                          block      normal     --
route.auto_via_ladder.bias_top_layer_to_samenet_connection                               bool                    --          --           --           false                      block      normal     --
route.auto_via_ladder.check_drcs_on_existing_via_ladders                                 bool                    --          --           --           false                      block      normal     --
route.auto_via_ladder.clean                                                              bool                    --          --           --           false                      block      normal     --
route.auto_via_ladder.connect_within_metal                                               bool                    --          --           --           false                      block      normal     --
route.auto_via_ladder.connect_within_metal_for_em_via_ladder                             enum                    --          --           --           true                       block      normal     --
route.auto_via_ladder.connect_within_metal_for_via_ladder                                enum                    --          --           --           same_as_global             block      normal     --
route.auto_via_ladder.connect_within_pin_mode                                            list_of {string string} --          --           --           {all off} {via_ladder off} {pattern_must_join off} -|- block      normal     --
route.auto_via_ladder.default_width_ndr_promotable_on_nonreserved_tracks                 bool                    --          --           --           true                       block      normal     --
route.auto_via_ladder.enable_em_to_performance_via_ladder_update                         bool                    --          --           --           true                       block      normal     --
route.auto_via_ladder.generate_center_track_on_off_grid_pattern_must_join_pin_shapes     bool                    --          --           --           false                      block      normal     --
route.auto_via_ladder.generate_track_width_by_layer_name                                 list_of {string float}  --          --           --           --                         block      normal     --
route.auto_via_ladder.ignore_min_max_layer_constraints                                   bool                    --          --           --           true                       block      normal     --
route.auto_via_ladder.ignore_routing_shape_drcs                                          bool                    --          --           --           true                       block      normal     --
route.auto_via_ladder.misalign_adjacent_pattern_must_join                                bool                    --          --           --           false                      block      normal     --
route.auto_via_ladder.ndr_mode                                                           enum                    --          --           --           top_layer_only             block      normal     --
route.auto_via_ladder.pattern_must_join_max_number_stagger_tracks                        list_of integer         --          --           --           --                         block      normal     --
route.auto_via_ladder.pattern_must_join_over_pin_layer                                   integer                 --          --           --           1                          block      normal     --
route.auto_via_ladder.pin_access_aware                                                   bool                    --          --           --           true                       block      normal     --
route.auto_via_ladder.relax_pin_layer_metal_spacing_rules                                bool                    --          --           --           true                       block      normal     --
route.auto_via_ladder.report_all_via_ladders                                             bool                    --          --           --           true                       block      normal     --
route.auto_via_ladder.report_via_ladder_in_area_with_drc_threshold                       integer                 --          --           --           -1                         block      normal     --
route.auto_via_ladder.shift_vias_on_transition_layers                                    bool                    --          --           --           true                       block      normal     --
route.auto_via_ladder.strictly_honor_cut_table                                           bool                    --          --           --           false                      block      normal     --
route.auto_via_ladder.top_layer_to_samenet_min_nonzero_distance                          float                   --          --           --           0                          block      normal     --
route.auto_via_ladder.update_during_route                                                bool                    --          --           --           true                       block      normal     --
route.auto_via_ladder.update_on_route_eco_nets_only                                      bool                    --          --           --           false                      block      normal     --
route.auto_via_ladder.update_on_route_group_nets_only                                    bool                    --          --           --           true                       block      normal     --
route.auto_via_ladder.update_pattern_must_join_during_route                              bool                    --          --           --           true                       block      normal     --
route.auto_via_ladder.user_debug                                                         bool                    --          --           --           false                      block      normal     --
route.auto_via_ladder.verbose                                                            bool                    --          --           --           false                      block      normal     --
route.common.concurrent_redundant_via_effort_level                                       enum                    --          --           --           low                        block      normal     --
route.common.concurrent_redundant_via_mode                                               enum                    --          --           --           off                        block      normal     --
route.common.create_nets_for_floating_pins_pattern_must_join_via_ladder                  bool                    --          --           --           false                      block      normal     --
route.common.eco_route_concurrent_redundant_via_effort_level                             enum                    --          --           --           low                        block      normal     --
route.common.eco_route_concurrent_redundant_via_mode                                     enum                    --          --           --           off                        block      normal     --
route.common.extra_via_cost_multiplier_by_layer_name                                     list_of {string float}  --          --           --           --                         block      normal     --
route.common.extra_via_off_grid_cost_multiplier_by_layer_name                            list_of {string float}  --          --           --           --                         block      normal     --
route.common.filter_redundant_via_mapping                                                bool                    --          --           --           true                       block      normal     --
route.common.freeze_via_to_frozen_layer_by_layer_name                                    list_of {string string} --          --           --           --                         block      normal     --
route.common.number_of_vias_over_global_backside_max_layer                               integer                 --          --           --           1                          block      normal     --
route.common.number_of_vias_over_global_max_layer                                        integer                 --          --           --           1                          block      normal     --
route.common.number_of_vias_over_net_max_layer                                           integer                 --          --           --           1                          block      normal     --
route.common.number_of_vias_under_global_backside_min_layer                              integer                 --          --           --           1                          block      normal     --
route.common.number_of_vias_under_global_min_layer                                       integer                 --          --           --           1                          block      normal     --
route.common.number_of_vias_under_net_min_layer                                          integer                 --          --           --           1                          block      normal     --
route.common.post_detail_route_redundant_via_insertion                                   enum                    --          --           --           off                        block      normal     --
route.common.redundant_via_exclude_weight_group_by_layer_name                            list_of string          --          --           --           --                         block      normal     --
route.common.redundant_via_include_weight_group_by_layer_name                            list_of string          --          --           --           --                         block      normal     --
route.common.rotate_default_vias                                                         bool                    --          --           --           true                       block      normal     --
route.common.support_staple_vias_during_routing                                          bool                    --          --           --           false                      block      normal     --
route.common.treat_via_array_as_big_via                                                  bool                    --          --           --           false                      block      normal     --
route.common.via_array_mode                                                              enum                    --          --           --           all                        block      normal     --
route.common.via_ladder_top_layer_overrides_net_min_layer                                bool                    --          --           --           false                      block      normal     --
route.common.via_on_grid_by_layer_name                                                   list_of {string string} --          --           --           --                         block      normal     --
route.common.write_instance_via_color                                                    bool                    --          --           --           false                      block      normal     --
route.detail.allow_default_rule_nets_via_ladder_lower_layer_connection                   bool                    --          --           --           false                      block      normal     --
route.detail.allow_ndr_nets_via_ladder_lower_layer_connection                            bool                    --          --           --           false                      block      normal     --
route.detail.insert_redundant_vias_layer_order_low_to_high                               bool                    --          --           --           false                      block      normal     --
route.detail.optimize_wire_via_effort_level                                              enum                    --          --           --           low                        block      normal     --
route.detail.via_ladder_upper_layer_via_connection_mode                                  enum                    --          --           --           above                      block      normal     --
route.global.insert_gr_via_ladders                                                       bool                    --          --           --           false                      block      normal     --
shell.common.product_abbreviation                                                        string                  ICC2        --           --           ICC2                       global     normal     --
shell.common.shell_abbreviation                                                          string                  icc2        --           --           icc2                       global     normal     --
signoff.antenna.extract_via_antenna_property                                             bool                    false       --           --           false                      global     normal     --
signoff.calculate_hier_antenna_property.extract_via_antenna_prop                         bool                    --          --           --           false                      block      normal     --
signoff.fix_isolated_via.avoid_net_types                                                 list_of string          --          --           --           --                         block      normal     --
signoff.fix_isolated_via.isolated_via_max_range                                          list_of {string float}  --          --           --           --                         block      normal     --
signoff.fix_isolated_via.run_dir                                                         string                  --          --           --           --                         block      normal     --
signoff.fix_isolated_via.user_defined_options                                            string                  --          --           --           --                         block      normal     --
time.enable_via_variation                                                                bool                    --          --           --           false                      block      normal     --
vl.opt.enable_em_via_ladder                                                              bool                    --          --           --           true                       block      normal     --
vl.opt.enable_em_via_ladder_on_clock                                                     bool                    --          --           --           false                      block      normal     --
---------------------------------------------------------------------------------------- ----------------------- ----------- ------------ ------------ -------------------------- ---------- ---------- ----------

There are additional internal differences.
1
