DRC marker context report
marker_file=7_Backend_ICC2/4_Report/trials/route_combo_no_or2x1_nor2x02_hvt/99_marker_context/representative_drc_markers.tsv

Marker Diff_net_spacing_M1_(11)_1
  error_id    : 113
  error_type  : Diff net spacing
  error_layer : M1 (11)
  center      : 131.796 248.45600000000002
  bbox        : {131.767 248.376} {131.825 248.536}
  search_box  : {131.517 248.126} {132.075 248.786}
  pins        : 3
    pin u_core/core_i/U3204/A
      bbox     : {131.6030 247.7930} {133.3410 248.2570}
      layer    : M1 CO
      net      : u_core/core_i/n3447
      cell     : u_core/core_i/U3204
      ref_name : FADDX2_HVT
      origin   : 131.2640 249.0640
    pin u_core/core_i/U3204/B
      bbox     : {131.6650 248.2910} {133.2130 248.5110}
      layer    : M1 CO
      net      : u_core/core_i/n3446
      cell     : u_core/core_i/U3204
      ref_name : FADDX2_HVT
      origin   : 131.2640 249.0640
    pin u_core/core_i/U3204/CI
      bbox     : {131.9060 248.4010} {133.0740 248.5720}
      layer    : M1 CO
      net      : u_core/core_i/n3445
      cell     : u_core/core_i/U3204
      ref_name : FADDX2_HVT
      origin   : 131.2640 249.0640
  cells       : 1
    cell u_core/core_i/U3204 ref=FADDX2_HVT origin=131.2640 249.0640
  shapes      : 9
    shape PATH_23_22
      layer : M7
      bbox  : {13.0000 247.5000} {313.6720 248.5000}
      net   : VDD
    shape PATH_17_970
      layer : M4
      bbox  : {131.5400 246.1480} {131.5960 251.3720}
      net   : u_core/core_i/n628
    shape PATH_19_2612
      layer : M5
      bbox  : {116.0360 248.5800} {138.2840 248.6360}
      net   : u_core/core_i/id_stage_i/N444
    shape PATH_17_3514
      layer : M4
      bbox  : {131.8440 186.5640} {131.9000 290.5880}
      net   : u_core/core_i/n4706
    shape PATH_15_4835
      layer : M3
      bbox  : {131.2360 248.2760} {133.1160 248.3320}
      net   : u_core/core_i/n1347
    shape PATH_15_8179
      layer : M3
      bbox  : {115.4280 248.5800} {141.4760 248.6360}
      net   : u_core/core_i/n3211
    shape PATH_13_9837
      layer : M2
      bbox  : {131.5400 246.9080} {131.5960 249.8520}
      net   : u_core/core_i/n1436
    shape PATH_13_17438
      layer : M2
      bbox  : {131.8440 248.4280} {131.9000 248.9400}
      net   : u_core/core_i/n3445
    shape PATH_13_17441
      layer : M2
      bbox  : {131.6920 247.3640} {131.7480 248.4840}
      net   : u_core/core_i/n3446

Marker Diff_net_spacing_M7_(23)_1
  error_id    : 117
  error_type  : Diff net spacing
  error_layer : M7 (23)
  center      : 171.392 247.461
  bbox        : {167.569 247.38} {175.215 247.542}
  search_box  : {167.319 247.13} {175.465 247.792}
  pins        : 11
    pin u_core/core_i/U2221/Y
      bbox     : {167.5670 247.5000} {167.9500 248.9480}
      layer    : M1 CO
      net      : u_core/core_i/n2109
      cell     : u_core/core_i/U2221
      ref_name : INVX1_HVT
      origin   : 167.2880 249.0640
    pin u_core/core_i/U2221/VDD
      bbox     : {167.2880 247.3620} {168.0480 248.0720}
      layer    : M1 CO
      net      : u_core/core_i/VDD
      cell     : u_core/core_i/U2221
      ref_name : INVX1_HVT
      origin   : 167.2880 249.0640
    pin u_core/core_i/U2954/Y
      bbox     : {168.0230 245.8370} {168.2650 247.2770}
      layer    : M1 CO
      net      : u_core/core_i/n3119
      cell     : u_core/core_i/U2954
      ref_name : AND4X1_HVT
      origin   : 166.8320 245.7200
    pin u_core/core_i/U2954/VDD
      bbox     : {166.8320 246.5510} {168.3520 247.4220}
      layer    : M1 CO
      net      : u_core/core_i/VDD
      cell     : u_core/core_i/U2954
      ref_name : AND4X1_HVT
      origin   : 166.8320 245.7200
    pin u_core/core_i/U3135/VDD
      bbox     : {175.0400 246.7710} {176.8640 247.4220}
      layer    : M1 CO
      net      : u_core/core_i/VDD
      cell     : u_core/core_i/U3135
      ref_name : AOI22X1_HVT
      origin   : 175.0400 245.7200
    pin u_core/core_i/U3374/Y
      bbox     : {173.6470 245.9080} {173.9110 247.1460}
      layer    : M1 CO
      net      : u_core/core_i/n3759
      cell     : u_core/core_i/U3374
      ref_name : OA22X1_HVT
      origin   : 172.4560 245.7200
    pin u_core/core_i/U3374/VDD
      bbox     : {172.4560 246.6780} {173.9760 247.4220}
      layer    : M1 CO
      net      : u_core/core_i/VDD
      cell     : u_core/core_i/U3374
      ref_name : OA22X1_HVT
      origin   : 172.4560 245.7200
    pin u_core/core_i/U3428/Y
      bbox     : {174.2550 247.5070} {174.4970 248.9470}
      layer    : M1 CO
      net      : u_core/core_i/n3760
      cell     : u_core/core_i/U3428
      ref_name : AND4X1_HVT
      origin   : 173.0640 249.0640
    pin u_core/core_i/U3428/VDD
      bbox     : {173.0640 247.3620} {174.5840 248.2330}
      layer    : M1 CO
      net      : u_core/core_i/VDD
      cell     : u_core/core_i/U3428
      ref_name : AND4X1_HVT
      origin   : 173.0640 249.0640
    pin u_core/core_i/U3912/Y
      bbox     : {170.8810 247.5270} {171.0010 248.9190}
      layer    : M1 CO
      net      : u_core/core_i/n4701
      cell     : u_core/core_i/U3912
      ref_name : AO22X1_HVT
      origin   : 169.7200 249.0640
    pin u_core/core_i/U3912/VDD
      bbox     : {169.7200 247.3620} {171.2400 248.2240}
      layer    : M1 CO
      net      : u_core/core_i/VDD
      cell     : u_core/core_i/U3912
      ref_name : AO22X1_HVT
      origin   : 169.7200 249.0640
  cells       : 6
    cell u_core/core_i/U2221 ref=INVX1_HVT origin=167.2880 249.0640
    cell u_core/core_i/U2954 ref=AND4X1_HVT origin=166.8320 245.7200
    cell u_core/core_i/U3135 ref=AOI22X1_HVT origin=175.0400 245.7200
    cell u_core/core_i/U3374 ref=OA22X1_HVT origin=172.4560 245.7200
    cell u_core/core_i/U3428 ref=AND4X1_HVT origin=173.0640 249.0640
    cell u_core/core_i/U3912 ref=AO22X1_HVT origin=169.7200 249.0640
  shapes      : 56
    shape PATH_23_22
      layer : M7
      bbox  : {13.0000 247.5000} {313.6720 248.5000}
      net   : VDD
    shape PATH_25_107
      layer : M8
      bbox  : {171.9720 243.7160} {172.0280 285.1160}
      net   : u_core/core_i/dftopt31
    shape PATH_11_136
      layer : M1
      bbox  : {20.0000 247.3620} {306.6720 247.4220}
      net   : VDD
    shape PATH_19_559
      layer : M5
      bbox  : {156.7720 247.3640} {177.5000 247.4200}
      net   : u_core/core_i/n1346
    shape PATH_21_666
      layer : M6
      bbox  : {173.7960 226.6920} {173.8520 262.0120}
      net   : u_core/core_i/n4706
    shape PATH_17_1011
      layer : M4
      bbox  : {169.2360 240.0680} {169.2920 257.7560}
      net   : u_core/core_i/n690
    shape PATH_17_1427
      layer : M4
      bbox  : {173.1880 245.5400} {173.2440 248.9400}
      net   : u_core/core_i/n2112
    shape PATH_17_1551
      layer : M4
      bbox  : {174.7080 235.2040} {174.7640 255.9320}
      net   : u_core/core_i/n2595
    shape PATH_21_1595
      layer : M6
      bbox  : {170.7560 229.7320} {170.8120 322.8120}
      net   : u_core/core_i/id_stage_i/ZBUF_32_368
    shape PATH_17_1746
      layer : M4
      bbox  : {171.0600 241.8920} {171.1160 255.9320}
      net   : u_core/core_i/n3050
    shape PATH_17_1753
      layer : M4
      bbox  : {168.3240 244.9320} {168.3800 249.8520}
      net   : u_core/core_i/n3059
    shape PATH_17_1822
      layer : M4
      bbox  : {174.1000 246.1480} {174.1560 248.6360}
      net   : u_core/core_i/n3358
    shape PATH_17_2157
      layer : M4
      bbox  : {168.0200 213.9240} {168.0760 275.0840}
      net   : u_core/core_i/n4796
    shape PATH_21_2422
      layer : M6
      bbox  : {168.9320 215.1400} {168.9880 324.6360}
      net   : u_core/core_i/id_stage_i/ZBUF_47_79
    shape PATH_21_3000
      layer : M6
      bbox  : {167.7160 247.3640} {167.7720 250.4600}
      net   : u_core/core_i/id_stage_i/ZBUF_807_209
    shape PATH_21_3001
      layer : M6
      bbox  : {175.0120 247.3640} {175.0680 248.6360}
      net   : u_core/core_i/id_stage_i/ZBUF_807_209
    shape PATH_17_3143
      layer : M4
      bbox  : {170.4520 247.3640} {170.5080 248.9400}
      net   : u_core/core_i/n3440
    shape PATH_17_4863
      layer : M4
      bbox  : {174.4040 225.4760} {174.4600 318.5560}
      net   : u_core/core_i/id_stage_i/ZBUF_2_299
    shape PATH_17_4999
      layer : M4
      bbox  : {167.7160 155.8600} {167.7720 322.8120}
      net   : u_core/core_i/id_stage_i/ZBUF_83_309
    shape PATH_13_7632
      layer : M2
      bbox  : {170.1480 245.2360} {170.2040 258.3640}
      net   : u_core/core_i/n843
    ... shape output truncated ...

Marker Off-grid_M1_(11)_1
  error_id    : 29
  error_type  : Off-grid
  error_layer : M1 (11)
  center      : 200.728 121.384
  bbox        : {200.673 121.354} {200.783 121.414}
  search_box  : {200.423 121.104} {201.033 121.664}
  pins        : 3
    pin u_core/core_i/id_stage_i/U1177/A
      bbox     : {200.0190 120.7210} {201.7570 121.1850}
      layer    : M1 CO
      net      : u_core/core_i/id_stage_i/n1459
      cell     : u_core/core_i/id_stage_i/U1177
      ref_name : FADDX2_HVT
      origin   : 202.0960 121.9920
    pin u_core/core_i/id_stage_i/U1177/B
      bbox     : {200.1470 121.2190} {201.6950 121.4390}
      layer    : M1 CO
      net      : u_core/core_i/id_stage_i/n1458
      cell     : u_core/core_i/id_stage_i/U1177
      ref_name : FADDX2_HVT
      origin   : 202.0960 121.9920
    pin u_core/core_i/id_stage_i/U1177/CI
      bbox     : {200.2860 121.3290} {201.4540 121.5000}
      layer    : M1 CO
      net      : u_core/core_i/id_stage_i/n1457
      cell     : u_core/core_i/id_stage_i/U1177
      ref_name : FADDX2_HVT
      origin   : 202.0960 121.9920
  cells       : 1
    cell u_core/core_i/id_stage_i/U1177 ref=FADDX2_HVT origin=202.0960 121.9920
  shapes      : 7
    shape PATH_25_20
      layer : M8
      bbox  : {199.5000 13.0000} {200.5000 312.9120}
      net   : VDD
    shape PATH_21_777
      layer : M6
      bbox  : {200.5480 104.4840} {200.6040 121.5640}
      net   : u_core/core_i/jump_target_id[24]
    shape PATH_19_2000
      layer : M5
      bbox  : {198.7240 121.5080} {200.6040 121.5640}
      net   : u_core/core_i/jump_target_id[24]
    shape PATH_17_9594
      layer : M4
      bbox  : {200.5480 97.7960} {200.6040 135.8520}
      net   : u_core/core_i/id_stage_i/n977
    shape PATH_17_14708
      layer : M4
      bbox  : {200.8520 109.9560} {200.9080 122.1720}
      net   : u_core/core_i/ZBUF_171_52
    shape PATH_13_51825
      layer : M2
      bbox  : {200.7000 121.3560} {200.7560 121.8680}
      net   : u_core/core_i/id_stage_i/n1457
    shape PATH_13_51856
      layer : M2
      bbox  : {200.5480 116.7960} {200.6040 122.6280}
      net   : u_core/core_i/id_stage_i/n1470

Marker Off-grid_M1_(11)_2
  error_id    : 30
  error_type  : Off-grid
  error_layer : M1 (11)
  center      : 200.88 122.6
  bbox        : {200.825 122.57} {200.935 122.63}
  search_box  : {200.575 122.32} {201.185 122.88}
  pins        : 3
    pin u_core/core_i/id_stage_i/U1183/A
      bbox     : {200.0190 122.7990} {201.7570 123.2630}
      layer    : M1 CO
      net      : u_core/core_i/id_stage_i/instr_rdata_i[25]
      cell     : u_core/core_i/id_stage_i/U1183
      ref_name : FADDX2_HVT
      origin   : 202.0960 121.9920
    pin u_core/core_i/id_stage_i/U1183/B
      bbox     : {200.1470 122.5450} {201.6950 122.7650}
      layer    : M1 CO
      net      : u_core/core_i/id_stage_i/n1471
      cell     : u_core/core_i/id_stage_i/U1183
      ref_name : FADDX2_HVT
      origin   : 202.0960 121.9920
    pin u_core/core_i/id_stage_i/U1183/CI
      bbox     : {200.2860 122.4840} {201.4540 122.6550}
      layer    : M1 CO
      net      : u_core/core_i/id_stage_i/n1470
      cell     : u_core/core_i/id_stage_i/U1183
      ref_name : FADDX2_HVT
      origin   : 202.0960 121.9920
  cells       : 1
    cell u_core/core_i/id_stage_i/U1183 ref=FADDX2_HVT origin=202.0960 121.9920
  shapes      : 6
    shape PATH_21_793
      layer : M6
      bbox  : {201.1560 98.4040} {201.2120 133.7240}
      net   : u_core/core_i/jump_target_id[18]
    shape PATH_17_9594
      layer : M4
      bbox  : {200.5480 97.7960} {200.6040 135.8520}
      net   : u_core/core_i/id_stage_i/n977
    shape PATH_15_35159
      layer : M3
      bbox  : {200.7000 122.7240} {202.4280 122.7800}
      net   : u_core/core_i/ZBUF_685_346
    shape PATH_13_51856
      layer : M2
      bbox  : {200.5480 116.7960} {200.6040 122.6280}
      net   : u_core/core_i/id_stage_i/n1470
    shape PATH_13_51857
      layer : M2
      bbox  : {200.5480 122.5720} {200.9080 122.6280}
      net   : u_core/core_i/id_stage_i/n1470
    shape PATH_13_69152
      layer : M2
      bbox  : {200.7000 122.7240} {200.7560 123.0840}
      net   : u_core/core_i/ZBUF_685_346

Marker Off-grid_M1_(11)_3
  error_id    : 73
  error_type  : Off-grid
  error_layer : M1 (11)
  center      : 259.704 222.92
  bbox        : {259.649 222.89} {259.759 222.95}
  search_box  : {259.399 222.64} {260.009 223.2}
  pins        : 3
    pin u_core/core_i/U269/A
      bbox     : {258.5230 223.1220} {260.2610 223.5830}
      layer    : M1 CO
      net      : u_core/core_i/n393
      cell     : u_core/core_i/U269
      ref_name : FADDX1_HVT
      origin   : 258.1840 222.3120
    pin u_core/core_i/U269/B
      bbox     : {258.5850 222.8650} {260.1330 223.0750}
      layer    : M1 CO
      net      : u_core/core_i/n392
      cell     : u_core/core_i/U269
      ref_name : FADDX1_HVT
      origin   : 258.1840 222.3120
    pin u_core/core_i/U269/CI
      bbox     : {258.8270 222.8650} {259.9940 222.9750}
      layer    : M1 CO
      net      : u_core/core_i/n391
      cell     : u_core/core_i/U269
      ref_name : FADDX1_HVT
      origin   : 258.1840 222.3120
  cells       : 1
    cell u_core/core_i/U269 ref=FADDX1_HVT origin=258.1840 222.3120
  shapes      : 4
    shape PATH_25_23
      layer : M8
      bbox  : {259.5000 10.0000} {260.5000 315.9120}
      net   : VSS
    shape PATH_13_204
      layer : M2
      bbox  : {259.8000 10.0000} {260.2000 315.9120}
      net   : VSS
    shape PATH_19_5218
      layer : M5
      bbox  : {213.6200 223.0440} {264.7480 223.1000}
      net   : u_core/core_i/ZBUF_32_427
    shape PATH_13_6289
      layer : M2
      bbox  : {259.5240 222.8920} {259.5800 224.7720}
      net   : u_core/core_i/n391

Marker Off-grid_M2_(13)_1
  error_id    : 0
  error_type  : Off-grid
  error_layer : M2 (13)
  center      : 28.637 20.912
  bbox        : {28.582 20.806} {28.692 21.018}
  search_box  : {28.332 20.556} {28.942 21.268}
  pins        : 2
    pin u_core/core_i/U5778/A1
      bbox     : {28.2900 20.7050} {28.4620 21.0500}
      layer    : M1 CO
      net      : u_core/core_i/ZBUF_19_309
      cell     : u_core/core_i/U5778
      ref_name : OR2X4_HVT
      origin   : 28.0560 21.6720
    pin u_core/core_i/U5778/VDD
      bbox     : {28.0560 19.9700} {29.7280 20.7040}
      layer    : M1 CO
      net      : u_core/core_i/VDD
      cell     : u_core/core_i/U5778
      ref_name : OR2X4_HVT
      origin   : 28.0560 21.6720
  cells       : 1
    cell u_core/core_i/U5778 ref=OR2X4_HVT origin=28.0560 21.6720
  shapes      : 6
    shape PATH_23_430
      layer : M7
      bbox  : {27.8760 21.1880} {79.0040 21.2440}
      net   : u_core/core_i/id_stage_i/ZBUF_54_267
    shape PATH_13_1420
      layer : M2
      bbox  : {28.6360 15.1080} {28.6920 20.9400}
      net   : fetch_enable_i
    shape PATH_11_5918
      layer : M1
      bbox  : {28.1780 20.7300} {28.3750 20.7900}
      net   : u_core/core_i/ZBUF_19_309
    shape PATH_19_7162
      layer : M5
      bbox  : {25.4440 20.5800} {88.7320 20.6360}
      net   : u_core/core_i/id_stage_i/ZBUF_98_98
    shape PATH_13_73839
      layer : M2
      bbox  : {28.7880 18.1480} {28.8440 45.2600}
      net   : u_core/core_i/id_stage_i/ZBUF_789_422
    shape PATH_13_110618
      layer : M2
      bbox  : {28.9400 16.4760} {28.9960 38.8760}
      net   : u_core/core_i/id_stage_i/ZBUF_66_192

Marker Off-grid_M2_(13)_2
  error_id    : 3
  error_type  : Off-grid
  error_layer : M2 (13)
  center      : 21.366 22.28
  bbox        : {21.336 22.149} {21.396 22.411}
  search_box  : {21.086 21.899} {21.646 22.661}
  pins        : 3
    pin u_core/core_i/id_stage_i/U2760/A1
      bbox     : {21.0090 22.3030} {21.1810 22.4870}
      layer    : M1 CO
      net      : u_core/core_i/id_stage_i/ZBUF_39_98
      cell     : u_core/core_i/id_stage_i/U2760
      ref_name : NOR2X1_HVT
      origin   : 20.7600 21.6720
    pin u_core/core_i/id_stage_i/U2760/VDD
      bbox     : {20.7600 22.5830} {22.2800 23.3740}
      layer    : M1 CO
      net      : u_core/core_i/id_stage_i/VDD
      cell     : u_core/core_i/id_stage_i/U2760
      ref_name : NOR2X1_HVT
      origin   : 20.7600 21.6720
    pin u_core/core_i/id_stage_i/U2760/VSS
      bbox     : {20.7600 21.6420} {22.2800 22.0590}
      layer    : M1 CO
      net      : u_core/core_i/id_stage_i/VSS
      cell     : u_core/core_i/id_stage_i/U2760
      ref_name : NOR2X1_HVT
      origin   : 20.7600 21.6720
  cells       : 1
    cell u_core/core_i/id_stage_i/U2760 ref=NOR2X1_HVT origin=20.7600 21.6720
  shapes      : 3
    shape PATH_13_1425
      layer : M2
      bbox  : {21.1880 5.0760} {21.2440 23.6760}
      net   : scan_in
    shape PATH_11_14381
      layer : M1
      bbox  : {20.5830 22.4070} {21.0890 22.4570}
      net   : u_core/core_i/id_stage_i/ZBUF_39_98
    shape PATH_13_49455
      layer : M2
      bbox  : {21.3400 22.2520} {21.3960 23.0680}
      net   : u_core/core_i/id_stage_i/controller_i/debug_fsm_ns[0]

Marker Off-grid_M2_(13)_3
  error_id    : 4
  error_type  : Off-grid
  error_layer : M2 (13)
  center      : 296.765 31.096
  bbox        : {296.71 30.99} {296.82 31.202}
  search_box  : {296.46 30.74} {297.07 31.452}
  pins        : 3
    pin u_core/core_i/U5531/A1
      bbox     : {296.4330 30.8890} {296.6050 31.0730}
      layer    : M1 CO
      net      : u_core/core_i/n5985
      cell     : u_core/core_i/U5531
      ref_name : NOR2X1_HVT
      origin   : 296.1840 31.7040
    pin u_core/core_i/U5531/VDD
      bbox     : {296.1840 30.0020} {297.7040 30.7930}
      layer    : M1 CO
      net      : u_core/core_i/VDD
      cell     : u_core/core_i/U5531
      ref_name : NOR2X1_HVT
      origin   : 296.1840 31.7040
    pin u_core/core_i/U5531/VSS
      bbox     : {296.1840 31.3170} {297.7040 31.7340}
      layer    : M1 CO
      net      : u_core/core_i/VSS
      cell     : u_core/core_i/U5531
      ref_name : NOR2X1_HVT
      origin   : 296.1840 31.7040
  cells       : 1
    cell u_core/core_i/U5531 ref=NOR2X1_HVT origin=296.1840 31.7040
  shapes      : 4
    shape PATH_19_355
      layer : M5
      bbox  : {292.6600 30.9160} {299.1000 30.9720}
      net   : u_core/core_i/if_stage_i/prefetch_buffer_i/trans_addr[8]
    shape PATH_11_4091
      layer : M1
      bbox  : {296.3060 30.9140} {296.5490 30.9740}
      net   : u_core/core_i/n5985
    shape PATH_15_11843
      layer : M3
      bbox  : {296.3080 30.9160} {298.0360 30.9720}
      net   : u_core/core_i/n5985
    shape PATH_13_25535
      layer : M2
      bbox  : {296.7640 31.0680} {296.8200 31.5800}
      net   : u_core/core_i/n5984

Marker Off-grid_VIA1_(12)_1
  error_id    : 1
  error_type  : Off-grid
  error_layer : VIA1 (12)
  center      : 28.637 20.912
  bbox        : {28.612 20.811} {28.662 21.013}
  search_box  : {28.362 20.561} {28.912 21.263}
  pins        : 2
    pin u_core/core_i/U5778/A1
      bbox     : {28.2900 20.7050} {28.4620 21.0500}
      layer    : M1 CO
      net      : u_core/core_i/ZBUF_19_309
      cell     : u_core/core_i/U5778
      ref_name : OR2X4_HVT
      origin   : 28.0560 21.6720
    pin u_core/core_i/U5778/VDD
      bbox     : {28.0560 19.9700} {29.7280 20.7040}
      layer    : M1 CO
      net      : u_core/core_i/VDD
      cell     : u_core/core_i/U5778
      ref_name : OR2X4_HVT
      origin   : 28.0560 21.6720
  cells       : 1
    cell u_core/core_i/U5778 ref=OR2X4_HVT origin=28.0560 21.6720
  shapes      : 5
    shape PATH_23_430
      layer : M7
      bbox  : {27.8760 21.1880} {79.0040 21.2440}
      net   : u_core/core_i/id_stage_i/ZBUF_54_267
    shape PATH_13_1420
      layer : M2
      bbox  : {28.6360 15.1080} {28.6920 20.9400}
      net   : fetch_enable_i
    shape PATH_11_5918
      layer : M1
      bbox  : {28.1780 20.7300} {28.3750 20.7900}
      net   : u_core/core_i/ZBUF_19_309
    shape PATH_19_7162
      layer : M5
      bbox  : {25.4440 20.5800} {88.7320 20.6360}
      net   : u_core/core_i/id_stage_i/ZBUF_98_98
    shape PATH_13_73839
      layer : M2
      bbox  : {28.7880 18.1480} {28.8440 45.2600}
      net   : u_core/core_i/id_stage_i/ZBUF_789_422

Marker Off-grid_VIA1_(12)_2
  error_id    : 2
  error_type  : Off-grid
  error_layer : VIA1 (12)
  center      : 21.366 22.28
  bbox        : {21.341 22.179} {21.391 22.381}
  search_box  : {21.091 21.929} {21.641 22.631}
  pins        : 2
    pin u_core/core_i/id_stage_i/U2760/A1
      bbox     : {21.0090 22.3030} {21.1810 22.4870}
      layer    : M1 CO
      net      : u_core/core_i/id_stage_i/ZBUF_39_98
      cell     : u_core/core_i/id_stage_i/U2760
      ref_name : NOR2X1_HVT
      origin   : 20.7600 21.6720
    pin u_core/core_i/id_stage_i/U2760/VSS
      bbox     : {20.7600 21.6420} {22.2800 22.0590}
      layer    : M1 CO
      net      : u_core/core_i/id_stage_i/VSS
      cell     : u_core/core_i/id_stage_i/U2760
      ref_name : NOR2X1_HVT
      origin   : 20.7600 21.6720
  cells       : 1
    cell u_core/core_i/id_stage_i/U2760 ref=NOR2X1_HVT origin=20.7600 21.6720
  shapes      : 2
    shape PATH_13_1425
      layer : M2
      bbox  : {21.1880 5.0760} {21.2440 23.6760}
      net   : scan_in
    shape PATH_13_49455
      layer : M2
      bbox  : {21.3400 22.2520} {21.3960 23.0680}
      net   : u_core/core_i/id_stage_i/controller_i/debug_fsm_ns[0]

Marker Off-grid_VIA1_(12)_3
  error_id    : 5
  error_type  : Off-grid
  error_layer : VIA1 (12)
  center      : 296.765 31.096
  bbox        : {296.74 30.995} {296.79 31.197}
  search_box  : {296.49 30.745} {297.04 31.447}
  pins        : 3
    pin u_core/core_i/U5531/A1
      bbox     : {296.4330 30.8890} {296.6050 31.0730}
      layer    : M1 CO
      net      : u_core/core_i/n5985
      cell     : u_core/core_i/U5531
      ref_name : NOR2X1_HVT
      origin   : 296.1840 31.7040
    pin u_core/core_i/U5531/VDD
      bbox     : {296.1840 30.0020} {297.7040 30.7930}
      layer    : M1 CO
      net      : u_core/core_i/VDD
      cell     : u_core/core_i/U5531
      ref_name : NOR2X1_HVT
      origin   : 296.1840 31.7040
    pin u_core/core_i/U5531/VSS
      bbox     : {296.1840 31.3170} {297.7040 31.7340}
      layer    : M1 CO
      net      : u_core/core_i/VSS
      cell     : u_core/core_i/U5531
      ref_name : NOR2X1_HVT
      origin   : 296.1840 31.7040
  cells       : 1
    cell u_core/core_i/U5531 ref=NOR2X1_HVT origin=296.1840 31.7040
  shapes      : 4
    shape PATH_19_355
      layer : M5
      bbox  : {292.6600 30.9160} {299.1000 30.9720}
      net   : u_core/core_i/if_stage_i/prefetch_buffer_i/trans_addr[8]
    shape PATH_11_4091
      layer : M1
      bbox  : {296.3060 30.9140} {296.5490 30.9740}
      net   : u_core/core_i/n5985
    shape PATH_15_11843
      layer : M3
      bbox  : {296.3080 30.9160} {298.0360 30.9720}
      net   : u_core/core_i/n5985
    shape PATH_13_25535
      layer : M2
      bbox  : {296.7640 31.0680} {296.8200 31.5800}
      net   : u_core/core_i/n5984

Marker Hotspot_220to240_240to260_1
  error_id    : 122
  error_type  : Off-grid
  error_layer : M2 (13)
  center      : 223.65300000000002 249.672
  bbox        : {223.598 249.566} {223.708 249.778}
  search_box  : {223.348 249.316} {223.958 250.028}
  pins        : 3
    pin u_core/core_i/U2369/A1
      bbox     : {223.3210 249.6950} {223.4930 249.8790}
      layer    : M1 CO
      net      : u_core/core_i/n2301
      cell     : u_core/core_i/U2369
      ref_name : NOR2X1_HVT
      origin   : 223.0720 249.0640
    pin u_core/core_i/U2369/VDD
      bbox     : {223.0720 249.9750} {224.5920 250.7660}
      layer    : M1 CO
      net      : u_core/core_i/VDD
      cell     : u_core/core_i/U2369
      ref_name : NOR2X1_HVT
      origin   : 223.0720 249.0640
    pin u_core/core_i/U2369/VSS
      bbox     : {223.0720 249.0340} {224.5920 249.4510}
      layer    : M1 CO
      net      : u_core/core_i/VSS
      cell     : u_core/core_i/U2369
      ref_name : NOR2X1_HVT
      origin   : 223.0720 249.0640
  cells       : 1
    cell u_core/core_i/U2369 ref=NOR2X1_HVT origin=223.0720 249.0640
  shapes      : 6
    shape PATH_19_690
      layer : M5
      bbox  : {218.7880 249.7960} {227.3560 249.8520}
      net   : u_core/core_i/n2339
    shape PATH_11_2103
      layer : M1
      bbox  : {223.0470 249.7990} {223.4010 249.8490}
      net   : u_core/core_i/n2301
    shape PATH_15_6629
      layer : M3
      bbox  : {223.0440 249.4920} {225.8360 249.5480}
      net   : u_core/core_i/n2301
    shape PATH_13_13297
      layer : M2
      bbox  : {223.6520 246.7560} {223.7080 249.7000}
      net   : u_core/core_i/n2300
    shape PATH_13_99726
      layer : M2
      bbox  : {223.3480 249.4920} {223.4040 253.1960}
      net   : u_core/core_i/ZBUF_87_38
    shape PATH_13_99727
      layer : M2
      bbox  : {223.1960 249.4920} {223.4040 249.5480}
      net   : u_core/core_i/ZBUF_87_38

Marker Hotspot_220to240_240to260_2
  error_id    : 123
  error_type  : Off-grid
  error_layer : VIA1 (12)
  center      : 223.653 249.672
  bbox        : {223.628 249.571} {223.678 249.773}
  search_box  : {223.378 249.321} {223.928 250.023}
  pins        : 3
    pin u_core/core_i/U2369/A1
      bbox     : {223.3210 249.6950} {223.4930 249.8790}
      layer    : M1 CO
      net      : u_core/core_i/n2301
      cell     : u_core/core_i/U2369
      ref_name : NOR2X1_HVT
      origin   : 223.0720 249.0640
    pin u_core/core_i/U2369/VDD
      bbox     : {223.0720 249.9750} {224.5920 250.7660}
      layer    : M1 CO
      net      : u_core/core_i/VDD
      cell     : u_core/core_i/U2369
      ref_name : NOR2X1_HVT
      origin   : 223.0720 249.0640
    pin u_core/core_i/U2369/VSS
      bbox     : {223.0720 249.0340} {224.5920 249.4510}
      layer    : M1 CO
      net      : u_core/core_i/VSS
      cell     : u_core/core_i/U2369
      ref_name : NOR2X1_HVT
      origin   : 223.0720 249.0640
  cells       : 1
    cell u_core/core_i/U2369 ref=NOR2X1_HVT origin=223.0720 249.0640
  shapes      : 6
    shape PATH_19_690
      layer : M5
      bbox  : {218.7880 249.7960} {227.3560 249.8520}
      net   : u_core/core_i/n2339
    shape PATH_11_2103
      layer : M1
      bbox  : {223.0470 249.7990} {223.4010 249.8490}
      net   : u_core/core_i/n2301
    shape PATH_15_6629
      layer : M3
      bbox  : {223.0440 249.4920} {225.8360 249.5480}
      net   : u_core/core_i/n2301
    shape PATH_13_13297
      layer : M2
      bbox  : {223.6520 246.7560} {223.7080 249.7000}
      net   : u_core/core_i/n2300
    shape PATH_13_99726
      layer : M2
      bbox  : {223.3480 249.4920} {223.4040 253.1960}
      net   : u_core/core_i/ZBUF_87_38
    shape PATH_13_99727
      layer : M2
      bbox  : {223.1960 249.4920} {223.4040 249.5480}
      net   : u_core/core_i/ZBUF_87_38

Marker Hotspot_220to240_240to260_3
  error_id    : 124
  error_type  : Off-grid
  error_layer : M1 (11)
  center      : 225.899 249.522
  bbox        : {225.783 249.49} {226.015 249.554}
  search_box  : {225.533 249.24} {226.265 249.804}
  pins        : 2
    pin u_core/core_i/U2367/Y
      bbox     : {225.7830 249.1950} {226.0150 250.6160}
      layer    : M1 CO
      net      : u_core/core_i/n2301
      cell     : u_core/core_i/U2367
      ref_name : NOR2X1_HVT
      origin   : 224.5920 249.0640
    pin u_core/core_i/U2367/VSS
      bbox     : {224.5920 249.0340} {226.1120 249.4510}
      layer    : M1 CO
      net      : u_core/core_i/VSS
      cell     : u_core/core_i/U2367
      ref_name : NOR2X1_HVT
      origin   : 224.5920 249.0640
  cells       : 2
    cell u_core/core_i/U2367 ref=NOR2X1_HVT origin=224.5920 249.0640
    cell u_core/core_i/U3295 ref=NOR2X1_HVT origin=226.1120 249.0640
  shapes      : 11
    shape PATH_19_690
      layer : M5
      bbox  : {218.7880 249.7960} {227.3560 249.8520}
      net   : u_core/core_i/n2339
    shape PATH_19_1594
      layer : M5
      bbox  : {213.9240 249.1880} {227.9640 249.2440}
      net   : u_core/core_i/n4448
    shape PATH_21_1709
      layer : M6
      bbox  : {226.0840 247.3640} {226.1400 271.7400}
      net   : u_core/core_i/ZBUF_301_400
    shape PATH_17_1834
      layer : M4
      bbox  : {225.7800 244.3240} {225.8360 250.4600}
      net   : u_core/core_i/n3379
    shape PATH_11_4454
      layer : M1
      bbox  : {226.2340 249.7940} {226.4770 249.8540}
      net   : u_core/core_i/n175
    shape PATH_15_6629
      layer : M3
      bbox  : {223.0440 249.4920} {225.8360 249.5480}
      net   : u_core/core_i/n2301
    shape PATH_15_8465
      layer : M3
      bbox  : {221.6760 249.1880} {229.3320 249.2440}
      net   : u_core/core_i/n3468
    shape PATH_15_13335
      layer : M3
      bbox  : {224.7160 249.7960} {226.4440 249.8520}
      net   : u_core/core_i/n175
    shape PATH_13_28445
      layer : M2
      bbox  : {226.2360 248.2760} {226.2920 249.8520}
      net   : u_core/core_i/n175
    shape PATH_13_28446
      layer : M2
      bbox  : {226.2360 249.7960} {226.4440 249.8520}
      net   : u_core/core_i/n175
    shape PATH_13_70670
      layer : M2
      bbox  : {226.0840 228.5160} {226.1400 262.3160}
      net   : u_core/core_i/ZBUF_689_372

Marker Hotspot_220to240_220to240_1
  error_id    : 63
  error_type  : Off-grid
  error_layer : VIA1 (12)
  center      : 225.477 226.264
  bbox        : {225.452 226.163} {225.502 226.365}
  search_box  : {225.202 225.913} {225.752 226.615}
  pins        : 3
    pin u_core/core_i/U3089/A1
      bbox     : {225.1450 226.2870} {225.3170 226.4710}
      layer    : M1 CO
      net      : u_core/core_i/ex_stage_i/alu_i/alu_div_i/ResReg_DP_rev[20]
      cell     : u_core/core_i/U3089
      ref_name : NOR2X1_HVT
      origin   : 224.8960 225.6560
    pin u_core/core_i/U3089/VDD
      bbox     : {224.8960 226.5670} {226.4160 227.3580}
      layer    : M1 CO
      net      : u_core/core_i/VDD
      cell     : u_core/core_i/U3089
      ref_name : NOR2X1_HVT
      origin   : 224.8960 225.6560
    pin u_core/core_i/U3089/VSS
      bbox     : {224.8960 225.6260} {226.4160 226.0430}
      layer    : M1 CO
      net      : u_core/core_i/VSS
      cell     : u_core/core_i/U3089
      ref_name : NOR2X1_HVT
      origin   : 224.8960 225.6560
  cells       : 1
    cell u_core/core_i/U3089 ref=NOR2X1_HVT origin=224.8960 225.6560
  shapes      : 3
    shape PATH_19_1257
      layer : M5
      bbox  : {220.0040 226.0840} {245.2920 226.1400}
      net   : u_core/core_i/n68
    shape PATH_13_5340
      layer : M2
      bbox  : {225.1720 224.8680} {225.2280 226.2920}
      net   : u_core/core_i/ex_stage_i/alu_i/alu_div_i/ResReg_DP_rev[20]
    shape PATH_13_28416
      layer : M2
      bbox  : {225.4760 226.2360} {225.5320 227.9640}
      net   : u_core/core_i/n174

Marker Hotspot_220to240_220to240_2
  error_id    : 64
  error_type  : Off-grid
  error_layer : M2 (13)
  center      : 225.477 226.264
  bbox        : {225.422 226.158} {225.532 226.37}
  search_box  : {225.172 225.908} {225.782 226.62}
  pins        : 3
    pin u_core/core_i/U3089/A1
      bbox     : {225.1450 226.2870} {225.3170 226.4710}
      layer    : M1 CO
      net      : u_core/core_i/ex_stage_i/alu_i/alu_div_i/ResReg_DP_rev[20]
      cell     : u_core/core_i/U3089
      ref_name : NOR2X1_HVT
      origin   : 224.8960 225.6560
    pin u_core/core_i/U3089/VDD
      bbox     : {224.8960 226.5670} {226.4160 227.3580}
      layer    : M1 CO
      net      : u_core/core_i/VDD
      cell     : u_core/core_i/U3089
      ref_name : NOR2X1_HVT
      origin   : 224.8960 225.6560
    pin u_core/core_i/U3089/VSS
      bbox     : {224.8960 225.6260} {226.4160 226.0430}
      layer    : M1 CO
      net      : u_core/core_i/VSS
      cell     : u_core/core_i/U3089
      ref_name : NOR2X1_HVT
      origin   : 224.8960 225.6560
  cells       : 1
    cell u_core/core_i/U3089 ref=NOR2X1_HVT origin=224.8960 225.6560
  shapes      : 4
    shape PATH_19_1257
      layer : M5
      bbox  : {220.0040 226.0840} {245.2920 226.1400}
      net   : u_core/core_i/n68
    shape PATH_13_5340
      layer : M2
      bbox  : {225.1720 224.8680} {225.2280 226.2920}
      net   : u_core/core_i/ex_stage_i/alu_i/alu_div_i/ResReg_DP_rev[20]
    shape PATH_17_10281
      layer : M4
      bbox  : {225.7800 181.3960} {225.8360 229.4840}
      net   : u_core/core_i/ZBUF_265_380
    shape PATH_13_28416
      layer : M2
      bbox  : {225.4760 226.2360} {225.5320 227.9640}
      net   : u_core/core_i/n174

Marker Hotspot_220to240_220to240_3
  error_id    : 65
  error_type  : Off-grid
  error_layer : VIA1 (12)
  center      : 226.997 226.264
  bbox        : {226.972 226.163} {227.022 226.365}
  search_box  : {226.722 225.913} {227.272 226.615}
  pins        : 3
    pin u_core/core_i/U3367/A1
      bbox     : {226.6650 226.2870} {226.8370 226.4710}
      layer    : M1 CO
      net      : u_core/core_i/ex_stage_i/alu_i/alu_div_i/ResReg_DP_rev[24]
      cell     : u_core/core_i/U3367
      ref_name : NOR2X1_HVT
      origin   : 226.4160 225.6560
    pin u_core/core_i/U3367/VDD
      bbox     : {226.4160 226.5670} {227.9360 227.3580}
      layer    : M1 CO
      net      : u_core/core_i/VDD
      cell     : u_core/core_i/U3367
      ref_name : NOR2X1_HVT
      origin   : 226.4160 225.6560
    pin u_core/core_i/U3367/VSS
      bbox     : {226.4160 225.6260} {227.9360 226.0430}
      layer    : M1 CO
      net      : u_core/core_i/VSS
      cell     : u_core/core_i/U3367
      ref_name : NOR2X1_HVT
      origin   : 226.4160 225.6560
  cells       : 1
    cell u_core/core_i/U3367 ref=NOR2X1_HVT origin=226.4160 225.6560
  shapes      : 6
    shape PATH_19_1257
      layer : M5
      bbox  : {220.0040 226.0840} {245.2920 226.1400}
      net   : u_core/core_i/n68
    shape PATH_21_2460
      layer : M6
      bbox  : {226.6920 153.1240} {226.7480 296.6680}
      net   : u_core/core_i/id_stage_i/ZBUF_2_94
    shape PATH_15_2772
      layer : M3
      bbox  : {226.3880 226.0840} {228.8760 226.1400}
      net   : u_core/core_i/ex_stage_i/alu_i/alu_div_i/net10862
    shape PATH_17_2804
      layer : M4
      bbox  : {226.9960 201.7640} {227.0520 274.4760}
      net   : u_core/core_i/n81
    shape PATH_13_5319
      layer : M2
      bbox  : {226.6920 224.2600} {226.7480 226.3680}
      net   : u_core/core_i/ex_stage_i/alu_i/alu_div_i/ResReg_DP_rev[24]
    shape PATH_13_28423
      layer : M2
      bbox  : {226.9960 226.2360} {227.0520 227.0520}
      net   : u_core/core_i/n174

Marker Hotspot_120to140_240to260_1
  error_id    : 106
  error_type  : Off-grid
  error_layer : VIA1 (12)
  center      : 130.654 241.61599999999999
  bbox        : {130.629 241.515} {130.679 241.717}
  search_box  : {130.379 241.265} {130.929 241.967}
  pins        : 2
    pin u_core/core_i/U808/A1
      bbox     : {130.2820 241.4090} {130.4540 241.7540}
      layer    : M1 CO
      net      : u_core/core_i/n617
      cell     : u_core/core_i/U808
      ref_name : OR2X4_HVT
      origin   : 130.0480 242.3760
    pin u_core/core_i/U808/VDD
      bbox     : {130.0480 240.6740} {131.7200 241.4080}
      layer    : M1 CO
      net      : u_core/core_i/VDD
      cell     : u_core/core_i/U808
      ref_name : OR2X4_HVT
      origin   : 130.0480 242.3760
  cells       : 1
    cell u_core/core_i/U808 ref=OR2X4_HVT origin=130.0480 242.3760
  shapes      : 8
    shape PATH_23_116
      layer : M7
      bbox  : {116.6440 241.2840} {212.7640 241.3400}
      net   : u_core/core_i/n787
    shape PATH_19_457
      layer : M5
      bbox  : {118.4680 241.8920} {170.5080 241.9480}
      net   : u_core/core_i/n657
    shape PATH_19_627
      layer : M5
      bbox  : {90.8040 241.2840} {141.6280 241.3400}
      net   : u_core/core_i/n1942
    shape PATH_21_655
      layer : M6
      bbox  : {130.6280 218.1800} {130.6840 246.2040}
      net   : u_core/core_i/n4704
    shape PATH_15_3733
      layer : M3
      bbox  : {130.0200 241.2840} {131.2920 241.3400}
      net   : u_core/core_i/n614
    shape PATH_13_6970
      layer : M2
      bbox  : {130.6280 239.9160} {130.6840 241.6440}
      net   : u_core/core_i/n616
    shape PATH_13_27128
      layer : M2
      bbox  : {130.7800 238.7000} {130.8360 245.7480}
      net   : u_core/core_i/n59
    shape PATH_13_29813
      layer : M2
      bbox  : {130.4760 234.9000} {130.5320 244.3800}
      net   : u_core/core_i/n578

Marker Hotspot_120to140_240to260_2
  error_id    : 107
  error_type  : Off-grid
  error_layer : M2 (13)
  center      : 130.654 241.616
  bbox        : {130.624 241.485} {130.684 241.747}
  search_box  : {130.374 241.235} {130.934 241.997}
  pins        : 3
    pin u_core/core_i/U808/A1
      bbox     : {130.2820 241.4090} {130.4540 241.7540}
      layer    : M1 CO
      net      : u_core/core_i/n617
      cell     : u_core/core_i/U808
      ref_name : OR2X4_HVT
      origin   : 130.0480 242.3760
    pin u_core/core_i/U808/VDD
      bbox     : {130.0480 240.6740} {131.7200 241.4080}
      layer    : M1 CO
      net      : u_core/core_i/VDD
      cell     : u_core/core_i/U808
      ref_name : OR2X4_HVT
      origin   : 130.0480 242.3760
    pin u_core/core_i/U808/VSS
      bbox     : {130.0480 241.9020} {131.7200 242.4060}
      layer    : M1 CO
      net      : u_core/core_i/VSS
      cell     : u_core/core_i/U808
      ref_name : OR2X4_HVT
      origin   : 130.0480 242.3760
  cells       : 1
    cell u_core/core_i/U808 ref=OR2X4_HVT origin=130.0480 242.3760
  shapes      : 8
    shape PATH_23_116
      layer : M7
      bbox  : {116.6440 241.2840} {212.7640 241.3400}
      net   : u_core/core_i/n787
    shape PATH_19_457
      layer : M5
      bbox  : {118.4680 241.8920} {170.5080 241.9480}
      net   : u_core/core_i/n657
    shape PATH_19_627
      layer : M5
      bbox  : {90.8040 241.2840} {141.6280 241.3400}
      net   : u_core/core_i/n1942
    shape PATH_21_655
      layer : M6
      bbox  : {130.6280 218.1800} {130.6840 246.2040}
      net   : u_core/core_i/n4704
    shape PATH_15_3733
      layer : M3
      bbox  : {130.0200 241.2840} {131.2920 241.3400}
      net   : u_core/core_i/n614
    shape PATH_13_6970
      layer : M2
      bbox  : {130.6280 239.9160} {130.6840 241.6440}
      net   : u_core/core_i/n616
    shape PATH_13_27128
      layer : M2
      bbox  : {130.7800 238.7000} {130.8360 245.7480}
      net   : u_core/core_i/n59
    shape PATH_13_29813
      layer : M2
      bbox  : {130.4760 234.9000} {130.5320 244.3800}
      net   : u_core/core_i/n578

Marker Hotspot_120to140_240to260_3
  error_id    : 108
  error_type  : Off-grid
  error_layer : M1 (11)
  center      : 123.66399999999999 251.8
  bbox        : {123.609 251.77} {123.719 251.83}
  search_box  : {123.359 251.52} {123.969 252.08}
  pins        : 3
    pin u_core/core_i/U819/A
      bbox     : {122.4830 251.1370} {124.2210 251.5980}
      layer    : M1 CO
      net      : u_core/core_i/n630
      cell     : u_core/core_i/U819
      ref_name : FADDX1_HVT
      origin   : 122.1440 252.4080
    pin u_core/core_i/U819/B
      bbox     : {122.5450 251.6450} {124.0930 251.8550}
      layer    : M1 CO
      net      : u_core/core_i/n629
      cell     : u_core/core_i/U819
      ref_name : FADDX1_HVT
      origin   : 122.1440 252.4080
    pin u_core/core_i/U819/CI
      bbox     : {122.7870 251.7450} {123.9540 251.8550}
      layer    : M1 CO
      net      : u_core/core_i/n628
      cell     : u_core/core_i/U819
      ref_name : FADDX1_HVT
      origin   : 122.1440 252.4080
  cells       : 1
    cell u_core/core_i/U819 ref=FADDX1_HVT origin=122.1440 252.4080
  shapes      : 5
    shape PATH_19_488
      layer : M5
      bbox  : {121.8120 251.6200} {137.3720 251.6760}
      net   : u_core/core_i/n717
    shape PATH_21_630
      layer : M6
      bbox  : {123.9400 246.1480} {123.9960 254.1080}
      net   : u_core/core_i/n4475
    shape PATH_15_3739
      layer : M3
      bbox  : {122.2680 251.9240} {124.7560 251.9800}
      net   : u_core/core_i/n621
    shape PATH_13_7006
      layer : M2
      bbox  : {123.6360 251.3160} {123.6920 251.8280}
      net   : u_core/core_i/n628
    shape PATH_13_11636
      layer : M2
      bbox  : {123.3320 250.4040} {123.3880 267.4840}
      net   : u_core/core_i/n1853

Marker Hotspot_240to260_220to240_1
  error_id    : 71
  error_type  : Off-grid
  error_layer : VIA1 (12)
  center      : 244.02100000000002 226.264
  bbox        : {243.996 226.163} {244.046 226.365}
  search_box  : {243.746 225.913} {244.296 226.615}
  pins        : 3
    pin u_core/core_i/U1815/A1
      bbox     : {243.6890 226.2870} {243.8610 226.4710}
      layer    : M1 CO
      net      : u_core/core_i/ZBUF_275_7
      cell     : u_core/core_i/U1815
      ref_name : NOR2X1_HVT
      origin   : 243.4400 225.6560
    pin u_core/core_i/U1815/VDD
      bbox     : {243.4400 226.5670} {244.9600 227.3580}
      layer    : M1 CO
      net      : u_core/core_i/VDD
      cell     : u_core/core_i/U1815
      ref_name : NOR2X1_HVT
      origin   : 243.4400 225.6560
    pin u_core/core_i/U1815/VSS
      bbox     : {243.4400 225.6260} {244.9600 226.0430}
      layer    : M1 CO
      net      : u_core/core_i/VSS
      cell     : u_core/core_i/U1815
      ref_name : NOR2X1_HVT
      origin   : 243.4400 225.6560
  cells       : 1
    cell u_core/core_i/U1815 ref=NOR2X1_HVT origin=243.4400 225.6560
  shapes      : 3
    shape PATH_19_1257
      layer : M5
      bbox  : {220.0040 226.0840} {245.2920 226.1400}
      net   : u_core/core_i/n68
    shape PATH_15_3019
      layer : M3
      bbox  : {244.1720 226.0840} {248.9400 226.1400}
      net   : u_core/core_i/ex_stage_i/alu_i/alu_div_i/AReg_DP[3]
    shape PATH_11_13107
      layer : M1
      bbox  : {243.5620 226.3860} {243.8050 226.4460}
      net   : u_core/core_i/ZBUF_275_7

Marker Hotspot_240to260_220to240_2
  error_id    : 72
  error_type  : Off-grid
  error_layer : M2 (13)
  center      : 244.02100000000002 226.264
  bbox        : {243.966 226.158} {244.076 226.37}
  search_box  : {243.716 225.908} {244.326 226.62}
  pins        : 3
    pin u_core/core_i/U1815/A1
      bbox     : {243.6890 226.2870} {243.8610 226.4710}
      layer    : M1 CO
      net      : u_core/core_i/ZBUF_275_7
      cell     : u_core/core_i/U1815
      ref_name : NOR2X1_HVT
      origin   : 243.4400 225.6560
    pin u_core/core_i/U1815/VDD
      bbox     : {243.4400 226.5670} {244.9600 227.3580}
      layer    : M1 CO
      net      : u_core/core_i/VDD
      cell     : u_core/core_i/U1815
      ref_name : NOR2X1_HVT
      origin   : 243.4400 225.6560
    pin u_core/core_i/U1815/VSS
      bbox     : {243.4400 225.6260} {244.9600 226.0430}
      layer    : M1 CO
      net      : u_core/core_i/VSS
      cell     : u_core/core_i/U1815
      ref_name : NOR2X1_HVT
      origin   : 243.4400 225.6560
  cells       : 1
    cell u_core/core_i/U1815 ref=NOR2X1_HVT origin=243.4400 225.6560
  shapes      : 3
    shape PATH_19_1257
      layer : M5
      bbox  : {220.0040 226.0840} {245.2920 226.1400}
      net   : u_core/core_i/n68
    shape PATH_15_3019
      layer : M3
      bbox  : {244.1720 226.0840} {248.9400 226.1400}
      net   : u_core/core_i/ex_stage_i/alu_i/alu_div_i/AReg_DP[3]
    shape PATH_11_13107
      layer : M1
      bbox  : {243.5620 226.3860} {243.8050 226.4460}
      net   : u_core/core_i/ZBUF_275_7

Marker Hotspot_040to060_100to120_1
  error_id    : 23
  error_type  : Off-grid
  error_layer : VIA1 (12)
  center      : 52.349000000000004 108.008
  bbox        : {52.324 107.907} {52.374 108.109}
  search_box  : {52.074 107.657} {52.624 108.359}
  pins        : 3
    pin u_core/core_i/id_stage_i/U3326/A1
      bbox     : {52.0170 107.8010} {52.1890 107.9850}
      layer    : M1 CO
      net      : u_core/core_i/id_stage_i/n3178
      cell     : u_core/core_i/id_stage_i/U3326
      ref_name : NOR2X4_HVT
      origin   : 51.7680 108.6160
    pin u_core/core_i/id_stage_i/U3326/VDD
      bbox     : {51.7680 106.9140} {53.7440 107.7050}
      layer    : M1 CO
      net      : u_core/core_i/id_stage_i/VDD
      cell     : u_core/core_i/id_stage_i/U3326
      ref_name : NOR2X4_HVT
      origin   : 51.7680 108.6160
    pin u_core/core_i/id_stage_i/U3326/VSS
      bbox     : {51.7680 108.2050} {53.7440 108.6460}
      layer    : M1 CO
      net      : u_core/core_i/id_stage_i/VSS
      cell     : u_core/core_i/id_stage_i/U3326
      ref_name : NOR2X4_HVT
      origin   : 51.7680 108.6160
  cells       : 1
    cell u_core/core_i/id_stage_i/U3326 ref=NOR2X4_HVT origin=51.7680 108.6160
  shapes      : 8
    shape PATH_23_15
      layer : M7
      bbox  : {10.0000 107.5000} {316.6720 108.5000}
      net   : VSS
    shape PATH_21_2152
      layer : M6
      bbox  : {52.1960 106.3080} {52.2520 114.2680}
      net   : u_core/core_i/id_stage_i/ZBUF_977_37
    shape PATH_19_4524
      layer : M5
      bbox  : {50.6760 108.1320} {58.3320 108.1880}
      net   : u_core/core_i/id_stage_i/ZBUF_60_344
    shape PATH_11_8783
      layer : M1
      bbox  : {51.7430 107.9830} {52.0970 108.0330}
      net   : u_core/core_i/id_stage_i/n3178
    shape PATH_15_28227
      layer : M3
      bbox  : {50.8280 108.1320} {53.6200 108.1880}
      net   : u_core/core_i/id_stage_i/n3179
    shape PATH_15_57356
      layer : M3
      bbox  : {31.0680 107.8280} {59.5480 107.8840}
      net   : u_core/core_i/id_stage_i/ZBUF_45_200
    shape PATH_13_74858
      layer : M2
      bbox  : {52.3480 107.5240} {52.4040 108.0360}
      net   : u_core/core_i/id_stage_i/ZBUF_1295_426
    shape PATH_13_97348
      layer : M2
      bbox  : {52.0440 106.0040} {52.1000 109.4040}
      net   : u_core/core_i/id_stage_i/ZBUF_2326_37

Marker Hotspot_040to060_100to120_2
  error_id    : 24
  error_type  : Off-grid
  error_layer : M2 (13)
  center      : 52.349000000000004 108.00800000000001
  bbox        : {52.294 107.902} {52.404 108.114}
  search_box  : {52.044 107.652} {52.654 108.364}
  pins        : 3
    pin u_core/core_i/id_stage_i/U3326/A1
      bbox     : {52.0170 107.8010} {52.1890 107.9850}
      layer    : M1 CO
      net      : u_core/core_i/id_stage_i/n3178
      cell     : u_core/core_i/id_stage_i/U3326
      ref_name : NOR2X4_HVT
      origin   : 51.7680 108.6160
    pin u_core/core_i/id_stage_i/U3326/VDD
      bbox     : {51.7680 106.9140} {53.7440 107.7050}
      layer    : M1 CO
      net      : u_core/core_i/id_stage_i/VDD
      cell     : u_core/core_i/id_stage_i/U3326
      ref_name : NOR2X4_HVT
      origin   : 51.7680 108.6160
    pin u_core/core_i/id_stage_i/U3326/VSS
      bbox     : {51.7680 108.2050} {53.7440 108.6460}
      layer    : M1 CO
      net      : u_core/core_i/id_stage_i/VSS
      cell     : u_core/core_i/id_stage_i/U3326
      ref_name : NOR2X4_HVT
      origin   : 51.7680 108.6160
  cells       : 1
    cell u_core/core_i/id_stage_i/U3326 ref=NOR2X4_HVT origin=51.7680 108.6160
  shapes      : 9
    shape PATH_23_15
      layer : M7
      bbox  : {10.0000 107.5000} {316.6720 108.5000}
      net   : VSS
    shape PATH_21_2152
      layer : M6
      bbox  : {52.1960 106.3080} {52.2520 114.2680}
      net   : u_core/core_i/id_stage_i/ZBUF_977_37
    shape PATH_19_4524
      layer : M5
      bbox  : {50.6760 108.1320} {58.3320 108.1880}
      net   : u_core/core_i/id_stage_i/ZBUF_60_344
    shape PATH_11_8783
      layer : M1
      bbox  : {51.7430 107.9830} {52.0970 108.0330}
      net   : u_core/core_i/id_stage_i/n3178
    shape PATH_15_28227
      layer : M3
      bbox  : {50.8280 108.1320} {53.6200 108.1880}
      net   : u_core/core_i/id_stage_i/n3179
    shape PATH_15_57356
      layer : M3
      bbox  : {31.0680 107.8280} {59.5480 107.8840}
      net   : u_core/core_i/id_stage_i/ZBUF_45_200
    shape PATH_13_74858
      layer : M2
      bbox  : {52.3480 107.5240} {52.4040 108.0360}
      net   : u_core/core_i/id_stage_i/ZBUF_1295_426
    shape PATH_13_97348
      layer : M2
      bbox  : {52.0440 106.0040} {52.1000 109.4040}
      net   : u_core/core_i/id_stage_i/ZBUF_2326_37
    shape PATH_13_98092
      layer : M2
      bbox  : {52.6520 106.9160} {52.7080 108.7960}
      net   : u_core/core_i/id_stage_i/ZBUF_266_37

Marker Hotspot_040to060_100to120_3
  error_id    : 25
  error_type  : Off-grid
  error_layer : VIA1 (12)
  center      : 55.085 109.224
  bbox        : {55.06 109.123} {55.11 109.325}
  search_box  : {54.81 108.873} {55.36 109.575}
  pins        : 3
    pin u_core/core_i/id_stage_i/U798/A1
      bbox     : {54.7530 109.2470} {54.9250 109.4310}
      layer    : M1 CO
      net      : u_core/core_i/id_stage_i/n3178
      cell     : u_core/core_i/id_stage_i/U798
      ref_name : NOR2X2_HVT
      origin   : 54.5040 108.6160
    pin u_core/core_i/id_stage_i/U798/VDD
      bbox     : {54.5040 109.5270} {56.1760 110.3180}
      layer    : M1 CO
      net      : u_core/core_i/id_stage_i/VDD
      cell     : u_core/core_i/id_stage_i/U798
      ref_name : NOR2X2_HVT
      origin   : 54.5040 108.6160
    pin u_core/core_i/id_stage_i/U798/VSS
      bbox     : {54.5040 108.5860} {56.1760 109.0030}
      layer    : M1 CO
      net      : u_core/core_i/id_stage_i/VSS
      cell     : u_core/core_i/id_stage_i/U798
      ref_name : NOR2X2_HVT
      origin   : 54.5040 108.6160
  cells       : 1
    cell u_core/core_i/id_stage_i/U798 ref=NOR2X2_HVT origin=54.5040 108.6160
  shapes      : 8
    shape PATH_19_2387
      layer : M5
      bbox  : {47.6360 109.3480} {85.6920 109.4040}
      net   : u_core/core_i/id_stage_i/ZBUF_61_290
    shape PATH_17_13059
      layer : M4
      bbox  : {55.2360 92.3240} {55.2920 119.7400}
      net   : u_core/core_i/ZCTSNET_5
    shape PATH_15_28221
      layer : M3
      bbox  : {51.7400 109.0440} {54.9880 109.1000}
      net   : u_core/core_i/id_stage_i/n3178
    shape PATH_15_28223
      layer : M3
      bbox  : {54.9320 109.0440} {55.9000 109.1000}
      net   : u_core/core_i/id_stage_i/n3178
    shape PATH_13_57422
      layer : M2
      bbox  : {54.7800 108.8920} {54.8360 109.3280}
      net   : u_core/core_i/id_stage_i/n3178
    shape PATH_13_57423
      layer : M2
      bbox  : {54.7800 108.8920} {54.9880 108.9480}
      net   : u_core/core_i/id_stage_i/n3178
    shape PATH_13_57424
      layer : M2
      bbox  : {54.9320 107.9800} {54.9880 108.9480}
      net   : u_core/core_i/id_stage_i/n3178
    shape PATH_13_74859
      layer : M2
      bbox  : {55.0840 107.9800} {55.1400 109.2520}
      net   : u_core/core_i/id_stage_i/ZBUF_1295_426

