DRC representative marker summary

drc_marker_count=188
representative_count=25

By type/layer:
  Off-grid | VIA1 (12): 91
  Off-grid | M2 (13): 88
  Off-grid | M1 (11): 7
  Diff net spacing | M1 (11): 1
  Diff net spacing | M7 (23): 1

Top 20um buckets:
  220-240,240-260: 44
  220-240,220-240: 28
  120-140,240-260: 8
  240-260,220-240: 7
  040-060,100-120: 6
  260-280,120-140: 6
  200-220,220-240: 6
  200-220,240-260: 6
  020-040,020-040: 4
  200-220,040-060: 4
  060-080,060-080: 4
  280-300,080-100: 4
  200-220,120-140: 4
  240-260,120-140: 4
  180-200,140-160: 4
  160-180,240-260: 4
  240-260,240-260: 4
  280-300,260-280: 4
  180-200,260-280: 4
  060-080,020-040: 3
