 Fault analysis summary: #analyzed=1094, #unexplained=721.
 373 faults are connected to TLA.
    sa1   NC   \u_core/core_i/id_stage_i/U141/Y
    sa1   NC   \u_core/core_i/id_stage_i/U142/A2
    sa0   NO   \u_core/core_i/id_stage_i/U174/A2
    sa1   NO   \u_core/core_i/id_stage_i/U2312/A1
    sa0   NO   \u_core/core_i/id_stage_i/U2289/A2
    sa0   NO   \u_core/core_i/id_stage_i/U2288/A1
    sa1   NO   \u_core/core_i/id_stage_i/U2304/A3
    sa1   NO   \u_core/core_i/id_stage_i/U2304/A4
    sa0   NO   \u_core/core_i/id_stage_i/U2407/A1
    sa1   NO   \u_core/core_i/id_stage_i/U2406/A1
    sa1   NO   \u_core/core_i/id_stage_i/U2406/A2
    sa1   NO   \u_core/core_i/id_stage_i/U2406/A3
    sa0   NO   \u_core/core_i/id_stage_i/U2406/Y
    sa1   NO   \u_core/core_i/id_stage_i/U2403/A1
    sa1   NO   \u_core/core_i/id_stage_i/U2403/A2
    sa1   NO   \u_core/core_i/id_stage_i/U2403/A4
    sa1   NO   \u_core/core_i/id_stage_i/U2418/A2
    sa1   NO   \u_core/core_i/id_stage_i/U2482/Y
    sa1   NO   \u_core/core_i/id_stage_i/U2476/A3
    sa1   NO   \u_core/core_i/id_stage_i/U2475/A4
    sa1   NO   \u_core/core_i/id_stage_i/U2475/A2
    sa0   NO   \u_core/core_i/id_stage_i/U2475/A2
    sa1   NO   \u_core/core_i/id_stage_i/U2471/A1
    sa0   NO   \u_core/core_i/id_stage_i/U2470/A4
    sa1   NO   \u_core/core_i/id_stage_i/U2469/A2
    sa0   NO   \u_core/core_i/id_stage_i/U2470/A2
    sa0   NO   \u_core/core_i/id_stage_i/U2472/A1
    sa0   NO   \u_core/core_i/id_stage_i/U2468/A1
    sa1   NO   \u_core/core_i/id_stage_i/U2467/A1
    sa1   NO   \u_core/core_i/id_stage_i/U2467/A2
    sa1   NO   \u_core/core_i/id_stage_i/U2467/A3
    sa0   NO   \u_core/core_i/id_stage_i/U2468/A3
    sa1   NO   \u_core/core_i/id_stage_i/U2466/A1
    sa1   NO   \u_core/core_i/id_stage_i/U2466/A3
    sa1   NO   \u_core/core_i/id_stage_i/U2465/Y
    sa1   NO   \u_core/core_i/id_stage_i/U2463/A1
    sa1   NO   \u_core/core_i/id_stage_i/U2462/A4
    sa0   NO   \u_core/core_i/id_stage_i/U2459/A2
    sa1   NO   \u_core/core_i/id_stage_i/U2458/A1
    sa1   NO   \u_core/core_i/id_stage_i/U2456/A3
    sa1   NO   \u_core/core_i/id_stage_i/U2456/A2
    sa1   NO   \u_core/core_i/id_stage_i/U2454/A1
    sa1   NO   \u_core/core_i/id_stage_i/U2454/A3
    sa1   NO   \u_core/core_i/id_stage_i/U2451/A2
    sa1   NO   \u_core/core_i/id_stage_i/U2437/Y
    sa1   NC   \u_core/core_i/id_stage_i/U2431/Y
    sa1   NO   \u_core/core_i/id_stage_i/U2431/A2
    sa1   NO   \u_core/core_i/id_stage_i/U2431/A1
    sa1   NO   \u_core/core_i/id_stage_i/U2427/A1
    sa1   NO   \u_core/core_i/id_stage_i/U2442/A2
    sa1   NO   \u_core/core_i/id_stage_i/U2442/A1
    sa1   NO   \u_core/core_i/id_stage_i/U2443/A4
    sa1   NO   \u_core/core_i/id_stage_i/U2449/A4
    sa1   NO   \u_core/core_i/id_stage_i/U2477/A1
    sa1   NO   \u_core/core_i/id_stage_i/U2477/A2
    sa1   NO   \u_core/core_i/id_stage_i/U2477/A4
    sa1   NO   \u_core/core_i/id_stage_i/U2478/A2
    sa0   NO   \u_core/core_i/id_stage_i/U2481/A1
    sa0   NO   \u_core/core_i/id_stage_i/U2481/A3
    sa1   NO   \u_core/core_i/id_stage_i/U2502/A1
    sa1   NO   \u_core/core_i/id_stage_i/U2502/A3
    sa1   NO   \u_core/core_i/id_stage_i/U2506/A1
    sa1   NC   \u_core/core_i/id_stage_i/U2506/A3
    sa1   NO   \u_core/core_i/id_stage_i/U2506/A4
    sa1   NO   \u_core/core_i/id_stage_i/U2609/A3
    sa1   NO   \u_core/core_i/id_stage_i/U2609/A2
    sa1   NO   \u_core/core_i/id_stage_i/U2607/A1
    sa1   NO   \u_core/core_i/id_stage_i/U2607/A2
    sa1   NO   \u_core/core_i/id_stage_i/U2607/A4
    sa1   NO   \u_core/core_i/id_stage_i/U2607/Y
    sa0   NO   \u_core/core_i/id_stage_i/U2610/A2
    sa1   NO   \u_core/core_i/id_stage_i/U2709/A1
    sa1   NO   \u_core/core_i/id_stage_i/U3068/A1
    sa1   NO   \u_core/core_i/id_stage_i/U3068/A2
    sa1   NO   \u_core/core_i/id_stage_i/U3165/A2
    sa1   NO   \u_core/core_i/id_stage_i/U3185/A1
    sa1   NO   \u_core/core_i/id_stage_i/U2305/A1
    sa1   NO   \u_core/core_i/cs_registers_i/U1113/A5
    sa1   NO   \u_core/core_i/cs_registers_i/U1113/A3
    sa0   NO   \u_core/core_i/cs_registers_i/U1113/A3
    sa0   NO   \u_core/core_i/cs_registers_i/U1113/A1
    sa0   NO   \u_core/core_i/cs_registers_i/U1114/A3
    sa0   NO   \u_core/core_i/cs_registers_i/U1114/A1
    sa1   NO   \u_core/core_i/cs_registers_i/U1114/A1
    sa0   NO   \u_core/core_i/cs_registers_i/U1036/A3
    sa0   NO   \u_core/core_i/cs_registers_i/U1036/A1
    sa1   NO   \u_core/core_i/cs_registers_i/U1036/A1
    sa1   NO   \u_core/core_i/cs_registers_i/U136/A1
    sa1   NO   \u_core/core_i/cs_registers_i/U136/A2
    sa1   NO   \u_core/core_i/cs_registers_i/U136/Y
    sa1   NO   \u_core/core_i/cs_registers_i/U103/A2
    sa1   NO   \u_core/core_i/cs_registers_i/U80/A4
    sa1   NO   \u_core/core_i/cs_registers_i/U77/A3
    sa1   NO   \u_core/core_i/cs_registers_i/U94/A2
    sa1   NO   \u_core/core_i/cs_registers_i/U94/A3
    sa1   NO   \u_core/core_i/cs_registers_i/U100/A1
    sa1   NO   \u_core/core_i/cs_registers_i/U100/A2
    sa1   NO   \u_core/core_i/cs_registers_i/U100/A3
    sa1   NO   \u_core/core_i/cs_registers_i/U111/Y
    sa1   NO   \u_core/core_i/cs_registers_i/U111/A3
    sa1   NO   \u_core/core_i/cs_registers_i/U111/A2
    sa1   NO   \u_core/core_i/cs_registers_i/U110/Y
    sa1   NO   \u_core/core_i/cs_registers_i/U110/A3
    sa1   NO   \u_core/core_i/cs_registers_i/U110/A1
    sa1   NO   \u_core/core_i/cs_registers_i/U110/A2
    sa1   NO   \u_core/core_i/cs_registers_i/U109/A1
    sa1   NO   \u_core/core_i/cs_registers_i/U109/A2
    sa1   NO   \u_core/core_i/cs_registers_i/U109/A3
    sa1   NO   \u_core/core_i/cs_registers_i/U109/A4
    sa1   NO   \u_core/core_i/cs_registers_i/U109/Y
    sa0   NO   \u_core/core_i/cs_registers_i/U134/A2
    sa1   NO   \u_core/core_i/cs_registers_i/U117/A1
    sa1   NO   \u_core/core_i/cs_registers_i/U133/A1
    sa1   NO   \u_core/core_i/cs_registers_i/U1032/A2
    sa0   NO   \u_core/core_i/cs_registers_i/U1034/A1
    sa1   NO   \u_core/core_i/cs_registers_i/U1034/Y
    sa1   NO   \u_core/core_i/cs_registers_i/U1033/A1
    sa1   NO   \u_core/core_i/cs_registers_i/U1040/A3
    sa0   NO   \u_core/core_i/cs_registers_i/U1044/A2
    sa0   NO   \u_core/core_i/cs_registers_i/U1107/A4
    sa1   NO   \u_core/core_i/cs_registers_i/U1107/A4
    sa0   NC   \u_core/core_i/cs_registers_i/U1107/A3
    sa0   NC   \u_core/core_i/cs_registers_i/U1107/A1
    sa0   NO   \u_core/core_i/cs_registers_i/U1107/A2
    sa1   NC   \u_core/core_i/cs_registers_i/U1106/A3
    sa1   NC   \u_core/core_i/cs_registers_i/U1106/A4
    sa0   NO   \u_core/core_i/cs_registers_i/U1106/A4
    sa1   NO   \u_core/core_i/cs_registers_i/U1106/A1
    sa1   NO   \u_core/core_i/cs_registers_i/U1106/A2
    sa0   NO   \u_core/core_i/cs_registers_i/U1103/A4
    sa1   NO   \u_core/core_i/cs_registers_i/U1103/A4
    sa0   NC   \u_core/core_i/cs_registers_i/U1103/A3
    sa0   NO   \u_core/core_i/cs_registers_i/U1103/A1
    sa0   NO   \u_core/core_i/cs_registers_i/U1103/A2
    sa1   NC   \u_core/core_i/cs_registers_i/U1102/A3
    sa1   NO   \u_core/core_i/cs_registers_i/U1102/A4
    sa0   NO   \u_core/core_i/cs_registers_i/U1102/A4
    sa1   NO   \u_core/core_i/cs_registers_i/U1102/A1
    sa1   NO   \u_core/core_i/cs_registers_i/U1102/A2
    sa0   NO   \u_core/core_i/cs_registers_i/U1099/A4
    sa1   NO   \u_core/core_i/cs_registers_i/U1099/A4
    sa0   NC   \u_core/core_i/cs_registers_i/U1099/A3
    sa0   NO   \u_core/core_i/cs_registers_i/U1099/A1
    sa0   NO   \u_core/core_i/cs_registers_i/U1099/A2
    sa1   NC   \u_core/core_i/cs_registers_i/U1098/A3
    sa1   NO   \u_core/core_i/cs_registers_i/U1098/A4
    sa0   NO   \u_core/core_i/cs_registers_i/U1098/A4
    sa1   NO   \u_core/core_i/cs_registers_i/U1098/A1
    sa1   NO   \u_core/core_i/cs_registers_i/U1098/A2
    sa0   NO   \u_core/core_i/cs_registers_i/U1095/A4
    sa0   NO   \u_core/core_i/cs_registers_i/U1095/A3
    sa0   NC   \u_core/core_i/cs_registers_i/U1095/A1
    sa1   NO   \u_core/core_i/cs_registers_i/U1095/A2
    sa0   NO   \u_core/core_i/cs_registers_i/U1095/A2
    sa1   NO   \u_core/core_i/cs_registers_i/U1094/A3
    sa1   NO   \u_core/core_i/cs_registers_i/U1094/A4
    sa1   NC   \u_core/core_i/cs_registers_i/U1094/A1
    sa1   NO   \u_core/core_i/cs_registers_i/U1094/A2
    sa0   NO   \u_core/core_i/cs_registers_i/U1094/A2
    sa1   NO   \u_core/core_i/cs_registers_i/U1090/Y
    sa0   NO   \u_core/core_i/cs_registers_i/U1090/A4
    sa1   NC   \u_core/core_i/cs_registers_i/U1090/A3
    sa0   NC   \u_core/core_i/cs_registers_i/U1090/A3
    sa0   NC   \u_core/core_i/cs_registers_i/U1090/A1
    sa1   NO   \u_core/core_i/cs_registers_i/U1089/Y
    sa1   NC   \u_core/core_i/cs_registers_i/U1089/A3
    sa1   NO   \u_core/core_i/cs_registers_i/U1089/A4
    sa0   NO   \u_core/core_i/cs_registers_i/U1089/A4
    sa1   NO   \u_core/core_i/cs_registers_i/U1089/A2
    sa0   NO   \u_core/core_i/cs_registers_i/U1089/A2
    sa0   NO   \u_core/core_i/cs_registers_i/U1086/A4
    sa0   NO   \u_core/core_i/cs_registers_i/U1086/A3
    sa0   NO   \u_core/core_i/cs_registers_i/U1086/A1
    sa1   NO   \u_core/core_i/cs_registers_i/U1086/A2
    sa0   NO   \u_core/core_i/cs_registers_i/U1086/A2
    sa1   NO   \u_core/core_i/cs_registers_i/U1085/A3
    sa1   NO   \u_core/core_i/cs_registers_i/U1085/A4
    sa0   NO   \u_core/core_i/cs_registers_i/U1085/A4
    sa1   NO   \u_core/core_i/cs_registers_i/U1085/A1
    sa1   NO   \u_core/core_i/cs_registers_i/U1085/A2
    sa0   NO   \u_core/core_i/cs_registers_i/U1082/A4
    sa1   NC   \u_core/core_i/cs_registers_i/U1082/A3
    sa0   NC   \u_core/core_i/cs_registers_i/U1082/A3
    sa0   NO   \u_core/core_i/cs_registers_i/U1082/A1
    sa0   NO   \u_core/core_i/cs_registers_i/U1082/A2
    sa1   NO   \u_core/core_i/cs_registers_i/U1081/Y
    sa1   NC   \u_core/core_i/cs_registers_i/U1081/A3
    sa1   NO   \u_core/core_i/cs_registers_i/U1081/A4
    sa0   NO   \u_core/core_i/cs_registers_i/U1081/A4
    sa1   NO   \u_core/core_i/cs_registers_i/U1081/A1
    sa1   NO   \u_core/core_i/cs_registers_i/U1081/A2
    sa0   NO   \u_core/core_i/cs_registers_i/U1081/A2
    sa0   NO   \u_core/core_i/cs_registers_i/U1078/A4
    sa1   NC   \u_core/core_i/cs_registers_i/U1078/A3
    sa0   NC   \u_core/core_i/cs_registers_i/U1078/A3
    sa0   NO   \u_core/core_i/cs_registers_i/U1078/A1
    sa0   NO   \u_core/core_i/cs_registers_i/U1078/A2
    sa1   NC   \u_core/core_i/cs_registers_i/U1077/A3
    sa1   NO   \u_core/core_i/cs_registers_i/U1077/A4
    sa0   NO   \u_core/core_i/cs_registers_i/U1077/A4
    sa1   NO   \u_core/core_i/cs_registers_i/U1077/A1
    sa1   NO   \u_core/core_i/cs_registers_i/U1077/A2
    sa0   NO   \u_core/core_i/cs_registers_i/U1073/A4
    sa1   NC   \u_core/core_i/cs_registers_i/U1073/A3
    sa0   NC   \u_core/core_i/cs_registers_i/U1073/A3
    sa0   NO   \u_core/core_i/cs_registers_i/U1073/A1
    sa0   NO   \u_core/core_i/cs_registers_i/U1073/A2
    sa1   NO   \u_core/core_i/cs_registers_i/U1072/Y
    sa1   NC   \u_core/core_i/cs_registers_i/U1072/A3
    sa1   NO   \u_core/core_i/cs_registers_i/U1072/A4
    sa0   NO   \u_core/core_i/cs_registers_i/U1072/A4
    sa1   NO   \u_core/core_i/cs_registers_i/U1072/A1
    sa1   NO   \u_core/core_i/cs_registers_i/U1072/A2
    sa0   NO   \u_core/core_i/cs_registers_i/U1072/A2
    sa1   NC   \u_core/core_i/cs_registers_i/U1069/Y
    sa0   NO   \u_core/core_i/cs_registers_i/U1069/A4
    sa1   NO   \u_core/core_i/cs_registers_i/U1069/A4
    sa0   NC   \u_core/core_i/cs_registers_i/U1069/A3
    sa0   NC   \u_core/core_i/cs_registers_i/U1069/A1
    sa1   NO   \u_core/core_i/cs_registers_i/U1069/A2
    sa0   NO   \u_core/core_i/cs_registers_i/U1069/A2
    sa1   NC   \u_core/core_i/cs_registers_i/U1068/Y
    sa1   NC   \u_core/core_i/cs_registers_i/U1068/A3
    sa1   NO   \u_core/core_i/cs_registers_i/U1068/A4
    sa0   NO   \u_core/core_i/cs_registers_i/U1068/A4
    sa1   NC   \u_core/core_i/cs_registers_i/U1068/A1
    sa1   NO   \u_core/core_i/cs_registers_i/U1068/A2
    sa0   NO   \u_core/core_i/cs_registers_i/U1068/A2
    sa1   NC   \u_core/core_i/cs_registers_i/U1065/Y
    sa0   NO   \u_core/core_i/cs_registers_i/U1065/A4
    sa1   NO   \u_core/core_i/cs_registers_i/U1065/A4
    sa0   NC   \u_core/core_i/cs_registers_i/U1065/A3
    sa0   NC   \u_core/core_i/cs_registers_i/U1065/A1
    sa1   NO   \u_core/core_i/cs_registers_i/U1065/A2
    sa0   NO   \u_core/core_i/cs_registers_i/U1065/A2
    sa1   NC   \u_core/core_i/cs_registers_i/U1064/Y
    sa1   NC   \u_core/core_i/cs_registers_i/U1064/A3
    sa1   NO   \u_core/core_i/cs_registers_i/U1064/A4
    sa0   NO   \u_core/core_i/cs_registers_i/U1064/A4
    sa1   NC   \u_core/core_i/cs_registers_i/U1064/A1
    sa1   NO   \u_core/core_i/cs_registers_i/U1064/A2
    sa0   NO   \u_core/core_i/cs_registers_i/U1064/A2
    sa1   NC   \u_core/core_i/cs_registers_i/U1061/Y
    sa0   NO   \u_core/core_i/cs_registers_i/U1061/A4
    sa1   NO   \u_core/core_i/cs_registers_i/U1061/A4
    sa0   NC   \u_core/core_i/cs_registers_i/U1061/A3
    sa0   NC   \u_core/core_i/cs_registers_i/U1061/A1
    sa1   NO   \u_core/core_i/cs_registers_i/U1061/A2
    sa0   NO   \u_core/core_i/cs_registers_i/U1061/A2
    sa1   NC   \u_core/core_i/cs_registers_i/U1060/Y
    sa1   NC   \u_core/core_i/cs_registers_i/U1060/A3
    sa1   NO   \u_core/core_i/cs_registers_i/U1060/A4
    sa0   NO   \u_core/core_i/cs_registers_i/U1060/A4
    sa1   NC   \u_core/core_i/cs_registers_i/U1060/A1
    sa1   NO   \u_core/core_i/cs_registers_i/U1060/A2
    sa0   NO   \u_core/core_i/cs_registers_i/U1060/A2
    sa1   NO   \u_core/core_i/cs_registers_i/U1055/A0
    sa0   NO   \u_core/core_i/cs_registers_i/U1055/B0
    sa1   NC   \u_core/core_i/cs_registers_i/U1053/Y
    sa0   NO   \u_core/core_i/cs_registers_i/U1053/A4
    sa1   NC   \u_core/core_i/cs_registers_i/U1053/A3
    sa0   NC   \u_core/core_i/cs_registers_i/U1053/A3
    sa0   NC   \u_core/core_i/cs_registers_i/U1053/A1
    sa1   NO   \u_core/core_i/cs_registers_i/U1053/A2
    sa0   NO   \u_core/core_i/cs_registers_i/U1053/A2
    sa1   NC   \u_core/core_i/cs_registers_i/U1052/Y
    sa1   NC   \u_core/core_i/cs_registers_i/U1052/A3
    sa1   NO   \u_core/core_i/cs_registers_i/U1052/A4
    sa0   NO   \u_core/core_i/cs_registers_i/U1052/A4
    sa1   NC   \u_core/core_i/cs_registers_i/U1052/A1
    sa1   NO   \u_core/core_i/cs_registers_i/U1052/A2
    sa0   NO   \u_core/core_i/cs_registers_i/U1052/A2
    sa1   NC   \u_core/core_i/cs_registers_i/U1049/Y
    sa0   NO   \u_core/core_i/cs_registers_i/U1049/A4
    sa1   NC   \u_core/core_i/cs_registers_i/U1049/A3
    sa0   NC   \u_core/core_i/cs_registers_i/U1049/A3
    sa0   NC   \u_core/core_i/cs_registers_i/U1049/A1
    sa1   NO   \u_core/core_i/cs_registers_i/U1049/A2
    sa0   NO   \u_core/core_i/cs_registers_i/U1049/A2
    sa1   NC   \u_core/core_i/cs_registers_i/U1048/Y
    sa1   NC   \u_core/core_i/cs_registers_i/U1048/A3
    sa1   NO   \u_core/core_i/cs_registers_i/U1048/A4
    sa0   NO   \u_core/core_i/cs_registers_i/U1048/A4
    sa1   NC   \u_core/core_i/cs_registers_i/U1048/A1
    sa1   NO   \u_core/core_i/cs_registers_i/U1048/A2
    sa0   NO   \u_core/core_i/cs_registers_i/U1048/A2
    sa1   NC   \u_core/core_i/cs_registers_i/U1045/Y
    sa0   NO   \u_core/core_i/cs_registers_i/U1045/A4
    sa1   NC   \u_core/core_i/cs_registers_i/U1045/A3
    sa0   NC   \u_core/core_i/cs_registers_i/U1045/A3
    sa0   NC   \u_core/core_i/cs_registers_i/U1045/A1
    sa1   NO   \u_core/core_i/cs_registers_i/U1045/A2
    sa0   NO   \u_core/core_i/cs_registers_i/U1045/A2
    sa1   NC   \u_core/core_i/cs_registers_i/U1044/Y
    sa0   NC   \u_core/core_i/cs_registers_i/U1109/Y
    sa1   NC   \u_core/core_i/cs_registers_i/U1044/A3
    sa1   NO   \u_core/core_i/cs_registers_i/U1044/A4
    sa0   NO   \u_core/core_i/cs_registers_i/U1044/A4
    sa1   NC   \u_core/core_i/cs_registers_i/U1044/A1
    sa1   NO   \u_core/core_i/cs_registers_i/U1044/A2
    sa1   NO   \u_core/core_i/cs_registers_i/U1110/A4
    sa1   NO   \u_core/core_i/cs_registers_i/U1368/A2
    sa1   NO   \u_core/core_i/cs_registers_i/U1368/A3
    sa1   NO   \u_core/core_i/cs_registers_i/U1367/A1
    sa1   NO   \u_core/core_i/cs_registers_i/U1367/A2
    sa0   NO   \u_core/core_i/cs_registers_i/U1367/Y
    sa1   NO   \u_core/core_i/cs_registers_i/U1366/A2
    sa0   NO   \u_core/core_i/cs_registers_i/U2198/A2
    sa0   NO   \u_core/core_i/cs_registers_i/U2206/A2
    sa1   NO   \u_core/core_i/cs_registers_i/U180/A1
    sa1   NO   \u_core/core_i/cs_registers_i/U180/A4
    sa0   NO   \u_core/core_i/cs_registers_i/U13/Y
    sa0   NC   \u_core/core_i/cs_registers_i/U14/Y
    sa1   NC   \u_core/core_i/cs_registers_i/U14/Y
    sa0   NC   \u_core/core_i/cs_registers_i/U17/Y
    sa1   NC   \u_core/core_i/cs_registers_i/U17/Y
    sa0   NC   \u_core/core_i/cs_registers_i/U19/Y
    sa1   NC   \u_core/core_i/cs_registers_i/U19/Y
    sa0   NC   \u_core/core_i/cs_registers_i/U21/Y
    sa1   NC   \u_core/core_i/cs_registers_i/U21/Y
    sa0   NC   \u_core/core_i/cs_registers_i/U22/Y
    sa1   NC   \u_core/core_i/cs_registers_i/U22/Y
    sa0   NC   \u_core/core_i/cs_registers_i/U23/Y
    sa1   NC   \u_core/core_i/cs_registers_i/U23/Y
    sa0   NC   \u_core/core_i/cs_registers_i/U24/Y
    sa1   NC   \u_core/core_i/cs_registers_i/U24/Y
    sa0   NC   \u_core/core_i/cs_registers_i/U25/Y
    sa1   NC   \u_core/core_i/cs_registers_i/U25/Y
    sa0   NC   \u_core/core_i/cs_registers_i/U26/Y
    sa1   NC   \u_core/core_i/cs_registers_i/U26/Y
    sa0   NC   \u_core/core_i/cs_registers_i/U27/Y
    sa1   NC   \u_core/core_i/cs_registers_i/U27/Y
    sa0   NC   \u_core/core_i/cs_registers_i/U28/Y
    sa1   NC   \u_core/core_i/cs_registers_i/U28/Y
    sa0   NC   \u_core/core_i/cs_registers_i/U29/Y
    sa1   NC   \u_core/core_i/cs_registers_i/U29/Y
    sa0   NC   \u_core/core_i/cs_registers_i/U30/Y
    sa1   NC   \u_core/core_i/cs_registers_i/U30/Y
    sa0   NC   \u_core/core_i/cs_registers_i/U31/Y
    sa1   NC   \u_core/core_i/cs_registers_i/U31/Y
    sa0   NC   \u_core/core_i/cs_registers_i/U32/Y
    sa1   NC   \u_core/core_i/cs_registers_i/U32/Y
    sa0   NC   \u_core/core_i/cs_registers_i/U33/Y
    sa1   NC   \u_core/core_i/cs_registers_i/U33/Y
    sa0   NC   \u_core/core_i/cs_registers_i/U34/Y
    sa1   NC   \u_core/core_i/cs_registers_i/U34/Y
    sa0   NC   \u_core/core_i/cs_registers_i/U35/Y
    sa1   NC   \u_core/core_i/cs_registers_i/U35/Y
    sa0   NC   \u_core/core_i/cs_registers_i/U36/Y
    sa1   NC   \u_core/core_i/cs_registers_i/U36/Y
    sa0   NC   \u_core/core_i/cs_registers_i/U37/Y
    sa1   NC   \u_core/core_i/cs_registers_i/U37/Y
    sa1   NO   \u_core/core_i/cs_registers_i/U44/Y
    sa1   NO   \u_core/core_i/cs_registers_i/U1028/A2
    sa1   NO   \u_core/core_i/\if_stage_i/prefetch_buffer_i/fifo_i/clk_gate_mem_q_reg[1]/latch/SE
    sa1   NO   \u_core/core_i/\clk_gate_if_stage_i/prefetch_buffer_i/prefetch_controller_i/cnt_q_reg/latch/SE
    sa0   NO   \u_core/core_i/U5032/A1
    sa1   NO   \u_core/core_i/U1577/A1
    sa1   NO   \u_core/core_i/U1577/A2
    sa1   NO   \u_core/core_i/U1578/A2
    sa1   NO   \u_core/core_i/U1695/A1
    sa1   NO   \u_core/core_i/U1695/A2
    sa1   NO   \u_core/core_i/U1695/A3
    sa1   NO   \u_core/core_i/U1695/A4
    sa0   NO   \u_core/core_i/U5815/A3
    sa1   NO   \u_core/core_i/U5799/A1
    sa1   NO   \u_core/core_i/U5806/A2
    sa1   NO   \u_core/core_i/U5800/A1
    sa1   NO   \u_core/core_i/U5801/A1
    sa1   NO   \u_core/core_i/U5805/A1
    sa1   NO   \u_core/core_i/U5803/A1
    sa1   NO   \u_core/core_i/U5807/A1
    sa1   NC   \u_core/core_i/U5059/A2
