 Fault analysis summary: #analyzed=14, #unexplained=0.
 6 faults are untestable due to constrain values.
    sa1   AN   \u_core/core_i/\sleep_unit_i/core_clock_gate_i/u_icg/SE
    sa1   AN   \u_core/core_i/cs_registers_i/U1089/A1
    sa1   AN   \u_core/core_i/cs_registers_i/U1090/A1
    sa0   AN   \u_core/core_i/cs_registers_i/U1134/A5
    sa0   AN   \u_core/core_i/cs_registers_i/U1240/A5
    sa1   AN   \u_core/core_i/cs_registers_i/U13/Y
 8 faults are untestable due to constrain value blockage.
    sa1   AN   \u_core/core_i/U5035/A3
    sa0   AN   \u_core/core_i/U5035/A2
    sa1   AN   \u_core/core_i/U5035/A1
    sa0   AN   \u_core/core_i/U5035/A1
    sa0   AN   \u_core/core_i/U5035/Y
    sa0   AN   \u_core/core_i/cs_registers_i/U1090/A2
    sa1   AN   \u_core/core_i/cs_registers_i/U1134/A6
    sa1   AN   \u_core/core_i/cs_registers_i/U1240/A6
 10 faults are connected to TLA.
    sa1   AN   \u_core/core_i/\sleep_unit_i/core_clock_gate_i/u_icg/SE
    sa1   AN   \u_core/core_i/U5035/A3
    sa0   AN   \u_core/core_i/U5035/A2
    sa1   AN   \u_core/core_i/U5035/A1
    sa0   AN   \u_core/core_i/U5035/A1
    sa0   AN   \u_core/core_i/U5035/Y
    sa1   AN   \u_core/core_i/cs_registers_i/U1089/A1
    sa1   AN   \u_core/core_i/cs_registers_i/U1090/A1
    sa0   AN   \u_core/core_i/cs_registers_i/U1090/A2
    sa1   AN   \u_core/core_i/cs_registers_i/U13/Y
