            Pattern Summary Report
 -----------------------------------------------
 #internal patterns                         448
     #basic_scan patterns                   448
 -----------------------------------------------
      Collapsed Stuck Fault Summary Report
 -----------------------------------------------
 fault class                     code   #faults
 ------------------------------  ----  ---------
 Detected                         DT      81662
 Possibly detected                PT         94
 Undetectable                     UD         77
 ATPG untestable                  AU         14
 Not detected                     ND       1094
 -----------------------------------------------
 total faults                             82941
 test coverage                            98.61%
 fault coverage                           98.51%
 -----------------------------------------------
 Memory usage summary: total=76.44MB
            CPU Usage Summary Report
 -----------------------------------------------
 Read netlist CPU time                     0.19
 Model build CPU time                      0.16
 DRC CPU time                              0.05
 ATPG CPU time                             1.67
 Pattern compression CPU time              0.00
 Fault Sim CPU time                        0.00
 Good Sim CPU time                         0.00
 Diagnosis CPU time                        0.00
 Analyses CPU time                         0.00
 Write pattern CPU time                    0.02
 Total session CPU time                    2.30
 -----------------------------------------------
