****************************************
Report : timing
        -path_type full
        -delay_type min
        -max_paths 20
        -report_by design
Design : cv32e40p_synth_wrap
Version: W-2024.09-SP2
Date   : Sat May  9 01:36:03 2026
****************************************

  Startpoint: u_core/core_i/id_stage_i/regfile_waddr_ex_o_reg[3] (rising edge-triggered flip-flop clocked by clk_i)
  Endpoint: u_core/core_i/ex_stage_i/regfile_waddr_lsu_reg[3] (rising edge-triggered flip-flop clocked by clk_i)
  Mode: default
  Corner: default
  Scenario: default
  Path Group: clk_i
  Path Type: min

  Point                                            Incr      Path  
  ------------------------------------------------------------------------
  clock clk_i (rise edge)                          0.00      0.00
  clock network delay (propagated)                 0.25      0.25

  u_core/core_i/id_stage_i/regfile_waddr_ex_o_reg[3]/CLK (SDFFARX1_RVT)
                                                   0.00      0.25 r
  u_core/core_i/id_stage_i/regfile_waddr_ex_o_reg[3]/QN (SDFFARX1_RVT)
                                                   0.09      0.34 f
  u_core/core_i/U5027/Y (INVX1_HVT)                0.03      0.37 r
  u_core/core_i/ex_stage_i/regfile_waddr_lsu_reg[3]/D (SDFFARX1_RVT)
                                                   0.00      0.37 r
  data arrival time                                          0.37

  clock clk_i (rise edge)                          0.00      0.00
  clock network delay (propagated)                 0.27      0.27
  u_core/core_i/ex_stage_i/regfile_waddr_lsu_reg[3]/CLK (SDFFARX1_RVT)
                                                   0.00      0.27 r
  clock uncertainty                                0.10      0.37
  library hold time                               -0.04      0.32
  data required time                                         0.32
  ------------------------------------------------------------------------
  data required time                                         0.32
  data arrival time                                         -0.37
  ------------------------------------------------------------------------
  slack (MET)                                                0.04



  Startpoint: u_core/core_i/id_stage_i/regfile_waddr_ex_o_reg[0] (rising edge-triggered flip-flop clocked by clk_i)
  Endpoint: u_core/core_i/ex_stage_i/regfile_waddr_lsu_reg[0] (rising edge-triggered flip-flop clocked by clk_i)
  Mode: default
  Corner: default
  Scenario: default
  Path Group: clk_i
  Path Type: min

  Point                                            Incr      Path  
  ------------------------------------------------------------------------
  clock clk_i (rise edge)                          0.00      0.00
  clock network delay (propagated)                 0.25      0.25

  u_core/core_i/id_stage_i/regfile_waddr_ex_o_reg[0]/CLK (SDFFARX1_RVT)
                                                   0.00      0.25 r
  u_core/core_i/id_stage_i/regfile_waddr_ex_o_reg[0]/QN (SDFFARX1_RVT)
                                                   0.09      0.35 f
  u_core/core_i/U5024/Y (INVX1_HVT)                0.02      0.37 r
  u_core/core_i/ex_stage_i/regfile_waddr_lsu_reg[0]/D (SDFFARX1_RVT)
                                                   0.00      0.37 r
  data arrival time                                          0.37

  clock clk_i (rise edge)                          0.00      0.00
  clock network delay (propagated)                 0.27      0.27
  u_core/core_i/ex_stage_i/regfile_waddr_lsu_reg[0]/CLK (SDFFARX1_RVT)
                                                   0.00      0.27 r
  clock uncertainty                                0.10      0.37
  library hold time                               -0.04      0.32
  data required time                                         0.32
  ------------------------------------------------------------------------
  data required time                                         0.32
  data arrival time                                         -0.37
  ------------------------------------------------------------------------
  slack (MET)                                                0.04



  Startpoint: u_core/core_i/id_stage_i/controller_i/debug_force_wakeup_q_reg (rising edge-triggered flip-flop clocked by clk_i)
  Endpoint: u_core/core_i/cs_registers_i/dcsr_q_reg[cause][7] (rising edge-triggered flip-flop clocked by clk_i)
  Mode: default
  Corner: default
  Scenario: default
  Path Group: clk_i
  Path Type: min

  Point                                            Incr      Path  
  ------------------------------------------------------------------------
  clock clk_i (rise edge)                          0.00      0.00
  clock network delay (propagated)                 0.18      0.18

  u_core/core_i/id_stage_i/controller_i/debug_force_wakeup_q_reg/CLK (SDFFARX1_RVT)
                                                   0.00      0.18 r
  u_core/core_i/id_stage_i/controller_i/debug_force_wakeup_q_reg/Q (SDFFARX1_RVT)
                                                   0.12      0.30 f
  u_core/core_i/id_stage_i/U3199/Y (AO22X1_HVT)    0.08      0.37 f
  u_core/core_i/cs_registers_i/dcsr_q_reg[cause][7]/D (SDFFARX1_RVT)
                                                   0.00      0.37 f
  data arrival time                                          0.37

  clock clk_i (rise edge)                          0.00      0.00
  clock network delay (propagated)                 0.26      0.26
  u_core/core_i/cs_registers_i/dcsr_q_reg[cause][7]/CLK (SDFFARX1_RVT)
                                                   0.00      0.26 r
  clock uncertainty                                0.10      0.36
  library hold time                               -0.04      0.32
  data required time                                         0.32
  ------------------------------------------------------------------------
  data required time                                         0.32
  data arrival time                                         -0.37
  ------------------------------------------------------------------------
  slack (MET)                                                0.05



  Startpoint: u_core/core_i/ex_stage_i/alu_i/alu_div_i/Cnt_DP_reg[0] (rising edge-triggered flip-flop clocked by clk_i)
  Endpoint: u_core/core_i/ex_stage_i/alu_i/alu_div_i/Cnt_DP_reg[1] (rising edge-triggered flip-flop clocked by clk_i)
  Mode: default
  Corner: default
  Scenario: default
  Path Group: clk_i
  Path Type: min

  Point                                            Incr      Path  
  ------------------------------------------------------------------------
  clock clk_i (rise edge)                          0.00      0.00
  clock network delay (propagated)                 0.15      0.15

  u_core/core_i/ex_stage_i/alu_i/alu_div_i/Cnt_DP_reg[0]/CLK (SDFFARX1_RVT)
                                                   0.00      0.15 r
  u_core/core_i/ex_stage_i/alu_i/alu_div_i/Cnt_DP_reg[0]/Q (SDFFARX1_RVT)
                                                   0.12      0.28 f
  u_core/core_i/U5066/Y (AO21X1_HVT)               0.07      0.35 f
  u_core/core_i/U5067/Y (AO22X1_HVT)               0.05      0.40 f
  u_core/core_i/ex_stage_i/alu_i/alu_div_i/Cnt_DP_reg[1]/D (SDFFARX1_RVT)
                                                   0.00      0.40 f
  data arrival time                                          0.40

  clock clk_i (rise edge)                          0.00      0.00
  clock network delay (propagated)                 0.27      0.27
  u_core/core_i/ex_stage_i/alu_i/alu_div_i/Cnt_DP_reg[1]/CLK (SDFFARX1_RVT)
                                                   0.00      0.27 r
  clock uncertainty                                0.10      0.37
  library hold time                               -0.04      0.34
  data required time                                         0.34
  ------------------------------------------------------------------------
  data required time                                         0.34
  data arrival time                                         -0.40
  ------------------------------------------------------------------------
  slack (MET)                                                0.06



  Startpoint: u_core/core_i/ex_stage_i/alu_i/alu_div_i/ResReg_DP_reg[8] (rising edge-triggered flip-flop clocked by clk_i)
  Endpoint: u_core/core_i/ex_stage_i/alu_i/alu_div_i/ResReg_DP_reg[7] (rising edge-triggered flip-flop clocked by clk_i)
  Mode: default
  Corner: default
  Scenario: default
  Path Group: clk_i
  Path Type: min

  Point                                            Incr      Path  
  ------------------------------------------------------------------------
  clock clk_i (rise edge)                          0.00      0.00
  clock network delay (propagated)                 0.27      0.27

  u_core/core_i/ex_stage_i/alu_i/alu_div_i/ResReg_DP_reg[8]/CLK (SDFFARX1_RVT)
                                                   0.00      0.27 r
  u_core/core_i/ex_stage_i/alu_i/alu_div_i/ResReg_DP_reg[8]/Q (SDFFARX1_RVT)
                                                   0.11      0.38 f
  u_core/core_i/U5092/Y (AND2X1_HVT)               0.05      0.43 f
  u_core/core_i/ex_stage_i/alu_i/alu_div_i/ResReg_DP_reg[7]/D (SDFFARX1_RVT)
                                                   0.00      0.43 f
  data arrival time                                          0.43

  clock clk_i (rise edge)                          0.00      0.00
  clock network delay (propagated)                 0.29      0.29
  u_core/core_i/ex_stage_i/alu_i/alu_div_i/ResReg_DP_reg[7]/CLK (SDFFARX1_RVT)
                                                   0.00      0.29 r
  clock uncertainty                                0.10      0.39
  library hold time                               -0.03      0.36
  data required time                                         0.36
  ------------------------------------------------------------------------
  data required time                                         0.36
  data arrival time                                         -0.43
  ------------------------------------------------------------------------
  slack (MET)                                                0.07



  Startpoint: u_core/core_i/if_stage_i/prefetch_buffer_i/fifo_i/mem_q_reg[0][0] (rising edge-triggered flip-flop clocked by clk_i)
  Endpoint: u_core/core_i/if_stage_i/prefetch_buffer_i/fifo_i/mem_q_reg[0][0] (rising edge-triggered flip-flop clocked by clk_i)
  Mode: default
  Corner: default
  Scenario: default
  Path Group: clk_i
  Path Type: min

  Point                                            Incr      Path  
  ------------------------------------------------------------------------
  clock clk_i (rise edge)                          0.00      0.00
  clock network delay (propagated)                 0.30      0.30

  u_core/core_i/if_stage_i/prefetch_buffer_i/fifo_i/mem_q_reg[0][0]/CLK (SDFFARX1_RVT)
                                                   0.00      0.30 r
  u_core/core_i/if_stage_i/prefetch_buffer_i/fifo_i/mem_q_reg[0][0]/Q (SDFFARX1_RVT)
                                                   0.11      0.41 f
  u_core/core_i/U5677/Y (AO22X1_HVT)               0.05      0.46 f
  u_core/core_i/if_stage_i/prefetch_buffer_i/fifo_i/mem_q_reg[0][0]/D (SDFFARX1_RVT)
                                                   0.00      0.46 f
  data arrival time                                          0.46

  clock clk_i (rise edge)                          0.00      0.00
  clock network delay (propagated)                 0.32      0.32
  u_core/core_i/if_stage_i/prefetch_buffer_i/fifo_i/mem_q_reg[0][0]/CLK (SDFFARX1_RVT)
                                                   0.00      0.32 r
  clock uncertainty                                0.10      0.42
  library hold time                               -0.03      0.38
  data required time                                         0.38
  ------------------------------------------------------------------------
  data required time                                         0.38
  data arrival time                                         -0.46
  ------------------------------------------------------------------------
  slack (MET)                                                0.07



  Startpoint: u_core/core_i/if_stage_i/prefetch_buffer_i/fifo_i/mem_q_reg[1][7] (rising edge-triggered flip-flop clocked by clk_i)
  Endpoint: u_core/core_i/if_stage_i/prefetch_buffer_i/fifo_i/mem_q_reg[1][7] (rising edge-triggered flip-flop clocked by clk_i)
  Mode: default
  Corner: default
  Scenario: default
  Path Group: clk_i
  Path Type: min

  Point                                            Incr      Path  
  ------------------------------------------------------------------------
  clock clk_i (rise edge)                          0.00      0.00
  clock network delay (propagated)                 0.30      0.30

  u_core/core_i/if_stage_i/prefetch_buffer_i/fifo_i/mem_q_reg[1][7]/CLK (SDFFARX1_RVT)
                                                   0.00      0.30 r
  u_core/core_i/if_stage_i/prefetch_buffer_i/fifo_i/mem_q_reg[1][7]/Q (SDFFARX1_RVT)
                                                   0.11      0.41 f
  u_core/core_i/U5722/Y (AO22X1_HVT)               0.05      0.46 f
  u_core/core_i/if_stage_i/prefetch_buffer_i/fifo_i/mem_q_reg[1][7]/D (SDFFARX1_RVT)
                                                   0.00      0.46 f
  data arrival time                                          0.46

  clock clk_i (rise edge)                          0.00      0.00
  clock network delay (propagated)                 0.32      0.32
  u_core/core_i/if_stage_i/prefetch_buffer_i/fifo_i/mem_q_reg[1][7]/CLK (SDFFARX1_RVT)
                                                   0.00      0.32 r
  clock uncertainty                                0.10      0.42
  library hold time                               -0.03      0.38
  data required time                                         0.38
  ------------------------------------------------------------------------
  data required time                                         0.38
  data arrival time                                         -0.46
  ------------------------------------------------------------------------
  slack (MET)                                                0.07



  Startpoint: u_core/core_i/if_stage_i/prefetch_buffer_i/fifo_i/mem_q_reg[0][20] (rising edge-triggered flip-flop clocked by clk_i)
  Endpoint: u_core/core_i/if_stage_i/prefetch_buffer_i/fifo_i/mem_q_reg[0][20] (rising edge-triggered flip-flop clocked by clk_i)
  Mode: default
  Corner: default
  Scenario: default
  Path Group: clk_i
  Path Type: min

  Point                                            Incr      Path  
  ------------------------------------------------------------------------
  clock clk_i (rise edge)                          0.00      0.00
  clock network delay (propagated)                 0.30      0.30

  u_core/core_i/if_stage_i/prefetch_buffer_i/fifo_i/mem_q_reg[0][20]/CLK (SDFFARX1_RVT)
                                                   0.00      0.30 r
  u_core/core_i/if_stage_i/prefetch_buffer_i/fifo_i/mem_q_reg[0][20]/Q (SDFFARX1_RVT)
                                                   0.11      0.41 f
  u_core/core_i/U5698/Y (AO22X1_HVT)               0.05      0.46 f
  u_core/core_i/if_stage_i/prefetch_buffer_i/fifo_i/mem_q_reg[0][20]/D (SDFFARX1_RVT)
                                                   0.00      0.46 f
  data arrival time                                          0.46

  clock clk_i (rise edge)                          0.00      0.00
  clock network delay (propagated)                 0.32      0.32
  u_core/core_i/if_stage_i/prefetch_buffer_i/fifo_i/mem_q_reg[0][20]/CLK (SDFFARX1_RVT)
                                                   0.00      0.32 r
  clock uncertainty                                0.10      0.42
  library hold time                               -0.03      0.38
  data required time                                         0.38
  ------------------------------------------------------------------------
  data required time                                         0.38
  data arrival time                                         -0.46
  ------------------------------------------------------------------------
  slack (MET)                                                0.07



  Startpoint: u_core/core_i/if_stage_i/prefetch_buffer_i/fifo_i/mem_q_reg[0][10] (rising edge-triggered flip-flop clocked by clk_i)
  Endpoint: u_core/core_i/if_stage_i/prefetch_buffer_i/fifo_i/mem_q_reg[0][10] (rising edge-triggered flip-flop clocked by clk_i)
  Mode: default
  Corner: default
  Scenario: default
  Path Group: clk_i
  Path Type: min

  Point                                            Incr      Path  
  ------------------------------------------------------------------------
  clock clk_i (rise edge)                          0.00      0.00
  clock network delay (propagated)                 0.30      0.30

  u_core/core_i/if_stage_i/prefetch_buffer_i/fifo_i/mem_q_reg[0][10]/CLK (SDFFARX1_RVT)
                                                   0.00      0.30 r
  u_core/core_i/if_stage_i/prefetch_buffer_i/fifo_i/mem_q_reg[0][10]/Q (SDFFARX1_RVT)
                                                   0.11      0.41 f
  u_core/core_i/U5687/Y (AO22X1_HVT)               0.05      0.46 f
  u_core/core_i/if_stage_i/prefetch_buffer_i/fifo_i/mem_q_reg[0][10]/D (SDFFARX1_RVT)
                                                   0.00      0.46 f
  data arrival time                                          0.46

  clock clk_i (rise edge)                          0.00      0.00
  clock network delay (propagated)                 0.32      0.32
  u_core/core_i/if_stage_i/prefetch_buffer_i/fifo_i/mem_q_reg[0][10]/CLK (SDFFARX1_RVT)
                                                   0.00      0.32 r
  clock uncertainty                                0.10      0.42
  library hold time                               -0.03      0.38
  data required time                                         0.38
  ------------------------------------------------------------------------
  data required time                                         0.38
  data arrival time                                         -0.46
  ------------------------------------------------------------------------
  slack (MET)                                                0.07



  Startpoint: u_core/core_i/if_stage_i/prefetch_buffer_i/fifo_i/mem_q_reg[1][15] (rising edge-triggered flip-flop clocked by clk_i)
  Endpoint: u_core/core_i/if_stage_i/prefetch_buffer_i/fifo_i/mem_q_reg[1][15] (rising edge-triggered flip-flop clocked by clk_i)
  Mode: default
  Corner: default
  Scenario: default
  Path Group: clk_i
  Path Type: min

  Point                                            Incr      Path  
  ------------------------------------------------------------------------
  clock clk_i (rise edge)                          0.00      0.00
  clock network delay (propagated)                 0.30      0.30

  u_core/core_i/if_stage_i/prefetch_buffer_i/fifo_i/mem_q_reg[1][15]/CLK (SDFFARX1_RVT)
                                                   0.00      0.30 r
  u_core/core_i/if_stage_i/prefetch_buffer_i/fifo_i/mem_q_reg[1][15]/Q (SDFFARX1_RVT)
                                                   0.11      0.41 f
  u_core/core_i/U5731/Y (AO22X1_HVT)               0.05      0.46 f
  u_core/core_i/if_stage_i/prefetch_buffer_i/fifo_i/mem_q_reg[1][15]/D (SDFFARX1_RVT)
                                                   0.00      0.46 f
  data arrival time                                          0.46

  clock clk_i (rise edge)                          0.00      0.00
  clock network delay (propagated)                 0.32      0.32
  u_core/core_i/if_stage_i/prefetch_buffer_i/fifo_i/mem_q_reg[1][15]/CLK (SDFFARX1_RVT)
                                                   0.00      0.32 r
  clock uncertainty                                0.10      0.42
  library hold time                               -0.03      0.38
  data required time                                         0.38
  ------------------------------------------------------------------------
  data required time                                         0.38
  data arrival time                                         -0.46
  ------------------------------------------------------------------------
  slack (MET)                                                0.07



  Startpoint: u_core/core_i/ex_stage_i/alu_i/alu_div_i/ResReg_DP_reg[28] (rising edge-triggered flip-flop clocked by clk_i)
  Endpoint: u_core/core_i/ex_stage_i/alu_i/alu_div_i/ResReg_DP_reg[27] (rising edge-triggered flip-flop clocked by clk_i)
  Mode: default
  Corner: default
  Scenario: default
  Path Group: clk_i
  Path Type: min

  Point                                            Incr      Path  
  ------------------------------------------------------------------------
  clock clk_i (rise edge)                          0.00      0.00
  clock network delay (propagated)                 0.27      0.27

  u_core/core_i/ex_stage_i/alu_i/alu_div_i/ResReg_DP_reg[28]/CLK (SDFFARX1_RVT)
                                                   0.00      0.27 r
  u_core/core_i/ex_stage_i/alu_i/alu_div_i/ResReg_DP_reg[28]/Q (SDFFARX1_RVT)
                                                   0.11      0.38 f
  u_core/core_i/U5112/Y (AND2X1_HVT)               0.05      0.43 f
  u_core/core_i/ex_stage_i/alu_i/alu_div_i/ResReg_DP_reg[27]/D (SDFFARX1_RVT)
                                                   0.00      0.43 f
  data arrival time                                          0.43

  clock clk_i (rise edge)                          0.00      0.00
  clock network delay (propagated)                 0.29      0.29
  u_core/core_i/ex_stage_i/alu_i/alu_div_i/ResReg_DP_reg[27]/CLK (SDFFARX1_RVT)
                                                   0.00      0.29 r
  clock uncertainty                                0.10      0.39
  library hold time                               -0.03      0.36
  data required time                                         0.36
  ------------------------------------------------------------------------
  data required time                                         0.36
  data arrival time                                         -0.43
  ------------------------------------------------------------------------
  slack (MET)                                                0.07



  Startpoint: u_core/core_i/if_stage_i/prefetch_buffer_i/fifo_i/mem_q_reg[1][21] (rising edge-triggered flip-flop clocked by clk_i)
  Endpoint: u_core/core_i/if_stage_i/prefetch_buffer_i/fifo_i/mem_q_reg[1][21] (rising edge-triggered flip-flop clocked by clk_i)
  Mode: default
  Corner: default
  Scenario: default
  Path Group: clk_i
  Path Type: min

  Point                                            Incr      Path  
  ------------------------------------------------------------------------
  clock clk_i (rise edge)                          0.00      0.00
  clock network delay (propagated)                 0.30      0.30

  u_core/core_i/if_stage_i/prefetch_buffer_i/fifo_i/mem_q_reg[1][21]/CLK (SDFFARX1_RVT)
                                                   0.00      0.30 r
  u_core/core_i/if_stage_i/prefetch_buffer_i/fifo_i/mem_q_reg[1][21]/Q (SDFFARX1_RVT)
                                                   0.11      0.41 f
  u_core/core_i/U5737/Y (AO22X1_HVT)               0.05      0.46 f
  u_core/core_i/if_stage_i/prefetch_buffer_i/fifo_i/mem_q_reg[1][21]/D (SDFFARX1_RVT)
                                                   0.00      0.46 f
  data arrival time                                          0.46

  clock clk_i (rise edge)                          0.00      0.00
  clock network delay (propagated)                 0.32      0.32
  u_core/core_i/if_stage_i/prefetch_buffer_i/fifo_i/mem_q_reg[1][21]/CLK (SDFFARX1_RVT)
                                                   0.00      0.32 r
  clock uncertainty                                0.10      0.42
  library hold time                               -0.03      0.38
  data required time                                         0.38
  ------------------------------------------------------------------------
  data required time                                         0.38
  data arrival time                                         -0.46
  ------------------------------------------------------------------------
  slack (MET)                                                0.07



  Startpoint: u_core/core_i/ex_stage_i/alu_i/alu_div_i/ResReg_DP_reg[16] (rising edge-triggered flip-flop clocked by clk_i)
  Endpoint: u_core/core_i/ex_stage_i/alu_i/alu_div_i/ResReg_DP_reg[15] (rising edge-triggered flip-flop clocked by clk_i)
  Mode: default
  Corner: default
  Scenario: default
  Path Group: clk_i
  Path Type: min

  Point                                            Incr      Path  
  ------------------------------------------------------------------------
  clock clk_i (rise edge)                          0.00      0.00
  clock network delay (propagated)                 0.27      0.27

  u_core/core_i/ex_stage_i/alu_i/alu_div_i/ResReg_DP_reg[16]/CLK (SDFFARX1_RVT)
                                                   0.00      0.27 r
  u_core/core_i/ex_stage_i/alu_i/alu_div_i/ResReg_DP_reg[16]/Q (SDFFARX1_RVT)
                                                   0.11      0.38 f
  u_core/core_i/U5100/Y (AND2X1_HVT)               0.05      0.43 f
  u_core/core_i/ex_stage_i/alu_i/alu_div_i/ResReg_DP_reg[15]/D (SDFFARX1_RVT)
                                                   0.00      0.43 f
  data arrival time                                          0.43

  clock clk_i (rise edge)                          0.00      0.00
  clock network delay (propagated)                 0.29      0.29
  u_core/core_i/ex_stage_i/alu_i/alu_div_i/ResReg_DP_reg[15]/CLK (SDFFARX1_RVT)
                                                   0.00      0.29 r
  clock uncertainty                                0.10      0.39
  library hold time                               -0.03      0.36
  data required time                                         0.36
  ------------------------------------------------------------------------
  data required time                                         0.36
  data arrival time                                         -0.43
  ------------------------------------------------------------------------
  slack (MET)                                                0.07



  Startpoint: u_core/core_i/if_stage_i/prefetch_buffer_i/fifo_i/mem_q_reg[1][19] (rising edge-triggered flip-flop clocked by clk_i)
  Endpoint: u_core/core_i/if_stage_i/prefetch_buffer_i/fifo_i/mem_q_reg[1][19] (rising edge-triggered flip-flop clocked by clk_i)
  Mode: default
  Corner: default
  Scenario: default
  Path Group: clk_i
  Path Type: min

  Point                                            Incr      Path  
  ------------------------------------------------------------------------
  clock clk_i (rise edge)                          0.00      0.00
  clock network delay (propagated)                 0.30      0.30

  u_core/core_i/if_stage_i/prefetch_buffer_i/fifo_i/mem_q_reg[1][19]/CLK (SDFFARX1_RVT)
                                                   0.00      0.30 r
  u_core/core_i/if_stage_i/prefetch_buffer_i/fifo_i/mem_q_reg[1][19]/Q (SDFFARX1_RVT)
                                                   0.11      0.41 f
  u_core/core_i/U5735/Y (AO22X1_HVT)               0.05      0.46 f
  u_core/core_i/if_stage_i/prefetch_buffer_i/fifo_i/mem_q_reg[1][19]/D (SDFFARX1_RVT)
                                                   0.00      0.46 f
  data arrival time                                          0.46

  clock clk_i (rise edge)                          0.00      0.00
  clock network delay (propagated)                 0.32      0.32
  u_core/core_i/if_stage_i/prefetch_buffer_i/fifo_i/mem_q_reg[1][19]/CLK (SDFFARX1_RVT)
                                                   0.00      0.32 r
  clock uncertainty                                0.10      0.42
  library hold time                               -0.03      0.38
  data required time                                         0.38
  ------------------------------------------------------------------------
  data required time                                         0.38
  data arrival time                                         -0.46
  ------------------------------------------------------------------------
  slack (MET)                                                0.07



  Startpoint: u_core/core_i/ex_stage_i/alu_i/alu_div_i/ResReg_DP_reg[20] (rising edge-triggered flip-flop clocked by clk_i)
  Endpoint: u_core/core_i/ex_stage_i/alu_i/alu_div_i/ResReg_DP_reg[19] (rising edge-triggered flip-flop clocked by clk_i)
  Mode: default
  Corner: default
  Scenario: default
  Path Group: clk_i
  Path Type: min

  Point                                            Incr      Path  
  ------------------------------------------------------------------------
  clock clk_i (rise edge)                          0.00      0.00
  clock network delay (propagated)                 0.27      0.27

  u_core/core_i/ex_stage_i/alu_i/alu_div_i/ResReg_DP_reg[20]/CLK (SDFFARX1_RVT)
                                                   0.00      0.27 r
  u_core/core_i/ex_stage_i/alu_i/alu_div_i/ResReg_DP_reg[20]/Q (SDFFARX1_RVT)
                                                   0.11      0.38 f
  u_core/core_i/U5104/Y (AND2X1_HVT)               0.05      0.43 f
  u_core/core_i/ex_stage_i/alu_i/alu_div_i/ResReg_DP_reg[19]/D (SDFFARX1_RVT)
                                                   0.00      0.43 f
  data arrival time                                          0.43

  clock clk_i (rise edge)                          0.00      0.00
  clock network delay (propagated)                 0.29      0.29
  u_core/core_i/ex_stage_i/alu_i/alu_div_i/ResReg_DP_reg[19]/CLK (SDFFARX1_RVT)
                                                   0.00      0.29 r
  clock uncertainty                                0.10      0.39
  library hold time                               -0.03      0.36
  data required time                                         0.36
  ------------------------------------------------------------------------
  data required time                                         0.36
  data arrival time                                         -0.43
  ------------------------------------------------------------------------
  slack (MET)                                                0.07



  Startpoint: u_core/core_i/if_stage_i/prefetch_buffer_i/fifo_i/mem_q_reg[1][23] (rising edge-triggered flip-flop clocked by clk_i)
  Endpoint: u_core/core_i/if_stage_i/prefetch_buffer_i/fifo_i/mem_q_reg[1][23] (rising edge-triggered flip-flop clocked by clk_i)
  Mode: default
  Corner: default
  Scenario: default
  Path Group: clk_i
  Path Type: min

  Point                                            Incr      Path  
  ------------------------------------------------------------------------
  clock clk_i (rise edge)                          0.00      0.00
  clock network delay (propagated)                 0.30      0.30

  u_core/core_i/if_stage_i/prefetch_buffer_i/fifo_i/mem_q_reg[1][23]/CLK (SDFFARX1_RVT)
                                                   0.00      0.30 r
  u_core/core_i/if_stage_i/prefetch_buffer_i/fifo_i/mem_q_reg[1][23]/Q (SDFFARX1_RVT)
                                                   0.11      0.41 f
  u_core/core_i/U5739/Y (AO22X1_HVT)               0.05      0.46 f
  u_core/core_i/if_stage_i/prefetch_buffer_i/fifo_i/mem_q_reg[1][23]/D (SDFFARX1_RVT)
                                                   0.00      0.46 f
  data arrival time                                          0.46

  clock clk_i (rise edge)                          0.00      0.00
  clock network delay (propagated)                 0.32      0.32
  u_core/core_i/if_stage_i/prefetch_buffer_i/fifo_i/mem_q_reg[1][23]/CLK (SDFFARX1_RVT)
                                                   0.00      0.32 r
  clock uncertainty                                0.10      0.42
  library hold time                               -0.03      0.38
  data required time                                         0.38
  ------------------------------------------------------------------------
  data required time                                         0.38
  data arrival time                                         -0.46
  ------------------------------------------------------------------------
  slack (MET)                                                0.07



  Startpoint: u_core/core_i/if_stage_i/prefetch_buffer_i/fifo_i/mem_q_reg[1][16] (rising edge-triggered flip-flop clocked by clk_i)
  Endpoint: u_core/core_i/if_stage_i/prefetch_buffer_i/fifo_i/mem_q_reg[1][16] (rising edge-triggered flip-flop clocked by clk_i)
  Mode: default
  Corner: default
  Scenario: default
  Path Group: clk_i
  Path Type: min

  Point                                            Incr      Path  
  ------------------------------------------------------------------------
  clock clk_i (rise edge)                          0.00      0.00
  clock network delay (propagated)                 0.30      0.30

  u_core/core_i/if_stage_i/prefetch_buffer_i/fifo_i/mem_q_reg[1][16]/CLK (SDFFARX1_RVT)
                                                   0.00      0.30 r
  u_core/core_i/if_stage_i/prefetch_buffer_i/fifo_i/mem_q_reg[1][16]/Q (SDFFARX1_RVT)
                                                   0.11      0.41 f
  u_core/core_i/U5732/Y (AO22X1_HVT)               0.05      0.46 f
  u_core/core_i/if_stage_i/prefetch_buffer_i/fifo_i/mem_q_reg[1][16]/D (SDFFARX1_RVT)
                                                   0.00      0.46 f
  data arrival time                                          0.46

  clock clk_i (rise edge)                          0.00      0.00
  clock network delay (propagated)                 0.32      0.32
  u_core/core_i/if_stage_i/prefetch_buffer_i/fifo_i/mem_q_reg[1][16]/CLK (SDFFARX1_RVT)
                                                   0.00      0.32 r
  clock uncertainty                                0.10      0.42
  library hold time                               -0.03      0.38
  data required time                                         0.38
  ------------------------------------------------------------------------
  data required time                                         0.38
  data arrival time                                         -0.46
  ------------------------------------------------------------------------
  slack (MET)                                                0.07



  Startpoint: u_core/core_i/ex_stage_i/alu_i/alu_div_i/ResReg_DP_reg[23] (rising edge-triggered flip-flop clocked by clk_i)
  Endpoint: u_core/core_i/ex_stage_i/alu_i/alu_div_i/ResReg_DP_reg[22] (rising edge-triggered flip-flop clocked by clk_i)
  Mode: default
  Corner: default
  Scenario: default
  Path Group: clk_i
  Path Type: min

  Point                                            Incr      Path  
  ------------------------------------------------------------------------
  clock clk_i (rise edge)                          0.00      0.00
  clock network delay (propagated)                 0.27      0.27

  u_core/core_i/ex_stage_i/alu_i/alu_div_i/ResReg_DP_reg[23]/CLK (SDFFARX1_RVT)
                                                   0.00      0.27 r
  u_core/core_i/ex_stage_i/alu_i/alu_div_i/ResReg_DP_reg[23]/Q (SDFFARX1_RVT)
                                                   0.11      0.38 f
  u_core/core_i/U5107/Y (AND2X1_HVT)               0.05      0.43 f
  u_core/core_i/ex_stage_i/alu_i/alu_div_i/ResReg_DP_reg[22]/D (SDFFARX1_RVT)
                                                   0.00      0.43 f
  data arrival time                                          0.43

  clock clk_i (rise edge)                          0.00      0.00
  clock network delay (propagated)                 0.29      0.29
  u_core/core_i/ex_stage_i/alu_i/alu_div_i/ResReg_DP_reg[22]/CLK (SDFFARX1_RVT)
                                                   0.00      0.29 r
  clock uncertainty                                0.10      0.39
  library hold time                               -0.03      0.36
  data required time                                         0.36
  ------------------------------------------------------------------------
  data required time                                         0.36
  data arrival time                                         -0.43
  ------------------------------------------------------------------------
  slack (MET)                                                0.07



  Startpoint: u_core/core_i/id_stage_i/controller_i/debug_force_wakeup_q_reg (rising edge-triggered flip-flop clocked by clk_i)
  Endpoint: u_core/core_i/cs_registers_i/dcsr_q_reg[cause][8] (rising edge-triggered flip-flop clocked by clk_i)
  Mode: default
  Corner: default
  Scenario: default
  Path Group: clk_i
  Path Type: min

  Point                                            Incr      Path  
  ------------------------------------------------------------------------
  clock clk_i (rise edge)                          0.00      0.00
  clock network delay (propagated)                 0.18      0.18

  u_core/core_i/id_stage_i/controller_i/debug_force_wakeup_q_reg/CLK (SDFFARX1_RVT)
                                                   0.00      0.18 r
  u_core/core_i/id_stage_i/controller_i/debug_force_wakeup_q_reg/Q (SDFFARX1_RVT)
                                                   0.12      0.30 r
  u_core/core_i/id_stage_i/U2639/Y (INVX1_HVT)     0.03      0.33 f
  u_core/core_i/id_stage_i/U3200/Y (AND3X1_HVT)    0.07      0.40 f
  u_core/core_i/cs_registers_i/dcsr_q_reg[cause][8]/D (SDFFARX1_RVT)
                                                   0.00      0.40 f
  data arrival time                                          0.40

  clock clk_i (rise edge)                          0.00      0.00
  clock network delay (propagated)                 0.26      0.26
  u_core/core_i/cs_registers_i/dcsr_q_reg[cause][8]/CLK (SDFFARX1_RVT)
                                                   0.00      0.26 r
  clock uncertainty                                0.10      0.36
  library hold time                               -0.04      0.32
  data required time                                         0.32
  ------------------------------------------------------------------------
  data required time                                         0.32
  data arrival time                                         -0.40
  ------------------------------------------------------------------------
  slack (MET)                                                0.07



  Startpoint: u_core/core_i/if_stage_i/prefetch_buffer_i/fifo_i/mem_q_reg[0][14] (rising edge-triggered flip-flop clocked by clk_i)
  Endpoint: u_core/core_i/if_stage_i/prefetch_buffer_i/fifo_i/mem_q_reg[0][14] (rising edge-triggered flip-flop clocked by clk_i)
  Mode: default
  Corner: default
  Scenario: default
  Path Group: clk_i
  Path Type: min

  Point                                            Incr      Path  
  ------------------------------------------------------------------------
  clock clk_i (rise edge)                          0.00      0.00
  clock network delay (propagated)                 0.30      0.30

  u_core/core_i/if_stage_i/prefetch_buffer_i/fifo_i/mem_q_reg[0][14]/CLK (SDFFARX1_RVT)
                                                   0.00      0.30 r
  u_core/core_i/if_stage_i/prefetch_buffer_i/fifo_i/mem_q_reg[0][14]/Q (SDFFARX1_RVT)
                                                   0.11      0.41 f
  u_core/core_i/U5691/Y (AO22X1_HVT)               0.05      0.46 f
  u_core/core_i/if_stage_i/prefetch_buffer_i/fifo_i/mem_q_reg[0][14]/D (SDFFARX1_RVT)
                                                   0.00      0.46 f
  data arrival time                                          0.46

  clock clk_i (rise edge)                          0.00      0.00
  clock network delay (propagated)                 0.32      0.32
  u_core/core_i/if_stage_i/prefetch_buffer_i/fifo_i/mem_q_reg[0][14]/CLK (SDFFARX1_RVT)
                                                   0.00      0.32 r
  clock uncertainty                                0.10      0.42
  library hold time                               -0.03      0.38
  data required time                                         0.38
  ------------------------------------------------------------------------
  data required time                                         0.38
  data arrival time                                         -0.46
  ------------------------------------------------------------------------
  slack (MET)                                                0.08


1
