eco_pin_swap_file=configs/backend/a2_edge_commutative_pin_swap.tsv
format: cell ref pin_a pin_b reason
PASS cell=u_core/core_i/U1041 ref=OR2X4_HVT pin_a=A1 net_a=u_core/core_i/n840 pin_b=A2 net_b=u_core/core_i/n841 reason=matched_A2_route_DRC_commutative_swap
PASS cell=u_core/core_i/U1065 ref=OR2X4_HVT pin_a=A1 net_a=u_core/core_i/n850 pin_b=A2 net_b=u_core/core_i/n849 reason=matched_A2_route_DRC_commutative_swap
PASS cell=u_core/core_i/U1091 ref=OR2X4_HVT pin_a=A1 net_a=u_core/core_i/n865 pin_b=A2 net_b=u_core/core_i/n864 reason=matched_A2_route_DRC_commutative_swap
PASS cell=u_core/core_i/U1135 ref=OR2X4_HVT pin_a=A1 net_a=u_core/core_i/n898 pin_b=A2 net_b=u_core/core_i/n897 reason=matched_A2_route_DRC_commutative_swap
PASS cell=u_core/core_i/U1414 ref=NOR2X4_HVT pin_a=A1 net_a=u_core/core_i/n1174 pin_b=A2 net_b=u_core/core_i/n1173 reason=matched_A2_route_DRC_commutative_swap
PASS cell=u_core/core_i/U1778 ref=NOR2X4_HVT pin_a=A1 net_a=u_core/core_i/n4236 pin_b=A2 net_b=u_core/core_i/n5878 reason=matched_A2_route_DRC_commutative_swap
PASS cell=u_core/core_i/U1897 ref=NOR2X4_HVT pin_a=A1 net_a=u_core/core_i/n4236 pin_b=A2 net_b=u_core/core_i/n5879 reason=matched_A2_route_DRC_commutative_swap
PASS cell=u_core/core_i/U19 ref=NOR2X0_HVT pin_a=A1 net_a=u_core/core_i/if_stage_i/prefetch_buffer_i/fifo_i/read_pointer_q[0] pin_b=A2 net_b=u_core/core_i/n192 reason=matched_A2_route_DRC_commutative_swap
PASS cell=u_core/core_i/U2032 ref=NOR2X4_HVT pin_a=A1 net_a=u_core/core_i/n3498 pin_b=A2 net_b=u_core/core_i/n48 reason=matched_A2_route_DRC_commutative_swap
PASS cell=u_core/core_i/U2033 ref=NOR2X4_HVT pin_a=A1 net_a=u_core/core_i/n4236 pin_b=A2 net_b=u_core/core_i/n5880 reason=matched_A2_route_DRC_commutative_swap
PASS cell=u_core/core_i/U2150 ref=NOR2X4_HVT pin_a=A1 net_a=u_core/core_i/n4236 pin_b=A2 net_b=u_core/core_i/n5881 reason=matched_A2_route_DRC_commutative_swap
PASS cell=u_core/core_i/U2470 ref=NOR2X4_HVT pin_a=A1 net_a=u_core/core_i/n4236 pin_b=A2 net_b=u_core/core_i/n5882 reason=matched_A2_route_DRC_commutative_swap
PASS cell=u_core/core_i/U2548 ref=NOR2X4_HVT pin_a=A1 net_a=u_core/core_i/n4236 pin_b=A2 net_b=u_core/core_i/n5883 reason=matched_A2_route_DRC_commutative_swap
PASS cell=u_core/core_i/U2618 ref=NOR2X4_HVT pin_a=A1 net_a=u_core/core_i/n4236 pin_b=A2 net_b=u_core/core_i/n5884 reason=matched_A2_route_DRC_commutative_swap
PASS cell=u_core/core_i/U2690 ref=NOR2X4_HVT pin_a=A1 net_a=u_core/core_i/n4236 pin_b=A2 net_b=u_core/core_i/n5885 reason=matched_A2_route_DRC_commutative_swap
PASS cell=u_core/core_i/U3140 ref=NOR2X4_HVT pin_a=A1 net_a=u_core/core_i/n4236 pin_b=A2 net_b=u_core/core_i/n5887 reason=matched_A2_route_DRC_commutative_swap
PASS cell=u_core/core_i/U3800 ref=NOR2X4_HVT pin_a=A1 net_a=u_core/core_i/n4124 pin_b=A2 net_b=u_core/core_i/n4123 reason=matched_A2_route_DRC_commutative_swap
PASS cell=u_core/core_i/U3879 ref=NOR2X4_HVT pin_a=A1 net_a=u_core/core_i/n4236 pin_b=A2 net_b=u_core/core_i/n5888 reason=matched_A2_route_DRC_commutative_swap
PASS cell=u_core/core_i/U4234 ref=NOR2X4_HVT pin_a=A1 net_a=u_core/core_i/ex_stage_i/alu_i/alu_div_i/AReg_DP[3] pin_b=A2 net_b=u_core/core_i/n5922 reason=matched_A2_route_DRC_commutative_swap
PASS cell=u_core/core_i/U4246 ref=NOR2X4_HVT pin_a=A1 net_a=u_core/core_i/ex_stage_i/alu_i/alu_div_i/AReg_DP[19] pin_b=A2 net_b=u_core/core_i/n5903 reason=matched_A2_route_DRC_commutative_swap
PASS cell=u_core/core_i/U4256 ref=NOR2X4_HVT pin_a=A1 net_a=u_core/core_i/n4745 pin_b=A2 net_b=u_core/core_i/n4743 reason=matched_A2_route_DRC_commutative_swap
PASS cell=u_core/core_i/U4266 ref=NOR2X4_HVT pin_a=A1 net_a=u_core/core_i/ex_stage_i/alu_i/alu_div_i/AReg_DP[5] pin_b=A2 net_b=u_core/core_i/n5925 reason=matched_A2_route_DRC_commutative_swap
PASS cell=u_core/core_i/U4279 ref=NOR2X4_HVT pin_a=A1 net_a=u_core/core_i/ex_stage_i/alu_i/alu_div_i/AReg_DP[27] pin_b=A2 net_b=u_core/core_i/n5914 reason=matched_A2_route_DRC_commutative_swap
PASS cell=u_core/core_i/U4285 ref=NOR2X4_HVT pin_a=A1 net_a=u_core/core_i/ex_stage_i/alu_i/alu_div_i/AReg_DP[11] pin_b=A2 net_b=u_core/core_i/n5917 reason=matched_A2_route_DRC_commutative_swap
PASS cell=u_core/core_i/U4296 ref=NOR2X4_HVT pin_a=A1 net_a=u_core/core_i/ex_stage_i/alu_i/alu_div_i/AReg_DP[7] pin_b=A2 net_b=u_core/core_i/n5918 reason=matched_A2_route_DRC_commutative_swap
PASS cell=u_core/core_i/U4423 ref=NOR2X4_HVT pin_a=A1 net_a=u_core/core_i/n5949 pin_b=A2 net_b=u_core/core_i/if_stage_i/aligner_i/state[1] reason=matched_A2_route_DRC_commutative_swap
PASS cell=u_core/core_i/U5112 ref=NOR2X4_HVT pin_a=A1 net_a=u_core/core_i/n1350 pin_b=A2 net_b=u_core/core_i/n5628 reason=matched_A2_route_DRC_commutative_swap
PASS cell=u_core/core_i/U5113 ref=NOR2X4_HVT pin_a=A1 net_a=u_core/core_i/load_store_unit_i/data_we_q pin_b=A2 net_b=u_core/core_i/n2 reason=matched_A2_route_DRC_commutative_swap
PASS cell=u_core/core_i/U5127 ref=NOR2X4_HVT pin_a=A1 net_a=u_core/core_i/n5599 pin_b=A2 net_b=u_core/core_i/instr_gnt_i reason=matched_A2_route_DRC_commutative_swap
PASS cell=u_core/core_i/U5494 ref=OR2X4_HVT pin_a=A1 net_a=u_core/core_i/n5852 pin_b=A2 net_b=u_core/core_i/if_stage_i/prefetch_buffer_i/fifo_i/N12 reason=matched_A2_route_DRC_commutative_swap
PASS cell=u_core/core_i/U5633 ref=OR2X4_HVT pin_a=A1 net_a=u_core/core_i/test_so pin_b=A2 net_b=u_core/core_i/fetch_enable_i reason=matched_A2_route_DRC_commutative_swap
PASS cell=u_core/core_i/U927 ref=NOR2X4_HVT pin_a=A1 net_a=u_core/core_i/ex_stage_i/alu_i/alu_div_i/ResInv_SP pin_b=A2 net_b=u_core/core_i/alu_operator_ex[2] reason=matched_A2_route_DRC_commutative_swap
PASS cell=u_core/core_i/U937 ref=NOR2X4_HVT pin_a=A1 net_a=u_core/core_i/alu_operator_ex[2] pin_b=A2 net_b=u_core/core_i/n5876 reason=matched_A2_route_DRC_commutative_swap
PASS cell=u_core/core_i/cs_registers_i/U110 ref=OR2X4_HVT pin_a=A1 net_a=u_core/core_i/cs_registers_i/n797 pin_b=A2 net_b=u_core/core_i/cs_registers_i/csr_op_i[0] reason=matched_A2_route_DRC_commutative_swap
PASS cell=u_core/core_i/id_stage_i/U1160 ref=NOR2X4_HVT pin_a=A1 net_a=u_core/core_i/id_stage_i/n1530 pin_b=A2 net_b=u_core/core_i/id_stage_i/instr_rdata_i[6] reason=matched_A2_route_DRC_commutative_swap
PASS cell=u_core/core_i/id_stage_i/U1190 ref=NOR2X4_HVT pin_a=A1 net_a=u_core/core_i/id_stage_i/n3141 pin_b=A2 net_b=u_core/core_i/id_stage_i/n131 reason=matched_A2_route_DRC_commutative_swap
PASS cell=u_core/core_i/id_stage_i/U1193 ref=NOR2X4_HVT pin_a=A1 net_a=u_core/core_i/id_stage_i/n3161 pin_b=A2 net_b=u_core/core_i/id_stage_i/n129 reason=matched_A2_route_DRC_commutative_swap
PASS cell=u_core/core_i/id_stage_i/U1195 ref=NOR2X4_HVT pin_a=A1 net_a=u_core/core_i/id_stage_i/n3200 pin_b=A2 net_b=u_core/core_i/id_stage_i/n125 reason=matched_A2_route_DRC_commutative_swap
PASS cell=u_core/core_i/id_stage_i/U1198 ref=NOR2X4_HVT pin_a=A1 net_a=u_core/core_i/id_stage_i/n3076 pin_b=A2 net_b=u_core/core_i/id_stage_i/n97 reason=matched_A2_route_DRC_commutative_swap
PASS cell=u_core/core_i/id_stage_i/U1200 ref=NOR2X4_HVT pin_a=A1 net_a=u_core/core_i/id_stage_i/n3076 pin_b=A2 net_b=u_core/core_i/id_stage_i/n97 reason=matched_A2_route_DRC_commutative_swap
PASS cell=u_core/core_i/id_stage_i/U1700 ref=NOR2X4_HVT pin_a=A1 net_a=u_core/core_i/id_stage_i/n3076 pin_b=A2 net_b=u_core/core_i/id_stage_i/n97 reason=matched_A2_route_DRC_commutative_swap
PASS cell=u_core/core_i/id_stage_i/U178 ref=NOR2X4_HVT pin_a=A1 net_a=u_core/core_i/id_stage_i/n533 pin_b=A2 net_b=u_core/core_i/id_stage_i/n532 reason=matched_A2_route_DRC_commutative_swap
PASS cell=u_core/core_i/id_stage_i/U204 ref=NOR2X4_HVT pin_a=A1 net_a=u_core/core_i/id_stage_i/n3141 pin_b=A2 net_b=u_core/core_i/id_stage_i/n131 reason=matched_A2_route_DRC_commutative_swap
PASS cell=u_core/core_i/id_stage_i/U2475 ref=OR2X4_HVT pin_a=A1 net_a=u_core/core_i/id_stage_i/debug_mode_o pin_b=A2 net_b=u_core/core_i/id_stage_i/n2619 reason=matched_A2_route_DRC_commutative_swap
PASS cell=u_core/core_i/id_stage_i/U2688 ref=NOR2X4_HVT pin_a=A1 net_a=u_core/core_i/id_stage_i/controller_i/debug_mode_n pin_b=A2 net_b=u_core/core_i/id_stage_i/controller_i/debug_fsm_ns[0] reason=matched_A2_route_DRC_commutative_swap
PASS cell=u_core/core_i/id_stage_i/U3250 ref=NOR2X4_HVT pin_a=A1 net_a=u_core/core_i/id_stage_i/n3141 pin_b=A2 net_b=u_core/core_i/id_stage_i/n131 reason=matched_A2_route_DRC_commutative_swap
PASS cell=u_core/core_i/id_stage_i/U3375 ref=NOR2X4_HVT pin_a=A1 net_a=u_core/core_i/id_stage_i/n3161 pin_b=A2 net_b=u_core/core_i/id_stage_i/n129 reason=matched_A2_route_DRC_commutative_swap
PASS cell=u_core/core_i/id_stage_i/U3540 ref=NOR2X4_HVT pin_a=A1 net_a=u_core/core_i/id_stage_i/n3200 pin_b=A2 net_b=u_core/core_i/id_stage_i/n125 reason=matched_A2_route_DRC_commutative_swap
PASS cell=u_core/core_i/id_stage_i/U392 ref=NOR2X4_HVT pin_a=A1 net_a=u_core/core_i/id_stage_i/n2481 pin_b=A2 net_b=u_core/core_i/id_stage_i/n317 reason=matched_A2_route_DRC_commutative_swap
PASS cell=u_core/core_i/id_stage_i/U394 ref=NOR2X4_HVT pin_a=A1 net_a=u_core/core_i/id_stage_i/n2481 pin_b=A2 net_b=u_core/core_i/id_stage_i/n317 reason=matched_A2_route_DRC_commutative_swap
PASS cell=u_core/core_i/id_stage_i/U577 ref=NOR2X4_HVT pin_a=A1 net_a=u_core/core_i/id_stage_i/n1530 pin_b=A2 net_b=u_core/core_i/id_stage_i/n90 reason=matched_A2_route_DRC_commutative_swap
PASS cell=u_core/core_i/id_stage_i/U582 ref=NOR2X4_HVT pin_a=A1 net_a=u_core/core_i/id_stage_i/n141 pin_b=A2 net_b=u_core/core_i/id_stage_i/n136 reason=matched_A2_route_DRC_commutative_swap
