eco_swap_file=/DATA/home/edu135/CV32E40P/configs/backend/a2_edge_nor2x4_to_nor2x2_hvt_resize.tsv
format: cell old_ref new_ref reason
FAIL cell=u_core/core_i/id_stage_i/U2688 old=NOR2X4_HVT new=NOR2X2_HVT reason=targeted_NOR2X4_A2_edge_resize_to_X2 msg=0 cell(s) are sized.
FAIL cell=u_core/core_i/id_stage_i/U1193 old=NOR2X4_HVT new=NOR2X2_HVT reason=targeted_NOR2X4_A2_edge_resize_to_X2 msg=0 cell(s) are sized.
FAIL cell=u_core/core_i/id_stage_i/U1195 old=NOR2X4_HVT new=NOR2X2_HVT reason=targeted_NOR2X4_A2_edge_resize_to_X2 msg=0 cell(s) are sized.
FAIL cell=u_core/core_i/id_stage_i/U3540 old=NOR2X4_HVT new=NOR2X2_HVT reason=targeted_NOR2X4_A2_edge_resize_to_X2 msg=0 cell(s) are sized.
MISS cell=u_core/core_i/id_stage_i/U3375 old=NOR2X4_HVT new=NOR2X2_HVT reason=targeted_NOR2X4_A2_edge_resize_to_X2
FAIL cell=u_core/core_i/id_stage_i/U1700 old=NOR2X4_HVT new=NOR2X2_HVT reason=targeted_NOR2X4_A2_edge_resize_to_X2 msg=0 cell(s) are sized.
FAIL cell=u_core/core_i/id_stage_i/U1198 old=NOR2X4_HVT new=NOR2X2_HVT reason=targeted_NOR2X4_A2_edge_resize_to_X2 msg=0 cell(s) are sized.
FAIL cell=u_core/core_i/id_stage_i/U1200 old=NOR2X4_HVT new=NOR2X2_HVT reason=targeted_NOR2X4_A2_edge_resize_to_X2 msg=0 cell(s) are sized.
FAIL cell=u_core/core_i/id_stage_i/U204 old=NOR2X4_HVT new=NOR2X2_HVT reason=targeted_NOR2X4_A2_edge_resize_to_X2 msg=0 cell(s) are sized.
FAIL cell=u_core/core_i/id_stage_i/U3250 old=NOR2X4_HVT new=NOR2X2_HVT reason=targeted_NOR2X4_A2_edge_resize_to_X2 msg=0 cell(s) are sized.
FAIL cell=u_core/core_i/id_stage_i/U1190 old=NOR2X4_HVT new=NOR2X2_HVT reason=targeted_NOR2X4_A2_edge_resize_to_X2 msg=0 cell(s) are sized.
FAIL cell=u_core/core_i/U5127 old=NOR2X4_HVT new=NOR2X2_HVT reason=targeted_NOR2X4_A2_edge_resize_to_X2 msg=0 cell(s) are sized.
FAIL cell=u_core/core_i/U5112 old=NOR2X4_HVT new=NOR2X2_HVT reason=targeted_NOR2X4_A2_edge_resize_to_X2 msg=0 cell(s) are sized.
FAIL cell=u_core/core_i/id_stage_i/U392 old=NOR2X4_HVT new=NOR2X2_HVT reason=targeted_NOR2X4_A2_edge_resize_to_X2 msg=0 cell(s) are sized.
FAIL cell=u_core/core_i/id_stage_i/U582 old=NOR2X4_HVT new=NOR2X2_HVT reason=targeted_NOR2X4_A2_edge_resize_to_X2 msg=0 cell(s) are sized.
FAIL cell=u_core/core_i/id_stage_i/U394 old=NOR2X4_HVT new=NOR2X2_HVT reason=targeted_NOR2X4_A2_edge_resize_to_X2 msg=0 cell(s) are sized.
FAIL cell=u_core/core_i/id_stage_i/U577 old=NOR2X4_HVT new=NOR2X2_HVT reason=targeted_NOR2X4_A2_edge_resize_to_X2 msg=0 cell(s) are sized.
FAIL cell=u_core/core_i/id_stage_i/U1160 old=NOR2X4_HVT new=NOR2X2_HVT reason=targeted_NOR2X4_A2_edge_resize_to_X2 msg=0 cell(s) are sized.
FAIL cell=u_core/core_i/U4266 old=NOR2X4_HVT new=NOR2X2_HVT reason=targeted_NOR2X4_A2_edge_resize_to_X2 msg=0 cell(s) are sized.
FAIL cell=u_core/core_i/U4285 old=NOR2X4_HVT new=NOR2X2_HVT reason=targeted_NOR2X4_A2_edge_resize_to_X2 msg=0 cell(s) are sized.
FAIL cell=u_core/core_i/U4296 old=NOR2X4_HVT new=NOR2X2_HVT reason=targeted_NOR2X4_A2_edge_resize_to_X2 msg=0 cell(s) are sized.
FAIL cell=u_core/core_i/U4234 old=NOR2X4_HVT new=NOR2X2_HVT reason=targeted_NOR2X4_A2_edge_resize_to_X2 msg=0 cell(s) are sized.
FAIL cell=u_core/core_i/U1897 old=NOR2X4_HVT new=NOR2X2_HVT reason=targeted_NOR2X4_A2_edge_resize_to_X2 msg=0 cell(s) are sized.
FAIL cell=u_core/core_i/U2033 old=NOR2X4_HVT new=NOR2X2_HVT reason=targeted_NOR2X4_A2_edge_resize_to_X2 msg=0 cell(s) are sized.
FAIL cell=u_core/core_i/U2548 old=NOR2X4_HVT new=NOR2X2_HVT reason=targeted_NOR2X4_A2_edge_resize_to_X2 msg=0 cell(s) are sized.
FAIL cell=u_core/core_i/U2618 old=NOR2X4_HVT new=NOR2X2_HVT reason=targeted_NOR2X4_A2_edge_resize_to_X2 msg=0 cell(s) are sized.
FAIL cell=u_core/core_i/U2690 old=NOR2X4_HVT new=NOR2X2_HVT reason=targeted_NOR2X4_A2_edge_resize_to_X2 msg=0 cell(s) are sized.
FAIL cell=u_core/core_i/U2150 old=NOR2X4_HVT new=NOR2X2_HVT reason=targeted_NOR2X4_A2_edge_resize_to_X2 msg=0 cell(s) are sized.
FAIL cell=u_core/core_i/U2470 old=NOR2X4_HVT new=NOR2X2_HVT reason=targeted_NOR2X4_A2_edge_resize_to_X2 msg=0 cell(s) are sized.
FAIL cell=u_core/core_i/U4256 old=NOR2X4_HVT new=NOR2X2_HVT reason=targeted_NOR2X4_A2_edge_resize_to_X2 msg=0 cell(s) are sized.
FAIL cell=u_core/core_i/U937 old=NOR2X4_HVT new=NOR2X2_HVT reason=targeted_NOR2X4_A2_edge_resize_to_X2 msg=0 cell(s) are sized.
FAIL cell=u_core/core_i/U2032 old=NOR2X4_HVT new=NOR2X2_HVT reason=targeted_NOR2X4_A2_edge_resize_to_X2 msg=0 cell(s) are sized.
FAIL cell=u_core/core_i/U927 old=NOR2X4_HVT new=NOR2X2_HVT reason=targeted_NOR2X4_A2_edge_resize_to_X2 msg=0 cell(s) are sized.
FAIL cell=u_core/core_i/U1778 old=NOR2X4_HVT new=NOR2X2_HVT reason=targeted_NOR2X4_A2_edge_resize_to_X2 msg=0 cell(s) are sized.
FAIL cell=u_core/core_i/U3140 old=NOR2X4_HVT new=NOR2X2_HVT reason=targeted_NOR2X4_A2_edge_resize_to_X2 msg=0 cell(s) are sized.
FAIL cell=u_core/core_i/U3879 old=NOR2X4_HVT new=NOR2X2_HVT reason=targeted_NOR2X4_A2_edge_resize_to_X2 msg=0 cell(s) are sized.
FAIL cell=u_core/core_i/U4246 old=NOR2X4_HVT new=NOR2X2_HVT reason=targeted_NOR2X4_A2_edge_resize_to_X2 msg=0 cell(s) are sized.
FAIL cell=u_core/core_i/U4279 old=NOR2X4_HVT new=NOR2X2_HVT reason=targeted_NOR2X4_A2_edge_resize_to_X2 msg=0 cell(s) are sized.
FAIL cell=u_core/core_i/id_stage_i/U178 old=NOR2X4_HVT new=NOR2X2_HVT reason=targeted_NOR2X4_A2_edge_resize_to_X2 msg=0 cell(s) are sized.
FAIL cell=u_core/core_i/U4423 old=NOR2X4_HVT new=NOR2X2_HVT reason=targeted_NOR2X4_A2_edge_resize_to_X2 msg=0 cell(s) are sized.
FAIL cell=u_core/core_i/U1414 old=NOR2X4_HVT new=NOR2X2_HVT reason=targeted_NOR2X4_A2_edge_resize_to_X2 msg=0 cell(s) are sized.
FAIL cell=u_core/core_i/U3800 old=NOR2X4_HVT new=NOR2X2_HVT reason=targeted_NOR2X4_A2_edge_resize_to_X2 msg=0 cell(s) are sized.
FAIL cell=u_core/core_i/U5113 old=NOR2X4_HVT new=NOR2X2_HVT reason=targeted_NOR2X4_A2_edge_resize_to_X2 msg=0 cell(s) are sized.
