****************************************
Report : analysis_coverage
Design : cv32e40p_synth_wrap
Version: W-2024.09-SP5-3
Date   : Sun May 10 12:08:11 2026
****************************************

Type of Check         Total              Met         Violated         Untested
--------------------------------------------------------------------------------
setup                  6390      2130 ( 33%)         0 (  0%)      4260 ( 67%)
hold                   6390      2125 ( 33%)         5 (  0%)      4260 ( 67%)
recovery               2130         0 (  0%)         0 (  0%)      2130 (100%)
removal                2130         0 (  0%)         0 (  0%)      2130 (100%)
min_pulse_width        6464      4334 ( 67%)         0 (  0%)      2130 ( 33%)
clock_gating_setup      148        74 ( 50%)         0 (  0%)        74 ( 50%)
clock_gating_hold       148        74 ( 50%)         0 (  0%)        74 ( 50%)
out_setup               113       111 ( 98%)         0 (  0%)         2 (  2%)
out_hold                113       111 ( 98%)         0 (  0%)         2 (  2%)
--------------------------------------------------------------------------------
All Checks            24026      8959 ( 37%)         5 (  0%)     15062 ( 63%)

1
