****************************************
Report : clock timing
        -type skew
        -nworst 20
        -hold
Design : cv32e40p_synth_wrap
Version: W-2024.09-SP2
Date   : Sat May  9 14:52:51 2026
****************************************

  Mode: default
  Clock: clk_i

  Clock Pin                                          Latency      Skew             Corner
---------------------------------------------------------------------------------------------------
  u_core/core_i/id_stage_i/controller_i/debug_req_q_reg/CLK
                                                        0.03              rp-+    default
  u_core/core_i/id_stage_i/mult_operand_b_ex_o_reg[31]/CLK
                                                        0.35      0.33    rp-+    default

  u_core/core_i/id_stage_i/controller_i/debug_req_q_reg/CLK
                                                        0.03              rp-+    default
  u_core/core_i/id_stage_i/mult_operand_b_ex_o_reg[2]/CLK
                                                        0.35      0.33    rp-+    default

  u_core/core_i/id_stage_i/controller_i/debug_req_q_reg/CLK
                                                        0.03              rp-+    default
  u_core/core_i/id_stage_i/mult_operand_b_ex_o_reg[4]/CLK
                                                        0.35      0.33    rp-+    default

  u_core/core_i/id_stage_i/controller_i/debug_req_q_reg/CLK
                                                        0.03              rp-+    default
  u_core/core_i/id_stage_i/mult_operand_b_ex_o_reg[3]/CLK
                                                        0.35      0.33    rp-+    default

  u_core/core_i/id_stage_i/controller_i/debug_req_q_reg/CLK
                                                        0.03              rp-+    default
  u_core/core_i/id_stage_i/mult_operand_b_ex_o_reg[0]/CLK
                                                        0.35      0.33    rp-+    default

  u_core/core_i/id_stage_i/controller_i/debug_req_q_reg/CLK
                                                        0.03              rp-+    default
  u_core/core_i/id_stage_i/alu_operand_a_ex_o_reg[13]/CLK
                                                        0.35      0.32    rp-+    default

  u_core/core_i/id_stage_i/controller_i/debug_req_q_reg/CLK
                                                        0.03              rp-+    default
  u_core/core_i/id_stage_i/alu_operand_a_ex_o_reg[28]/CLK
                                                        0.35      0.32    rp-+    default

  u_core/core_i/id_stage_i/controller_i/debug_req_q_reg/CLK
                                                        0.03              rp-+    default
  u_core/core_i/id_stage_i/alu_operand_a_ex_o_reg[14]/CLK
                                                        0.35      0.32    rp-+    default

  u_core/core_i/id_stage_i/controller_i/debug_req_q_reg/CLK
                                                        0.03              rp-+    default
  u_core/core_i/id_stage_i/alu_operand_a_ex_o_reg[2]/CLK
                                                        0.35      0.32    rp-+    default

  u_core/core_i/id_stage_i/controller_i/debug_req_q_reg/CLK
                                                        0.03              rp-+    default
  u_core/core_i/id_stage_i/alu_operand_a_ex_o_reg[12]/CLK
                                                        0.35      0.32    rp-+    default

  u_core/core_i/id_stage_i/controller_i/debug_req_q_reg/CLK
                                                        0.03              rp-+    default
  u_core/core_i/id_stage_i/alu_operand_a_ex_o_reg[8]/CLK
                                                        0.35      0.32    rp-+    default

  u_core/core_i/id_stage_i/controller_i/debug_req_q_reg/CLK
                                                        0.03              rp-+    default
  u_core/core_i/id_stage_i/alu_operand_a_ex_o_reg[25]/CLK
                                                        0.35      0.32    rp-+    default

  u_core/core_i/id_stage_i/controller_i/debug_req_q_reg/CLK
                                                        0.03              rp-+    default
  u_core/core_i/id_stage_i/alu_operand_a_ex_o_reg[5]/CLK
                                                        0.35      0.32    rp-+    default

  u_core/core_i/id_stage_i/controller_i/debug_req_q_reg/CLK
                                                        0.03              rp-+    default
  u_core/core_i/id_stage_i/alu_operand_a_ex_o_reg[3]/CLK
                                                        0.35      0.32    rp-+    default

  u_core/core_i/id_stage_i/controller_i/debug_req_q_reg/CLK
                                                        0.03              rp-+    default
  u_core/core_i/id_stage_i/alu_operand_a_ex_o_reg[0]/CLK
                                                        0.35      0.32    rp-+    default

  u_core/core_i/id_stage_i/controller_i/debug_req_q_reg/CLK
                                                        0.03              rp-+    default
  u_core/core_i/id_stage_i/alu_operand_a_ex_o_reg[22]/CLK
                                                        0.35      0.32    rp-+    default

  u_core/core_i/id_stage_i/controller_i/debug_req_q_reg/CLK
                                                        0.03              rp-+    default
  u_core/core_i/id_stage_i/alu_operand_a_ex_o_reg[19]/CLK
                                                        0.35      0.32    rp-+    default

  u_core/core_i/id_stage_i/controller_i/debug_req_q_reg/CLK
                                                        0.03              rp-+    default
  u_core/core_i/id_stage_i/alu_operand_a_ex_o_reg[15]/CLK
                                                        0.35      0.32    rp-+    default

  u_core/core_i/id_stage_i/controller_i/debug_req_q_reg/CLK
                                                        0.03              rp-+    default
  u_core/core_i/id_stage_i/alu_operand_a_ex_o_reg[23]/CLK
                                                        0.35      0.32    rp-+    default

  u_core/core_i/id_stage_i/controller_i/debug_req_q_reg/CLK
                                                        0.03              rp-+    default
  u_core/core_i/id_stage_i/alu_operand_a_ex_o_reg[1]/CLK
                                                        0.35      0.32    rp-+    default

---------------------------------------------------------------------------------------------------
1
