DRC representative marker summary

drc_marker_count=368
representative_count=35

By type/layer:
  Needs fat contact | M1 (11)-M2 (13): 120
  Diff net spacing | M1 (11): 89
  Off-grid | VIA1 (12): 79
  Off-grid | M2 (13): 70
  Less than minimum area | M2 (13): 5
  Off-grid | M1 (11): 3
  Diff net spacing | M2 (13): 2

Top 20um buckets:
  220-240,220-240: 30
  220-240,240-260: 23
  240-260,240-260: 20
  240-260,220-240: 15
  220-240,200-220: 14
  200-220,240-260: 13
  200-220,220-240: 11
  220-240,100-120: 11
  180-200,140-160: 10
  240-260,140-160: 10
  200-220,260-280: 9
  280-300,240-260: 9
  240-260,120-140: 9
  180-200,260-280: 8
  200-220,040-060: 8
  240-260,260-280: 7
  240-260,280-300: 6
  180-200,040-060: 6
  300-320,240-260: 6
  240-260,080-100: 6
