****************************************
Report : Report drc errors
Design : cv32e40p_synth_wrap
Data   : zroute.err
Type   : error_type
Version: W-2024.09-SP2
Date   : Sat May  9 01:17:30 2026
****************************************

ErrorSet                                    Total   Visible     Fixed   Ignored
--------------------------------------------------------------------------------
Design : cv32e40p_synth_wrap                377     377         0       0
      Data : zroute.err                     377     377         0       0
            Diff net spacing                129     129         0       0
                M1 (11)                     129     129         0       0
            Less than minimum area          1       1           0       0
                M2 (13)                     1       1           0       0
            Needs fat contact               79      79          0       0
                M1 (11)-M2 (13)             79      79          0       0
            Off-grid                        166     166         0       0
                M1 (11)                     3       3           0       0
                M2 (13)                     81      81          0       0
                VIA1 (12)                   82      82          0       0
            Same net spacing                1       1           0       0
                M4 (17)                     1       1           0       0
            Short                           1       1           0       0
                M1 (11)                     1       1           0       0
1
