****************************************
Report : Report drc errors
Design : cv32e40p_synth_wrap
Data   : zroute.err
Type   : detailed
Version: W-2024.09-SP2
Date   : Sat May  9 01:17:30 2026
****************************************

Error ID          : 0
Error Type        : Diff net spacing
Error Layer       : M1 (11)
Number of errors  : 129
Description       :  -- 
Status            : error
Bbox              : {125.2560 22.1750} {125.4160 22.2580}

Error ID          : 2
Error Type        : Diff net spacing
Error Layer       : M1 (11)
Number of errors  : 129
Description       :  -- 
Status            : error
Bbox              : {220.5600 32.2070} {220.7200 32.2900}

Error ID          : 6
Error Type        : Diff net spacing
Error Layer       : M1 (11)
Number of errors  : 129
Description       :  -- 
Status            : error
Bbox              : {198.3680 45.5830} {198.5280 45.6660}

Error ID          : 12
Error Type        : Diff net spacing
Error Layer       : M1 (11)
Number of errors  : 129
Description       :  -- 
Status            : error
Bbox              : {102.3040 47.8380} {102.4640 47.9210}

Error ID          : 15
Error Type        : Diff net spacing
Error Layer       : M1 (11)
Number of errors  : 129
Description       :  -- 
Status            : error
Bbox              : {198.5200 48.9270} {198.6800 49.0100}

Error ID          : 21
Error Type        : Diff net spacing
Error Layer       : M1 (11)
Number of errors  : 129
Description       :  -- 
Status            : error
Bbox              : {205.3600 55.6150} {205.5200 55.6980}

Error ID          : 22
Error Type        : Diff net spacing
Error Layer       : M1 (11)
Number of errors  : 129
Description       :  -- 
Status            : error
Bbox              : {196.8480 61.2140} {197.0080 61.2970}

Error ID          : 23
Error Type        : Diff net spacing
Error Layer       : M1 (11)
Number of errors  : 129
Description       :  -- 
Status            : error
Bbox              : {287.1360 64.5580} {287.2960 64.6410}

Error ID          : 26
Error Type        : Diff net spacing
Error Layer       : M1 (11)
Number of errors  : 129
Description       :  -- 
Status            : error
Bbox              : {195.4800 81.2780} {195.6400 81.3610}

Error ID          : 27
Error Type        : Diff net spacing
Error Layer       : M1 (11)
Number of errors  : 129
Description       :  -- 
Status            : error
Bbox              : {197.4560 79.0230} {197.6160 79.1060}

Error ID          : 28
Error Type        : Diff net spacing
Error Layer       : M1 (11)
Number of errors  : 129
Description       :  -- 
Status            : error
Bbox              : {216.7600 81.2780} {216.9200 81.3610}

Error ID          : 29
Error Type        : Diff net spacing
Error Layer       : M1 (11)
Number of errors  : 129
Description       :  -- 
Status            : error
Bbox              : {221.6240 81.2780} {221.7840 81.3610}

Error ID          : 32
Error Type        : Diff net spacing
Error Layer       : M1 (11)
Number of errors  : 129
Description       :  -- 
Status            : error
Bbox              : {153.9840 85.7110} {154.1440 85.7940}

Error ID          : 33
Error Type        : Diff net spacing
Error Layer       : M1 (11)
Number of errors  : 129
Description       :  -- 
Status            : error
Bbox              : {166.6000 82.3670} {166.7600 82.4500}

Error ID          : 34
Error Type        : Diff net spacing
Error Layer       : M1 (11)
Number of errors  : 129
Description       :  -- 
Status            : error
Bbox              : {165.8400 89.0550} {166.0000 89.1380}

Error ID          : 35
Error Type        : Diff net spacing
Error Layer       : M1 (11)
Number of errors  : 129
Description       :  -- 
Status            : error
Bbox              : {172.6800 85.7110} {172.8400 85.7940}

Error ID          : 36
Error Type        : Diff net spacing
Error Layer       : M1 (11)
Number of errors  : 129
Description       :  -- 
Status            : error
Bbox              : {172.8320 84.6220} {172.9920 84.7050}

Error ID          : 39
Error Type        : Diff net spacing
Error Layer       : M1 (11)
Number of errors  : 129
Description       :  -- 
Status            : error
Bbox              : {229.0720 89.0550} {229.2320 89.1380}

Error ID          : 44
Error Type        : Diff net spacing
Error Layer       : M1 (11)
Number of errors  : 129
Description       :  -- 
Status            : error
Bbox              : {88.3200 94.6540} {88.4800 94.7370}

Error ID          : 55
Error Type        : Diff net spacing
Error Layer       : M1 (11)
Number of errors  : 129
Description       :  -- 
Status            : error
Bbox              : {192.7440 114.7180} {192.9040 114.8010}

Error ID          : 61
Error Type        : Diff net spacing
Error Layer       : M1 (11)
Number of errors  : 129
Description       :  -- 
Status            : error
Bbox              : {232.2640 109.1190} {232.4240 109.2020}

Error ID          : 62
Error Type        : Diff net spacing
Error Layer       : M1 (11)
Number of errors  : 129
Description       :  -- 
Status            : error
Bbox              : {36.9440 125.8390} {37.1040 125.9220}

Error ID          : 65
Error Type        : Diff net spacing
Error Layer       : M1 (11)
Number of errors  : 129
Description       :  -- 
Status            : error
Bbox              : {198.8240 119.1510} {198.9840 119.2340}

Error ID          : 66
Error Type        : Diff net spacing
Error Layer       : M1 (11)
Number of errors  : 129
Description       :  -- 
Status            : error
Bbox              : {233.3280 119.1510} {233.4880 119.2340}

Error ID          : 67
Error Type        : Diff net spacing
Error Layer       : M1 (11)
Number of errors  : 129
Description       :  -- 
Status            : error
Bbox              : {238.1920 122.4950} {238.3520 122.5780}

Error ID          : 68
Error Type        : Diff net spacing
Error Layer       : M1 (11)
Number of errors  : 129
Description       :  -- 
Status            : error
Bbox              : {231.5040 121.4060} {231.6640 121.4890}

Error ID          : 71
Error Type        : Diff net spacing
Error Layer       : M1 (11)
Number of errors  : 129
Description       :  -- 
Status            : error
Bbox              : {248.2240 124.7500} {248.3840 124.8330}

Error ID          : 74
Error Type        : Diff net spacing
Error Layer       : M1 (11)
Number of errors  : 129
Description       :  -- 
Status            : error
Bbox              : {257.1920 129.1830} {257.3520 129.2660}

Error ID          : 76
Error Type        : Diff net spacing
Error Layer       : M1 (11)
Number of errors  : 129
Description       :  -- 
Status            : error
Bbox              : {199.2800 142.5590} {199.4400 142.6420}

Error ID          : 77
Error Type        : Diff net spacing
Error Layer       : M1 (11)
Number of errors  : 129
Description       :  -- 
Status            : error
Bbox              : {192.2880 135.8710} {192.4480 135.9540}

Error ID          : 79
Error Type        : Diff net spacing
Error Layer       : M1 (11)
Number of errors  : 129
Description       :  -- 
Status            : error
Bbox              : {252.0240 135.8710} {252.1840 135.9540}

Error ID          : 84
Error Type        : Diff net spacing
Error Layer       : M1 (11)
Number of errors  : 129
Description       :  -- 
Status            : error
Bbox              : {190.4640 148.1580} {190.6240 148.2410}

Error ID          : 90
Error Type        : Diff net spacing
Error Layer       : M1 (11)
Number of errors  : 129
Description       :  -- 
Status            : error
Bbox              : {239.2560 148.1580} {239.4160 148.2410}

Error ID          : 91
Error Type        : Diff net spacing
Error Layer       : M1 (11)
Number of errors  : 129
Description       :  -- 
Status            : error
Bbox              : {238.6480 144.8140} {238.8080 144.8970}

Error ID          : 92
Error Type        : Diff net spacing
Error Layer       : M1 (11)
Number of errors  : 129
Description       :  -- 
Status            : error
Bbox              : {243.3600 154.8460} {243.5200 154.9290}

Error ID          : 93
Error Type        : Diff net spacing
Error Layer       : M1 (11)
Number of errors  : 129
Description       :  -- 
Status            : error
Bbox              : {247.7680 151.5020} {247.9280 151.5850}

Error ID          : 94
Error Type        : Diff net spacing
Error Layer       : M1 (11)
Number of errors  : 129
Description       :  -- 
Status            : error
Bbox              : {245.7920 148.1580} {245.9520 148.2410}

Error ID          : 95
Error Type        : Diff net spacing
Error Layer       : M1 (11)
Number of errors  : 129
Description       :  -- 
Status            : error
Bbox              : {249.2880 152.5910} {249.4480 152.6740}

Error ID          : 96
Error Type        : Diff net spacing
Error Layer       : M1 (11)
Number of errors  : 129
Description       :  -- 
Status            : error
Bbox              : {247.0080 152.5910} {247.1680 152.6740}

Error ID          : 97
Error Type        : Diff net spacing
Error Layer       : M1 (11)
Number of errors  : 129
Description       :  -- 
Status            : error
Bbox              : {245.6400 152.5910} {245.8000 152.6740}

Error ID          : 102
Error Type        : Diff net spacing
Error Layer       : M1 (11)
Number of errors  : 129
Description       :  -- 
Status            : error
Bbox              : {173.4400 165.9670} {173.6000 166.0500}

Error ID          : 104
Error Type        : Diff net spacing
Error Layer       : M1 (11)
Number of errors  : 129
Description       :  -- 
Status            : error
Bbox              : {188.6400 159.2790} {188.8000 159.3620}

Error ID          : 107
Error Type        : Diff net spacing
Error Layer       : M1 (11)
Number of errors  : 129
Description       :  -- 
Status            : error
Bbox              : {192.4400 155.9350} {192.6000 156.0180}

Error ID          : 110
Error Type        : Diff net spacing
Error Layer       : M1 (11)
Number of errors  : 129
Description       :  -- 
Status            : error
Bbox              : {248.2240 159.2790} {248.3840 159.3620}

Error ID          : 111
Error Type        : Diff net spacing
Error Layer       : M1 (11)
Number of errors  : 129
Description       :  -- 
Status            : error
Bbox              : {245.1840 158.1900} {245.3440 158.2730}

Error ID          : 114
Error Type        : Diff net spacing
Error Layer       : M1 (11)
Number of errors  : 129
Description       :  -- 
Status            : error
Bbox              : {247.0080 159.2790} {247.1680 159.3620}

Error ID          : 115
Error Type        : Diff net spacing
Error Layer       : M1 (11)
Number of errors  : 129
Description       :  -- 
Status            : error
Bbox              : {249.2880 155.9350} {249.4480 156.0180}

Error ID          : 116
Error Type        : Diff net spacing
Error Layer       : M1 (11)
Number of errors  : 129
Description       :  -- 
Status            : error
Bbox              : {172.6800 171.5660} {172.8400 171.6490}

Error ID          : 142
Error Type        : Diff net spacing
Error Layer       : M1 (11)
Number of errors  : 129
Description       :  -- 
Status            : error
Bbox              : {20.8320 212.7830} {20.9920 212.8660}

Error ID          : 151
Error Type        : Diff net spacing
Error Layer       : M1 (11)
Number of errors  : 129
Description       :  -- 
Status            : error
Bbox              : {20.6800 216.1270} {20.8400 216.2100}

Error ID          : 152
Error Type        : Diff net spacing
Error Layer       : M1 (11)
Number of errors  : 129
Description       :  -- 
Status            : error
Bbox              : {26.0000 218.3820} {26.1600 218.4650}

Error ID          : 153
Error Type        : Diff net spacing
Error Layer       : M1 (11)
Number of errors  : 129
Description       :  -- 
Status            : error
Bbox              : {26.6080 216.1270} {26.7680 216.2100}

Error ID          : 154
Error Type        : Diff net spacing
Error Layer       : M1 (11)
Number of errors  : 129
Description       :  -- 
Status            : error
Bbox              : {23.8720 221.7260} {24.0320 221.8090}

Error ID          : 155
Error Type        : Diff net spacing
Error Layer       : M1 (11)
Number of errors  : 129
Description       :  -- 
Status            : error
Bbox              : {22.0480 222.8150} {22.2080 222.8980}

Error ID          : 173
Error Type        : Diff net spacing
Error Layer       : M1 (11)
Number of errors  : 129
Description       :  -- 
Status            : error
Bbox              : {258.7120 222.8150} {258.8720 222.8980}

Error ID          : 174
Error Type        : Diff net spacing
Error Layer       : M1 (11)
Number of errors  : 129
Description       :  -- 
Status            : error
Bbox              : {20.5280 229.5030} {20.6880 229.5860}

Error ID          : 177
Error Type        : Diff net spacing
Error Layer       : M1 (11)
Number of errors  : 129
Description       :  -- 
Status            : error
Bbox              : {192.8960 239.5350} {193.0560 239.6180}

Error ID          : 178
Error Type        : Diff net spacing
Error Layer       : M1 (11)
Number of errors  : 129
Description       :  -- 
Status            : error
Bbox              : {199.2800 232.8470} {199.4400 232.9300}

Error ID          : 179
Error Type        : Diff net spacing
Error Layer       : M1 (11)
Number of errors  : 129
Description       :  -- 
Status            : error
Bbox              : {202.6240 228.4140} {202.7840 228.4970}

Error ID          : 180
Error Type        : Diff net spacing
Error Layer       : M1 (11)
Number of errors  : 129
Description       :  -- 
Status            : error
Bbox              : {201.1040 235.1020} {201.2640 235.1850}

Error ID          : 181
Error Type        : Diff net spacing
Error Layer       : M1 (11)
Number of errors  : 129
Description       :  -- 
Status            : error
Bbox              : {201.4080 228.4140} {201.5680 228.4970}

Error ID          : 187
Error Type        : Diff net spacing
Error Layer       : M1 (11)
Number of errors  : 129
Description       :  -- 
Status            : error
Bbox              : {224.2080 238.4460} {224.3680 238.5290}

Error ID          : 190
Error Type        : Diff net spacing
Error Layer       : M1 (11)
Number of errors  : 129
Description       :  -- 
Status            : error
Bbox              : {216.6080 236.1910} {216.7680 236.2740}

Error ID          : 191
Error Type        : Diff net spacing
Error Layer       : M1 (11)
Number of errors  : 129
Description       :  -- 
Status            : error
Bbox              : {216.7600 231.7580} {216.9200 231.8410}

Error ID          : 192
Error Type        : Diff net spacing
Error Layer       : M1 (11)
Number of errors  : 129
Description       :  -- 
Status            : error
Bbox              : {219.1920 231.7580} {219.3520 231.8410}

Error ID          : 193
Error Type        : Diff net spacing
Error Layer       : M1 (11)
Number of errors  : 129
Description       :  -- 
Status            : error
Bbox              : {221.3200 231.7580} {221.4800 231.8410}

Error ID          : 194
Error Type        : Diff net spacing
Error Layer       : M1 (11)
Number of errors  : 129
Description       :  -- 
Status            : error
Bbox              : {220.5600 236.1910} {220.7200 236.2740}

Error ID          : 195
Error Type        : Diff net spacing
Error Layer       : M1 (11)
Number of errors  : 129
Description       :  -- 
Status            : error
Bbox              : {220.5600 239.5350} {220.7200 239.6180}

Error ID          : 196
Error Type        : Diff net spacing
Error Layer       : M1 (11)
Number of errors  : 129
Description       :  -- 
Status            : error
Bbox              : {222.9920 236.1910} {223.1520 236.2740}

Error ID          : 221
Error Type        : Diff net spacing
Error Layer       : M1 (11)
Number of errors  : 129
Description       :  -- 
Status            : error
Bbox              : {257.6480 239.5350} {257.8080 239.6180}

Error ID          : 224
Error Type        : Diff net spacing
Error Layer       : M1 (11)
Number of errors  : 129
Description       :  -- 
Status            : error
Bbox              : {261.6000 236.1910} {261.7600 236.2740}

Error ID          : 225
Error Type        : Diff net spacing
Error Layer       : M1 (11)
Number of errors  : 129
Description       :  -- 
Status            : error
Bbox              : {282.2720 236.1910} {282.4320 236.2740}

Error ID          : 226
Error Type        : Diff net spacing
Error Layer       : M1 (11)
Number of errors  : 129
Description       :  -- 
Status            : error
Bbox              : {278.1680 239.5350} {278.3280 239.6180}

Error ID          : 235
Error Type        : Diff net spacing
Error Layer       : M1 (11)
Number of errors  : 129
Description       :  -- 
Status            : error
Bbox              : {182.8640 249.5670} {183.0240 249.6500}

Error ID          : 236
Error Type        : Diff net spacing
Error Layer       : M1 (11)
Number of errors  : 129
Description       :  -- 
Status            : error
Bbox              : {215.0880 242.8790} {215.2480 242.9620}

Error ID          : 237
Error Type        : Diff net spacing
Error Layer       : M1 (11)
Number of errors  : 129
Description       :  -- 
Status            : error
Bbox              : {210.6800 246.2230} {210.8400 246.3060}

Error ID          : 238
Error Type        : Diff net spacing
Error Layer       : M1 (11)
Number of errors  : 129
Description       :  -- 
Status            : error
Bbox              : {215.5440 246.2230} {215.7040 246.3060}

Error ID          : 239
Error Type        : Diff net spacing
Error Layer       : M1 (11)
Number of errors  : 129
Description       :  -- 
Status            : error
Bbox              : {215.3920 251.8220} {215.5520 251.9050}

Error ID          : 244
Error Type        : Diff net spacing
Error Layer       : M1 (11)
Number of errors  : 129
Description       :  -- 
Status            : error
Bbox              : {225.4240 241.7900} {225.5840 241.8730}

Error ID          : 245
Error Type        : Diff net spacing
Error Layer       : M1 (11)
Number of errors  : 129
Description       :  -- 
Status            : error
Bbox              : {226.3360 242.8790} {226.4960 242.9620}

Error ID          : 246
Error Type        : Diff net spacing
Error Layer       : M1 (11)
Number of errors  : 129
Description       :  -- 
Status            : error
Bbox              : {217.0640 242.8790} {217.2240 242.9620}

Error ID          : 247
Error Type        : Diff net spacing
Error Layer       : M1 (11)
Number of errors  : 129
Description       :  -- 
Status            : error
Bbox              : {220.5600 245.1340} {220.7200 245.2170}

Error ID          : 248
Error Type        : Diff net spacing
Error Layer       : M1 (11)
Number of errors  : 129
Description       :  -- 
Status            : error
Bbox              : {216.3040 245.1340} {216.4640 245.2170}

Error ID          : 253
Error Type        : Diff net spacing
Error Layer       : M1 (11)
Number of errors  : 129
Description       :  -- 
Status            : error
Bbox              : {230.8960 249.5670} {231.0560 249.6500}

Error ID          : 254
Error Type        : Diff net spacing
Error Layer       : M1 (11)
Number of errors  : 129
Description       :  -- 
Status            : error
Bbox              : {231.6560 245.1340} {231.8160 245.2170}

Error ID          : 255
Error Type        : Diff net spacing
Error Layer       : M1 (11)
Number of errors  : 129
Description       :  -- 
Status            : error
Bbox              : {230.8960 242.8790} {231.0560 242.9620}

Error ID          : 256
Error Type        : Diff net spacing
Error Layer       : M1 (11)
Number of errors  : 129
Description       :  -- 
Status            : error
Bbox              : {229.0720 242.8790} {229.2320 242.9620}

Error ID          : 257
Error Type        : Diff net spacing
Error Layer       : M1 (11)
Number of errors  : 129
Description       :  -- 
Status            : error
Bbox              : {230.1360 246.2230} {230.2960 246.3060}

Error ID          : 258
Error Type        : Diff net spacing
Error Layer       : M1 (11)
Number of errors  : 129
Description       :  -- 
Status            : error
Bbox              : {232.4160 248.4780} {232.5760 248.5610}

Error ID          : 278
Error Type        : Diff net spacing
Error Layer       : M1 (11)
Number of errors  : 129
Description       :  -- 
Status            : error
Bbox              : {276.3440 251.8220} {276.5040 251.9050}

Error ID          : 279
Error Type        : Diff net spacing
Error Layer       : M1 (11)
Number of errors  : 129
Description       :  -- 
Status            : error
Bbox              : {280.9040 241.7900} {281.0640 241.8730}

Error ID          : 280
Error Type        : Diff net spacing
Error Layer       : M1 (11)
Number of errors  : 129
Description       :  -- 
Status            : error
Bbox              : {291.6960 242.8790} {291.8560 242.9620}

Error ID          : 281
Error Type        : Diff net spacing
Error Layer       : M1 (11)
Number of errors  : 129
Description       :  -- 
Status            : error
Bbox              : {289.7200 245.1340} {289.8800 245.2170}

Error ID          : 282
Error Type        : Diff net spacing
Error Layer       : M1 (11)
Number of errors  : 129
Description       :  -- 
Status            : error
Bbox              : {290.4800 242.8790} {290.6400 242.9620}

Error ID          : 286
Error Type        : Diff net spacing
Error Layer       : M1 (11)
Number of errors  : 129
Description       :  -- 
Status            : error
Bbox              : {306.2880 245.1340} {306.4480 245.2170}

Error ID          : 287
Error Type        : Diff net spacing
Error Layer       : M1 (11)
Number of errors  : 129
Description       :  -- 
Status            : error
Bbox              : {305.0720 245.1340} {305.2320 245.2170}

Error ID          : 293
Error Type        : Diff net spacing
Error Layer       : M1 (11)
Number of errors  : 129
Description       :  -- 
Status            : error
Bbox              : {194.7200 255.1660} {194.8800 255.2490}

Error ID          : 294
Error Type        : Diff net spacing
Error Layer       : M1 (11)
Number of errors  : 129
Description       :  -- 
Status            : error
Bbox              : {197.7600 255.1660} {197.9200 255.2490}

Error ID          : 295
Error Type        : Diff net spacing
Error Layer       : M1 (11)
Number of errors  : 129
Description       :  -- 
Status            : error
Bbox              : {214.4800 261.8540} {214.6400 261.9370}

Error ID          : 296
Error Type        : Diff net spacing
Error Layer       : M1 (11)
Number of errors  : 129
Description       :  -- 
Status            : error
Bbox              : {214.9360 258.5100} {215.0960 258.5930}

Error ID          : 297
Error Type        : Diff net spacing
Error Layer       : M1 (11)
Number of errors  : 129
Description       :  -- 
Status            : error
Bbox              : {205.5120 259.5990} {205.6720 259.6820}

Error ID          : 300
Error Type        : Diff net spacing
Error Layer       : M1 (11)
Number of errors  : 129
Description       :  -- 
Status            : error
Bbox              : {219.1920 256.2550} {219.3520 256.3380}

Error ID          : 307
Error Type        : Diff net spacing
Error Layer       : M1 (11)
Number of errors  : 129
Description       :  -- 
Status            : error
Bbox              : {233.9360 259.5990} {234.0960 259.6820}

Error ID          : 312
Error Type        : Diff net spacing
Error Layer       : M1 (11)
Number of errors  : 129
Description       :  -- 
Status            : error
Bbox              : {276.0400 252.9110} {276.2000 252.9940}

Error ID          : 313
Error Type        : Diff net spacing
Error Layer       : M1 (11)
Number of errors  : 129
Description       :  -- 
Status            : error
Bbox              : {276.6480 256.2550} {276.8080 256.3380}

Error ID          : 314
Error Type        : Diff net spacing
Error Layer       : M1 (11)
Number of errors  : 129
Description       :  -- 
Status            : error
Bbox              : {277.7120 259.5990} {277.8720 259.6820}

Error ID          : 315
Error Type        : Diff net spacing
Error Layer       : M1 (11)
Number of errors  : 129
Description       :  -- 
Status            : error
Bbox              : {278.6240 258.5100} {278.7840 258.5930}

Error ID          : 316
Error Type        : Diff net spacing
Error Layer       : M1 (11)
Number of errors  : 129
Description       :  -- 
Status            : error
Bbox              : {284.8560 259.5990} {285.0160 259.6820}

Error ID          : 317
Error Type        : Diff net spacing
Error Layer       : M1 (11)
Number of errors  : 129
Description       :  -- 
Status            : error
Bbox              : {283.6400 259.5990} {283.8000 259.6820}

Error ID          : 331
Error Type        : Diff net spacing
Error Layer       : M1 (11)
Number of errors  : 129
Description       :  -- 
Status            : error
Bbox              : {166.2960 276.3190} {166.4560 276.4020}

Error ID          : 336
Error Type        : Diff net spacing
Error Layer       : M1 (11)
Number of errors  : 129
Description       :  -- 
Status            : error
Bbox              : {188.9440 266.2870} {189.1040 266.3700}

Error ID          : 337
Error Type        : Diff net spacing
Error Layer       : M1 (11)
Number of errors  : 129
Description       :  -- 
Status            : error
Bbox              : {189.4000 265.1980} {189.5600 265.2810}

Error ID          : 339
Error Type        : Diff net spacing
Error Layer       : M1 (11)
Number of errors  : 129
Description       :  -- 
Status            : error
Bbox              : {202.4720 269.6310} {202.6320 269.7140}

Error ID          : 340
Error Type        : Diff net spacing
Error Layer       : M1 (11)
Number of errors  : 129
Description       :  -- 
Status            : error
Bbox              : {201.7120 271.8860} {201.8720 271.9690}

Error ID          : 343
Error Type        : Diff net spacing
Error Layer       : M1 (11)
Number of errors  : 129
Description       :  -- 
Status            : error
Bbox              : {227.4000 275.2300} {227.5600 275.3130}

Error ID          : 344
Error Type        : Diff net spacing
Error Layer       : M1 (11)
Number of errors  : 129
Description       :  -- 
Status            : error
Bbox              : {220.5600 272.9750} {220.7200 273.0580}

Error ID          : 345
Error Type        : Diff net spacing
Error Layer       : M1 (11)
Number of errors  : 129
Description       :  -- 
Status            : error
Bbox              : {229.6800 272.9750} {229.8400 273.0580}

Error ID          : 353
Error Type        : Diff net spacing
Error Layer       : M1 (11)
Number of errors  : 129
Description       :  -- 
Status            : error
Bbox              : {162.6480 279.6630} {162.8080 279.7460}

Error ID          : 355
Error Type        : Diff net spacing
Error Layer       : M1 (11)
Number of errors  : 129
Description       :  -- 
Status            : error
Bbox              : {214.4800 278.5740} {214.6400 278.6570}

Error ID          : 356
Error Type        : Diff net spacing
Error Layer       : M1 (11)
Number of errors  : 129
Description       :  -- 
Status            : error
Bbox              : {227.5520 278.5740} {227.7120 278.6570}

Error ID          : 357
Error Type        : Diff net spacing
Error Layer       : M1 (11)
Number of errors  : 129
Description       :  -- 
Status            : error
Bbox              : {219.1920 279.6630} {219.3520 279.7460}

Error ID          : 358
Error Type        : Diff net spacing
Error Layer       : M1 (11)
Number of errors  : 129
Description       :  -- 
Status            : error
Bbox              : {231.6560 279.6630} {231.8160 279.7460}

Error ID          : 359
Error Type        : Diff net spacing
Error Layer       : M1 (11)
Number of errors  : 129
Description       :  -- 
Status            : error
Bbox              : {249.7440 281.9180} {249.9040 282.0010}

Error ID          : 360
Error Type        : Diff net spacing
Error Layer       : M1 (11)
Number of errors  : 129
Description       :  -- 
Status            : error
Bbox              : {258.5600 286.3510} {258.7200 286.4340}

Error ID          : 361
Error Type        : Diff net spacing
Error Layer       : M1 (11)
Number of errors  : 129
Description       :  -- 
Status            : error
Bbox              : {256.8880 285.2620} {257.0480 285.3450}

Error ID          : 362
Error Type        : Diff net spacing
Error Layer       : M1 (11)
Number of errors  : 129
Description       :  -- 
Status            : error
Bbox              : {257.9520 281.9180} {258.1120 282.0010}

Error ID          : 373
Error Type        : Diff net spacing
Error Layer       : M1 (11)
Number of errors  : 129
Description       :  -- 
Status            : error
Bbox              : {249.4400 293.0390} {249.6000 293.1220}

Error ID          : 374
Error Type        : Diff net spacing
Error Layer       : M1 (11)
Number of errors  : 129
Description       :  -- 
Status            : error
Bbox              : {247.0080 291.9500} {247.1680 292.0330}

Error ID          : 375
Error Type        : Diff net spacing
Error Layer       : M1 (11)
Number of errors  : 129
Description       :  -- 
Status            : error
Bbox              : {259.3200 291.9500} {259.4800 292.0330}

Error ID          : 1
Error Type        : Needs fat contact
Error Layer       : M1 (11)-M2 (13)
Number of errors  : 79
Description       :  -- 
Status            : error
Bbox              : {192.3380 29.0650} {192.3980 29.1750}

Error ID          : 3
Error Type        : Needs fat contact
Error Layer       : M1 (11)-M2 (13)
Number of errors  : 79
Description       :  -- 
Status            : error
Bbox              : {70.8900 37.5770} {70.9500 37.6870}

Error ID          : 4
Error Type        : Needs fat contact
Error Layer       : M1 (11)-M2 (13)
Number of errors  : 79
Description       :  -- 
Status            : error
Bbox              : {190.5140 35.7530} {190.5740 35.8630}

Error ID          : 5
Error Type        : Needs fat contact
Error Layer       : M1 (11)-M2 (13)
Number of errors  : 79
Description       :  -- 
Status            : error
Bbox              : {190.8180 40.9210} {190.8780 41.0310}

Error ID          : 7
Error Type        : Needs fat contact
Error Layer       : M1 (11)-M2 (13)
Number of errors  : 79
Description       :  -- 
Status            : error
Bbox              : {194.4660 37.5770} {194.5260 37.6870}

Error ID          : 13
Error Type        : Needs fat contact
Error Layer       : M1 (11)-M2 (13)
Number of errors  : 79
Description       :  -- 
Status            : error
Bbox              : {119.3780 57.6410} {119.4380 57.7510}

Error ID          : 14
Error Type        : Needs fat contact
Error Layer       : M1 (11)-M2 (13)
Number of errors  : 79
Description       :  -- 
Status            : error
Bbox              : {191.2740 57.6410} {191.3340 57.7510}

Error ID          : 16
Error Type        : Needs fat contact
Error Layer       : M1 (11)-M2 (13)
Number of errors  : 79
Description       :  -- 
Status            : error
Bbox              : {192.3380 54.2970} {192.3980 54.4070}

Error ID          : 24
Error Type        : Needs fat contact
Error Layer       : M1 (11)-M2 (13)
Number of errors  : 79
Description       :  -- 
Status            : error
Bbox              : {40.6420 81.0490} {40.7020 81.1590}

Error ID          : 40
Error Type        : Needs fat contact
Error Layer       : M1 (11)-M2 (13)
Number of errors  : 79
Description       :  -- 
Status            : error
Bbox              : {250.5540 91.0810} {250.6140 91.1910}

Error ID          : 43
Error Type        : Needs fat contact
Error Layer       : M1 (11)-M2 (13)
Number of errors  : 79
Description       :  -- 
Status            : error
Bbox              : {42.1620 102.6330} {42.2220 102.7430}

Error ID          : 45
Error Type        : Needs fat contact
Error Layer       : M1 (11)-M2 (13)
Number of errors  : 79
Description       :  -- 
Status            : error
Bbox              : {235.8100 97.7690} {235.8700 97.8790}

Error ID          : 46
Error Type        : Needs fat contact
Error Layer       : M1 (11)-M2 (13)
Number of errors  : 79
Description       :  -- 
Status            : error
Bbox              : {238.3940 105.9770} {238.4540 106.0870}

Error ID          : 47
Error Type        : Needs fat contact
Error Layer       : M1 (11)-M2 (13)
Number of errors  : 79
Description       :  -- 
Status            : error
Bbox              : {237.6340 102.6330} {237.6940 102.7430}

Error ID          : 48
Error Type        : Needs fat contact
Error Layer       : M1 (11)-M2 (13)
Number of errors  : 79
Description       :  -- 
Status            : error
Bbox              : {247.6660 94.4250} {247.7260 94.5350}

Error ID          : 49
Error Type        : Needs fat contact
Error Layer       : M1 (11)-M2 (13)
Number of errors  : 79
Description       :  -- 
Status            : error
Bbox              : {244.4740 99.2890} {244.5340 99.3990}

Error ID          : 50
Error Type        : Needs fat contact
Error Layer       : M1 (11)-M2 (13)
Number of errors  : 79
Description       :  -- 
Status            : error
Bbox              : {244.6260 101.1130} {244.6860 101.2230}

Error ID          : 51
Error Type        : Needs fat contact
Error Layer       : M1 (11)-M2 (13)
Number of errors  : 79
Description       :  -- 
Status            : error
Bbox              : {240.6740 99.2890} {240.7340 99.3990}

Error ID          : 52
Error Type        : Needs fat contact
Error Layer       : M1 (11)-M2 (13)
Number of errors  : 79
Description       :  -- 
Status            : error
Bbox              : {294.9380 94.4250} {294.9980 94.5350}

Error ID          : 56
Error Type        : Needs fat contact
Error Layer       : M1 (11)-M2 (13)
Number of errors  : 79
Description       :  -- 
Status            : error
Bbox              : {223.9540 107.8010} {224.0140 107.9110}

Error ID          : 59
Error Type        : Needs fat contact
Error Layer       : M1 (11)-M2 (13)
Number of errors  : 79
Description       :  -- 
Status            : error
Bbox              : {226.3860 107.8010} {226.4460 107.9110}

Error ID          : 60
Error Type        : Needs fat contact
Error Layer       : M1 (11)-M2 (13)
Number of errors  : 79
Description       :  -- 
Status            : error
Bbox              : {227.6020 107.8010} {227.6620 107.9110}

Error ID          : 78
Error Type        : Needs fat contact
Error Layer       : M1 (11)-M2 (13)
Number of errors  : 79
Description       :  -- 
Status            : error
Bbox              : {211.7940 142.7610} {211.8540 142.8710}

Error ID          : 87
Error Type        : Needs fat contact
Error Layer       : M1 (11)-M2 (13)
Number of errors  : 79
Description       :  -- 
Status            : error
Bbox              : {198.8740 154.6170} {198.9340 154.7270}

Error ID          : 103
Error Type        : Needs fat contact
Error Layer       : M1 (11)-M2 (13)
Number of errors  : 79
Description       :  -- 
Status            : error
Bbox              : {185.0420 156.1370} {185.1020 156.2470}

Error ID          : 105
Error Type        : Needs fat contact
Error Layer       : M1 (11)-M2 (13)
Number of errors  : 79
Description       :  -- 
Status            : error
Bbox              : {183.8260 157.9610} {183.8860 158.0710}

Error ID          : 106
Error Type        : Needs fat contact
Error Layer       : M1 (11)-M2 (13)
Number of errors  : 79
Description       :  -- 
Status            : error
Bbox              : {183.0660 164.6490} {183.1260 164.7590}

Error ID          : 112
Error Type        : Needs fat contact
Error Layer       : M1 (11)-M2 (13)
Number of errors  : 79
Description       :  -- 
Status            : error
Bbox              : {242.3460 164.6490} {242.4060 164.7590}

Error ID          : 113
Error Type        : Needs fat contact
Error Layer       : M1 (11)-M2 (13)
Number of errors  : 79
Description       :  -- 
Status            : error
Bbox              : {244.3220 166.1690} {244.3820 166.2790}

Error ID          : 119
Error Type        : Needs fat contact
Error Layer       : M1 (11)-M2 (13)
Number of errors  : 79
Description       :  -- 
Status            : error
Bbox              : {238.8500 174.6810} {238.9100 174.7910}

Error ID          : 120
Error Type        : Needs fat contact
Error Layer       : M1 (11)-M2 (13)
Number of errors  : 79
Description       :  -- 
Status            : error
Bbox              : {239.1540 171.3370} {239.2140 171.4470}

Error ID          : 121
Error Type        : Needs fat contact
Error Layer       : M1 (11)-M2 (13)
Number of errors  : 79
Description       :  -- 
Status            : error
Bbox              : {246.6020 172.8570} {246.6620 172.9670}

Error ID          : 126
Error Type        : Needs fat contact
Error Layer       : M1 (11)-M2 (13)
Number of errors  : 79
Description       :  -- 
Status            : error
Bbox              : {200.8500 192.9210} {200.9100 193.0310}

Error ID          : 127
Error Type        : Needs fat contact
Error Layer       : M1 (11)-M2 (13)
Number of errors  : 79
Description       :  -- 
Status            : error
Bbox              : {207.9940 199.6090} {208.0540 199.7190}

Error ID          : 128
Error Type        : Needs fat contact
Error Layer       : M1 (11)-M2 (13)
Number of errors  : 79
Description       :  -- 
Status            : error
Bbox              : {208.2980 194.7450} {208.3580 194.8550}

Error ID          : 129
Error Type        : Needs fat contact
Error Layer       : M1 (11)-M2 (13)
Number of errors  : 79
Description       :  -- 
Status            : error
Bbox              : {210.8820 201.4330} {210.9420 201.5430}

Error ID          : 143
Error Type        : Needs fat contact
Error Layer       : M1 (11)-M2 (13)
Number of errors  : 79
Description       :  -- 
Status            : error
Bbox              : {207.2340 212.9850} {207.2940 213.0950}

Error ID          : 156
Error Type        : Needs fat contact
Error Layer       : M1 (11)-M2 (13)
Number of errors  : 79
Description       :  -- 
Status            : error
Bbox              : {60.7060 216.3290} {60.7660 216.4390}

Error ID          : 182
Error Type        : Needs fat contact
Error Layer       : M1 (11)-M2 (13)
Number of errors  : 79
Description       :  -- 
Status            : error
Bbox              : {212.4020 231.5290} {212.4620 231.6390}

Error ID          : 183
Error Type        : Needs fat contact
Error Layer       : M1 (11)-M2 (13)
Number of errors  : 79
Description       :  -- 
Status            : error
Bbox              : {213.0100 234.8730} {213.0700 234.9830}

Error ID          : 184
Error Type        : Needs fat contact
Error Layer       : M1 (11)-M2 (13)
Number of errors  : 79
Description       :  -- 
Status            : error
Bbox              : {213.6180 231.5290} {213.6780 231.6390}

Error ID          : 185
Error Type        : Needs fat contact
Error Layer       : M1 (11)-M2 (13)
Number of errors  : 79
Description       :  -- 
Status            : error
Bbox              : {206.6260 238.2170} {206.6860 238.3270}

Error ID          : 231
Error Type        : Needs fat contact
Error Layer       : M1 (11)-M2 (13)
Number of errors  : 79
Description       :  -- 
Status            : error
Bbox              : {20.5780 248.2490} {20.6380 248.3590}

Error ID          : 232
Error Type        : Needs fat contact
Error Layer       : M1 (11)-M2 (13)
Number of errors  : 79
Description       :  -- 
Status            : error
Bbox              : {20.5780 246.4250} {20.6380 246.5350}

Error ID          : 233
Error Type        : Needs fat contact
Error Layer       : M1 (11)-M2 (13)
Number of errors  : 79
Description       :  -- 
Status            : error
Bbox              : {30.6100 249.7690} {30.6700 249.8790}

Error ID          : 234
Error Type        : Needs fat contact
Error Layer       : M1 (11)-M2 (13)
Number of errors  : 79
Description       :  -- 
Status            : error
Bbox              : {31.6740 248.2490} {31.7340 248.3590}

Error ID          : 240
Error Type        : Needs fat contact
Error Layer       : M1 (11)-M2 (13)
Number of errors  : 79
Description       :  -- 
Status            : error
Bbox              : {206.9300 243.0810} {206.9900 243.1910}

Error ID          : 241
Error Type        : Needs fat contact
Error Layer       : M1 (11)-M2 (13)
Number of errors  : 79
Description       :  -- 
Status            : error
Bbox              : {205.7140 244.9050} {205.7740 245.0150}

Error ID          : 269
Error Type        : Needs fat contact
Error Layer       : M1 (11)-M2 (13)
Number of errors  : 79
Description       :  -- 
Status            : error
Bbox              : {257.2420 249.7690} {257.3020 249.8790}

Error ID          : 270
Error Type        : Needs fat contact
Error Layer       : M1 (11)-M2 (13)
Number of errors  : 79
Description       :  -- 
Status            : error
Bbox              : {257.8500 248.2490} {257.9100 248.3590}

Error ID          : 273
Error Type        : Needs fat contact
Error Layer       : M1 (11)-M2 (13)
Number of errors  : 79
Description       :  -- 
Status            : error
Bbox              : {259.0660 246.4250} {259.1260 246.5350}

Error ID          : 283
Error Type        : Needs fat contact
Error Layer       : M1 (11)-M2 (13)
Number of errors  : 79
Description       :  -- 
Status            : error
Bbox              : {299.3460 249.7690} {299.4060 249.8790}

Error ID          : 290
Error Type        : Needs fat contact
Error Layer       : M1 (11)-M2 (13)
Number of errors  : 79
Description       :  -- 
Status            : error
Bbox              : {160.8740 263.1450} {160.9340 263.2550}

Error ID          : 291
Error Type        : Needs fat contact
Error Layer       : M1 (11)-M2 (13)
Number of errors  : 79
Description       :  -- 
Status            : error
Bbox              : {162.2420 258.2810} {162.3020 258.3910}

Error ID          : 292
Error Type        : Needs fat contact
Error Layer       : M1 (11)-M2 (13)
Number of errors  : 79
Description       :  -- 
Status            : error
Bbox              : {186.4100 263.1450} {186.4700 263.2550}

Error ID          : 298
Error Type        : Needs fat contact
Error Layer       : M1 (11)-M2 (13)
Number of errors  : 79
Description       :  -- 
Status            : error
Bbox              : {207.8420 261.6250} {207.9020 261.7350}

Error ID          : 299
Error Type        : Needs fat contact
Error Layer       : M1 (11)-M2 (13)
Number of errors  : 79
Description       :  -- 
Status            : error
Bbox              : {210.2740 263.1450} {210.3340 263.2550}

Error ID          : 318
Error Type        : Needs fat contact
Error Layer       : M1 (11)-M2 (13)
Number of errors  : 79
Description       :  -- 
Status            : error
Bbox              : {297.3700 256.4570} {297.4300 256.5670}

Error ID          : 319
Error Type        : Needs fat contact
Error Layer       : M1 (11)-M2 (13)
Number of errors  : 79
Description       :  -- 
Status            : error
Bbox              : {304.3620 253.1130} {304.4220 253.2230}

Error ID          : 320
Error Type        : Needs fat contact
Error Layer       : M1 (11)-M2 (13)
Number of errors  : 79
Description       :  -- 
Status            : error
Bbox              : {301.4740 254.9370} {301.5340 255.0470}

Error ID          : 329
Error Type        : Needs fat contact
Error Layer       : M1 (11)-M2 (13)
Number of errors  : 79
Description       :  -- 
Status            : error
Bbox              : {148.2580 271.6570} {148.3180 271.7670}

Error ID          : 330
Error Type        : Needs fat contact
Error Layer       : M1 (11)-M2 (13)
Number of errors  : 79
Description       :  -- 
Status            : error
Bbox              : {152.6660 269.8330} {152.7260 269.9430}

Error ID          : 332
Error Type        : Needs fat contact
Error Layer       : M1 (11)-M2 (13)
Number of errors  : 79
Description       :  -- 
Status            : error
Bbox              : {191.2740 271.6570} {191.3340 271.7670}

Error ID          : 333
Error Type        : Needs fat contact
Error Layer       : M1 (11)-M2 (13)
Number of errors  : 79
Description       :  -- 
Status            : error
Bbox              : {181.3940 273.1770} {181.4540 273.2870}

Error ID          : 334
Error Type        : Needs fat contact
Error Layer       : M1 (11)-M2 (13)
Number of errors  : 79
Description       :  -- 
Status            : error
Bbox              : {189.2980 276.5210} {189.3580 276.6310}

Error ID          : 335
Error Type        : Needs fat contact
Error Layer       : M1 (11)-M2 (13)
Number of errors  : 79
Description       :  -- 
Status            : error
Bbox              : {182.3060 268.3130} {182.3660 268.4230}

Error ID          : 338
Error Type        : Needs fat contact
Error Layer       : M1 (11)-M2 (13)
Number of errors  : 79
Description       :  -- 
Status            : error
Bbox              : {192.9460 275.0010} {193.0060 275.1110}

Error ID          : 341
Error Type        : Needs fat contact
Error Layer       : M1 (11)-M2 (13)
Number of errors  : 79
Description       :  -- 
Status            : error
Bbox              : {209.9700 264.9690} {210.0300 265.0790}

Error ID          : 346
Error Type        : Needs fat contact
Error Layer       : M1 (11)-M2 (13)
Number of errors  : 79
Description       :  -- 
Status            : error
Bbox              : {239.3060 268.3130} {239.3660 268.4230}

Error ID          : 347
Error Type        : Needs fat contact
Error Layer       : M1 (11)-M2 (13)
Number of errors  : 79
Description       :  -- 
Status            : error
Bbox              : {243.2580 268.3130} {243.3180 268.4230}

Error ID          : 348
Error Type        : Needs fat contact
Error Layer       : M1 (11)-M2 (13)
Number of errors  : 79
Description       :  -- 
Status            : error
Bbox              : {242.1940 271.6570} {242.2540 271.7670}

Error ID          : 349
Error Type        : Needs fat contact
Error Layer       : M1 (11)-M2 (13)
Number of errors  : 79
Description       :  -- 
Status            : error
Bbox              : {244.4740 268.3130} {244.5340 268.4230}

Error ID          : 350
Error Type        : Needs fat contact
Error Layer       : M1 (11)-M2 (13)
Number of errors  : 79
Description       :  -- 
Status            : error
Bbox              : {246.2980 273.1770} {246.3580 273.2870}

Error ID          : 351
Error Type        : Needs fat contact
Error Layer       : M1 (11)-M2 (13)
Number of errors  : 79
Description       :  -- 
Status            : error
Bbox              : {246.6020 271.6570} {246.6620 271.7670}

Error ID          : 352
Error Type        : Needs fat contact
Error Layer       : M1 (11)-M2 (13)
Number of errors  : 79
Description       :  -- 
Status            : error
Bbox              : {263.4740 266.4890} {263.5340 266.5990}

Error ID          : 354
Error Type        : Needs fat contact
Error Layer       : M1 (11)-M2 (13)
Number of errors  : 79
Description       :  -- 
Status            : error
Bbox              : {184.2820 281.6890} {184.3420 281.7990}

Error ID          : 369
Error Type        : Needs fat contact
Error Layer       : M1 (11)-M2 (13)
Number of errors  : 79
Description       :  -- 
Status            : error
Bbox              : {147.0420 296.5850} {147.1020 296.6950}

Error ID          : 372
Error Type        : Needs fat contact
Error Layer       : M1 (11)-M2 (13)
Number of errors  : 79
Description       :  -- 
Status            : error
Bbox              : {156.4660 299.9290} {156.5260 300.0390}

Error ID          : 376
Error Type        : Needs fat contact
Error Layer       : M1 (11)-M2 (13)
Number of errors  : 79
Description       :  -- 
Status            : error
Bbox              : {159.3540 305.0970} {159.4140 305.2070}

Error ID          : 8
Error Type        : Off-grid
Error Layer       : VIA1 (12)
Number of errors  : 166
Description       :  -- 
Status            : error
Bbox              : {206.7560 45.5870} {206.8060 45.7890}

Error ID          : 9
Error Type        : Off-grid
Error Layer       : M2 (13)
Number of errors  : 166
Description       :  -- 
Status            : error
Bbox              : {206.7260 45.5820} {206.8360 45.7940}

Error ID          : 10
Error Type        : Off-grid
Error Layer       : M2 (13)
Number of errors  : 166
Description       :  -- 
Status            : error
Bbox              : {208.5500 45.5820} {208.6600 45.7940}

Error ID          : 11
Error Type        : Off-grid
Error Layer       : VIA1 (12)
Number of errors  : 166
Description       :  -- 
Status            : error
Bbox              : {208.5800 45.5870} {208.6300 45.7890}

Error ID          : 17
Error Type        : Off-grid
Error Layer       : VIA1 (12)
Number of errors  : 166
Description       :  -- 
Status            : error
Bbox              : {205.9960 47.7150} {206.0460 47.9170}

Error ID          : 18
Error Type        : Off-grid
Error Layer       : M2 (13)
Number of errors  : 166
Description       :  -- 
Status            : error
Bbox              : {205.9660 47.7100} {206.0760 47.9220}

Error ID          : 19
Error Type        : Off-grid
Error Layer       : VIA1 (12)
Number of errors  : 166
Description       :  -- 
Status            : error
Bbox              : {212.2280 48.9310} {212.2780 49.1330}

Error ID          : 20
Error Type        : Off-grid
Error Layer       : M2 (13)
Number of errors  : 166
Description       :  -- 
Status            : error
Bbox              : {212.1980 48.9260} {212.3080 49.1380}

Error ID          : 25
Error Type        : Off-grid
Error Layer       : M1 (11)
Number of errors  : 166
Description       :  -- 
Status            : error
Bbox              : {166.5030 79.2550} {166.5930 79.3560}

Error ID          : 30
Error Type        : Off-grid
Error Layer       : VIA1 (12)
Number of errors  : 166
Description       :  -- 
Status            : error
Bbox              : {295.0680 81.1550} {295.1180 81.3570}

Error ID          : 31
Error Type        : Off-grid
Error Layer       : M2 (13)
Number of errors  : 166
Description       :  -- 
Status            : error
Bbox              : {295.0380 81.1500} {295.1480 81.3620}

Error ID          : 37
Error Type        : Off-grid
Error Layer       : VIA1 (12)
Number of errors  : 166
Description       :  -- 
Status            : error
Bbox              : {218.6370 82.3710} {218.6870 82.5730}

Error ID          : 38
Error Type        : Off-grid
Error Layer       : M2 (13)
Number of errors  : 166
Description       :  -- 
Status            : error
Bbox              : {218.6320 82.3410} {218.6920 82.6030}

Error ID          : 41
Error Type        : Off-grid
Error Layer       : VIA1 (12)
Number of errors  : 166
Description       :  -- 
Status            : error
Bbox              : {273.6360 92.4030} {273.6860 92.6050}

Error ID          : 42
Error Type        : Off-grid
Error Layer       : M2 (13)
Number of errors  : 166
Description       :  -- 
Status            : error
Bbox              : {273.6060 92.3980} {273.7160 92.6100}

Error ID          : 53
Error Type        : Off-grid
Error Layer       : VIA1 (12)
Number of errors  : 166
Description       :  -- 
Status            : error
Bbox              : {290.5330 104.4110} {290.5830 104.6130}

Error ID          : 54
Error Type        : Off-grid
Error Layer       : M2 (13)
Number of errors  : 166
Description       :  -- 
Status            : error
Bbox              : {290.5280 104.3810} {290.5880 104.6430}

Error ID          : 57
Error Type        : Off-grid
Error Layer       : VIA1 (12)
Number of errors  : 166
Description       :  -- 
Status            : error
Bbox              : {226.2120 112.4670} {226.2620 112.6690}

Error ID          : 58
Error Type        : Off-grid
Error Layer       : M2 (13)
Number of errors  : 166
Description       :  -- 
Status            : error
Bbox              : {226.1820 112.4620} {226.2920 112.6740}

Error ID          : 63
Error Type        : Off-grid
Error Layer       : VIA1 (12)
Number of errors  : 166
Description       :  -- 
Status            : error
Bbox              : {188.9970 125.8430} {189.0470 126.0450}

Error ID          : 64
Error Type        : Off-grid
Error Layer       : M2 (13)
Number of errors  : 166
Description       :  -- 
Status            : error
Bbox              : {188.9920 125.8130} {189.0520 126.0750}

Error ID          : 69
Error Type        : Off-grid
Error Layer       : VIA1 (12)
Number of errors  : 166
Description       :  -- 
Status            : error
Bbox              : {241.7160 119.1550} {241.7660 119.3570}

Error ID          : 70
Error Type        : Off-grid
Error Layer       : M2 (13)
Number of errors  : 166
Description       :  -- 
Status            : error
Bbox              : {241.6860 119.1500} {241.7960 119.3620}

Error ID          : 72
Error Type        : Off-grid
Error Layer       : VIA1 (12)
Number of errors  : 166
Description       :  -- 
Status            : error
Bbox              : {241.4120 122.4990} {241.4620 122.7010}

Error ID          : 73
Error Type        : Off-grid
Error Layer       : M2 (13)
Number of errors  : 166
Description       :  -- 
Status            : error
Bbox              : {241.3820 122.4940} {241.4920 122.7060}

Error ID          : 80
Error Type        : Off-grid
Error Layer       : VIA1 (12)
Number of errors  : 166
Description       :  -- 
Status            : error
Bbox              : {252.5080 132.5310} {252.5580 132.7330}

Error ID          : 81
Error Type        : Off-grid
Error Layer       : M2 (13)
Number of errors  : 166
Description       :  -- 
Status            : error
Bbox              : {252.4780 132.5260} {252.5880 132.7380}

Error ID          : 82
Error Type        : Off-grid
Error Layer       : VIA1 (12)
Number of errors  : 166
Description       :  -- 
Status            : error
Bbox              : {177.7490 151.3790} {177.7990 151.5810}

Error ID          : 83
Error Type        : Off-grid
Error Layer       : M2 (13)
Number of errors  : 166
Description       :  -- 
Status            : error
Bbox              : {177.7440 151.3490} {177.8040 151.6110}

Error ID          : 85
Error Type        : Off-grid
Error Layer       : VIA1 (12)
Number of errors  : 166
Description       :  -- 
Status            : error
Bbox              : {191.7330 148.0350} {191.7830 148.2370}

Error ID          : 86
Error Type        : Off-grid
Error Layer       : M2 (13)
Number of errors  : 166
Description       :  -- 
Status            : error
Bbox              : {191.7280 148.0050} {191.7880 148.2670}

Error ID          : 88
Error Type        : Off-grid
Error Layer       : M2 (13)
Number of errors  : 166
Description       :  -- 
Status            : error
Bbox              : {208.5500 151.3740} {208.6600 151.5860}

Error ID          : 89
Error Type        : Off-grid
Error Layer       : VIA1 (12)
Number of errors  : 166
Description       :  -- 
Status            : error
Bbox              : {208.5800 151.3790} {208.6300 151.5810}

Error ID          : 98
Error Type        : Off-grid
Error Layer       : VIA1 (12)
Number of errors  : 166
Description       :  -- 
Status            : error
Bbox              : {162.8280 158.0670} {162.8780 158.2690}

Error ID          : 99
Error Type        : Off-grid
Error Layer       : M2 (13)
Number of errors  : 166
Description       :  -- 
Status            : error
Bbox              : {162.7980 158.0620} {162.9080 158.2740}

Error ID          : 100
Error Type        : Off-grid
Error Layer       : VIA1 (12)
Number of errors  : 166
Description       :  -- 
Status            : error
Bbox              : {163.9170 155.9390} {163.9670 156.1410}

Error ID          : 101
Error Type        : Off-grid
Error Layer       : M2 (13)
Number of errors  : 166
Description       :  -- 
Status            : error
Bbox              : {163.9120 155.9090} {163.9720 156.1710}

Error ID          : 108
Error Type        : Off-grid
Error Layer       : VIA1 (12)
Number of errors  : 166
Description       :  -- 
Status            : error
Bbox              : {212.5320 164.6030} {212.5820 164.8050}

Error ID          : 109
Error Type        : Off-grid
Error Layer       : M2 (13)
Number of errors  : 166
Description       :  -- 
Status            : error
Bbox              : {212.5020 164.5980} {212.6120 164.8100}

Error ID          : 117
Error Type        : Off-grid
Error Layer       : M2 (13)
Number of errors  : 166
Description       :  -- 
Status            : error
Bbox              : {189.8540 167.9420} {189.9640 168.1540}

Error ID          : 118
Error Type        : Off-grid
Error Layer       : VIA1 (12)
Number of errors  : 166
Description       :  -- 
Status            : error
Bbox              : {189.8840 167.9470} {189.9340 168.1490}

Error ID          : 122
Error Type        : Off-grid
Error Layer       : VIA1 (12)
Number of errors  : 166
Description       :  -- 
Status            : error
Bbox              : {201.5880 191.3550} {201.6380 191.5570}

Error ID          : 123
Error Type        : Off-grid
Error Layer       : M2 (13)
Number of errors  : 166
Description       :  -- 
Status            : error
Bbox              : {201.5580 191.3500} {201.6680 191.5620}

Error ID          : 124
Error Type        : Off-grid
Error Layer       : M1 (11)
Number of errors  : 166
Description       :  -- 
Status            : error
Bbox              : {176.9610 202.8260} {177.0710 202.8860}

Error ID          : 125
Error Type        : Off-grid
Error Layer       : M1 (11)
Number of errors  : 166
Description       :  -- 
Status            : error
Bbox              : {176.3570 203.0740} {176.7670 203.1850}

Error ID          : 130
Error Type        : Off-grid
Error Layer       : VIA1 (12)
Number of errors  : 166
Description       :  -- 
Status            : error
Bbox              : {223.3240 198.1950} {223.3740 198.3970}

Error ID          : 131
Error Type        : Off-grid
Error Layer       : M2 (13)
Number of errors  : 166
Description       :  -- 
Status            : error
Bbox              : {223.2940 198.1900} {223.4040 198.4020}

Error ID          : 132
Error Type        : Off-grid
Error Layer       : VIA1 (12)
Number of errors  : 166
Description       :  -- 
Status            : error
Bbox              : {239.5880 202.7550} {239.6380 202.9570}

Error ID          : 133
Error Type        : Off-grid
Error Layer       : M2 (13)
Number of errors  : 166
Description       :  -- 
Status            : error
Bbox              : {239.5580 202.7500} {239.6680 202.9620}

Error ID          : 134
Error Type        : Off-grid
Error Layer       : VIA1 (12)
Number of errors  : 166
Description       :  -- 
Status            : error
Bbox              : {238.2220 201.5390} {238.2720 201.7410}

Error ID          : 135
Error Type        : Off-grid
Error Layer       : M2 (13)
Number of errors  : 166
Description       :  -- 
Status            : error
Bbox              : {238.2420 201.5850} {238.3020 201.6950}

Error ID          : 136
Error Type        : Off-grid
Error Layer       : VIA1 (12)
Number of errors  : 166
Description       :  -- 
Status            : error
Bbox              : {240.6520 198.1950} {240.7020 198.3970}

Error ID          : 137
Error Type        : Off-grid
Error Layer       : M2 (13)
Number of errors  : 166
Description       :  -- 
Status            : error
Bbox              : {240.6220 198.1900} {240.7320 198.4020}

Error ID          : 138
Error Type        : Off-grid
Error Layer       : VIA1 (12)
Number of errors  : 166
Description       :  -- 
Status            : error
Bbox              : {240.9810 199.4110} {241.0310 199.6130}

Error ID          : 139
Error Type        : Off-grid
Error Layer       : M2 (13)
Number of errors  : 166
Description       :  -- 
Status            : error
Bbox              : {240.9760 199.3810} {241.0360 199.6430}

Error ID          : 140
Error Type        : Off-grid
Error Layer       : VIA1 (12)
Number of errors  : 166
Description       :  -- 
Status            : error
Bbox              : {240.3770 201.5390} {240.4270 201.7410}

Error ID          : 141
Error Type        : Off-grid
Error Layer       : M2 (13)
Number of errors  : 166
Description       :  -- 
Status            : error
Bbox              : {240.3720 201.5090} {240.4320 201.7710}

Error ID          : 144
Error Type        : Off-grid
Error Layer       : VIA1 (12)
Number of errors  : 166
Description       :  -- 
Status            : error
Bbox              : {226.6680 208.2270} {226.7180 208.4290}

Error ID          : 145
Error Type        : Off-grid
Error Layer       : M2 (13)
Number of errors  : 166
Description       :  -- 
Status            : error
Bbox              : {226.6380 208.2220} {226.7480 208.4340}

Error ID          : 146
Error Type        : Off-grid
Error Layer       : VIA1 (12)
Number of errors  : 166
Description       :  -- 
Status            : error
Bbox              : {239.6130 209.4430} {239.6630 209.6450}

Error ID          : 147
Error Type        : Off-grid
Error Layer       : M2 (13)
Number of errors  : 166
Description       :  -- 
Status            : error
Bbox              : {239.6080 209.4130} {239.6680 209.6750}

Error ID          : 148
Error Type        : Off-grid
Error Layer       : VIA1 (12)
Number of errors  : 166
Description       :  -- 
Status            : error
Bbox              : {232.6210 209.4430} {232.6710 209.6450}

Error ID          : 149
Error Type        : Off-grid
Error Layer       : M2 (13)
Number of errors  : 166
Description       :  -- 
Status            : error
Bbox              : {232.6160 209.4130} {232.6760 209.6750}

Error ID          : 150
Error Type        : Off-grid
Error Layer       : VIA1 (12)
Number of errors  : 166
Description       :  -- 
Status            : error
Bbox              : {241.1080 209.4430} {241.1580 209.6450}

Error ID          : 157
Error Type        : Off-grid
Error Layer       : M2 (13)
Number of errors  : 166
Description       :  -- 
Status            : error
Bbox              : {225.4220 226.1580} {225.5320 226.3700}

Error ID          : 158
Error Type        : Off-grid
Error Layer       : VIA1 (12)
Number of errors  : 166
Description       :  -- 
Status            : error
Bbox              : {225.4520 226.1630} {225.5020 226.3650}

Error ID          : 159
Error Type        : Off-grid
Error Layer       : VIA1 (12)
Number of errors  : 166
Description       :  -- 
Status            : error
Bbox              : {239.3380 221.6030} {239.3880 221.8050}

Error ID          : 160
Error Type        : Off-grid
Error Layer       : M2 (13)
Number of errors  : 166
Description       :  -- 
Status            : error
Bbox              : {239.3080 221.5980} {239.4180 221.8100}

Error ID          : 161
Error Type        : Off-grid
Error Layer       : M2 (13)
Number of errors  : 166
Description       :  -- 
Status            : error
Bbox              : {237.4300 222.8140} {237.5400 223.0260}

Error ID          : 162
Error Type        : Off-grid
Error Layer       : VIA1 (12)
Number of errors  : 166
Description       :  -- 
Status            : error
Bbox              : {237.4600 222.8190} {237.5100 223.0210}

Error ID          : 163
Error Type        : Off-grid
Error Layer       : VIA1 (12)
Number of errors  : 166
Description       :  -- 
Status            : error
Bbox              : {237.0290 218.2590} {237.0790 218.4610}

Error ID          : 164
Error Type        : Off-grid
Error Layer       : M2 (13)
Number of errors  : 166
Description       :  -- 
Status            : error
Bbox              : {237.0240 218.2290} {237.0840 218.4910}

Error ID          : 165
Error Type        : Off-grid
Error Layer       : VIA1 (12)
Number of errors  : 166
Description       :  -- 
Status            : error
Bbox              : {232.7480 216.1310} {232.7980 216.3330}

Error ID          : 166
Error Type        : Off-grid
Error Layer       : M2 (13)
Number of errors  : 166
Description       :  -- 
Status            : error
Bbox              : {232.7180 216.1260} {232.8280 216.3380}

Error ID          : 167
Error Type        : Off-grid
Error Layer       : VIA1 (12)
Number of errors  : 166
Description       :  -- 
Status            : error
Bbox              : {240.3770 226.1630} {240.4270 226.3650}

Error ID          : 168
Error Type        : Off-grid
Error Layer       : M2 (13)
Number of errors  : 166
Description       :  -- 
Status            : error
Bbox              : {240.3720 226.1330} {240.4320 226.3950}

Error ID          : 169
Error Type        : Off-grid
Error Layer       : VIA1 (12)
Number of errors  : 166
Description       :  -- 
Status            : error
Bbox              : {241.4120 221.6030} {241.4620 221.8050}

Error ID          : 170
Error Type        : Off-grid
Error Layer       : M2 (13)
Number of errors  : 166
Description       :  -- 
Status            : error
Bbox              : {241.3820 221.5980} {241.4920 221.8100}

Error ID          : 171
Error Type        : Off-grid
Error Layer       : M2 (13)
Number of errors  : 166
Description       :  -- 
Status            : error
Bbox              : {240.7740 224.9420} {240.8840 225.1540}

Error ID          : 172
Error Type        : Off-grid
Error Layer       : VIA1 (12)
Number of errors  : 166
Description       :  -- 
Status            : error
Bbox              : {240.8040 224.9470} {240.8540 225.1490}

Error ID          : 175
Error Type        : Off-grid
Error Layer       : VIA1 (12)
Number of errors  : 166
Description       :  -- 
Status            : error
Bbox              : {50.6770 229.5070} {50.7270 229.7090}

Error ID          : 176
Error Type        : Off-grid
Error Layer       : M2 (13)
Number of errors  : 166
Description       :  -- 
Status            : error
Bbox              : {50.6720 229.4770} {50.7320 229.7390}

Error ID          : 188
Error Type        : Off-grid
Error Layer       : VIA1 (12)
Number of errors  : 166
Description       :  -- 
Status            : error
Bbox              : {224.3880 239.5390} {224.4380 239.7410}

Error ID          : 189
Error Type        : Off-grid
Error Layer       : M2 (13)
Number of errors  : 166
Description       :  -- 
Status            : error
Bbox              : {224.3580 239.5340} {224.4680 239.7460}

Error ID          : 197
Error Type        : Off-grid
Error Layer       : VIA1 (12)
Number of errors  : 166
Description       :  -- 
Status            : error
Bbox              : {239.3380 228.2910} {239.3880 228.4930}

Error ID          : 198
Error Type        : Off-grid
Error Layer       : M2 (13)
Number of errors  : 166
Description       :  -- 
Status            : error
Bbox              : {239.3080 228.2860} {239.4180 228.4980}

Error ID          : 199
Error Type        : Off-grid
Error Layer       : M2 (13)
Number of errors  : 166
Description       :  -- 
Status            : error
Bbox              : {231.9580 232.8460} {232.0680 233.0580}

Error ID          : 200
Error Type        : Off-grid
Error Layer       : VIA1 (12)
Number of errors  : 166
Description       :  -- 
Status            : error
Bbox              : {231.9880 232.8510} {232.0380 233.0530}

Error ID          : 201
Error Type        : Off-grid
Error Layer       : M2 (13)
Number of errors  : 166
Description       :  -- 
Status            : error
Bbox              : {237.7340 232.8460} {237.8440 233.0580}

Error ID          : 202
Error Type        : Off-grid
Error Layer       : VIA1 (12)
Number of errors  : 166
Description       :  -- 
Status            : error
Bbox              : {237.7640 232.8510} {237.8140 233.0530}

Error ID          : 203
Error Type        : Off-grid
Error Layer       : VIA1 (12)
Number of errors  : 166
Description       :  -- 
Status            : error
Bbox              : {237.6370 229.5070} {237.6870 229.7090}

Error ID          : 204
Error Type        : Off-grid
Error Layer       : M2 (13)
Number of errors  : 166
Description       :  -- 
Status            : error
Bbox              : {237.6320 229.4770} {237.6920 229.7390}

Error ID          : 205
Error Type        : Off-grid
Error Layer       : VIA1 (12)
Number of errors  : 166
Description       :  -- 
Status            : error
Bbox              : {237.0290 231.6350} {237.0790 231.8370}

Error ID          : 206
Error Type        : Off-grid
Error Layer       : M2 (13)
Number of errors  : 166
Description       :  -- 
Status            : error
Bbox              : {237.0240 231.6050} {237.0840 231.8670}

Error ID          : 207
Error Type        : Off-grid
Error Layer       : VIA1 (12)
Number of errors  : 166
Description       :  -- 
Status            : error
Bbox              : {239.5880 234.9790} {239.6380 235.1810}

Error ID          : 208
Error Type        : Off-grid
Error Layer       : M2 (13)
Number of errors  : 166
Description       :  -- 
Status            : error
Bbox              : {239.5580 234.9740} {239.6680 235.1860}

Error ID          : 209
Error Type        : Off-grid
Error Layer       : VIA1 (12)
Number of errors  : 166
Description       :  -- 
Status            : error
Bbox              : {245.5160 236.1950} {245.5660 236.3970}

Error ID          : 210
Error Type        : Off-grid
Error Layer       : M2 (13)
Number of errors  : 166
Description       :  -- 
Status            : error
Bbox              : {245.4860 236.1900} {245.5960 236.4020}

Error ID          : 211
Error Type        : Off-grid
Error Layer       : VIA1 (12)
Number of errors  : 166
Description       :  -- 
Status            : error
Bbox              : {242.9320 232.8510} {242.9820 233.0530}

Error ID          : 212
Error Type        : Off-grid
Error Layer       : M2 (13)
Number of errors  : 166
Description       :  -- 
Status            : error
Bbox              : {242.9020 232.8460} {243.0120 233.0580}

Error ID          : 213
Error Type        : Off-grid
Error Layer       : VIA1 (12)
Number of errors  : 166
Description       :  -- 
Status            : error
Bbox              : {240.8040 229.5070} {240.8540 229.7090}

Error ID          : 214
Error Type        : Off-grid
Error Layer       : M2 (13)
Number of errors  : 166
Description       :  -- 
Status            : error
Bbox              : {240.7740 229.5020} {240.8840 229.7140}

Error ID          : 215
Error Type        : Off-grid
Error Layer       : M2 (13)
Number of errors  : 166
Description       :  -- 
Status            : error
Bbox              : {240.6220 228.2860} {240.7320 228.4980}

Error ID          : 216
Error Type        : Off-grid
Error Layer       : VIA1 (12)
Number of errors  : 166
Description       :  -- 
Status            : error
Bbox              : {240.6520 228.2910} {240.7020 228.4930}

Error ID          : 217
Error Type        : Off-grid
Error Layer       : M2 (13)
Number of errors  : 166
Description       :  -- 
Status            : error
Bbox              : {240.3720 231.6300} {240.4820 231.8420}

Error ID          : 218
Error Type        : Off-grid
Error Layer       : VIA1 (12)
Number of errors  : 166
Description       :  -- 
Status            : error
Bbox              : {240.4020 231.6350} {240.4520 231.8370}

Error ID          : 219
Error Type        : Off-grid
Error Layer       : M2 (13)
Number of errors  : 166
Description       :  -- 
Status            : error
Bbox              : {242.5980 236.1900} {242.7080 236.4020}

Error ID          : 220
Error Type        : Off-grid
Error Layer       : VIA1 (12)
Number of errors  : 166
Description       :  -- 
Status            : error
Bbox              : {242.6280 236.1950} {242.6780 236.3970}

Error ID          : 222
Error Type        : Off-grid
Error Layer       : VIA1 (12)
Number of errors  : 166
Description       :  -- 
Status            : error
Bbox              : {256.1560 239.5390} {256.2060 239.7410}

Error ID          : 223
Error Type        : Off-grid
Error Layer       : M2 (13)
Number of errors  : 166
Description       :  -- 
Status            : error
Bbox              : {256.1260 239.5340} {256.2360 239.7460}

Error ID          : 227
Error Type        : Off-grid
Error Layer       : M2 (13)
Number of errors  : 166
Description       :  -- 
Status            : error
Bbox              : {295.0380 229.5020} {295.1480 229.7140}

Error ID          : 228
Error Type        : Off-grid
Error Layer       : VIA1 (12)
Number of errors  : 166
Description       :  -- 
Status            : error
Bbox              : {295.0680 229.5070} {295.1180 229.7090}

Error ID          : 229
Error Type        : Off-grid
Error Layer       : M2 (13)
Number of errors  : 166
Description       :  -- 
Status            : error
Bbox              : {305.0700 239.6860} {305.1800 239.8980}

Error ID          : 230
Error Type        : Off-grid
Error Layer       : VIA1 (12)
Number of errors  : 166
Description       :  -- 
Status            : error
Bbox              : {305.1000 239.6910} {305.1500 239.8930}

Error ID          : 242
Error Type        : Off-grid
Error Layer       : VIA1 (12)
Number of errors  : 166
Description       :  -- 
Status            : error
Bbox              : {216.9400 249.7230} {216.9900 249.9250}

Error ID          : 243
Error Type        : Off-grid
Error Layer       : M2 (13)
Number of errors  : 166
Description       :  -- 
Status            : error
Bbox              : {216.9100 249.7180} {217.0200 249.9300}

Error ID          : 249
Error Type        : Off-grid
Error Layer       : M2 (13)
Number of errors  : 166
Description       :  -- 
Status            : error
Bbox              : {233.0720 249.5410} {233.1320 249.8030}

Error ID          : 250
Error Type        : Off-grid
Error Layer       : VIA1 (12)
Number of errors  : 166
Description       :  -- 
Status            : error
Bbox              : {233.0770 249.5710} {233.1270 249.7730}

Error ID          : 251
Error Type        : Off-grid
Error Layer       : M2 (13)
Number of errors  : 166
Description       :  -- 
Status            : error
Bbox              : {234.5420 249.5660} {234.6520 249.7780}

Error ID          : 252
Error Type        : Off-grid
Error Layer       : VIA1 (12)
Number of errors  : 166
Description       :  -- 
Status            : error
Bbox              : {234.5720 249.5710} {234.6220 249.7730}

Error ID          : 259
Error Type        : Off-grid
Error Layer       : VIA1 (12)
Number of errors  : 166
Description       :  -- 
Status            : error
Bbox              : {228.6440 241.6670} {228.6940 241.8690}

Error ID          : 260
Error Type        : Off-grid
Error Layer       : M2 (13)
Number of errors  : 166
Description       :  -- 
Status            : error
Bbox              : {228.6140 241.6620} {228.7240 241.8740}

Error ID          : 261
Error Type        : Off-grid
Error Layer       : VIA1 (12)
Number of errors  : 166
Description       :  -- 
Status            : error
Bbox              : {249.7720 251.6990} {249.8220 251.9010}

Error ID          : 262
Error Type        : Off-grid
Error Layer       : M2 (13)
Number of errors  : 166
Description       :  -- 
Status            : error
Bbox              : {249.7420 251.6940} {249.8520 251.9060}

Error ID          : 263
Error Type        : Off-grid
Error Layer       : VIA1 (12)
Number of errors  : 166
Description       :  -- 
Status            : error
Bbox              : {250.6840 249.5710} {250.7340 249.7730}

Error ID          : 264
Error Type        : Off-grid
Error Layer       : M2 (13)
Number of errors  : 166
Description       :  -- 
Status            : error
Bbox              : {250.6540 249.5660} {250.7640 249.7780}

Error ID          : 265
Error Type        : Off-grid
Error Layer       : VIA1 (12)
Number of errors  : 166
Description       :  -- 
Status            : error
Bbox              : {249.4680 248.3550} {249.5180 248.5570}

Error ID          : 266
Error Type        : Off-grid
Error Layer       : M2 (13)
Number of errors  : 166
Description       :  -- 
Status            : error
Bbox              : {249.4380 248.3500} {249.5480 248.5620}

Error ID          : 267
Error Type        : Off-grid
Error Layer       : M2 (13)
Number of errors  : 166
Description       :  -- 
Status            : error
Bbox              : {243.3580 249.5660} {243.4680 249.7780}

Error ID          : 268
Error Type        : Off-grid
Error Layer       : VIA1 (12)
Number of errors  : 166
Description       :  -- 
Status            : error
Bbox              : {243.3880 249.5710} {243.4380 249.7730}

Error ID          : 271
Error Type        : Off-grid
Error Layer       : VIA1 (12)
Number of errors  : 166
Description       :  -- 
Status            : error
Bbox              : {256.9160 246.2270} {256.9660 246.4290}

Error ID          : 272
Error Type        : Off-grid
Error Layer       : M2 (13)
Number of errors  : 166
Description       :  -- 
Status            : error
Bbox              : {256.8860 246.2220} {256.9960 246.4340}

Error ID          : 274
Error Type        : Off-grid
Error Layer       : VIA1 (12)
Number of errors  : 166
Description       :  -- 
Status            : error
Bbox              : {255.7000 249.5710} {255.7500 249.7730}

Error ID          : 275
Error Type        : Off-grid
Error Layer       : M2 (13)
Number of errors  : 166
Description       :  -- 
Status            : error
Bbox              : {255.6700 249.5660} {255.7800 249.7780}

Error ID          : 276
Error Type        : Off-grid
Error Layer       : VIA1 (12)
Number of errors  : 166
Description       :  -- 
Status            : error
Bbox              : {253.4200 241.6670} {253.4700 241.8690}

Error ID          : 277
Error Type        : Off-grid
Error Layer       : M2 (13)
Number of errors  : 166
Description       :  -- 
Status            : error
Bbox              : {253.3900 241.6620} {253.5000 241.8740}

Error ID          : 284
Error Type        : Off-grid
Error Layer       : VIA1 (12)
Number of errors  : 166
Description       :  -- 
Status            : error
Bbox              : {303.5800 251.6990} {303.6300 251.9010}

Error ID          : 285
Error Type        : Off-grid
Error Layer       : M2 (13)
Number of errors  : 166
Description       :  -- 
Status            : error
Bbox              : {303.5500 251.6940} {303.6600 251.9060}

Error ID          : 288
Error Type        : Off-grid
Error Layer       : VIA1 (12)
Number of errors  : 166
Description       :  -- 
Status            : error
Bbox              : {104.3080 259.7550} {104.3580 259.9570}

Error ID          : 289
Error Type        : Off-grid
Error Layer       : M2 (13)
Number of errors  : 166
Description       :  -- 
Status            : error
Bbox              : {104.2780 259.7500} {104.3880 259.9620}

Error ID          : 301
Error Type        : Off-grid
Error Layer       : VIA1 (12)
Number of errors  : 166
Description       :  -- 
Status            : error
Bbox              : {233.3580 255.0430} {233.4080 255.2450}

Error ID          : 302
Error Type        : Off-grid
Error Layer       : M2 (13)
Number of errors  : 166
Description       :  -- 
Status            : error
Bbox              : {233.3780 255.0950} {233.4380 255.2050}

Error ID          : 303
Error Type        : Off-grid
Error Layer       : M2 (13)
Number of errors  : 166
Description       :  -- 
Status            : error
Bbox              : {236.3660 255.0380} {236.4760 255.2500}

Error ID          : 304
Error Type        : Off-grid
Error Layer       : VIA1 (12)
Number of errors  : 166
Description       :  -- 
Status            : error
Bbox              : {236.3960 255.0430} {236.4460 255.2450}

Error ID          : 305
Error Type        : Off-grid
Error Layer       : M2 (13)
Number of errors  : 166
Description       :  -- 
Status            : error
Bbox              : {235.1500 252.9100} {235.2600 253.1220}

Error ID          : 306
Error Type        : Off-grid
Error Layer       : VIA1 (12)
Number of errors  : 166
Description       :  -- 
Status            : error
Bbox              : {235.1800 252.9150} {235.2300 253.1170}

Error ID          : 308
Error Type        : Off-grid
Error Layer       : VIA1 (12)
Number of errors  : 166
Description       :  -- 
Status            : error
Bbox              : {250.0760 255.0430} {250.1260 255.2450}

Error ID          : 309
Error Type        : Off-grid
Error Layer       : M2 (13)
Number of errors  : 166
Description       :  -- 
Status            : error
Bbox              : {250.0460 255.0380} {250.1560 255.2500}

Error ID          : 310
Error Type        : Off-grid
Error Layer       : VIA1 (12)
Number of errors  : 166
Description       :  -- 
Status            : error
Bbox              : {251.2920 252.9150} {251.3420 253.1170}

Error ID          : 311
Error Type        : Off-grid
Error Layer       : M2 (13)
Number of errors  : 166
Description       :  -- 
Status            : error
Bbox              : {251.2620 252.9100} {251.3720 253.1220}

Error ID          : 321
Error Type        : Off-grid
Error Layer       : VIA1 (12)
Number of errors  : 166
Description       :  -- 
Status            : error
Bbox              : {91.9960 271.6110} {92.0460 271.8130}

Error ID          : 322
Error Type        : Off-grid
Error Layer       : M2 (13)
Number of errors  : 166
Description       :  -- 
Status            : error
Bbox              : {91.9660 271.6060} {92.0760 271.8180}

Error ID          : 323
Error Type        : Off-grid
Error Layer       : VIA1 (12)
Number of errors  : 166
Description       :  -- 
Status            : error
Bbox              : {97.1640 271.6110} {97.2140 271.8130}

Error ID          : 324
Error Type        : Off-grid
Error Layer       : M2 (13)
Number of errors  : 166
Description       :  -- 
Status            : error
Bbox              : {97.1340 271.6060} {97.2440 271.8180}

Error ID          : 325
Error Type        : Off-grid
Error Layer       : M2 (13)
Number of errors  : 166
Description       :  -- 
Status            : error
Bbox              : {110.3580 273.1260} {110.4680 273.3380}

Error ID          : 326
Error Type        : Off-grid
Error Layer       : VIA1 (12)
Number of errors  : 166
Description       :  -- 
Status            : error
Bbox              : {110.3880 273.1310} {110.4380 273.3330}

Error ID          : 327
Error Type        : Off-grid
Error Layer       : VIA1 (12)
Number of errors  : 166
Description       :  -- 
Status            : error
Bbox              : {108.8680 271.6110} {108.9180 271.8130}

Error ID          : 328
Error Type        : Off-grid
Error Layer       : M2 (13)
Number of errors  : 166
Description       :  -- 
Status            : error
Bbox              : {108.8380 271.6060} {108.9480 271.8180}

Error ID          : 363
Error Type        : Off-grid
Error Layer       : VIA1 (12)
Number of errors  : 166
Description       :  -- 
Status            : error
Bbox              : {285.1880 279.6670} {285.2380 279.8690}

Error ID          : 364
Error Type        : Off-grid
Error Layer       : M2 (13)
Number of errors  : 166
Description       :  -- 
Status            : error
Bbox              : {285.1580 279.6620} {285.2680 279.8740}

Error ID          : 365
Error Type        : Off-grid
Error Layer       : VIA1 (12)
Number of errors  : 166
Description       :  -- 
Status            : error
Bbox              : {294.6120 278.4510} {294.6620 278.6530}

Error ID          : 366
Error Type        : Off-grid
Error Layer       : M2 (13)
Number of errors  : 166
Description       :  -- 
Status            : error
Bbox              : {294.5820 278.4460} {294.6920 278.6580}

Error ID          : 367
Error Type        : Off-grid
Error Layer       : VIA1 (12)
Number of errors  : 166
Description       :  -- 
Status            : error
Bbox              : {293.5480 281.7950} {293.5980 281.9970}

Error ID          : 368
Error Type        : Off-grid
Error Layer       : M2 (13)
Number of errors  : 166
Description       :  -- 
Status            : error
Bbox              : {293.5180 281.7900} {293.6280 282.0020}

Error ID          : 370
Error Type        : Off-grid
Error Layer       : VIA1 (12)
Number of errors  : 166
Description       :  -- 
Status            : error
Bbox              : {147.7800 293.0430} {147.8300 293.2450}

Error ID          : 371
Error Type        : Off-grid
Error Layer       : M2 (13)
Number of errors  : 166
Description       :  -- 
Status            : error
Bbox              : {147.7500 293.0380} {147.8600 293.2500}

Error ID          : 75
Error Type        : Short
Error Layer       : M1 (11)
Number of errors  : 1
Description       :  -- 
Status            : error
Bbox              : {300.6690 121.9120} {300.8190 122.0720}

Error ID          : 186
Error Type        : Less than minimum area
Error Layer       : M2 (13)
Number of errors  : 1
Description       :  -- 
Status            : error
Bbox              : {206.6260 238.2170} {206.6860 238.3270}

Error ID          : 342
Error Type        : Same net spacing
Error Layer       : M4 (17)
Number of errors  : 1
Description       :  -- 
Status            : error
Bbox              : {216.9060 265.6730} {217.0780 265.7430}

1
