DRC representative marker summary

drc_marker_count=377
representative_count=33

By type/layer:
  Diff net spacing | M1 (11): 129
  Off-grid | VIA1 (12): 82
  Off-grid | M2 (13): 81
  Needs fat contact | M1 (11)-M2 (13): 79
  Off-grid | M1 (11): 3
  Short | M1 (11): 1
  Less than minimum area | M2 (13): 1
  Same net spacing | M4 (17): 1

Top 20um buckets:
  220-240,220-240: 25
  240-260,220-240: 22
  220-240,240-260: 22
  240-260,240-260: 21
  220-240,200-220: 14
  200-220,240-260: 13
  200-220,220-240: 11
  240-260,140-160: 10
  200-220,040-060: 9
  220-240,100-120: 9
  180-200,140-160: 9
  200-220,260-280: 9
  280-300,240-260: 8
  180-200,260-280: 8
  240-260,120-140: 7
  240-260,280-300: 7
  300-320,240-260: 6
  220-240,260-280: 6
  160-180,140-160: 6
  180-200,040-060: 5
