Using libraries: cv32e40p_icc2_lib saed32rvt_tt saed32lvt_tt saed32hvt_tt
Visiting block cv32e40p_icc2_lib:cv32e40p_synth_wrap.design
Design 'cv32e40p_synth_wrap' was successfully linked.
Warning: Cell contains tie connections which are not connected to real PG. (ZRT-511)
NEX(Warning): extract.rc_techfile_for_diode_mode_26_thickness not set, will igonre it
Cell Min-Routing-Layer = M1
Cell Max-Routing-Layer = M8
Turn off antenna since no rule is specified
Information: Option route.detail.force_end_on_preferred_grid will be ignored since none of the layers have preferred grid. (ZRT-703)
Warning: Cannot find a default contact code for layer CO. (ZRT-022)
Warning: Port VDD of cell cv32e40p_synth_wrap is unplaced.  This may impact routing result. (ZRT-740)
Warning: Port VSS of cell cv32e40p_synth_wrap is unplaced.  This may impact routing result. (ZRT-740)
Warning: Ignore 2 top cell ports with no pins. (ZRT-027)
Skipping 6 internal pins that are not physical. Set route.common.verbose_level to > 0 and run routing command to get skipped pin names.
Info: number of net_type_blockage: 0 
Information: Via ladder engine would be activated for pattern must join connection in certain commands. Please refer to man-page for the command list. (ZRT-619)
Information: When applicable Min-max layer allow_pin_connection mode will allow paths of length 5.32 outside the layer range. (ZRT-707)
Information: When applicable Min-max layer allow_pin_connection mode will allow paths of length 5.32 outside the layer range on clock nets. (ZRT-718)
Information: When applicable layer based tapering will taper up to 0.00 in distance from the pin. (ZRT-706)
Warning: Standard cell pin MUX41X2_HVT/S0 has no valid via regions. (ZRT-044)


Start checking for open nets ... 

Total number of nets = 18836, of which 0 are not extracted
Total number of open nets = 0, of which 0 are frozen

Check 18836 nets, 0 have Errors

[CHECK OPEN NETS] Elapsed real time: 0:00:00 
[CHECK OPEN NETS] Elapsed cpu  time: sys=0:00:00 usr=0:00:00 total=0:00:00
[CHECK OPEN NETS] Stage (MB): Used    0  Alloctr    0  Proc    0 
[CHECK OPEN NETS] Total (MB): Used   62  Alloctr   63  Proc 4170 
Printing options for 'route.common.*'

Printing options for 'route.detail.*'
detail.antenna                                          :	 true                

Printing options for 'route.auto_via_ladder.*'


Begin full DRC check ...

Information: Using 1 threads for routing. (ZRT-444)
Checked	1/25 Partitions, Violations =	8
Checked	2/25 Partitions, Violations =	8
Checked	3/25 Partitions, Violations =	23
Checked	4/25 Partitions, Violations =	41
Checked	5/25 Partitions, Violations =	70
Checked	6/25 Partitions, Violations =	78
Checked	7/25 Partitions, Violations =	80
Checked	8/25 Partitions, Violations =	96
Checked	9/25 Partitions, Violations =	96
Checked	10/25 Partitions, Violations =	109
Checked	11/25 Partitions, Violations =	122
Checked	12/25 Partitions, Violations =	127
Checked	13/25 Partitions, Violations =	128
Checked	14/25 Partitions, Violations =	135
Checked	15/25 Partitions, Violations =	228
Checked	16/25 Partitions, Violations =	250
Checked	17/25 Partitions, Violations =	273
Checked	18/25 Partitions, Violations =	282
Checked	19/25 Partitions, Violations =	282
Checked	20/25 Partitions, Violations =	284
Checked	21/25 Partitions, Violations =	284
Checked	22/25 Partitions, Violations =	290
Checked	23/25 Partitions, Violations =	322
Checked	24/25 Partitions, Violations =	374
Checked	25/25 Partitions, Violations =	392
[DRC CHECK] Elapsed real time: 0:00:08 
[DRC CHECK] Elapsed cpu  time: sys=0:00:00 usr=0:00:08 total=0:00:08
[DRC CHECK] Stage (MB): Used    0  Alloctr    0  Proc  171 
[DRC CHECK] Total (MB): Used  155  Alloctr  157  Proc 4427 
Warning: No antenna rules defined, Skip antenna analysis. (ZRT-309)
Information: Merged away 2 aligned/redundant DRCs. (ZRT-305)

DRC-SUMMARY:
	@@@@@@@ TOTAL VIOLATIONS =	390
	Diff net spacing : 134
	Less than minimum area : 4
	Needs fat contact : 92
	Off-grid : 159
	Short : 1


Total Wire Length =                    801804 micron
Total Number of Contacts =             196751
Total Number of Wires =                203176
Total Number of PtConns =              23449
Total Number of Routed Wires =       203124
Total Routed Wire Length =           799116 micron
Total Number of Routed Contacts =       196751
	Layer                 M1 :      45706 micron
	Layer                 M2 :     221621 micron
	Layer                 M3 :     189612 micron
	Layer                 M4 :     145566 micron
	Layer                 M5 :      94586 micron
	Layer                 M6 :      54090 micron
	Layer                 M7 :      37179 micron
	Layer                 M8 :      10754 micron
	Layer                 M9 :          0 micron
	Layer               MRDL :          0 micron
	Via            VIA78SQ_C :        361
	Via       VIA67SQ_C(rot) :       2746
	Via            VIA56SQ_C :       4296
	Via       VIA45SQ_C(rot) :      12564
	Via            VIA34SQ_C :      20370
	Via       VIA34SQ_C(rot) :        188
	Via            VIA23SQ_C :       1359
	Via       VIA23SQ_C(rot) :      78008
	Via            VIA12SQ_C :      71464
	Via       VIA12SQ_C(rot) :       3367
	Via        VIA12SQ_C_2x1 :       1435
	Via   VIA12SQ_C(rot)_1x2 :        131
	Via   VIA12SQ_C(rot)_2x1 :          6
	Via        VIA12SQ_C_1x2 :        333
	Via          VIA12SQ_2x1 :          7
	Via     VIA12SQ(rot)_2x1 :         28
	Via          VIA12SQ_1x2 :         88

 
Redundant via conversion report:
--------------------------------

  Total optimized via conversion rate =  1.03% (2028 / 196751 vias)
 
    Layer VIA1       =  2.64% (2028   / 76859   vias)
        Weight 1     =  2.64% (2028    vias)
        Un-optimized =  0.00% (0       vias)
        Un-mapped    = 97.36% (74831   vias)
    Layer VIA2       =  0.00% (0      / 79367   vias)
        Un-optimized =  0.00% (0       vias)
        Un-mapped    = 100.00% (79367   vias)
    Layer VIA3       =  0.00% (0      / 20558   vias)
        Un-optimized =  0.00% (0       vias)
        Un-mapped    = 100.00% (20558   vias)
    Layer VIA4       =  0.00% (0      / 12564   vias)
        Un-optimized =  0.00% (0       vias)
        Un-mapped    = 100.00% (12564   vias)
    Layer VIA5       =  0.00% (0      / 4296    vias)
        Un-optimized =  0.00% (0       vias)
        Un-mapped    = 100.00% (4296    vias)
    Layer VIA6       =  0.00% (0      / 2746    vias)
        Un-optimized =  0.00% (0       vias)
        Un-mapped    = 100.00% (2746    vias)
    Layer VIA7       =  0.00% (0      / 361     vias)
        Un-optimized =  0.00% (0       vias)
        Un-mapped    = 100.00% (361     vias)
 
  Total double via conversion rate    =  1.03% (2028 / 196751 vias)
 
    Layer VIA1       =  2.64% (2028   / 76859   vias)
    Layer VIA2       =  0.00% (0      / 79367   vias)
    Layer VIA3       =  0.00% (0      / 20558   vias)
    Layer VIA4       =  0.00% (0      / 12564   vias)
    Layer VIA5       =  0.00% (0      / 4296    vias)
    Layer VIA6       =  0.00% (0      / 2746    vias)
    Layer VIA7       =  0.00% (0      / 361     vias)
 
  The optimized via conversion rate based on total routed via count =  1.03% (2028 / 196751 vias)
 
    Layer VIA1       =  2.64% (2028   / 76859   vias)
        Weight 1     =  2.64% (2028    vias)
        Un-optimized =  0.00% (0       vias)
        Un-mapped    = 97.36% (74831   vias)
    Layer VIA2       =  0.00% (0      / 79367   vias)
        Un-optimized =  0.00% (0       vias)
        Un-mapped    = 100.00% (79367   vias)
    Layer VIA3       =  0.00% (0      / 20558   vias)
        Un-optimized =  0.00% (0       vias)
        Un-mapped    = 100.00% (20558   vias)
    Layer VIA4       =  0.00% (0      / 12564   vias)
        Un-optimized =  0.00% (0       vias)
        Un-mapped    = 100.00% (12564   vias)
    Layer VIA5       =  0.00% (0      / 4296    vias)
        Un-optimized =  0.00% (0       vias)
        Un-mapped    = 100.00% (4296    vias)
    Layer VIA6       =  0.00% (0      / 2746    vias)
        Un-optimized =  0.00% (0       vias)
        Un-mapped    = 100.00% (2746    vias)
    Layer VIA7       =  0.00% (0      / 361     vias)
        Un-optimized =  0.00% (0       vias)
        Un-mapped    = 100.00% (361     vias)
 


Verify Summary:

Total number of nets = 18836, of which 0 are not extracted
Total number of open nets = 0, of which 0 are frozen
Total number of excluded ports = 0 ports of 0 unplaced cells connected to 0 nets
                                 0 ports without pins of 0 cells connected to 0 nets
                                 0 ports of 0 cover cells connected to 0 non-pg nets
Total number of DRCs = 390
Total number of antenna violations = no antenna rules defined
Total number of tie to rail violations = not checked
Total number of tie to rail directly violations = not checked


