****************************************
Report : Report drc errors
Design : cv32e40p_synth_wrap
Data   : zroute.err
Type   : detailed
Version: W-2024.09-SP2
Date   : Fri May  8 21:11:22 2026
****************************************

Error ID          : 378
Error Type        : Off-grid
Error Layer       : VIA1 (12)
Number of errors  : 159
Description       :  -- 
Status            : error
Bbox              : {239.6130 293.0430} {239.6630 293.2450}

Error ID          : 379
Error Type        : Off-grid
Error Layer       : M2 (13)
Number of errors  : 159
Description       :  -- 
Status            : error
Bbox              : {239.6080 293.0130} {239.6680 293.2750}

Error ID          : 0
Error Type        : Off-grid
Error Layer       : M2 (13)
Number of errors  : 159
Description       :  -- 
Status            : error
Bbox              : {39.3740 20.8060} {39.4840 21.0180}

Error ID          : 1
Error Type        : Off-grid
Error Layer       : VIA1 (12)
Number of errors  : 159
Description       :  -- 
Status            : error
Bbox              : {39.4040 20.8110} {39.4540 21.0130}

Error ID          : 11
Error Type        : Off-grid
Error Layer       : VIA1 (12)
Number of errors  : 159
Description       :  -- 
Status            : error
Bbox              : {220.5880 45.5870} {220.6380 45.7890}

Error ID          : 12
Error Type        : Off-grid
Error Layer       : M2 (13)
Number of errors  : 159
Description       :  -- 
Status            : error
Bbox              : {220.5580 45.5820} {220.6680 45.7940}

Error ID          : 16
Error Type        : Off-grid
Error Layer       : VIA1 (12)
Number of errors  : 159
Description       :  -- 
Status            : error
Bbox              : {201.8920 47.5630} {201.9420 47.7650}

Error ID          : 17
Error Type        : Off-grid
Error Layer       : M2 (13)
Number of errors  : 159
Description       :  -- 
Status            : error
Bbox              : {201.8620 47.5580} {201.9720 47.7700}

Error ID          : 19
Error Type        : Off-grid
Error Layer       : VIA1 (12)
Number of errors  : 159
Description       :  -- 
Status            : error
Bbox              : {215.5720 51.0590} {215.6220 51.2610}

Error ID          : 20
Error Type        : Off-grid
Error Layer       : M2 (13)
Number of errors  : 159
Description       :  -- 
Status            : error
Bbox              : {215.5420 51.0540} {215.6520 51.2660}

Error ID          : 25
Error Type        : Off-grid
Error Layer       : VIA1 (12)
Number of errors  : 159
Description       :  -- 
Status            : error
Bbox              : {216.4840 48.9310} {216.5340 49.1330}

Error ID          : 26
Error Type        : Off-grid
Error Layer       : M2 (13)
Number of errors  : 159
Description       :  -- 
Status            : error
Bbox              : {216.4540 48.9260} {216.5640 49.1380}

Error ID          : 27
Error Type        : Off-grid
Error Layer       : VIA1 (12)
Number of errors  : 159
Description       :  -- 
Status            : error
Bbox              : {218.0040 48.9310} {218.0540 49.1330}

Error ID          : 28
Error Type        : Off-grid
Error Layer       : M2 (13)
Number of errors  : 159
Description       :  -- 
Status            : error
Bbox              : {217.9740 48.9260} {218.0840 49.1380}

Error ID          : 32
Error Type        : Off-grid
Error Layer       : VIA1 (12)
Number of errors  : 159
Description       :  -- 
Status            : error
Bbox              : {228.3400 68.9950} {228.3900 69.1970}

Error ID          : 33
Error Type        : Off-grid
Error Layer       : M2 (13)
Number of errors  : 159
Description       :  -- 
Status            : error
Bbox              : {228.3100 68.9900} {228.4200 69.2020}

Error ID          : 37
Error Type        : Off-grid
Error Layer       : VIA1 (12)
Number of errors  : 159
Description       :  -- 
Status            : error
Bbox              : {300.9960 79.0270} {301.0460 79.2290}

Error ID          : 72
Error Type        : Off-grid
Error Layer       : VIA1 (12)
Number of errors  : 159
Description       :  -- 
Status            : error
Bbox              : {206.1730 101.2190} {206.2230 101.4210}

Error ID          : 92
Error Type        : Off-grid
Error Layer       : M2 (13)
Number of errors  : 159
Description       :  -- 
Status            : error
Bbox              : {217.4160 125.8130} {217.4760 126.0750}

Error ID          : 93
Error Type        : Off-grid
Error Layer       : VIA1 (12)
Number of errors  : 159
Description       :  -- 
Status            : error
Bbox              : {217.4210 125.8430} {217.4710 126.0450}

Error ID          : 94
Error Type        : Off-grid
Error Layer       : M2 (13)
Number of errors  : 159
Description       :  -- 
Status            : error
Bbox              : {218.1260 129.1820} {218.2360 129.3940}

Error ID          : 95
Error Type        : Off-grid
Error Layer       : VIA1 (12)
Number of errors  : 159
Description       :  -- 
Status            : error
Bbox              : {218.1560 129.1870} {218.2060 129.3890}

Error ID          : 96
Error Type        : Off-grid
Error Layer       : VIA1 (12)
Number of errors  : 159
Description       :  -- 
Status            : error
Bbox              : {264.0850 121.2830} {264.1350 121.4850}

Error ID          : 97
Error Type        : Off-grid
Error Layer       : M2 (13)
Number of errors  : 159
Description       :  -- 
Status            : error
Bbox              : {264.0800 121.2530} {264.1400 121.5150}

Error ID          : 99
Error Type        : Off-grid
Error Layer       : VIA1 (12)
Number of errors  : 159
Description       :  -- 
Status            : error
Bbox              : {256.3330 119.1550} {256.3830 119.3570}

Error ID          : 100
Error Type        : Off-grid
Error Layer       : VIA1 (12)
Number of errors  : 159
Description       :  -- 
Status            : error
Bbox              : {261.8050 124.6270} {261.8550 124.8290}

Error ID          : 101
Error Type        : Off-grid
Error Layer       : M2 (13)
Number of errors  : 159
Description       :  -- 
Status            : error
Bbox              : {261.8000 124.5970} {261.8600 124.8590}

Error ID          : 104
Error Type        : Off-grid
Error Layer       : VIA1 (12)
Number of errors  : 159
Description       :  -- 
Status            : error
Bbox              : {291.8760 119.1550} {291.9260 119.3570}

Error ID          : 105
Error Type        : Off-grid
Error Layer       : M2 (13)
Number of errors  : 159
Description       :  -- 
Status            : error
Bbox              : {291.8460 119.1500} {291.9560 119.3620}

Error ID          : 107
Error Type        : Off-grid
Error Layer       : VIA1 (12)
Number of errors  : 159
Description       :  -- 
Status            : error
Bbox              : {276.0930 135.8750} {276.1430 136.0770}

Error ID          : 108
Error Type        : Off-grid
Error Layer       : M2 (13)
Number of errors  : 159
Description       :  -- 
Status            : error
Bbox              : {276.0880 135.8450} {276.1480 136.1070}

Error ID          : 111
Error Type        : Off-grid
Error Layer       : VIA1 (12)
Number of errors  : 159
Description       :  -- 
Status            : error
Bbox              : {178.4840 151.3790} {178.5340 151.5810}

Error ID          : 112
Error Type        : Off-grid
Error Layer       : M2 (13)
Number of errors  : 159
Description       :  -- 
Status            : error
Bbox              : {178.4540 151.3740} {178.5640 151.5860}

Error ID          : 113
Error Type        : Off-grid
Error Layer       : VIA1 (12)
Number of errors  : 159
Description       :  -- 
Status            : error
Bbox              : {179.2730 152.5950} {179.3230 152.7970}

Error ID          : 114
Error Type        : Off-grid
Error Layer       : M2 (13)
Number of errors  : 159
Description       :  -- 
Status            : error
Bbox              : {179.2680 152.5650} {179.3280 152.8270}

Error ID          : 115
Error Type        : Off-grid
Error Layer       : VIA1 (12)
Number of errors  : 159
Description       :  -- 
Status            : error
Bbox              : {190.7960 149.2510} {190.8460 149.4530}

Error ID          : 116
Error Type        : Off-grid
Error Layer       : M2 (13)
Number of errors  : 159
Description       :  -- 
Status            : error
Bbox              : {190.7660 149.2460} {190.8760 149.4580}

Error ID          : 125
Error Type        : Off-grid
Error Layer       : VIA1 (12)
Number of errors  : 159
Description       :  -- 
Status            : error
Bbox              : {208.8840 164.7550} {208.9340 164.9570}

Error ID          : 126
Error Type        : Off-grid
Error Layer       : M2 (13)
Number of errors  : 159
Description       :  -- 
Status            : error
Bbox              : {208.8540 164.7500} {208.9640 164.9620}

Error ID          : 130
Error Type        : Off-grid
Error Layer       : M1 (11)
Number of errors  : 159
Description       :  -- 
Status            : error
Bbox              : {180.6860 182.7620} {180.8490 182.8280}

Error ID          : 134
Error Type        : Off-grid
Error Layer       : VIA1 (12)
Number of errors  : 159
Description       :  -- 
Status            : error
Bbox              : {232.7480 199.4110} {232.7980 199.6130}

Error ID          : 135
Error Type        : Off-grid
Error Layer       : M2 (13)
Number of errors  : 159
Description       :  -- 
Status            : error
Bbox              : {232.7180 199.4060} {232.8280 199.6180}

Error ID          : 136
Error Type        : Off-grid
Error Layer       : VIA1 (12)
Number of errors  : 159
Description       :  -- 
Status            : error
Bbox              : {229.8850 201.5390} {229.9350 201.7410}

Error ID          : 137
Error Type        : Off-grid
Error Layer       : M2 (13)
Number of errors  : 159
Description       :  -- 
Status            : error
Bbox              : {229.8800 201.5090} {229.9400 201.7710}

Error ID          : 138
Error Type        : Off-grid
Error Layer       : VIA1 (12)
Number of errors  : 159
Description       :  -- 
Status            : error
Bbox              : {240.6520 199.4110} {240.7020 199.6130}

Error ID          : 139
Error Type        : Off-grid
Error Layer       : M2 (13)
Number of errors  : 159
Description       :  -- 
Status            : error
Bbox              : {240.6220 199.4060} {240.7320 199.6180}

Error ID          : 140
Error Type        : Off-grid
Error Layer       : VIA1 (12)
Number of errors  : 159
Description       :  -- 
Status            : error
Bbox              : {242.0200 198.1950} {242.0700 198.3970}

Error ID          : 141
Error Type        : Off-grid
Error Layer       : M2 (13)
Number of errors  : 159
Description       :  -- 
Status            : error
Bbox              : {241.9900 198.1900} {242.1000 198.4020}

Error ID          : 150
Error Type        : Off-grid
Error Layer       : M2 (13)
Number of errors  : 159
Description       :  -- 
Status            : error
Bbox              : {233.4780 214.9100} {233.5880 215.1220}

Error ID          : 151
Error Type        : Off-grid
Error Layer       : VIA1 (12)
Number of errors  : 159
Description       :  -- 
Status            : error
Bbox              : {233.5080 214.9150} {233.5580 215.1170}

Error ID          : 152
Error Type        : Off-grid
Error Layer       : M1 (11)
Number of errors  : 159
Description       :  -- 
Status            : error
Bbox              : {236.8490 209.5140} {236.9590 209.5740}

Error ID          : 153
Error Type        : Off-grid
Error Layer       : VIA1 (12)
Number of errors  : 159
Description       :  -- 
Status            : error
Bbox              : {239.5880 212.7870} {239.6380 212.9890}

Error ID          : 154
Error Type        : Off-grid
Error Layer       : M2 (13)
Number of errors  : 159
Description       :  -- 
Status            : error
Bbox              : {239.5580 212.7820} {239.6680 212.9940}

Error ID          : 155
Error Type        : Off-grid
Error Layer       : VIA1 (12)
Number of errors  : 159
Description       :  -- 
Status            : error
Bbox              : {233.9640 209.4430} {234.0140 209.6450}

Error ID          : 156
Error Type        : Off-grid
Error Layer       : VIA1 (12)
Number of errors  : 159
Description       :  -- 
Status            : error
Bbox              : {233.2290 208.2270} {233.2790 208.4290}

Error ID          : 157
Error Type        : Off-grid
Error Layer       : M2 (13)
Number of errors  : 159
Description       :  -- 
Status            : error
Bbox              : {233.2240 208.1970} {233.2840 208.4590}

Error ID          : 158
Error Type        : Off-grid
Error Layer       : VIA1 (12)
Number of errors  : 159
Description       :  -- 
Status            : error
Bbox              : {230.9240 208.2270} {230.9740 208.4290}

Error ID          : 159
Error Type        : Off-grid
Error Layer       : M2 (13)
Number of errors  : 159
Description       :  -- 
Status            : error
Bbox              : {230.8940 208.2220} {231.0040 208.4340}

Error ID          : 160
Error Type        : Off-grid
Error Layer       : VIA1 (12)
Number of errors  : 159
Description       :  -- 
Status            : error
Bbox              : {228.1880 204.8830} {228.2380 205.0850}

Error ID          : 161
Error Type        : Off-grid
Error Layer       : M2 (13)
Number of errors  : 159
Description       :  -- 
Status            : error
Bbox              : {228.1580 204.8780} {228.2680 205.0900}

Error ID          : 162
Error Type        : Off-grid
Error Layer       : M2 (13)
Number of errors  : 159
Description       :  -- 
Status            : error
Bbox              : {242.9020 212.7820} {243.0120 212.9940}

Error ID          : 163
Error Type        : Off-grid
Error Layer       : VIA1 (12)
Number of errors  : 159
Description       :  -- 
Status            : error
Bbox              : {242.9320 212.7870} {242.9820 212.9890}

Error ID          : 164
Error Type        : Off-grid
Error Layer       : M2 (13)
Number of errors  : 159
Description       :  -- 
Status            : error
Bbox              : {240.7740 214.9100} {240.8840 215.1220}

Error ID          : 165
Error Type        : Off-grid
Error Layer       : VIA1 (12)
Number of errors  : 159
Description       :  -- 
Status            : error
Bbox              : {240.8040 214.9150} {240.8540 215.1170}

Error ID          : 166
Error Type        : Off-grid
Error Layer       : VIA1 (12)
Number of errors  : 159
Description       :  -- 
Status            : error
Bbox              : {259.3730 209.5950} {259.4230 209.7970}

Error ID          : 167
Error Type        : Off-grid
Error Layer       : M2 (13)
Number of errors  : 159
Description       :  -- 
Status            : error
Bbox              : {259.3680 209.5650} {259.4280 209.8270}

Error ID          : 171
Error Type        : Off-grid
Error Layer       : M2 (13)
Number of errors  : 159
Description       :  -- 
Status            : error
Bbox              : {192.6400 218.0770} {192.7000 218.3390}

Error ID          : 172
Error Type        : Off-grid
Error Layer       : VIA1 (12)
Number of errors  : 159
Description       :  -- 
Status            : error
Bbox              : {192.6450 218.1070} {192.6950 218.3090}

Error ID          : 173
Error Type        : Off-grid
Error Layer       : VIA1 (12)
Number of errors  : 159
Description       :  -- 
Status            : error
Bbox              : {242.7800 216.1310} {242.8300 216.3330}

Error ID          : 174
Error Type        : Off-grid
Error Layer       : M2 (13)
Number of errors  : 159
Description       :  -- 
Status            : error
Bbox              : {242.7500 216.1260} {242.8600 216.3380}

Error ID          : 175
Error Type        : Off-grid
Error Layer       : VIA1 (12)
Number of errors  : 159
Description       :  -- 
Status            : error
Bbox              : {240.9560 218.2590} {241.0060 218.4610}

Error ID          : 176
Error Type        : Off-grid
Error Layer       : M2 (13)
Number of errors  : 159
Description       :  -- 
Status            : error
Bbox              : {240.9260 218.2540} {241.0360 218.4660}

Error ID          : 177
Error Type        : Off-grid
Error Layer       : VIA1 (12)
Number of errors  : 159
Description       :  -- 
Status            : error
Bbox              : {240.6520 216.1310} {240.7020 216.3330}

Error ID          : 178
Error Type        : Off-grid
Error Layer       : M2 (13)
Number of errors  : 159
Description       :  -- 
Status            : error
Bbox              : {240.6220 216.1260} {240.7320 216.3380}

Error ID          : 182
Error Type        : Off-grid
Error Layer       : VIA1 (12)
Number of errors  : 159
Description       :  -- 
Status            : error
Bbox              : {44.1160 238.3230} {44.1660 238.5250}

Error ID          : 183
Error Type        : Off-grid
Error Layer       : M2 (13)
Number of errors  : 159
Description       :  -- 
Status            : error
Bbox              : {44.0860 238.3180} {44.1960 238.5300}

Error ID          : 185
Error Type        : Off-grid
Error Layer       : VIA1 (12)
Number of errors  : 159
Description       :  -- 
Status            : error
Bbox              : {239.3380 238.3230} {239.3880 238.5250}

Error ID          : 186
Error Type        : Off-grid
Error Layer       : M2 (13)
Number of errors  : 159
Description       :  -- 
Status            : error
Bbox              : {239.3080 238.3180} {239.4180 238.5300}

Error ID          : 188
Error Type        : Off-grid
Error Layer       : VIA1 (12)
Number of errors  : 159
Description       :  -- 
Status            : error
Bbox              : {255.3960 236.1950} {255.4460 236.3970}

Error ID          : 189
Error Type        : Off-grid
Error Layer       : M2 (13)
Number of errors  : 159
Description       :  -- 
Status            : error
Bbox              : {255.3660 236.1900} {255.4760 236.4020}

Error ID          : 190
Error Type        : Off-grid
Error Layer       : VIA1 (12)
Number of errors  : 159
Description       :  -- 
Status            : error
Bbox              : {299.1720 239.5390} {299.2220 239.7410}

Error ID          : 191
Error Type        : Off-grid
Error Layer       : M2 (13)
Number of errors  : 159
Description       :  -- 
Status            : error
Bbox              : {299.1420 239.5340} {299.2520 239.7460}

Error ID          : 192
Error Type        : Off-grid
Error Layer       : M2 (13)
Number of errors  : 159
Description       :  -- 
Status            : error
Bbox              : {299.6480 228.2610} {299.7080 228.5230}

Error ID          : 193
Error Type        : Off-grid
Error Layer       : VIA1 (12)
Number of errors  : 159
Description       :  -- 
Status            : error
Bbox              : {299.6530 228.2910} {299.7030 228.4930}

Error ID          : 196
Error Type        : Off-grid
Error Layer       : VIA1 (12)
Number of errors  : 159
Description       :  -- 
Status            : error
Bbox              : {47.1560 248.2030} {47.2060 248.4050}

Error ID          : 197
Error Type        : Off-grid
Error Layer       : M2 (13)
Number of errors  : 159
Description       :  -- 
Status            : error
Bbox              : {47.1260 248.1980} {47.2360 248.4100}

Error ID          : 205
Error Type        : Off-grid
Error Layer       : VIA1 (12)
Number of errors  : 159
Description       :  -- 
Status            : error
Bbox              : {236.5730 246.2270} {236.6230 246.4290}

Error ID          : 206
Error Type        : Off-grid
Error Layer       : VIA1 (12)
Number of errors  : 159
Description       :  -- 
Status            : error
Bbox              : {239.3130 241.6670} {239.3630 241.8690}

Error ID          : 207
Error Type        : Off-grid
Error Layer       : M2 (13)
Number of errors  : 159
Description       :  -- 
Status            : error
Bbox              : {239.3080 241.6370} {239.3680 241.8990}

Error ID          : 208
Error Type        : Off-grid
Error Layer       : M2 (13)
Number of errors  : 159
Description       :  -- 
Status            : error
Bbox              : {230.5900 242.8780} {230.7000 243.0900}

Error ID          : 209
Error Type        : Off-grid
Error Layer       : VIA1 (12)
Number of errors  : 159
Description       :  -- 
Status            : error
Bbox              : {230.6200 242.8830} {230.6700 243.0850}

Error ID          : 210
Error Type        : Off-grid
Error Layer       : M2 (13)
Number of errors  : 159
Description       :  -- 
Status            : error
Bbox              : {234.3900 242.8780} {234.5000 243.0900}

Error ID          : 211
Error Type        : Off-grid
Error Layer       : VIA1 (12)
Number of errors  : 159
Description       :  -- 
Status            : error
Bbox              : {234.4200 242.8830} {234.4700 243.0850}

Error ID          : 212
Error Type        : Off-grid
Error Layer       : M2 (13)
Number of errors  : 159
Description       :  -- 
Status            : error
Bbox              : {230.7420 245.0060} {230.8520 245.2180}

Error ID          : 213
Error Type        : Off-grid
Error Layer       : VIA1 (12)
Number of errors  : 159
Description       :  -- 
Status            : error
Bbox              : {230.7720 245.0110} {230.8220 245.2130}

Error ID          : 214
Error Type        : Off-grid
Error Layer       : M2 (13)
Number of errors  : 159
Description       :  -- 
Status            : error
Bbox              : {233.0220 245.0060} {233.1320 245.2180}

Error ID          : 215
Error Type        : Off-grid
Error Layer       : VIA1 (12)
Number of errors  : 159
Description       :  -- 
Status            : error
Bbox              : {233.0520 245.0110} {233.1020 245.2130}

Error ID          : 216
Error Type        : Off-grid
Error Layer       : M2 (13)
Number of errors  : 159
Description       :  -- 
Status            : error
Bbox              : {234.5420 249.5660} {234.6520 249.7780}

Error ID          : 217
Error Type        : Off-grid
Error Layer       : VIA1 (12)
Number of errors  : 159
Description       :  -- 
Status            : error
Bbox              : {234.5720 249.5710} {234.6220 249.7730}

Error ID          : 218
Error Type        : Off-grid
Error Layer       : VIA1 (12)
Number of errors  : 159
Description       :  -- 
Status            : error
Bbox              : {238.5240 249.5710} {238.5740 249.7730}

Error ID          : 219
Error Type        : Off-grid
Error Layer       : M2 (13)
Number of errors  : 159
Description       :  -- 
Status            : error
Bbox              : {238.4940 249.5660} {238.6040 249.7780}

Error ID          : 220
Error Type        : Off-grid
Error Layer       : VIA1 (12)
Number of errors  : 159
Description       :  -- 
Status            : error
Bbox              : {235.9650 241.6670} {236.0150 241.8690}

Error ID          : 221
Error Type        : Off-grid
Error Layer       : M2 (13)
Number of errors  : 159
Description       :  -- 
Status            : error
Bbox              : {235.9600 241.6370} {236.0200 241.8990}

Error ID          : 222
Error Type        : Off-grid
Error Layer       : VIA1 (12)
Number of errors  : 159
Description       :  -- 
Status            : error
Bbox              : {243.6920 251.6990} {243.7420 251.9010}

Error ID          : 223
Error Type        : Off-grid
Error Layer       : M2 (13)
Number of errors  : 159
Description       :  -- 
Status            : error
Bbox              : {243.6620 251.6940} {243.7720 251.9060}

Error ID          : 225
Error Type        : Off-grid
Error Layer       : VIA1 (12)
Number of errors  : 159
Description       :  -- 
Status            : error
Bbox              : {240.9810 242.8830} {241.0310 243.0850}

Error ID          : 226
Error Type        : Off-grid
Error Layer       : M2 (13)
Number of errors  : 159
Description       :  -- 
Status            : error
Bbox              : {240.9760 242.8530} {241.0360 243.1150}

Error ID          : 227
Error Type        : Off-grid
Error Layer       : VIA1 (12)
Number of errors  : 159
Description       :  -- 
Status            : error
Bbox              : {241.4370 241.6670} {241.4870 241.8690}

Error ID          : 228
Error Type        : Off-grid
Error Layer       : M2 (13)
Number of errors  : 159
Description       :  -- 
Status            : error
Bbox              : {241.4320 241.6370} {241.4920 241.8990}

Error ID          : 230
Error Type        : Off-grid
Error Layer       : VIA1 (12)
Number of errors  : 159
Description       :  -- 
Status            : error
Bbox              : {256.3080 249.5710} {256.3580 249.7730}

Error ID          : 231
Error Type        : Off-grid
Error Layer       : M2 (13)
Number of errors  : 159
Description       :  -- 
Status            : error
Bbox              : {256.2780 249.5660} {256.3880 249.7780}

Error ID          : 234
Error Type        : Off-grid
Error Layer       : VIA1 (12)
Number of errors  : 159
Description       :  -- 
Status            : error
Bbox              : {264.3640 242.8830} {264.4140 243.0850}

Error ID          : 243
Error Type        : Off-grid
Error Layer       : VIA1 (12)
Number of errors  : 159
Description       :  -- 
Status            : error
Bbox              : {48.9800 256.4110} {49.0300 256.6130}

Error ID          : 244
Error Type        : Off-grid
Error Layer       : M2 (13)
Number of errors  : 159
Description       :  -- 
Status            : error
Bbox              : {48.9500 256.4060} {49.0600 256.6180}

Error ID          : 252
Error Type        : Off-grid
Error Layer       : VIA1 (12)
Number of errors  : 159
Description       :  -- 
Status            : error
Bbox              : {236.2690 261.7310} {236.3190 261.9330}

Error ID          : 253
Error Type        : Off-grid
Error Layer       : M2 (13)
Number of errors  : 159
Description       :  -- 
Status            : error
Bbox              : {236.2640 261.7010} {236.3240 261.9630}

Error ID          : 254
Error Type        : Off-grid
Error Layer       : VIA1 (12)
Number of errors  : 159
Description       :  -- 
Status            : error
Bbox              : {237.0040 255.0430} {237.0540 255.2450}

Error ID          : 255
Error Type        : Off-grid
Error Layer       : M2 (13)
Number of errors  : 159
Description       :  -- 
Status            : error
Bbox              : {236.9740 255.0380} {237.0840 255.2500}

Error ID          : 257
Error Type        : Off-grid
Error Layer       : M2 (13)
Number of errors  : 159
Description       :  -- 
Status            : error
Bbox              : {241.2800 252.8850} {241.3400 253.1470}

Error ID          : 258
Error Type        : Off-grid
Error Layer       : VIA1 (12)
Number of errors  : 159
Description       :  -- 
Status            : error
Bbox              : {241.2850 252.9150} {241.3350 253.1170}

Error ID          : 259
Error Type        : Off-grid
Error Layer       : M2 (13)
Number of errors  : 159
Description       :  -- 
Status            : error
Bbox              : {242.1920 258.3570} {242.2520 258.6190}

Error ID          : 260
Error Type        : Off-grid
Error Layer       : VIA1 (12)
Number of errors  : 159
Description       :  -- 
Status            : error
Bbox              : {242.1970 258.3870} {242.2470 258.5890}

Error ID          : 261
Error Type        : Off-grid
Error Layer       : VIA1 (12)
Number of errors  : 159
Description       :  -- 
Status            : error
Bbox              : {252.0520 256.2590} {252.1020 256.4610}

Error ID          : 263
Error Type        : Off-grid
Error Layer       : VIA1 (12)
Number of errors  : 159
Description       :  -- 
Status            : error
Bbox              : {252.0520 262.9470} {252.1020 263.1490}

Error ID          : 264
Error Type        : Off-grid
Error Layer       : M2 (13)
Number of errors  : 159
Description       :  -- 
Status            : error
Bbox              : {252.0220 262.9420} {252.1320 263.1540}

Error ID          : 265
Error Type        : Off-grid
Error Layer       : VIA1 (12)
Number of errors  : 159
Description       :  -- 
Status            : error
Bbox              : {261.0200 255.0430} {261.0700 255.2450}

Error ID          : 266
Error Type        : Off-grid
Error Layer       : M2 (13)
Number of errors  : 159
Description       :  -- 
Status            : error
Bbox              : {260.9900 255.0380} {261.1000 255.2500}

Error ID          : 267
Error Type        : Off-grid
Error Layer       : VIA1 (12)
Number of errors  : 159
Description       :  -- 
Status            : error
Bbox              : {264.2370 252.9150} {264.2870 253.1170}

Error ID          : 268
Error Type        : Off-grid
Error Layer       : M2 (13)
Number of errors  : 159
Description       :  -- 
Status            : error
Bbox              : {264.2320 252.8850} {264.2920 253.1470}

Error ID          : 280
Error Type        : Off-grid
Error Layer       : VIA1 (12)
Number of errors  : 159
Description       :  -- 
Status            : error
Bbox              : {58.1000 269.7870} {58.1500 269.9890}

Error ID          : 281
Error Type        : Off-grid
Error Layer       : M2 (13)
Number of errors  : 159
Description       :  -- 
Status            : error
Bbox              : {58.0700 269.7820} {58.1800 269.9940}

Error ID          : 282
Error Type        : Off-grid
Error Layer       : VIA1 (12)
Number of errors  : 159
Description       :  -- 
Status            : error
Bbox              : {65.1170 266.4430} {65.1670 266.6450}

Error ID          : 283
Error Type        : Off-grid
Error Layer       : M2 (13)
Number of errors  : 159
Description       :  -- 
Status            : error
Bbox              : {65.1120 266.4130} {65.1720 266.6750}

Error ID          : 302
Error Type        : Off-grid
Error Layer       : VIA1 (12)
Number of errors  : 159
Description       :  -- 
Status            : error
Bbox              : {241.1080 271.7630} {241.1580 271.9650}

Error ID          : 303
Error Type        : Off-grid
Error Layer       : M2 (13)
Number of errors  : 159
Description       :  -- 
Status            : error
Bbox              : {241.0780 271.7580} {241.1880 271.9700}

Error ID          : 304
Error Type        : Off-grid
Error Layer       : M2 (13)
Number of errors  : 159
Description       :  -- 
Status            : error
Bbox              : {256.1760 266.2610} {256.2360 266.5230}

Error ID          : 305
Error Type        : Off-grid
Error Layer       : VIA1 (12)
Number of errors  : 159
Description       :  -- 
Status            : error
Bbox              : {256.1810 266.2910} {256.2310 266.4930}

Error ID          : 307
Error Type        : Off-grid
Error Layer       : VIA1 (12)
Number of errors  : 159
Description       :  -- 
Status            : error
Bbox              : {255.0920 272.9790} {255.1420 273.1810}

Error ID          : 308
Error Type        : Off-grid
Error Layer       : M2 (13)
Number of errors  : 159
Description       :  -- 
Status            : error
Bbox              : {255.0620 272.9740} {255.1720 273.1860}

Error ID          : 309
Error Type        : Off-grid
Error Layer       : VIA1 (12)
Number of errors  : 159
Description       :  -- 
Status            : error
Bbox              : {256.6120 272.9790} {256.6620 273.1810}

Error ID          : 310
Error Type        : Off-grid
Error Layer       : M2 (13)
Number of errors  : 159
Description       :  -- 
Status            : error
Bbox              : {256.5820 272.9740} {256.6920 273.1860}

Error ID          : 311
Error Type        : Off-grid
Error Layer       : VIA1 (12)
Number of errors  : 159
Description       :  -- 
Status            : error
Bbox              : {254.9400 268.4190} {254.9900 268.6210}

Error ID          : 312
Error Type        : Off-grid
Error Layer       : M2 (13)
Number of errors  : 159
Description       :  -- 
Status            : error
Bbox              : {254.9100 268.4140} {255.0200 268.6260}

Error ID          : 313
Error Type        : Off-grid
Error Layer       : VIA1 (12)
Number of errors  : 159
Description       :  -- 
Status            : error
Bbox              : {256.0040 269.6350} {256.0540 269.8370}

Error ID          : 314
Error Type        : Off-grid
Error Layer       : M2 (13)
Number of errors  : 159
Description       :  -- 
Status            : error
Bbox              : {255.9740 269.6300} {256.0840 269.8420}

Error ID          : 322
Error Type        : Off-grid
Error Layer       : VIA1 (12)
Number of errors  : 159
Description       :  -- 
Status            : error
Bbox              : {63.2680 284.9870} {63.3180 285.1890}

Error ID          : 323
Error Type        : Off-grid
Error Layer       : M2 (13)
Number of errors  : 159
Description       :  -- 
Status            : error
Bbox              : {63.2380 284.9820} {63.3480 285.1940}

Error ID          : 334
Error Type        : Off-grid
Error Layer       : VIA1 (12)
Number of errors  : 159
Description       :  -- 
Status            : error
Bbox              : {227.2760 284.9870} {227.3260 285.1890}

Error ID          : 335
Error Type        : Off-grid
Error Layer       : M2 (13)
Number of errors  : 159
Description       :  -- 
Status            : error
Bbox              : {227.2460 284.9820} {227.3560 285.1940}

Error ID          : 346
Error Type        : Off-grid
Error Layer       : VIA1 (12)
Number of errors  : 159
Description       :  -- 
Status            : error
Bbox              : {283.6680 286.3550} {283.7180 286.5570}

Error ID          : 347
Error Type        : Off-grid
Error Layer       : M2 (13)
Number of errors  : 159
Description       :  -- 
Status            : error
Bbox              : {283.6380 286.3500} {283.7480 286.5620}

Error ID          : 348
Error Type        : Off-grid
Error Layer       : VIA1 (12)
Number of errors  : 159
Description       :  -- 
Status            : error
Bbox              : {295.5490 278.4510} {295.5990 278.6530}

Error ID          : 349
Error Type        : Off-grid
Error Layer       : M2 (13)
Number of errors  : 159
Description       :  -- 
Status            : error
Bbox              : {295.5440 278.4210} {295.6040 278.6830}

Error ID          : 350
Error Type        : Off-grid
Error Layer       : VIA1 (12)
Number of errors  : 159
Description       :  -- 
Status            : error
Bbox              : {292.4840 286.3550} {292.5340 286.5570}

Error ID          : 351
Error Type        : Off-grid
Error Layer       : M2 (13)
Number of errors  : 159
Description       :  -- 
Status            : error
Bbox              : {292.4540 286.3500} {292.5640 286.5620}

Error ID          : 354
Error Type        : Off-grid
Error Layer       : M1 (11)
Number of errors  : 159
Description       :  -- 
Status            : error
Bbox              : {59.6170 293.1140} {59.7270 293.1740}

Error ID          : 355
Error Type        : Off-grid
Error Layer       : VIA1 (12)
Number of errors  : 159
Description       :  -- 
Status            : error
Bbox              : {76.1880 295.1710} {76.2380 295.3730}

Error ID          : 356
Error Type        : Off-grid
Error Layer       : M2 (13)
Number of errors  : 159
Description       :  -- 
Status            : error
Bbox              : {76.1580 295.1660} {76.2680 295.3780}

Error ID          : 357
Error Type        : Off-grid
Error Layer       : M1 (11)
Number of errors  : 159
Description       :  -- 
Status            : error
Bbox              : {77.2490 296.4580} {77.3590 296.5180}

Error ID          : 380
Error Type        : Diff net spacing
Error Layer       : M1 (11)
Number of errors  : 134
Description       :  -- 
Status            : error
Bbox              : {228.9200 289.6950} {229.0800 289.7780}

Error ID          : 381
Error Type        : Diff net spacing
Error Layer       : M1 (11)
Number of errors  : 134
Description       :  -- 
Status            : error
Bbox              : {236.9760 293.0390} {237.1360 293.1220}

Error ID          : 382
Error Type        : Diff net spacing
Error Layer       : M1 (11)
Number of errors  : 134
Description       :  -- 
Status            : error
Bbox              : {240.6240 295.2940} {240.7840 295.3770}

Error ID          : 383
Error Type        : Diff net spacing
Error Layer       : M1 (11)
Number of errors  : 134
Description       :  -- 
Status            : error
Bbox              : {240.6240 289.6950} {240.7840 289.7780}

Error ID          : 384
Error Type        : Diff net spacing
Error Layer       : M1 (11)
Number of errors  : 134
Description       :  -- 
Status            : error
Bbox              : {133.1600 305.3260} {133.3200 305.4090}

Error ID          : 385
Error Type        : Diff net spacing
Error Layer       : M1 (11)
Number of errors  : 134
Description       :  -- 
Status            : error
Bbox              : {166.1440 305.3260} {166.3040 305.4090}

Error ID          : 386
Error Type        : Diff net spacing
Error Layer       : M1 (11)
Number of errors  : 134
Description       :  -- 
Status            : error
Bbox              : {169.3360 301.9820} {169.4960 302.0650}

Error ID          : 387
Error Type        : Diff net spacing
Error Layer       : M1 (11)
Number of errors  : 134
Description       :  -- 
Status            : error
Bbox              : {200.6480 305.3260} {200.8080 305.4090}

Error ID          : 2
Error Type        : Diff net spacing
Error Layer       : M1 (11)
Number of errors  : 134
Description       :  -- 
Status            : error
Bbox              : {115.0720 21.0860} {115.2320 21.1690}

Error ID          : 3
Error Type        : Diff net spacing
Error Layer       : M1 (11)
Number of errors  : 134
Description       :  -- 
Status            : error
Bbox              : {202.9280 24.4300} {203.0880 24.5130}

Error ID          : 4
Error Type        : Diff net spacing
Error Layer       : M1 (11)
Number of errors  : 134
Description       :  -- 
Status            : error
Bbox              : {205.3600 31.1180} {205.5200 31.2010}

Error ID          : 5
Error Type        : Diff net spacing
Error Layer       : M1 (11)
Number of errors  : 134
Description       :  -- 
Status            : error
Bbox              : {213.4160 32.2070} {213.5760 32.2900}

Error ID          : 7
Error Type        : Diff net spacing
Error Layer       : M1 (11)
Number of errors  : 134
Description       :  -- 
Status            : error
Bbox              : {198.0640 35.5510} {198.2240 35.6340}

Error ID          : 8
Error Type        : Diff net spacing
Error Layer       : M1 (11)
Number of errors  : 134
Description       :  -- 
Status            : error
Bbox              : {199.2800 38.8950} {199.4400 38.9780}

Error ID          : 10
Error Type        : Diff net spacing
Error Layer       : M1 (11)
Number of errors  : 134
Description       :  -- 
Status            : error
Bbox              : {207.1840 34.4620} {207.3440 34.5450}

Error ID          : 21
Error Type        : Diff net spacing
Error Layer       : M1 (11)
Number of errors  : 134
Description       :  -- 
Status            : error
Bbox              : {209.6160 52.2710} {209.7760 52.3540}

Error ID          : 22
Error Type        : Diff net spacing
Error Layer       : M1 (11)
Number of errors  : 134
Description       :  -- 
Status            : error
Bbox              : {214.1760 54.5260} {214.3360 54.6090}

Error ID          : 23
Error Type        : Diff net spacing
Error Layer       : M1 (11)
Number of errors  : 134
Description       :  -- 
Status            : error
Bbox              : {209.7680 54.5260} {209.9280 54.6090}

Error ID          : 24
Error Type        : Diff net spacing
Error Layer       : M1 (11)
Number of errors  : 134
Description       :  -- 
Status            : error
Bbox              : {208.5520 51.1820} {208.7120 51.2650}

Error ID          : 29
Error Type        : Diff net spacing
Error Layer       : M1 (11)
Number of errors  : 134
Description       :  -- 
Status            : error
Bbox              : {227.8560 48.9270} {228.0160 49.0100}

Error ID          : 30
Error Type        : Diff net spacing
Error Layer       : M1 (11)
Number of errors  : 134
Description       :  -- 
Status            : error
Bbox              : {34.5120 61.2140} {34.6720 61.2970}

Error ID          : 34
Error Type        : Diff net spacing
Error Layer       : M1 (11)
Number of errors  : 134
Description       :  -- 
Status            : error
Bbox              : {259.4470 68.5600} {259.5210 68.7200}

Error ID          : 35
Error Type        : Diff net spacing
Error Layer       : M2 (13)
Number of errors  : 134
Description       :  -- 
Status            : error
Bbox              : {259.4940 68.5290} {259.6380 68.5990}

Error ID          : 36
Error Type        : Diff net spacing
Error Layer       : M1 (11)
Number of errors  : 134
Description       :  -- 
Status            : error
Bbox              : {296.5600 68.9910} {296.7200 69.0740}

Error ID          : 42
Error Type        : Diff net spacing
Error Layer       : M1 (11)
Number of errors  : 134
Description       :  -- 
Status            : error
Bbox              : {146.8400 91.3100} {147.0000 91.3930}

Error ID          : 43
Error Type        : Diff net spacing
Error Layer       : M1 (11)
Number of errors  : 134
Description       :  -- 
Status            : error
Bbox              : {154.7440 89.0550} {154.9040 89.1380}

Error ID          : 45
Error Type        : Diff net spacing
Error Layer       : M1 (11)
Number of errors  : 134
Description       :  -- 
Status            : error
Bbox              : {162.6480 92.3990} {162.8080 92.4820}

Error ID          : 46
Error Type        : Diff net spacing
Error Layer       : M1 (11)
Number of errors  : 134
Description       :  -- 
Status            : error
Bbox              : {161.5840 91.3100} {161.7440 91.3930}

Error ID          : 47
Error Type        : Diff net spacing
Error Layer       : M1 (11)
Number of errors  : 134
Description       :  -- 
Status            : error
Bbox              : {155.3520 91.3100} {155.5120 91.3930}

Error ID          : 48
Error Type        : Diff net spacing
Error Layer       : M1 (11)
Number of errors  : 134
Description       :  -- 
Status            : error
Bbox              : {176.9360 91.3100} {177.0960 91.3930}

Error ID          : 49
Error Type        : Diff net spacing
Error Layer       : M1 (11)
Number of errors  : 134
Description       :  -- 
Status            : error
Bbox              : {168.8800 91.3100} {169.0400 91.3930}

Error ID          : 51
Error Type        : Diff net spacing
Error Layer       : M1 (11)
Number of errors  : 134
Description       :  -- 
Status            : error
Bbox              : {201.5600 92.3990} {201.7200 92.4820}

Error ID          : 52
Error Type        : Diff net spacing
Error Layer       : M1 (11)
Number of errors  : 134
Description       :  -- 
Status            : error
Bbox              : {208.5520 89.0550} {208.7120 89.1380}

Error ID          : 66
Error Type        : Diff net spacing
Error Layer       : M1 (11)
Number of errors  : 134
Description       :  -- 
Status            : error
Bbox              : {146.3840 97.9980} {146.5440 98.0810}

Error ID          : 68
Error Type        : Diff net spacing
Error Layer       : M1 (11)
Number of errors  : 134
Description       :  -- 
Status            : error
Bbox              : {164.6240 95.7430} {164.7840 95.8260}

Error ID          : 69
Error Type        : Diff net spacing
Error Layer       : M1 (11)
Number of errors  : 134
Description       :  -- 
Status            : error
Bbox              : {174.3520 94.6540} {174.5120 94.7370}

Error ID          : 74
Error Type        : Diff net spacing
Error Layer       : M1 (11)
Number of errors  : 134
Description       :  -- 
Status            : error
Bbox              : {257.6480 104.6860} {257.8080 104.7690}

Error ID          : 75
Error Type        : Diff net spacing
Error Layer       : M1 (11)
Number of errors  : 134
Description       :  -- 
Status            : error
Bbox              : {269.8080 99.0870} {269.9680 99.1700}

Error ID          : 76
Error Type        : Diff net spacing
Error Layer       : M1 (11)
Number of errors  : 134
Description       :  -- 
Status            : error
Bbox              : {273.0000 105.7750} {273.1600 105.8580}

Error ID          : 77
Error Type        : Diff net spacing
Error Layer       : M1 (11)
Number of errors  : 134
Description       :  -- 
Status            : error
Bbox              : {274.2160 105.7750} {274.3760 105.8580}

Error ID          : 81
Error Type        : Diff net spacing
Error Layer       : M1 (11)
Number of errors  : 134
Description       :  -- 
Status            : error
Bbox              : {243.9680 108.0300} {244.1280 108.1130}

Error ID          : 82
Error Type        : Diff net spacing
Error Layer       : M1 (11)
Number of errors  : 134
Description       :  -- 
Status            : error
Bbox              : {252.0240 109.1190} {252.1840 109.2020}

Error ID          : 83
Error Type        : Diff net spacing
Error Layer       : M1 (11)
Number of errors  : 134
Description       :  -- 
Status            : error
Bbox              : {251.4160 115.8070} {251.5760 115.8900}

Error ID          : 84
Error Type        : Diff net spacing
Error Layer       : M1 (11)
Number of errors  : 134
Description       :  -- 
Status            : error
Bbox              : {261.1440 108.0300} {261.3040 108.1130}

Error ID          : 85
Error Type        : Diff net spacing
Error Layer       : M1 (11)
Number of errors  : 134
Description       :  -- 
Status            : error
Bbox              : {255.2160 114.7180} {255.3760 114.8010}

Error ID          : 86
Error Type        : Diff net spacing
Error Layer       : M1 (11)
Number of errors  : 134
Description       :  -- 
Status            : error
Bbox              : {258.5600 111.3740} {258.7200 111.4570}

Error ID          : 89
Error Type        : Diff net spacing
Error Layer       : M1 (11)
Number of errors  : 134
Description       :  -- 
Status            : error
Bbox              : {201.4080 125.8390} {201.5680 125.9220}

Error ID          : 98
Error Type        : Diff net spacing
Error Layer       : M1 (11)
Number of errors  : 134
Description       :  -- 
Status            : error
Bbox              : {261.2960 125.8390} {261.4560 125.9220}

Error ID          : 102
Error Type        : Diff net spacing
Error Layer       : M1 (11)
Number of errors  : 134
Description       :  -- 
Status            : error
Bbox              : {274.8240 128.0940} {274.9840 128.1770}

Error ID          : 109
Error Type        : Diff net spacing
Error Layer       : M1 (11)
Number of errors  : 134
Description       :  -- 
Status            : error
Bbox              : {271.1760 131.4380} {271.3360 131.5210}

Error ID          : 110
Error Type        : Diff net spacing
Error Layer       : M1 (11)
Number of errors  : 134
Description       :  -- 
Status            : error
Bbox              : {278.1680 132.5270} {278.3280 132.6100}

Error ID          : 117
Error Type        : Diff net spacing
Error Layer       : M1 (11)
Number of errors  : 134
Description       :  -- 
Status            : error
Bbox              : {203.5360 152.5910} {203.6960 152.6740}

Error ID          : 120
Error Type        : Diff net spacing
Error Layer       : M1 (11)
Number of errors  : 134
Description       :  -- 
Status            : error
Bbox              : {209.7680 151.5020} {209.9280 151.5850}

Error ID          : 121
Error Type        : Diff net spacing
Error Layer       : M1 (11)
Number of errors  : 134
Description       :  -- 
Status            : error
Bbox              : {204.7520 152.5910} {204.9120 152.6740}

Error ID          : 123
Error Type        : Diff net spacing
Error Layer       : M1 (11)
Number of errors  : 134
Description       :  -- 
Status            : error
Bbox              : {198.2160 159.2790} {198.3760 159.3620}

Error ID          : 124
Error Type        : Diff net spacing
Error Layer       : M1 (11)
Number of errors  : 134
Description       :  -- 
Status            : error
Bbox              : {203.3840 155.9350} {203.5440 156.0180}

Error ID          : 127
Error Type        : Diff net spacing
Error Layer       : M1 (11)
Number of errors  : 134
Description       :  -- 
Status            : error
Bbox              : {285.7680 162.6230} {285.9280 162.7060}

Error ID          : 128
Error Type        : Diff net spacing
Error Layer       : M1 (11)
Number of errors  : 134
Description       :  -- 
Status            : error
Bbox              : {274.6720 172.6550} {274.8320 172.7380}

Error ID          : 133
Error Type        : Diff net spacing
Error Layer       : M1 (11)
Number of errors  : 134
Description       :  -- 
Status            : error
Bbox              : {275.7360 189.3750} {275.8960 189.4580}

Error ID          : 142
Error Type        : Diff net spacing
Error Layer       : M1 (11)
Number of errors  : 134
Description       :  -- 
Status            : error
Bbox              : {273.1520 192.7190} {273.3120 192.8020}

Error ID          : 143
Error Type        : Diff net spacing
Error Layer       : M1 (11)
Number of errors  : 134
Description       :  -- 
Status            : error
Bbox              : {274.5200 191.6300} {274.6800 191.7130}

Error ID          : 144
Error Type        : Diff net spacing
Error Layer       : M1 (11)
Number of errors  : 134
Description       :  -- 
Status            : error
Bbox              : {274.9760 199.4070} {275.1360 199.4900}

Error ID          : 145
Error Type        : Diff net spacing
Error Layer       : M1 (11)
Number of errors  : 134
Description       :  -- 
Status            : error
Bbox              : {271.3280 196.0630} {271.4880 196.1460}

Error ID          : 146
Error Type        : Diff net spacing
Error Layer       : M1 (11)
Number of errors  : 134
Description       :  -- 
Status            : error
Bbox              : {268.7440 192.7190} {268.9040 192.8020}

Error ID          : 147
Error Type        : Diff net spacing
Error Layer       : M1 (11)
Number of errors  : 134
Description       :  -- 
Status            : error
Bbox              : {278.4720 191.6300} {278.6320 191.7130}

Error ID          : 148
Error Type        : Diff net spacing
Error Layer       : M1 (11)
Number of errors  : 134
Description       :  -- 
Status            : error
Bbox              : {284.8560 201.6620} {285.0160 201.7450}

Error ID          : 168
Error Type        : Diff net spacing
Error Layer       : M1 (11)
Number of errors  : 134
Description       :  -- 
Status            : error
Bbox              : {22.6560 219.4710} {22.8160 219.5540}

Error ID          : 169
Error Type        : Diff net spacing
Error Layer       : M1 (11)
Number of errors  : 134
Description       :  -- 
Status            : error
Bbox              : {22.5040 218.3820} {22.6640 218.4650}

Error ID          : 170
Error Type        : Diff net spacing
Error Layer       : M1 (11)
Number of errors  : 134
Description       :  -- 
Status            : error
Bbox              : {21.4400 219.4710} {21.6000 219.5540}

Error ID          : 179
Error Type        : Diff net spacing
Error Layer       : M1 (11)
Number of errors  : 134
Description       :  -- 
Status            : error
Bbox              : {22.0480 228.4140} {22.2080 228.4970}

Error ID          : 180
Error Type        : Diff net spacing
Error Layer       : M1 (11)
Number of errors  : 134
Description       :  -- 
Status            : error
Bbox              : {22.2000 232.8470} {22.3600 232.9300}

Error ID          : 181
Error Type        : Diff net spacing
Error Layer       : M1 (11)
Number of errors  : 134
Description       :  -- 
Status            : error
Bbox              : {22.9600 236.1910} {23.1200 236.2740}

Error ID          : 184
Error Type        : Diff net spacing
Error Layer       : M1 (11)
Number of errors  : 134
Description       :  -- 
Status            : error
Bbox              : {201.4080 238.4460} {201.5680 238.5290}

Error ID          : 187
Error Type        : Diff net spacing
Error Layer       : M1 (11)
Number of errors  : 134
Description       :  -- 
Status            : error
Bbox              : {248.3760 229.5030} {248.5360 229.5860}

Error ID          : 194
Error Type        : Diff net spacing
Error Layer       : M1 (11)
Number of errors  : 134
Description       :  -- 
Status            : error
Bbox              : {303.0960 239.5350} {303.2560 239.6180}

Error ID          : 195
Error Type        : Diff net spacing
Error Layer       : M1 (11)
Number of errors  : 134
Description       :  -- 
Status            : error
Bbox              : {301.1200 239.5350} {301.2800 239.6180}

Error ID          : 198
Error Type        : Diff net spacing
Error Layer       : M1 (11)
Number of errors  : 134
Description       :  -- 
Status            : error
Bbox              : {154.4400 246.2230} {154.6000 246.3060}

Error ID          : 199
Error Type        : Diff net spacing
Error Layer       : M1 (11)
Number of errors  : 134
Description       :  -- 
Status            : error
Bbox              : {194.7200 246.2230} {194.8800 246.3060}

Error ID          : 200
Error Type        : Diff net spacing
Error Layer       : M1 (11)
Number of errors  : 134
Description       :  -- 
Status            : error
Bbox              : {202.0160 245.1340} {202.1760 245.2170}

Error ID          : 201
Error Type        : Diff net spacing
Error Layer       : M1 (11)
Number of errors  : 134
Description       :  -- 
Status            : error
Bbox              : {203.3840 245.1340} {203.5440 245.2170}

Error ID          : 202
Error Type        : Diff net spacing
Error Layer       : M1 (11)
Number of errors  : 134
Description       :  -- 
Status            : error
Bbox              : {212.8080 245.1340} {212.9680 245.2170}

Error ID          : 203
Error Type        : Diff net spacing
Error Layer       : M1 (11)
Number of errors  : 134
Description       :  -- 
Status            : error
Bbox              : {206.7280 245.1340} {206.8880 245.2170}

Error ID          : 204
Error Type        : Diff net spacing
Error Layer       : M1 (11)
Number of errors  : 134
Description       :  -- 
Status            : error
Bbox              : {217.0640 251.8220} {217.2240 251.9050}

Error ID          : 224
Error Type        : Diff net spacing
Error Layer       : M1 (11)
Number of errors  : 134
Description       :  -- 
Status            : error
Bbox              : {248.8320 245.1340} {248.9920 245.2170}

Error ID          : 236
Error Type        : Diff net spacing
Error Layer       : M1 (11)
Number of errors  : 134
Description       :  -- 
Status            : error
Bbox              : {297.1680 241.7900} {297.3280 241.8730}

Error ID          : 239
Error Type        : Diff net spacing
Error Layer       : M1 (11)
Number of errors  : 134
Description       :  -- 
Status            : error
Bbox              : {301.7280 248.4780} {301.8880 248.5610}

Error ID          : 240
Error Type        : Diff net spacing
Error Layer       : M1 (11)
Number of errors  : 134
Description       :  -- 
Status            : error
Bbox              : {26.6080 259.5990} {26.7680 259.6820}

Error ID          : 241
Error Type        : Diff net spacing
Error Layer       : M1 (11)
Number of errors  : 134
Description       :  -- 
Status            : error
Bbox              : {22.5040 255.1660} {22.6640 255.2490}

Error ID          : 242
Error Type        : Diff net spacing
Error Layer       : M1 (11)
Number of errors  : 134
Description       :  -- 
Status            : error
Bbox              : {26.7600 262.9430} {26.9200 263.0260}

Error ID          : 246
Error Type        : Diff net spacing
Error Layer       : M1 (11)
Number of errors  : 134
Description       :  -- 
Status            : error
Bbox              : {190.7680 252.9110} {190.9280 252.9940}

Error ID          : 247
Error Type        : Diff net spacing
Error Layer       : M1 (11)
Number of errors  : 134
Description       :  -- 
Status            : error
Bbox              : {199.2800 262.9430} {199.4400 263.0260}

Error ID          : 248
Error Type        : Diff net spacing
Error Layer       : M1 (11)
Number of errors  : 134
Description       :  -- 
Status            : error
Bbox              : {201.1040 259.5990} {201.2640 259.6820}

Error ID          : 250
Error Type        : Diff net spacing
Error Layer       : M1 (11)
Number of errors  : 134
Description       :  -- 
Status            : error
Bbox              : {213.4160 252.9110} {213.5760 252.9940}

Error ID          : 273
Error Type        : Diff net spacing
Error Layer       : M1 (11)
Number of errors  : 134
Description       :  -- 
Status            : error
Bbox              : {296.8640 258.5100} {297.0240 258.5930}

Error ID          : 274
Error Type        : Diff net spacing
Error Layer       : M1 (11)
Number of errors  : 134
Description       :  -- 
Status            : error
Bbox              : {296.8640 262.9430} {297.0240 263.0260}

Error ID          : 275
Error Type        : Diff net spacing
Error Layer       : M1 (11)
Number of errors  : 134
Description       :  -- 
Status            : error
Bbox              : {292.7600 255.1660} {292.9200 255.2490}

Error ID          : 276
Error Type        : Diff net spacing
Error Layer       : M1 (11)
Number of errors  : 134
Description       :  -- 
Status            : error
Bbox              : {291.5440 255.1660} {291.7040 255.2490}

Error ID          : 279
Error Type        : Diff net spacing
Error Layer       : M1 (11)
Number of errors  : 134
Description       :  -- 
Status            : error
Bbox              : {23.4160 266.2870} {23.5760 266.3700}

Error ID          : 284
Error Type        : Diff net spacing
Error Layer       : M1 (11)
Number of errors  : 134
Description       :  -- 
Status            : error
Bbox              : {188.1840 276.3190} {188.3440 276.4020}

Error ID          : 285
Error Type        : Diff net spacing
Error Layer       : M1 (11)
Number of errors  : 134
Description       :  -- 
Status            : error
Bbox              : {189.5520 271.8860} {189.7120 271.9690}

Error ID          : 287
Error Type        : Diff net spacing
Error Layer       : M1 (11)
Number of errors  : 134
Description       :  -- 
Status            : error
Bbox              : {191.6800 269.6310} {191.8400 269.7140}

Error ID          : 294
Error Type        : Diff net spacing
Error Layer       : M1 (11)
Number of errors  : 134
Description       :  -- 
Status            : error
Bbox              : {219.1920 276.3190} {219.3520 276.4020}

Error ID          : 296
Error Type        : Diff net spacing
Error Layer       : M1 (11)
Number of errors  : 134
Description       :  -- 
Status            : error
Bbox              : {235.9120 275.2300} {236.0720 275.3130}

Error ID          : 299
Error Type        : Diff net spacing
Error Layer       : M1 (11)
Number of errors  : 134
Description       :  -- 
Status            : error
Bbox              : {232.8720 276.3190} {233.0320 276.4020}

Error ID          : 316
Error Type        : Diff net spacing
Error Layer       : M3 (15)
Number of errors  : 134
Description       :  -- 
Status            : error
Bbox              : {257.0360 275.3520} {257.2040 275.4440}

Error ID          : 328
Error Type        : Diff net spacing
Error Layer       : M1 (11)
Number of errors  : 134
Description       :  -- 
Status            : error
Bbox              : {170.5520 279.6630} {170.7120 279.7460}

Error ID          : 329
Error Type        : Diff net spacing
Error Layer       : M1 (11)
Number of errors  : 134
Description       :  -- 
Status            : error
Bbox              : {173.7440 278.5740} {173.9040 278.6570}

Error ID          : 330
Error Type        : Diff net spacing
Error Layer       : M1 (11)
Number of errors  : 134
Description       :  -- 
Status            : error
Bbox              : {185.9040 279.6630} {186.0640 279.7460}

Error ID          : 331
Error Type        : Diff net spacing
Error Layer       : M1 (11)
Number of errors  : 134
Description       :  -- 
Status            : error
Bbox              : {194.2640 286.3510} {194.4240 286.4340}

Error ID          : 333
Error Type        : Diff net spacing
Error Layer       : M1 (11)
Number of errors  : 134
Description       :  -- 
Status            : error
Bbox              : {217.6720 286.3510} {217.8320 286.4340}

Error ID          : 336
Error Type        : Diff net spacing
Error Layer       : M1 (11)
Number of errors  : 134
Description       :  -- 
Status            : error
Bbox              : {227.5520 283.0070} {227.7120 283.0900}

Error ID          : 337
Error Type        : Diff net spacing
Error Layer       : M1 (11)
Number of errors  : 134
Description       :  -- 
Status            : error
Bbox              : {217.8240 288.6060} {217.9840 288.6890}

Error ID          : 338
Error Type        : Diff net spacing
Error Layer       : M1 (11)
Number of errors  : 134
Description       :  -- 
Status            : error
Bbox              : {220.7120 281.9180} {220.8720 282.0010}

Error ID          : 339
Error Type        : Diff net spacing
Error Layer       : M1 (11)
Number of errors  : 134
Description       :  -- 
Status            : error
Bbox              : {235.0000 285.2620} {235.1600 285.3450}

Error ID          : 340
Error Type        : Diff net spacing
Error Layer       : M1 (11)
Number of errors  : 134
Description       :  -- 
Status            : error
Bbox              : {236.8240 283.0070} {236.9840 283.0900}

Error ID          : 341
Error Type        : Diff net spacing
Error Layer       : M1 (11)
Number of errors  : 134
Description       :  -- 
Status            : error
Bbox              : {232.5680 286.3510} {232.7280 286.4340}

Error ID          : 342
Error Type        : Diff net spacing
Error Layer       : M1 (11)
Number of errors  : 134
Description       :  -- 
Status            : error
Bbox              : {235.9120 286.3510} {236.0720 286.4340}

Error ID          : 343
Error Type        : Diff net spacing
Error Layer       : M1 (11)
Number of errors  : 134
Description       :  -- 
Status            : error
Bbox              : {239.2560 288.6060} {239.4160 288.6890}

Error ID          : 344
Error Type        : Diff net spacing
Error Layer       : M1 (11)
Number of errors  : 134
Description       :  -- 
Status            : error
Bbox              : {240.6240 286.3510} {240.7840 286.4340}

Error ID          : 345
Error Type        : Diff net spacing
Error Layer       : M1 (11)
Number of errors  : 134
Description       :  -- 
Status            : error
Bbox              : {241.9920 286.3510} {242.1520 286.4340}

Error ID          : 364
Error Type        : Diff net spacing
Error Layer       : M1 (11)
Number of errors  : 134
Description       :  -- 
Status            : error
Bbox              : {164.1680 291.9500} {164.3280 292.0330}

Error ID          : 365
Error Type        : Diff net spacing
Error Layer       : M1 (11)
Number of errors  : 134
Description       :  -- 
Status            : error
Bbox              : {160.5200 293.0390} {160.6800 293.1220}

Error ID          : 366
Error Type        : Diff net spacing
Error Layer       : M1 (11)
Number of errors  : 134
Description       :  -- 
Status            : error
Bbox              : {171.1600 291.9500} {171.3200 292.0330}

Error ID          : 367
Error Type        : Diff net spacing
Error Layer       : M1 (11)
Number of errors  : 134
Description       :  -- 
Status            : error
Bbox              : {168.8800 298.6380} {169.0400 298.7210}

Error ID          : 368
Error Type        : Diff net spacing
Error Layer       : M1 (11)
Number of errors  : 134
Description       :  -- 
Status            : error
Bbox              : {171.3120 299.7270} {171.4720 299.8100}

Error ID          : 369
Error Type        : Diff net spacing
Error Layer       : M1 (11)
Number of errors  : 134
Description       :  -- 
Status            : error
Bbox              : {186.2080 299.7270} {186.3680 299.8100}

Error ID          : 370
Error Type        : Diff net spacing
Error Layer       : M1 (11)
Number of errors  : 134
Description       :  -- 
Status            : error
Bbox              : {181.4960 291.9500} {181.6560 292.0330}

Error ID          : 371
Error Type        : Diff net spacing
Error Layer       : M1 (11)
Number of errors  : 134
Description       :  -- 
Status            : error
Bbox              : {183.6240 295.2940} {183.7840 295.3770}

Error ID          : 372
Error Type        : Diff net spacing
Error Layer       : M1 (11)
Number of errors  : 134
Description       :  -- 
Status            : error
Bbox              : {196.2400 289.6950} {196.4000 289.7780}

Error ID          : 373
Error Type        : Diff net spacing
Error Layer       : M1 (11)
Number of errors  : 134
Description       :  -- 
Status            : error
Bbox              : {195.6320 296.3830} {195.7920 296.4660}

Error ID          : 374
Error Type        : Diff net spacing
Error Layer       : M1 (11)
Number of errors  : 134
Description       :  -- 
Status            : error
Bbox              : {207.9440 299.7270} {208.1040 299.8100}

Error ID          : 375
Error Type        : Diff net spacing
Error Layer       : M1 (11)
Number of errors  : 134
Description       :  -- 
Status            : error
Bbox              : {224.8160 293.0390} {224.9760 293.1220}

Error ID          : 376
Error Type        : Diff net spacing
Error Layer       : M1 (11)
Number of errors  : 134
Description       :  -- 
Status            : error
Bbox              : {227.2480 293.0390} {227.4080 293.1220}

Error ID          : 377
Error Type        : Diff net spacing
Error Layer       : M1 (11)
Number of errors  : 134
Description       :  -- 
Status            : error
Bbox              : {239.2560 291.9500} {239.4160 292.0330}

Error ID          : 388
Error Type        : Needs fat contact
Error Layer       : M1 (11)-M2 (13)
Number of errors  : 92
Description       :  -- 
Status            : error
Bbox              : {222.1300 303.2730} {222.1900 303.3830}

Error ID          : 389
Error Type        : Needs fat contact
Error Layer       : M1 (11)-M2 (13)
Number of errors  : 92
Description       :  -- 
Status            : error
Bbox              : {224.4100 303.2730} {224.4700 303.3830}

Error ID          : 6
Error Type        : Needs fat contact
Error Layer       : M1 (11)-M2 (13)
Number of errors  : 92
Description       :  -- 
Status            : error
Bbox              : {52.6500 42.4410} {52.7100 42.5510}

Error ID          : 9
Error Type        : Needs fat contact
Error Layer       : M1 (11)-M2 (13)
Number of errors  : 92
Description       :  -- 
Status            : error
Bbox              : {200.6980 44.2650} {200.7580 44.3750}

Error ID          : 13
Error Type        : Needs fat contact
Error Layer       : M1 (11)-M2 (13)
Number of errors  : 92
Description       :  -- 
Status            : error
Bbox              : {28.3300 47.6090} {28.3900 47.7190}

Error ID          : 14
Error Type        : Needs fat contact
Error Layer       : M1 (11)-M2 (13)
Number of errors  : 92
Description       :  -- 
Status            : error
Bbox              : {21.9460 52.4730} {22.0060 52.5830}

Error ID          : 15
Error Type        : Needs fat contact
Error Layer       : M1 (11)-M2 (13)
Number of errors  : 92
Description       :  -- 
Status            : error
Bbox              : {82.2900 57.6410} {82.3500 57.7510}

Error ID          : 18
Error Type        : Needs fat contact
Error Layer       : M1 (11)-M2 (13)
Number of errors  : 92
Description       :  -- 
Status            : error
Bbox              : {201.9140 45.7850} {201.9740 45.8950}

Error ID          : 31
Error Type        : Needs fat contact
Error Layer       : M1 (11)-M2 (13)
Number of errors  : 92
Description       :  -- 
Status            : error
Bbox              : {225.6260 65.8490} {225.6860 65.9590}

Error ID          : 38
Error Type        : Needs fat contact
Error Layer       : M1 (11)-M2 (13)
Number of errors  : 92
Description       :  -- 
Status            : error
Bbox              : {124.3940 92.6010} {124.4540 92.7110}

Error ID          : 39
Error Type        : Needs fat contact
Error Layer       : M1 (11)-M2 (13)
Number of errors  : 92
Description       :  -- 
Status            : error
Bbox              : {135.4900 91.0810} {135.5500 91.1910}

Error ID          : 40
Error Type        : Needs fat contact
Error Layer       : M1 (11)-M2 (13)
Number of errors  : 92
Description       :  -- 
Status            : error
Bbox              : {138.3780 91.0810} {138.4380 91.1910}

Error ID          : 41
Error Type        : Needs fat contact
Error Layer       : M1 (11)-M2 (13)
Number of errors  : 92
Description       :  -- 
Status            : error
Bbox              : {132.6020 91.0810} {132.6620 91.1910}

Error ID          : 44
Error Type        : Needs fat contact
Error Layer       : M1 (11)-M2 (13)
Number of errors  : 92
Description       :  -- 
Status            : error
Bbox              : {144.3060 92.6010} {144.3660 92.7110}

Error ID          : 50
Error Type        : Needs fat contact
Error Layer       : M1 (11)-M2 (13)
Number of errors  : 92
Description       :  -- 
Status            : error
Bbox              : {181.2420 92.6010} {181.3020 92.7110}

Error ID          : 53
Error Type        : Needs fat contact
Error Layer       : M1 (11)-M2 (13)
Number of errors  : 92
Description       :  -- 
Status            : error
Bbox              : {33.9540 99.2890} {34.0140 99.3990}

Error ID          : 54
Error Type        : Needs fat contact
Error Layer       : M1 (11)-M2 (13)
Number of errors  : 92
Description       :  -- 
Status            : error
Bbox              : {106.0020 102.6330} {106.0620 102.7430}

Error ID          : 55
Error Type        : Needs fat contact
Error Layer       : M1 (11)-M2 (13)
Number of errors  : 92
Description       :  -- 
Status            : error
Bbox              : {102.3540 97.7690} {102.4140 97.8790}

Error ID          : 56
Error Type        : Needs fat contact
Error Layer       : M1 (11)-M2 (13)
Number of errors  : 92
Description       :  -- 
Status            : error
Bbox              : {113.7540 95.9450} {113.8140 96.0550}

Error ID          : 57
Error Type        : Needs fat contact
Error Layer       : M1 (11)-M2 (13)
Number of errors  : 92
Description       :  -- 
Status            : error
Bbox              : {107.9780 104.4570} {108.0380 104.5670}

Error ID          : 58
Error Type        : Needs fat contact
Error Layer       : M1 (11)-M2 (13)
Number of errors  : 92
Description       :  -- 
Status            : error
Bbox              : {106.7620 105.9770} {106.8220 106.0870}

Error ID          : 59
Error Type        : Needs fat contact
Error Layer       : M1 (11)-M2 (13)
Number of errors  : 92
Description       :  -- 
Status            : error
Bbox              : {126.3700 99.2890} {126.4300 99.3990}

Error ID          : 60
Error Type        : Needs fat contact
Error Layer       : M1 (11)-M2 (13)
Number of errors  : 92
Description       :  -- 
Status            : error
Bbox              : {123.0260 94.4250} {123.0860 94.5350}

Error ID          : 61
Error Type        : Needs fat contact
Error Layer       : M1 (11)-M2 (13)
Number of errors  : 92
Description       :  -- 
Status            : error
Bbox              : {123.4820 99.2890} {123.5420 99.3990}

Error ID          : 62
Error Type        : Needs fat contact
Error Layer       : M1 (11)-M2 (13)
Number of errors  : 92
Description       :  -- 
Status            : error
Bbox              : {119.0740 101.1130} {119.1340 101.2230}

Error ID          : 63
Error Type        : Needs fat contact
Error Layer       : M1 (11)-M2 (13)
Number of errors  : 92
Description       :  -- 
Status            : error
Bbox              : {137.0100 97.7690} {137.0700 97.8790}

Error ID          : 64
Error Type        : Needs fat contact
Error Layer       : M1 (11)-M2 (13)
Number of errors  : 92
Description       :  -- 
Status            : error
Bbox              : {131.5380 95.9450} {131.5980 96.0550}

Error ID          : 65
Error Type        : Needs fat contact
Error Layer       : M1 (11)-M2 (13)
Number of errors  : 92
Description       :  -- 
Status            : error
Bbox              : {131.5380 97.7690} {131.5980 97.8790}

Error ID          : 67
Error Type        : Needs fat contact
Error Layer       : M1 (11)-M2 (13)
Number of errors  : 92
Description       :  -- 
Status            : error
Bbox              : {143.5460 97.7690} {143.6060 97.8790}

Error ID          : 70
Error Type        : Needs fat contact
Error Layer       : M1 (11)-M2 (13)
Number of errors  : 92
Description       :  -- 
Status            : error
Bbox              : {188.8420 95.9450} {188.9020 96.0550}

Error ID          : 71
Error Type        : Needs fat contact
Error Layer       : M1 (11)-M2 (13)
Number of errors  : 92
Description       :  -- 
Status            : error
Bbox              : {183.6740 95.9450} {183.7340 96.0550}

Error ID          : 73
Error Type        : Needs fat contact
Error Layer       : M1 (11)-M2 (13)
Number of errors  : 92
Description       :  -- 
Status            : error
Bbox              : {233.8340 99.2890} {233.8940 99.3990}

Error ID          : 78
Error Type        : Needs fat contact
Error Layer       : M1 (11)-M2 (13)
Number of errors  : 92
Description       :  -- 
Status            : error
Bbox              : {208.4500 116.0090} {208.5100 116.1190}

Error ID          : 79
Error Type        : Needs fat contact
Error Layer       : M1 (11)-M2 (13)
Number of errors  : 92
Description       :  -- 
Status            : error
Bbox              : {221.8260 114.4890} {221.8860 114.5990}

Error ID          : 87
Error Type        : Needs fat contact
Error Layer       : M1 (11)-M2 (13)
Number of errors  : 92
Description       :  -- 
Status            : error
Bbox              : {274.4180 114.4890} {274.4780 114.5990}

Error ID          : 88
Error Type        : Needs fat contact
Error Layer       : M1 (11)-M2 (13)
Number of errors  : 92
Description       :  -- 
Status            : error
Bbox              : {270.4660 109.3210} {270.5260 109.4310}

Error ID          : 90
Error Type        : Needs fat contact
Error Layer       : M1 (11)-M2 (13)
Number of errors  : 92
Description       :  -- 
Status            : error
Bbox              : {211.3380 126.0410} {211.3980 126.1510}

Error ID          : 91
Error Type        : Needs fat contact
Error Layer       : M1 (11)-M2 (13)
Number of errors  : 92
Description       :  -- 
Status            : error
Bbox              : {213.6180 119.3530} {213.6780 119.4630}

Error ID          : 103
Error Type        : Needs fat contact
Error Layer       : M1 (11)-M2 (13)
Number of errors  : 92
Description       :  -- 
Status            : error
Bbox              : {299.1940 124.5210} {299.2540 124.6310}

Error ID          : 106
Error Type        : Needs fat contact
Error Layer       : M1 (11)-M2 (13)
Number of errors  : 92
Description       :  -- 
Status            : error
Bbox              : {211.9460 132.7290} {212.0060 132.8390}

Error ID          : 118
Error Type        : Needs fat contact
Error Layer       : M1 (11)-M2 (13)
Number of errors  : 92
Description       :  -- 
Status            : error
Bbox              : {208.4500 146.1050} {208.5100 146.2150}

Error ID          : 122
Error Type        : Needs fat contact
Error Layer       : M1 (11)-M2 (13)
Number of errors  : 92
Description       :  -- 
Status            : error
Bbox              : {287.6420 146.1050} {287.7020 146.2150}

Error ID          : 131
Error Type        : Needs fat contact
Error Layer       : M1 (11)-M2 (13)
Number of errors  : 92
Description       :  -- 
Status            : error
Bbox              : {217.5700 182.8890} {217.6300 182.9990}

Error ID          : 132
Error Type        : Needs fat contact
Error Layer       : M1 (11)-M2 (13)
Number of errors  : 92
Description       :  -- 
Status            : error
Bbox              : {217.2660 188.0570} {217.3260 188.1670}

Error ID          : 149
Error Type        : Needs fat contact
Error Layer       : M1 (11)-M2 (13)
Number of errors  : 92
Description       :  -- 
Status            : error
Bbox              : {221.8260 206.2970} {221.8860 206.4070}

Error ID          : 229
Error Type        : Needs fat contact
Error Layer       : M1 (11)-M2 (13)
Number of errors  : 92
Description       :  -- 
Status            : error
Bbox              : {259.3700 251.5930} {259.4300 251.7030}

Error ID          : 232
Error Type        : Needs fat contact
Error Layer       : M1 (11)-M2 (13)
Number of errors  : 92
Description       :  -- 
Status            : error
Bbox              : {263.0180 249.7690} {263.0780 249.8790}

Error ID          : 233
Error Type        : Needs fat contact
Error Layer       : M1 (11)-M2 (13)
Number of errors  : 92
Description       :  -- 
Status            : error
Bbox              : {259.0660 249.7690} {259.1260 249.8790}

Error ID          : 235
Error Type        : Needs fat contact
Error Layer       : M1 (11)-M2 (13)
Number of errors  : 92
Description       :  -- 
Status            : error
Bbox              : {283.9940 249.7690} {284.0540 249.8790}

Error ID          : 237
Error Type        : Needs fat contact
Error Layer       : M1 (11)-M2 (13)
Number of errors  : 92
Description       :  -- 
Status            : error
Bbox              : {289.1620 248.2490} {289.2220 248.3590}

Error ID          : 238
Error Type        : Needs fat contact
Error Layer       : M1 (11)-M2 (13)
Number of errors  : 92
Description       :  -- 
Status            : error
Bbox              : {293.4180 243.0810} {293.4780 243.1910}

Error ID          : 245
Error Type        : Needs fat contact
Error Layer       : M1 (11)-M2 (13)
Number of errors  : 92
Description       :  -- 
Status            : error
Bbox              : {186.7140 263.1450} {186.7740 263.2550}

Error ID          : 249
Error Type        : Needs fat contact
Error Layer       : M1 (11)-M2 (13)
Number of errors  : 92
Description       :  -- 
Status            : error
Bbox              : {210.8820 263.1450} {210.9420 263.2550}

Error ID          : 251
Error Type        : Needs fat contact
Error Layer       : M1 (11)-M2 (13)
Number of errors  : 92
Description       :  -- 
Status            : error
Bbox              : {233.5300 256.4570} {233.5900 256.5670}

Error ID          : 256
Error Type        : Needs fat contact
Error Layer       : M1 (11)-M2 (13)
Number of errors  : 92
Description       :  -- 
Status            : error
Bbox              : {238.3940 261.6250} {238.4540 261.7350}

Error ID          : 262
Error Type        : Needs fat contact
Error Layer       : M1 (11)-M2 (13)
Number of errors  : 92
Description       :  -- 
Status            : error
Bbox              : {240.8260 261.6250} {240.8860 261.7350}

Error ID          : 269
Error Type        : Needs fat contact
Error Layer       : M1 (11)-M2 (13)
Number of errors  : 92
Description       :  -- 
Status            : error
Bbox              : {277.0020 259.8010} {277.0620 259.9110}

Error ID          : 270
Error Type        : Needs fat contact
Error Layer       : M1 (11)-M2 (13)
Number of errors  : 92
Description       :  -- 
Status            : error
Bbox              : {282.1700 263.1450} {282.2300 263.2550}

Error ID          : 271
Error Type        : Needs fat contact
Error Layer       : M1 (11)-M2 (13)
Number of errors  : 92
Description       :  -- 
Status            : error
Bbox              : {277.7620 253.1130} {277.8220 253.2230}

Error ID          : 272
Error Type        : Needs fat contact
Error Layer       : M1 (11)-M2 (13)
Number of errors  : 92
Description       :  -- 
Status            : error
Bbox              : {279.2820 254.9370} {279.3420 255.0470}

Error ID          : 277
Error Type        : Needs fat contact
Error Layer       : M1 (11)-M2 (13)
Number of errors  : 92
Description       :  -- 
Status            : error
Bbox              : {23.4660 269.8330} {23.5260 269.9430}

Error ID          : 286
Error Type        : Needs fat contact
Error Layer       : M1 (11)-M2 (13)
Number of errors  : 92
Description       :  -- 
Status            : error
Bbox              : {189.7540 264.9690} {189.8140 265.0790}

Error ID          : 288
Error Type        : Needs fat contact
Error Layer       : M1 (11)-M2 (13)
Number of errors  : 92
Description       :  -- 
Status            : error
Bbox              : {211.0340 273.1770} {211.0940 273.2870}

Error ID          : 289
Error Type        : Needs fat contact
Error Layer       : M1 (11)-M2 (13)
Number of errors  : 92
Description       :  -- 
Status            : error
Bbox              : {215.5940 269.8330} {215.6540 269.9430}

Error ID          : 290
Error Type        : Needs fat contact
Error Layer       : M1 (11)-M2 (13)
Number of errors  : 92
Description       :  -- 
Status            : error
Bbox              : {216.3540 264.9690} {216.4140 265.0790}

Error ID          : 291
Error Type        : Needs fat contact
Error Layer       : M1 (11)-M2 (13)
Number of errors  : 92
Description       :  -- 
Status            : error
Bbox              : {218.0260 268.3130} {218.0860 268.4230}

Error ID          : 292
Error Type        : Needs fat contact
Error Layer       : M1 (11)-M2 (13)
Number of errors  : 92
Description       :  -- 
Status            : error
Bbox              : {216.8100 269.8330} {216.8700 269.9430}

Error ID          : 293
Error Type        : Needs fat contact
Error Layer       : M1 (11)-M2 (13)
Number of errors  : 92
Description       :  -- 
Status            : error
Bbox              : {220.6100 271.6570} {220.6700 271.7670}

Error ID          : 295
Error Type        : Needs fat contact
Error Layer       : M1 (11)-M2 (13)
Number of errors  : 92
Description       :  -- 
Status            : error
Bbox              : {222.1300 268.3130} {222.1900 268.4230}

Error ID          : 297
Error Type        : Needs fat contact
Error Layer       : M1 (11)-M2 (13)
Number of errors  : 92
Description       :  -- 
Status            : error
Bbox              : {235.5060 271.6570} {235.5660 271.7670}

Error ID          : 298
Error Type        : Needs fat contact
Error Layer       : M1 (11)-M2 (13)
Number of errors  : 92
Description       :  -- 
Status            : error
Bbox              : {233.8340 268.3130} {233.8940 268.4230}

Error ID          : 300
Error Type        : Needs fat contact
Error Layer       : M1 (11)-M2 (13)
Number of errors  : 92
Description       :  -- 
Status            : error
Bbox              : {232.3140 269.8330} {232.3740 269.9430}

Error ID          : 301
Error Type        : Needs fat contact
Error Layer       : M1 (11)-M2 (13)
Number of errors  : 92
Description       :  -- 
Status            : error
Bbox              : {231.4020 273.1770} {231.4620 273.2870}

Error ID          : 306
Error Type        : Needs fat contact
Error Layer       : M1 (11)-M2 (13)
Number of errors  : 92
Description       :  -- 
Status            : error
Bbox              : {263.6260 266.4890} {263.6860 266.5990}

Error ID          : 315
Error Type        : Needs fat contact
Error Layer       : M1 (11)-M2 (13)
Number of errors  : 92
Description       :  -- 
Status            : error
Bbox              : {258.4580 269.8330} {258.5180 269.9430}

Error ID          : 317
Error Type        : Needs fat contact
Error Layer       : M1 (11)-M2 (13)
Number of errors  : 92
Description       :  -- 
Status            : error
Bbox              : {288.4020 269.8330} {288.4620 269.9430}

Error ID          : 318
Error Type        : Needs fat contact
Error Layer       : M1 (11)-M2 (13)
Number of errors  : 92
Description       :  -- 
Status            : error
Bbox              : {279.2820 264.9690} {279.3420 265.0790}

Error ID          : 319
Error Type        : Needs fat contact
Error Layer       : M1 (11)-M2 (13)
Number of errors  : 92
Description       :  -- 
Status            : error
Bbox              : {285.6660 264.9690} {285.7260 265.0790}

Error ID          : 320
Error Type        : Needs fat contact
Error Layer       : M1 (11)-M2 (13)
Number of errors  : 92
Description       :  -- 
Status            : error
Bbox              : {282.1700 264.9690} {282.2300 265.0790}

Error ID          : 321
Error Type        : Needs fat contact
Error Layer       : M1 (11)-M2 (13)
Number of errors  : 92
Description       :  -- 
Status            : error
Bbox              : {68.9140 283.2090} {68.9740 283.3190}

Error ID          : 324
Error Type        : Needs fat contact
Error Layer       : M1 (11)-M2 (13)
Number of errors  : 92
Description       :  -- 
Status            : error
Bbox              : {152.6660 278.3450} {152.7260 278.4550}

Error ID          : 326
Error Type        : Needs fat contact
Error Layer       : M1 (11)-M2 (13)
Number of errors  : 92
Description       :  -- 
Status            : error
Bbox              : {151.2980 286.5530} {151.3580 286.6630}

Error ID          : 327
Error Type        : Needs fat contact
Error Layer       : M1 (11)-M2 (13)
Number of errors  : 92
Description       :  -- 
Status            : error
Bbox              : {157.3780 281.6890} {157.4380 281.7990}

Error ID          : 332
Error Type        : Needs fat contact
Error Layer       : M1 (11)-M2 (13)
Number of errors  : 92
Description       :  -- 
Status            : error
Bbox              : {207.9940 279.8650} {208.0540 279.9750}

Error ID          : 352
Error Type        : Needs fat contact
Error Layer       : M1 (11)-M2 (13)
Number of errors  : 92
Description       :  -- 
Status            : error
Bbox              : {61.9220 293.2410} {61.9820 293.3510}

Error ID          : 353
Error Type        : Needs fat contact
Error Layer       : M1 (11)-M2 (13)
Number of errors  : 92
Description       :  -- 
Status            : error
Bbox              : {64.9620 295.0650} {65.0220 295.1750}

Error ID          : 358
Error Type        : Needs fat contact
Error Layer       : M1 (11)-M2 (13)
Number of errors  : 92
Description       :  -- 
Status            : error
Bbox              : {141.7220 293.2410} {141.7820 293.3510}

Error ID          : 359
Error Type        : Needs fat contact
Error Layer       : M1 (11)-M2 (13)
Number of errors  : 92
Description       :  -- 
Status            : error
Bbox              : {141.1140 291.7210} {141.1740 291.8310}

Error ID          : 360
Error Type        : Needs fat contact
Error Layer       : M1 (11)-M2 (13)
Number of errors  : 92
Description       :  -- 
Status            : error
Bbox              : {152.9700 298.4090} {153.0300 298.5190}

Error ID          : 361
Error Type        : Needs fat contact
Error Layer       : M1 (11)-M2 (13)
Number of errors  : 92
Description       :  -- 
Status            : error
Bbox              : {147.0420 295.0650} {147.1020 295.1750}

Error ID          : 362
Error Type        : Needs fat contact
Error Layer       : M1 (11)-M2 (13)
Number of errors  : 92
Description       :  -- 
Status            : error
Bbox              : {148.4100 298.4090} {148.4700 298.5190}

Error ID          : 363
Error Type        : Needs fat contact
Error Layer       : M1 (11)-M2 (13)
Number of errors  : 92
Description       :  -- 
Status            : error
Bbox              : {147.8020 296.5850} {147.8620 296.6950}

Error ID          : 80
Error Type        : Less than minimum area
Error Layer       : M2 (13)
Number of errors  : 4
Description       :  -- 
Status            : error
Bbox              : {221.8260 114.4890} {221.8860 114.5990}

Error ID          : 119
Error Type        : Less than minimum area
Error Layer       : M2 (13)
Number of errors  : 4
Description       :  -- 
Status            : error
Bbox              : {208.4500 146.1050} {208.5100 146.2150}

Error ID          : 278
Error Type        : Less than minimum area
Error Layer       : M2 (13)
Number of errors  : 4
Description       :  -- 
Status            : error
Bbox              : {23.4660 269.8330} {23.5260 269.9430}

Error ID          : 325
Error Type        : Less than minimum area
Error Layer       : M2 (13)
Number of errors  : 4
Description       :  -- 
Status            : error
Bbox              : {152.6660 278.3450} {152.7260 278.4550}

Error ID          : 129
Error Type        : Short
Error Layer       : M1 (11)
Number of errors  : 1
Description       :  -- 
Status            : error
Bbox              : {300.5170 168.7280} {300.6670 168.8880}

1
