****************************************
Report : timing
        -path_type full
        -delay_type max
        -max_paths 10
        -report_by design
Design : cv32e40p_synth_wrap
Version: W-2024.09-SP2
Date   : Sat May  9 23:07:41 2026
****************************************

  Startpoint: u_core/core_i/id_stage_i/mult_operand_b_ex_o_reg[1] (rising edge-triggered flip-flop clocked by clk_i)
  Endpoint: u_core/core_i/id_stage_i/alu_operand_a_ex_o_reg[31] (rising edge-triggered flip-flop clocked by clk_i)
  Mode: default
  Corner: default
  Scenario: default
  Path Group: clk_i
  Path Type: max

  Point                                            Incr      Path  
  ------------------------------------------------------------------------
  clock clk_i (rise edge)                          0.00      0.00
  clock network delay (ideal)                      0.00      0.00

  u_core/core_i/id_stage_i/mult_operand_b_ex_o_reg[1]/CLK (SDFFARX1_RVT)
                                                   0.00      0.00 r
  u_core/core_i/id_stage_i/mult_operand_b_ex_o_reg[1]/Q (SDFFARX1_RVT)
                                                   0.10      0.10 r
  u_core/core_i/U979/Y (NBUFFX4_HVT)               0.05      0.15 r
  u_core/core_i/U1630/Y (NAND3X0_HVT)              0.09      0.24 f
  u_core/core_i/U1687/Y (INVX1_HVT)                0.04      0.28 r
  u_core/core_i/U1845/S (FADDX1_HVT)               0.11      0.40 r
  u_core/core_i/U1690/Y (INVX1_HVT)                0.03      0.43 f
  u_core/core_i/U1837/CO (FADDX1_HVT)              0.08      0.51 f
  u_core/core_i/U1904/Y (INVX1_HVT)                0.03      0.54 r
  u_core/core_i/U1905/Y (OAI222X1_HVT)             0.16      0.70 f
  u_core/core_i/U1972/CO (FADDX1_HVT)              0.08      0.78 f
  u_core/core_i/U2110/Y (INVX1_HVT)                0.03      0.81 r
  u_core/core_i/U2111/Y (AO222X1_HVT)              0.13      0.94 r
  u_core/core_i/U2192/CO (FADDX1_HVT)              0.11      1.05 r
  u_core/core_i/U2193/Y (NBUFFX2_HVT)              0.06      1.11 r
  u_core/core_i/U2282/Y (AO222X1_HVT)              0.15      1.26 r
  u_core/core_i/U2367/CO (FADDX1_HVT)              0.11      1.37 r
  u_core/core_i/U2368/Y (NBUFFX2_HVT)              0.06      1.43 r
  u_core/core_i/U2433/Y (AO222X1_HVT)              0.15      1.59 r
  u_core/core_i/U2478/CO (FADDX1_HVT)              0.11      1.70 r
  u_core/core_i/U2479/Y (NBUFFX2_HVT)              0.06      1.76 r
  u_core/core_i/U2576/Y (AO222X1_HVT)              0.15      1.91 r
  u_core/core_i/U2656/CO (FADDX1_HVT)              0.11      2.02 r
  u_core/core_i/U2657/Y (NBUFFX2_HVT)              0.06      2.08 r
  u_core/core_i/U2725/Y (AO222X1_HVT)              0.15      2.23 r
  u_core/core_i/U2760/CO (FADDX1_HVT)              0.11      2.34 r
  u_core/core_i/U2761/Y (NBUFFX2_HVT)              0.06      2.40 r
  u_core/core_i/U2889/Y (AO222X1_HVT)              0.15      2.55 r
  u_core/core_i/U2946/CO (FADDX2_HVT)              0.12      2.67 r
  u_core/core_i/U2947/Y (NBUFFX2_HVT)              0.06      2.73 r
  u_core/core_i/U3005/Y (AO222X1_HVT)              0.15      2.88 r
  u_core/core_i/U3017/CO (FADDX1_HVT)              0.11      2.99 r
  u_core/core_i/U3018/Y (NBUFFX2_HVT)              0.06      3.05 r
  u_core/core_i/U3128/Y (AO222X1_HVT)              0.15      3.20 r
  u_core/core_i/U3145/CO (FADDX1_HVT)              0.11      3.31 r
  u_core/core_i/U3146/Y (NBUFFX2_HVT)              0.06      3.37 r
  u_core/core_i/U3264/Y (AO222X1_HVT)              0.15      3.53 r
  u_core/core_i/U3281/CO (FADDX2_HVT)              0.12      3.64 r
  u_core/core_i/U3282/Y (NBUFFX2_HVT)              0.06      3.71 r
  u_core/core_i/U3403/Y (AO222X1_HVT)              0.15      3.86 r
  u_core/core_i/U3425/CO (FADDX2_HVT)              0.12      3.98 r
  u_core/core_i/U3426/Y (NBUFFX2_HVT)              0.06      4.04 r
  u_core/core_i/U3549/Y (AO222X1_HVT)              0.15      4.19 r
  u_core/core_i/U3578/CO (FADDX2_HVT)              0.12      4.31 r
  u_core/core_i/U3579/Y (NBUFFX2_HVT)              0.06      4.37 r
  u_core/core_i/U3715/Y (AO222X1_HVT)              0.15      4.52 r
  u_core/core_i/U3739/CO (FADDX2_HVT)              0.12      4.64 r
  u_core/core_i/U3740/Y (NBUFFX2_HVT)              0.06      4.70 r
  u_core/core_i/U3885/Y (AO222X1_HVT)              0.15      4.86 r
  u_core/core_i/U3927/CO (FADDX2_HVT)              0.12      4.98 r
  u_core/core_i/U3932/Y (XOR2X1_HVT)               0.13      5.10 f
  u_core/core_i/U3936/S (FADDX1_HVT)               0.13      5.23 r
  u_core/core_i/U3937/Y (XOR2X1_HVT)               0.12      5.35 f
  u_core/core_i/U3938/Y (XOR2X1_HVT)               0.13      5.49 r
  u_core/core_i/U3939/S (FADDX1_HVT)               0.17      5.65 f
  u_core/core_i/U4021/S (FADDX2_HVT)               0.16      5.81 r
  u_core/core_i/U4022/Y (AO22X1_HVT)               0.08      5.89 r
  u_core/core_i/U4023/Y (OR2X1_HVT)                0.06      5.95 r
  u_core/core_i/U4024/Y (AO21X1_HVT)               0.05      5.99 r
  u_core/core_i/U4025/Y (OR2X1_HVT)                0.06      6.05 r
  u_core/core_i/U4026/Y (AO21X1_HVT)               0.04      6.10 r
  u_core/core_i/U4027/Y (OA22X2_HVT)               0.08      6.18 r
  u_core/core_i/id_stage_i/U232/Y (NBUFFX2_HVT)    0.06      6.24 r
  u_core/core_i/id_stage_i/U2961/Y (AO222X1_HVT)   0.13      6.37 r
  u_core/core_i/id_stage_i/U3059/Y (AO222X1_HVT)   0.13      6.50 r
  u_core/core_i/id_stage_i/U3060/Y (AO22X1_HVT)    0.08      6.58 r
  u_core/core_i/id_stage_i/alu_operand_a_ex_o_reg[31]/D (SDFFARX1_RVT)
                                                   0.00      6.58 r
  data arrival time                                          6.58

  clock clk_i (rise edge)                          8.50      8.50
  clock network delay (ideal)                      0.00      8.50
  u_core/core_i/id_stage_i/alu_operand_a_ex_o_reg[31]/CLK (SDFFARX1_RVT)
                                                   0.00      8.50 r
  clock uncertainty                               -0.10      8.40
  library setup time                              -0.07      8.33
  data required time                                         8.33
  ------------------------------------------------------------------------
  data required time                                         8.33
  data arrival time                                         -6.58
  ------------------------------------------------------------------------
  slack (MET)                                                1.75



  Startpoint: u_core/core_i/id_stage_i/mult_operand_b_ex_o_reg[1] (rising edge-triggered flip-flop clocked by clk_i)
  Endpoint: u_core/core_i/id_stage_i/alu_operand_b_ex_o_reg[31] (rising edge-triggered flip-flop clocked by clk_i)
  Mode: default
  Corner: default
  Scenario: default
  Path Group: clk_i
  Path Type: max

  Point                                            Incr      Path  
  ------------------------------------------------------------------------
  clock clk_i (rise edge)                          0.00      0.00
  clock network delay (ideal)                      0.00      0.00

  u_core/core_i/id_stage_i/mult_operand_b_ex_o_reg[1]/CLK (SDFFARX1_RVT)
                                                   0.00      0.00 r
  u_core/core_i/id_stage_i/mult_operand_b_ex_o_reg[1]/Q (SDFFARX1_RVT)
                                                   0.10      0.10 r
  u_core/core_i/U979/Y (NBUFFX4_HVT)               0.05      0.15 r
  u_core/core_i/U1630/Y (NAND3X0_HVT)              0.09      0.24 f
  u_core/core_i/U1687/Y (INVX1_HVT)                0.04      0.28 r
  u_core/core_i/U1845/S (FADDX1_HVT)               0.11      0.40 r
  u_core/core_i/U1690/Y (INVX1_HVT)                0.03      0.43 f
  u_core/core_i/U1837/CO (FADDX1_HVT)              0.08      0.51 f
  u_core/core_i/U1904/Y (INVX1_HVT)                0.03      0.54 r
  u_core/core_i/U1905/Y (OAI222X1_HVT)             0.16      0.70 f
  u_core/core_i/U1972/CO (FADDX1_HVT)              0.08      0.78 f
  u_core/core_i/U2110/Y (INVX1_HVT)                0.03      0.81 r
  u_core/core_i/U2111/Y (AO222X1_HVT)              0.13      0.94 r
  u_core/core_i/U2192/CO (FADDX1_HVT)              0.11      1.05 r
  u_core/core_i/U2193/Y (NBUFFX2_HVT)              0.06      1.11 r
  u_core/core_i/U2282/Y (AO222X1_HVT)              0.15      1.26 r
  u_core/core_i/U2367/CO (FADDX1_HVT)              0.11      1.37 r
  u_core/core_i/U2368/Y (NBUFFX2_HVT)              0.06      1.43 r
  u_core/core_i/U2433/Y (AO222X1_HVT)              0.15      1.59 r
  u_core/core_i/U2478/CO (FADDX1_HVT)              0.11      1.70 r
  u_core/core_i/U2479/Y (NBUFFX2_HVT)              0.06      1.76 r
  u_core/core_i/U2576/Y (AO222X1_HVT)              0.15      1.91 r
  u_core/core_i/U2656/CO (FADDX1_HVT)              0.11      2.02 r
  u_core/core_i/U2657/Y (NBUFFX2_HVT)              0.06      2.08 r
  u_core/core_i/U2725/Y (AO222X1_HVT)              0.15      2.23 r
  u_core/core_i/U2760/CO (FADDX1_HVT)              0.11      2.34 r
  u_core/core_i/U2761/Y (NBUFFX2_HVT)              0.06      2.40 r
  u_core/core_i/U2889/Y (AO222X1_HVT)              0.15      2.55 r
  u_core/core_i/U2946/CO (FADDX2_HVT)              0.12      2.67 r
  u_core/core_i/U2947/Y (NBUFFX2_HVT)              0.06      2.73 r
  u_core/core_i/U3005/Y (AO222X1_HVT)              0.15      2.88 r
  u_core/core_i/U3017/CO (FADDX1_HVT)              0.11      2.99 r
  u_core/core_i/U3018/Y (NBUFFX2_HVT)              0.06      3.05 r
  u_core/core_i/U3128/Y (AO222X1_HVT)              0.15      3.20 r
  u_core/core_i/U3145/CO (FADDX1_HVT)              0.11      3.31 r
  u_core/core_i/U3146/Y (NBUFFX2_HVT)              0.06      3.37 r
  u_core/core_i/U3264/Y (AO222X1_HVT)              0.15      3.53 r
  u_core/core_i/U3281/CO (FADDX2_HVT)              0.12      3.64 r
  u_core/core_i/U3282/Y (NBUFFX2_HVT)              0.06      3.71 r
  u_core/core_i/U3403/Y (AO222X1_HVT)              0.15      3.86 r
  u_core/core_i/U3425/CO (FADDX2_HVT)              0.12      3.98 r
  u_core/core_i/U3426/Y (NBUFFX2_HVT)              0.06      4.04 r
  u_core/core_i/U3549/Y (AO222X1_HVT)              0.15      4.19 r
  u_core/core_i/U3578/CO (FADDX2_HVT)              0.12      4.31 r
  u_core/core_i/U3579/Y (NBUFFX2_HVT)              0.06      4.37 r
  u_core/core_i/U3715/Y (AO222X1_HVT)              0.15      4.52 r
  u_core/core_i/U3739/CO (FADDX2_HVT)              0.12      4.64 r
  u_core/core_i/U3740/Y (NBUFFX2_HVT)              0.06      4.70 r
  u_core/core_i/U3885/Y (AO222X1_HVT)              0.15      4.86 r
  u_core/core_i/U3927/CO (FADDX2_HVT)              0.12      4.98 r
  u_core/core_i/U3932/Y (XOR2X1_HVT)               0.13      5.10 f
  u_core/core_i/U3936/S (FADDX1_HVT)               0.13      5.23 r
  u_core/core_i/U3937/Y (XOR2X1_HVT)               0.12      5.35 f
  u_core/core_i/U3938/Y (XOR2X1_HVT)               0.13      5.49 r
  u_core/core_i/U3939/S (FADDX1_HVT)               0.17      5.65 f
  u_core/core_i/U4021/S (FADDX2_HVT)               0.16      5.81 r
  u_core/core_i/U4022/Y (AO22X1_HVT)               0.08      5.89 r
  u_core/core_i/U4023/Y (OR2X1_HVT)                0.06      5.95 r
  u_core/core_i/U4024/Y (AO21X1_HVT)               0.05      5.99 r
  u_core/core_i/U4025/Y (OR2X1_HVT)                0.06      6.05 r
  u_core/core_i/U4026/Y (AO21X1_HVT)               0.04      6.10 r
  u_core/core_i/U4027/Y (OA22X2_HVT)               0.08      6.18 r
  u_core/core_i/id_stage_i/U232/Y (NBUFFX2_HVT)    0.06      6.24 r
  u_core/core_i/id_stage_i/U2274/Y (AO222X1_HVT)   0.10      6.34 r
  u_core/core_i/id_stage_i/U2962/Y (OA221X1_HVT)   0.12      6.46 r
  u_core/core_i/id_stage_i/U2963/Y (AO21X1_HVT)    0.06      6.51 r
  u_core/core_i/id_stage_i/U2964/Y (AND2X1_HVT)    0.06      6.58 r
  u_core/core_i/id_stage_i/alu_operand_b_ex_o_reg[31]/D (SDFFARX1_RVT)
                                                   0.00      6.58 r
  data arrival time                                          6.58

  clock clk_i (rise edge)                          8.50      8.50
  clock network delay (ideal)                      0.00      8.50
  u_core/core_i/id_stage_i/alu_operand_b_ex_o_reg[31]/CLK (SDFFARX1_RVT)
                                                   0.00      8.50 r
  clock uncertainty                               -0.10      8.40
  library setup time                              -0.07      8.33
  data required time                                         8.33
  ------------------------------------------------------------------------
  data required time                                         8.33
  data arrival time                                         -6.58
  ------------------------------------------------------------------------
  slack (MET)                                                1.75



  Startpoint: u_core/core_i/id_stage_i/mult_operand_b_ex_o_reg[1] (rising edge-triggered flip-flop clocked by clk_i)
  Endpoint: u_core/core_i/id_stage_i/mult_operand_c_ex_o_reg[31] (rising edge-triggered flip-flop clocked by clk_i)
  Mode: default
  Corner: default
  Scenario: default
  Path Group: clk_i
  Path Type: max

  Point                                            Incr      Path  
  ------------------------------------------------------------------------
  clock clk_i (rise edge)                          0.00      0.00
  clock network delay (ideal)                      0.00      0.00

  u_core/core_i/id_stage_i/mult_operand_b_ex_o_reg[1]/CLK (SDFFARX1_RVT)
                                                   0.00      0.00 r
  u_core/core_i/id_stage_i/mult_operand_b_ex_o_reg[1]/Q (SDFFARX1_RVT)
                                                   0.10      0.10 r
  u_core/core_i/U979/Y (NBUFFX4_HVT)               0.05      0.15 r
  u_core/core_i/U1630/Y (NAND3X0_HVT)              0.09      0.24 f
  u_core/core_i/U1687/Y (INVX1_HVT)                0.04      0.28 r
  u_core/core_i/U1845/S (FADDX1_HVT)               0.11      0.40 r
  u_core/core_i/U1690/Y (INVX1_HVT)                0.03      0.43 f
  u_core/core_i/U1837/CO (FADDX1_HVT)              0.08      0.51 f
  u_core/core_i/U1904/Y (INVX1_HVT)                0.03      0.54 r
  u_core/core_i/U1905/Y (OAI222X1_HVT)             0.16      0.70 f
  u_core/core_i/U1972/CO (FADDX1_HVT)              0.08      0.78 f
  u_core/core_i/U2110/Y (INVX1_HVT)                0.03      0.81 r
  u_core/core_i/U2111/Y (AO222X1_HVT)              0.13      0.94 r
  u_core/core_i/U2192/CO (FADDX1_HVT)              0.11      1.05 r
  u_core/core_i/U2193/Y (NBUFFX2_HVT)              0.06      1.11 r
  u_core/core_i/U2282/Y (AO222X1_HVT)              0.15      1.26 r
  u_core/core_i/U2367/CO (FADDX1_HVT)              0.11      1.37 r
  u_core/core_i/U2368/Y (NBUFFX2_HVT)              0.06      1.43 r
  u_core/core_i/U2433/Y (AO222X1_HVT)              0.15      1.59 r
  u_core/core_i/U2478/CO (FADDX1_HVT)              0.11      1.70 r
  u_core/core_i/U2479/Y (NBUFFX2_HVT)              0.06      1.76 r
  u_core/core_i/U2576/Y (AO222X1_HVT)              0.15      1.91 r
  u_core/core_i/U2656/CO (FADDX1_HVT)              0.11      2.02 r
  u_core/core_i/U2657/Y (NBUFFX2_HVT)              0.06      2.08 r
  u_core/core_i/U2725/Y (AO222X1_HVT)              0.15      2.23 r
  u_core/core_i/U2760/CO (FADDX1_HVT)              0.11      2.34 r
  u_core/core_i/U2761/Y (NBUFFX2_HVT)              0.06      2.40 r
  u_core/core_i/U2889/Y (AO222X1_HVT)              0.15      2.55 r
  u_core/core_i/U2946/CO (FADDX2_HVT)              0.12      2.67 r
  u_core/core_i/U2947/Y (NBUFFX2_HVT)              0.06      2.73 r
  u_core/core_i/U3005/Y (AO222X1_HVT)              0.15      2.88 r
  u_core/core_i/U3017/CO (FADDX1_HVT)              0.11      2.99 r
  u_core/core_i/U3018/Y (NBUFFX2_HVT)              0.06      3.05 r
  u_core/core_i/U3128/Y (AO222X1_HVT)              0.15      3.20 r
  u_core/core_i/U3145/CO (FADDX1_HVT)              0.11      3.31 r
  u_core/core_i/U3146/Y (NBUFFX2_HVT)              0.06      3.37 r
  u_core/core_i/U3264/Y (AO222X1_HVT)              0.15      3.53 r
  u_core/core_i/U3281/CO (FADDX2_HVT)              0.12      3.64 r
  u_core/core_i/U3282/Y (NBUFFX2_HVT)              0.06      3.71 r
  u_core/core_i/U3403/Y (AO222X1_HVT)              0.15      3.86 r
  u_core/core_i/U3425/CO (FADDX2_HVT)              0.12      3.98 r
  u_core/core_i/U3426/Y (NBUFFX2_HVT)              0.06      4.04 r
  u_core/core_i/U3549/Y (AO222X1_HVT)              0.15      4.19 r
  u_core/core_i/U3578/CO (FADDX2_HVT)              0.12      4.31 r
  u_core/core_i/U3579/Y (NBUFFX2_HVT)              0.06      4.37 r
  u_core/core_i/U3715/Y (AO222X1_HVT)              0.15      4.52 r
  u_core/core_i/U3739/CO (FADDX2_HVT)              0.12      4.64 r
  u_core/core_i/U3740/Y (NBUFFX2_HVT)              0.06      4.70 r
  u_core/core_i/U3885/Y (AO222X1_HVT)              0.15      4.86 r
  u_core/core_i/U3927/CO (FADDX2_HVT)              0.12      4.98 r
  u_core/core_i/U3932/Y (XOR2X1_HVT)               0.13      5.10 f
  u_core/core_i/U3936/S (FADDX1_HVT)               0.13      5.23 r
  u_core/core_i/U3937/Y (XOR2X1_HVT)               0.12      5.35 f
  u_core/core_i/U3938/Y (XOR2X1_HVT)               0.13      5.49 r
  u_core/core_i/U3939/S (FADDX1_HVT)               0.17      5.65 f
  u_core/core_i/U4021/S (FADDX2_HVT)               0.16      5.81 r
  u_core/core_i/U4022/Y (AO22X1_HVT)               0.08      5.89 r
  u_core/core_i/U4023/Y (OR2X1_HVT)                0.06      5.95 r
  u_core/core_i/U4024/Y (AO21X1_HVT)               0.05      5.99 r
  u_core/core_i/U4025/Y (OR2X1_HVT)                0.06      6.05 r
  u_core/core_i/U4026/Y (AO21X1_HVT)               0.04      6.10 r
  u_core/core_i/U4027/Y (OA22X2_HVT)               0.08      6.18 r
  u_core/core_i/id_stage_i/U232/Y (NBUFFX2_HVT)    0.06      6.24 r
  u_core/core_i/id_stage_i/U2274/Y (AO222X1_HVT)   0.10      6.34 r
  u_core/core_i/id_stage_i/U2275/Y (AO222X1_HVT)   0.14      6.48 r
  u_core/core_i/id_stage_i/U2403/Y (AO22X1_HVT)    0.08      6.56 r
  u_core/core_i/id_stage_i/mult_operand_c_ex_o_reg[31]/D (SDFFARX1_RVT)
                                                   0.00      6.56 r
  data arrival time                                          6.56

  clock clk_i (rise edge)                          8.50      8.50
  clock network delay (ideal)                      0.00      8.50
  u_core/core_i/id_stage_i/mult_operand_c_ex_o_reg[31]/CLK (SDFFARX1_RVT)
                                                   0.00      8.50 r
  clock uncertainty                               -0.10      8.40
  library setup time                              -0.07      8.33
  data required time                                         8.33
  ------------------------------------------------------------------------
  data required time                                         8.33
  data arrival time                                         -6.56
  ------------------------------------------------------------------------
  slack (MET)                                                1.77



  Startpoint: u_core/core_i/id_stage_i/mult_operand_b_ex_o_reg[1] (rising edge-triggered flip-flop clocked by clk_i)
  Endpoint: u_core/core_i/id_stage_i/mult_operand_b_ex_o_reg[31] (rising edge-triggered flip-flop clocked by clk_i)
  Mode: default
  Corner: default
  Scenario: default
  Path Group: clk_i
  Path Type: max

  Point                                            Incr      Path  
  ------------------------------------------------------------------------
  clock clk_i (rise edge)                          0.00      0.00
  clock network delay (ideal)                      0.00      0.00

  u_core/core_i/id_stage_i/mult_operand_b_ex_o_reg[1]/CLK (SDFFARX1_RVT)
                                                   0.00      0.00 r
  u_core/core_i/id_stage_i/mult_operand_b_ex_o_reg[1]/Q (SDFFARX1_RVT)
                                                   0.10      0.10 r
  u_core/core_i/U979/Y (NBUFFX4_HVT)               0.05      0.15 r
  u_core/core_i/U1630/Y (NAND3X0_HVT)              0.09      0.24 f
  u_core/core_i/U1687/Y (INVX1_HVT)                0.04      0.28 r
  u_core/core_i/U1845/S (FADDX1_HVT)               0.11      0.40 r
  u_core/core_i/U1690/Y (INVX1_HVT)                0.03      0.43 f
  u_core/core_i/U1837/CO (FADDX1_HVT)              0.08      0.51 f
  u_core/core_i/U1904/Y (INVX1_HVT)                0.03      0.54 r
  u_core/core_i/U1905/Y (OAI222X1_HVT)             0.16      0.70 f
  u_core/core_i/U1972/CO (FADDX1_HVT)              0.08      0.78 f
  u_core/core_i/U2110/Y (INVX1_HVT)                0.03      0.81 r
  u_core/core_i/U2111/Y (AO222X1_HVT)              0.13      0.94 r
  u_core/core_i/U2192/CO (FADDX1_HVT)              0.11      1.05 r
  u_core/core_i/U2193/Y (NBUFFX2_HVT)              0.06      1.11 r
  u_core/core_i/U2282/Y (AO222X1_HVT)              0.15      1.26 r
  u_core/core_i/U2367/CO (FADDX1_HVT)              0.11      1.37 r
  u_core/core_i/U2368/Y (NBUFFX2_HVT)              0.06      1.43 r
  u_core/core_i/U2433/Y (AO222X1_HVT)              0.15      1.59 r
  u_core/core_i/U2478/CO (FADDX1_HVT)              0.11      1.70 r
  u_core/core_i/U2479/Y (NBUFFX2_HVT)              0.06      1.76 r
  u_core/core_i/U2576/Y (AO222X1_HVT)              0.15      1.91 r
  u_core/core_i/U2656/CO (FADDX1_HVT)              0.11      2.02 r
  u_core/core_i/U2657/Y (NBUFFX2_HVT)              0.06      2.08 r
  u_core/core_i/U2725/Y (AO222X1_HVT)              0.15      2.23 r
  u_core/core_i/U2760/CO (FADDX1_HVT)              0.11      2.34 r
  u_core/core_i/U2761/Y (NBUFFX2_HVT)              0.06      2.40 r
  u_core/core_i/U2889/Y (AO222X1_HVT)              0.15      2.55 r
  u_core/core_i/U2946/CO (FADDX2_HVT)              0.12      2.67 r
  u_core/core_i/U2947/Y (NBUFFX2_HVT)              0.06      2.73 r
  u_core/core_i/U3005/Y (AO222X1_HVT)              0.15      2.88 r
  u_core/core_i/U3017/CO (FADDX1_HVT)              0.11      2.99 r
  u_core/core_i/U3018/Y (NBUFFX2_HVT)              0.06      3.05 r
  u_core/core_i/U3128/Y (AO222X1_HVT)              0.15      3.20 r
  u_core/core_i/U3145/CO (FADDX1_HVT)              0.11      3.31 r
  u_core/core_i/U3146/Y (NBUFFX2_HVT)              0.06      3.37 r
  u_core/core_i/U3264/Y (AO222X1_HVT)              0.15      3.53 r
  u_core/core_i/U3281/CO (FADDX2_HVT)              0.12      3.64 r
  u_core/core_i/U3282/Y (NBUFFX2_HVT)              0.06      3.71 r
  u_core/core_i/U3403/Y (AO222X1_HVT)              0.15      3.86 r
  u_core/core_i/U3425/CO (FADDX2_HVT)              0.12      3.98 r
  u_core/core_i/U3426/Y (NBUFFX2_HVT)              0.06      4.04 r
  u_core/core_i/U3549/Y (AO222X1_HVT)              0.15      4.19 r
  u_core/core_i/U3578/CO (FADDX2_HVT)              0.12      4.31 r
  u_core/core_i/U3579/Y (NBUFFX2_HVT)              0.06      4.37 r
  u_core/core_i/U3715/Y (AO222X1_HVT)              0.15      4.52 r
  u_core/core_i/U3739/CO (FADDX2_HVT)              0.12      4.64 r
  u_core/core_i/U3740/Y (NBUFFX2_HVT)              0.06      4.70 r
  u_core/core_i/U3885/Y (AO222X1_HVT)              0.15      4.86 r
  u_core/core_i/U3927/CO (FADDX2_HVT)              0.12      4.98 r
  u_core/core_i/U3932/Y (XOR2X1_HVT)               0.13      5.10 f
  u_core/core_i/U3936/S (FADDX1_HVT)               0.13      5.23 r
  u_core/core_i/U3937/Y (XOR2X1_HVT)               0.12      5.35 f
  u_core/core_i/U3938/Y (XOR2X1_HVT)               0.13      5.49 r
  u_core/core_i/U3939/S (FADDX1_HVT)               0.17      5.65 f
  u_core/core_i/U4021/S (FADDX2_HVT)               0.16      5.81 r
  u_core/core_i/U4022/Y (AO22X1_HVT)               0.08      5.89 r
  u_core/core_i/U4023/Y (OR2X1_HVT)                0.06      5.95 r
  u_core/core_i/U4024/Y (AO21X1_HVT)               0.05      5.99 r
  u_core/core_i/U4025/Y (OR2X1_HVT)                0.06      6.05 r
  u_core/core_i/U4026/Y (AO21X1_HVT)               0.04      6.10 r
  u_core/core_i/U4027/Y (OA22X2_HVT)               0.08      6.18 r
  u_core/core_i/id_stage_i/U232/Y (NBUFFX2_HVT)    0.06      6.24 r
  u_core/core_i/id_stage_i/U2274/Y (AO222X1_HVT)   0.10      6.34 r
  u_core/core_i/id_stage_i/U2962/Y (OA221X1_HVT)   0.12      6.46 r
  u_core/core_i/id_stage_i/U2963/Y (AO21X1_HVT)    0.06      6.51 r
  u_core/core_i/id_stage_i/mult_operand_b_ex_o_reg[31]/D (SDFFARX1_RVT)
                                                   0.00      6.51 r
  data arrival time                                          6.51

  clock clk_i (rise edge)                          8.50      8.50
  clock network delay (ideal)                      0.00      8.50
  u_core/core_i/id_stage_i/mult_operand_b_ex_o_reg[31]/CLK (SDFFARX1_RVT)
                                                   0.00      8.50 r
  clock uncertainty                               -0.10      8.40
  library setup time                              -0.07      8.33
  data required time                                         8.33
  ------------------------------------------------------------------------
  data required time                                         8.33
  data arrival time                                         -6.51
  ------------------------------------------------------------------------
  slack (MET)                                                1.81



  Startpoint: u_core/core_i/id_stage_i/mult_operand_b_ex_o_reg[1] (rising edge-triggered flip-flop clocked by clk_i)
  Endpoint: u_core/core_i/id_stage_i/mult_operand_a_ex_o_reg[31] (rising edge-triggered flip-flop clocked by clk_i)
  Mode: default
  Corner: default
  Scenario: default
  Path Group: clk_i
  Path Type: max

  Point                                            Incr      Path  
  ------------------------------------------------------------------------
  clock clk_i (rise edge)                          0.00      0.00
  clock network delay (ideal)                      0.00      0.00

  u_core/core_i/id_stage_i/mult_operand_b_ex_o_reg[1]/CLK (SDFFARX1_RVT)
                                                   0.00      0.00 r
  u_core/core_i/id_stage_i/mult_operand_b_ex_o_reg[1]/Q (SDFFARX1_RVT)
                                                   0.10      0.10 r
  u_core/core_i/U979/Y (NBUFFX4_HVT)               0.05      0.15 r
  u_core/core_i/U1630/Y (NAND3X0_HVT)              0.09      0.24 f
  u_core/core_i/U1687/Y (INVX1_HVT)                0.04      0.28 r
  u_core/core_i/U1845/S (FADDX1_HVT)               0.11      0.40 r
  u_core/core_i/U1690/Y (INVX1_HVT)                0.03      0.43 f
  u_core/core_i/U1837/CO (FADDX1_HVT)              0.08      0.51 f
  u_core/core_i/U1904/Y (INVX1_HVT)                0.03      0.54 r
  u_core/core_i/U1905/Y (OAI222X1_HVT)             0.16      0.70 f
  u_core/core_i/U1972/CO (FADDX1_HVT)              0.08      0.78 f
  u_core/core_i/U2110/Y (INVX1_HVT)                0.03      0.81 r
  u_core/core_i/U2111/Y (AO222X1_HVT)              0.13      0.94 r
  u_core/core_i/U2192/CO (FADDX1_HVT)              0.11      1.05 r
  u_core/core_i/U2193/Y (NBUFFX2_HVT)              0.06      1.11 r
  u_core/core_i/U2282/Y (AO222X1_HVT)              0.15      1.26 r
  u_core/core_i/U2367/CO (FADDX1_HVT)              0.11      1.37 r
  u_core/core_i/U2368/Y (NBUFFX2_HVT)              0.06      1.43 r
  u_core/core_i/U2433/Y (AO222X1_HVT)              0.15      1.59 r
  u_core/core_i/U2478/CO (FADDX1_HVT)              0.11      1.70 r
  u_core/core_i/U2479/Y (NBUFFX2_HVT)              0.06      1.76 r
  u_core/core_i/U2576/Y (AO222X1_HVT)              0.15      1.91 r
  u_core/core_i/U2656/CO (FADDX1_HVT)              0.11      2.02 r
  u_core/core_i/U2657/Y (NBUFFX2_HVT)              0.06      2.08 r
  u_core/core_i/U2725/Y (AO222X1_HVT)              0.15      2.23 r
  u_core/core_i/U2760/CO (FADDX1_HVT)              0.11      2.34 r
  u_core/core_i/U2761/Y (NBUFFX2_HVT)              0.06      2.40 r
  u_core/core_i/U2889/Y (AO222X1_HVT)              0.15      2.55 r
  u_core/core_i/U2946/CO (FADDX2_HVT)              0.12      2.67 r
  u_core/core_i/U2947/Y (NBUFFX2_HVT)              0.06      2.73 r
  u_core/core_i/U3005/Y (AO222X1_HVT)              0.15      2.88 r
  u_core/core_i/U3017/CO (FADDX1_HVT)              0.11      2.99 r
  u_core/core_i/U3018/Y (NBUFFX2_HVT)              0.06      3.05 r
  u_core/core_i/U3128/Y (AO222X1_HVT)              0.15      3.20 r
  u_core/core_i/U3145/CO (FADDX1_HVT)              0.11      3.31 r
  u_core/core_i/U3146/Y (NBUFFX2_HVT)              0.06      3.37 r
  u_core/core_i/U3264/Y (AO222X1_HVT)              0.15      3.53 r
  u_core/core_i/U3281/CO (FADDX2_HVT)              0.12      3.64 r
  u_core/core_i/U3282/Y (NBUFFX2_HVT)              0.06      3.71 r
  u_core/core_i/U3403/Y (AO222X1_HVT)              0.15      3.86 r
  u_core/core_i/U3425/CO (FADDX2_HVT)              0.12      3.98 r
  u_core/core_i/U3426/Y (NBUFFX2_HVT)              0.06      4.04 r
  u_core/core_i/U3549/Y (AO222X1_HVT)              0.15      4.19 r
  u_core/core_i/U3578/CO (FADDX2_HVT)              0.12      4.31 r
  u_core/core_i/U3579/Y (NBUFFX2_HVT)              0.06      4.37 r
  u_core/core_i/U3715/Y (AO222X1_HVT)              0.15      4.52 r
  u_core/core_i/U3739/CO (FADDX2_HVT)              0.12      4.64 r
  u_core/core_i/U3740/Y (NBUFFX2_HVT)              0.06      4.70 r
  u_core/core_i/U3885/Y (AO222X1_HVT)              0.15      4.86 r
  u_core/core_i/U3927/CO (FADDX2_HVT)              0.12      4.98 r
  u_core/core_i/U3932/Y (XOR2X1_HVT)               0.13      5.10 f
  u_core/core_i/U3936/S (FADDX1_HVT)               0.13      5.23 r
  u_core/core_i/U3937/Y (XOR2X1_HVT)               0.12      5.35 f
  u_core/core_i/U3938/Y (XOR2X1_HVT)               0.13      5.49 r
  u_core/core_i/U3939/S (FADDX1_HVT)               0.17      5.65 f
  u_core/core_i/U4021/S (FADDX2_HVT)               0.16      5.81 r
  u_core/core_i/U4022/Y (AO22X1_HVT)               0.08      5.89 r
  u_core/core_i/U4023/Y (OR2X1_HVT)                0.06      5.95 r
  u_core/core_i/U4024/Y (AO21X1_HVT)               0.05      5.99 r
  u_core/core_i/U4025/Y (OR2X1_HVT)                0.06      6.05 r
  u_core/core_i/U4026/Y (AO21X1_HVT)               0.04      6.10 r
  u_core/core_i/U4027/Y (OA22X2_HVT)               0.08      6.18 r
  u_core/core_i/id_stage_i/U232/Y (NBUFFX2_HVT)    0.06      6.24 r
  u_core/core_i/id_stage_i/U2961/Y (AO222X1_HVT)   0.13      6.37 r
  u_core/core_i/id_stage_i/U3059/Y (AO222X1_HVT)   0.13      6.50 r
  u_core/core_i/id_stage_i/mult_operand_a_ex_o_reg[31]/D (SDFFARX1_RVT)
                                                   0.00      6.50 r
  data arrival time                                          6.50

  clock clk_i (rise edge)                          8.50      8.50
  clock network delay (ideal)                      0.00      8.50
  u_core/core_i/id_stage_i/mult_operand_a_ex_o_reg[31]/CLK (SDFFARX1_RVT)
                                                   0.00      8.50 r
  clock uncertainty                               -0.10      8.40
  library setup time                              -0.08      8.32
  data required time                                         8.32
  ------------------------------------------------------------------------
  data required time                                         8.32
  data arrival time                                         -6.50
  ------------------------------------------------------------------------
  slack (MET)                                                1.82



  Startpoint: u_core/core_i/id_stage_i/mult_operand_b_ex_o_reg[1] (rising edge-triggered flip-flop clocked by clk_i)
  Endpoint: u_core/core_i/id_stage_i/alu_operand_c_ex_o_reg[31] (rising edge-triggered flip-flop clocked by clk_i)
  Mode: default
  Corner: default
  Scenario: default
  Path Group: clk_i
  Path Type: max

  Point                                            Incr      Path  
  ------------------------------------------------------------------------
  clock clk_i (rise edge)                          0.00      0.00
  clock network delay (ideal)                      0.00      0.00

  u_core/core_i/id_stage_i/mult_operand_b_ex_o_reg[1]/CLK (SDFFARX1_RVT)
                                                   0.00      0.00 r
  u_core/core_i/id_stage_i/mult_operand_b_ex_o_reg[1]/Q (SDFFARX1_RVT)
                                                   0.10      0.10 r
  u_core/core_i/U979/Y (NBUFFX4_HVT)               0.05      0.15 r
  u_core/core_i/U1630/Y (NAND3X0_HVT)              0.09      0.24 f
  u_core/core_i/U1687/Y (INVX1_HVT)                0.04      0.28 r
  u_core/core_i/U1845/S (FADDX1_HVT)               0.11      0.40 r
  u_core/core_i/U1690/Y (INVX1_HVT)                0.03      0.43 f
  u_core/core_i/U1837/CO (FADDX1_HVT)              0.08      0.51 f
  u_core/core_i/U1904/Y (INVX1_HVT)                0.03      0.54 r
  u_core/core_i/U1905/Y (OAI222X1_HVT)             0.16      0.70 f
  u_core/core_i/U1972/CO (FADDX1_HVT)              0.08      0.78 f
  u_core/core_i/U2110/Y (INVX1_HVT)                0.03      0.81 r
  u_core/core_i/U2111/Y (AO222X1_HVT)              0.13      0.94 r
  u_core/core_i/U2192/CO (FADDX1_HVT)              0.11      1.05 r
  u_core/core_i/U2193/Y (NBUFFX2_HVT)              0.06      1.11 r
  u_core/core_i/U2282/Y (AO222X1_HVT)              0.15      1.26 r
  u_core/core_i/U2367/CO (FADDX1_HVT)              0.11      1.37 r
  u_core/core_i/U2368/Y (NBUFFX2_HVT)              0.06      1.43 r
  u_core/core_i/U2433/Y (AO222X1_HVT)              0.15      1.59 r
  u_core/core_i/U2478/CO (FADDX1_HVT)              0.11      1.70 r
  u_core/core_i/U2479/Y (NBUFFX2_HVT)              0.06      1.76 r
  u_core/core_i/U2576/Y (AO222X1_HVT)              0.15      1.91 r
  u_core/core_i/U2656/CO (FADDX1_HVT)              0.11      2.02 r
  u_core/core_i/U2657/Y (NBUFFX2_HVT)              0.06      2.08 r
  u_core/core_i/U2725/Y (AO222X1_HVT)              0.15      2.23 r
  u_core/core_i/U2760/CO (FADDX1_HVT)              0.11      2.34 r
  u_core/core_i/U2761/Y (NBUFFX2_HVT)              0.06      2.40 r
  u_core/core_i/U2889/Y (AO222X1_HVT)              0.15      2.55 r
  u_core/core_i/U2946/CO (FADDX2_HVT)              0.12      2.67 r
  u_core/core_i/U2947/Y (NBUFFX2_HVT)              0.06      2.73 r
  u_core/core_i/U3005/Y (AO222X1_HVT)              0.15      2.88 r
  u_core/core_i/U3017/CO (FADDX1_HVT)              0.11      2.99 r
  u_core/core_i/U3018/Y (NBUFFX2_HVT)              0.06      3.05 r
  u_core/core_i/U3128/Y (AO222X1_HVT)              0.15      3.20 r
  u_core/core_i/U3145/CO (FADDX1_HVT)              0.11      3.31 r
  u_core/core_i/U3146/Y (NBUFFX2_HVT)              0.06      3.37 r
  u_core/core_i/U3264/Y (AO222X1_HVT)              0.15      3.53 r
  u_core/core_i/U3281/CO (FADDX2_HVT)              0.12      3.64 r
  u_core/core_i/U3282/Y (NBUFFX2_HVT)              0.06      3.71 r
  u_core/core_i/U3403/Y (AO222X1_HVT)              0.15      3.86 r
  u_core/core_i/U3425/CO (FADDX2_HVT)              0.12      3.98 r
  u_core/core_i/U3426/Y (NBUFFX2_HVT)              0.06      4.04 r
  u_core/core_i/U3549/Y (AO222X1_HVT)              0.15      4.19 r
  u_core/core_i/U3578/CO (FADDX2_HVT)              0.12      4.31 r
  u_core/core_i/U3579/Y (NBUFFX2_HVT)              0.06      4.37 r
  u_core/core_i/U3715/Y (AO222X1_HVT)              0.15      4.52 r
  u_core/core_i/U3739/CO (FADDX2_HVT)              0.12      4.64 r
  u_core/core_i/U3740/Y (NBUFFX2_HVT)              0.06      4.70 r
  u_core/core_i/U3885/Y (AO222X1_HVT)              0.15      4.86 r
  u_core/core_i/U3927/CO (FADDX2_HVT)              0.12      4.98 r
  u_core/core_i/U3932/Y (XOR2X1_HVT)               0.13      5.10 f
  u_core/core_i/U3936/S (FADDX1_HVT)               0.13      5.23 r
  u_core/core_i/U3937/Y (XOR2X1_HVT)               0.12      5.35 f
  u_core/core_i/U3938/Y (XOR2X1_HVT)               0.13      5.49 r
  u_core/core_i/U3939/S (FADDX1_HVT)               0.17      5.65 f
  u_core/core_i/U4021/S (FADDX2_HVT)               0.16      5.81 r
  u_core/core_i/U4022/Y (AO22X1_HVT)               0.08      5.89 r
  u_core/core_i/U4023/Y (OR2X1_HVT)                0.06      5.95 r
  u_core/core_i/U4024/Y (AO21X1_HVT)               0.05      5.99 r
  u_core/core_i/U4025/Y (OR2X1_HVT)                0.06      6.05 r
  u_core/core_i/U4026/Y (AO21X1_HVT)               0.04      6.10 r
  u_core/core_i/U4027/Y (OA22X2_HVT)               0.08      6.18 r
  u_core/core_i/id_stage_i/U232/Y (NBUFFX2_HVT)    0.06      6.24 r
  u_core/core_i/id_stage_i/U2274/Y (AO222X1_HVT)   0.10      6.34 r
  u_core/core_i/id_stage_i/U2275/Y (AO222X1_HVT)   0.14      6.48 r
  u_core/core_i/id_stage_i/alu_operand_c_ex_o_reg[31]/D (SDFFARX1_RVT)
                                                   0.00      6.48 r
  data arrival time                                          6.48

  clock clk_i (rise edge)                          8.50      8.50
  clock network delay (ideal)                      0.00      8.50
  u_core/core_i/id_stage_i/alu_operand_c_ex_o_reg[31]/CLK (SDFFARX1_RVT)
                                                   0.00      8.50 r
  clock uncertainty                               -0.10      8.40
  library setup time                              -0.08      8.32
  data required time                                         8.32
  ------------------------------------------------------------------------
  data required time                                         8.32
  data arrival time                                         -6.48
  ------------------------------------------------------------------------
  slack (MET)                                                1.84



  Startpoint: u_core/core_i/id_stage_i/mult_operand_b_ex_o_reg[1] (rising edge-triggered flip-flop clocked by clk_i)
  Endpoint: u_core/core_i/id_stage_i/register_file_i/mem_reg[1][31] (rising edge-triggered flip-flop clocked by clk_i)
  Mode: default
  Corner: default
  Scenario: default
  Path Group: clk_i
  Path Type: max

  Point                                            Incr      Path  
  ------------------------------------------------------------------------
  clock clk_i (rise edge)                          0.00      0.00
  clock network delay (ideal)                      0.00      0.00

  u_core/core_i/id_stage_i/mult_operand_b_ex_o_reg[1]/CLK (SDFFARX1_RVT)
                                                   0.00      0.00 r
  u_core/core_i/id_stage_i/mult_operand_b_ex_o_reg[1]/Q (SDFFARX1_RVT)
                                                   0.10      0.10 r
  u_core/core_i/U979/Y (NBUFFX4_HVT)               0.05      0.15 r
  u_core/core_i/U1630/Y (NAND3X0_HVT)              0.09      0.24 f
  u_core/core_i/U1687/Y (INVX1_HVT)                0.04      0.28 r
  u_core/core_i/U1845/S (FADDX1_HVT)               0.11      0.40 r
  u_core/core_i/U1690/Y (INVX1_HVT)                0.03      0.43 f
  u_core/core_i/U1837/CO (FADDX1_HVT)              0.08      0.51 f
  u_core/core_i/U1904/Y (INVX1_HVT)                0.03      0.54 r
  u_core/core_i/U1905/Y (OAI222X1_HVT)             0.16      0.70 f
  u_core/core_i/U1972/CO (FADDX1_HVT)              0.08      0.78 f
  u_core/core_i/U2110/Y (INVX1_HVT)                0.03      0.81 r
  u_core/core_i/U2111/Y (AO222X1_HVT)              0.13      0.94 r
  u_core/core_i/U2192/CO (FADDX1_HVT)              0.11      1.05 r
  u_core/core_i/U2193/Y (NBUFFX2_HVT)              0.06      1.11 r
  u_core/core_i/U2282/Y (AO222X1_HVT)              0.15      1.26 r
  u_core/core_i/U2367/CO (FADDX1_HVT)              0.11      1.37 r
  u_core/core_i/U2368/Y (NBUFFX2_HVT)              0.06      1.43 r
  u_core/core_i/U2433/Y (AO222X1_HVT)              0.15      1.59 r
  u_core/core_i/U2478/CO (FADDX1_HVT)              0.11      1.70 r
  u_core/core_i/U2479/Y (NBUFFX2_HVT)              0.06      1.76 r
  u_core/core_i/U2576/Y (AO222X1_HVT)              0.15      1.91 r
  u_core/core_i/U2656/CO (FADDX1_HVT)              0.11      2.02 r
  u_core/core_i/U2657/Y (NBUFFX2_HVT)              0.06      2.08 r
  u_core/core_i/U2725/Y (AO222X1_HVT)              0.15      2.23 r
  u_core/core_i/U2760/CO (FADDX1_HVT)              0.11      2.34 r
  u_core/core_i/U2761/Y (NBUFFX2_HVT)              0.06      2.40 r
  u_core/core_i/U2889/Y (AO222X1_HVT)              0.15      2.55 r
  u_core/core_i/U2946/CO (FADDX2_HVT)              0.12      2.67 r
  u_core/core_i/U2947/Y (NBUFFX2_HVT)              0.06      2.73 r
  u_core/core_i/U3005/Y (AO222X1_HVT)              0.15      2.88 r
  u_core/core_i/U3017/CO (FADDX1_HVT)              0.11      2.99 r
  u_core/core_i/U3018/Y (NBUFFX2_HVT)              0.06      3.05 r
  u_core/core_i/U3128/Y (AO222X1_HVT)              0.15      3.20 r
  u_core/core_i/U3145/CO (FADDX1_HVT)              0.11      3.31 r
  u_core/core_i/U3146/Y (NBUFFX2_HVT)              0.06      3.37 r
  u_core/core_i/U3264/Y (AO222X1_HVT)              0.15      3.53 r
  u_core/core_i/U3281/CO (FADDX2_HVT)              0.12      3.64 r
  u_core/core_i/U3282/Y (NBUFFX2_HVT)              0.06      3.71 r
  u_core/core_i/U3403/Y (AO222X1_HVT)              0.15      3.86 r
  u_core/core_i/U3425/CO (FADDX2_HVT)              0.12      3.98 r
  u_core/core_i/U3426/Y (NBUFFX2_HVT)              0.06      4.04 r
  u_core/core_i/U3549/Y (AO222X1_HVT)              0.15      4.19 r
  u_core/core_i/U3578/CO (FADDX2_HVT)              0.12      4.31 r
  u_core/core_i/U3579/Y (NBUFFX2_HVT)              0.06      4.37 r
  u_core/core_i/U3715/Y (AO222X1_HVT)              0.15      4.52 r
  u_core/core_i/U3739/CO (FADDX2_HVT)              0.12      4.64 r
  u_core/core_i/U3740/Y (NBUFFX2_HVT)              0.06      4.70 r
  u_core/core_i/U3885/Y (AO222X1_HVT)              0.15      4.86 r
  u_core/core_i/U3927/CO (FADDX2_HVT)              0.12      4.98 r
  u_core/core_i/U3932/Y (XOR2X1_HVT)               0.13      5.10 f
  u_core/core_i/U3936/S (FADDX1_HVT)               0.13      5.23 r
  u_core/core_i/U3937/Y (XOR2X1_HVT)               0.12      5.35 f
  u_core/core_i/U3938/Y (XOR2X1_HVT)               0.13      5.49 r
  u_core/core_i/U3939/S (FADDX1_HVT)               0.17      5.65 f
  u_core/core_i/U4021/S (FADDX2_HVT)               0.16      5.81 r
  u_core/core_i/U4022/Y (AO22X1_HVT)               0.08      5.89 r
  u_core/core_i/U4023/Y (OR2X1_HVT)                0.06      5.95 r
  u_core/core_i/U4024/Y (AO21X1_HVT)               0.05      5.99 r
  u_core/core_i/U4025/Y (OR2X1_HVT)                0.06      6.05 r
  u_core/core_i/U4026/Y (AO21X1_HVT)               0.04      6.10 r
  u_core/core_i/U4027/Y (OA22X2_HVT)               0.08      6.18 r
  u_core/core_i/id_stage_i/U229/Y (NBUFFX2_HVT)    0.09      6.27 r
  u_core/core_i/id_stage_i/U4614/Y (AO22X1_HVT)    0.10      6.37 r
  u_core/core_i/id_stage_i/register_file_i/mem_reg[1][31]/D (SDFFARX1_RVT)
                                                   0.00      6.37 r
  data arrival time                                          6.37

  clock clk_i (rise edge)                          8.50      8.50
  clock network delay (ideal)                      0.00      8.50
  u_core/core_i/id_stage_i/register_file_i/mem_reg[1][31]/CLK (SDFFARX1_RVT)
                                                   0.00      8.50 r
  clock uncertainty                               -0.10      8.40
  library setup time                              -0.07      8.33
  data required time                                         8.33
  ------------------------------------------------------------------------
  data required time                                         8.33
  data arrival time                                         -6.37
  ------------------------------------------------------------------------
  slack (MET)                                                1.96



  Startpoint: u_core/core_i/id_stage_i/mult_operand_b_ex_o_reg[1] (rising edge-triggered flip-flop clocked by clk_i)
  Endpoint: u_core/core_i/id_stage_i/register_file_i/mem_reg[6][31] (rising edge-triggered flip-flop clocked by clk_i)
  Mode: default
  Corner: default
  Scenario: default
  Path Group: clk_i
  Path Type: max

  Point                                            Incr      Path  
  ------------------------------------------------------------------------
  clock clk_i (rise edge)                          0.00      0.00
  clock network delay (ideal)                      0.00      0.00

  u_core/core_i/id_stage_i/mult_operand_b_ex_o_reg[1]/CLK (SDFFARX1_RVT)
                                                   0.00      0.00 r
  u_core/core_i/id_stage_i/mult_operand_b_ex_o_reg[1]/Q (SDFFARX1_RVT)
                                                   0.10      0.10 r
  u_core/core_i/U979/Y (NBUFFX4_HVT)               0.05      0.15 r
  u_core/core_i/U1630/Y (NAND3X0_HVT)              0.09      0.24 f
  u_core/core_i/U1687/Y (INVX1_HVT)                0.04      0.28 r
  u_core/core_i/U1845/S (FADDX1_HVT)               0.11      0.40 r
  u_core/core_i/U1690/Y (INVX1_HVT)                0.03      0.43 f
  u_core/core_i/U1837/CO (FADDX1_HVT)              0.08      0.51 f
  u_core/core_i/U1904/Y (INVX1_HVT)                0.03      0.54 r
  u_core/core_i/U1905/Y (OAI222X1_HVT)             0.16      0.70 f
  u_core/core_i/U1972/CO (FADDX1_HVT)              0.08      0.78 f
  u_core/core_i/U2110/Y (INVX1_HVT)                0.03      0.81 r
  u_core/core_i/U2111/Y (AO222X1_HVT)              0.13      0.94 r
  u_core/core_i/U2192/CO (FADDX1_HVT)              0.11      1.05 r
  u_core/core_i/U2193/Y (NBUFFX2_HVT)              0.06      1.11 r
  u_core/core_i/U2282/Y (AO222X1_HVT)              0.15      1.26 r
  u_core/core_i/U2367/CO (FADDX1_HVT)              0.11      1.37 r
  u_core/core_i/U2368/Y (NBUFFX2_HVT)              0.06      1.43 r
  u_core/core_i/U2433/Y (AO222X1_HVT)              0.15      1.59 r
  u_core/core_i/U2478/CO (FADDX1_HVT)              0.11      1.70 r
  u_core/core_i/U2479/Y (NBUFFX2_HVT)              0.06      1.76 r
  u_core/core_i/U2576/Y (AO222X1_HVT)              0.15      1.91 r
  u_core/core_i/U2656/CO (FADDX1_HVT)              0.11      2.02 r
  u_core/core_i/U2657/Y (NBUFFX2_HVT)              0.06      2.08 r
  u_core/core_i/U2725/Y (AO222X1_HVT)              0.15      2.23 r
  u_core/core_i/U2760/CO (FADDX1_HVT)              0.11      2.34 r
  u_core/core_i/U2761/Y (NBUFFX2_HVT)              0.06      2.40 r
  u_core/core_i/U2889/Y (AO222X1_HVT)              0.15      2.55 r
  u_core/core_i/U2946/CO (FADDX2_HVT)              0.12      2.67 r
  u_core/core_i/U2947/Y (NBUFFX2_HVT)              0.06      2.73 r
  u_core/core_i/U3005/Y (AO222X1_HVT)              0.15      2.88 r
  u_core/core_i/U3017/CO (FADDX1_HVT)              0.11      2.99 r
  u_core/core_i/U3018/Y (NBUFFX2_HVT)              0.06      3.05 r
  u_core/core_i/U3128/Y (AO222X1_HVT)              0.15      3.20 r
  u_core/core_i/U3145/CO (FADDX1_HVT)              0.11      3.31 r
  u_core/core_i/U3146/Y (NBUFFX2_HVT)              0.06      3.37 r
  u_core/core_i/U3264/Y (AO222X1_HVT)              0.15      3.53 r
  u_core/core_i/U3281/CO (FADDX2_HVT)              0.12      3.64 r
  u_core/core_i/U3282/Y (NBUFFX2_HVT)              0.06      3.71 r
  u_core/core_i/U3403/Y (AO222X1_HVT)              0.15      3.86 r
  u_core/core_i/U3425/CO (FADDX2_HVT)              0.12      3.98 r
  u_core/core_i/U3426/Y (NBUFFX2_HVT)              0.06      4.04 r
  u_core/core_i/U3549/Y (AO222X1_HVT)              0.15      4.19 r
  u_core/core_i/U3578/CO (FADDX2_HVT)              0.12      4.31 r
  u_core/core_i/U3579/Y (NBUFFX2_HVT)              0.06      4.37 r
  u_core/core_i/U3715/Y (AO222X1_HVT)              0.15      4.52 r
  u_core/core_i/U3739/CO (FADDX2_HVT)              0.12      4.64 r
  u_core/core_i/U3740/Y (NBUFFX2_HVT)              0.06      4.70 r
  u_core/core_i/U3885/Y (AO222X1_HVT)              0.15      4.86 r
  u_core/core_i/U3927/CO (FADDX2_HVT)              0.12      4.98 r
  u_core/core_i/U3932/Y (XOR2X1_HVT)               0.13      5.10 f
  u_core/core_i/U3936/S (FADDX1_HVT)               0.13      5.23 r
  u_core/core_i/U3937/Y (XOR2X1_HVT)               0.12      5.35 f
  u_core/core_i/U3938/Y (XOR2X1_HVT)               0.13      5.49 r
  u_core/core_i/U3939/S (FADDX1_HVT)               0.17      5.65 f
  u_core/core_i/U4021/S (FADDX2_HVT)               0.16      5.81 r
  u_core/core_i/U4022/Y (AO22X1_HVT)               0.08      5.89 r
  u_core/core_i/U4023/Y (OR2X1_HVT)                0.06      5.95 r
  u_core/core_i/U4024/Y (AO21X1_HVT)               0.05      5.99 r
  u_core/core_i/U4025/Y (OR2X1_HVT)                0.06      6.05 r
  u_core/core_i/U4026/Y (AO21X1_HVT)               0.04      6.10 r
  u_core/core_i/U4027/Y (OA22X2_HVT)               0.08      6.18 r
  u_core/core_i/id_stage_i/U229/Y (NBUFFX2_HVT)    0.09      6.27 r
  u_core/core_i/id_stage_i/U4393/Y (AO22X1_HVT)    0.10      6.37 r
  u_core/core_i/id_stage_i/register_file_i/mem_reg[6][31]/D (SDFFARX1_RVT)
                                                   0.00      6.37 r
  data arrival time                                          6.37

  clock clk_i (rise edge)                          8.50      8.50
  clock network delay (ideal)                      0.00      8.50
  u_core/core_i/id_stage_i/register_file_i/mem_reg[6][31]/CLK (SDFFARX1_RVT)
                                                   0.00      8.50 r
  clock uncertainty                               -0.10      8.40
  library setup time                              -0.07      8.33
  data required time                                         8.33
  ------------------------------------------------------------------------
  data required time                                         8.33
  data arrival time                                         -6.37
  ------------------------------------------------------------------------
  slack (MET)                                                1.96



  Startpoint: u_core/core_i/id_stage_i/mult_operand_b_ex_o_reg[1] (rising edge-triggered flip-flop clocked by clk_i)
  Endpoint: u_core/core_i/id_stage_i/register_file_i/mem_reg[7][31] (rising edge-triggered flip-flop clocked by clk_i)
  Mode: default
  Corner: default
  Scenario: default
  Path Group: clk_i
  Path Type: max

  Point                                            Incr      Path  
  ------------------------------------------------------------------------
  clock clk_i (rise edge)                          0.00      0.00
  clock network delay (ideal)                      0.00      0.00

  u_core/core_i/id_stage_i/mult_operand_b_ex_o_reg[1]/CLK (SDFFARX1_RVT)
                                                   0.00      0.00 r
  u_core/core_i/id_stage_i/mult_operand_b_ex_o_reg[1]/Q (SDFFARX1_RVT)
                                                   0.10      0.10 r
  u_core/core_i/U979/Y (NBUFFX4_HVT)               0.05      0.15 r
  u_core/core_i/U1630/Y (NAND3X0_HVT)              0.09      0.24 f
  u_core/core_i/U1687/Y (INVX1_HVT)                0.04      0.28 r
  u_core/core_i/U1845/S (FADDX1_HVT)               0.11      0.40 r
  u_core/core_i/U1690/Y (INVX1_HVT)                0.03      0.43 f
  u_core/core_i/U1837/CO (FADDX1_HVT)              0.08      0.51 f
  u_core/core_i/U1904/Y (INVX1_HVT)                0.03      0.54 r
  u_core/core_i/U1905/Y (OAI222X1_HVT)             0.16      0.70 f
  u_core/core_i/U1972/CO (FADDX1_HVT)              0.08      0.78 f
  u_core/core_i/U2110/Y (INVX1_HVT)                0.03      0.81 r
  u_core/core_i/U2111/Y (AO222X1_HVT)              0.13      0.94 r
  u_core/core_i/U2192/CO (FADDX1_HVT)              0.11      1.05 r
  u_core/core_i/U2193/Y (NBUFFX2_HVT)              0.06      1.11 r
  u_core/core_i/U2282/Y (AO222X1_HVT)              0.15      1.26 r
  u_core/core_i/U2367/CO (FADDX1_HVT)              0.11      1.37 r
  u_core/core_i/U2368/Y (NBUFFX2_HVT)              0.06      1.43 r
  u_core/core_i/U2433/Y (AO222X1_HVT)              0.15      1.59 r
  u_core/core_i/U2478/CO (FADDX1_HVT)              0.11      1.70 r
  u_core/core_i/U2479/Y (NBUFFX2_HVT)              0.06      1.76 r
  u_core/core_i/U2576/Y (AO222X1_HVT)              0.15      1.91 r
  u_core/core_i/U2656/CO (FADDX1_HVT)              0.11      2.02 r
  u_core/core_i/U2657/Y (NBUFFX2_HVT)              0.06      2.08 r
  u_core/core_i/U2725/Y (AO222X1_HVT)              0.15      2.23 r
  u_core/core_i/U2760/CO (FADDX1_HVT)              0.11      2.34 r
  u_core/core_i/U2761/Y (NBUFFX2_HVT)              0.06      2.40 r
  u_core/core_i/U2889/Y (AO222X1_HVT)              0.15      2.55 r
  u_core/core_i/U2946/CO (FADDX2_HVT)              0.12      2.67 r
  u_core/core_i/U2947/Y (NBUFFX2_HVT)              0.06      2.73 r
  u_core/core_i/U3005/Y (AO222X1_HVT)              0.15      2.88 r
  u_core/core_i/U3017/CO (FADDX1_HVT)              0.11      2.99 r
  u_core/core_i/U3018/Y (NBUFFX2_HVT)              0.06      3.05 r
  u_core/core_i/U3128/Y (AO222X1_HVT)              0.15      3.20 r
  u_core/core_i/U3145/CO (FADDX1_HVT)              0.11      3.31 r
  u_core/core_i/U3146/Y (NBUFFX2_HVT)              0.06      3.37 r
  u_core/core_i/U3264/Y (AO222X1_HVT)              0.15      3.53 r
  u_core/core_i/U3281/CO (FADDX2_HVT)              0.12      3.64 r
  u_core/core_i/U3282/Y (NBUFFX2_HVT)              0.06      3.71 r
  u_core/core_i/U3403/Y (AO222X1_HVT)              0.15      3.86 r
  u_core/core_i/U3425/CO (FADDX2_HVT)              0.12      3.98 r
  u_core/core_i/U3426/Y (NBUFFX2_HVT)              0.06      4.04 r
  u_core/core_i/U3549/Y (AO222X1_HVT)              0.15      4.19 r
  u_core/core_i/U3578/CO (FADDX2_HVT)              0.12      4.31 r
  u_core/core_i/U3579/Y (NBUFFX2_HVT)              0.06      4.37 r
  u_core/core_i/U3715/Y (AO222X1_HVT)              0.15      4.52 r
  u_core/core_i/U3739/CO (FADDX2_HVT)              0.12      4.64 r
  u_core/core_i/U3740/Y (NBUFFX2_HVT)              0.06      4.70 r
  u_core/core_i/U3885/Y (AO222X1_HVT)              0.15      4.86 r
  u_core/core_i/U3927/CO (FADDX2_HVT)              0.12      4.98 r
  u_core/core_i/U3932/Y (XOR2X1_HVT)               0.13      5.10 f
  u_core/core_i/U3936/S (FADDX1_HVT)               0.13      5.23 r
  u_core/core_i/U3937/Y (XOR2X1_HVT)               0.12      5.35 f
  u_core/core_i/U3938/Y (XOR2X1_HVT)               0.13      5.49 r
  u_core/core_i/U3939/S (FADDX1_HVT)               0.17      5.65 f
  u_core/core_i/U4021/S (FADDX2_HVT)               0.16      5.81 r
  u_core/core_i/U4022/Y (AO22X1_HVT)               0.08      5.89 r
  u_core/core_i/U4023/Y (OR2X1_HVT)                0.06      5.95 r
  u_core/core_i/U4024/Y (AO21X1_HVT)               0.05      5.99 r
  u_core/core_i/U4025/Y (OR2X1_HVT)                0.06      6.05 r
  u_core/core_i/U4026/Y (AO21X1_HVT)               0.04      6.10 r
  u_core/core_i/U4027/Y (OA22X2_HVT)               0.08      6.18 r
  u_core/core_i/id_stage_i/U229/Y (NBUFFX2_HVT)    0.09      6.27 r
  u_core/core_i/id_stage_i/U4351/Y (AO22X1_HVT)    0.10      6.37 r
  u_core/core_i/id_stage_i/register_file_i/mem_reg[7][31]/D (SDFFARX1_RVT)
                                                   0.00      6.37 r
  data arrival time                                          6.37

  clock clk_i (rise edge)                          8.50      8.50
  clock network delay (ideal)                      0.00      8.50
  u_core/core_i/id_stage_i/register_file_i/mem_reg[7][31]/CLK (SDFFARX1_RVT)
                                                   0.00      8.50 r
  clock uncertainty                               -0.10      8.40
  library setup time                              -0.07      8.33
  data required time                                         8.33
  ------------------------------------------------------------------------
  data required time                                         8.33
  data arrival time                                         -6.37
  ------------------------------------------------------------------------
  slack (MET)                                                1.96



  Startpoint: u_core/core_i/id_stage_i/mult_operand_b_ex_o_reg[1] (rising edge-triggered flip-flop clocked by clk_i)
  Endpoint: u_core/core_i/id_stage_i/register_file_i/mem_reg[13][31] (rising edge-triggered flip-flop clocked by clk_i)
  Mode: default
  Corner: default
  Scenario: default
  Path Group: clk_i
  Path Type: max

  Point                                            Incr      Path  
  ------------------------------------------------------------------------
  clock clk_i (rise edge)                          0.00      0.00
  clock network delay (ideal)                      0.00      0.00

  u_core/core_i/id_stage_i/mult_operand_b_ex_o_reg[1]/CLK (SDFFARX1_RVT)
                                                   0.00      0.00 r
  u_core/core_i/id_stage_i/mult_operand_b_ex_o_reg[1]/Q (SDFFARX1_RVT)
                                                   0.10      0.10 r
  u_core/core_i/U979/Y (NBUFFX4_HVT)               0.05      0.15 r
  u_core/core_i/U1630/Y (NAND3X0_HVT)              0.09      0.24 f
  u_core/core_i/U1687/Y (INVX1_HVT)                0.04      0.28 r
  u_core/core_i/U1845/S (FADDX1_HVT)               0.11      0.40 r
  u_core/core_i/U1690/Y (INVX1_HVT)                0.03      0.43 f
  u_core/core_i/U1837/CO (FADDX1_HVT)              0.08      0.51 f
  u_core/core_i/U1904/Y (INVX1_HVT)                0.03      0.54 r
  u_core/core_i/U1905/Y (OAI222X1_HVT)             0.16      0.70 f
  u_core/core_i/U1972/CO (FADDX1_HVT)              0.08      0.78 f
  u_core/core_i/U2110/Y (INVX1_HVT)                0.03      0.81 r
  u_core/core_i/U2111/Y (AO222X1_HVT)              0.13      0.94 r
  u_core/core_i/U2192/CO (FADDX1_HVT)              0.11      1.05 r
  u_core/core_i/U2193/Y (NBUFFX2_HVT)              0.06      1.11 r
  u_core/core_i/U2282/Y (AO222X1_HVT)              0.15      1.26 r
  u_core/core_i/U2367/CO (FADDX1_HVT)              0.11      1.37 r
  u_core/core_i/U2368/Y (NBUFFX2_HVT)              0.06      1.43 r
  u_core/core_i/U2433/Y (AO222X1_HVT)              0.15      1.59 r
  u_core/core_i/U2478/CO (FADDX1_HVT)              0.11      1.70 r
  u_core/core_i/U2479/Y (NBUFFX2_HVT)              0.06      1.76 r
  u_core/core_i/U2576/Y (AO222X1_HVT)              0.15      1.91 r
  u_core/core_i/U2656/CO (FADDX1_HVT)              0.11      2.02 r
  u_core/core_i/U2657/Y (NBUFFX2_HVT)              0.06      2.08 r
  u_core/core_i/U2725/Y (AO222X1_HVT)              0.15      2.23 r
  u_core/core_i/U2760/CO (FADDX1_HVT)              0.11      2.34 r
  u_core/core_i/U2761/Y (NBUFFX2_HVT)              0.06      2.40 r
  u_core/core_i/U2889/Y (AO222X1_HVT)              0.15      2.55 r
  u_core/core_i/U2946/CO (FADDX2_HVT)              0.12      2.67 r
  u_core/core_i/U2947/Y (NBUFFX2_HVT)              0.06      2.73 r
  u_core/core_i/U3005/Y (AO222X1_HVT)              0.15      2.88 r
  u_core/core_i/U3017/CO (FADDX1_HVT)              0.11      2.99 r
  u_core/core_i/U3018/Y (NBUFFX2_HVT)              0.06      3.05 r
  u_core/core_i/U3128/Y (AO222X1_HVT)              0.15      3.20 r
  u_core/core_i/U3145/CO (FADDX1_HVT)              0.11      3.31 r
  u_core/core_i/U3146/Y (NBUFFX2_HVT)              0.06      3.37 r
  u_core/core_i/U3264/Y (AO222X1_HVT)              0.15      3.53 r
  u_core/core_i/U3281/CO (FADDX2_HVT)              0.12      3.64 r
  u_core/core_i/U3282/Y (NBUFFX2_HVT)              0.06      3.71 r
  u_core/core_i/U3403/Y (AO222X1_HVT)              0.15      3.86 r
  u_core/core_i/U3425/CO (FADDX2_HVT)              0.12      3.98 r
  u_core/core_i/U3426/Y (NBUFFX2_HVT)              0.06      4.04 r
  u_core/core_i/U3549/Y (AO222X1_HVT)              0.15      4.19 r
  u_core/core_i/U3578/CO (FADDX2_HVT)              0.12      4.31 r
  u_core/core_i/U3579/Y (NBUFFX2_HVT)              0.06      4.37 r
  u_core/core_i/U3715/Y (AO222X1_HVT)              0.15      4.52 r
  u_core/core_i/U3739/CO (FADDX2_HVT)              0.12      4.64 r
  u_core/core_i/U3740/Y (NBUFFX2_HVT)              0.06      4.70 r
  u_core/core_i/U3885/Y (AO222X1_HVT)              0.15      4.86 r
  u_core/core_i/U3927/CO (FADDX2_HVT)              0.12      4.98 r
  u_core/core_i/U3932/Y (XOR2X1_HVT)               0.13      5.10 f
  u_core/core_i/U3936/S (FADDX1_HVT)               0.13      5.23 r
  u_core/core_i/U3937/Y (XOR2X1_HVT)               0.12      5.35 f
  u_core/core_i/U3938/Y (XOR2X1_HVT)               0.13      5.49 r
  u_core/core_i/U3939/S (FADDX1_HVT)               0.17      5.65 f
  u_core/core_i/U4021/S (FADDX2_HVT)               0.16      5.81 r
  u_core/core_i/U4022/Y (AO22X1_HVT)               0.08      5.89 r
  u_core/core_i/U4023/Y (OR2X1_HVT)                0.06      5.95 r
  u_core/core_i/U4024/Y (AO21X1_HVT)               0.05      5.99 r
  u_core/core_i/U4025/Y (OR2X1_HVT)                0.06      6.05 r
  u_core/core_i/U4026/Y (AO21X1_HVT)               0.04      6.10 r
  u_core/core_i/U4027/Y (OA22X2_HVT)               0.08      6.18 r
  u_core/core_i/id_stage_i/U229/Y (NBUFFX2_HVT)    0.09      6.27 r
  u_core/core_i/id_stage_i/U4099/Y (AO22X1_HVT)    0.10      6.37 r
  u_core/core_i/id_stage_i/register_file_i/mem_reg[13][31]/D (SDFFARX1_RVT)
                                                   0.00      6.37 r
  data arrival time                                          6.37

  clock clk_i (rise edge)                          8.50      8.50
  clock network delay (ideal)                      0.00      8.50
  u_core/core_i/id_stage_i/register_file_i/mem_reg[13][31]/CLK (SDFFARX1_RVT)
                                                   0.00      8.50 r
  clock uncertainty                               -0.10      8.40
  library setup time                              -0.07      8.33
  data required time                                         8.33
  ------------------------------------------------------------------------
  data required time                                         8.33
  data arrival time                                         -6.37
  ------------------------------------------------------------------------
  slack (MET)                                                1.96


1
