Using libraries: cv32e40p_icc2_lib saed32rvt_tt saed32lvt_tt saed32hvt_tt
Visiting block cv32e40p_icc2_lib:cv32e40p_synth_wrap.design
Design 'cv32e40p_synth_wrap' was successfully linked.
Warning: Cell contains tie connections which are not connected to real PG. (ZRT-511)
NEX(Warning): extract.rc_techfile_for_diode_mode_26_thickness not set, will igonre it
Cell Min-Routing-Layer = M1
Cell Max-Routing-Layer = M8
Turn off antenna since no rule is specified
Information: Option route.detail.force_end_on_preferred_grid will be ignored since none of the layers have preferred grid. (ZRT-703)
Warning: Cannot find a default contact code for layer CO. (ZRT-022)
Warning: Port VDD of cell cv32e40p_synth_wrap is unplaced.  This may impact routing result. (ZRT-740)
Warning: Port VSS of cell cv32e40p_synth_wrap is unplaced.  This may impact routing result. (ZRT-740)
Warning: Ignore 2 top cell ports with no pins. (ZRT-027)
Skipping 6 internal pins that are not physical. Set route.common.verbose_level to > 0 and run routing command to get skipped pin names.
Info: number of net_type_blockage: 0 
Information: Via ladder engine would be activated for pattern must join connection in certain commands. Please refer to man-page for the command list. (ZRT-619)
Information: When applicable Min-max layer allow_pin_connection mode will allow paths of length 5.32 outside the layer range. (ZRT-707)
Information: When applicable Min-max layer allow_pin_connection mode will allow paths of length 5.32 outside the layer range on clock nets. (ZRT-718)
Information: When applicable layer based tapering will taper up to 0.00 in distance from the pin. (ZRT-706)
Warning: Standard cell pin MUX41X2_HVT/S0 has no valid via regions. (ZRT-044)


Start checking for open nets ... 

Total number of nets = 18573, of which 0 are not extracted
Total number of open nets = 0, of which 0 are frozen

Check 18573 nets, 0 have Errors

[CHECK OPEN NETS] Elapsed real time: 0:00:00 
[CHECK OPEN NETS] Elapsed cpu  time: sys=0:00:00 usr=0:00:00 total=0:00:00
[CHECK OPEN NETS] Stage (MB): Used    0  Alloctr    0  Proc    0 
[CHECK OPEN NETS] Total (MB): Used   62  Alloctr   62  Proc 4168 
Printing options for 'route.common.*'

Printing options for 'route.detail.*'
detail.antenna                                          :	 true                
detail.drc_convergence_effort_level                     :	 high                
detail.generate_extra_off_grid_pin_tracks               :	 true                
detail.optimize_wire_via_effort_level                   :	 high                

Printing options for 'route.auto_via_ladder.*'


Begin full DRC check ...

Information: Using 1 threads for routing. (ZRT-444)
Checked	1/25 Partitions, Violations =	6
Checked	2/25 Partitions, Violations =	6
Checked	3/25 Partitions, Violations =	8
Checked	4/25 Partitions, Violations =	8
Checked	5/25 Partitions, Violations =	16
Checked	6/25 Partitions, Violations =	20
Checked	7/25 Partitions, Violations =	20
Checked	8/25 Partitions, Violations =	40
Checked	9/25 Partitions, Violations =	48
Checked	10/25 Partitions, Violations =	48
Checked	11/25 Partitions, Violations =	52
Checked	12/25 Partitions, Violations =	58
Checked	13/25 Partitions, Violations =	64
Checked	14/25 Partitions, Violations =	70
Checked	15/25 Partitions, Violations =	114
Checked	16/25 Partitions, Violations =	120
Checked	17/25 Partitions, Violations =	124
Checked	18/25 Partitions, Violations =	126
Checked	19/25 Partitions, Violations =	136
Checked	20/25 Partitions, Violations =	138
Checked	21/25 Partitions, Violations =	140
Checked	22/25 Partitions, Violations =	157
Checked	23/25 Partitions, Violations =	157
Checked	24/25 Partitions, Violations =	201
Checked	25/25 Partitions, Violations =	203
[DRC CHECK] Elapsed real time: 0:00:08 
[DRC CHECK] Elapsed cpu  time: sys=0:00:00 usr=0:00:07 total=0:00:08
[DRC CHECK] Stage (MB): Used    0  Alloctr    0  Proc  170 
[DRC CHECK] Total (MB): Used  155  Alloctr  156  Proc 4425 
Warning: No antenna rules defined, Skip antenna analysis. (ZRT-309)

DRC-SUMMARY:
	@@@@@@@ TOTAL VIOLATIONS =	203
	Off-grid : 203


Total Wire Length =                    745293 micron
Total Number of Contacts =             184866
Total Number of Wires =                195054
Total Number of PtConns =              21947
Total Number of Routed Wires =       194992
Total Routed Wire Length =           742814 micron
Total Number of Routed Contacts =       184866
	Layer                 M1 :      44630 micron
	Layer                 M2 :     205877 micron
	Layer                 M3 :     184025 micron
	Layer                 M4 :     131877 micron
	Layer                 M5 :      91365 micron
	Layer                 M6 :      43869 micron
	Layer                 M7 :      33926 micron
	Layer                 M8 :       7245 micron
	Layer                 M9 :          0 micron
	Layer               MRDL :          0 micron
	Via            VIA78SQ_C :        267
	Via       VIA67SQ_C(rot) :       2252
	Via            VIA56SQ_C :       3712
	Via       VIA45SQ_C(rot) :      11283
	Via            VIA34SQ_C :      18516
	Via       VIA34SQ_C(rot) :        145
	Via            VIA23SQ_C :       1130
	Via       VIA23SQ_C(rot) :      71205
	Via            VIA12SQ_C :      71254
	Via       VIA12SQ_C(rot) :       3151
	Via        VIA12SQ_C_2x1 :       1499
	Via   VIA12SQ_C(rot)_1x2 :          1
	Via   VIA12SQ_C(rot)_2x1 :          3
	Via        VIA12SQ_C_1x2 :        312
	Via          VIA12SQ_2x1 :          8
	Via     VIA12SQ(rot)_2x1 :         35
	Via          VIA12SQ_1x2 :         93

 
Redundant via conversion report:
--------------------------------

  Total optimized via conversion rate =  1.06% (1951 / 184866 vias)
 
    Layer VIA1       =  2.56% (1951   / 76356   vias)
        Weight 1     =  2.56% (1951    vias)
        Un-optimized =  0.00% (0       vias)
        Un-mapped    = 97.44% (74405   vias)
    Layer VIA2       =  0.00% (0      / 72335   vias)
        Un-optimized =  0.00% (0       vias)
        Un-mapped    = 100.00% (72335   vias)
    Layer VIA3       =  0.00% (0      / 18661   vias)
        Un-optimized =  0.00% (0       vias)
        Un-mapped    = 100.00% (18661   vias)
    Layer VIA4       =  0.00% (0      / 11283   vias)
        Un-optimized =  0.00% (0       vias)
        Un-mapped    = 100.00% (11283   vias)
    Layer VIA5       =  0.00% (0      / 3712    vias)
        Un-optimized =  0.00% (0       vias)
        Un-mapped    = 100.00% (3712    vias)
    Layer VIA6       =  0.00% (0      / 2252    vias)
        Un-optimized =  0.00% (0       vias)
        Un-mapped    = 100.00% (2252    vias)
    Layer VIA7       =  0.00% (0      / 267     vias)
        Un-optimized =  0.00% (0       vias)
        Un-mapped    = 100.00% (267     vias)
 
  Total double via conversion rate    =  1.06% (1951 / 184866 vias)
 
    Layer VIA1       =  2.56% (1951   / 76356   vias)
    Layer VIA2       =  0.00% (0      / 72335   vias)
    Layer VIA3       =  0.00% (0      / 18661   vias)
    Layer VIA4       =  0.00% (0      / 11283   vias)
    Layer VIA5       =  0.00% (0      / 3712    vias)
    Layer VIA6       =  0.00% (0      / 2252    vias)
    Layer VIA7       =  0.00% (0      / 267     vias)
 
  The optimized via conversion rate based on total routed via count =  1.06% (1951 / 184866 vias)
 
    Layer VIA1       =  2.56% (1951   / 76356   vias)
        Weight 1     =  2.56% (1951    vias)
        Un-optimized =  0.00% (0       vias)
        Un-mapped    = 97.44% (74405   vias)
    Layer VIA2       =  0.00% (0      / 72335   vias)
        Un-optimized =  0.00% (0       vias)
        Un-mapped    = 100.00% (72335   vias)
    Layer VIA3       =  0.00% (0      / 18661   vias)
        Un-optimized =  0.00% (0       vias)
        Un-mapped    = 100.00% (18661   vias)
    Layer VIA4       =  0.00% (0      / 11283   vias)
        Un-optimized =  0.00% (0       vias)
        Un-mapped    = 100.00% (11283   vias)
    Layer VIA5       =  0.00% (0      / 3712    vias)
        Un-optimized =  0.00% (0       vias)
        Un-mapped    = 100.00% (3712    vias)
    Layer VIA6       =  0.00% (0      / 2252    vias)
        Un-optimized =  0.00% (0       vias)
        Un-mapped    = 100.00% (2252    vias)
    Layer VIA7       =  0.00% (0      / 267     vias)
        Un-optimized =  0.00% (0       vias)
        Un-mapped    = 100.00% (267     vias)
 


Verify Summary:

Total number of nets = 18573, of which 0 are not extracted
Total number of open nets = 0, of which 0 are frozen
Total number of excluded ports = 0 ports of 0 unplaced cells connected to 0 nets
                                 0 ports without pins of 0 cells connected to 0 nets
                                 0 ports of 0 cover cells connected to 0 non-pg nets
Total number of DRCs = 203
Total number of antenna violations = no antenna rules defined
Total number of tie to rail violations = not checked
Total number of tie to rail directly violations = not checked


