****************************************
Report : Report drc errors
Design : cv32e40p_synth_wrap_maxcap_eco4_occupied_site
Data   : zroute.err<2>
Type   : detailed
Version: W-2024.09-SP2
Date   : Sun May 10 09:27:06 2026
****************************************

Error ID          : 0
Error Type        : Short
Error Layer       : M1 (11)
Number of errors  : 3
Description       :  -- 
Status            : error
Bbox              : {210.3810 122.0640} {210.5310 122.2240}

Error ID          : 1
Error Type        : Short
Error Layer       : M1 (11)
Number of errors  : 3
Description       :  -- 
Status            : error
Bbox              : {210.5330 122.0690} {210.6830 122.2190}

Error ID          : 2
Error Type        : Short
Error Layer       : M1 (11)
Number of errors  : 3
Description       :  -- 
Status            : error
Bbox              : {210.6850 122.0690} {210.8350 122.2190}

1
