Warning: Cell contains tie connections which are not connected to real PG. (ZRT-511)
Cell Min-Routing-Layer = M1
Cell Max-Routing-Layer = M8
Turn off antenna since no rule is specified
Information: Option route.detail.force_end_on_preferred_grid will be ignored since none of the layers have preferred grid. (ZRT-703)
Warning: Cannot find a default contact code for layer CO. (ZRT-022)
Warning: Port VDD of cell cv32e40p_synth_wrap is unplaced.  This may impact routing result. (ZRT-740)
Warning: Port VSS of cell cv32e40p_synth_wrap is unplaced.  This may impact routing result. (ZRT-740)
Warning: Ignore 2 top cell ports with no pins. (ZRT-027)
Skipping 6 internal pins that are not physical. Set route.common.verbose_level to > 0 and run routing command to get skipped pin names.
Info: number of net_type_blockage: 0 
Information: Via ladder engine would be activated for pattern must join connection in certain commands. Please refer to man-page for the command list. (ZRT-619)
Information: When applicable Min-max layer allow_pin_connection mode will allow paths of length 5.32 outside the layer range. (ZRT-707)
Information: When applicable Min-max layer allow_pin_connection mode will allow paths of length 5.32 outside the layer range on clock nets. (ZRT-718)
Information: When applicable layer based tapering will taper up to 0.00 in distance from the pin. (ZRT-706)
Warning: Standard cell pin MUX41X2_HVT/S0 has no valid via regions. (ZRT-044)


Start checking for open nets ... 

Total number of nets = 18283, of which 0 are not extracted
Total number of open nets = 0, of which 0 are frozen

Check 18283 nets, 0 have Errors

[CHECK OPEN NETS] Elapsed real time: 0:00:00 
[CHECK OPEN NETS] Elapsed cpu  time: sys=0:00:00 usr=0:00:00 total=0:00:00
[CHECK OPEN NETS] Stage (MB): Used    0  Alloctr    0  Proc    0 
[CHECK OPEN NETS] Total (MB): Used   62  Alloctr   63  Proc 5328 
Printing options for 'route.common.*'
common.connect_within_pins_by_layer_name                :	 {M1 via_standard_cell_pins}

Printing options for 'route.detail.*'
detail.drc_convergence_effort_level                     :	 high                
detail.generate_extra_off_grid_pin_tracks               :	 true                
detail.optimize_wire_via_effort_level                   :	 high                

Printing options for 'route.auto_via_ladder.*'


Begin full DRC check ...

Information: Using 1 threads for routing. (ZRT-444)
Checked	1/25 Partitions, Violations =	11
Checked	2/25 Partitions, Violations =	11
Checked	3/25 Partitions, Violations =	11
Checked	4/25 Partitions, Violations =	11
Checked	5/25 Partitions, Violations =	11
Checked	6/25 Partitions, Violations =	33
Checked	7/25 Partitions, Violations =	41
Checked	8/25 Partitions, Violations =	61
Checked	9/25 Partitions, Violations =	61
Checked	10/25 Partitions, Violations =	61
Checked	11/25 Partitions, Violations =	71
Checked	12/25 Partitions, Violations =	71
Checked	13/25 Partitions, Violations =	77
Checked	14/25 Partitions, Violations =	81
Checked	15/25 Partitions, Violations =	110
Checked	16/25 Partitions, Violations =	111
Checked	17/25 Partitions, Violations =	116
Checked	18/25 Partitions, Violations =	121
Checked	19/25 Partitions, Violations =	124
Checked	20/25 Partitions, Violations =	124
Checked	21/25 Partitions, Violations =	124
Checked	22/25 Partitions, Violations =	134
Checked	23/25 Partitions, Violations =	140
Checked	24/25 Partitions, Violations =	147
Checked	25/25 Partitions, Violations =	150
[DRC CHECK] Elapsed real time: 0:00:07 
[DRC CHECK] Elapsed cpu  time: sys=0:00:00 usr=0:00:07 total=0:00:07
[DRC CHECK] Stage (MB): Used    0  Alloctr    0  Proc    0 
[DRC CHECK] Total (MB): Used  155  Alloctr  157  Proc 5328 
Warning: No antenna rules defined, Skip antenna analysis. (ZRT-309)
Information: Merged away 2 aligned/redundant DRCs. (ZRT-305)

DRC-SUMMARY:
	@@@@@@@ TOTAL VIOLATIONS =	148
	Connection not within pin : 43
	Diff net spacing : 38
	Less than minimum area : 1
	Needs fat contact : 26
	Off-grid : 31
	Short : 9


Total Wire Length =                    696884 micron
Total Number of Contacts =             180385
Total Number of Wires =                197062
Total Number of PtConns =              21747
Total Number of Routed Wires =       197062
Total Routed Wire Length =           694448 micron
Total Number of Routed Contacts =       180385
	Layer                 M1 :      32399 micron
	Layer                 M2 :     203339 micron
	Layer                 M3 :     169179 micron
	Layer                 M4 :     125235 micron
	Layer                 M5 :      83294 micron
	Layer                 M6 :      42500 micron
	Layer                 M7 :      31022 micron
	Layer                 M8 :       7479 micron
	Layer                 M9 :          0 micron
	Layer               MRDL :          0 micron
	Via            VIA78SQ_C :        326
	Via       VIA67SQ_C(rot) :       2172
	Via            VIA56SQ_C :       3522
	Via       VIA45SQ_C(rot) :      10504
	Via            VIA34SQ_C :      17353
	Via       VIA34SQ_C(rot) :        133
	Via            VIA23SQ_C :       1047
	Via       VIA23SQ_C(rot) :      71134
	Via            VIA12SQ_C :      70503
	Via       VIA12SQ_C(rot) :       3651
	Via   VIA12SQ_C(rot)_1x2 :         40

 
Redundant via conversion report:
--------------------------------

  Total optimized via conversion rate =  0.02% (40 / 180385 vias)
 
    Layer VIA1       =  0.05% (40     / 74194   vias)
        Weight 1     =  0.05% (40      vias)
        Un-optimized =  0.00% (0       vias)
        Un-mapped    = 99.95% (74154   vias)
    Layer VIA2       =  0.00% (0      / 72181   vias)
        Un-optimized =  0.00% (0       vias)
        Un-mapped    = 100.00% (72181   vias)
    Layer VIA3       =  0.00% (0      / 17486   vias)
        Un-optimized =  0.00% (0       vias)
        Un-mapped    = 100.00% (17486   vias)
    Layer VIA4       =  0.00% (0      / 10504   vias)
        Un-optimized =  0.00% (0       vias)
        Un-mapped    = 100.00% (10504   vias)
    Layer VIA5       =  0.00% (0      / 3522    vias)
        Un-optimized =  0.00% (0       vias)
        Un-mapped    = 100.00% (3522    vias)
    Layer VIA6       =  0.00% (0      / 2172    vias)
        Un-optimized =  0.00% (0       vias)
        Un-mapped    = 100.00% (2172    vias)
    Layer VIA7       =  0.00% (0      / 326     vias)
        Un-optimized =  0.00% (0       vias)
        Un-mapped    = 100.00% (326     vias)
 
  Total double via conversion rate    =  0.02% (40 / 180385 vias)
 
    Layer VIA1       =  0.05% (40     / 74194   vias)
    Layer VIA2       =  0.00% (0      / 72181   vias)
    Layer VIA3       =  0.00% (0      / 17486   vias)
    Layer VIA4       =  0.00% (0      / 10504   vias)
    Layer VIA5       =  0.00% (0      / 3522    vias)
    Layer VIA6       =  0.00% (0      / 2172    vias)
    Layer VIA7       =  0.00% (0      / 326     vias)
 
  The optimized via conversion rate based on total routed via count =  0.02% (40 / 180385 vias)
 
    Layer VIA1       =  0.05% (40     / 74194   vias)
        Weight 1     =  0.05% (40      vias)
        Un-optimized =  0.00% (0       vias)
        Un-mapped    = 99.95% (74154   vias)
    Layer VIA2       =  0.00% (0      / 72181   vias)
        Un-optimized =  0.00% (0       vias)
        Un-mapped    = 100.00% (72181   vias)
    Layer VIA3       =  0.00% (0      / 17486   vias)
        Un-optimized =  0.00% (0       vias)
        Un-mapped    = 100.00% (17486   vias)
    Layer VIA4       =  0.00% (0      / 10504   vias)
        Un-optimized =  0.00% (0       vias)
        Un-mapped    = 100.00% (10504   vias)
    Layer VIA5       =  0.00% (0      / 3522    vias)
        Un-optimized =  0.00% (0       vias)
        Un-mapped    = 100.00% (3522    vias)
    Layer VIA6       =  0.00% (0      / 2172    vias)
        Un-optimized =  0.00% (0       vias)
        Un-mapped    = 100.00% (2172    vias)
    Layer VIA7       =  0.00% (0      / 326     vias)
        Un-optimized =  0.00% (0       vias)
        Un-mapped    = 100.00% (326     vias)
 


Verify Summary:

Total number of nets = 18283, of which 0 are not extracted
Total number of open nets = 0, of which 0 are frozen
Total number of excluded ports = 0 ports of 0 unplaced cells connected to 0 nets
                                 0 ports without pins of 0 cells connected to 0 nets
                                 0 ports of 0 cover cells connected to 0 non-pg nets
Total number of DRCs = 148
Total number of antenna violations = no antenna rules defined
Total number of tie to rail violations = not checked
Total number of tie to rail directly violations = not checked


