****************************************
Report : clock timing
        -type skew
        -nworst 20
        -hold
Design : cv32e40p_synth_wrap
Version: W-2024.09-SP2
Date   : Sat May  9 01:48:52 2026
****************************************

  Mode: default
  Clock: clk_i

  Clock Pin                                          Latency      Skew             Corner
---------------------------------------------------------------------------------------------------
  u_core/core_i/id_stage_i/controller_i/debug_req_q_reg/CLK
                                                        0.05              rp-+    default
  u_core/core_i/if_stage_i/prefetch_buffer_i/fifo_i/mem_q_reg[1][2]/CLK
                                                        0.33      0.29    rp-+    default

  u_core/core_i/id_stage_i/controller_i/debug_req_q_reg/CLK
                                                        0.05              rp-+    default
  u_core/core_i/if_stage_i/prefetch_buffer_i/fifo_i/mem_q_reg[1][14]/CLK
                                                        0.33      0.29    rp-+    default

  u_core/core_i/id_stage_i/controller_i/debug_req_q_reg/CLK
                                                        0.05              rp-+    default
  u_core/core_i/if_stage_i/prefetch_buffer_i/fifo_i/mem_q_reg[1][12]/CLK
                                                        0.33      0.29    rp-+    default

  u_core/core_i/id_stage_i/controller_i/debug_req_q_reg/CLK
                                                        0.05              rp-+    default
  u_core/core_i/if_stage_i/prefetch_buffer_i/fifo_i/mem_q_reg[1][6]/CLK
                                                        0.33      0.29    rp-+    default

  u_core/core_i/id_stage_i/controller_i/debug_req_q_reg/CLK
                                                        0.05              rp-+    default
  u_core/core_i/if_stage_i/prefetch_buffer_i/fifo_i/mem_q_reg[0][2]/CLK
                                                        0.33      0.29    rp-+    default

  u_core/core_i/id_stage_i/controller_i/debug_req_q_reg/CLK
                                                        0.05              rp-+    default
  u_core/core_i/if_stage_i/prefetch_buffer_i/fifo_i/mem_q_reg[0][8]/CLK
                                                        0.33      0.29    rp-+    default

  u_core/core_i/id_stage_i/controller_i/debug_req_q_reg/CLK
                                                        0.05              rp-+    default
  u_core/core_i/if_stage_i/prefetch_buffer_i/fifo_i/mem_q_reg[1][8]/CLK
                                                        0.33      0.29    rp-+    default

  u_core/core_i/id_stage_i/controller_i/debug_req_q_reg/CLK
                                                        0.05              rp-+    default
  u_core/core_i/if_stage_i/prefetch_buffer_i/fifo_i/mem_q_reg[0][1]/CLK
                                                        0.33      0.29    rp-+    default

  u_core/core_i/id_stage_i/controller_i/debug_req_q_reg/CLK
                                                        0.05              rp-+    default
  u_core/core_i/if_stage_i/prefetch_buffer_i/fifo_i/mem_q_reg[1][10]/CLK
                                                        0.33      0.29    rp-+    default

  u_core/core_i/id_stage_i/controller_i/debug_req_q_reg/CLK
                                                        0.05              rp-+    default
  u_core/core_i/if_stage_i/prefetch_buffer_i/fifo_i/mem_q_reg[1][21]/CLK
                                                        0.33      0.29    rp-+    default

  u_core/core_i/id_stage_i/controller_i/debug_req_q_reg/CLK
                                                        0.05              rp-+    default
  u_core/core_i/if_stage_i/prefetch_buffer_i/fifo_i/mem_q_reg[1][17]/CLK
                                                        0.33      0.29    rp-+    default

  u_core/core_i/id_stage_i/controller_i/debug_req_q_reg/CLK
                                                        0.05              rp-+    default
  u_core/core_i/if_stage_i/prefetch_buffer_i/fifo_i/mem_q_reg[1][19]/CLK
                                                        0.33      0.29    rp-+    default

  u_core/core_i/id_stage_i/controller_i/debug_req_q_reg/CLK
                                                        0.05              rp-+    default
  u_core/core_i/if_stage_i/prefetch_buffer_i/fifo_i/mem_q_reg[1][1]/CLK
                                                        0.33      0.29    rp-+    default

  u_core/core_i/id_stage_i/controller_i/debug_req_q_reg/CLK
                                                        0.05              rp-+    default
  u_core/core_i/if_stage_i/prefetch_buffer_i/fifo_i/mem_q_reg[1][22]/CLK
                                                        0.33      0.29    rp-+    default

  u_core/core_i/id_stage_i/controller_i/debug_req_q_reg/CLK
                                                        0.05              rp-+    default
  u_core/core_i/if_stage_i/prefetch_buffer_i/fifo_i/mem_q_reg[0][15]/CLK
                                                        0.33      0.29    rp-+    default

  u_core/core_i/id_stage_i/controller_i/debug_req_q_reg/CLK
                                                        0.05              rp-+    default
  u_core/core_i/if_stage_i/prefetch_buffer_i/fifo_i/mem_q_reg[0][18]/CLK
                                                        0.33      0.29    rp-+    default

  u_core/core_i/id_stage_i/controller_i/debug_req_q_reg/CLK
                                                        0.05              rp-+    default
  u_core/core_i/if_stage_i/prefetch_buffer_i/fifo_i/mem_q_reg[1][18]/CLK
                                                        0.33      0.29    rp-+    default

  u_core/core_i/id_stage_i/controller_i/debug_req_q_reg/CLK
                                                        0.05              rp-+    default
  u_core/core_i/if_stage_i/prefetch_buffer_i/fifo_i/mem_q_reg[1][0]/CLK
                                                        0.33      0.29    rp-+    default

  u_core/core_i/id_stage_i/controller_i/debug_req_q_reg/CLK
                                                        0.05              rp-+    default
  u_core/core_i/if_stage_i/prefetch_buffer_i/fifo_i/mem_q_reg[0][9]/CLK
                                                        0.33      0.29    rp-+    default

  u_core/core_i/id_stage_i/controller_i/debug_req_q_reg/CLK
                                                        0.05              rp-+    default
  u_core/core_i/if_stage_i/prefetch_buffer_i/fifo_i/mem_q_reg[1][15]/CLK
                                                        0.33      0.29    rp-+    default

---------------------------------------------------------------------------------------------------
1
