****************************************
Report : Report drc errors
Design : cv32e40p_synth_wrap
Data   : zroute.err
Type   : error_layer
Version: W-2024.09-SP2
Date   : Sat May  9 12:25:36 2026
****************************************

ErrorSet                                    Total   Visible     Fixed   Ignored
--------------------------------------------------------------------------------
Design : cv32e40p_synth_wrap                481     481         0       0
      Data : zroute.err                     481     481         0       0
            M1 (11)                         3       3           0       0
                Diff net spacing            1       1           0       0
                Off-grid                    1       1           0       0
                Short                       1       1           0       0
            M2 (13)                         232     232         0       0
                Diff net spacing            1       1           0       0
                Off-grid                    231     231         0       0
            M7 (23)                         1       1           0       0
                Diff net spacing            1       1           0       0
            VIA1 (12)                       245     245         0       0
                Off-grid                    245     245         0       0
1
