Information: Updating design information... (UID-85)
 
****************************************
Report : qor
Design : cv32e40p_synth_wrap
Version: W-2024.09-SP5-5
Date   : Thu May  7 22:23:41 2026
****************************************


  Timing Path Group 'clk_i'
  -----------------------------------
  Levels of Logic:              44.00
  Critical Path Length:          8.88
  Critical Path Slack:           0.02
  Critical Path Clk Period:     10.00
  Total Negative Slack:          0.00
  No. of Violating Paths:        0.00
  Worst Hold Violation:          0.00
  Total Hold Violation:          0.00
  No. of Hold Violations:        0.00
  -----------------------------------


  Cell Count
  -----------------------------------
  Hierarchical Cell Count:         82
  Hierarchical Port Count:       5034
  Leaf Cell Count:              14300
  Buf/Inv Cell Count:            1681
  Buf Cell Count:                 315
  Inv Cell Count:                1366
  CT Buf/Inv Cell Count:            0
  Combinational Cell Count:     12095
  Sequential Cell Count:         2205
  Macro Count:                      0
  -----------------------------------


  Area
  -----------------------------------
  Combinational Area:    29289.079517
  Noncombinational Area: 15610.287183
  Buf/Inv Area:           2398.865252
  Total Buffer Area:           646.03
  Total Inverter Area:        1752.83
  Macro/Black Box Area:      0.000000
  Net Area:              15970.548863
  -----------------------------------
  Cell Area:             44899.366699
  Design Area:           60869.915562


  Design Rules
  -----------------------------------
  Total Number of Nets:         15743
  Nets With Violations:             1
  Max Trans Violations:             0
  Max Cap Violations:               1
  -----------------------------------


  Hostname: SGP3

  Compile CPU Statistics
  -----------------------------------------
  Resource Sharing:                    5.89
  Logic Optimization:                  5.10
  Mapping Optimization:               11.77
  -----------------------------------------
  Overall Compile Time:               67.56
  Overall Compile Wall Clock Time:    69.56

  --------------------------------------------------------------------

  Design  WNS: 0.00  TNS: 0.00  Number of Violating Paths: 0


  Design (Hold)  WNS: 0.00  TNS: 0.00  Number of Violating Paths: 0

  --------------------------------------------------------------------


1
