 
****************************************
Report : constraint
        -all_violators
Design : cv32e40p_synth_wrap
Version: W-2024.09-SP5-5
Date   : Thu May  7 22:23:41 2026
****************************************


   max_capacitance

                             Required        Actual
   Net                      Capacitance    Capacitance       Slack
   -----------------------------------------------------------------
   u_core/core_i/ex_stage_i/mult_i/n548
                               16.00          16.00           0.00  (VIOLATED: increase significant digits)

   -----------------------------------------------------------------
   Total                      1                  -0.00  

   max_leakage_power

                             Required        Actual
   Design                   Leakage Power  Leakage Power     Slack
   -----------------------------------------------------------------
   cv32e40p_synth_wrap          0.00       701409088.00   -701409088.00
                                                                    (VIOLATED)


1
