****************************************
Report : clock timing
        -type skew
        -nworst 20
        -hold
Design : cv32e40p_synth_wrap
Version: W-2024.09-SP2
Date   : Sat May  9 02:01:38 2026
****************************************

  Mode: default
  Clock: clk_i

  Clock Pin                                          Latency      Skew             Corner
---------------------------------------------------------------------------------------------------
  u_core/core_i/id_stage_i/controller_i/debug_req_q_reg/CLK
                                                        0.05              rp-+    default
  u_core/core_i/if_stage_i/aligner_i/pc_q_reg[16]/CLK
                                                        0.33      0.28    rp-+    default

  u_core/core_i/id_stage_i/controller_i/debug_req_q_reg/CLK
                                                        0.05              rp-+    default
  u_core/core_i/if_stage_i/aligner_i/pc_q_reg[15]/CLK
                                                        0.33      0.28    rp-+    default

  u_core/core_i/id_stage_i/controller_i/debug_req_q_reg/CLK
                                                        0.05              rp-+    default
  u_core/core_i/if_stage_i/aligner_i/pc_q_reg[14]/CLK
                                                        0.32      0.28    rp-+    default

  u_core/core_i/id_stage_i/controller_i/debug_req_q_reg/CLK
                                                        0.05              rp-+    default
  u_core/core_i/if_stage_i/aligner_i/pc_q_reg[12]/CLK
                                                        0.32      0.28    rp-+    default

  u_core/core_i/id_stage_i/controller_i/debug_req_q_reg/CLK
                                                        0.05              rp-+    default
  u_core/core_i/if_stage_i/aligner_i/pc_q_reg[11]/CLK
                                                        0.32      0.28    rp-+    default

  u_core/core_i/id_stage_i/controller_i/debug_req_q_reg/CLK
                                                        0.05              rp-+    default
  u_core/core_i/if_stage_i/aligner_i/pc_q_reg[13]/CLK
                                                        0.32      0.28    rp-+    default

  u_core/core_i/id_stage_i/controller_i/debug_req_q_reg/CLK
                                                        0.05              rp-+    default
  u_core/core_i/if_stage_i/aligner_i/pc_q_reg[10]/CLK
                                                        0.32      0.28    rp-+    default

  u_core/core_i/id_stage_i/controller_i/debug_req_q_reg/CLK
                                                        0.05              rp-+    default
  u_core/core_i/if_stage_i/aligner_i/pc_q_reg[17]/CLK
                                                        0.32      0.28    rp-+    default

  u_core/core_i/id_stage_i/controller_i/debug_req_q_reg/CLK
                                                        0.05              rp-+    default
  u_core/core_i/if_stage_i/aligner_i/pc_q_reg[9]/CLK
                                                        0.32      0.28    rp-+    default

  u_core/core_i/id_stage_i/controller_i/debug_req_q_reg/CLK
                                                        0.05              rp-+    default
  u_core/core_i/if_stage_i/aligner_i/pc_q_reg[8]/CLK
                                                        0.32      0.28    rp-+    default

  u_core/core_i/id_stage_i/controller_i/debug_req_q_reg/CLK
                                                        0.05              rp-+    default
  u_core/core_i/if_stage_i/aligner_i/pc_q_reg[18]/CLK
                                                        0.32      0.28    rp-+    default

  u_core/core_i/id_stage_i/controller_i/debug_req_q_reg/CLK
                                                        0.05              rp-+    default
  u_core/core_i/if_stage_i/aligner_i/pc_q_reg[19]/CLK
                                                        0.32      0.28    rp-+    default

  u_core/core_i/id_stage_i/controller_i/debug_req_q_reg/CLK
                                                        0.05              rp-+    default
  u_core/core_i/if_stage_i/aligner_i/pc_q_reg[20]/CLK
                                                        0.32      0.28    rp-+    default

  u_core/core_i/id_stage_i/controller_i/debug_req_q_reg/CLK
                                                        0.05              rp-+    default
  u_core/core_i/if_stage_i/aligner_i/pc_q_reg[26]/CLK
                                                        0.32      0.28    rp-+    default

  u_core/core_i/id_stage_i/controller_i/debug_req_q_reg/CLK
                                                        0.05              rp-+    default
  u_core/core_i/if_stage_i/aligner_i/pc_q_reg[24]/CLK
                                                        0.32      0.28    rp-+    default

  u_core/core_i/id_stage_i/controller_i/debug_req_q_reg/CLK
                                                        0.05              rp-+    default
  u_core/core_i/if_stage_i/aligner_i/pc_q_reg[23]/CLK
                                                        0.32      0.28    rp-+    default

  u_core/core_i/id_stage_i/controller_i/debug_req_q_reg/CLK
                                                        0.05              rp-+    default
  u_core/core_i/if_stage_i/aligner_i/pc_q_reg[25]/CLK
                                                        0.32      0.28    rp-+    default

  u_core/core_i/id_stage_i/controller_i/debug_req_q_reg/CLK
                                                        0.05              rp-+    default
  u_core/core_i/if_stage_i/aligner_i/pc_q_reg[21]/CLK
                                                        0.32      0.28    rp-+    default

  u_core/core_i/id_stage_i/controller_i/debug_req_q_reg/CLK
                                                        0.05              rp-+    default
  u_core/core_i/if_stage_i/aligner_i/pc_q_reg[22]/CLK
                                                        0.32      0.28    rp-+    default

  u_core/core_i/id_stage_i/controller_i/debug_req_q_reg/CLK
                                                        0.05              rp-+    default
  u_core/core_i/if_stage_i/aligner_i/pc_q_reg[27]/CLK
                                                        0.32      0.28    rp-+    default

---------------------------------------------------------------------------------------------------
1
