Warning: Ignoring -as_user_default option since application option <file.verilog.enable_vpp> is global scoped. (NDMUI-1004)
===================================================================
PinCheck-Info: initialize database for new library flow.
===================================================================
Information: No against cells in pin_check.input.include_for_checking,automatically copy from pin_check.input.cells. (PAC-010)
=====================================================================================
PinCheck-Info: Report Pin Count Statistics in the input libraries
=====================================================================================
### Total Number of cells      : 294
### Pin count threshold entered: 1
### Number of cells with pin count  = 0 : 9       (Skipped; Less than Pin Threshold (1))
### Number of cells with pin count  = 1 : 5
### Number of cells with pin count  = 2 : 26
### Number of cells with pin count  = 3 : 49
### Number of cells with pin count  = 4 : 53
### Number of cells with pin count  = 5 : 48
### Number of cells with pin count  = 6 : 30
### Number of cells with pin count  = 7 : 34
### Number of cells with pin count  = 8 : 20
### Number of cells with pin count  = 9 : 14
### Number of cells with pin count  = 10 : 6
### Number of cells skipped   = 9
### Number of cells met threshold  = 285
=====================================================================================
=====================================================================================
PinCheck-Info: Report Pin Count Statistics in the input libraries
=====================================================================================
### Total Number of cells      : 294
### Pin count threshold entered: 1
### Number of cells with pin count  = 0 : 9       (Skipped; Less than Pin Threshold (1))
### Number of cells with pin count  = 1 : 5
### Number of cells with pin count  = 2 : 26
### Number of cells with pin count  = 3 : 49
### Number of cells with pin count  = 4 : 53
### Number of cells with pin count  = 5 : 48
### Number of cells with pin count  = 6 : 30
### Number of cells with pin count  = 7 : 34
### Number of cells with pin count  = 8 : 20
### Number of cells with pin count  = 9 : 14
### Number of cells with pin count  = 10 : 6
### Number of cells skipped   = 9
### Number of cells met threshold  = 285
=====================================================================================
SiteDef info initialized.
SiteHeight: 16720
SiteWidth: 1520
Information: Creating block 'temp.design' in library 'check_lib_rvt.nlib'. (DES-013)
Using libraries: check_lib_rvt.nlib saed32rvt_tt
Linking block check_lib_rvt.nlib:temp.design
Design 'temp' was successfully linked.
report_placement_spacing_rules > .pac_cell_spc_rule.txt
PinCheck-Info: Disabling placement rules: {  vt_min_width vt_cross_row_overlap od_length max_cpode_length vt_pt_vert_spacing}
PinCheck-Info: Disabling placement options: place.legalize.enable_legal_opt
source /DATA/home/edu135/CV32E40P/7_Backend_ICC2/2_Output/trials/create_pin_check_lib_trial/pin_check_preplace_options.tcl
Reading log ...
Reading log End
===================================================================
PinCheck-Info: Changing pin net ratio to 1420
===================================================================
get_node_specific  
Warning: Attribute 'technology_node' does not exist on block check_lib_rvt.nlib:temp.design (ATTR-3)
initialize_floorplan -flip_first_row false -keep_placement all -shape R -orientation N -core_utilization 0.250000 -side_ratio [list [expr double(1/1)] [expr double(1)]] -core_offset "2.000000 2.000000 2.000000 2.000000"
Warning: The routing directions for layer 'M1 M2 M3 M4 M5 M6 M7 M8 M9 MRDL ' are missing. Auto deriving 'horizontal' routing direction for layer 'M1'. (DPUI-924)
Warning: The routing directions for layer 'M1 M2 M3 M4 M5 M6 M7 M8 M9 MRDL ' are missing. Auto deriving 'vertical' routing direction for layer 'M2'. (DPUI-924)
Warning: The routing directions for layer 'M1 M2 M3 M4 M5 M6 M7 M8 M9 MRDL ' are missing. Auto deriving 'horizontal' routing direction for layer 'M3'. (DPUI-924)
Warning: The routing directions for layer 'M1 M2 M3 M4 M5 M6 M7 M8 M9 MRDL ' are missing. Auto deriving 'vertical' routing direction for layer 'M4'. (DPUI-924)
Warning: The routing directions for layer 'M1 M2 M3 M4 M5 M6 M7 M8 M9 MRDL ' are missing. Auto deriving 'horizontal' routing direction for layer 'M5'. (DPUI-924)
Warning: The routing directions for layer 'M1 M2 M3 M4 M5 M6 M7 M8 M9 MRDL ' are missing. Auto deriving 'vertical' routing direction for layer 'M6'. (DPUI-924)
Warning: The routing directions for layer 'M1 M2 M3 M4 M5 M6 M7 M8 M9 MRDL ' are missing. Auto deriving 'horizontal' routing direction for layer 'M7'. (DPUI-924)
Warning: The routing directions for layer 'M1 M2 M3 M4 M5 M6 M7 M8 M9 MRDL ' are missing. Auto deriving 'vertical' routing direction for layer 'M8'. (DPUI-924)
Warning: The routing directions for layer 'M1 M2 M3 M4 M5 M6 M7 M8 M9 MRDL ' are missing. Auto deriving 'horizontal' routing direction for layer 'M9'. (DPUI-924)
Warning: The routing directions for layer 'M1 M2 M3 M4 M5 M6 M7 M8 M9 MRDL ' are missing. Auto deriving 'vertical' routing direction for layer 'MRDL'. (DPUI-924)
Use site_def 'unit' to initialize floorplan.
Removing existing floorplan objects
Creating core...
Core utilization ratio = 25.46%
Unplacing all cells...
Creating site array...
Creating routing tracks...
Initializing floorplan completed.
Warning: Attribute 'technology_node' does not exist on block check_lib_rvt.nlib:temp.design (ATTR-3)
Warning: No site_def objects matched 'UHDCORE_2X' (SEL-004)
Information: Saving 'check_lib_rvt.nlib:temp.design' to 'check_lib_rvt.nlib:cell_pin_access_test.design'. (DES-028)
Information: Initializing classic cellmap without advanced rules enabled and without PDC enabled
Information: The following app options are used in cellmap
        place.legalize.enable_color_aware_placement : false
        place.legalize.use_nll_query_cm : false
        place.legalize.enable_advanced_legalizer : false
        place.legalize.enable_prerouted_net_check : true
        place.legalize.enable_advanced_prerouted_net_check : false
        place.legalize.always_continue : true
        place.legalize.limit_legality_checks : false
        place.common.pnet_aware_density : 1.0000
        place.common.pnet_aware_min_width : 0.0000
        place.common.pnet_aware_layers : {}
        place.common.use_placement_model : false
        place.common.enable_advanced_placement_model : true
        cts.placement.cell_spacing_rule_style : maximum
Total 0.0062 seconds to build cellmap data
Total 0.0000 seconds to load 0 cell instances into cellmap
Moveable cells: 0; Application fixed cells: 0; Macro cells: 0; User fixed cells: 0
Information: Creating classic rule checker.
Warning: Routing direction of metal layer PO is neither "horizontal" nor "vertical".  PDC checks will not be performed on this layer. (PDC-003)
PDC app_options settings =========
	place.legalize.enable_prerouted_net_check: 1
	place.legalize.num_tracks_for_access_check: 1
	place.legalize.use_eol_spacing_for_access_check: 0
	place.legalize.allow_touch_track_for_access_check: 1
	place.legalize.reduce_conservatism_in_eol_check: 0
	place.legalize.preroute_shape_merge_distance: 0.0
	place.legalize.enable_non_preferred_direction_span_check: 0

Warning: Reference 'saed32rvt_tt/MUX41X2_RVT/frame' pin 'S0' has no via regions. Using pin shape. (PDC-001)
Layer M1: cached 0 shapes out of 0 total shapes.
Layer M2: cached 0 shapes out of 0 total shapes.
Cached 0 vias out of 0 total vias.
Warning: No legal sites for reference PMT2_RVT in region {{-0.304 -0.03} {95.808 94.288}} (ALCP-004)
Warning: No legal sites for reference RDFFNSRASRNX1_RVT in region {{-0.304 -0.03} {95.808 94.288}} (ALCP-004)
Warning: No legal sites for reference RDFFNSRARX2_RVT in region {{-0.304 -0.03} {95.808 94.288}} (ALCP-004)
Warning: No legal sites for reference RDFFNSRARX1_RVT in region {{-0.304 -0.03} {95.808 94.288}} (ALCP-004)
Warning: No legal sites for reference RDFFNARX2_RVT in region {{-0.304 -0.03} {95.808 94.288}} (ALCP-004)
Warning: No legal sites for reference RDFFNARX1_RVT in region {{-0.304 -0.03} {95.808 94.288}} (ALCP-004)
Warning: No legal sites for reference RDFFARX2_RVT in region {{-0.304 -0.03} {95.808 94.288}} (ALCP-004)
Warning: No legal sites for reference RDFFARX1_RVT in region {{-0.304 -0.03} {95.808 94.288}} (ALCP-004)
Warning: No legal sites for reference PMT3_RVT in region {{-0.304 -0.03} {95.808 94.288}} (ALCP-004)
Warning: No legal sites for reference RDFFNSRASRNX2_RVT in region {{-0.304 -0.03} {95.808 94.288}} (ALCP-004)
Warning: No legal sites for reference PMT1_RVT in region {{-0.304 -0.03} {95.808 94.288}} (ALCP-004)
Warning: No legal sites for reference PGX4_RVT in region {{-0.304 -0.03} {95.808 94.288}} (ALCP-004)
Warning: No legal sites for reference PGX2_RVT in region {{-0.304 -0.03} {95.808 94.288}} (ALCP-004)
Warning: No legal sites for reference PGX1_RVT in region {{-0.304 -0.03} {95.808 94.288}} (ALCP-004)
Warning: No legal sites for reference OR4X4_RVT in region {{-0.304 -0.03} {95.808 94.288}} (ALCP-004)
Warning: No legal sites for reference OR4X2_RVT in region {{-0.304 -0.03} {95.808 94.288}} (ALCP-004)
Warning: No legal sites for reference OR4X1_RVT in region {{-0.304 -0.03} {95.808 94.288}} (ALCP-004)
Warning: No legal sites for reference OR3X4_RVT in region {{-0.304 -0.03} {95.808 94.288}} (ALCP-004)
Warning: No legal sites for reference RDFFNX1_RVT in region {{-0.304 -0.03} {95.808 94.288}} (ALCP-004)
Warning: No legal sites for reference RDFFSRSSRX1_RVT in region {{-0.304 -0.03} {95.808 94.288}} (ALCP-004)
Warning: No legal sites for reference RDFFSRASX2_RVT in region {{-0.304 -0.03} {95.808 94.288}} (ALCP-004)
Warning: No legal sites for reference RDFFSRASX1_RVT in region {{-0.304 -0.03} {95.808 94.288}} (ALCP-004)
Warning: No legal sites for reference RDFFSRASRX2_RVT in region {{-0.304 -0.03} {95.808 94.288}} (ALCP-004)
Warning: No legal sites for reference RDFFSRASRX1_RVT in region {{-0.304 -0.03} {95.808 94.288}} (ALCP-004)
Warning: No legal sites for reference RDFFSRARX2_RVT in region {{-0.304 -0.03} {95.808 94.288}} (ALCP-004)
Warning: No legal sites for reference RDFFSRARX1_RVT in region {{-0.304 -0.03} {95.808 94.288}} (ALCP-004)
Warning: No legal sites for reference RDFFNX2_RVT in region {{-0.304 -0.03} {95.808 94.288}} (ALCP-004)
Warning: No legal sites for reference OR3X2_RVT in region {{-0.304 -0.03} {95.808 94.288}} (ALCP-004)
Warning: No legal sites for reference RDFFNSRX2_RVT in region {{-0.304 -0.03} {95.808 94.288}} (ALCP-004)
Warning: No legal sites for reference RDFFNSRX1_RVT in region {{-0.304 -0.03} {95.808 94.288}} (ALCP-004)
Warning: No legal sites for reference RDFFNSRASX2_RVT in region {{-0.304 -0.03} {95.808 94.288}} (ALCP-004)
Warning: No legal sites for reference RDFFNSRASX1_RVT in region {{-0.304 -0.03} {95.808 94.288}} (ALCP-004)
Warning: No legal sites for reference RDFFNSRASRX2_RVT in region {{-0.304 -0.03} {95.808 94.288}} (ALCP-004)
Warning: No legal sites for reference RDFFNSRASRX1_RVT in region {{-0.304 -0.03} {95.808 94.288}} (ALCP-004)
Warning: No legal sites for reference RDFFNSRASRQX2_RVT in region {{-0.304 -0.03} {95.808 94.288}} (ALCP-004)
Warning: No legal sites for reference RDFFNSRASRQX1_RVT in region {{-0.304 -0.03} {95.808 94.288}} (ALCP-004)
Warning: No legal sites for reference NOR2X4_RVT in region {{-0.304 -0.03} {95.808 94.288}} (ALCP-004)
Warning: No legal sites for reference OA21X2_RVT in region {{-0.304 -0.03} {95.808 94.288}} (ALCP-004)
Warning: No legal sites for reference OA21X1_RVT in region {{-0.304 -0.03} {95.808 94.288}} (ALCP-004)
Warning: No legal sites for reference NOR4X1_RVT in region {{-0.304 -0.03} {95.808 94.288}} (ALCP-004)
Warning: No legal sites for reference NOR4X0_RVT in region {{-0.304 -0.03} {95.808 94.288}} (ALCP-004)
Warning: No legal sites for reference NOR3X4_RVT in region {{-0.304 -0.03} {95.808 94.288}} (ALCP-004)
Warning: No legal sites for reference NOR3X2_RVT in region {{-0.304 -0.03} {95.808 94.288}} (ALCP-004)
Warning: No legal sites for reference NOR3X1_RVT in region {{-0.304 -0.03} {95.808 94.288}} (ALCP-004)
Warning: No legal sites for reference NOR3X0_RVT in region {{-0.304 -0.03} {95.808 94.288}} (ALCP-004)
Warning: No legal sites for reference OA221X1_RVT in region {{-0.304 -0.03} {95.808 94.288}} (ALCP-004)
Warning: No legal sites for reference NOR2X2_RVT in region {{-0.304 -0.03} {95.808 94.288}} (ALCP-004)
Warning: No legal sites for reference NOR2X1_RVT in region {{-0.304 -0.03} {95.808 94.288}} (ALCP-004)
Warning: No legal sites for reference NOR2X0_RVT in region {{-0.304 -0.03} {95.808 94.288}} (ALCP-004)
Warning: No legal sites for reference NMT3_RVT in region {{-0.304 -0.03} {95.808 94.288}} (ALCP-004)
Warning: No legal sites for reference NMT2_RVT in region {{-0.304 -0.03} {95.808 94.288}} (ALCP-004)
Warning: No legal sites for reference NMT1_RVT in region {{-0.304 -0.03} {95.808 94.288}} (ALCP-004)
Warning: No legal sites for reference NBUFFX8_RVT in region {{-0.304 -0.03} {95.808 94.288}} (ALCP-004)
Warning: No legal sites for reference NBUFFX4_RVT in region {{-0.304 -0.03} {95.808 94.288}} (ALCP-004)
Warning: No legal sites for reference OAI221X2_RVT in region {{-0.304 -0.03} {95.808 94.288}} (ALCP-004)
Warning: No legal sites for reference OR3X1_RVT in region {{-0.304 -0.03} {95.808 94.288}} (ALCP-004)
Warning: No legal sites for reference OR2X4_RVT in region {{-0.304 -0.03} {95.808 94.288}} (ALCP-004)
Warning: No legal sites for reference OR2X2_RVT in region {{-0.304 -0.03} {95.808 94.288}} (ALCP-004)
Warning: No legal sites for reference OR2X1_RVT in region {{-0.304 -0.03} {95.808 94.288}} (ALCP-004)
Warning: No legal sites for reference OAI22X2_RVT in region {{-0.304 -0.03} {95.808 94.288}} (ALCP-004)
Warning: No legal sites for reference OAI22X1_RVT in region {{-0.304 -0.03} {95.808 94.288}} (ALCP-004)
Warning: No legal sites for reference OAI222X2_RVT in region {{-0.304 -0.03} {95.808 94.288}} (ALCP-004)
Warning: No legal sites for reference OAI222X1_RVT in region {{-0.304 -0.03} {95.808 94.288}} (ALCP-004)
Warning: No legal sites for reference RDFFSRSSRX2_RVT in region {{-0.304 -0.03} {95.808 94.288}} (ALCP-004)
Warning: No legal sites for reference OAI221X1_RVT in region {{-0.304 -0.03} {95.808 94.288}} (ALCP-004)
Warning: No legal sites for reference OAI21X2_RVT in region {{-0.304 -0.03} {95.808 94.288}} (ALCP-004)
Warning: No legal sites for reference OAI21X1_RVT in region {{-0.304 -0.03} {95.808 94.288}} (ALCP-004)
Warning: No legal sites for reference OA22X2_RVT in region {{-0.304 -0.03} {95.808 94.288}} (ALCP-004)
Warning: No legal sites for reference OA22X1_RVT in region {{-0.304 -0.03} {95.808 94.288}} (ALCP-004)
Warning: No legal sites for reference OA222X2_RVT in region {{-0.304 -0.03} {95.808 94.288}} (ALCP-004)
Warning: No legal sites for reference OA222X1_RVT in region {{-0.304 -0.03} {95.808 94.288}} (ALCP-004)
Warning: No legal sites for reference OA221X2_RVT in region {{-0.304 -0.03} {95.808 94.288}} (ALCP-004)
Warning: No legal sites for reference SDFFNARX2_RVT in region {{-0.304 -0.03} {95.808 94.288}} (ALCP-004)
Warning: No legal sites for reference SDFFSSRX2_RVT in region {{-0.304 -0.03} {95.808 94.288}} (ALCP-004)
Warning: No legal sites for reference SDFFSSRX1_RVT in region {{-0.304 -0.03} {95.808 94.288}} (ALCP-004)
Warning: No legal sites for reference SDFFNX2_RVT in region {{-0.304 -0.03} {95.808 94.288}} (ALCP-004)
Warning: No legal sites for reference SDFFNX1_RVT in region {{-0.304 -0.03} {95.808 94.288}} (ALCP-004)
Warning: No legal sites for reference SDFFNASX2_RVT in region {{-0.304 -0.03} {95.808 94.288}} (ALCP-004)
Warning: No legal sites for reference SDFFNASX1_RVT in region {{-0.304 -0.03} {95.808 94.288}} (ALCP-004)
Warning: No legal sites for reference SDFFNASRX2_RVT in region {{-0.304 -0.03} {95.808 94.288}} (ALCP-004)
Warning: No legal sites for reference SDFFNASRX1_RVT in region {{-0.304 -0.03} {95.808 94.288}} (ALCP-004)
Warning: No legal sites for reference SDFFX1_RVT in region {{-0.304 -0.03} {95.808 94.288}} (ALCP-004)
Warning: No legal sites for reference SDFFNARX1_RVT in region {{-0.304 -0.03} {95.808 94.288}} (ALCP-004)
Warning: No legal sites for reference SDFFASX2_RVT in region {{-0.304 -0.03} {95.808 94.288}} (ALCP-004)
Warning: No legal sites for reference SDFFASX1_RVT in region {{-0.304 -0.03} {95.808 94.288}} (ALCP-004)
Warning: No legal sites for reference SDFFASRX2_RVT in region {{-0.304 -0.03} {95.808 94.288}} (ALCP-004)
Warning: No legal sites for reference SDFFASRX1_RVT in region {{-0.304 -0.03} {95.808 94.288}} (ALCP-004)
Warning: No legal sites for reference SDFFASRSX2_RVT in region {{-0.304 -0.03} {95.808 94.288}} (ALCP-004)
Warning: No legal sites for reference SDFFASRSX1_RVT in region {{-0.304 -0.03} {95.808 94.288}} (ALCP-004)
Warning: No legal sites for reference SDFFARX2_RVT in region {{-0.304 -0.03} {95.808 94.288}} (ALCP-004)
Warning: No legal sites for reference TNBUFFX8_RVT in region {{-0.304 -0.03} {95.808 94.288}} (ALCP-004)
Warning: No legal sites for reference XOR3X2_RVT in region {{-0.304 -0.03} {95.808 94.288}} (ALCP-004)
Warning: No legal sites for reference XOR3X1_RVT in region {{-0.304 -0.03} {95.808 94.288}} (ALCP-004)
Warning: No legal sites for reference XOR2X2_RVT in region {{-0.304 -0.03} {95.808 94.288}} (ALCP-004)
Warning: No legal sites for reference XOR2X1_RVT in region {{-0.304 -0.03} {95.808 94.288}} (ALCP-004)
Warning: No legal sites for reference XNOR3X2_RVT in region {{-0.304 -0.03} {95.808 94.288}} (ALCP-004)
Warning: No legal sites for reference XNOR3X1_RVT in region {{-0.304 -0.03} {95.808 94.288}} (ALCP-004)
Warning: No legal sites for reference XNOR2X2_RVT in region {{-0.304 -0.03} {95.808 94.288}} (ALCP-004)
Warning: No legal sites for reference XNOR2X1_RVT in region {{-0.304 -0.03} {95.808 94.288}} (ALCP-004)
Warning: No legal sites for reference SDFFARX1_RVT in region {{-0.304 -0.03} {95.808 94.288}} (ALCP-004)
Warning: No legal sites for reference TNBUFFX4_RVT in region {{-0.304 -0.03} {95.808 94.288}} (ALCP-004)
Warning: No legal sites for reference TNBUFFX32_RVT in region {{-0.304 -0.03} {95.808 94.288}} (ALCP-004)
Warning: No legal sites for reference TNBUFFX2_RVT in region {{-0.304 -0.03} {95.808 94.288}} (ALCP-004)
Warning: No legal sites for reference TNBUFFX1_RVT in region {{-0.304 -0.03} {95.808 94.288}} (ALCP-004)
Warning: No legal sites for reference TNBUFFX16_RVT in region {{-0.304 -0.03} {95.808 94.288}} (ALCP-004)
Warning: No legal sites for reference TIEL_RVT in region {{-0.304 -0.03} {95.808 94.288}} (ALCP-004)
Warning: No legal sites for reference TIEH_RVT in region {{-0.304 -0.03} {95.808 94.288}} (ALCP-004)
Warning: No legal sites for reference SDFFX2_RVT in region {{-0.304 -0.03} {95.808 94.288}} (ALCP-004)
Warning: No legal sites for reference RSDFFNSRARX1_RVT in region {{-0.304 -0.03} {95.808 94.288}} (ALCP-004)
Warning: No legal sites for reference RSDFFNSRASX1_RVT in region {{-0.304 -0.03} {95.808 94.288}} (ALCP-004)
Warning: No legal sites for reference RSDFFNSRASRX2_RVT in region {{-0.304 -0.03} {95.808 94.288}} (ALCP-004)
Warning: No legal sites for reference RSDFFNSRASRX1_RVT in region {{-0.304 -0.03} {95.808 94.288}} (ALCP-004)
Warning: No legal sites for reference RSDFFNSRASRQX2_RVT in region {{-0.304 -0.03} {95.808 94.288}} (ALCP-004)
Warning: No legal sites for reference RSDFFNSRASRQX1_RVT in region {{-0.304 -0.03} {95.808 94.288}} (ALCP-004)
Warning: No legal sites for reference RSDFFNSRASRNX2_RVT in region {{-0.304 -0.03} {95.808 94.288}} (ALCP-004)
Warning: No legal sites for reference RSDFFNSRASRNX1_RVT in region {{-0.304 -0.03} {95.808 94.288}} (ALCP-004)
Warning: No legal sites for reference RSDFFNSRARX2_RVT in region {{-0.304 -0.03} {95.808 94.288}} (ALCP-004)
Warning: No legal sites for reference RSDFFNSRASX2_RVT in region {{-0.304 -0.03} {95.808 94.288}} (ALCP-004)
Warning: No legal sites for reference RSDFFNARX2_RVT in region {{-0.304 -0.03} {95.808 94.288}} (ALCP-004)
Warning: No legal sites for reference RSDFFNARX1_RVT in region {{-0.304 -0.03} {95.808 94.288}} (ALCP-004)
Warning: No legal sites for reference RSDFFARX2_RVT in region {{-0.304 -0.03} {95.808 94.288}} (ALCP-004)
Warning: No legal sites for reference RSDFFARX1_RVT in region {{-0.304 -0.03} {95.808 94.288}} (ALCP-004)
Warning: No legal sites for reference RDFFX2_RVT in region {{-0.304 -0.03} {95.808 94.288}} (ALCP-004)
Warning: No legal sites for reference RDFFX1_RVT in region {{-0.304 -0.03} {95.808 94.288}} (ALCP-004)
Warning: No legal sites for reference RDFFSRX2_RVT in region {{-0.304 -0.03} {95.808 94.288}} (ALCP-004)
Warning: No legal sites for reference RDFFSRX1_RVT in region {{-0.304 -0.03} {95.808 94.288}} (ALCP-004)
Warning: No legal sites for reference RSDFFSRASRX2_RVT in region {{-0.304 -0.03} {95.808 94.288}} (ALCP-004)
Warning: No legal sites for reference RSDFFX2_RVT in region {{-0.304 -0.03} {95.808 94.288}} (ALCP-004)
Warning: No legal sites for reference RSDFFX1_RVT in region {{-0.304 -0.03} {95.808 94.288}} (ALCP-004)
Warning: No legal sites for reference RSDFFSRX2_RVT in region {{-0.304 -0.03} {95.808 94.288}} (ALCP-004)
Warning: No legal sites for reference RSDFFSRX1_RVT in region {{-0.304 -0.03} {95.808 94.288}} (ALCP-004)
Warning: No legal sites for reference RSDFFSRSSRX2_RVT in region {{-0.304 -0.03} {95.808 94.288}} (ALCP-004)
Warning: No legal sites for reference RSDFFSRSSRX1_RVT in region {{-0.304 -0.03} {95.808 94.288}} (ALCP-004)
Warning: No legal sites for reference RSDFFSRASX2_RVT in region {{-0.304 -0.03} {95.808 94.288}} (ALCP-004)
Warning: No legal sites for reference RSDFFSRASX1_RVT in region {{-0.304 -0.03} {95.808 94.288}} (ALCP-004)
Warning: No legal sites for reference NBUFFX32_RVT in region {{-0.304 -0.03} {95.808 94.288}} (ALCP-004)
Warning: No legal sites for reference RSDFFSRASRX1_RVT in region {{-0.304 -0.03} {95.808 94.288}} (ALCP-004)
Warning: No legal sites for reference RSDFFSRARX2_RVT in region {{-0.304 -0.03} {95.808 94.288}} (ALCP-004)
Warning: No legal sites for reference RSDFFSRARX1_RVT in region {{-0.304 -0.03} {95.808 94.288}} (ALCP-004)
Warning: No legal sites for reference RSDFFNX2_RVT in region {{-0.304 -0.03} {95.808 94.288}} (ALCP-004)
Warning: No legal sites for reference RSDFFNX1_RVT in region {{-0.304 -0.03} {95.808 94.288}} (ALCP-004)
Warning: No legal sites for reference RSDFFNSRX2_RVT in region {{-0.304 -0.03} {95.808 94.288}} (ALCP-004)
Warning: No legal sites for reference RSDFFNSRX1_RVT in region {{-0.304 -0.03} {95.808 94.288}} (ALCP-004)
Warning: No legal sites for reference CGLPPSX8_RVT in region {{-0.304 -0.03} {95.808 94.288}} (ALCP-004)
Warning: No legal sites for reference DFFARX2_RVT in region {{-0.304 -0.03} {95.808 94.288}} (ALCP-004)
Warning: No legal sites for reference DFFARX1_RVT in region {{-0.304 -0.03} {95.808 94.288}} (ALCP-004)
Warning: No legal sites for reference DELLN3X2_RVT in region {{-0.304 -0.03} {95.808 94.288}} (ALCP-004)
Warning: No legal sites for reference DELLN2X2_RVT in region {{-0.304 -0.03} {95.808 94.288}} (ALCP-004)
Warning: No legal sites for reference DELLN1X2_RVT in region {{-0.304 -0.03} {95.808 94.288}} (ALCP-004)
Warning: No legal sites for reference DEC24X2_RVT in region {{-0.304 -0.03} {95.808 94.288}} (ALCP-004)
Warning: No legal sites for reference DEC24X1_RVT in region {{-0.304 -0.03} {95.808 94.288}} (ALCP-004)
Warning: No legal sites for reference CLOAD1_RVT in region {{-0.304 -0.03} {95.808 94.288}} (ALCP-004)
Warning: No legal sites for reference DFFASRX1_RVT in region {{-0.304 -0.03} {95.808 94.288}} (ALCP-004)
Warning: No legal sites for reference CGLPPSX4_RVT in region {{-0.304 -0.03} {95.808 94.288}} (ALCP-004)
Warning: No legal sites for reference CGLPPSX2_RVT in region {{-0.304 -0.03} {95.808 94.288}} (ALCP-004)
Warning: No legal sites for reference CGLPPSX16_RVT in region {{-0.304 -0.03} {95.808 94.288}} (ALCP-004)
Warning: No legal sites for reference CGLPPRX8_RVT in region {{-0.304 -0.03} {95.808 94.288}} (ALCP-004)
Warning: No legal sites for reference CGLPPRX2_RVT in region {{-0.304 -0.03} {95.808 94.288}} (ALCP-004)
Warning: No legal sites for reference CGLNPSX8_RVT in region {{-0.304 -0.03} {95.808 94.288}} (ALCP-004)
Warning: No legal sites for reference CGLNPSX4_RVT in region {{-0.304 -0.03} {95.808 94.288}} (ALCP-004)
Warning: No legal sites for reference CGLNPSX2_RVT in region {{-0.304 -0.03} {95.808 94.288}} (ALCP-004)
Warning: No legal sites for reference DFFASRX2_RVT in region {{-0.304 -0.03} {95.808 94.288}} (ALCP-004)
Warning: No legal sites for reference DFFASX1_RVT in region {{-0.304 -0.03} {95.808 94.288}} (ALCP-004)
Warning: No legal sites for reference DFFASX2_RVT in region {{-0.304 -0.03} {95.808 94.288}} (ALCP-004)
Warning: No legal sites for reference DFFNARX1_RVT in region {{-0.304 -0.03} {95.808 94.288}} (ALCP-004)
Warning: No legal sites for reference DFFNARX2_RVT in region {{-0.304 -0.03} {95.808 94.288}} (ALCP-004)
Warning: No legal sites for reference DFFNASRNX1_RVT in region {{-0.304 -0.03} {95.808 94.288}} (ALCP-004)
Warning: No legal sites for reference DFFNASRNX2_RVT in region {{-0.304 -0.03} {95.808 94.288}} (ALCP-004)
Warning: No legal sites for reference DFFNASRQX1_RVT in region {{-0.304 -0.03} {95.808 94.288}} (ALCP-004)
Warning: No legal sites for reference DFFNASRQX2_RVT in region {{-0.304 -0.03} {95.808 94.288}} (ALCP-004)
Warning: No legal sites for reference DFFNASRX1_RVT in region {{-0.304 -0.03} {95.808 94.288}} (ALCP-004)
Warning: No legal sites for reference AND2X1_RVT in region {{-0.304 -0.03} {95.808 94.288}} (ALCP-004)
Warning: No legal sites for reference DFFNASX1_RVT in region {{-0.304 -0.03} {95.808 94.288}} (ALCP-004)
Warning: No legal sites for reference DFFNASX2_RVT in region {{-0.304 -0.03} {95.808 94.288}} (ALCP-004)
Warning: No legal sites for reference DFFNX1_RVT in region {{-0.304 -0.03} {95.808 94.288}} (ALCP-004)
Warning: No legal sites for reference DFFNX2_RVT in region {{-0.304 -0.03} {95.808 94.288}} (ALCP-004)
Warning: No legal sites for reference AND4X4_RVT in region {{-0.304 -0.03} {95.808 94.288}} (ALCP-004)
Warning: No legal sites for reference AO22X1_RVT in region {{-0.304 -0.03} {95.808 94.288}} (ALCP-004)
Warning: No legal sites for reference AO222X2_RVT in region {{-0.304 -0.03} {95.808 94.288}} (ALCP-004)
Warning: No legal sites for reference AO222X1_RVT in region {{-0.304 -0.03} {95.808 94.288}} (ALCP-004)
Warning: No legal sites for reference AO221X2_RVT in region {{-0.304 -0.03} {95.808 94.288}} (ALCP-004)
Warning: No legal sites for reference AO221X1_RVT in region {{-0.304 -0.03} {95.808 94.288}} (ALCP-004)
Warning: No legal sites for reference AO21X2_RVT in region {{-0.304 -0.03} {95.808 94.288}} (ALCP-004)
Warning: No legal sites for reference AO21X1_RVT in region {{-0.304 -0.03} {95.808 94.288}} (ALCP-004)
Warning: No legal sites for reference ANTENNA_RVT in region {{-0.304 -0.03} {95.808 94.288}} (ALCP-004)
Warning: No legal sites for reference AO22X2_RVT in region {{-0.304 -0.03} {95.808 94.288}} (ALCP-004)
Warning: No legal sites for reference AND4X2_RVT in region {{-0.304 -0.03} {95.808 94.288}} (ALCP-004)
Warning: No legal sites for reference AND4X1_RVT in region {{-0.304 -0.03} {95.808 94.288}} (ALCP-004)
Warning: No legal sites for reference AND3X4_RVT in region {{-0.304 -0.03} {95.808 94.288}} (ALCP-004)
Warning: No legal sites for reference AND3X2_RVT in region {{-0.304 -0.03} {95.808 94.288}} (ALCP-004)
Warning: No legal sites for reference AND3X1_RVT in region {{-0.304 -0.03} {95.808 94.288}} (ALCP-004)
Warning: No legal sites for reference AND2X4_RVT in region {{-0.304 -0.03} {95.808 94.288}} (ALCP-004)
Warning: No legal sites for reference AND2X2_RVT in region {{-0.304 -0.03} {95.808 94.288}} (ALCP-004)
Warning: No legal sites for reference DFFNASRX2_RVT in region {{-0.304 -0.03} {95.808 94.288}} (ALCP-004)
Warning: No legal sites for reference AOI21X1_RVT in region {{-0.304 -0.03} {95.808 94.288}} (ALCP-004)
Warning: No legal sites for reference AOI21X2_RVT in region {{-0.304 -0.03} {95.808 94.288}} (ALCP-004)
Warning: No legal sites for reference AOI221X1_RVT in region {{-0.304 -0.03} {95.808 94.288}} (ALCP-004)
Warning: No legal sites for reference AOI221X2_RVT in region {{-0.304 -0.03} {95.808 94.288}} (ALCP-004)
Warning: No legal sites for reference AOI222X1_RVT in region {{-0.304 -0.03} {95.808 94.288}} (ALCP-004)
Warning: No legal sites for reference AOI222X2_RVT in region {{-0.304 -0.03} {95.808 94.288}} (ALCP-004)
Warning: No legal sites for reference AOI22X1_RVT in region {{-0.304 -0.03} {95.808 94.288}} (ALCP-004)
Warning: No legal sites for reference AOI22X2_RVT in region {{-0.304 -0.03} {95.808 94.288}} (ALCP-004)
Warning: No legal sites for reference BSLEX1_RVT in region {{-0.304 -0.03} {95.808 94.288}} (ALCP-004)
Warning: No legal sites for reference BSLEX2_RVT in region {{-0.304 -0.03} {95.808 94.288}} (ALCP-004)
Warning: No legal sites for reference BSLEX4_RVT in region {{-0.304 -0.03} {95.808 94.288}} (ALCP-004)
Warning: No legal sites for reference BUSKP_RVT in region {{-0.304 -0.03} {95.808 94.288}} (ALCP-004)
Warning: No legal sites for reference CGLNPRX2_RVT in region {{-0.304 -0.03} {95.808 94.288}} (ALCP-004)
Warning: No legal sites for reference CGLNPRX8_RVT in region {{-0.304 -0.03} {95.808 94.288}} (ALCP-004)
Warning: No legal sites for reference CGLNPSX16_RVT in region {{-0.304 -0.03} {95.808 94.288}} (ALCP-004)
Warning: No legal sites for reference LASRQX2_RVT in region {{-0.304 -0.03} {95.808 94.288}} (ALCP-004)
Warning: No legal sites for reference LNANDX2_RVT in region {{-0.304 -0.03} {95.808 94.288}} (ALCP-004)
Warning: No legal sites for reference LNANDX1_RVT in region {{-0.304 -0.03} {95.808 94.288}} (ALCP-004)
Warning: No legal sites for reference LATCHX2_RVT in region {{-0.304 -0.03} {95.808 94.288}} (ALCP-004)
Warning: No legal sites for reference LATCHX1_RVT in region {{-0.304 -0.03} {95.808 94.288}} (ALCP-004)
Warning: No legal sites for reference LASX2_RVT in region {{-0.304 -0.03} {95.808 94.288}} (ALCP-004)
Warning: No legal sites for reference LASX1_RVT in region {{-0.304 -0.03} {95.808 94.288}} (ALCP-004)
Warning: No legal sites for reference LASRX2_RVT in region {{-0.304 -0.03} {95.808 94.288}} (ALCP-004)
Warning: No legal sites for reference LASRX1_RVT in region {{-0.304 -0.03} {95.808 94.288}} (ALCP-004)
Warning: No legal sites for reference MUX21X1_RVT in region {{-0.304 -0.03} {95.808 94.288}} (ALCP-004)
Warning: No legal sites for reference LASRQX1_RVT in region {{-0.304 -0.03} {95.808 94.288}} (ALCP-004)
Warning: No legal sites for reference LASRNX2_RVT in region {{-0.304 -0.03} {95.808 94.288}} (ALCP-004)
Warning: No legal sites for reference DFFSSRX1_RVT in region {{-0.304 -0.03} {95.808 94.288}} (ALCP-004)
Warning: No legal sites for reference LARX2_RVT in region {{-0.304 -0.03} {95.808 94.288}} (ALCP-004)
Warning: No legal sites for reference LARX1_RVT in region {{-0.304 -0.03} {95.808 94.288}} (ALCP-004)
Warning: No legal sites for reference ISOLORX8_RVT in region {{-0.304 -0.03} {95.808 94.288}} (ALCP-004)
Warning: No legal sites for reference ISOLORX4_RVT in region {{-0.304 -0.03} {95.808 94.288}} (ALCP-004)
Warning: No legal sites for reference LASRNX1_RVT in region {{-0.304 -0.03} {95.808 94.288}} (ALCP-004)
Warning: No legal sites for reference MUX21X2_RVT in region {{-0.304 -0.03} {95.808 94.288}} (ALCP-004)
Warning: No legal sites for reference MUX41X1_RVT in region {{-0.304 -0.03} {95.808 94.288}} (ALCP-004)
Warning: No legal sites for reference MUX41X2_RVT in region {{-0.304 -0.03} {95.808 94.288}} (ALCP-004)
Warning: No legal sites for reference NAND2X0_RVT in region {{-0.304 -0.03} {95.808 94.288}} (ALCP-004)
Warning: No legal sites for reference NAND2X1_RVT in region {{-0.304 -0.03} {95.808 94.288}} (ALCP-004)
Warning: No legal sites for reference NAND2X2_RVT in region {{-0.304 -0.03} {95.808 94.288}} (ALCP-004)
Warning: No legal sites for reference NAND2X4_RVT in region {{-0.304 -0.03} {95.808 94.288}} (ALCP-004)
Warning: No legal sites for reference NAND3X0_RVT in region {{-0.304 -0.03} {95.808 94.288}} (ALCP-004)
Warning: No legal sites for reference NAND3X1_RVT in region {{-0.304 -0.03} {95.808 94.288}} (ALCP-004)
Warning: No legal sites for reference NAND3X2_RVT in region {{-0.304 -0.03} {95.808 94.288}} (ALCP-004)
Warning: No legal sites for reference NAND3X4_RVT in region {{-0.304 -0.03} {95.808 94.288}} (ALCP-004)
Warning: No legal sites for reference NAND4X0_RVT in region {{-0.304 -0.03} {95.808 94.288}} (ALCP-004)
Warning: No legal sites for reference NAND4X1_RVT in region {{-0.304 -0.03} {95.808 94.288}} (ALCP-004)
Warning: No legal sites for reference NBUFFX16_RVT in region {{-0.304 -0.03} {95.808 94.288}} (ALCP-004)
Warning: No legal sites for reference NBUFFX2_RVT in region {{-0.304 -0.03} {95.808 94.288}} (ALCP-004)
Warning: No legal sites for reference IBUFFX2_RVT in region {{-0.304 -0.03} {95.808 94.288}} (ALCP-004)
Warning: No legal sites for reference INVX32_RVT in region {{-0.304 -0.03} {95.808 94.288}} (ALCP-004)
Warning: No legal sites for reference INVX2_RVT in region {{-0.304 -0.03} {95.808 94.288}} (ALCP-004)
Warning: No legal sites for reference INVX1_RVT in region {{-0.304 -0.03} {95.808 94.288}} (ALCP-004)
Warning: No legal sites for reference INVX16_RVT in region {{-0.304 -0.03} {95.808 94.288}} (ALCP-004)
Warning: No legal sites for reference INVX0_RVT in region {{-0.304 -0.03} {95.808 94.288}} (ALCP-004)
Warning: No legal sites for reference IBUFFX8_RVT in region {{-0.304 -0.03} {95.808 94.288}} (ALCP-004)
Warning: No legal sites for reference IBUFFX4_RVT in region {{-0.304 -0.03} {95.808 94.288}} (ALCP-004)
Warning: No legal sites for reference IBUFFX32_RVT in region {{-0.304 -0.03} {95.808 94.288}} (ALCP-004)
Warning: No legal sites for reference ISOLORX1_RVT in region {{-0.304 -0.03} {95.808 94.288}} (ALCP-004)
Warning: No legal sites for reference IBUFFX16_RVT in region {{-0.304 -0.03} {95.808 94.288}} (ALCP-004)
Warning: No legal sites for reference HADDX2_RVT in region {{-0.304 -0.03} {95.808 94.288}} (ALCP-004)
Warning: No legal sites for reference HADDX1_RVT in region {{-0.304 -0.03} {95.808 94.288}} (ALCP-004)
Warning: No legal sites for reference FADDX2_RVT in region {{-0.304 -0.03} {95.808 94.288}} (ALCP-004)
Warning: No legal sites for reference FADDX1_RVT in region {{-0.304 -0.03} {95.808 94.288}} (ALCP-004)
Warning: No legal sites for reference DFFX2_RVT in region {{-0.304 -0.03} {95.808 94.288}} (ALCP-004)
Warning: No legal sites for reference DFFX1_RVT in region {{-0.304 -0.03} {95.808 94.288}} (ALCP-004)
Warning: No legal sites for reference DFFSSRX2_RVT in region {{-0.304 -0.03} {95.808 94.288}} (ALCP-004)
Warning: No legal sites for reference ISOLANDAOX8_RVT in region {{-0.304 -0.03} {95.808 94.288}} (ALCP-004)
Warning: No legal sites for reference ISOLORX2_RVT in region {{-0.304 -0.03} {95.808 94.288}} (ALCP-004)
Warning: No legal sites for reference ISOLORAOX8_RVT in region {{-0.304 -0.03} {95.808 94.288}} (ALCP-004)
Warning: No legal sites for reference ISOLORAOX4_RVT in region {{-0.304 -0.03} {95.808 94.288}} (ALCP-004)
Warning: No legal sites for reference ISOLORAOX2_RVT in region {{-0.304 -0.03} {95.808 94.288}} (ALCP-004)
Warning: No legal sites for reference ISOLORAOX1_RVT in region {{-0.304 -0.03} {95.808 94.288}} (ALCP-004)
Warning: No legal sites for reference ISOLANDX8_RVT in region {{-0.304 -0.03} {95.808 94.288}} (ALCP-004)
Warning: No legal sites for reference ISOLANDX4_RVT in region {{-0.304 -0.03} {95.808 94.288}} (ALCP-004)
Warning: No legal sites for reference ISOLANDX2_RVT in region {{-0.304 -0.03} {95.808 94.288}} (ALCP-004)
Warning: No legal sites for reference ISOLANDX1_RVT in region {{-0.304 -0.03} {95.808 94.288}} (ALCP-004)
Warning: No legal sites for reference INVX4_RVT in region {{-0.304 -0.03} {95.808 94.288}} (ALCP-004)
Warning: No legal sites for reference ISOLANDAOX4_RVT in region {{-0.304 -0.03} {95.808 94.288}} (ALCP-004)
Warning: No legal sites for reference ISOLANDAOX2_RVT in region {{-0.304 -0.03} {95.808 94.288}} (ALCP-004)
Warning: No legal sites for reference ISOLANDAOX1_RVT in region {{-0.304 -0.03} {95.808 94.288}} (ALCP-004)
Warning: No legal sites for reference INVX8_RVT in region {{-0.304 -0.03} {95.808 94.288}} (ALCP-004)
Warning: No legal sites for reference AOINVX1_RVT in region {{-0.304 -0.03} {95.808 94.288}} (ALCP-004)
Warning: No legal sites for reference AOINVX2_RVT in region {{-0.304 -0.03} {95.808 94.288}} (ALCP-004)
Warning: No legal sites for reference AOINVX4_RVT in region {{-0.304 -0.03} {95.808 94.288}} (ALCP-004)
Warning: No legal sites for reference AOBUFX1_RVT in region {{-0.304 -0.03} {95.808 94.288}} (ALCP-004)
Warning: No legal sites for reference AOBUFX2_RVT in region {{-0.304 -0.03} {95.808 94.288}} (ALCP-004)
Warning: No legal sites for reference AOBUFX4_RVT in region {{-0.304 -0.03} {95.808 94.288}} (ALCP-004)
Warning: No legal sites for reference AODFFARX1_RVT in region {{-0.304 -0.03} {95.808 94.288}} (ALCP-004)
Warning: No legal sites for reference AODFFARX2_RVT in region {{-0.304 -0.03} {95.808 94.288}} (ALCP-004)
Warning: No legal sites for reference AODFFNARX1_RVT in region {{-0.304 -0.03} {95.808 94.288}} (ALCP-004)
Warning: No legal sites for reference AODFFNARX2_RVT in region {{-0.304 -0.03} {95.808 94.288}} (ALCP-004)
Analyzing 285 lib cell(s).

Starting analysis...
Analysis progress 2%...
Analysis progress 4%...
Analysis progress 6%...
Analysis progress 8%...
Analysis progress 10%...
Analysis progress 12%...
Analysis progress 14%...
Analysis progress 16%...
Analysis progress 18%...
Analysis progress 20%...
Analysis progress 21%...
Analysis progress 23%...
Analysis progress 25%...
Analysis progress 27%...
Analysis progress 30%...
Analysis progress 32%...
Analysis progress 34%...
Analysis progress 36%...
Analysis progress 38%...
Analysis progress 40%...
Analysis progress 42%...
Analysis progress 44%...
Analysis progress 46%...
Analysis progress 48%...
Analysis progress 50%...
Analysis progress 52%...
Analysis progress 54%...
Analysis progress 56%...
Analysis progress 58%...
Analysis progress 60%...
Analysis progress 62%...
Analysis progress 64%...
Analysis progress 66%...
Analysis progress 68%...
Analysis progress 70%...
Analysis progress 72%...
Analysis progress 74%...
Analysis progress 76%...
Analysis progress 78%...
Analysis progress 80%...
Analysis progress 82%...
Analysis progress 84%...
Analysis progress 86%...
Analysis progress 88%...
Analysis progress 90%...
Analysis progress 92%...
Analysis progress 94%...
Analysis progress 96%...
Analysis progress 98%...
Analysis progress 100%

  Lib Cell                                 Pass Rate
  -------------------------------------    ---------
  saed32rvt_tt:AODFFARX1_RVT.frame         0.4790
  saed32rvt_tt:AODFFARX2_RVT.frame         0.4790
  saed32rvt_tt:AODFFNARX1_RVT.frame        0.4790
  saed32rvt_tt:AODFFNARX2_RVT.frame        0.4790
  saed32rvt_tt:AOINVX4_RVT.frame           0.4790
  saed32rvt_tt:AOBUFX4_RVT.frame           0.4800
  saed32rvt_tt:AOINVX2_RVT.frame           0.4800
  saed32rvt_tt:AOBUFX1_RVT.frame           0.4820
  saed32rvt_tt:AOBUFX2_RVT.frame           0.4820
  saed32rvt_tt:AOINVX1_RVT.frame           0.4820
  saed32rvt_tt:RSDFFARX2_RVT.frame         0.8750
  saed32rvt_tt:RSDFFNARX2_RVT.frame        0.8750
  saed32rvt_tt:RSDFFARX1_RVT.frame         0.8830
  saed32rvt_tt:RSDFFNARX1_RVT.frame        0.8830
  saed32rvt_tt:RSDFFNSRASRX2_RVT.frame     0.8870
  saed32rvt_tt:RSDFFNSRASX2_RVT.frame      0.8870
  saed32rvt_tt:RSDFFSRASRX2_RVT.frame      0.8870
  saed32rvt_tt:RSDFFSRASX2_RVT.frame       0.8870
  saed32rvt_tt:RSDFFNSRASRNX1_RVT.frame    0.8910
  saed32rvt_tt:RSDFFNSRASRNX2_RVT.frame    0.8910
  saed32rvt_tt:RSDFFNX2_RVT.frame          0.8910
  saed32rvt_tt:RSDFFX2_RVT.frame           0.8910
  saed32rvt_tt:TNBUFFX32_RVT.frame         0.8910
  saed32rvt_tt:RSDFFNSRARX2_RVT.frame      0.8920
  saed32rvt_tt:RSDFFNSRASRQX2_RVT.frame    0.8920
  saed32rvt_tt:RSDFFNSRASRX1_RVT.frame     0.8920
  saed32rvt_tt:RSDFFNSRASX1_RVT.frame      0.8920
  saed32rvt_tt:RSDFFSRARX2_RVT.frame       0.8920
  saed32rvt_tt:RSDFFSRASRX1_RVT.frame      0.8920
  saed32rvt_tt:RSDFFSRASX1_RVT.frame       0.8920
  saed32rvt_tt:RSDFFNSRARX1_RVT.frame      0.8950
  saed32rvt_tt:RSDFFNSRASRQX1_RVT.frame    0.8950
  saed32rvt_tt:RSDFFNSRX2_RVT.frame        0.8950
  saed32rvt_tt:RSDFFNX1_RVT.frame          0.8950
  saed32rvt_tt:RSDFFSRARX1_RVT.frame       0.8950
  saed32rvt_tt:RSDFFSRSSRX2_RVT.frame      0.8950
  saed32rvt_tt:RSDFFSRX2_RVT.frame         0.8950
  saed32rvt_tt:RSDFFX1_RVT.frame           0.8950
  saed32rvt_tt:RSDFFSRSSRX1_RVT.frame      0.8980
  saed32rvt_tt:RSDFFNSRX1_RVT.frame        0.9000
  saed32rvt_tt:RSDFFSRX1_RVT.frame         0.9000
  saed32rvt_tt:RDFFARX2_RVT.frame          0.9010
  saed32rvt_tt:RDFFNARX2_RVT.frame         0.9010
  saed32rvt_tt:RDFFSRSSRX2_RVT.frame       0.9010
  saed32rvt_tt:RDFFSRSSRX1_RVT.frame       0.9040
  saed32rvt_tt:RDFFARX1_RVT.frame          0.9060
  saed32rvt_tt:RDFFNARX1_RVT.frame         0.9060
  saed32rvt_tt:RDFFNSRASRX2_RVT.frame      0.9060
  saed32rvt_tt:RDFFNSRASX2_RVT.frame       0.9060
  saed32rvt_tt:RDFFSRASRX2_RVT.frame       0.9060
  saed32rvt_tt:RDFFSRASX2_RVT.frame        0.9060
  saed32rvt_tt:RDFFNSRARX2_RVT.frame       0.9100
  saed32rvt_tt:RDFFNSRASRNX2_RVT.frame     0.9100
  saed32rvt_tt:RDFFNSRASRQX2_RVT.frame     0.9100
  saed32rvt_tt:RDFFNSRASRX1_RVT.frame      0.9100
  saed32rvt_tt:RDFFNSRASX1_RVT.frame       0.9100
  saed32rvt_tt:RDFFNX2_RVT.frame           0.9100
  saed32rvt_tt:RDFFSRARX2_RVT.frame        0.9100
  saed32rvt_tt:RDFFSRASRX1_RVT.frame       0.9100
  saed32rvt_tt:RDFFSRASX1_RVT.frame        0.9100
  saed32rvt_tt:RDFFX2_RVT.frame            0.9100
  saed32rvt_tt:RDFFNSRASRNX1_RVT.frame     0.9110
  saed32rvt_tt:RDFFNSRASRQX1_RVT.frame     0.9110
  saed32rvt_tt:RDFFNX1_RVT.frame           0.9110
  saed32rvt_tt:RDFFX1_RVT.frame            0.9110
  saed32rvt_tt:RDFFNSRARX1_RVT.frame       0.9120
  saed32rvt_tt:RDFFNSRX2_RVT.frame         0.9120
  saed32rvt_tt:RDFFSRARX1_RVT.frame        0.9120
  saed32rvt_tt:RDFFSRX2_RVT.frame          0.9120
  saed32rvt_tt:RDFFNSRX1_RVT.frame         0.9140
  saed32rvt_tt:RDFFSRX1_RVT.frame          0.9140
  saed32rvt_tt:CGLNPSX16_RVT.frame         0.9220
  saed32rvt_tt:IBUFFX32_RVT.frame          0.9230
  saed32rvt_tt:NBUFFX32_RVT.frame          0.9240
  saed32rvt_tt:CGLPPSX16_RVT.frame         0.9270
  saed32rvt_tt:SDFFASRSX2_RVT.frame        0.9270
  saed32rvt_tt:SDFFASRSX1_RVT.frame        0.9290
  saed32rvt_tt:SDFFASRX1_RVT.frame         0.9290
  saed32rvt_tt:SDFFASRX2_RVT.frame         0.9290
  saed32rvt_tt:SDFFNASRX2_RVT.frame        0.9290
  saed32rvt_tt:ISOLORAOX8_RVT.frame        0.9320
  saed32rvt_tt:DELLN3X2_RVT.frame          0.9350
  saed32rvt_tt:SDFFARX2_RVT.frame          0.9350
  saed32rvt_tt:SDFFASX2_RVT.frame          0.9350
  saed32rvt_tt:SDFFNARX2_RVT.frame         0.9350
  saed32rvt_tt:SDFFNASRX1_RVT.frame        0.9350
  saed32rvt_tt:SDFFNASX2_RVT.frame         0.9350
  saed32rvt_tt:SDFFSSRX2_RVT.frame         0.9370
  saed32rvt_tt:INVX32_RVT.frame            0.9390
  saed32rvt_tt:SDFFARX1_RVT.frame          0.9390
  saed32rvt_tt:SDFFASX1_RVT.frame          0.9390
  saed32rvt_tt:SDFFNARX1_RVT.frame         0.9390
  saed32rvt_tt:SDFFNASX1_RVT.frame         0.9390
  saed32rvt_tt:SDFFNX2_RVT.frame           0.9390
  saed32rvt_tt:SDFFX2_RVT.frame            0.9390
  saed32rvt_tt:ISOLANDAOX8_RVT.frame       0.9410
  saed32rvt_tt:SDFFNX1_RVT.frame           0.9410
  saed32rvt_tt:SDFFSSRX1_RVT.frame         0.9410
  saed32rvt_tt:SDFFX1_RVT.frame            0.9410
  saed32rvt_tt:TNBUFFX16_RVT.frame         0.9410

Information: The "pass_rate" attribute has been created on 285 lib cells processed by analyze_lib_cell_placement. The attribute is not persistent (ALCP-007)
1
Information: Saving 'check_lib_rvt.nlib:temp.design' to 'check_lib_rvt.nlib:analyze_lib_cell_placement_test.design'. (DES-028)
Closing block 'check_lib_rvt.nlib:temp.design'
Closing library 'check_lib_rvt.nlib'
1
