****************************************
Report : annotated_parasitics
	-check
	-internal_nets
	-boundary_nets
	-driverless_nets
	-loadless_nets
	-pin_to_pin_nets
Design : cv32e40p_synth_wrap
Version: W-2024.09-SP5-3
Date   : Sun May 10 09:24:23 2026
****************************************

                    |         |         |         |   RC    |   Not   |
Net Type            |  Total  | Lumped  |  RC pi  | network |Annotated|
--------------------+---------+---------+---------+---------+---------+
Internal nets       |         |         |         |         |         |
  - Pin to pin nets |   17831 |       0 |       0 |   17831 |       0 |
  - Driverless nets |    1798 |       0 |       0 |       0 |    1798 |
  - Loadless nets   |       0 |       0 |       0 |       0 |       0 |
--------------------+---------+---------+---------+---------+---------+
Boundary/port nets  |         |         |         |         |         |
  - Pin to pin nets |     352 |       0 |       0 |     352 |       0 |
  - Driverless nets |       0 |       0 |       0 |       0 |       0 |
  - Loadless nets   |      28 |       0 |       0 |       0 |      28 |
--------------------+---------+---------+---------+---------+---------+
                    |   20009 |       0 |       0 |   18183 |    1826 |

1
