****************************************
Report : Report drc errors
Design : cv32e40p_synth_wrap
Data   : zroute.err
Type   : error_layer
Version: W-2024.09-SP2
Date   : Sat May  9 12:06:28 2026
****************************************

ErrorSet                                    Total   Visible     Fixed   Ignored
--------------------------------------------------------------------------------
Design : cv32e40p_synth_wrap                110     110         0       0
      Data : zroute.err                     110     110         0       0
            M1 (11)                         5       5           0       0
                Diff net spacing            3       3           0       0
                Off-grid                    1       1           0       0
                Short                       1       1           0       0
            M2 (13)                         53      53          0       0
                Diff net spacing            2       2           0       0
                Off-grid                    51      51          0       0
            VIA1 (12)                       52      52          0       0
                Off-grid                    52      52          0       0
1
