****************************************
Report : Report drc errors
Design : cv32e40p_synth_wrap
Data   : zroute.err
Type   : detailed
Version: W-2024.09-SP2
Date   : Sat May  9 12:06:28 2026
****************************************

Error ID          : 0
Error Type        : Off-grid
Error Layer       : M2 (13)
Number of errors  : 104
Description       :  -- 
Status            : error
Bbox              : {36.5360 20.7810} {36.5960 21.0430}

Error ID          : 1
Error Type        : Off-grid
Error Layer       : VIA1 (12)
Number of errors  : 104
Description       :  -- 
Status            : error
Bbox              : {36.5410 20.8110} {36.5910 21.0130}

Error ID          : 2
Error Type        : Off-grid
Error Layer       : VIA1 (12)
Number of errors  : 104
Description       :  -- 
Status            : error
Bbox              : {20.7080 22.1790} {20.7580 22.3810}

Error ID          : 3
Error Type        : Off-grid
Error Layer       : M2 (13)
Number of errors  : 104
Description       :  -- 
Status            : error
Bbox              : {20.6780 22.1740} {20.7880 22.3860}

Error ID          : 4
Error Type        : Off-grid
Error Layer       : VIA1 (12)
Number of errors  : 104
Description       :  -- 
Status            : error
Bbox              : {37.1490 45.5870} {37.1990 45.7890}

Error ID          : 5
Error Type        : Off-grid
Error Layer       : M2 (13)
Number of errors  : 104
Description       :  -- 
Status            : error
Bbox              : {37.1440 45.5570} {37.2040 45.8190}

Error ID          : 6
Error Type        : Off-grid
Error Layer       : VIA1 (12)
Number of errors  : 104
Description       :  -- 
Status            : error
Bbox              : {135.3410 37.6830} {135.3910 37.8850}

Error ID          : 7
Error Type        : Off-grid
Error Layer       : M2 (13)
Number of errors  : 104
Description       :  -- 
Status            : error
Bbox              : {135.3360 37.6530} {135.3960 37.9150}

Error ID          : 8
Error Type        : Off-grid
Error Layer       : VIA1 (12)
Number of errors  : 104
Description       :  -- 
Status            : error
Bbox              : {136.5320 38.8990} {136.5820 39.1010}

Error ID          : 9
Error Type        : Off-grid
Error Layer       : M2 (13)
Number of errors  : 104
Description       :  -- 
Status            : error
Bbox              : {136.5020 38.8940} {136.6120 39.1060}

Error ID          : 10
Error Type        : Off-grid
Error Layer       : VIA1 (12)
Number of errors  : 104
Description       :  -- 
Status            : error
Bbox              : {197.4840 42.3950} {197.5340 42.5970}

Error ID          : 11
Error Type        : Off-grid
Error Layer       : M2 (13)
Number of errors  : 104
Description       :  -- 
Status            : error
Bbox              : {197.4540 42.3900} {197.5640 42.6020}

Error ID          : 12
Error Type        : Off-grid
Error Layer       : VIA1 (12)
Number of errors  : 104
Description       :  -- 
Status            : error
Bbox              : {39.4040 47.7150} {39.4540 47.9170}

Error ID          : 13
Error Type        : Off-grid
Error Layer       : M2 (13)
Number of errors  : 104
Description       :  -- 
Status            : error
Bbox              : {39.3740 47.7100} {39.4840 47.9220}

Error ID          : 14
Error Type        : Off-grid
Error Layer       : VIA1 (12)
Number of errors  : 104
Description       :  -- 
Status            : error
Bbox              : {56.8840 68.9950} {56.9340 69.1970}

Error ID          : 15
Error Type        : Off-grid
Error Layer       : M2 (13)
Number of errors  : 104
Description       :  -- 
Status            : error
Bbox              : {56.8540 68.9900} {56.9640 69.2020}

Error ID          : 16
Error Type        : Off-grid
Error Layer       : VIA1 (12)
Number of errors  : 104
Description       :  -- 
Status            : error
Bbox              : {47.9160 62.3070} {47.9660 62.5090}

Error ID          : 17
Error Type        : Off-grid
Error Layer       : M2 (13)
Number of errors  : 104
Description       :  -- 
Status            : error
Bbox              : {47.8860 62.3020} {47.9960 62.5140}

Error ID          : 18
Error Type        : Off-grid
Error Layer       : VIA1 (12)
Number of errors  : 104
Description       :  -- 
Status            : error
Bbox              : {59.3410 68.9950} {59.3910 69.1970}

Error ID          : 19
Error Type        : Off-grid
Error Layer       : M2 (13)
Number of errors  : 104
Description       :  -- 
Status            : error
Bbox              : {59.3360 68.9650} {59.3960 69.2270}

Error ID          : 20
Error Type        : Off-grid
Error Layer       : VIA1 (12)
Number of errors  : 104
Description       :  -- 
Status            : error
Bbox              : {40.5220 71.1230} {40.5720 71.3250}

Error ID          : 21
Error Type        : Off-grid
Error Layer       : M2 (13)
Number of errors  : 104
Description       :  -- 
Status            : error
Bbox              : {40.4920 71.1180} {40.6020 71.3300}

Error ID          : 22
Error Type        : Off-grid
Error Layer       : VIA1 (12)
Number of errors  : 104
Description       :  -- 
Status            : error
Bbox              : {42.7480 72.3390} {42.7980 72.5410}

Error ID          : 23
Error Type        : Off-grid
Error Layer       : M2 (13)
Number of errors  : 104
Description       :  -- 
Status            : error
Bbox              : {42.7180 72.3340} {42.8280 72.5460}

Error ID          : 24
Error Type        : Off-grid
Error Layer       : VIA1 (12)
Number of errors  : 104
Description       :  -- 
Status            : error
Bbox              : {43.5330 74.4670} {43.5830 74.6690}

Error ID          : 25
Error Type        : Off-grid
Error Layer       : M2 (13)
Number of errors  : 104
Description       :  -- 
Status            : error
Bbox              : {43.5280 74.4370} {43.5880 74.6990}

Error ID          : 26
Error Type        : Off-grid
Error Layer       : VIA1 (12)
Number of errors  : 104
Description       :  -- 
Status            : error
Bbox              : {296.8920 82.3710} {296.9420 82.5730}

Error ID          : 27
Error Type        : Off-grid
Error Layer       : M2 (13)
Number of errors  : 104
Description       :  -- 
Status            : error
Bbox              : {296.8620 82.3660} {296.9720 82.5780}

Error ID          : 28
Error Type        : Off-grid
Error Layer       : M1 (11)
Number of errors  : 104
Description       :  -- 
Status            : error
Bbox              : {260.5610 95.3620} {260.6710 95.4220}

Error ID          : 30
Error Type        : Off-grid
Error Layer       : VIA1 (12)
Number of errors  : 104
Description       :  -- 
Status            : error
Bbox              : {214.2290 111.2510} {214.2790 111.4530}

Error ID          : 31
Error Type        : Off-grid
Error Layer       : M2 (13)
Number of errors  : 104
Description       :  -- 
Status            : error
Bbox              : {214.2240 111.2210} {214.2840 111.4830}

Error ID          : 32
Error Type        : Off-grid
Error Layer       : VIA1 (12)
Number of errors  : 104
Description       :  -- 
Status            : error
Bbox              : {293.2440 115.9630} {293.2940 116.1650}

Error ID          : 33
Error Type        : Off-grid
Error Layer       : M2 (13)
Number of errors  : 104
Description       :  -- 
Status            : error
Bbox              : {293.2140 115.9580} {293.3240 116.1700}

Error ID          : 34
Error Type        : Off-grid
Error Layer       : VIA1 (12)
Number of errors  : 104
Description       :  -- 
Status            : error
Bbox              : {221.9810 146.0590} {222.0310 146.2610}

Error ID          : 35
Error Type        : Off-grid
Error Layer       : M2 (13)
Number of errors  : 104
Description       :  -- 
Status            : error
Bbox              : {221.9760 146.0290} {222.0360 146.2910}

Error ID          : 36
Error Type        : Off-grid
Error Layer       : VIA1 (12)
Number of errors  : 104
Description       :  -- 
Status            : error
Bbox              : {167.3880 164.7550} {167.4380 164.9570}

Error ID          : 37
Error Type        : Off-grid
Error Layer       : M2 (13)
Number of errors  : 104
Description       :  -- 
Status            : error
Bbox              : {167.3580 164.7500} {167.4680 164.9620}

Error ID          : 38
Error Type        : Off-grid
Error Layer       : VIA1 (12)
Number of errors  : 104
Description       :  -- 
Status            : error
Bbox              : {191.2770 155.9390} {191.3270 156.1410}

Error ID          : 39
Error Type        : Off-grid
Error Layer       : VIA1 (12)
Number of errors  : 104
Description       :  -- 
Status            : error
Bbox              : {168.1480 169.3150} {168.1980 169.5170}

Error ID          : 40
Error Type        : Off-grid
Error Layer       : M2 (13)
Number of errors  : 104
Description       :  -- 
Status            : error
Bbox              : {168.1180 169.3100} {168.2280 169.5220}

Error ID          : 41
Error Type        : Off-grid
Error Layer       : VIA1 (12)
Number of errors  : 104
Description       :  -- 
Status            : error
Bbox              : {208.4280 174.7870} {208.4780 174.9890}

Error ID          : 42
Error Type        : Off-grid
Error Layer       : M2 (13)
Number of errors  : 104
Description       :  -- 
Status            : error
Bbox              : {208.3980 174.7820} {208.5080 174.9940}

Error ID          : 43
Error Type        : Off-grid
Error Layer       : M2 (13)
Number of errors  : 104
Description       :  -- 
Status            : error
Bbox              : {206.4220 174.7820} {206.5320 174.9940}

Error ID          : 44
Error Type        : Off-grid
Error Layer       : VIA1 (12)
Number of errors  : 104
Description       :  -- 
Status            : error
Bbox              : {206.4520 174.7870} {206.5020 174.9890}

Error ID          : 45
Error Type        : Off-grid
Error Layer       : VIA1 (12)
Number of errors  : 104
Description       :  -- 
Status            : error
Bbox              : {230.6200 191.5070} {230.6700 191.7090}

Error ID          : 46
Error Type        : Off-grid
Error Layer       : M2 (13)
Number of errors  : 104
Description       :  -- 
Status            : error
Bbox              : {230.5900 191.5020} {230.7000 191.7140}

Error ID          : 47
Error Type        : Off-grid
Error Layer       : VIA1 (12)
Number of errors  : 104
Description       :  -- 
Status            : error
Bbox              : {220.7940 192.7230} {220.8440 192.9250}

Error ID          : 48
Error Type        : Off-grid
Error Layer       : M2 (13)
Number of errors  : 104
Description       :  -- 
Status            : error
Bbox              : {220.7640 192.7180} {220.8740 192.9300}

Error ID          : 49
Error Type        : Off-grid
Error Layer       : VIA1 (12)
Number of errors  : 104
Description       :  -- 
Status            : error
Bbox              : {227.2760 198.1950} {227.3260 198.3970}

Error ID          : 50
Error Type        : Off-grid
Error Layer       : M2 (13)
Number of errors  : 104
Description       :  -- 
Status            : error
Bbox              : {227.2460 198.1900} {227.3560 198.4020}

Error ID          : 51
Error Type        : Off-grid
Error Layer       : VIA1 (12)
Number of errors  : 104
Description       :  -- 
Status            : error
Bbox              : {224.1090 194.8510} {224.1590 195.0530}

Error ID          : 52
Error Type        : Off-grid
Error Layer       : M2 (13)
Number of errors  : 104
Description       :  -- 
Status            : error
Bbox              : {224.1040 194.8210} {224.1640 195.0830}

Error ID          : 53
Error Type        : Off-grid
Error Layer       : M2 (13)
Number of errors  : 104
Description       :  -- 
Status            : error
Bbox              : {192.4380 206.0940} {192.5480 206.3060}

Error ID          : 54
Error Type        : Off-grid
Error Layer       : VIA1 (12)
Number of errors  : 104
Description       :  -- 
Status            : error
Bbox              : {192.4680 206.0990} {192.5180 206.3010}

Error ID          : 55
Error Type        : Off-grid
Error Layer       : M2 (13)
Number of errors  : 104
Description       :  -- 
Status            : error
Bbox              : {199.3320 204.8780} {199.4420 205.0900}

Error ID          : 56
Error Type        : Off-grid
Error Layer       : VIA1 (12)
Number of errors  : 104
Description       :  -- 
Status            : error
Bbox              : {199.3620 204.8830} {199.4120 205.0850}

Error ID          : 57
Error Type        : Off-grid
Error Layer       : M2 (13)
Number of errors  : 104
Description       :  -- 
Status            : error
Bbox              : {195.6800 208.1970} {195.7400 208.4590}

Error ID          : 58
Error Type        : Off-grid
Error Layer       : VIA1 (12)
Number of errors  : 104
Description       :  -- 
Status            : error
Bbox              : {195.6850 208.2270} {195.7350 208.4290}

Error ID          : 59
Error Type        : Off-grid
Error Layer       : M2 (13)
Number of errors  : 104
Description       :  -- 
Status            : error
Bbox              : {197.8080 209.4130} {197.8680 209.6750}

Error ID          : 60
Error Type        : Off-grid
Error Layer       : VIA1 (12)
Number of errors  : 104
Description       :  -- 
Status            : error
Bbox              : {197.8130 209.4430} {197.8630 209.6450}

Error ID          : 61
Error Type        : Off-grid
Error Layer       : M2 (13)
Number of errors  : 104
Description       :  -- 
Status            : error
Bbox              : {199.4300 211.5660} {199.5400 211.7780}

Error ID          : 62
Error Type        : Off-grid
Error Layer       : VIA1 (12)
Number of errors  : 104
Description       :  -- 
Status            : error
Bbox              : {199.4600 211.5710} {199.5100 211.7730}

Error ID          : 63
Error Type        : Off-grid
Error Layer       : M2 (13)
Number of errors  : 104
Description       :  -- 
Status            : error
Bbox              : {201.9120 208.1970} {201.9720 208.4590}

Error ID          : 64
Error Type        : Off-grid
Error Layer       : VIA1 (12)
Number of errors  : 104
Description       :  -- 
Status            : error
Bbox              : {201.9170 208.2270} {201.9670 208.4290}

Error ID          : 65
Error Type        : Off-grid
Error Layer       : VIA1 (12)
Number of errors  : 104
Description       :  -- 
Status            : error
Bbox              : {204.6280 211.5710} {204.6780 211.7730}

Error ID          : 66
Error Type        : Off-grid
Error Layer       : M2 (13)
Number of errors  : 104
Description       :  -- 
Status            : error
Bbox              : {204.5980 211.5660} {204.7080 211.7780}

Error ID          : 67
Error Type        : Off-grid
Error Layer       : VIA1 (12)
Number of errors  : 104
Description       :  -- 
Status            : error
Bbox              : {228.6440 214.9150} {228.6940 215.1170}

Error ID          : 68
Error Type        : Off-grid
Error Layer       : M2 (13)
Number of errors  : 104
Description       :  -- 
Status            : error
Bbox              : {228.6140 214.9100} {228.7240 215.1220}

Error ID          : 69
Error Type        : Off-grid
Error Layer       : M2 (13)
Number of errors  : 104
Description       :  -- 
Status            : error
Bbox              : {172.7280 224.9170} {172.7880 225.1790}

Error ID          : 70
Error Type        : Off-grid
Error Layer       : VIA1 (12)
Number of errors  : 104
Description       :  -- 
Status            : error
Bbox              : {172.7330 224.9470} {172.7830 225.1490}

Error ID          : 71
Error Type        : Off-grid
Error Layer       : VIA1 (12)
Number of errors  : 104
Description       :  -- 
Status            : error
Bbox              : {169.0850 224.9470} {169.1350 225.1490}

Error ID          : 72
Error Type        : Off-grid
Error Layer       : M2 (13)
Number of errors  : 104
Description       :  -- 
Status            : error
Bbox              : {169.0800 224.9170} {169.1400 225.1790}

Error ID          : 73
Error Type        : Off-grid
Error Layer       : VIA1 (12)
Number of errors  : 104
Description       :  -- 
Status            : error
Bbox              : {174.7090 224.9470} {174.7590 225.1490}

Error ID          : 74
Error Type        : Off-grid
Error Layer       : M2 (13)
Number of errors  : 104
Description       :  -- 
Status            : error
Bbox              : {174.7040 224.9170} {174.7640 225.1790}

Error ID          : 75
Error Type        : Off-grid
Error Layer       : M2 (13)
Number of errors  : 104
Description       :  -- 
Status            : error
Bbox              : {195.6800 221.5730} {195.7400 221.8350}

Error ID          : 76
Error Type        : Off-grid
Error Layer       : VIA1 (12)
Number of errors  : 104
Description       :  -- 
Status            : error
Bbox              : {195.6850 221.6030} {195.7350 221.8050}

Error ID          : 77
Error Type        : Off-grid
Error Layer       : M2 (13)
Number of errors  : 104
Description       :  -- 
Status            : error
Bbox              : {211.3360 222.7890} {211.3960 223.0510}

Error ID          : 78
Error Type        : Off-grid
Error Layer       : VIA1 (12)
Number of errors  : 104
Description       :  -- 
Status            : error
Bbox              : {211.3410 222.8190} {211.3910 223.0210}

Error ID          : 79
Error Type        : Off-grid
Error Layer       : M2 (13)
Number of errors  : 104
Description       :  -- 
Status            : error
Bbox              : {225.2700 226.1580} {225.3800 226.3700}

Error ID          : 80
Error Type        : Off-grid
Error Layer       : VIA1 (12)
Number of errors  : 104
Description       :  -- 
Status            : error
Bbox              : {225.3000 226.1630} {225.3500 226.3650}

Error ID          : 81
Error Type        : Off-grid
Error Layer       : M2 (13)
Number of errors  : 104
Description       :  -- 
Status            : error
Bbox              : {216.9100 218.2540} {217.0200 218.4660}

Error ID          : 82
Error Type        : Off-grid
Error Layer       : VIA1 (12)
Number of errors  : 104
Description       :  -- 
Status            : error
Bbox              : {216.9400 218.2590} {216.9900 218.4610}

Error ID          : 83
Error Type        : Off-grid
Error Layer       : M2 (13)
Number of errors  : 104
Description       :  -- 
Status            : error
Bbox              : {234.5420 222.8140} {234.6520 223.0260}

Error ID          : 84
Error Type        : Off-grid
Error Layer       : VIA1 (12)
Number of errors  : 104
Description       :  -- 
Status            : error
Bbox              : {234.5720 222.8190} {234.6220 223.0210}

Error ID          : 87
Error Type        : Off-grid
Error Layer       : M2 (13)
Number of errors  : 104
Description       :  -- 
Status            : error
Bbox              : {268.1840 226.1330} {268.2440 226.3950}

Error ID          : 88
Error Type        : Off-grid
Error Layer       : VIA1 (12)
Number of errors  : 104
Description       :  -- 
Status            : error
Bbox              : {268.1890 226.1630} {268.2390 226.3650}

Error ID          : 91
Error Type        : Off-grid
Error Layer       : VIA1 (12)
Number of errors  : 104
Description       :  -- 
Status            : error
Bbox              : {298.4370 245.0110} {298.4870 245.2130}

Error ID          : 92
Error Type        : Off-grid
Error Layer       : M2 (13)
Number of errors  : 104
Description       :  -- 
Status            : error
Bbox              : {298.4320 244.9810} {298.4920 245.2430}

Error ID          : 93
Error Type        : Off-grid
Error Layer       : VIA1 (12)
Number of errors  : 104
Description       :  -- 
Status            : error
Bbox              : {186.7170 256.2590} {186.7670 256.4610}

Error ID          : 94
Error Type        : Off-grid
Error Layer       : M2 (13)
Number of errors  : 104
Description       :  -- 
Status            : error
Bbox              : {186.7120 256.2290} {186.7720 256.4910}

Error ID          : 95
Error Type        : Off-grid
Error Layer       : M2 (13)
Number of errors  : 104
Description       :  -- 
Status            : error
Bbox              : {211.0320 252.8850} {211.0920 253.1470}

Error ID          : 96
Error Type        : Off-grid
Error Layer       : VIA1 (12)
Number of errors  : 104
Description       :  -- 
Status            : error
Bbox              : {211.0370 252.9150} {211.0870 253.1170}

Error ID          : 97
Error Type        : Off-grid
Error Layer       : VIA1 (12)
Number of errors  : 104
Description       :  -- 
Status            : error
Bbox              : {246.2760 261.5790} {246.3260 261.7810}

Error ID          : 98
Error Type        : Off-grid
Error Layer       : M2 (13)
Number of errors  : 104
Description       :  -- 
Status            : error
Bbox              : {246.2460 261.5740} {246.3560 261.7860}

Error ID          : 99
Error Type        : Off-grid
Error Layer       : VIA1 (12)
Number of errors  : 104
Description       :  -- 
Status            : error
Bbox              : {49.2840 269.6350} {49.3340 269.8370}

Error ID          : 100
Error Type        : Off-grid
Error Layer       : M2 (13)
Number of errors  : 104
Description       :  -- 
Status            : error
Bbox              : {49.2540 269.6300} {49.3640 269.8420}

Error ID          : 101
Error Type        : Off-grid
Error Layer       : VIA1 (12)
Number of errors  : 104
Description       :  -- 
Status            : error
Bbox              : {242.7800 274.9550} {242.8300 275.1570}

Error ID          : 102
Error Type        : Off-grid
Error Layer       : M2 (13)
Number of errors  : 104
Description       :  -- 
Status            : error
Bbox              : {242.7500 274.9500} {242.8600 275.1620}

Error ID          : 103
Error Type        : Off-grid
Error Layer       : VIA1 (12)
Number of errors  : 104
Description       :  -- 
Status            : error
Bbox              : {241.1080 268.2670} {241.1580 268.4690}

Error ID          : 104
Error Type        : Off-grid
Error Layer       : M2 (13)
Number of errors  : 104
Description       :  -- 
Status            : error
Bbox              : {241.0780 268.2620} {241.1880 268.4740}

Error ID          : 105
Error Type        : Off-grid
Error Layer       : VIA1 (12)
Number of errors  : 104
Description       :  -- 
Status            : error
Bbox              : {297.0440 266.2910} {297.0940 266.4930}

Error ID          : 106
Error Type        : Off-grid
Error Layer       : M2 (13)
Number of errors  : 104
Description       :  -- 
Status            : error
Bbox              : {297.0140 266.2860} {297.1240 266.4980}

Error ID          : 107
Error Type        : Off-grid
Error Layer       : VIA1 (12)
Number of errors  : 104
Description       :  -- 
Status            : error
Bbox              : {237.7640 281.6430} {237.8140 281.8450}

Error ID          : 108
Error Type        : Off-grid
Error Layer       : M2 (13)
Number of errors  : 104
Description       :  -- 
Status            : error
Bbox              : {237.7340 281.6380} {237.8440 281.8500}

Error ID          : 29
Error Type        : Diff net spacing
Error Layer       : M1 (11)
Number of errors  : 5
Description       :  -- 
Status            : error
Bbox              : {260.5110 95.4200} {260.7210 95.4720}

Error ID          : 85
Error Type        : Diff net spacing
Error Layer       : M1 (11)
Number of errors  : 5
Description       :  -- 
Status            : error
Bbox              : {259.4470 225.7280} {259.5210 225.8880}

Error ID          : 86
Error Type        : Diff net spacing
Error Layer       : M2 (13)
Number of errors  : 5
Description       :  -- 
Status            : error
Bbox              : {259.4940 225.6970} {259.6380 225.7670}

Error ID          : 89
Error Type        : Diff net spacing
Error Layer       : M1 (11)
Number of errors  : 5
Description       :  -- 
Status            : error
Bbox              : {259.4470 232.1120} {259.5210 232.2720}

Error ID          : 90
Error Type        : Diff net spacing
Error Layer       : M2 (13)
Number of errors  : 5
Description       :  -- 
Status            : error
Bbox              : {259.4940 232.2330} {259.6380 232.3030}

Error ID          : 109
Error Type        : Short
Error Layer       : M1 (11)
Number of errors  : 1
Description       :  -- 
Status            : error
Bbox              : {300.6690 302.4880} {300.8190 302.6480}

1
