****************************************
Report : timing
	-path_type full
	-delay_type min
	-slack_lesser_than 100.00
	-max_paths 20
	-sort_by slack
Design : cv32e40p_synth_wrap
Version: W-2024.09-SP5-3
Date   : Sun May 10 11:59:31 2026
****************************************


  Startpoint: u_core/core_i/cs_registers_i/mhpmcounter_q_reg[2][0]
               (rising edge-triggered flip-flop clocked by clk_i)
  Endpoint: u_core/core_i/cs_registers_i/mhpmcounter_q_reg[2][0]
               (rising edge-triggered flip-flop clocked by clk_i)
  Last common pin: u_core/core_i/cs_registers_i/clk_gate_mhpmcounter_q_reg[2]_0/latch/GCLK
  Path Group: clk_i
  Path Type: min

  Point                                                   Incr       Path
  ------------------------------------------------------------------------------
  clock clk_i (rise edge)                                 0.00       0.00
  clock network delay (propagated)                        0.44       0.44
  u_core/core_i/cs_registers_i/mhpmcounter_q_reg[2][0]/CLK (SDFFARX1_RVT)
                                                          0.00       0.44 r
  u_core/core_i/cs_registers_i/mhpmcounter_q_reg[2][0]/QN (SDFFARX1_RVT)
                                                          0.14 &     0.58 f
  u_core/core_i/cs_registers_i/U1860/Y (AO22X1_HVT)       0.08 &     0.66 f
  u_core/core_i/cs_registers_i/mhpmcounter_q_reg[2][0]/D (SDFFARX1_RVT)
                                                          0.00 &     0.66 f
  data arrival time                                                  0.66

  clock clk_i (rise edge)                                 0.00       0.00
  clock network delay (propagated)                        0.47       0.47
  u_core/core_i/cs_registers_i/mhpmcounter_q_reg[2][0]/CLK (SDFFARX1_RVT)
                                                                     0.47 r
  clock reconvergence pessimism                          -0.02       0.44
  clock uncertainty                                       0.10       0.54
  library hold time                                      -0.05       0.49
  data required time                                                 0.49
  ------------------------------------------------------------------------------
  data required time                                                 0.49
  data arrival time                                                 -0.66
  ------------------------------------------------------------------------------
  slack (MET)                                                        0.17


  Startpoint: u_core/core_i/cs_registers_i/mhpmcounter_q_reg[3][0]
               (rising edge-triggered flip-flop clocked by clk_i)
  Endpoint: u_core/core_i/cs_registers_i/mhpmcounter_q_reg[3][0]
               (rising edge-triggered flip-flop clocked by clk_i)
  Last common pin: u_core/core_i/cs_registers_i/clk_gate_mhpmcounter_q_reg[3]_0/latch/GCLK
  Path Group: clk_i
  Path Type: min

  Point                                                   Incr       Path
  ------------------------------------------------------------------------------
  clock clk_i (rise edge)                                 0.00       0.00
  clock network delay (propagated)                        0.44       0.44
  u_core/core_i/cs_registers_i/mhpmcounter_q_reg[3][0]/CLK (SDFFARX1_RVT)
                                                          0.00       0.44 r
  u_core/core_i/cs_registers_i/mhpmcounter_q_reg[3][0]/QN (SDFFARX1_RVT)
                                                          0.14 &     0.58 f
  u_core/core_i/cs_registers_i/U1597/Y (AO22X1_HVT)       0.08 &     0.66 f
  u_core/core_i/cs_registers_i/mhpmcounter_q_reg[3][0]/D (SDFFARX1_RVT)
                                                          0.00 &     0.66 f
  data arrival time                                                  0.66

  clock clk_i (rise edge)                                 0.00       0.00
  clock network delay (propagated)                        0.46       0.46
  u_core/core_i/cs_registers_i/mhpmcounter_q_reg[3][0]/CLK (SDFFARX1_RVT)
                                                                     0.46 r
  clock reconvergence pessimism                          -0.02       0.44
  clock uncertainty                                       0.10       0.54
  library hold time                                      -0.05       0.49
  data required time                                                 0.49
  ------------------------------------------------------------------------------
  data required time                                                 0.49
  data arrival time                                                 -0.66
  ------------------------------------------------------------------------------
  slack (MET)                                                        0.18


  Startpoint: u_core/core_i/cs_registers_i/mhpmcounter_q_reg[0][0]
               (rising edge-triggered flip-flop clocked by clk_i)
  Endpoint: u_core/core_i/cs_registers_i/mhpmcounter_q_reg[0][0]
               (rising edge-triggered flip-flop clocked by clk_i)
  Last common pin: u_core/core_i/cs_registers_i/clk_gate_mhpmcounter_q_reg[0]_0/latch/GCLK
  Path Group: clk_i
  Path Type: min

  Point                                                   Incr       Path
  ------------------------------------------------------------------------------
  clock clk_i (rise edge)                                 0.00       0.00
  clock network delay (propagated)                        0.44       0.44
  u_core/core_i/cs_registers_i/mhpmcounter_q_reg[0][0]/CLK (SDFFARX1_RVT)
                                                          0.00       0.44 r
  u_core/core_i/cs_registers_i/mhpmcounter_q_reg[0][0]/QN (SDFFARX1_RVT)
                                                          0.15 &     0.59 f
  u_core/core_i/cs_registers_i/U2121/Y (AO22X1_HVT)       0.08 &     0.67 f
  u_core/core_i/cs_registers_i/mhpmcounter_q_reg[0][0]/D (SDFFARX1_RVT)
                                                          0.00 &     0.67 f
  data arrival time                                                  0.67

  clock clk_i (rise edge)                                 0.00       0.00
  clock network delay (propagated)                        0.46       0.46
  u_core/core_i/cs_registers_i/mhpmcounter_q_reg[0][0]/CLK (SDFFARX1_RVT)
                                                                     0.46 r
  clock reconvergence pessimism                          -0.02       0.44
  clock uncertainty                                       0.10       0.54
  library hold time                                      -0.05       0.49
  data required time                                                 0.49
  ------------------------------------------------------------------------------
  data required time                                                 0.49
  data arrival time                                                 -0.67
  ------------------------------------------------------------------------------
  slack (MET)                                                        0.18


  Startpoint: u_core/core_i/if_stage_i/pc_id_o_reg[20]
               (rising edge-triggered flip-flop clocked by clk_i)
  Endpoint: u_core/core_i/id_stage_i/mult_operand_a_ex_o_reg[20]
               (rising edge-triggered flip-flop clocked by clk_i)
  Last common pin: u_core/core_i/ZCTSINV_6417_432/Y
  Path Group: clk_i
  Path Type: min

  Point                                                   Incr       Path
  ------------------------------------------------------------------------------
  clock clk_i (rise edge)                                 0.00       0.00
  clock network delay (propagated)                        0.42       0.42
  u_core/core_i/if_stage_i/pc_id_o_reg[20]/CLK (SDFFARX1_RVT)
                                                          0.00       0.42 r
  u_core/core_i/if_stage_i/pc_id_o_reg[20]/Q (SDFFARX1_RVT)
                                                          0.19 &     0.61 f
  u_core/core_i/U3366/Y (NBUFFX4_HVT)                     0.07 &     0.68 f
  u_core/core_i/U_1_PTECO_DRC_BUF185/Y (NBUFFX8_RVT)      0.07 &     0.75 f
  u_core/core_i/id_stage_i/U2954/Y (AO222X1_HVT)          0.12 &     0.87 f
  u_core/core_i/id_stage_i/mult_operand_a_ex_o_reg[20]/D (SDFFARX1_RVT)
                                                          0.00 &     0.87 f
  data arrival time                                                  0.87

  clock clk_i (rise edge)                                 0.00       0.00
  clock network delay (propagated)                        0.68       0.68
  u_core/core_i/id_stage_i/mult_operand_a_ex_o_reg[20]/CLK (SDFFARX1_RVT)
                                                                     0.68 r
  clock reconvergence pessimism                          -0.02       0.66
  clock uncertainty                                       0.10       0.76
  library hold time                                      -0.07       0.69
  data required time                                                 0.69
  ------------------------------------------------------------------------------
  data required time                                                 0.69
  data arrival time                                                 -0.87
  ------------------------------------------------------------------------------
  slack (MET)                                                        0.18


  Startpoint: u_core/core_i/id_stage_i/mhpmevent_minstret_o_reg
               (rising edge-triggered flip-flop clocked by clk_i)
  Endpoint: u_core/core_i/cs_registers_i/mhpmcounter_q_reg[2][33]
               (rising edge-triggered flip-flop clocked by clk_i)
  Last common pin: u_core/core_i/sleep_unit_i/core_clock_gate_i/u_icg/GCLK
  Path Group: clk_i
  Path Type: min

  Point                                                   Incr       Path
  ------------------------------------------------------------------------------
  clock clk_i (rise edge)                                 0.00       0.00
  clock network delay (propagated)                        0.26       0.26
  u_core/core_i/id_stage_i/mhpmevent_minstret_o_reg/CLK (SDFFARX1_RVT)
                                                          0.00       0.26 r
  u_core/core_i/id_stage_i/mhpmevent_minstret_o_reg/Q (SDFFARX1_RVT)
                                                          0.21 &     0.47 f
  u_core/core_i/cs_registers_i/U289/Y (NAND4X0_HVT)       0.08 &     0.55 r
  u_core/core_i/cs_registers_i/U144/Y (NBUFFX2_HVT)       0.10 &     0.65 r
  u_core/core_i/cs_registers_i/U145/Y (INVX8_HVT)         0.06 &     0.71 f
  u_core/core_i/cs_registers_i/U1734/Y (AO22X1_HVT)       0.08 &     0.79 f
  u_core/core_i/cs_registers_i/mhpmcounter_q_reg[2][33]/D (SDFFARX1_RVT)
                                                          0.00 &     0.79 f
  data arrival time                                                  0.79

  clock clk_i (rise edge)                                 0.00       0.00
  clock network delay (propagated)                        0.55       0.55
  u_core/core_i/cs_registers_i/mhpmcounter_q_reg[2][33]/CLK (SDFFARX1_RVT)
                                                                     0.55 r
  clock reconvergence pessimism                          -0.00       0.55
  clock uncertainty                                       0.10       0.65
  library hold time                                      -0.05       0.60
  data required time                                                 0.60
  ------------------------------------------------------------------------------
  data required time                                                 0.60
  data arrival time                                                 -0.79
  ------------------------------------------------------------------------------
  slack (MET)                                                        0.19


  Startpoint: u_core/core_i/id_stage_i/mhpmevent_minstret_o_reg
               (rising edge-triggered flip-flop clocked by clk_i)
  Endpoint: u_core/core_i/cs_registers_i/mhpmcounter_q_reg[2][36]
               (rising edge-triggered flip-flop clocked by clk_i)
  Last common pin: u_core/core_i/sleep_unit_i/core_clock_gate_i/u_icg/GCLK
  Path Group: clk_i
  Path Type: min

  Point                                                   Incr       Path
  ------------------------------------------------------------------------------
  clock clk_i (rise edge)                                 0.00       0.00
  clock network delay (propagated)                        0.26       0.26
  u_core/core_i/id_stage_i/mhpmevent_minstret_o_reg/CLK (SDFFARX1_RVT)
                                                          0.00       0.26 r
  u_core/core_i/id_stage_i/mhpmevent_minstret_o_reg/Q (SDFFARX1_RVT)
                                                          0.21 &     0.47 f
  u_core/core_i/cs_registers_i/U289/Y (NAND4X0_HVT)       0.08 &     0.55 r
  u_core/core_i/cs_registers_i/U144/Y (NBUFFX2_HVT)       0.10 &     0.65 r
  u_core/core_i/cs_registers_i/U145/Y (INVX8_HVT)         0.06 &     0.71 f
  u_core/core_i/cs_registers_i/U1746/Y (AO22X1_HVT)       0.08 &     0.79 f
  u_core/core_i/cs_registers_i/mhpmcounter_q_reg[2][36]/D (SDFFARX1_RVT)
                                                          0.00 &     0.79 f
  data arrival time                                                  0.79

  clock clk_i (rise edge)                                 0.00       0.00
  clock network delay (propagated)                        0.55       0.55
  u_core/core_i/cs_registers_i/mhpmcounter_q_reg[2][36]/CLK (SDFFARX1_RVT)
                                                                     0.55 r
  clock reconvergence pessimism                          -0.00       0.55
  clock uncertainty                                       0.10       0.65
  library hold time                                      -0.05       0.60
  data required time                                                 0.60
  ------------------------------------------------------------------------------
  data required time                                                 0.60
  data arrival time                                                 -0.79
  ------------------------------------------------------------------------------
  slack (MET)                                                        0.19


  Startpoint: u_core/core_i/id_stage_i/mhpmevent_minstret_o_reg
               (rising edge-triggered flip-flop clocked by clk_i)
  Endpoint: u_core/core_i/cs_registers_i/mhpmcounter_q_reg[2][34]
               (rising edge-triggered flip-flop clocked by clk_i)
  Last common pin: u_core/core_i/sleep_unit_i/core_clock_gate_i/u_icg/GCLK
  Path Group: clk_i
  Path Type: min

  Point                                                   Incr       Path
  ------------------------------------------------------------------------------
  clock clk_i (rise edge)                                 0.00       0.00
  clock network delay (propagated)                        0.26       0.26
  u_core/core_i/id_stage_i/mhpmevent_minstret_o_reg/CLK (SDFFARX1_RVT)
                                                          0.00       0.26 r
  u_core/core_i/id_stage_i/mhpmevent_minstret_o_reg/Q (SDFFARX1_RVT)
                                                          0.21 &     0.47 f
  u_core/core_i/cs_registers_i/U289/Y (NAND4X0_HVT)       0.08 &     0.55 r
  u_core/core_i/cs_registers_i/U144/Y (NBUFFX2_HVT)       0.10 &     0.65 r
  u_core/core_i/cs_registers_i/U145/Y (INVX8_HVT)         0.06 &     0.71 f
  u_core/core_i/cs_registers_i/U1738/Y (AO22X1_HVT)       0.08 &     0.79 f
  u_core/core_i/cs_registers_i/mhpmcounter_q_reg[2][34]/D (SDFFARX1_RVT)
                                                          0.00 &     0.79 f
  data arrival time                                                  0.79

  clock clk_i (rise edge)                                 0.00       0.00
  clock network delay (propagated)                        0.55       0.55
  u_core/core_i/cs_registers_i/mhpmcounter_q_reg[2][34]/CLK (SDFFARX1_RVT)
                                                                     0.55 r
  clock reconvergence pessimism                          -0.00       0.55
  clock uncertainty                                       0.10       0.65
  library hold time                                      -0.05       0.60
  data required time                                                 0.60
  ------------------------------------------------------------------------------
  data required time                                                 0.60
  data arrival time                                                 -0.79
  ------------------------------------------------------------------------------
  slack (MET)                                                        0.19


  Startpoint: u_core/core_i/id_stage_i/mhpmevent_minstret_o_reg
               (rising edge-triggered flip-flop clocked by clk_i)
  Endpoint: u_core/core_i/cs_registers_i/mhpmcounter_q_reg[2][35]
               (rising edge-triggered flip-flop clocked by clk_i)
  Last common pin: u_core/core_i/sleep_unit_i/core_clock_gate_i/u_icg/GCLK
  Path Group: clk_i
  Path Type: min

  Point                                                   Incr       Path
  ------------------------------------------------------------------------------
  clock clk_i (rise edge)                                 0.00       0.00
  clock network delay (propagated)                        0.26       0.26
  u_core/core_i/id_stage_i/mhpmevent_minstret_o_reg/CLK (SDFFARX1_RVT)
                                                          0.00       0.26 r
  u_core/core_i/id_stage_i/mhpmevent_minstret_o_reg/Q (SDFFARX1_RVT)
                                                          0.21 &     0.47 f
  u_core/core_i/cs_registers_i/U289/Y (NAND4X0_HVT)       0.08 &     0.55 r
  u_core/core_i/cs_registers_i/U144/Y (NBUFFX2_HVT)       0.10 &     0.65 r
  u_core/core_i/cs_registers_i/U145/Y (INVX8_HVT)         0.06 &     0.71 f
  u_core/core_i/cs_registers_i/U1742/Y (AO22X1_HVT)       0.08 &     0.79 f
  u_core/core_i/cs_registers_i/mhpmcounter_q_reg[2][35]/D (SDFFARX1_RVT)
                                                          0.00 &     0.79 f
  data arrival time                                                  0.79

  clock clk_i (rise edge)                                 0.00       0.00
  clock network delay (propagated)                        0.55       0.55
  u_core/core_i/cs_registers_i/mhpmcounter_q_reg[2][35]/CLK (SDFFARX1_RVT)
                                                                     0.55 r
  clock reconvergence pessimism                          -0.00       0.55
  clock uncertainty                                       0.10       0.65
  library hold time                                      -0.05       0.60
  data required time                                                 0.60
  ------------------------------------------------------------------------------
  data required time                                                 0.60
  data arrival time                                                 -0.79
  ------------------------------------------------------------------------------
  slack (MET)                                                        0.19


  Startpoint: u_core/core_i/id_stage_i/mhpmevent_minstret_o_reg
               (rising edge-triggered flip-flop clocked by clk_i)
  Endpoint: u_core/core_i/cs_registers_i/mhpmcounter_q_reg[2][55]
               (rising edge-triggered flip-flop clocked by clk_i)
  Last common pin: u_core/core_i/sleep_unit_i/core_clock_gate_i/u_icg/GCLK
  Path Group: clk_i
  Path Type: min

  Point                                                   Incr       Path
  ------------------------------------------------------------------------------
  clock clk_i (rise edge)                                 0.00       0.00
  clock network delay (propagated)                        0.26       0.26
  u_core/core_i/id_stage_i/mhpmevent_minstret_o_reg/CLK (SDFFARX1_RVT)
                                                          0.00       0.26 r
  u_core/core_i/id_stage_i/mhpmevent_minstret_o_reg/Q (SDFFARX1_RVT)
                                                          0.21 &     0.47 f
  u_core/core_i/cs_registers_i/U289/Y (NAND4X0_HVT)       0.08 &     0.55 r
  u_core/core_i/cs_registers_i/U144/Y (NBUFFX2_HVT)       0.10 &     0.65 r
  u_core/core_i/cs_registers_i/U145/Y (INVX8_HVT)         0.06 &     0.71 f
  u_core/core_i/cs_registers_i/U1824/Y (AO22X1_HVT)       0.08 &     0.79 f
  u_core/core_i/cs_registers_i/mhpmcounter_q_reg[2][55]/D (SDFFARX1_RVT)
                                                          0.00 &     0.79 f
  data arrival time                                                  0.79

  clock clk_i (rise edge)                                 0.00       0.00
  clock network delay (propagated)                        0.55       0.55
  u_core/core_i/cs_registers_i/mhpmcounter_q_reg[2][55]/CLK (SDFFARX1_RVT)
                                                                     0.55 r
  clock reconvergence pessimism                          -0.00       0.55
  clock uncertainty                                       0.10       0.65
  library hold time                                      -0.05       0.60
  data required time                                                 0.60
  ------------------------------------------------------------------------------
  data required time                                                 0.60
  data arrival time                                                 -0.79
  ------------------------------------------------------------------------------
  slack (MET)                                                        0.19


  Startpoint: u_core/core_i/id_stage_i/mhpmevent_minstret_o_reg
               (rising edge-triggered flip-flop clocked by clk_i)
  Endpoint: u_core/core_i/cs_registers_i/mhpmcounter_q_reg[2][32]
               (rising edge-triggered flip-flop clocked by clk_i)
  Last common pin: u_core/core_i/sleep_unit_i/core_clock_gate_i/u_icg/GCLK
  Path Group: clk_i
  Path Type: min

  Point                                                   Incr       Path
  ------------------------------------------------------------------------------
  clock clk_i (rise edge)                                 0.00       0.00
  clock network delay (propagated)                        0.26       0.26
  u_core/core_i/id_stage_i/mhpmevent_minstret_o_reg/CLK (SDFFARX1_RVT)
                                                          0.00       0.26 r
  u_core/core_i/id_stage_i/mhpmevent_minstret_o_reg/Q (SDFFARX1_RVT)
                                                          0.21 &     0.47 f
  u_core/core_i/cs_registers_i/U289/Y (NAND4X0_HVT)       0.08 &     0.55 r
  u_core/core_i/cs_registers_i/U144/Y (NBUFFX2_HVT)       0.10 &     0.65 r
  u_core/core_i/cs_registers_i/U145/Y (INVX8_HVT)         0.06 &     0.71 f
  u_core/core_i/cs_registers_i/U1730/Y (AO22X1_HVT)       0.08 &     0.79 f
  u_core/core_i/cs_registers_i/mhpmcounter_q_reg[2][32]/D (SDFFARX1_RVT)
                                                          0.00 &     0.79 f
  data arrival time                                                  0.79

  clock clk_i (rise edge)                                 0.00       0.00
  clock network delay (propagated)                        0.55       0.55
  u_core/core_i/cs_registers_i/mhpmcounter_q_reg[2][32]/CLK (SDFFARX1_RVT)
                                                                     0.55 r
  clock reconvergence pessimism                          -0.00       0.55
  clock uncertainty                                       0.10       0.65
  library hold time                                      -0.05       0.60
  data required time                                                 0.60
  ------------------------------------------------------------------------------
  data required time                                                 0.60
  data arrival time                                                 -0.79
  ------------------------------------------------------------------------------
  slack (MET)                                                        0.19


  Startpoint: u_core/core_i/id_stage_i/mhpmevent_minstret_o_reg
               (rising edge-triggered flip-flop clocked by clk_i)
  Endpoint: u_core/core_i/cs_registers_i/mhpmcounter_q_reg[2][63]
               (rising edge-triggered flip-flop clocked by clk_i)
  Last common pin: u_core/core_i/sleep_unit_i/core_clock_gate_i/u_icg/GCLK
  Path Group: clk_i
  Path Type: min

  Point                                                   Incr       Path
  ------------------------------------------------------------------------------
  clock clk_i (rise edge)                                 0.00       0.00
  clock network delay (propagated)                        0.26       0.26
  u_core/core_i/id_stage_i/mhpmevent_minstret_o_reg/CLK (SDFFARX1_RVT)
                                                          0.00       0.26 r
  u_core/core_i/id_stage_i/mhpmevent_minstret_o_reg/Q (SDFFARX1_RVT)
                                                          0.21 &     0.47 f
  u_core/core_i/cs_registers_i/U289/Y (NAND4X0_HVT)       0.08 &     0.55 r
  u_core/core_i/cs_registers_i/U144/Y (NBUFFX2_HVT)       0.10 &     0.65 r
  u_core/core_i/cs_registers_i/U145/Y (INVX8_HVT)         0.06 &     0.71 f
  u_core/core_i/cs_registers_i/U1857/Y (AO22X1_HVT)       0.08 &     0.79 f
  u_core/core_i/cs_registers_i/mhpmcounter_q_reg[2][63]/D (SDFFARX1_RVT)
                                                          0.00 &     0.79 f
  data arrival time                                                  0.79

  clock clk_i (rise edge)                                 0.00       0.00
  clock network delay (propagated)                        0.55       0.55
  u_core/core_i/cs_registers_i/mhpmcounter_q_reg[2][63]/CLK (SDFFARX1_RVT)
                                                                     0.55 r
  clock reconvergence pessimism                          -0.00       0.55
  clock uncertainty                                       0.10       0.65
  library hold time                                      -0.05       0.60
  data required time                                                 0.60
  ------------------------------------------------------------------------------
  data required time                                                 0.60
  data arrival time                                                 -0.79
  ------------------------------------------------------------------------------
  slack (MET)                                                        0.19


  Startpoint: u_core/core_i/id_stage_i/mhpmevent_minstret_o_reg
               (rising edge-triggered flip-flop clocked by clk_i)
  Endpoint: u_core/core_i/cs_registers_i/mhpmcounter_q_reg[2][57]
               (rising edge-triggered flip-flop clocked by clk_i)
  Last common pin: u_core/core_i/sleep_unit_i/core_clock_gate_i/u_icg/GCLK
  Path Group: clk_i
  Path Type: min

  Point                                                   Incr       Path
  ------------------------------------------------------------------------------
  clock clk_i (rise edge)                                 0.00       0.00
  clock network delay (propagated)                        0.26       0.26
  u_core/core_i/id_stage_i/mhpmevent_minstret_o_reg/CLK (SDFFARX1_RVT)
                                                          0.00       0.26 r
  u_core/core_i/id_stage_i/mhpmevent_minstret_o_reg/Q (SDFFARX1_RVT)
                                                          0.21 &     0.47 f
  u_core/core_i/cs_registers_i/U289/Y (NAND4X0_HVT)       0.08 &     0.55 r
  u_core/core_i/cs_registers_i/U144/Y (NBUFFX2_HVT)       0.10 &     0.65 r
  u_core/core_i/cs_registers_i/U145/Y (INVX8_HVT)         0.06 &     0.71 f
  u_core/core_i/cs_registers_i/U1832/Y (AO22X1_HVT)       0.08 &     0.79 f
  u_core/core_i/cs_registers_i/mhpmcounter_q_reg[2][57]/D (SDFFARX1_RVT)
                                                          0.00 &     0.79 f
  data arrival time                                                  0.79

  clock clk_i (rise edge)                                 0.00       0.00
  clock network delay (propagated)                        0.55       0.55
  u_core/core_i/cs_registers_i/mhpmcounter_q_reg[2][57]/CLK (SDFFARX1_RVT)
                                                                     0.55 r
  clock reconvergence pessimism                          -0.00       0.55
  clock uncertainty                                       0.10       0.65
  library hold time                                      -0.05       0.60
  data required time                                                 0.60
  ------------------------------------------------------------------------------
  data required time                                                 0.60
  data arrival time                                                 -0.79
  ------------------------------------------------------------------------------
  slack (MET)                                                        0.19


  Startpoint: u_core/core_i/id_stage_i/mhpmevent_minstret_o_reg
               (rising edge-triggered flip-flop clocked by clk_i)
  Endpoint: u_core/core_i/cs_registers_i/mhpmcounter_q_reg[2][56]
               (rising edge-triggered flip-flop clocked by clk_i)
  Last common pin: u_core/core_i/sleep_unit_i/core_clock_gate_i/u_icg/GCLK
  Path Group: clk_i
  Path Type: min

  Point                                                   Incr       Path
  ------------------------------------------------------------------------------
  clock clk_i (rise edge)                                 0.00       0.00
  clock network delay (propagated)                        0.26       0.26
  u_core/core_i/id_stage_i/mhpmevent_minstret_o_reg/CLK (SDFFARX1_RVT)
                                                          0.00       0.26 r
  u_core/core_i/id_stage_i/mhpmevent_minstret_o_reg/Q (SDFFARX1_RVT)
                                                          0.21 &     0.47 f
  u_core/core_i/cs_registers_i/U289/Y (NAND4X0_HVT)       0.08 &     0.55 r
  u_core/core_i/cs_registers_i/U144/Y (NBUFFX2_HVT)       0.10 &     0.65 r
  u_core/core_i/cs_registers_i/U145/Y (INVX8_HVT)         0.06 &     0.71 f
  u_core/core_i/cs_registers_i/U1828/Y (AO22X1_HVT)       0.08 &     0.79 f
  u_core/core_i/cs_registers_i/mhpmcounter_q_reg[2][56]/D (SDFFARX1_RVT)
                                                          0.00 &     0.79 f
  data arrival time                                                  0.79

  clock clk_i (rise edge)                                 0.00       0.00
  clock network delay (propagated)                        0.55       0.55
  u_core/core_i/cs_registers_i/mhpmcounter_q_reg[2][56]/CLK (SDFFARX1_RVT)
                                                                     0.55 r
  clock reconvergence pessimism                          -0.00       0.55
  clock uncertainty                                       0.10       0.65
  library hold time                                      -0.05       0.60
  data required time                                                 0.60
  ------------------------------------------------------------------------------
  data required time                                                 0.60
  data arrival time                                                 -0.79
  ------------------------------------------------------------------------------
  slack (MET)                                                        0.19


  Startpoint: u_core/core_i/id_stage_i/mhpmevent_minstret_o_reg
               (rising edge-triggered flip-flop clocked by clk_i)
  Endpoint: u_core/core_i/cs_registers_i/mhpmcounter_q_reg[2][58]
               (rising edge-triggered flip-flop clocked by clk_i)
  Last common pin: u_core/core_i/sleep_unit_i/core_clock_gate_i/u_icg/GCLK
  Path Group: clk_i
  Path Type: min

  Point                                                   Incr       Path
  ------------------------------------------------------------------------------
  clock clk_i (rise edge)                                 0.00       0.00
  clock network delay (propagated)                        0.26       0.26
  u_core/core_i/id_stage_i/mhpmevent_minstret_o_reg/CLK (SDFFARX1_RVT)
                                                          0.00       0.26 r
  u_core/core_i/id_stage_i/mhpmevent_minstret_o_reg/Q (SDFFARX1_RVT)
                                                          0.21 &     0.47 f
  u_core/core_i/cs_registers_i/U289/Y (NAND4X0_HVT)       0.08 &     0.55 r
  u_core/core_i/cs_registers_i/U144/Y (NBUFFX2_HVT)       0.10 &     0.65 r
  u_core/core_i/cs_registers_i/U145/Y (INVX8_HVT)         0.06 &     0.71 f
  u_core/core_i/cs_registers_i/U1836/Y (AO22X1_HVT)       0.08 &     0.79 f
  u_core/core_i/cs_registers_i/mhpmcounter_q_reg[2][58]/D (SDFFARX1_RVT)
                                                          0.00 &     0.79 f
  data arrival time                                                  0.79

  clock clk_i (rise edge)                                 0.00       0.00
  clock network delay (propagated)                        0.55       0.55
  u_core/core_i/cs_registers_i/mhpmcounter_q_reg[2][58]/CLK (SDFFARX1_RVT)
                                                                     0.55 r
  clock reconvergence pessimism                          -0.00       0.55
  clock uncertainty                                       0.10       0.65
  library hold time                                      -0.05       0.60
  data required time                                                 0.60
  ------------------------------------------------------------------------------
  data required time                                                 0.60
  data arrival time                                                 -0.79
  ------------------------------------------------------------------------------
  slack (MET)                                                        0.19


  Startpoint: u_core/core_i/id_stage_i/mhpmevent_minstret_o_reg
               (rising edge-triggered flip-flop clocked by clk_i)
  Endpoint: u_core/core_i/cs_registers_i/mhpmcounter_q_reg[2][59]
               (rising edge-triggered flip-flop clocked by clk_i)
  Last common pin: u_core/core_i/sleep_unit_i/core_clock_gate_i/u_icg/GCLK
  Path Group: clk_i
  Path Type: min

  Point                                                   Incr       Path
  ------------------------------------------------------------------------------
  clock clk_i (rise edge)                                 0.00       0.00
  clock network delay (propagated)                        0.26       0.26
  u_core/core_i/id_stage_i/mhpmevent_minstret_o_reg/CLK (SDFFARX1_RVT)
                                                          0.00       0.26 r
  u_core/core_i/id_stage_i/mhpmevent_minstret_o_reg/Q (SDFFARX1_RVT)
                                                          0.21 &     0.47 f
  u_core/core_i/cs_registers_i/U289/Y (NAND4X0_HVT)       0.08 &     0.55 r
  u_core/core_i/cs_registers_i/U144/Y (NBUFFX2_HVT)       0.10 &     0.65 r
  u_core/core_i/cs_registers_i/U145/Y (INVX8_HVT)         0.06 &     0.71 f
  u_core/core_i/cs_registers_i/U1840/Y (AO22X1_HVT)       0.08 &     0.79 f
  u_core/core_i/cs_registers_i/mhpmcounter_q_reg[2][59]/D (SDFFARX1_RVT)
                                                          0.00 &     0.79 f
  data arrival time                                                  0.79

  clock clk_i (rise edge)                                 0.00       0.00
  clock network delay (propagated)                        0.55       0.55
  u_core/core_i/cs_registers_i/mhpmcounter_q_reg[2][59]/CLK (SDFFARX1_RVT)
                                                                     0.55 r
  clock reconvergence pessimism                          -0.00       0.55
  clock uncertainty                                       0.10       0.65
  library hold time                                      -0.05       0.60
  data required time                                                 0.60
  ------------------------------------------------------------------------------
  data required time                                                 0.60
  data arrival time                                                 -0.79
  ------------------------------------------------------------------------------
  slack (MET)                                                        0.19


  Startpoint: u_core/core_i/id_stage_i/mhpmevent_minstret_o_reg
               (rising edge-triggered flip-flop clocked by clk_i)
  Endpoint: u_core/core_i/cs_registers_i/mhpmcounter_q_reg[2][62]
               (rising edge-triggered flip-flop clocked by clk_i)
  Last common pin: u_core/core_i/sleep_unit_i/core_clock_gate_i/u_icg/GCLK
  Path Group: clk_i
  Path Type: min

  Point                                                   Incr       Path
  ------------------------------------------------------------------------------
  clock clk_i (rise edge)                                 0.00       0.00
  clock network delay (propagated)                        0.26       0.26
  u_core/core_i/id_stage_i/mhpmevent_minstret_o_reg/CLK (SDFFARX1_RVT)
                                                          0.00       0.26 r
  u_core/core_i/id_stage_i/mhpmevent_minstret_o_reg/Q (SDFFARX1_RVT)
                                                          0.21 &     0.47 f
  u_core/core_i/cs_registers_i/U289/Y (NAND4X0_HVT)       0.08 &     0.55 r
  u_core/core_i/cs_registers_i/U144/Y (NBUFFX2_HVT)       0.10 &     0.65 r
  u_core/core_i/cs_registers_i/U145/Y (INVX8_HVT)         0.06 &     0.71 f
  u_core/core_i/cs_registers_i/U1854/Y (AO22X1_HVT)       0.09 &     0.79 f
  u_core/core_i/cs_registers_i/mhpmcounter_q_reg[2][62]/D (SDFFARX1_RVT)
                                                          0.00 &     0.79 f
  data arrival time                                                  0.79

  clock clk_i (rise edge)                                 0.00       0.00
  clock network delay (propagated)                        0.55       0.55
  u_core/core_i/cs_registers_i/mhpmcounter_q_reg[2][62]/CLK (SDFFARX1_RVT)
                                                                     0.55 r
  clock reconvergence pessimism                          -0.00       0.55
  clock uncertainty                                       0.10       0.65
  library hold time                                      -0.05       0.60
  data required time                                                 0.60
  ------------------------------------------------------------------------------
  data required time                                                 0.60
  data arrival time                                                 -0.79
  ------------------------------------------------------------------------------
  slack (MET)                                                        0.19


  Startpoint: u_core/core_i/id_stage_i/mhpmevent_minstret_o_reg
               (rising edge-triggered flip-flop clocked by clk_i)
  Endpoint: u_core/core_i/cs_registers_i/mhpmcounter_q_reg[2][54]
               (rising edge-triggered flip-flop clocked by clk_i)
  Last common pin: u_core/core_i/sleep_unit_i/core_clock_gate_i/u_icg/GCLK
  Path Group: clk_i
  Path Type: min

  Point                                                   Incr       Path
  ------------------------------------------------------------------------------
  clock clk_i (rise edge)                                 0.00       0.00
  clock network delay (propagated)                        0.26       0.26
  u_core/core_i/id_stage_i/mhpmevent_minstret_o_reg/CLK (SDFFARX1_RVT)
                                                          0.00       0.26 r
  u_core/core_i/id_stage_i/mhpmevent_minstret_o_reg/Q (SDFFARX1_RVT)
                                                          0.21 &     0.47 f
  u_core/core_i/cs_registers_i/U289/Y (NAND4X0_HVT)       0.08 &     0.55 r
  u_core/core_i/cs_registers_i/U144/Y (NBUFFX2_HVT)       0.10 &     0.65 r
  u_core/core_i/cs_registers_i/U145/Y (INVX8_HVT)         0.06 &     0.71 f
  u_core/core_i/cs_registers_i/U1820/Y (AO22X1_HVT)       0.09 &     0.79 f
  u_core/core_i/cs_registers_i/mhpmcounter_q_reg[2][54]/D (SDFFARX1_RVT)
                                                          0.00 &     0.79 f
  data arrival time                                                  0.79

  clock clk_i (rise edge)                                 0.00       0.00
  clock network delay (propagated)                        0.55       0.55
  u_core/core_i/cs_registers_i/mhpmcounter_q_reg[2][54]/CLK (SDFFARX1_RVT)
                                                                     0.55 r
  clock reconvergence pessimism                          -0.00       0.55
  clock uncertainty                                       0.10       0.65
  library hold time                                      -0.05       0.60
  data required time                                                 0.60
  ------------------------------------------------------------------------------
  data required time                                                 0.60
  data arrival time                                                 -0.79
  ------------------------------------------------------------------------------
  slack (MET)                                                        0.19


  Startpoint: u_core/core_i/id_stage_i/mhpmevent_minstret_o_reg
               (rising edge-triggered flip-flop clocked by clk_i)
  Endpoint: u_core/core_i/cs_registers_i/mhpmcounter_q_reg[2][60]
               (rising edge-triggered flip-flop clocked by clk_i)
  Last common pin: u_core/core_i/sleep_unit_i/core_clock_gate_i/u_icg/GCLK
  Path Group: clk_i
  Path Type: min

  Point                                                   Incr       Path
  ------------------------------------------------------------------------------
  clock clk_i (rise edge)                                 0.00       0.00
  clock network delay (propagated)                        0.26       0.26
  u_core/core_i/id_stage_i/mhpmevent_minstret_o_reg/CLK (SDFFARX1_RVT)
                                                          0.00       0.26 r
  u_core/core_i/id_stage_i/mhpmevent_minstret_o_reg/Q (SDFFARX1_RVT)
                                                          0.21 &     0.47 f
  u_core/core_i/cs_registers_i/U289/Y (NAND4X0_HVT)       0.08 &     0.55 r
  u_core/core_i/cs_registers_i/U144/Y (NBUFFX2_HVT)       0.10 &     0.65 r
  u_core/core_i/cs_registers_i/U145/Y (INVX8_HVT)         0.06 &     0.71 f
  u_core/core_i/cs_registers_i/U1844/Y (AO22X1_HVT)       0.09 &     0.79 f
  u_core/core_i/cs_registers_i/mhpmcounter_q_reg[2][60]/D (SDFFARX1_RVT)
                                                          0.00 &     0.79 f
  data arrival time                                                  0.79

  clock clk_i (rise edge)                                 0.00       0.00
  clock network delay (propagated)                        0.55       0.55
  u_core/core_i/cs_registers_i/mhpmcounter_q_reg[2][60]/CLK (SDFFARX1_RVT)
                                                                     0.55 r
  clock reconvergence pessimism                          -0.00       0.55
  clock uncertainty                                       0.10       0.65
  library hold time                                      -0.05       0.60
  data required time                                                 0.60
  ------------------------------------------------------------------------------
  data required time                                                 0.60
  data arrival time                                                 -0.79
  ------------------------------------------------------------------------------
  slack (MET)                                                        0.19


  Startpoint: u_core/core_i/if_stage_i/pc_id_o_reg[18]
               (rising edge-triggered flip-flop clocked by clk_i)
  Endpoint: u_core/core_i/id_stage_i/mult_operand_a_ex_o_reg[18]
               (rising edge-triggered flip-flop clocked by clk_i)
  Last common pin: u_core/core_i/ZCTSINV_6417_432/Y
  Path Group: clk_i
  Path Type: min

  Point                                                   Incr       Path
  ------------------------------------------------------------------------------
  clock clk_i (rise edge)                                 0.00       0.00
  clock network delay (propagated)                        0.42       0.42
  u_core/core_i/if_stage_i/pc_id_o_reg[18]/CLK (SDFFARX1_RVT)
                                                          0.00       0.42 r
  u_core/core_i/if_stage_i/pc_id_o_reg[18]/Q (SDFFARX1_RVT)
                                                          0.19 &     0.61 f
  u_core/core_i/U3392/Y (NBUFFX4_HVT)                     0.06 &     0.68 f
  u_core/core_i/U_1_PTECO_DRC_BUF97/Y (NBUFFX8_LVT)       0.06 &     0.73 f
  u_core/core_i/id_stage_i/U2950/Y (AO222X1_HVT)          0.14 &     0.88 f
  u_core/core_i/id_stage_i/mult_operand_a_ex_o_reg[18]/D (SDFFARX1_RVT)
                                                          0.00 &     0.88 f
  data arrival time                                                  0.88

  clock clk_i (rise edge)                                 0.00       0.00
  clock network delay (propagated)                        0.68       0.68
  u_core/core_i/id_stage_i/mult_operand_a_ex_o_reg[18]/CLK (SDFFARX1_RVT)
                                                                     0.68 r
  clock reconvergence pessimism                          -0.02       0.66
  clock uncertainty                                       0.10       0.76
  library hold time                                      -0.08       0.68
  data required time                                                 0.68
  ------------------------------------------------------------------------------
  data required time                                                 0.68
  data arrival time                                                 -0.88
  ------------------------------------------------------------------------------
  slack (MET)                                                        0.20


  Startpoint: u_core/core_i/if_stage_i/pc_id_o_reg[18]
               (rising edge-triggered flip-flop clocked by clk_i)
  Endpoint: u_core/core_i/cs_registers_i/depc_q_reg[18]
               (rising edge-triggered flip-flop clocked by clk_i)
  Last common pin: u_core/core_i/sleep_unit_i/core_clock_gate_i/u_icg/GCLK
  Path Group: clk_i
  Path Type: min

  Point                                                   Incr       Path
  ------------------------------------------------------------------------------
  clock clk_i (rise edge)                                 0.00       0.00
  clock network delay (propagated)                        0.42       0.42
  u_core/core_i/if_stage_i/pc_id_o_reg[18]/CLK (SDFFARX1_RVT)
                                                          0.00       0.42 r
  u_core/core_i/if_stage_i/pc_id_o_reg[18]/Q (SDFFARX1_RVT)
                                                          0.19 &     0.61 f
  u_core/core_i/U3392/Y (NBUFFX4_HVT)                     0.06 &     0.68 f
  u_core/core_i/U_1_PTECO_DRC_BUF97/Y (NBUFFX8_LVT)       0.06 &     0.73 f
  u_core/core_i/cs_registers_i/U1283/Y (AO222X1_HVT)      0.09 &     0.82 f
  u_core/core_i/cs_registers_i/depc_q_reg[18]/D (SDFFARX1_RVT)
                                                          0.00 &     0.82 f
  data arrival time                                                  0.82

  clock clk_i (rise edge)                                 0.00       0.00
  clock network delay (propagated)                        0.59       0.59
  u_core/core_i/cs_registers_i/depc_q_reg[18]/CLK (SDFFARX1_RVT)     0.59 r
  clock reconvergence pessimism                          -0.00       0.58
  clock uncertainty                                       0.10       0.68
  library hold time                                      -0.06       0.63
  data required time                                                 0.63
  ------------------------------------------------------------------------------
  data required time                                                 0.63
  data arrival time                                                 -0.82
  ------------------------------------------------------------------------------
  slack (MET)                                                        0.20

Warning: report_timing has satisfied the max_paths criteria. There are 2295 further endpoints which have paths of interest with slack less than   100.00 that were not considered when generating this report. (UITE-502)

1
