 type      behavior_data  gate_id  instance_name (type)
 --------  -------------  -------  -------------------------------
 TLA       hot_clock_tla    32900  \u_core/core_i/id_stage_i/clk_gate_branch_in_ex_o_reg/latch (CGLPPRX2_RVT)
 TLA       hot_clock_tla    32901  \u_core/core_i/id_stage_i/clk_gate_alu_operator_ex_o_reg/latch (CGLPPRX2_RVT)
 TLA       hot_clock_tla    32902  \u_core/core_i/id_stage_i/clk_gate_alu_operand_a_ex_o_reg/latch (CGLPPRX2_RVT)
 TLA       hot_clock_tla    32903  \u_core/core_i/id_stage_i/clk_gate_alu_operand_b_ex_o_reg/latch (CGLPPRX2_RVT)
 TLA       hot_clock_tla    32904  \u_core/core_i/id_stage_i/clk_gate_alu_operand_c_ex_o_reg/latch (CGLPPRX2_RVT)
 TLA       hot_clock_tla    32905  \u_core/core_i/id_stage_i/clk_gate_mult_operator_ex_o_reg/latch (CGLPPRX2_RVT)
 TLA       hot_clock_tla    32906  \u_core/core_i/id_stage_i/clk_gate_mult_operand_c_ex_o_reg/latch (CGLPPRX2_RVT)
 TLA       hot_clock_tla    32907  \u_core/core_i/id_stage_i/clk_gate_regfile_waddr_ex_o_reg/latch (CGLPPRX2_RVT)
 TLA       hot_clock_tla    32908  \u_core/core_i/id_stage_i/clk_gate_regfile_alu_waddr_ex_o_reg/latch (CGLPPRX2_RVT)
 TLA       hot_clock_tla    32909  \u_core/core_i/id_stage_i/clk_gate_data_we_ex_o_reg/latch (CGLPPRX2_RVT)
 TLA       hot_clock_tla    32910  \u_core/core_i/id_stage_i/\register_file_i/clk_gate_mem_reg[31]/latch (CGLPPRX2_RVT)
 TLA       hot_clock_tla    32911  \u_core/core_i/id_stage_i/\register_file_i/clk_gate_mem_reg[30]/latch (CGLPPRX2_RVT)
 TLA       hot_clock_tla    32912  \u_core/core_i/id_stage_i/\register_file_i/clk_gate_mem_reg[29]/latch (CGLPPRX2_RVT)
 TLA       hot_clock_tla    32913  \u_core/core_i/id_stage_i/\register_file_i/clk_gate_mem_reg[28]/latch (CGLPPRX2_RVT)
 TLA       hot_clock_tla    32914  \u_core/core_i/id_stage_i/\register_file_i/clk_gate_mem_reg[27]/latch (CGLPPRX2_RVT)
 TLA       hot_clock_tla    32915  \u_core/core_i/id_stage_i/\register_file_i/clk_gate_mem_reg[26]/latch (CGLPPRX2_RVT)
 TLA       hot_clock_tla    32916  \u_core/core_i/id_stage_i/\register_file_i/clk_gate_mem_reg[25]/latch (CGLPPRX2_RVT)
 TLA       hot_clock_tla    32917  \u_core/core_i/id_stage_i/\register_file_i/clk_gate_mem_reg[24]/latch (CGLPPRX2_RVT)
 TLA       hot_clock_tla    32918  \u_core/core_i/id_stage_i/\register_file_i/clk_gate_mem_reg[23]/latch (CGLPPRX2_RVT)
 TLA       hot_clock_tla    32919  \u_core/core_i/id_stage_i/\register_file_i/clk_gate_mem_reg[22]/latch (CGLPPRX2_RVT)
 TLA       hot_clock_tla    32920  \u_core/core_i/id_stage_i/\register_file_i/clk_gate_mem_reg[21]/latch (CGLPPRX2_RVT)
 TLA       hot_clock_tla    32921  \u_core/core_i/id_stage_i/\register_file_i/clk_gate_mem_reg[20]/latch (CGLPPRX2_RVT)
 TLA       hot_clock_tla    32922  \u_core/core_i/id_stage_i/\register_file_i/clk_gate_mem_reg[19]/latch (CGLPPRX2_RVT)
 TLA       hot_clock_tla    32923  \u_core/core_i/id_stage_i/\register_file_i/clk_gate_mem_reg[18]/latch (CGLPPRX2_RVT)
 TLA       hot_clock_tla    32924  \u_core/core_i/id_stage_i/\register_file_i/clk_gate_mem_reg[17]/latch (CGLPPRX2_RVT)
 TLA       hot_clock_tla    32925  \u_core/core_i/id_stage_i/\register_file_i/clk_gate_mem_reg[16]/latch (CGLPPRX2_RVT)
 TLA       hot_clock_tla    32926  \u_core/core_i/id_stage_i/\register_file_i/clk_gate_mem_reg[15]/latch (CGLPPRX2_RVT)
 TLA       hot_clock_tla    32927  \u_core/core_i/id_stage_i/\register_file_i/clk_gate_mem_reg[14]/latch (CGLPPRX2_RVT)
 TLA       hot_clock_tla    32928  \u_core/core_i/id_stage_i/\register_file_i/clk_gate_mem_reg[13]/latch (CGLPPRX2_RVT)
 TLA       hot_clock_tla    32929  \u_core/core_i/id_stage_i/\register_file_i/clk_gate_mem_reg[12]/latch (CGLPPRX2_RVT)
 TLA       hot_clock_tla    32930  \u_core/core_i/id_stage_i/\register_file_i/clk_gate_mem_reg[11]/latch (CGLPPRX2_RVT)
 TLA       hot_clock_tla    32931  \u_core/core_i/id_stage_i/\register_file_i/clk_gate_mem_reg[10]/latch (CGLPPRX2_RVT)
 TLA       hot_clock_tla    32932  \u_core/core_i/id_stage_i/\register_file_i/clk_gate_mem_reg[9]/latch (CGLPPRX2_RVT)
 TLA       hot_clock_tla    32933  \u_core/core_i/id_stage_i/\register_file_i/clk_gate_mem_reg[8]/latch (CGLPPRX2_RVT)
 TLA       hot_clock_tla    32934  \u_core/core_i/id_stage_i/\register_file_i/clk_gate_mem_reg[7]/latch (CGLPPRX2_RVT)
 TLA       hot_clock_tla    32935  \u_core/core_i/id_stage_i/\register_file_i/clk_gate_mem_reg[6]/latch (CGLPPRX2_RVT)
 TLA       hot_clock_tla    32936  \u_core/core_i/id_stage_i/\register_file_i/clk_gate_mem_reg[5]/latch (CGLPPRX2_RVT)
 TLA       hot_clock_tla    32937  \u_core/core_i/id_stage_i/\register_file_i/clk_gate_mem_reg[4]/latch (CGLPPRX2_RVT)
 TLA       hot_clock_tla    32938  \u_core/core_i/id_stage_i/\register_file_i/clk_gate_mem_reg[3]/latch (CGLPPRX2_RVT)
 TLA       hot_clock_tla    32939  \u_core/core_i/id_stage_i/\register_file_i/clk_gate_mem_reg[2]/latch (CGLPPRX2_RVT)
 TLA       hot_clock_tla    32940  \u_core/core_i/id_stage_i/\register_file_i/clk_gate_mem_reg[1]/latch (CGLPPRX2_RVT)
 TLA       hot_clock_tla    32941  \u_core/core_i/cs_registers_i/clk_gate_mepc_q_reg/latch (CGLPPRX2_RVT)
 TLA       hot_clock_tla    32942  \u_core/core_i/cs_registers_i/clk_gate_depc_q_reg/latch (CGLPPRX2_RVT)
 TLA       hot_clock_tla    32943  \u_core/core_i/cs_registers_i/\clk_gate_dcsr_q_reg[ebreakm]/latch (CGLPPRX2_RVT)
 TLA       hot_clock_tla    32944  \u_core/core_i/cs_registers_i/\clk_gate_dcsr_q_reg[cause]/latch (CGLPPRX2_RVT)
 TLA       hot_clock_tla    32945  \u_core/core_i/cs_registers_i/clk_gate_dscratch0_q_reg/latch (CGLPPRX2_RVT)
 TLA       hot_clock_tla    32946  \u_core/core_i/cs_registers_i/clk_gate_dscratch1_q_reg/latch (CGLPPRX2_RVT)
 TLA       hot_clock_tla    32947  \u_core/core_i/cs_registers_i/clk_gate_mscratch_q_reg/latch (CGLPPRX2_RVT)
 TLA       hot_clock_tla    32948  \u_core/core_i/cs_registers_i/clk_gate_mie_q_reg/latch (CGLPPRX2_RVT)
 TLA       hot_clock_tla    32949  \u_core/core_i/cs_registers_i/clk_gate_mtvec_q_reg/latch (CGLPPRX2_RVT)
 TLA       hot_clock_tla    32950  \u_core/core_i/cs_registers_i/\clk_gate_gen_trigger_regs.tmatch_value_q_reg/latch (CGLPPRX2_RVT)
 TLA       hot_clock_tla    32951  \u_core/core_i/cs_registers_i/\clk_gate_mhpmcounter_q_reg[0]/latch (CGLPPRX2_RVT)
 TLA       hot_clock_tla    32952  \u_core/core_i/cs_registers_i/\clk_gate_mhpmcounter_q_reg[0]_0/latch (CGLPPRX2_RVT)
 TLA       hot_clock_tla    32953  \u_core/core_i/cs_registers_i/\clk_gate_mhpmcounter_q_reg[2]/latch (CGLPPRX2_RVT)
 TLA       hot_clock_tla    32954  \u_core/core_i/cs_registers_i/\clk_gate_mhpmcounter_q_reg[2]_0/latch (CGLPPRX2_RVT)
 TLA       hot_clock_tla    32955  \u_core/core_i/cs_registers_i/\clk_gate_mhpmcounter_q_reg[3]/latch (CGLPPRX2_RVT)
 TLA       hot_clock_tla    32956  \u_core/core_i/cs_registers_i/\clk_gate_mhpmcounter_q_reg[3]_0/latch (CGLPPRX2_RVT)
 TLA       hot_clock_tla    32957  \u_core/core_i/cs_registers_i/\clk_gate_mhpmevent_q_reg[3]/latch (CGLPPRX2_RVT)
 TLA       hot_clock_tla    32958  \u_core/core_i/cs_registers_i/clk_gate_mcountinhibit_q_reg/latch (CGLPPRX2_RVT)
 TLA       hot_clock_tla    32959  \u_core/core_i/\if_stage_i/clk_gate_is_compressed_id_o_reg/latch (CGLPPRX2_RVT)
 TLA       hot_clock_tla    32960  \u_core/core_i/\ex_stage_i/clk_gate_regfile_waddr_lsu_reg/latch (CGLPPRX2_RVT)
 TLA       hot_clock_tla    32961  \u_core/core_i/\load_store_unit_i/clk_gate_rdata_q_reg/latch (CGLPPRX2_RVT)
 TLA       hot_clock_tla    32962  \u_core/core_i/\load_store_unit_i/clk_gate_data_type_q_reg/latch (CGLPPRX2_RVT)
 C1        load_stable      32963  \u_core/core_i/\sleep_unit_i/core_clock_gate_i/u_icg (CGLPPRX2_RVT)
 TLA       hot_clock_tla    32964  \u_core/core_i/\if_stage_i/aligner_i/clk_gate_aligner_ready_q_reg/latch (CGLPPRX2_RVT)
 TLA       hot_clock_tla    32965  \u_core/core_i/\ex_stage_i/mult_i/clk_gate_mulh_CS_reg/latch (CGLPPRX2_RVT)
 TLA       hot_clock_tla    32966  \u_core/core_i/\if_stage_i/prefetch_buffer_i/prefetch_controller_i/clk_gate_trans_addr_q_reg/latch (CGLPPRX2_RVT)
 TLA       hot_clock_tla    32967  \u_core/core_i/\if_stage_i/prefetch_buffer_i/fifo_i/clk_gate_mem_q_reg[1]/latch (CGLPPRX2_RVT)
 TLA       hot_clock_tla    32968  \u_core/core_i/\if_stage_i/prefetch_buffer_i/instruction_obi_i/clk_gate_gen_no_trans_stable.obi_addr_q_reg/latch (CGLPPRX2_RVT)
 TLA       hot_clock_tla    32969  \u_core/core_i/\ex_stage_i/alu_i/alu_div_i/clk_gate_Cnt_DP_reg/latch (CGLPPRX2_RVT)
 TLA       hot_clock_tla    32970  \u_core/core_i/\ex_stage_i/alu_i/alu_div_i/clk_gate_BReg_DP_reg/latch (CGLPPRX2_RVT)
 TLA       hot_clock_tla    32971  \u_core/core_i/\ex_stage_i/alu_i/alu_div_i/clk_gate_AReg_DP_reg/latch (CGLPPRX2_RVT)
 TLA       hot_clock_tla    32972  \u_core/core_i/\ex_stage_i/alu_i/alu_div_i/clk_gate_CompInv_SP_reg/latch (CGLPPRX2_RVT)
 TLA       hot_clock_tla    32973  \u_core/core_i/\clk_gate_if_stage_i/prefetch_buffer_i/prefetch_controller_i/cnt_q_reg/latch (CGLPPRX2_RVT)
