 atpg =            allow_clockon_measures=no, abort_limit=32, analyze_untestable_faults=no, capture_cycles=4,
                   checkpoint=none, save_patterns=none,
                   coverage=98.00, partition_coverage=no, decision=random, di_analysis=yes,
                   full_seq_abort_limit=10, full_seq_atpg=no, full_seq_time=(10.0,0.0),
                   full_seq_merge=off, merge=high 5000, basic_min_detects_per_pattern=(0,40),
                   fast_min_detects_per_pattern=(0,40), full_min_detects_per_pattern=(0,40),
                   lete_fastseq=no, min_ateclock_cycles=none,
                   new_capture=no, patterns=0, quiet_padding_patterns=no, prevention=norandom, reset_bidis=yes,
                   store=yes, resim_atpg_patterns=off, extra_cycle=yes
                   summary=yes, time=(0.0,0.0), verbose=no,
                   post_capture_contention_prevention=no,
                   fill=adjacent, adjacent_fill_range=0,
                   optimize_bridge_strengths=no, min_patterns_threshold=0,
                   extra_disturb_analysis=yes,
                   power_budget=0,
                   domain={},
                   partition={},
                   power_effort=low,
                   seq_comp_optimizations=yes, misr_measure=once_per_pattern, seq_comp_chain_test=off,
                   seq_comp_shift_power_target=no -all,
                   xtol_enable_equivalence=no,
                   shift_controller_disable=no, shift_power_budget=none, shift_controller_peak=none, shift_power_effort=none,
                   retention_test_fault_limit=0,
                   chain_test=0011, xtol_chain_diagnosis=OFF, single_load_per_pattern=no,
                   quiet_chain_test=no, load_mode=0, load_value=0,
                   fast_path_delay=yes,
                   limits_per_mode=no
                   streaming_xtol_chain_test=off,
                   streaming_xtol_chain_diagnosis=off,
                   timing_exceptions_au_analysis=no, calculate_power=no, parallel_strobe_data_file=none, replace_parallel_strobe_data_file=0, shared_io_analysis=no, clk_group_name=no, num_processes=4;
                   advanced_clocking=off, staggered_clocks=0
                   num_threads=0, seq_comp_single_observe_single_chain_test=off;
 bist =            dbist=yes, debug=off, hex=yes, hex_diag_data=no,
                   max_intervals=1000, max_pattern_cells=250,
                   max_seed_patterns=16, max_total_cells=250, min_lfsr_length=20,
                   multi_seeds_per_interval=no, num_dbist_patterns_per_interval=32,
                   num_patterns_per_interval=256, randomize_pis=no, chain_test=no,
                   sim_misr=yes, verbose=no, dump=none, max_routing=4
                   pi_assumed_scan=no, po_assumed_scan=no, assume_bist_setup=no,
                   force_lfsr_load=no, force_xdbist_scalable_selector=no,
                   use_cell_constraints=no, use_constant_value_cells=yes,
                   optimize_fault_sim=yes, trailing_edge_checking=yes;
 build =           add_buffer=yes, delete_unused_gates=yes, fault_boundary=lowest,
                   hierarchical_delimiter='/', limit_fanout=256, undriven_bidi=PIO,
                   net_connections_change_netlist=yes, coerce_port_directions=no,
                   merge: bus_keepers=yes
                          cascaded_gates_with_pin_loss=no
                          equivalent_dlat_dff=on
                          feedback_paths=yes
                          flipflop_from_dlat=on
                          mux_from_gates=pin-preserve
                          tied_gates_with_pin_loss=no
                          global_tie_propagate=yes
                          wire_to_buffer=yes
                          xor_from_gates=pin-preserve
                   bus_handling=none
                   instance_modify=none
                   black_box=none design_box=none portfault_box=none
                   empty_box=none tie0_box=none tie1_box=none nobox=none;
 buses =           external_z=X, fault_contention=TIEX,
                   contention_status=noignore all, zstate_status=noignore all;
 commands =        abort=yes, history=yes;
 contention =      multiple_on=yes, atpg=yes, bidi=yes, bus=yes,
                   dff_dlat=no, float=no, preclock=yes,
                   post_capture_clock_check=yes, ram=no, retain_bidi_direction=no,
                   severity=warning, verbose=no, wire=no,
                   capture_constraint_check=no;
 delay =           diagnostic_propagation=no, launch_cycle=system_clock, mask_nontarget_paths=no,
                   pi_changes=yes, po_measures=yes, relative_edge=no, robust_fill=yes,
                   simulate_hazards=yes, allow_reconverging_paths=no,
                   common_launch_capture_clock=no, allow_multiple_common_clocks=yes,
                   slow_equivalence=no, two_clock_transition_optimization=yes, extra_force=yes
                   data=none, disturb_clock_grouping=yes, transition_clocking_checks=no,
                   slackdata_for_atpg=no, slackdata_for_faultsim=no
                   infinite_slack_checks=no, negative_slack_checks=no
                   max_delta_per_fault=0, max_tmgn=100%,
                   sdql_exponential_function=yes,
                   allow_functional_sensitization=no, allow_nonrobust_tests=yes, multicycle_length=0;
                   any_pulse_launch_capture=no;
 diagnosis =       time_limit=0, check_expected_data=yes,
                   sample=(100000:96), chain_sample=(100:0),
                   verbose=no, incomplete_failures=no, layout_data=yes,
                   show_version=off, show_cycles=off,
                   internal_cell_type=no, cell_aware=no, max_defective_chains=3, min_report_score=1
                   max_report_failures=10, failure_memory_limit=0, failing_cycles_limit=0,
                   cycle_offset=0, composite=no, pt_credit=no, auto=yes,
                   dftmax_chain_format=no, per_pin_limit=no,
                   original_pattern_id=no, use_dictionary=yes,
                   organization=fault, order_candidates=match_score,
                   filter_candidates={score_distance=20 min_score=50 max_number=10},
                   filter_bridges={ambiguous=off same_cell=none},
                   max_simulated_chains=3
                   num_processes=0, post_procedure=none, process_fail=stop
                   pattern=all on,
                   mapping_report=no, fault_type=default;
                   use_default_offset=no, default_offset=0,
                   use_phds=all,
                   intermediate_chain_faults=no;
 drc =             test_proc_file=/DATA/home/edu135/CV32E40P/3_DFT/2_Output/post_dft_topo_8p5ns/cv32e40p_synth_wrap.post_dft_topo_8p5ns.spf,
                   allow_unstable_set_resets=yes, bidi_control_pin=no, clock=dynamic,
                   controller_clock=no, disturb_clock_grouping=no, disturb_limits=1000 20,
                   initialize_dff_dlat=X, multi_captures_per_load=yes, oscillation=500,
                   remove_false_clocks=no, chain_trace=none, extract_cascaded_clock_gating=no, new_cascaded_cgc_analysis=no, spc_chain =none,
                   shadows=on, limit_shadow=none,
                   skew=1, TLAs=yes, trace=off,
                   store_setup=no, store_stability_patterns=no, store_unload_mode_data=no,
                   store_setup_cycles=no,
                   unstable_lsrams=no, compressor_debug_data=no,
                   dslave_remodel=yes, reclassify_invalid_dslaves=yes, observe_invalid_dslaves=yes
                   constraints=yes, z_check_with_all_constraints=no,
                   use_cell_constraints=yes, clockdrc_use_cell_constraints=no,
                   clock_constraints=none, internal_clock_timing=default,
                   seq_comp_accumulator_mode=no,
                   seq_comp_extend_test_setup=no, seq_comp_codec_drc_shifts_simulated=0,
                   set_unload_mode_ports_to_x=yes,
                   seq_comp_jtag_lbist_mode=off,
                   multiple_pipes_per_port=no,
                   dftmax_shift_cycles=0,
                   seq_shift_cycles=0,
                   load_nonscan_cells=no,
                   store_full_cycles=NO_PROC,
                   analyze_drc_violation=off
                   blockage_aware_clock_grouping=no,
                   regular_scan_shift_cycles=0,
                   seq_comp_shift_power_zone=no -all,
                   dynamic_clock_equivalencing=off, scan_shift_clocks=none,
                   fast_multifrequency_capture=spf, multiframe_paths=no,
                   observe_procedure=any, clock_gating_init_cycles_integer=0,
                   pll_launch_on_shift=no, num_pll_cycles=0,
                   check_multiple_shift_clocks=no,
                   max_pll_simulation_passes=100, pll_simulate_test_setup=no,
                   pipeline=no, pipeline_in_compressor=yes,
                   report_x_sink=no, xchain_threshold_probability=0,
                   freerunning_expansion=yes,
                   allow_clocks_as_scan=no,
                   check_user_serializer_bits=yes,
                   lockup_after_compressor=no,
                   hierarchical_atpg=no,
                   verbose=no,
                   independent_sync_clocks=no;
                   max_unidentifiable_scan_chains=100;
                   capture_delay=0,
                   preserve_chain_analysis=no,
                   pipeline_structures=yes;
 faults =          atpg_effectiveness=no, au_credit=0, ax_credit=0, equiv_code=(--),
                   fault_coverage=yes, interval_fault_coverage=no, model=stuck, pt_credit=50, report=collapsed,
                   bridge_inputs=no, persistent_fault_models=no,
                   multi_fanout_di_faults=yes, summary=noverbose, store_dictionary=0,
 iddq =            atpg=no, float=yes, strong=yes, toggle=no, weak=yes, write=yes, bridge_equivalence=yes,
                   exclude_ports=all,
                   interval_size=1;
 learning =        atpg_equivalence=on(sim_passes=32, test_passes=5000),
                   common_input=yes, equivalent_latches=yes, implication=medium, equivalence=high
                   disable_time_limits=no, max_feedback_sources=100, verbose=no;
                   num_threads=0;
 messages =        display=yes, leading_comment=no, level=standard, transcript_comments=yes,
                   logfile=off
 netlist =         celldefine=yes, check_only_used_udps=yes, dominance_detection=on, conservative_mux=combinational_udp,
                   enable_portfaults=yes, instance_portfault=yes, escape=both, max_errors=10, v2k=no, work_dir=".",
                   pin_assign=no, redefined_module=last, scalar_net=no,
                   sequential_modeling=no, suppress_faults=yes, xmodeling=yes;
 patterns =        source=internal,
                   split_patterns=none,
                   histogram_summary=no, load_summary=no, verilog_last_scan=yes,
                   netlist_independent=no, measure_forced_bidis=no, verbose=no,
                   multiple_run_atpg=no,
                   masked_pattern_cycle=no;
 physical_db =     hostname=none, port_number=none,
                   device=none, version=none,
                   lef_directory=none,
                   def_directory=none,
                   database=none,
                   top_def_file=none,
                   technology_lef_file=none;
                   validation=ON
                   create_phds=ON
                   phds_validation_file=none;
                   retry_connection=none;
 pindata =         none;
                   -shift_character=S, -constrain_character=X,
                   -window=global;
 primitive_report= interval=0, max_fanout=2, time=all, verbose=no;
 random_patterns = clock=none, length=1024, observe_type=master;
 sdc=              verbose=no, setup=yes, hold=yes, mark_gui_gates=no, show_all_matches=no
                   case_paths=no, false_paths=yes,
                   multicycle_paths=yes, disable_paths=yes, enable_mcp=no,
                   check_constant_exception=no, apply_cell_constraint=no, steer_faults_exceptions=no
                   delete_common_clock_exceptions=no,
                   enhanced_marking=yes,
                   instance=none,
                   environment=none;
 simulation =      basic_scan=yes, bidi_fill=off, data=(0:-1), measure=pat,
                   analyze_x_sources=no, analyze_x_effects=no,
                   source_disturb=off,
                   capture_mask_always_x=no,
                   xclock_gives_xout=yes, xfill_out_of_range_write=no,
                   pipeline_cells=yes, timing_exceptions_for_stuck_at=no, check_padding_patterns=no
                   use_timing_exceptions=yes, overlapping_exceptions_aware=no
                   map_exception_endpoints=yes
                   oscillation=(10,2), store_memory_contents=no,
                   shift_cycles=0,
                   progress_message=0,
                   ported_patterns=no,
                   words_per_pass=32, verbose=no,
                   dominance_use=off, two_clock_resim=no, num_processes=4;
                   num_threads=0;
 vsv =             port_number=0, timeout=60,
                   status=inactive
 wgl =             chain_list=shift, forces_during_load=previous, group_bidis=no, initial_zx=as_is,
                   inversion_reference=master, last_scan=yes, macro_usage=no, pad=no,
                   scan_map=dash, scan_data_format=pre_measured,
                   bidi_map=(Z0,-0)(Z1,-1)(0X,0-)(1X,1-)(XX,X-)(ZX,-X)(-X,--)(ZZ,-Z)(Z-,--)
 workspace_sizes = atpg_gates=1024, connectors=200000, decisions=10000, DRC_buffer_size=1000, line=50000, string=2048, command_line=50000, command_words=10000, max_trace_gates=500;
