            Pattern Summary Report
 -----------------------------------------------
 #internal patterns                         416
     #basic_scan patterns                   416
 -----------------------------------------------
      Collapsed Stuck Fault Summary Report
 -----------------------------------------------
 fault class                     code   #faults
 ------------------------------  ----  ---------
 Detected                         DT      81553
 Possibly detected                PT        111
 Undetectable                     UD         75
 ATPG untestable                  AU         14
 Not detected                     ND       1256
 -----------------------------------------------
 total faults                             83009
 test coverage                            98.40%
 fault coverage                           98.31%
 -----------------------------------------------
 Memory usage summary: total=76.44MB
            CPU Usage Summary Report
 -----------------------------------------------
 Read netlist CPU time                     0.19
 Model build CPU time                      0.17
 DRC CPU time                              0.05
 ATPG CPU time                             1.73
 Pattern compression CPU time              0.00
 Fault Sim CPU time                        0.00
 Good Sim CPU time                         0.00
 Diagnosis CPU time                        0.00
 Analyses CPU time                         0.00
 Write pattern CPU time                    0.02
 Total session CPU time                    2.37
 -----------------------------------------------
