Information: Deserialized np data
INFO: timer data loaded from /tmp/cv32e40p_synth_wrap_maxcap_eco3_open_site_3387877_546850082.timdat
****************************************
Report : qor
Design : cv32e40p_synth_wrap
Version: W-2024.09-SP2
Date   : Sun May 10 09:17:54 2026
****************************************
Information: The RC mode used is DR for design 'cv32e40p_synth_wrap'. (NEX-022)
Extracting design: cv32e40p_synth_wrap_maxcap_eco3_open_site 
Information: coupling capacitance is lumped to ground. (NEX-030)
Information: 18175 nets are successfully extracted. (NEX-028)
Warning: Advanced receiver model has not been enabled for detailed routed design. (TIM-204)
Information: Update timing completed net estimation for all the timing graph nets (TIM-111)
Information: Net estimation statistics: timing graph nets = 18175, routed nets = 18175, across physical hierarchy nets = 0, parasitics cached nets = 18175, delay annotated nets = 0, parasitics annotated nets = 0, multi-voltage nets = 0. (TIM-112)


Scenario           'default'
Timing Path Group  '**in2reg_default**'
----------------------------------------
Levels of Logic:                     37
Critical Path Length:              4.10
Critical Path Slack:               5.73
Critical Path Clk Period:         10.00
Total Negative Slack:              0.00
No. of Violating Paths:               0
Worst Hold Violation:              0.00
Total Hold Violation:              0.00
No. of Hold Violations:               0
----------------------------------------

Scenario           'default'
Timing Path Group  '**reg2out_default**'
----------------------------------------
Levels of Logic:                     54
Critical Path Length:              5.62
Critical Path Slack:               3.21
Critical Path Clk Period:         10.00
Total Negative Slack:              0.00
No. of Violating Paths:               0
Worst Hold Violation:              0.00
Total Hold Violation:              0.00
No. of Hold Violations:               0
----------------------------------------

Scenario           'default'
Timing Path Group  '**in2out_default**'
----------------------------------------
Levels of Logic:                     23
Critical Path Length:              3.32
Critical Path Slack:               5.57
Critical Path Clk Period:         10.00
Total Negative Slack:              0.00
No. of Violating Paths:               0
Worst Hold Violation:              0.00
Total Hold Violation:              0.00
No. of Hold Violations:               0
----------------------------------------

Scenario           'default'
Timing Path Group  'clk_i'
----------------------------------------
Levels of Logic:                     65
Critical Path Length:              7.66
Critical Path Slack:               2.18
Critical Path Clk Period:         10.00
Total Negative Slack:              0.00
No. of Violating Paths:               0
Worst Hold Violation:             -0.00
Total Hold Violation:             -0.00
No. of Hold Violations:               1
----------------------------------------


Cell Count
----------------------------------------
Hierarchical Cell Count:             76
Hierarchical Port Count:           3928
Leaf Cell Count:                  17215
Buf/Inv Cell Count:                4985
Buf Cell Count:                    3814
Inv Cell Count:                    1171
Combinational Cell Count:         15011
   Single-bit Isolation Cell Count:                        0
   Multi-bit Isolation Cell Count:                         0
   Isolation Cell Banking Ratio:                           0.00%
   Single-bit Level Shifter Cell Count:                    0
   Multi-bit Level Shifter Cell Count:                     0
   Level Shifter Cell Banking Ratio:                       0.00%
   Single-bit ELS Cell Count:                              0
   Multi-bit ELS Cell Count:                               0
   ELS Cell Banking Ratio:                                 0.00%
Sequential Cell Count:             2204
   Integrated Clock-Gating Cell Count:                     74
   Sequential Macro Cell Count:                            0
   Single-bit Sequential Cell Count:                       2130
   Multi-bit Sequential Cell Count:                        0
   Sequential Cell Banking Ratio:                          0.00%
   BitsPerflop:                                            1.00
Macro Count:                          0
----------------------------------------


Area
----------------------------------------
Combinational Area:            38911.99
Noncombinational Area:         20005.71
Buf/Inv Area:                  11369.64
Total Buffer Area:              9562.68
Total Inverter Area:            1806.96
Macro/Black Box Area:              0.00
Net Area:                             0
Net XLength:                  404596.60
Net YLength:                  428890.26
----------------------------------------
Cell Area (netlist):                          58917.70
Cell Area (netlist and physical only):        58917.69
Net Length:                   833486.86


Design Rules
----------------------------------------
Total Number of Nets:             19598
Nets with Violations:                13
Max Trans Violations:                 0
Max Cap Violations:                  13
----------------------------------------

1
