****************************************
Report : qor
Design : cv32e40p_synth_wrap
Version: W-2024.09-SP2
Date   : Sat May  9 10:37:43 2026
****************************************
Information: The RC mode used is VR for design 'cv32e40p_synth_wrap'. (NEX-022)


Scenario           'default'
Timing Path Group  '**in2reg_default**'
----------------------------------------
Levels of Logic:                     37
Critical Path Length:              3.71
Critical Path Slack:               6.11
Critical Path Clk Period:         10.00
Total Negative Slack:              0.00
No. of Violating Paths:               0
Worst Hold Violation:              0.00
Total Hold Violation:              0.00
No. of Hold Violations:               0
----------------------------------------

Scenario           'default'
Timing Path Group  '**reg2out_default**'
----------------------------------------
Levels of Logic:                     46
Critical Path Length:              4.95
Critical Path Slack:               3.95
Critical Path Clk Period:         10.00
Total Negative Slack:              0.00
No. of Violating Paths:               0
Worst Hold Violation:              0.00
Total Hold Violation:              0.00
No. of Hold Violations:               0
----------------------------------------

Scenario           'default'
Timing Path Group  '**in2out_default**'
----------------------------------------
Levels of Logic:                     19
Critical Path Length:              2.90
Critical Path Slack:               6.00
Critical Path Clk Period:         10.00
Total Negative Slack:              0.00
No. of Violating Paths:               0
Worst Hold Violation:              0.00
Total Hold Violation:              0.00
No. of Hold Violations:               0
----------------------------------------

Scenario           'default'
Timing Path Group  'clk_i'
----------------------------------------
Levels of Logic:                     64
Critical Path Length:              6.55
Critical Path Slack:               3.28
Critical Path Clk Period:         10.00
Total Negative Slack:              0.00
No. of Violating Paths:               0
Worst Hold Violation:              0.00
Total Hold Violation:              0.00
No. of Hold Violations:               0
----------------------------------------


Cell Count
----------------------------------------
Hierarchical Cell Count:             76
Hierarchical Port Count:           3624
Leaf Cell Count:                  14083
Buf/Inv Cell Count:                1763
Buf Cell Count:                     554
Inv Cell Count:                    1209
Combinational Cell Count:         11879
   Single-bit Isolation Cell Count:                        0
   Multi-bit Isolation Cell Count:                         0
   Isolation Cell Banking Ratio:                           0.00%
   Single-bit Level Shifter Cell Count:                    0
   Multi-bit Level Shifter Cell Count:                     0
   Level Shifter Cell Banking Ratio:                       0.00%
   Single-bit ELS Cell Count:                              0
   Multi-bit ELS Cell Count:                               0
   ELS Cell Banking Ratio:                                 0.00%
Sequential Cell Count:             2204
   Integrated Clock-Gating Cell Count:                     74
   Sequential Macro Cell Count:                            0
   Single-bit Sequential Cell Count:                       2130
   Multi-bit Sequential Cell Count:                        0
   Sequential Cell Banking Ratio:                          0.00%
   BitsPerflop:                                            1.00
Macro Count:                          0
----------------------------------------


Area
----------------------------------------
Combinational Area:            29529.50
Noncombinational Area:         19920.32
Buf/Inv Area:                   2774.49
Total Buffer Area:              1218.87
Total Inverter Area:            1555.62
Macro/Black Box Area:              0.00
Net Area:                             0
Net XLength:                   85594.65
Net YLength:                   64004.79
----------------------------------------
Cell Area (netlist):                          49449.81
Cell Area (netlist and physical only):        49449.82
Net Length:                   149599.43


Design Rules
----------------------------------------
Total Number of Nets:             16714
Nets with Violations:               541
Max Trans Violations:               120
Max Cap Violations:                 541
----------------------------------------

1
