****************************************
Report : constraint
	-all_violators
	-path slack_only
Design : cv32e40p_synth_wrap
Version: W-2024.09-SP5-3
Date   : Sun May 10 12:24:45 2026
****************************************






   max_capacitance

                             Required        Actual
   Pin                      Capacitance    Capacitance       Slack
   -----------------------------------------------------------------
   u_core/core_i/id_stage_i/U498/Y
                               32.00          32.17          -0.17  (VIOLATED)
   u_core/core_i/cs_registers_i/ZBUF_570_inst_1936/Y
                               32.00          32.09          -0.09  (VIOLATED)
   u_core/core_i/U1913/Y       16.00          16.09          -0.09  (VIOLATED)
   u_core/core_i/U2030/Y       16.00          16.04          -0.04  (VIOLATED)
   u_core/core_i/id_stage_i/ZBUF_69_inst_3241/Y
                               16.00          16.01          -0.01  (VIOLATED)
   u_core/core_i/id_stage_i/ZBUF_77_inst_1849/Y
                               16.00          16.01          -0.01  (VIOLATED)
   u_core/core_i/U318/Y        16.00          16.01          -0.01  (VIOLATED)
   u_core/core_i/id_stage_i/register_file_i/mem_reg[9][14]/Q
                                8.00           8.01          -0.01  (VIOLATED)


1
