****************************************
Report : qor
Design : cv32e40p_synth_wrap
Version: W-2024.09-SP2
Date   : Sat May  9 23:14:45 2026
****************************************
Information: The RC mode used is VR for design 'cv32e40p_synth_wrap'. (NEX-022)
Information: Update timing completed net estimation for all the timing graph nets (TIM-111)
Information: Net estimation statistics: timing graph nets = 15064, routed nets = 0, across physical hierarchy nets = 0, parasitics cached nets = 15063, delay annotated nets = 0, parasitics annotated nets = 0, multi-voltage nets = 0. (TIM-112)


Scenario           'default'
Timing Path Group  '**in2reg_default**'
----------------------------------------
Levels of Logic:                     15
Critical Path Length:              4.11
Critical Path Slack:               4.12
Critical Path Clk Period:          8.50
Total Negative Slack:              0.00
No. of Violating Paths:               0
Worst Hold Violation:              0.00
Total Hold Violation:              0.00
No. of Hold Violations:               0
----------------------------------------

Scenario           'default'
Timing Path Group  '**reg2out_default**'
----------------------------------------
Levels of Logic:                     46
Critical Path Length:              7.72
Critical Path Slack:              -0.32
Critical Path Clk Period:          8.50
Total Negative Slack:             -0.78
No. of Violating Paths:              14
Worst Hold Violation:              0.00
Total Hold Violation:              0.00
No. of Hold Violations:               0
----------------------------------------

Scenario           'default'
Timing Path Group  '**in2out_default**'
----------------------------------------
Levels of Logic:                     20
Critical Path Length:              4.07
Critical Path Slack:               3.33
Critical Path Clk Period:          8.50
Total Negative Slack:              0.00
No. of Violating Paths:               0
Worst Hold Violation:              0.00
Total Hold Violation:              0.00
No. of Hold Violations:               0
----------------------------------------

Scenario           'default'
Timing Path Group  'clk_i'
----------------------------------------
Levels of Logic:                     61
Critical Path Length:              8.45
Critical Path Slack:              -0.14
Critical Path Clk Period:          8.50
Total Negative Slack:             -1.24
No. of Violating Paths:              25
Worst Hold Violation:              0.00
Total Hold Violation:              0.00
No. of Hold Violations:               0
----------------------------------------


Cell Count
----------------------------------------
Hierarchical Cell Count:             76
Hierarchical Port Count:           3761
Leaf Cell Count:                  14060
Buf/Inv Cell Count:                1716
Buf Cell Count:                     508
Inv Cell Count:                    1208
Combinational Cell Count:         11856
   Single-bit Isolation Cell Count:                        0
   Multi-bit Isolation Cell Count:                         0
   Isolation Cell Banking Ratio:                           0.00%
   Single-bit Level Shifter Cell Count:                    0
   Multi-bit Level Shifter Cell Count:                     0
   Level Shifter Cell Banking Ratio:                       0.00%
   Single-bit ELS Cell Count:                              0
   Multi-bit ELS Cell Count:                               0
   ELS Cell Banking Ratio:                                 0.00%
Sequential Cell Count:             2204
   Integrated Clock-Gating Cell Count:                     74
   Sequential Macro Cell Count:                            0
   Single-bit Sequential Cell Count:                       2130
   Multi-bit Sequential Cell Count:                        0
   Sequential Cell Banking Ratio:                          0.00%
   BitsPerflop:                                            1.00
Macro Count:                          0
----------------------------------------


Area
----------------------------------------
Combinational Area:            29509.17
Noncombinational Area:         19920.32
Buf/Inv Area:                   2679.44
Total Buffer Area:              1123.32
Total Inverter Area:            1556.12
Macro/Black Box Area:              0.00
Net Area:                             0
Net XLength:                  326279.60
Net YLength:                  308818.03
----------------------------------------
Cell Area (netlist):                          49429.48
Cell Area (netlist and physical only):        49429.48
Net Length:                   635097.63


Design Rules
----------------------------------------
Total Number of Nets:             16688
Nets with Violations:              2927
Max Trans Violations:               624
Max Cap Violations:                2918
----------------------------------------

1
