****************************************
Report : clock timing
        -type skew
        -nworst 20
        -hold
Design : cv32e40p_synth_wrap
Version: W-2024.09-SP2
Date   : Sat May  9 08:46:49 2026
****************************************

  Mode: default
  Clock: clk_i

  Clock Pin                                          Latency      Skew             Corner
---------------------------------------------------------------------------------------------------
  u_core/core_i/id_stage_i/controller_i/debug_req_q_reg/CLK
                                                        0.05              rp-+    default
  u_core/core_i/id_stage_i/mult_operand_b_ex_o_reg[25]/CLK
                                                        0.37      0.33    rp-+    default

  u_core/core_i/id_stage_i/controller_i/debug_req_q_reg/CLK
                                                        0.05              rp-+    default
  u_core/core_i/id_stage_i/mult_operand_b_ex_o_reg[9]/CLK
                                                        0.37      0.33    rp-+    default

  u_core/core_i/id_stage_i/controller_i/debug_req_q_reg/CLK
                                                        0.05              rp-+    default
  u_core/core_i/id_stage_i/mult_operand_b_ex_o_reg[16]/CLK
                                                        0.37      0.33    rp-+    default

  u_core/core_i/id_stage_i/controller_i/debug_req_q_reg/CLK
                                                        0.05              rp-+    default
  u_core/core_i/id_stage_i/mult_operand_b_ex_o_reg[17]/CLK
                                                        0.37      0.33    rp-+    default

  u_core/core_i/id_stage_i/controller_i/debug_req_q_reg/CLK
                                                        0.05              rp-+    default
  u_core/core_i/id_stage_i/mult_operand_b_ex_o_reg[15]/CLK
                                                        0.37      0.33    rp-+    default

  u_core/core_i/id_stage_i/controller_i/debug_req_q_reg/CLK
                                                        0.05              rp-+    default
  u_core/core_i/id_stage_i/mult_operand_b_ex_o_reg[12]/CLK
                                                        0.37      0.33    rp-+    default

  u_core/core_i/id_stage_i/controller_i/debug_req_q_reg/CLK
                                                        0.05              rp-+    default
  u_core/core_i/id_stage_i/mult_operand_b_ex_o_reg[31]/CLK
                                                        0.37      0.33    rp-+    default

  u_core/core_i/id_stage_i/controller_i/debug_req_q_reg/CLK
                                                        0.05              rp-+    default
  u_core/core_i/id_stage_i/mult_operand_b_ex_o_reg[20]/CLK
                                                        0.37      0.33    rp-+    default

  u_core/core_i/id_stage_i/controller_i/debug_req_q_reg/CLK
                                                        0.05              rp-+    default
  u_core/core_i/id_stage_i/mult_operand_b_ex_o_reg[14]/CLK
                                                        0.37      0.33    rp-+    default

  u_core/core_i/id_stage_i/controller_i/debug_req_q_reg/CLK
                                                        0.05              rp-+    default
  u_core/core_i/id_stage_i/mult_operand_b_ex_o_reg[13]/CLK
                                                        0.37      0.33    rp-+    default

  u_core/core_i/id_stage_i/controller_i/debug_req_q_reg/CLK
                                                        0.05              rp-+    default
  u_core/core_i/id_stage_i/mult_operand_b_ex_o_reg[8]/CLK
                                                        0.37      0.33    rp-+    default

  u_core/core_i/id_stage_i/controller_i/debug_req_q_reg/CLK
                                                        0.05              rp-+    default
  u_core/core_i/id_stage_i/mult_operand_b_ex_o_reg[29]/CLK
                                                        0.37      0.33    rp-+    default

  u_core/core_i/id_stage_i/controller_i/debug_req_q_reg/CLK
                                                        0.05              rp-+    default
  u_core/core_i/id_stage_i/mult_operand_b_ex_o_reg[11]/CLK
                                                        0.37      0.33    rp-+    default

  u_core/core_i/id_stage_i/controller_i/debug_req_q_reg/CLK
                                                        0.05              rp-+    default
  u_core/core_i/id_stage_i/mult_operand_b_ex_o_reg[30]/CLK
                                                        0.37      0.33    rp-+    default

  u_core/core_i/id_stage_i/controller_i/debug_req_q_reg/CLK
                                                        0.05              rp-+    default
  u_core/core_i/id_stage_i/mult_operand_b_ex_o_reg[22]/CLK
                                                        0.37      0.33    rp-+    default

  u_core/core_i/id_stage_i/controller_i/debug_req_q_reg/CLK
                                                        0.05              rp-+    default
  u_core/core_i/id_stage_i/mult_operand_b_ex_o_reg[23]/CLK
                                                        0.37      0.33    rp-+    default

  u_core/core_i/id_stage_i/controller_i/debug_req_q_reg/CLK
                                                        0.05              rp-+    default
  u_core/core_i/id_stage_i/mult_operand_b_ex_o_reg[24]/CLK
                                                        0.37      0.33    rp-+    default

  u_core/core_i/id_stage_i/controller_i/debug_req_q_reg/CLK
                                                        0.05              rp-+    default
  u_core/core_i/id_stage_i/mult_operand_b_ex_o_reg[26]/CLK
                                                        0.37      0.33    rp-+    default

  u_core/core_i/id_stage_i/controller_i/debug_req_q_reg/CLK
                                                        0.05              rp-+    default
  u_core/core_i/id_stage_i/mult_operand_b_ex_o_reg[28]/CLK
                                                        0.37      0.33    rp-+    default

  u_core/core_i/id_stage_i/controller_i/debug_req_q_reg/CLK
                                                        0.05              rp-+    default
  u_core/core_i/id_stage_i/mult_operand_b_ex_o_reg[4]/CLK
                                                        0.37      0.33    rp-+    default

---------------------------------------------------------------------------------------------------
1
