****************************************
Report : net
	-connections
	-verbose
Design : cv32e40p_synth_wrap
Version: W-2024.09-SP5-3
Date   : Sun May 10 09:44:37 2026
****************************************


Connections for net 'u_core/core_i/id_stage_i/n255':
    pin capacitance:    min:5.20079    max:7.84433
    wire capacitance:   min:23.8425*   max:23.8425*  (*:annotated)
    total capacitance:  min:29.0433    max:31.6868
    wire resistance:    min:0.000464852*   max:0.000464852*  (*:annotated)
    number of drivers:  1
    number of loads:    14
    number of pins:     15

                                                   Min       Max
    Driver Pins              Type                  Pin Cap   Pin Cap
    ------------             ----------------      --------  --------
    u_core/core_i/id_stage_i/U246/Y Output Pin (AND4X4_HVT) 0 0

                                                   Min       Max
    Load Pins                Type                  Pin Cap   Pin Cap
    ------------             ----------------      --------  --------
    u_core/core_i/id_stage_i/U703/A3 Input Pin (AO22X1_HVT) 0.369984 0.558759
    u_core/core_i/id_stage_i/U737/A3 Input Pin (AO22X1_HVT) 0.369984 0.558759
    u_core/core_i/id_stage_i/U787/A3 Input Pin (AO22X1_HVT) 0.369984 0.558759
    u_core/core_i/id_stage_i/U813/A3 Input Pin (AO22X1_HVT) 0.369984 0.558759
    u_core/core_i/id_stage_i/U317/A3 Input Pin (AO22X1_HVT) 0.369984 0.558759
    u_core/core_i/id_stage_i/U350/A3 Input Pin (AO22X1_HVT) 0.369984 0.558759
    u_core/core_i/id_stage_i/U935/A3 Input Pin (AO22X1_HVT) 0.369984 0.558759
    u_core/core_i/id_stage_i/U964/A3 Input Pin (AO22X1_HVT) 0.369984 0.558759
    u_core/core_i/id_stage_i/U540/A3 Input Pin (AO22X1_HVT) 0.369984 0.558759
    u_core/core_i/id_stage_i/U1039/A4 Input Pin (AO22X1_HVT) 0.391001 0.580467
    u_core/core_i/id_stage_i/U1088/A3 Input Pin (AO22X1_HVT) 0.369984 0.558759
    u_core/core_i/id_stage_i/U653/A3 Input Pin (AO22X1_HVT) 0.369984 0.558759
    u_core/core_i/id_stage_i/U678/A3 Input Pin (AO22X1_HVT) 0.369984 0.558759
    u_core/core_i/id_stage_i/U1118/A3 Input Pin (AO22X1_HVT) 0.369984 0.558759

1
