Using libraries: cv32e40p_icc2_lib saed32rvt_tt saed32lvt_tt saed32hvt_tt
Visiting block cv32e40p_icc2_lib:cv32e40p_synth_wrap.design
Design 'cv32e40p_synth_wrap' was successfully linked.
Warning: Cell contains tie connections which are not connected to real PG. (ZRT-511)
NEX(Warning): extract.rc_techfile_for_diode_mode_26_thickness not set, will igonre it
Cell Min-Routing-Layer = M1
Cell Max-Routing-Layer = M8
Turn off antenna since no rule is specified
Information: Option route.detail.force_end_on_preferred_grid will be ignored since none of the layers have preferred grid. (ZRT-703)
Warning: Cannot find a default contact code for layer CO. (ZRT-022)
Warning: Port VDD of cell cv32e40p_synth_wrap is unplaced.  This may impact routing result. (ZRT-740)
Warning: Port VSS of cell cv32e40p_synth_wrap is unplaced.  This may impact routing result. (ZRT-740)
Warning: Ignore 2 top cell ports with no pins. (ZRT-027)
Skipping 6 internal pins that are not physical. Set route.common.verbose_level to > 0 and run routing command to get skipped pin names.
Info: number of net_type_blockage: 0 
Information: Via ladder engine would be activated for pattern must join connection in certain commands. Please refer to man-page for the command list. (ZRT-619)
Information: When applicable Min-max layer allow_pin_connection mode will allow paths of length 5.32 outside the layer range. (ZRT-707)
Information: When applicable Min-max layer allow_pin_connection mode will allow paths of length 5.32 outside the layer range on clock nets. (ZRT-718)
Information: When applicable layer based tapering will taper up to 0.00 in distance from the pin. (ZRT-706)
Warning: Standard cell pin MUX41X2_HVT/S0 has no valid via regions. (ZRT-044)


Start checking for open nets ... 

Total number of nets = 18476, of which 0 are not extracted
Total number of open nets = 0, of which 0 are frozen

Check 18476 nets, 0 have Errors

[CHECK OPEN NETS] Elapsed real time: 0:00:00 
[CHECK OPEN NETS] Elapsed cpu  time: sys=0:00:00 usr=0:00:00 total=0:00:00
[CHECK OPEN NETS] Stage (MB): Used    0  Alloctr    0  Proc    0 
[CHECK OPEN NETS] Total (MB): Used   61  Alloctr   62  Proc 4166 
Printing options for 'route.common.*'

Printing options for 'route.detail.*'
detail.antenna                                          :	 true                
detail.generate_extra_off_grid_pin_tracks               :	 true                

Printing options for 'route.auto_via_ladder.*'


Begin full DRC check ...

Information: Using 1 threads for routing. (ZRT-444)
Checked	1/25 Partitions, Violations =	20
Checked	2/25 Partitions, Violations =	20
Checked	3/25 Partitions, Violations =	20
Checked	4/25 Partitions, Violations =	33
Checked	5/25 Partitions, Violations =	48
Checked	6/25 Partitions, Violations =	57
Checked	7/25 Partitions, Violations =	67
Checked	8/25 Partitions, Violations =	101
Checked	9/25 Partitions, Violations =	101
Checked	10/25 Partitions, Violations =	102
Checked	11/25 Partitions, Violations =	110
Checked	12/25 Partitions, Violations =	118
Checked	13/25 Partitions, Violations =	121
Checked	14/25 Partitions, Violations =	127
Checked	15/25 Partitions, Violations =	267
Checked	16/25 Partitions, Violations =	279
Checked	17/25 Partitions, Violations =	305
Checked	18/25 Partitions, Violations =	305
Checked	19/25 Partitions, Violations =	308
Checked	20/25 Partitions, Violations =	312
Checked	21/25 Partitions, Violations =	313
Checked	22/25 Partitions, Violations =	313
Checked	23/25 Partitions, Violations =	347
Checked	24/25 Partitions, Violations =	369
Checked	25/25 Partitions, Violations =	385
[DRC CHECK] Elapsed real time: 0:00:08 
[DRC CHECK] Elapsed cpu  time: sys=0:00:00 usr=0:00:08 total=0:00:08
[DRC CHECK] Stage (MB): Used    0  Alloctr    0  Proc  169 
[DRC CHECK] Total (MB): Used  155  Alloctr  156  Proc 4422 
Warning: No antenna rules defined, Skip antenna analysis. (ZRT-309)

DRC-SUMMARY:
	@@@@@@@ TOTAL VIOLATIONS =	385
	Diff net spacing : 134
	Less than minimum area : 5
	Needs fat contact : 84
	Off-grid : 160
	Same net spacing : 1
	Short : 1


Total Wire Length =                    694388 micron
Total Number of Contacts =             186746
Total Number of Wires =                191103
Total Number of PtConns =              23016
Total Number of Routed Wires =       191047
Total Routed Wire Length =           691753 micron
Total Number of Routed Contacts =       186746
	Layer                 M1 :      29657 micron
	Layer                 M2 :     202026 micron
	Layer                 M3 :     168211 micron
	Layer                 M4 :     126475 micron
	Layer                 M5 :      84012 micron
	Layer                 M6 :      43346 micron
	Layer                 M7 :      30181 micron
	Layer                 M8 :       7844 micron
	Layer                 M9 :          0 micron
	Layer               MRDL :          0 micron
	Via            VIA78SQ_C :        327
	Via       VIA67SQ_C(rot) :       2206
	Via            VIA56SQ_C :       3650
	Via            VIA45SQ_C :          2
	Via       VIA45SQ_C(rot) :      10998
	Via            VIA34SQ_C :      18179
	Via       VIA34SQ_C(rot) :        143
	Via            VIA23SQ_C :       1192
	Via       VIA23SQ_C(rot) :      75676
	Via            VIA12SQ_C :      69039
	Via       VIA12SQ_C(rot) :       3259
	Via        VIA12SQ_C_2x1 :       1526
	Via   VIA12SQ_C(rot)_1x2 :        126
	Via   VIA12SQ_C(rot)_2x1 :          3
	Via        VIA12SQ_C_1x2 :        312
	Via          VIA12SQ_2x1 :          3
	Via     VIA12SQ(rot)_1x2 :          1
	Via     VIA12SQ(rot)_2x1 :         17
	Via          VIA12SQ_1x2 :         87

 
Redundant via conversion report:
--------------------------------

  Total optimized via conversion rate =  1.11% (2075 / 186746 vias)
 
    Layer VIA1       =  2.79% (2075   / 74373   vias)
        Weight 1     =  2.79% (2075    vias)
        Un-optimized =  0.00% (0       vias)
        Un-mapped    = 97.21% (72298   vias)
    Layer VIA2       =  0.00% (0      / 76868   vias)
        Un-optimized =  0.00% (0       vias)
        Un-mapped    = 100.00% (76868   vias)
    Layer VIA3       =  0.00% (0      / 18322   vias)
        Un-optimized =  0.00% (0       vias)
        Un-mapped    = 100.00% (18322   vias)
    Layer VIA4       =  0.00% (0      / 11000   vias)
        Un-optimized =  0.00% (0       vias)
        Un-mapped    = 100.00% (11000   vias)
    Layer VIA5       =  0.00% (0      / 3650    vias)
        Un-optimized =  0.00% (0       vias)
        Un-mapped    = 100.00% (3650    vias)
    Layer VIA6       =  0.00% (0      / 2206    vias)
        Un-optimized =  0.00% (0       vias)
        Un-mapped    = 100.00% (2206    vias)
    Layer VIA7       =  0.00% (0      / 327     vias)
        Un-optimized =  0.00% (0       vias)
        Un-mapped    = 100.00% (327     vias)
 
  Total double via conversion rate    =  1.11% (2075 / 186746 vias)
 
    Layer VIA1       =  2.79% (2075   / 74373   vias)
    Layer VIA2       =  0.00% (0      / 76868   vias)
    Layer VIA3       =  0.00% (0      / 18322   vias)
    Layer VIA4       =  0.00% (0      / 11000   vias)
    Layer VIA5       =  0.00% (0      / 3650    vias)
    Layer VIA6       =  0.00% (0      / 2206    vias)
    Layer VIA7       =  0.00% (0      / 327     vias)
 
  The optimized via conversion rate based on total routed via count =  1.11% (2075 / 186746 vias)
 
    Layer VIA1       =  2.79% (2075   / 74373   vias)
        Weight 1     =  2.79% (2075    vias)
        Un-optimized =  0.00% (0       vias)
        Un-mapped    = 97.21% (72298   vias)
    Layer VIA2       =  0.00% (0      / 76868   vias)
        Un-optimized =  0.00% (0       vias)
        Un-mapped    = 100.00% (76868   vias)
    Layer VIA3       =  0.00% (0      / 18322   vias)
        Un-optimized =  0.00% (0       vias)
        Un-mapped    = 100.00% (18322   vias)
    Layer VIA4       =  0.00% (0      / 11000   vias)
        Un-optimized =  0.00% (0       vias)
        Un-mapped    = 100.00% (11000   vias)
    Layer VIA5       =  0.00% (0      / 3650    vias)
        Un-optimized =  0.00% (0       vias)
        Un-mapped    = 100.00% (3650    vias)
    Layer VIA6       =  0.00% (0      / 2206    vias)
        Un-optimized =  0.00% (0       vias)
        Un-mapped    = 100.00% (2206    vias)
    Layer VIA7       =  0.00% (0      / 327     vias)
        Un-optimized =  0.00% (0       vias)
        Un-mapped    = 100.00% (327     vias)
 


Verify Summary:

Total number of nets = 18476, of which 0 are not extracted
Total number of open nets = 0, of which 0 are frozen
Total number of excluded ports = 0 ports of 0 unplaced cells connected to 0 nets
                                 0 ports without pins of 0 cells connected to 0 nets
                                 0 ports of 0 cover cells connected to 0 non-pg nets
Total number of DRCs = 385
Total number of antenna violations = no antenna rules defined
Total number of tie to rail violations = not checked
Total number of tie to rail directly violations = not checked


