****************************************
Report : Report drc errors
Design : cv32e40p_synth_wrap
Data   : zroute.err
Type   : matrix
Version: W-2024.09-SP2
Date   : Fri May  8 22:31:53 2026
****************************************

                       | M1    M1-M2   M2   M3  VIA1  | TOTALS BY TYPE
-------------------------------------------------------------------------
Diff net spacing       | 130   -       4    -   -     | 134
Less than minimum area | -     -       5    -   -     | 5
Needs fat contact      | -     84      -    -   -     | 84
Off-grid               | 5     -       73   -   82    | 160
Same net spacing       | -     -       -    1   -     | 1
Short                  | 1     -       -    -   -     | 1
-------------------------------------------------------------------------
                       | M1    M1-M2   M2   M3  VIA1  | 385
TOTALS BY LAYER        | 136   84      82   1   82    |
1
