****************************************
Report : Report drc errors
Design : cv32e40p_synth_wrap
Data   : zroute.err
Type   : error_type
Version: W-2024.09-SP2
Date   : Fri May  8 22:31:53 2026
****************************************

ErrorSet                                    Total   Visible     Fixed   Ignored
--------------------------------------------------------------------------------
Design : cv32e40p_synth_wrap                385     385         0       0
      Data : zroute.err                     385     385         0       0
            Diff net spacing                134     134         0       0
                M1 (11)                     130     130         0       0
                M2 (13)                     4       4           0       0
            Less than minimum area          5       5           0       0
                M2 (13)                     5       5           0       0
            Needs fat contact               84      84          0       0
                M1 (11)-M2 (13)             84      84          0       0
            Off-grid                        160     160         0       0
                M1 (11)                     5       5           0       0
                M2 (13)                     73      73          0       0
                VIA1 (12)                   82      82          0       0
            Same net spacing                1       1           0       0
                M3 (15)                     1       1           0       0
            Short                           1       1           0       0
                M1 (11)                     1       1           0       0
1
