Warning: Cell contains tie connections which are not connected to real PG. (ZRT-511)
NEX(Warning): extract.rc_techfile_for_diode_mode_26_thickness not set, will igonre it
Cell Min-Routing-Layer = M1
Cell Max-Routing-Layer = M8
Turn off antenna since no rule is specified
Information: Option route.detail.force_end_on_preferred_grid will be ignored since none of the layers have preferred grid. (ZRT-703)
Warning: Cannot find a default contact code for layer CO. (ZRT-022)
Skipping 6 internal pins that are not physical. Set route.common.verbose_level to > 0 and run routing command to get skipped pin names.
Info: number of net_type_blockage: 0 
Information: Via ladder engine would be activated for pattern must join connection in certain commands. Please refer to man-page for the command list. (ZRT-619)
Information: When applicable Min-max layer allow_pin_connection mode will allow paths of length 5.32 outside the layer range. (ZRT-707)
Information: When applicable Min-max layer allow_pin_connection mode will allow paths of length 5.32 outside the layer range on clock nets. (ZRT-718)
Information: When applicable layer based tapering will taper up to 0.00 in distance from the pin. (ZRT-706)


Start checking for open nets ... 

Total number of nets = 18936, of which 0 are not extracted
Total number of open nets = 0, of which 0 are frozen

Check 18936 nets, 0 have Errors

[CHECK OPEN NETS] Elapsed real time: 0:00:00 
[CHECK OPEN NETS] Elapsed cpu  time: sys=0:00:00 usr=0:00:00 total=0:00:00
[CHECK OPEN NETS] Stage (MB): Used    0  Alloctr    0  Proc    0 
[CHECK OPEN NETS] Total (MB): Used   63  Alloctr   64  Proc 4227 
Printing options for 'route.common.*'

Printing options for 'route.detail.*'
detail.antenna                                          :	 true                

Printing options for 'route.auto_via_ladder.*'


Begin full DRC check ...

Information: Using 1 threads for routing. (ZRT-444)
Checked	1/25 Partitions, Violations =	4
Checked	2/25 Partitions, Violations =	10
Checked	3/25 Partitions, Violations =	16
Checked	4/25 Partitions, Violations =	19
Checked	5/25 Partitions, Violations =	33
Checked	6/25 Partitions, Violations =	99
Checked	7/25 Partitions, Violations =	99
Checked	8/25 Partitions, Violations =	115
Checked	9/25 Partitions, Violations =	135
Checked	10/25 Partitions, Violations =	165
Checked	11/25 Partitions, Violations =	172
Checked	12/25 Partitions, Violations =	181
Checked	13/25 Partitions, Violations =	185
Checked	14/25 Partitions, Violations =	187
Checked	15/25 Partitions, Violations =	253
Checked	16/25 Partitions, Violations =	262
Checked	17/25 Partitions, Violations =	282
Checked	18/25 Partitions, Violations =	296
Checked	19/25 Partitions, Violations =	301
Checked	20/25 Partitions, Violations =	301
Checked	21/25 Partitions, Violations =	301
Checked	22/25 Partitions, Violations =	319
Checked	23/25 Partitions, Violations =	334
Checked	24/25 Partitions, Violations =	375
Checked	25/25 Partitions, Violations =	384
[DRC CHECK] Elapsed real time: 0:00:09 
[DRC CHECK] Elapsed cpu  time: sys=0:00:00 usr=0:00:09 total=0:00:09
[DRC CHECK] Stage (MB): Used    0  Alloctr    0  Proc  172 
[DRC CHECK] Total (MB): Used  156  Alloctr  158  Proc 4477 
Warning: No antenna rules defined, Skip antenna analysis. (ZRT-309)
Information: Merged away 1 aligned/redundant DRCs. (ZRT-305)

DRC-SUMMARY:
	@@@@@@@ TOTAL VIOLATIONS =	383
	Diff net spacing : 224
	Off-grid : 155
	Short : 4


Total Wire Length =                    909208 micron
Total Number of Contacts =             211323
Total Number of Wires =                228236
Total Number of PtConns =              23512
Total Number of Routed Wires =       228186
Total Routed Wire Length =           906489 micron
Total Number of Routed Contacts =       211323
	Layer                 M1 :      61807 micron
	Layer                 M2 :     255914 micron
	Layer                 M3 :     206123 micron
	Layer                 M4 :     160296 micron
	Layer                 M5 :     103095 micron
	Layer                 M6 :      62219 micron
	Layer                 M7 :      41977 micron
	Layer                 M8 :      15058 micron
	Layer                 M9 :          0 micron
	Layer               MRDL :          0 micron
	Via            VIA78SQ_C :        509
	Via       VIA67SQ_C(rot) :       3197
	Via            VIA56SQ_C :       5210
	Via            VIA45SQ_C :          2
	Via       VIA45SQ_C(rot) :      13886
	Via            VIA34SQ_C :      23070
	Via       VIA34SQ_C(rot) :        373
	Via            VIA23SQ_C :       1842
	Via       VIA23SQ_C(rot) :      78594
	Via            VIA12SQ_C :      78768
	Via       VIA12SQ_C(rot) :       3853
	Via       VIA12LG_C(rot) :          3
	Via        VIA12SQ_C_2x1 :       1148
	Via   VIA12SQ_C(rot)_1x2 :        226
	Via   VIA12SQ_C(rot)_2x1 :          7
	Via        VIA12SQ_C_1x2 :        475
	Via          VIA12SQ_2x1 :         17
	Via     VIA12SQ(rot)_1x2 :          1
	Via     VIA12SQ(rot)_2x1 :         55
	Via          VIA12SQ_1x2 :         87

 
Redundant via conversion report:
--------------------------------

  Total optimized via conversion rate =  0.95% (2016 / 211323 vias)
 
    Layer VIA1       =  2.38% (2016   / 84640   vias)
        Weight 1     =  2.38% (2016    vias)
        Un-optimized =  0.00% (0       vias)
        Un-mapped    = 97.62% (82624   vias)
    Layer VIA2       =  0.00% (0      / 80436   vias)
        Un-optimized =  0.00% (0       vias)
        Un-mapped    = 100.00% (80436   vias)
    Layer VIA3       =  0.00% (0      / 23443   vias)
        Un-optimized =  0.00% (0       vias)
        Un-mapped    = 100.00% (23443   vias)
    Layer VIA4       =  0.00% (0      / 13888   vias)
        Un-optimized =  0.00% (0       vias)
        Un-mapped    = 100.00% (13888   vias)
    Layer VIA5       =  0.00% (0      / 5210    vias)
        Un-optimized =  0.00% (0       vias)
        Un-mapped    = 100.00% (5210    vias)
    Layer VIA6       =  0.00% (0      / 3197    vias)
        Un-optimized =  0.00% (0       vias)
        Un-mapped    = 100.00% (3197    vias)
    Layer VIA7       =  0.00% (0      / 509     vias)
        Un-optimized =  0.00% (0       vias)
        Un-mapped    = 100.00% (509     vias)
 
  Total double via conversion rate    =  0.95% (2016 / 211323 vias)
 
    Layer VIA1       =  2.38% (2016   / 84640   vias)
    Layer VIA2       =  0.00% (0      / 80436   vias)
    Layer VIA3       =  0.00% (0      / 23443   vias)
    Layer VIA4       =  0.00% (0      / 13888   vias)
    Layer VIA5       =  0.00% (0      / 5210    vias)
    Layer VIA6       =  0.00% (0      / 3197    vias)
    Layer VIA7       =  0.00% (0      / 509     vias)
 
  The optimized via conversion rate based on total routed via count =  0.95% (2016 / 211323 vias)
 
    Layer VIA1       =  2.38% (2016   / 84640   vias)
        Weight 1     =  2.38% (2016    vias)
        Un-optimized =  0.00% (0       vias)
        Un-mapped    = 97.62% (82624   vias)
    Layer VIA2       =  0.00% (0      / 80436   vias)
        Un-optimized =  0.00% (0       vias)
        Un-mapped    = 100.00% (80436   vias)
    Layer VIA3       =  0.00% (0      / 23443   vias)
        Un-optimized =  0.00% (0       vias)
        Un-mapped    = 100.00% (23443   vias)
    Layer VIA4       =  0.00% (0      / 13888   vias)
        Un-optimized =  0.00% (0       vias)
        Un-mapped    = 100.00% (13888   vias)
    Layer VIA5       =  0.00% (0      / 5210    vias)
        Un-optimized =  0.00% (0       vias)
        Un-mapped    = 100.00% (5210    vias)
    Layer VIA6       =  0.00% (0      / 3197    vias)
        Un-optimized =  0.00% (0       vias)
        Un-mapped    = 100.00% (3197    vias)
    Layer VIA7       =  0.00% (0      / 509     vias)
        Un-optimized =  0.00% (0       vias)
        Un-mapped    = 100.00% (509     vias)
 


Verify Summary:

Total number of nets = 18936, of which 0 are not extracted
Total number of open nets = 0, of which 0 are frozen
Total number of excluded ports = 0 ports of 0 unplaced cells connected to 0 nets
                                 0 ports without pins of 0 cells connected to 0 nets
                                 0 ports of 0 cover cells connected to 0 non-pg nets
Total number of DRCs = 383
Total number of antenna violations = no antenna rules defined
Total number of tie to rail violations = not checked
Total number of tie to rail directly violations = not checked


