DRC marker context summary
context=7_Backend_ICC2/4_Report/trials/route_no012_nor2x4_to_nor2x2_eco_restore_after_pin_swap/99_marker_context/marker_context.rpt
markers=67
markers_with_swapped_cells=0
swap_file=

Top refs by marker count
   43 NOR2X2_HVT
   10 OR2X4_HVT
    9 SDFFARX1_RVT
    2 NOR2X4_HVT
    2 NAND2X0_HVT
    2 SDFFASX1_RVT
    2 NBUFFX4_HVT
    1 MUX41X2_HVT
    1 AND2X1_HVT
    1 NBUFFX8_HVT

Top pin leaf names by marker count
   55 A1
   54 VSS
   11 VDD
    7 RSTB
    4 Q
    3 QN
    1 Y

Top cells by marker count
    3 u_core/core_i/if_stage_i/prefetch_buffer_i/prefetch_controller_i/trans_addr_q_reg[7]
    3 u_core/core_i/if_stage_i/prefetch_buffer_i/prefetch_controller_i/trans_addr_q_reg[3]
    2 u_core/core_i/cs_registers_i/U110
    2 u_core/core_i/ex_stage_i/alu_i/alu_div_i/ResReg_DP_reg[21]
    2 u_core/core_i/U99
    2 u_core/core_i/if_stage_i/instr_rdata_id_o_reg[27]
    2 u_core/core_i/ZBUF_200_inst_3715
    1 u_core/core_i/id_stage_i/U2688
    1 u_core/core_i/U5633
    1 u_core/core_i/id_stage_i/U3540
    1 u_core/core_i/id_stage_i/U1195
    1 u_core/core_i/id_stage_i/U1193
    1 u_core/core_i/id_stage_i/U3375
    1 u_core/core_i/id_stage_i/U2475
    1 u_core/core_i/U5127
    1 u_core/core_i/id_stage_i/U204
    1 u_core/core_i/id_stage_i/U3250
    1 u_core/core_i/id_stage_i/U1190
    1 u_core/core_i/id_stage_i/U1198
    1 u_core/core_i/id_stage_i/U1200
    1 u_core/core_i/id_stage_i/U1700
    1 u_core/core_i/U5112
    1 u_core/core_i/U5494
    1 u_core/core_i/id_stage_i/U392
    1 u_core/core_i/id_stage_i/U394
    1 u_core/core_i/id_stage_i/U582
    1 u_core/core_i/id_stage_i/U1160
    1 u_core/core_i/id_stage_i/U577
    1 u_core/core_i/U19
    1 u_core/core_i/U1091
    1 u_core/core_i/U1065
    1 u_core/core_i/U1041
    1 u_core/core_i/U1135
    1 u_core/core_i/U981
    1 u_core/core_i/id_stage_i/U178
    1 u_core/core_i/U2032
    1 u_core/core_i/U993
    1 u_core/core_i/U5113
    1 u_core/core_i/U4423
    1 u_core/core_i/U3800
    1 u_core/core_i/U927
    1 u_core/core_i/U937
    1 u_core/core_i/U2470
    1 u_core/core_i/U2548
    1 u_core/core_i/U2618
    1 u_core/core_i/U2690
    1 u_core/core_i/U4279
    1 u_core/core_i/U3879
    1 u_core/core_i/ZBUF_647_inst_1764
    1 u_core/core_i/U804

Markers with swapped cells
