DRC representative marker summary

drc_marker_count=67
representative_count=26

By type/layer:
  Off-grid | VIA1 (12): 54
  Off-grid | M1 (11): 4
  Short | M1 (11): 4
  Diff net spacing | M1 (11): 3
  Off-grid | M2 (13): 1
  Diff net spacing | M2 (13): 1

Top 20um buckets:
  200-220,260-280: 6
  200-220,280-300: 4
  220-240,280-300: 4
  020-040,060-080: 3
  300-320,060-080: 3
  240-260,260-280: 3
  060-080,040-060: 2
  020-040,040-060: 2
  040-060,060-080: 2
  180-200,160-180: 2
  220-240,140-160: 2
  220-240,180-200: 2
  300-320,180-200: 2
  180-200,200-220: 2
  160-180,220-240: 2
  220-240,260-280: 2
  240-260,280-300: 2
  240-260,240-260: 2
  060-080,020-040: 1
  020-040,020-040: 1
