DRC marker context summary
context=7_Backend_ICC2/4_Report/trials/route_no012_nor2x4_to_nor2x2_eco/99_marker_context_all/marker_context.rpt
markers=67
markers_with_swapped_cells=43
swap_file=configs/backend/a2_edge_nor2x4_to_nor2x2_hvt_resize.tsv

Top refs by marker count
   43 NOR2X2_HVT
   10 OR2X4_HVT
    9 SDFFARX1_RVT
    2 NOR2X4_HVT
    2 NAND2X0_HVT
    2 SDFFASX1_RVT
    2 NBUFFX4_HVT
    1 NBUFFX8_HVT
    1 AND2X1_HVT
    1 MUX41X2_HVT

Top pin leaf names by marker count
   55 A1
   54 VSS
   11 VDD
    7 RSTB
    4 Q
    3 QN
    1 Y

Top cells by marker count
    3 u_core/core_i/if_stage_i/prefetch_buffer_i/prefetch_controller_i/trans_addr_q_reg[3]
    3 u_core/core_i/if_stage_i/prefetch_buffer_i/prefetch_controller_i/trans_addr_q_reg[7]
    2 u_core/core_i/cs_registers_i/U110
    2 u_core/core_i/U99
    2 u_core/core_i/ex_stage_i/alu_i/alu_div_i/ResReg_DP_reg[21]
    2 u_core/core_i/ZBUF_200_inst_3715
    2 u_core/core_i/if_stage_i/instr_rdata_id_o_reg[27]
    1 u_core/core_i/id_stage_i/U2688 swapped
    1 u_core/core_i/U5633
    1 u_core/core_i/id_stage_i/U3540 swapped
    1 u_core/core_i/id_stage_i/U1195 swapped
    1 u_core/core_i/id_stage_i/U1193 swapped
    1 u_core/core_i/id_stage_i/U3375 swapped
    1 u_core/core_i/id_stage_i/U2475
    1 u_core/core_i/U5127 swapped
    1 u_core/core_i/id_stage_i/U204 swapped
    1 u_core/core_i/id_stage_i/U3250 swapped
    1 u_core/core_i/id_stage_i/U1190 swapped
    1 u_core/core_i/id_stage_i/U1198 swapped
    1 u_core/core_i/id_stage_i/U1200 swapped
    1 u_core/core_i/id_stage_i/U1700 swapped
    1 u_core/core_i/U5112 swapped
    1 u_core/core_i/U5494
    1 u_core/core_i/id_stage_i/U392 swapped
    1 u_core/core_i/id_stage_i/U394 swapped
    1 u_core/core_i/id_stage_i/U582 swapped
    1 u_core/core_i/id_stage_i/U1160 swapped
    1 u_core/core_i/id_stage_i/U577 swapped
    1 u_core/core_i/U19
    1 u_core/core_i/U1091
    1 u_core/core_i/U1065
    1 u_core/core_i/U1041
    1 u_core/core_i/U1135
    1 u_core/core_i/U981
    1 u_core/core_i/id_stage_i/U178 swapped
    1 u_core/core_i/U2032 swapped
    1 u_core/core_i/U993
    1 u_core/core_i/U5113 swapped
    1 u_core/core_i/U4423 swapped
    1 u_core/core_i/U3800 swapped
    1 u_core/core_i/U927 swapped
    1 u_core/core_i/U937 swapped
    1 u_core/core_i/U2470 swapped
    1 u_core/core_i/U2548 swapped
    1 u_core/core_i/U2618 swapped
    1 u_core/core_i/U2690 swapped
    1 u_core/core_i/U4279 swapped
    1 u_core/core_i/U3879 swapped
    1 u_core/core_i/U1723
    1 u_core/core_i/U804

Markers with swapped cells
all_0	refs=NOR2X2_HVT	pins=A1 VSS	cells=u_core/core_i/id_stage_i/U2688
all_10	refs=NOR2X2_HVT	pins=A1 VSS	cells=u_core/core_i/id_stage_i/U3250
all_11	refs=NOR2X2_HVT	pins=A1 VSS	cells=u_core/core_i/id_stage_i/U1190
all_12	refs=NOR2X2_HVT	pins=A1 VSS	cells=u_core/core_i/id_stage_i/U1198
all_13	refs=NOR2X2_HVT	pins=A1 VSS	cells=u_core/core_i/id_stage_i/U1200
all_17	refs=NOR2X2_HVT	pins=A1 VSS	cells=u_core/core_i/id_stage_i/U1700
all_18	refs=NOR2X2_HVT	pins=A1 VSS	cells=u_core/core_i/U5112
all_2	refs=NOR2X2_HVT	pins=A1 VSS	cells=u_core/core_i/id_stage_i/U3540
all_20	refs=NOR2X2_HVT	pins=A1 VSS	cells=u_core/core_i/id_stage_i/U392
all_23	refs=NOR2X2_HVT	pins=A1 VSS	cells=u_core/core_i/id_stage_i/U394
all_24	refs=NOR2X2_HVT	pins=A1 VSS	cells=u_core/core_i/id_stage_i/U582
all_25	refs=NOR2X2_HVT	pins=A1 VSS	cells=u_core/core_i/id_stage_i/U1160
all_26	refs=NOR2X2_HVT	pins=A1 VSS	cells=u_core/core_i/id_stage_i/U577
all_3	refs=NOR2X2_HVT	pins=A1 VSS	cells=u_core/core_i/id_stage_i/U1195
all_35	refs=NOR2X2_HVT	pins=A1 VSS	cells=u_core/core_i/id_stage_i/U178
all_37	refs=NOR2X2_HVT	pins=A1 VSS	cells=u_core/core_i/U2032
all_4	refs=NOR2X2_HVT	pins=A1 VSS	cells=u_core/core_i/id_stage_i/U1193
all_41	refs=NOR2X2_HVT	pins=A1 VSS	cells=u_core/core_i/U5113
all_42	refs=NOR2X2_HVT	pins=A1 VSS	cells=u_core/core_i/U4423
all_43	refs=NOR2X2_HVT	pins=A1 VSS	cells=u_core/core_i/U3800
all_44	refs=NOR2X2_HVT	pins=A1 VSS	cells=u_core/core_i/U927
all_45	refs=NOR2X2_HVT	pins=A1 VSS	cells=u_core/core_i/U937
all_46	refs=NOR2X2_HVT	pins=A1 VSS	cells=u_core/core_i/U2470
all_47	refs=NOR2X2_HVT	pins=A1 VSS	cells=u_core/core_i/U2548
all_48	refs=NOR2X2_HVT	pins=A1 VSS	cells=u_core/core_i/U2618
all_49	refs=NOR2X2_HVT	pins=A1 VSS	cells=u_core/core_i/U2690
all_5	refs=NOR2X2_HVT	pins=A1 VSS	cells=u_core/core_i/id_stage_i/U3375
all_50	refs=NOR2X2_HVT	pins=A1 VSS	cells=u_core/core_i/U4279
all_51	refs=NOR2X2_HVT	pins=A1 VSS	cells=u_core/core_i/U3879
all_53	refs=NOR2X2_HVT	pins=A1 VSS	cells=u_core/core_i/U1414
all_56	refs=NOR2X2_HVT	pins=A1 VSS	cells=u_core/core_i/U4246
all_57	refs=NOR2X2_HVT	pins=A1 VSS	cells=u_core/core_i/U2033
all_58	refs=NOR2X2_HVT	pins=A1 VSS	cells=u_core/core_i/U2150
all_59	refs=NOR2X2_HVT	pins=A1 VSS	cells=u_core/core_i/U3140
all_60	refs=NOR2X2_HVT	pins=A1 VSS	cells=u_core/core_i/U4285
all_61	refs=NOR2X2_HVT	pins=A1 VSS	cells=u_core/core_i/U4296
all_62	refs=NOR2X2_HVT	pins=A1 VSS	cells=u_core/core_i/U4266
all_63	refs=NOR2X2_HVT	pins=A1 VSS	cells=u_core/core_i/U4256
all_64	refs=NOR2X2_HVT	pins=A1 VSS	cells=u_core/core_i/U4234
all_65	refs=NOR2X2_HVT	pins=A1 VSS	cells=u_core/core_i/U1778
all_66	refs=NOR2X2_HVT	pins=A1 VSS	cells=u_core/core_i/U1897
all_8	refs=NOR2X2_HVT	pins=A1 VSS	cells=u_core/core_i/U5127
all_9	refs=NOR2X2_HVT	pins=A1 VSS	cells=u_core/core_i/id_stage_i/U204
