****************************************
Report : Report drc errors
Design : cv32e40p_synth_wrap
Data   : zroute.err
Type   : detailed
Version: W-2024.09-SP2
Date   : Sat May  9 17:40:40 2026
****************************************

Error ID          : 0
Error Type        : Diff net spacing
Error Layer       : M1 (11)
Number of errors  : 4
Description       :  -- 
Status            : error
Bbox              : {259.4470 28.4320} {259.5210 28.5920}

Error ID          : 1
Error Type        : Diff net spacing
Error Layer       : M2 (13)
Number of errors  : 4
Description       :  -- 
Status            : error
Bbox              : {259.4940 28.4010} {259.6380 28.4710}

Error ID          : 19
Error Type        : Diff net spacing
Error Layer       : M1 (11)
Number of errors  : 4
Description       :  -- 
Status            : error
Bbox              : {259.4470 68.5600} {259.5210 68.7200}

Error ID          : 20
Error Type        : Diff net spacing
Error Layer       : M2 (13)
Number of errors  : 4
Description       :  -- 
Status            : error
Bbox              : {259.4940 68.5290} {259.6380 68.5990}

Error ID          : 2
Error Type        : Off-grid
Error Layer       : VIA1 (12)
Number of errors  : 107
Description       :  -- 
Status            : error
Bbox              : {109.9320 35.5550} {109.9820 35.7570}

Error ID          : 3
Error Type        : Off-grid
Error Layer       : M2 (13)
Number of errors  : 107
Description       :  -- 
Status            : error
Bbox              : {109.9020 35.5500} {110.0120 35.7620}

Error ID          : 4
Error Type        : Off-grid
Error Layer       : VIA1 (12)
Number of errors  : 107
Description       :  -- 
Status            : error
Bbox              : {136.3800 41.0270} {136.4300 41.2290}

Error ID          : 5
Error Type        : Off-grid
Error Layer       : M2 (13)
Number of errors  : 107
Description       :  -- 
Status            : error
Bbox              : {136.3500 41.0220} {136.4600 41.2340}

Error ID          : 6
Error Type        : Off-grid
Error Layer       : VIA1 (12)
Number of errors  : 107
Description       :  -- 
Status            : error
Bbox              : {140.5380 42.2430} {140.5880 42.4450}

Error ID          : 7
Error Type        : Off-grid
Error Layer       : M2 (13)
Number of errors  : 107
Description       :  -- 
Status            : error
Bbox              : {140.5080 42.2380} {140.6180 42.4500}

Error ID          : 8
Error Type        : Off-grid
Error Layer       : VIA1 (12)
Number of errors  : 107
Description       :  -- 
Status            : error
Bbox              : {68.5880 52.2750} {68.6380 52.4770}

Error ID          : 9
Error Type        : Off-grid
Error Layer       : M2 (13)
Number of errors  : 107
Description       :  -- 
Status            : error
Bbox              : {68.5580 52.2700} {68.6680 52.4820}

Error ID          : 10
Error Type        : Off-grid
Error Layer       : VIA1 (12)
Number of errors  : 107
Description       :  -- 
Status            : error
Bbox              : {70.2600 52.2750} {70.3100 52.4770}

Error ID          : 11
Error Type        : Off-grid
Error Layer       : M2 (13)
Number of errors  : 107
Description       :  -- 
Status            : error
Bbox              : {70.2300 52.2700} {70.3400 52.4820}

Error ID          : 12
Error Type        : Off-grid
Error Layer       : VIA1 (12)
Number of errors  : 107
Description       :  -- 
Status            : error
Bbox              : {58.2520 62.3070} {58.3020 62.5090}

Error ID          : 13
Error Type        : Off-grid
Error Layer       : M2 (13)
Number of errors  : 107
Description       :  -- 
Status            : error
Bbox              : {58.2220 62.3020} {58.3320 62.5140}

Error ID          : 14
Error Type        : Off-grid
Error Layer       : VIA1 (12)
Number of errors  : 107
Description       :  -- 
Status            : error
Bbox              : {60.4340 62.3070} {60.4840 62.5090}

Error ID          : 15
Error Type        : Off-grid
Error Layer       : M2 (13)
Number of errors  : 107
Description       :  -- 
Status            : error
Bbox              : {60.4040 62.3020} {60.5140 62.5140}

Error ID          : 16
Error Type        : Off-grid
Error Layer       : VIA1 (12)
Number of errors  : 107
Description       :  -- 
Status            : error
Bbox              : {64.3570 64.4350} {64.4070 64.6370}

Error ID          : 17
Error Type        : Off-grid
Error Layer       : M2 (13)
Number of errors  : 107
Description       :  -- 
Status            : error
Bbox              : {64.3520 64.4050} {64.4120 64.6670}

Error ID          : 18
Error Type        : Off-grid
Error Layer       : VIA1 (12)
Number of errors  : 107
Description       :  -- 
Status            : error
Bbox              : {193.8610 59.1150} {193.9110 59.3170}

Error ID          : 21
Error Type        : Off-grid
Error Layer       : VIA1 (12)
Number of errors  : 107
Description       :  -- 
Status            : error
Bbox              : {293.2440 79.0270} {293.2940 79.2290}

Error ID          : 22
Error Type        : Off-grid
Error Layer       : M2 (13)
Number of errors  : 107
Description       :  -- 
Status            : error
Bbox              : {293.2140 79.0220} {293.3240 79.2340}

Error ID          : 23
Error Type        : Off-grid
Error Layer       : VIA1 (12)
Number of errors  : 107
Description       :  -- 
Status            : error
Bbox              : {272.4200 89.0590} {272.4700 89.2610}

Error ID          : 24
Error Type        : Off-grid
Error Layer       : M2 (13)
Number of errors  : 107
Description       :  -- 
Status            : error
Bbox              : {272.3900 89.0540} {272.5000 89.2660}

Error ID          : 25
Error Type        : Off-grid
Error Layer       : VIA1 (12)
Number of errors  : 107
Description       :  -- 
Status            : error
Bbox              : {27.3960 94.5310} {27.4460 94.7330}

Error ID          : 26
Error Type        : Off-grid
Error Layer       : M2 (13)
Number of errors  : 107
Description       :  -- 
Status            : error
Bbox              : {27.3660 94.5260} {27.4760 94.7380}

Error ID          : 27
Error Type        : Off-grid
Error Layer       : VIA1 (12)
Number of errors  : 107
Description       :  -- 
Status            : error
Bbox              : {29.0680 94.5310} {29.1180 94.7330}

Error ID          : 28
Error Type        : Off-grid
Error Layer       : M2 (13)
Number of errors  : 107
Description       :  -- 
Status            : error
Bbox              : {29.0380 94.5260} {29.1480 94.7380}

Error ID          : 29
Error Type        : Off-grid
Error Layer       : VIA1 (12)
Number of errors  : 107
Description       :  -- 
Status            : error
Bbox              : {30.7400 94.5310} {30.7900 94.7330}

Error ID          : 30
Error Type        : Off-grid
Error Layer       : M2 (13)
Number of errors  : 107
Description       :  -- 
Status            : error
Bbox              : {30.7100 94.5260} {30.8200 94.7380}

Error ID          : 32
Error Type        : Off-grid
Error Layer       : VIA1 (12)
Number of errors  : 107
Description       :  -- 
Status            : error
Bbox              : {300.5940 112.6190} {300.6440 112.8210}

Error ID          : 33
Error Type        : Off-grid
Error Layer       : M2 (13)
Number of errors  : 107
Description       :  -- 
Status            : error
Bbox              : {300.5640 112.6140} {300.6740 112.8260}

Error ID          : 34
Error Type        : Off-grid
Error Layer       : VIA1 (12)
Number of errors  : 107
Description       :  -- 
Status            : error
Bbox              : {191.8600 138.0030} {191.9100 138.2050}

Error ID          : 35
Error Type        : Off-grid
Error Layer       : M2 (13)
Number of errors  : 107
Description       :  -- 
Status            : error
Bbox              : {191.8300 137.9980} {191.9400 138.2100}

Error ID          : 36
Error Type        : Off-grid
Error Layer       : VIA1 (12)
Number of errors  : 107
Description       :  -- 
Status            : error
Bbox              : {218.3080 141.1950} {218.3580 141.3970}

Error ID          : 37
Error Type        : Off-grid
Error Layer       : M2 (13)
Number of errors  : 107
Description       :  -- 
Status            : error
Bbox              : {218.2780 141.1900} {218.3880 141.4020}

Error ID          : 38
Error Type        : Off-grid
Error Layer       : VIA1 (12)
Number of errors  : 107
Description       :  -- 
Status            : error
Bbox              : {216.2050 149.2510} {216.2550 149.4530}

Error ID          : 39
Error Type        : Off-grid
Error Layer       : M2 (13)
Number of errors  : 107
Description       :  -- 
Status            : error
Bbox              : {216.2000 149.2210} {216.2600 149.4830}

Error ID          : 40
Error Type        : Off-grid
Error Layer       : VIA1 (12)
Number of errors  : 107
Description       :  -- 
Status            : error
Bbox              : {162.5240 162.6270} {162.5740 162.8290}

Error ID          : 41
Error Type        : Off-grid
Error Layer       : M2 (13)
Number of errors  : 107
Description       :  -- 
Status            : error
Bbox              : {162.4940 162.6220} {162.6040 162.8340}

Error ID          : 42
Error Type        : Off-grid
Error Layer       : VIA1 (12)
Number of errors  : 107
Description       :  -- 
Status            : error
Bbox              : {166.1970 162.6270} {166.2470 162.8290}

Error ID          : 43
Error Type        : Off-grid
Error Layer       : M2 (13)
Number of errors  : 107
Description       :  -- 
Status            : error
Bbox              : {166.1920 162.5970} {166.2520 162.8590}

Error ID          : 44
Error Type        : Off-grid
Error Layer       : VIA1 (12)
Number of errors  : 107
Description       :  -- 
Status            : error
Bbox              : {213.3170 155.9390} {213.3670 156.1410}

Error ID          : 45
Error Type        : Off-grid
Error Layer       : M2 (13)
Number of errors  : 107
Description       :  -- 
Status            : error
Bbox              : {213.3120 155.9090} {213.3720 156.1710}

Error ID          : 46
Error Type        : Off-grid
Error Layer       : VIA1 (12)
Number of errors  : 107
Description       :  -- 
Status            : error
Bbox              : {209.7960 186.0350} {209.8460 186.2370}

Error ID          : 47
Error Type        : Off-grid
Error Layer       : M2 (13)
Number of errors  : 107
Description       :  -- 
Status            : error
Bbox              : {209.7660 186.0300} {209.8760 186.2420}

Error ID          : 48
Error Type        : Off-grid
Error Layer       : VIA1 (12)
Number of errors  : 107
Description       :  -- 
Status            : error
Bbox              : {221.5000 191.5070} {221.5500 191.7090}

Error ID          : 49
Error Type        : Off-grid
Error Layer       : M2 (13)
Number of errors  : 107
Description       :  -- 
Status            : error
Bbox              : {221.4700 191.5020} {221.5800 191.7140}

Error ID          : 50
Error Type        : Off-grid
Error Layer       : M2 (13)
Number of errors  : 107
Description       :  -- 
Status            : error
Bbox              : {236.7200 182.6610} {236.7800 182.9230}

Error ID          : 51
Error Type        : Off-grid
Error Layer       : VIA1 (12)
Number of errors  : 107
Description       :  -- 
Status            : error
Bbox              : {236.7250 182.6910} {236.7750 182.8930}

Error ID          : 52
Error Type        : Off-grid
Error Layer       : VIA1 (12)
Number of errors  : 107
Description       :  -- 
Status            : error
Bbox              : {240.2210 182.6910} {240.2710 182.8930}

Error ID          : 53
Error Type        : Off-grid
Error Layer       : M2 (13)
Number of errors  : 107
Description       :  -- 
Status            : error
Bbox              : {240.2160 182.6610} {240.2760 182.9230}

Error ID          : 54
Error Type        : Off-grid
Error Layer       : VIA1 (12)
Number of errors  : 107
Description       :  -- 
Status            : error
Bbox              : {212.8610 199.4110} {212.9110 199.6130}

Error ID          : 55
Error Type        : Off-grid
Error Layer       : M2 (13)
Number of errors  : 107
Description       :  -- 
Status            : error
Bbox              : {212.8560 199.3810} {212.9160 199.6430}

Error ID          : 56
Error Type        : Off-grid
Error Layer       : VIA1 (12)
Number of errors  : 107
Description       :  -- 
Status            : error
Bbox              : {214.9640 198.1950} {215.0140 198.3970}

Error ID          : 57
Error Type        : Off-grid
Error Layer       : M2 (13)
Number of errors  : 107
Description       :  -- 
Status            : error
Bbox              : {214.9340 198.1900} {215.0440 198.4020}

Error ID          : 58
Error Type        : Off-grid
Error Layer       : M2 (13)
Number of errors  : 107
Description       :  -- 
Status            : error
Bbox              : {174.3500 212.7820} {174.4600 212.9940}

Error ID          : 59
Error Type        : Off-grid
Error Layer       : VIA1 (12)
Number of errors  : 107
Description       :  -- 
Status            : error
Bbox              : {174.3800 212.7870} {174.4300 212.9890}

Error ID          : 60
Error Type        : Off-grid
Error Layer       : VIA1 (12)
Number of errors  : 107
Description       :  -- 
Status            : error
Bbox              : {214.2290 214.9150} {214.2790 215.1170}

Error ID          : 61
Error Type        : Off-grid
Error Layer       : M2 (13)
Number of errors  : 107
Description       :  -- 
Status            : error
Bbox              : {214.2240 214.8850} {214.2840 215.1470}

Error ID          : 62
Error Type        : Off-grid
Error Layer       : VIA1 (12)
Number of errors  : 107
Description       :  -- 
Status            : error
Bbox              : {219.3970 214.9150} {219.4470 215.1170}

Error ID          : 63
Error Type        : Off-grid
Error Layer       : M2 (13)
Number of errors  : 107
Description       :  -- 
Status            : error
Bbox              : {219.3920 214.8850} {219.4520 215.1470}

Error ID          : 64
Error Type        : Off-grid
Error Layer       : M2 (13)
Number of errors  : 107
Description       :  -- 
Status            : error
Bbox              : {215.8460 214.9100} {215.9560 215.1220}

Error ID          : 65
Error Type        : Off-grid
Error Layer       : VIA1 (12)
Number of errors  : 107
Description       :  -- 
Status            : error
Bbox              : {215.8760 214.9150} {215.9260 215.1170}

Error ID          : 66
Error Type        : Off-grid
Error Layer       : VIA1 (12)
Number of errors  : 107
Description       :  -- 
Status            : error
Bbox              : {240.1960 206.0990} {240.2460 206.3010}

Error ID          : 67
Error Type        : Off-grid
Error Layer       : M2 (13)
Number of errors  : 107
Description       :  -- 
Status            : error
Bbox              : {240.1660 206.0940} {240.2760 206.3060}

Error ID          : 68
Error Type        : Off-grid
Error Layer       : VIA1 (12)
Number of errors  : 107
Description       :  -- 
Status            : error
Bbox              : {214.5080 218.2590} {214.5580 218.4610}

Error ID          : 69
Error Type        : Off-grid
Error Layer       : M2 (13)
Number of errors  : 107
Description       :  -- 
Status            : error
Bbox              : {214.4780 218.2540} {214.5880 218.4660}

Error ID          : 70
Error Type        : Off-grid
Error Layer       : VIA1 (12)
Number of errors  : 107
Description       :  -- 
Status            : error
Bbox              : {205.3880 216.1310} {205.4380 216.3330}

Error ID          : 71
Error Type        : Off-grid
Error Layer       : M2 (13)
Number of errors  : 107
Description       :  -- 
Status            : error
Bbox              : {205.3580 216.1260} {205.4680 216.3380}

Error ID          : 72
Error Type        : Off-grid
Error Layer       : VIA1 (12)
Number of errors  : 107
Description       :  -- 
Status            : error
Bbox              : {207.6680 216.1310} {207.7180 216.3330}

Error ID          : 73
Error Type        : Off-grid
Error Layer       : M2 (13)
Number of errors  : 107
Description       :  -- 
Status            : error
Bbox              : {207.6380 216.1260} {207.7480 216.3380}

Error ID          : 74
Error Type        : Off-grid
Error Layer       : VIA1 (12)
Number of errors  : 107
Description       :  -- 
Status            : error
Bbox              : {212.8610 218.2590} {212.9110 218.4610}

Error ID          : 75
Error Type        : Off-grid
Error Layer       : VIA1 (12)
Number of errors  : 107
Description       :  -- 
Status            : error
Bbox              : {227.5800 216.1310} {227.6300 216.3330}

Error ID          : 76
Error Type        : Off-grid
Error Layer       : M2 (13)
Number of errors  : 107
Description       :  -- 
Status            : error
Bbox              : {227.5500 216.1260} {227.6600 216.3380}

Error ID          : 77
Error Type        : Off-grid
Error Layer       : VIA1 (12)
Number of errors  : 107
Description       :  -- 
Status            : error
Bbox              : {236.2440 221.6030} {236.2940 221.8050}

Error ID          : 78
Error Type        : Off-grid
Error Layer       : M2 (13)
Number of errors  : 107
Description       :  -- 
Status            : error
Bbox              : {236.2140 221.5980} {236.3240 221.8100}

Error ID          : 79
Error Type        : Off-grid
Error Layer       : VIA1 (12)
Number of errors  : 107
Description       :  -- 
Status            : error
Bbox              : {237.9160 221.6030} {237.9660 221.8050}

Error ID          : 80
Error Type        : Off-grid
Error Layer       : M2 (13)
Number of errors  : 107
Description       :  -- 
Status            : error
Bbox              : {237.8860 221.5980} {237.9960 221.8100}

Error ID          : 81
Error Type        : Off-grid
Error Layer       : VIA1 (12)
Number of errors  : 107
Description       :  -- 
Status            : error
Bbox              : {246.5800 226.1630} {246.6300 226.3650}

Error ID          : 82
Error Type        : Off-grid
Error Layer       : M2 (13)
Number of errors  : 107
Description       :  -- 
Status            : error
Bbox              : {246.5500 226.1580} {246.6600 226.3700}

Error ID          : 83
Error Type        : Off-grid
Error Layer       : VIA1 (12)
Number of errors  : 107
Description       :  -- 
Status            : error
Bbox              : {249.4680 222.8190} {249.5180 223.0210}

Error ID          : 84
Error Type        : Off-grid
Error Layer       : M2 (13)
Number of errors  : 107
Description       :  -- 
Status            : error
Bbox              : {249.4380 222.8140} {249.5480 223.0260}

Error ID          : 85
Error Type        : Off-grid
Error Layer       : M2 (13)
Number of errors  : 107
Description       :  -- 
Status            : error
Bbox              : {265.2460 224.9420} {265.3560 225.1540}

Error ID          : 86
Error Type        : Off-grid
Error Layer       : VIA1 (12)
Number of errors  : 107
Description       :  -- 
Status            : error
Bbox              : {265.2760 224.9470} {265.3260 225.1490}

Error ID          : 87
Error Type        : Off-grid
Error Layer       : VIA1 (12)
Number of errors  : 107
Description       :  -- 
Status            : error
Bbox              : {298.5930 219.4750} {298.6430 219.6770}

Error ID          : 88
Error Type        : Off-grid
Error Layer       : M2 (13)
Number of errors  : 107
Description       :  -- 
Status            : error
Bbox              : {298.5880 219.4450} {298.6480 219.7070}

Error ID          : 89
Error Type        : Off-grid
Error Layer       : VIA1 (12)
Number of errors  : 107
Description       :  -- 
Status            : error
Bbox              : {195.0520 251.6990} {195.1020 251.9010}

Error ID          : 90
Error Type        : Off-grid
Error Layer       : M2 (13)
Number of errors  : 107
Description       :  -- 
Status            : error
Bbox              : {195.0220 251.6940} {195.1320 251.9060}

Error ID          : 91
Error Type        : Off-grid
Error Layer       : M2 (13)
Number of errors  : 107
Description       :  -- 
Status            : error
Bbox              : {212.1980 245.0060} {212.3080 245.2180}

Error ID          : 92
Error Type        : Off-grid
Error Layer       : VIA1 (12)
Number of errors  : 107
Description       :  -- 
Status            : error
Bbox              : {212.2280 245.0110} {212.2780 245.2130}

Error ID          : 93
Error Type        : Off-grid
Error Layer       : VIA1 (12)
Number of errors  : 107
Description       :  -- 
Status            : error
Bbox              : {241.1080 248.2030} {241.1580 248.4050}

Error ID          : 94
Error Type        : Off-grid
Error Layer       : M2 (13)
Number of errors  : 107
Description       :  -- 
Status            : error
Bbox              : {241.0780 248.1980} {241.1880 248.4100}

Error ID          : 95
Error Type        : Off-grid
Error Layer       : VIA1 (12)
Number of errors  : 107
Description       :  -- 
Status            : error
Bbox              : {255.7000 246.3790} {255.7500 246.5810}

Error ID          : 96
Error Type        : Off-grid
Error Layer       : M2 (13)
Number of errors  : 107
Description       :  -- 
Status            : error
Bbox              : {255.6700 246.3740} {255.7800 246.5860}

Error ID          : 97
Error Type        : Off-grid
Error Layer       : M2 (13)
Number of errors  : 107
Description       :  -- 
Status            : error
Bbox              : {302.4860 244.8540} {302.5960 245.0660}

Error ID          : 98
Error Type        : Off-grid
Error Layer       : VIA1 (12)
Number of errors  : 107
Description       :  -- 
Status            : error
Bbox              : {302.5160 244.8590} {302.5660 245.0610}

Error ID          : 99
Error Type        : Off-grid
Error Layer       : VIA1 (12)
Number of errors  : 107
Description       :  -- 
Status            : error
Bbox              : {39.4290 261.7310} {39.4790 261.9330}

Error ID          : 100
Error Type        : Off-grid
Error Layer       : M2 (13)
Number of errors  : 107
Description       :  -- 
Status            : error
Bbox              : {39.4240 261.7010} {39.4840 261.9630}

Error ID          : 101
Error Type        : Off-grid
Error Layer       : VIA1 (12)
Number of errors  : 107
Description       :  -- 
Status            : error
Bbox              : {296.2840 252.9150} {296.3340 253.1170}

Error ID          : 102
Error Type        : Off-grid
Error Layer       : M2 (13)
Number of errors  : 107
Description       :  -- 
Status            : error
Bbox              : {296.2540 252.9100} {296.3640 253.1220}

Error ID          : 103
Error Type        : Off-grid
Error Layer       : VIA1 (12)
Number of errors  : 107
Description       :  -- 
Status            : error
Bbox              : {237.1560 274.9550} {237.2060 275.1570}

Error ID          : 104
Error Type        : Off-grid
Error Layer       : M2 (13)
Number of errors  : 107
Description       :  -- 
Status            : error
Bbox              : {237.1260 274.9500} {237.2360 275.1620}

Error ID          : 105
Error Type        : Off-grid
Error Layer       : VIA1 (12)
Number of errors  : 107
Description       :  -- 
Status            : error
Bbox              : {235.9400 271.6110} {235.9900 271.8130}

Error ID          : 106
Error Type        : Off-grid
Error Layer       : M2 (13)
Number of errors  : 107
Description       :  -- 
Status            : error
Bbox              : {235.9100 271.6060} {236.0200 271.8180}

Error ID          : 107
Error Type        : Off-grid
Error Layer       : VIA1 (12)
Number of errors  : 107
Description       :  -- 
Status            : error
Bbox              : {241.2600 268.2670} {241.3100 268.4690}

Error ID          : 108
Error Type        : Off-grid
Error Layer       : M2 (13)
Number of errors  : 107
Description       :  -- 
Status            : error
Bbox              : {241.2300 268.2620} {241.3400 268.4740}

Error ID          : 109
Error Type        : Off-grid
Error Layer       : VIA1 (12)
Number of errors  : 107
Description       :  -- 
Status            : error
Bbox              : {235.4840 288.4830} {235.5340 288.6850}

Error ID          : 110
Error Type        : Off-grid
Error Layer       : M2 (13)
Number of errors  : 107
Description       :  -- 
Status            : error
Bbox              : {235.4540 288.4780} {235.5640 288.6900}

Error ID          : 111
Error Type        : Off-grid
Error Layer       : M1 (11)
Number of errors  : 107
Description       :  -- 
Status            : error
Bbox              : {235.0800 295.1870} {235.4390 295.2970}

Error ID          : 31
Error Type        : Short
Error Layer       : M1 (11)
Number of errors  : 1
Description       :  -- 
Status            : error
Bbox              : {301.5050 105.0450} {301.6550 105.1950}

1
