NPLDRC: Using a 8x8 grid for PG structure analysis
NPLDRC: Filter  0.00% (0/4096) blocked grids
Warning: Routing direction of metal layer CO is neither "horizontal" nor "vertical".  PDC checks will not be performed on this layer. (PDC-003)
Scanning PG objects...
PG hash cached 2 nets; 15 viaBoxes; 0 viaMatrixRefs; 0 patterns; 0 extensions.
PG scanned 215 shapes (172 on M1); 1800 vias (1204 on M1); 0 via matrix (0 on CO); 0 shape pattern (0 on CO); 186 under straps (172 on M1); 0 staples; 0 tall vias; 172 base straps.
PG scan complete.  Hash key = d176257813c36a69
Information: Reading PG structure for 'cv32e40p_icc2_lib:cv32e40p_synth_wrap.design'. (NPLDRC-003)

NPLDRC Sector Array Stats:
Num Sectors:  3693
Num SecDefs:    36

NPLDRC: Read 0 libCell Equivalence info from file
Connection checks for layer M2: blocked_pin pin_access_default track_none pin_extend0
Connection checks for layer M3: blocked_pin pin_access_default track_none pin_extend1
Connection checks for layer M4: blocked_pin pin_access_default track_none pin_extend1
Connection checks for layer M5: blocked_pin pin_access_default track_none pin_extend1

NPLDRC app_option (user set) values:
---------------------------------------

place.legalize.alternative_edrc_data_model				false

---------------------------------------

---------------------------------------
Information: NPLDRC is created for block cv32e40p_synth_wrap

Start report -- 4 cell(s):

Cell u_core/core_i/cs_registers_i/mhpmcounter_q_reg[3][4]
  Pin QN -- connect from M2 to M1 -- min_access = 1:
    Routable QN(M2) 1: {259.5520 216.8400}
    Blocked  QN(M2) 0:
  Pin Q -- connect from M2 to M1 -- min_access = 1:
    Routable Q(M2) 0:
    Blocked  Q(M2) 1: {259.7040 216.6880}
  Pin RSTB -- connect from M2 to M1 -- min_access = 1:
    Routable RSTB(M2) 1: {261.8320 215.7715}
    Blocked  RSTB(M2) 0:
  Pin CLK -- connect from M2 to M1 -- min_access = 1:
    Routable CLK(M2) 1: {263.0480 217.1240}
    Blocked  CLK(M2) 0:
  Pin SI -- connect from M2 to M1 -- min_access = 1:
    Routable SI(M2) 1: {263.6560 216.9545}
    Blocked  SI(M2) 0:
  Pin D -- connect from M2 to M1 -- min_access = 1:
    Routable D(M2) 1: {263.9600 216.3635}
    Blocked  D(M2) 0:
  Pin SE -- connect from M2 to M1 -- min_access = 1:
    Routable SE(M2) 1: {264.4160 216.2320}
    Blocked  SE(M2) 0:

Cell u_core/core_i/cs_registers_i/mhpmcounter_q_reg[3][10]
  Pin QN -- connect from M2 to M1 -- min_access = 1:
    Routable QN(M2) 1: {259.5520 211.0640}
    Blocked  QN(M2) 0:
  Pin Q -- connect from M2 to M1 -- min_access = 1:
    Routable Q(M2) 0:
    Blocked  Q(M2) 1: {259.7040 211.2160}
  Pin RSTB -- connect from M2 to M1 -- min_access = 1:
    Routable RSTB(M2) 1: {261.8320 212.1280}
    Blocked  RSTB(M2) 0:
  Pin CLK -- connect from M2 to M1 -- min_access = 1:
    Routable CLK(M2) 1: {263.0480 210.7600}
    Blocked  CLK(M2) 0:
  Pin SI -- connect from M2 to M1 -- min_access = 1:
    Routable SI(M2) 1: {263.6560 210.9120}
    Blocked  SI(M2) 0:
  Pin D -- connect from M2 to M1 -- min_access = 1:
    Routable D(M2) 1: {263.9600 211.5200}
    Blocked  D(M2) 0:
  Pin SE -- connect from M2 to M1 -- min_access = 1:
    Routable SE(M2) 1: {264.4160 211.6385}
    Blocked  SE(M2) 0:

Cell u_core/core_i/cs_registers_i/mhpmcounter_q_reg[3][11]
  Pin SE -- connect from M2 to M1 -- min_access = 1:
    Routable SE(M2) 0:
    Blocked  SE(M2) 3: {260.3120 214.9825} {260.3120 215.0160} {260.3120 214.9992}
  Pin D -- connect from M2 to M1 -- min_access = 1:
    Routable D(M2) 1: {260.7680 214.8640}
    Blocked  D(M2) 0:
  Pin SI -- connect from M2 to M1 -- min_access = 1:
    Routable SI(M2) 1: {261.0720 214.2560}
    Blocked  SI(M2) 0:
  Pin CLK -- connect from M2 to M1 -- min_access = 1:
    Routable CLK(M2) 1: {261.6800 214.1040}
    Blocked  CLK(M2) 0:
  Pin RSTB -- connect from M2 to M1 -- min_access = 1:
    Routable RSTB(M2) 1: {262.8960 215.4720}
    Blocked  RSTB(M2) 0:
  Pin Q -- connect from M2 to M1 -- min_access = 1:
    Routable Q(M2) 1: {265.0240 214.5600}
    Blocked  Q(M2) 0:
  Pin QN -- connect from M2 to M1 -- min_access = 1:
    Routable QN(M2) 1: {265.1760 214.4080}
    Blocked  QN(M2) 0:

Cell u_core/core_i/ex_stage_i/alu_i/alu_div_i/AReg_DP_reg[24]
  Pin SE -- connect from M2 to M1 -- min_access = 1:
    Routable SE(M2) 1: {258.9440 253.0160}
    Blocked  SE(M2) 0:
  Pin D -- connect from M2 to M1 -- min_access = 1:
    Routable D(M2) 1: {259.4000 253.1475}
    Blocked  D(M2) 0:
  Pin SI -- connect from M2 to M1 -- min_access = 1:
    Routable SI(M2) 0:
    Blocked  SI(M2) 3: {259.7040 253.7385} {259.7040 253.7760} {259.7040 253.7572}
  Pin CLK -- connect from M2 to M1 -- min_access = 1:
    Routable CLK(M2) 0:
    Blocked  CLK(M2) 3: {260.3120 253.9080} {260.3120 253.9280} {260.3120 253.9180}
  Pin RSTB -- connect from M2 to M1 -- min_access = 1:
    Routable RSTB(M2) 1: {261.5280 252.5555}
    Blocked  RSTB(M2) 0:
  Pin Q -- connect from M2 to M1 -- min_access = 1:
    Routable Q(M2) 1: {263.6560 253.4720}
    Blocked  Q(M2) 0:
  Pin QN -- connect from M2 to M1 -- min_access = 1:
    Routable QN(M2) 1: {263.8080 253.6240}
    Blocked  QN(M2) 0:

No over-constrained access checks found

Pins with disabled access check:     0

Pins with no access violations:      23
Pins with blocked access:            5
Pins with too few access points:     0
Pins with insufficient track access: 0
NPLDRC Wic Cache: unique cache elements 45
NPLDRC Wic Cache: hit rate   0.0% (45 / 45)
NPLDRC: Processed 0 libCells; 0 unique
NPLDRC: 0 LibCell Equivalence info written to file
1
