SDFFARX1_RVT hotspot context report
input_file=/DATA/home/edu135/CV32E40P/7_Backend_ICC2/4_Report/trials/sdffarx1_current_hotspot_overlap/99_overlap/sdffarx1_hotspot_points.tsv
note=current saved ICC2 block is used for database context

Point line 2
  cell          : u_core/core_i/cs_registers_i/mhpmcounter_q_reg[3][4]
  ref_name      : SDFFARX1_RVT
  origin        : 264.8720 215.6240
  orientation   : MY
  cell_bbox     : {259.2850 215.5940} {264.9870 217.3970}
  pin           : Q
  blocked_point : 259.7040 216.6880
  nearest_drc   : Needs fat contact / M1 (11)-M2 (13) at 260.7680 223.0720, distance=6.4721 um
  pin_bbox      : {259.6370 215.7720} {260.0330 217.1700}
  pin_layer     : M1 CO
  pin_net       : u_core/core_i/cs_registers_i/mhpmcounter_q[3][4]
  search_box    : {254.704 211.688} {264.704 221.688}
  nearby_cells  : 13
    u_core/core_i/cs_registers_i/mhpmcounter_q_reg[3][3] ref=SDFFARX1_RVT origin=262.8960 218.9680
    u_core/core_i/cs_registers_i/mhpmcounter_q_reg[3][4] ref=SDFFARX1_RVT origin=264.8720 215.6240
    u_core/core_i/cs_registers_i/mhpmcounter_q_reg[3][5] ref=SDFFARX1_RVT origin=253.9280 215.6240
    u_core/core_i/cs_registers_i/mhpmcounter_q_reg[3][7] ref=SDFFARX1_RVT origin=253.9280 212.2800
    u_core/core_i/cs_registers_i/mhpmcounter_q_reg[3][9] ref=SDFFARX1_RVT origin=254.0800 215.6240
    u_core/core_i/cs_registers_i/mhpmcounter_q_reg[3][10] ref=SDFFARX1_RVT origin=264.8720 212.2800
    u_core/core_i/cs_registers_i/mhpmcounter_q_reg[3][11] ref=SDFFARX1_RVT origin=259.8560 215.6240
    u_core/core_i/U5200 ref=AOI22X1_HVT origin=261.5280 222.3120
    u_core/core_i/U5271 ref=NAND4X0_HVT origin=258.6400 222.3120
    u_core/core_i/U5194 ref=INVX1_HVT origin=257.5760 222.3120
    u_core/core_i/U5197 ref=INVX1_HVT origin=260.1600 222.3120
    u_core/core_i/U5193 ref=INVX1_HVT origin=263.3520 222.3120
    u_core/core_i/ex_stage_i/alu_i/alu_div_i/AReg_DP_reg[2] ref=SDFFARX1_RVT origin=251.6480 222.3120
  nearby_shapes : 85
    shape PATH_25_23 layer=M8 net=VSS bbox={259.5000 10.0000} {260.5000 315.9120}
    shape PATH_19_57 layer=M5 net=hart_id_i[5] bbox={243.7160 218.7880} {326.4600 218.8440}
    shape PATH_17_70 layer=M4 net=hart_id_i[30] bbox={264.0840 176.5320} {264.1400 301.8360}
    shape PATH_11_115 layer=M1 net=VSS bbox={20.0000 212.2500} {306.9760 212.3100}
    shape PATH_11_116 layer=M1 net=VDD bbox={20.0000 213.9220} {306.9760 213.9820}
    shape PATH_11_117 layer=M1 net=VSS bbox={20.0000 215.5940} {306.9760 215.6540}
    shape PATH_11_118 layer=M1 net=VDD bbox={20.0000 217.2660} {306.9760 217.3260}
    shape PATH_11_119 layer=M1 net=VSS bbox={20.0000 218.9380} {306.9760 218.9980}
    shape PATH_11_120 layer=M1 net=VDD bbox={20.0000 220.6100} {306.9760 220.6700}
    shape PATH_13_203 layer=M2 net=VSS bbox={259.8000 10.0000} {260.2000 315.9120}
    shape PATH_15_366 layer=M3 net=hart_id_i[7] bbox={251.9240 218.7880} {321.5960 218.8440}
    shape PATH_19_468 layer=M5 net=u_core/core_i/ex_stage_i/alu_i/alu_div_i/ARegEn_S bbox={223.6520 212.1000} {261.4040 212.1560}
    shape PATH_23_686 layer=M7 net=u_core/core_i/ZBUF_404_288 bbox={195.0760 216.9640} {275.9960 217.0200}
    shape PATH_11_783 layer=M1 net=u_core/core_i/ex_stage_i/alu_i/alu_div_i/AReg_DP[3] bbox={253.2950 219.5510} {257.4490 219.6010}
    shape PATH_17_991 layer=M4 net=u_core/core_i/ex_stage_i/alu_i/alu_div_i/ARegEn_S bbox={261.3480 212.1000} {261.4040 245.5960}
    shape PATH_23_1317 layer=M7 net=u_core/core_i/ZBUF_231_180 bbox={229.1240 220.6120} {291.1960 220.6680}
    shape PATH_19_2332 layer=M5 net=u_core/core_i/ZBUF_560_245 bbox={185.0440 221.2200} {273.2600 221.2760}
    shape PATH_15_3185 layer=M3 net=u_core/core_i/ex_stage_i/alu_i/alu_div_i/AReg_DP[2] bbox={239.6120 218.4840} {255.7800 218.5400}
    shape PATH_15_3186 layer=M3 net=u_core/core_i/ex_stage_i/alu_i/alu_div_i/AReg_DP[2] bbox={253.7480 220.9160} {256.8440 220.9720}
    shape PATH_15_3191 layer=M3 net=u_core/core_i/ex_stage_i/alu_i/alu_div_i/AReg_DP[1] bbox={237.0280 218.1800} {255.1720 218.2360}
    shape PATH_15_3424 layer=M3 net=u_core/core_i/ex_stage_i/alu_i/alu_div_i/BReg_DP[3] bbox={228.2120 217.8760} {259.1240 217.9320}
    shape PATH_11_5193 layer=M1 net=u_core/core_i/ZBUF_1758_213 bbox={251.1670 220.4630} {254.7130 220.5130}
    shape PATH_13_5279 layer=M2 net=u_core/core_i/ex_stage_i/alu_i/alu_div_i/AReg_DP[31] bbox={263.7800 220.3080} {263.8360 227.0520}
    shape PATH_19_5470 layer=M5 net=u_core/core_i/cs_registers_i/net10741 bbox={263.1720 216.9640} {264.7480 217.0200}
    shape PATH_19_5471 layer=M5 net=u_core/core_i/cs_registers_i/net10741 bbox={263.1720 212.7080} {268.7000 212.7640}
    shape PATH_19_5472 layer=M5 net=u_core/core_i/cs_registers_i/net10741 bbox={264.6920 216.9640} {266.8760 217.0200}
    shape PATH_13_5529 layer=M2 net=u_core/core_i/ex_stage_i/alu_i/alu_div_i/AReg_DP[1] bbox={257.0920 221.5240} {257.1480 222.4920}
    shape PATH_13_6032 layer=M2 net=u_core/core_i/ex_stage_i/alu_i/alu_div_i/BReg_DP[1] bbox={257.8520 221.5240} {257.9080 221.8840}
    shape PATH_19_6402 layer=M5 net=u_core/core_i/ZBUF_123_32 bbox={212.7080 216.3560} {279.9480 216.4120}
    shape PATH_19_6712 layer=M5 net=u_core/core_i/ZBUF_163_48 bbox={248.5800 215.7480} {262.0120 215.8040}
    shape PATH_19_6716 layer=M5 net=u_core/core_i/ZBUF_485_48 bbox={200.2440 220.6120} {264.7480 220.6680}
    shape PATH_19_6912 layer=M5 net=u_core/core_i/ZBUF_141_63 bbox={213.3160 213.9240} {276.3000 213.9800}
    shape PATH_19_6980 layer=M5 net=u_core/core_i/ZBUF_216_68 bbox={217.5720 212.7080} {254.7160 212.7640}
    shape PATH_19_7427 layer=M5 net=u_core/core_i/ZBUF_136_110 bbox={207.2360 219.3960} {262.9240 219.4520}
    shape PATH_15_10935 layer=M3 net=u_core/core_i/n5574 bbox={238.8520 219.0920} {255.4760 219.1480}
    shape PATH_17_11468 layer=M4 net=u_core/core_i/cs_registers_i/net10741 bbox={255.8760 210.8840} {255.9320 213.3720}
    shape PATH_17_11478 layer=M4 net=u_core/core_i/cs_registers_i/net10741 bbox={263.1720 210.5800} {263.2280 212.7640}
    shape PATH_17_11479 layer=M4 net=u_core/core_i/cs_registers_i/net10741 bbox={264.6920 216.9640} {264.7480 220.3640}
    shape PATH_15_11589 layer=M3 net=u_core/core_i/n5930 bbox={226.5400 214.8360} {263.9880 214.8920}
    shape PATH_17_14248 layer=M4 net=u_core/core_i/ZBUF_485_48 bbox={264.6920 220.6120} {264.7480 222.4920}
  nearby_pg_m2_shapes: 1

Point line 3
  cell          : u_core/core_i/cs_registers_i/mhpmcounter_q_reg[3][10]
  ref_name      : SDFFARX1_RVT
  origin        : 264.8720 212.2800
  orientation   : R180
  cell_bbox     : {259.2850 210.5070} {264.9870 212.3100}
  pin           : Q
  blocked_point : 259.7040 211.2160
  nearest_drc   : Needs fat contact / M1 (11)-M2 (13) at 260.7680 223.0720, distance=11.9036 um
  pin_bbox      : {259.6370 210.7340} {260.0330 212.1320}
  pin_layer     : M1 CO
  pin_net       : u_core/core_i/cs_registers_i/mhpmcounter_q[3][10]
  search_box    : {254.704 206.216} {264.704 216.216}
  nearby_cells  : 12
    u_core/core_i/cs_registers_i/U1414 ref=NAND2X0_HVT origin=258.0320 205.5920
    u_core/core_i/cs_registers_i/U1595 ref=OA221X1_HVT origin=263.9600 208.9360
    u_core/core_i/cs_registers_i/U1607 ref=AO22X1_HVT origin=254.9920 205.5920
    u_core/core_i/cs_registers_i/U1610 ref=OA21X1_HVT origin=256.5120 205.5920
    u_core/core_i/cs_registers_i/U1611 ref=AO22X1_HVT origin=253.4720 205.5920
    u_core/core_i/cs_registers_i/mhpmcounter_q_reg[3][4] ref=SDFFARX1_RVT origin=264.8720 215.6240
    u_core/core_i/cs_registers_i/mhpmcounter_q_reg[3][5] ref=SDFFARX1_RVT origin=253.9280 215.6240
    u_core/core_i/cs_registers_i/mhpmcounter_q_reg[3][7] ref=SDFFARX1_RVT origin=253.9280 212.2800
    u_core/core_i/cs_registers_i/mhpmcounter_q_reg[3][8] ref=SDFFARX1_RVT origin=264.4160 205.5920
    u_core/core_i/cs_registers_i/mhpmcounter_q_reg[3][9] ref=SDFFARX1_RVT origin=254.0800 215.6240
    u_core/core_i/cs_registers_i/mhpmcounter_q_reg[3][10] ref=SDFFARX1_RVT origin=264.8720 212.2800
    u_core/core_i/cs_registers_i/mhpmcounter_q_reg[3][11] ref=SDFFARX1_RVT origin=259.8560 215.6240
  nearby_shapes : 101
    shape PATH_23_20 layer=M7 net=VDD bbox={13.0000 207.5000} {313.9760 208.5000}
    shape PATH_25_23 layer=M8 net=VSS bbox={259.5000 10.0000} {260.5000 315.9120}
    shape PATH_19_56 layer=M5 net=hart_id_i[6] bbox={238.8520 209.0600} {322.2040 209.1160}
    shape PATH_19_59 layer=M5 net=hart_id_i[3] bbox={246.1480 210.2760} {326.1560 210.3320}
    shape PATH_19_61 layer=M5 net=hart_id_i[2] bbox={244.9320 208.4520} {279.6440 208.5080}
    shape PATH_17_70 layer=M4 net=hart_id_i[30] bbox={264.0840 176.5320} {264.1400 301.8360}
    shape PATH_11_112 layer=M1 net=VDD bbox={20.0000 207.2340} {306.9760 207.2940}
    shape PATH_11_113 layer=M1 net=VSS bbox={20.0000 208.9060} {306.9760 208.9660}
    shape PATH_11_114 layer=M1 net=VDD bbox={20.0000 210.5780} {306.9760 210.6380}
    shape PATH_11_115 layer=M1 net=VSS bbox={20.0000 212.2500} {306.9760 212.3100}
    shape PATH_11_116 layer=M1 net=VDD bbox={20.0000 213.9220} {306.9760 213.9820}
    shape PATH_11_117 layer=M1 net=VSS bbox={20.0000 215.5940} {306.9760 215.6540}
    shape PATH_13_203 layer=M2 net=VSS bbox={259.8000 10.0000} {260.2000 315.9120}
    shape PATH_17_432 layer=M4 net=u_core/core_i/ZBUF_400_196 bbox={259.5240 202.3720} {259.5800 206.6840}
    shape PATH_19_468 layer=M5 net=u_core/core_i/ex_stage_i/alu_i/alu_div_i/ARegEn_S bbox={223.6520 212.1000} {261.4040 212.1560}
    shape PATH_23_990 layer=M7 net=u_core/core_i/ZBUF_32_33 bbox={228.5160 210.8840} {287.5480 210.9400}
    shape PATH_17_991 layer=M4 net=u_core/core_i/ex_stage_i/alu_i/alu_div_i/ARegEn_S bbox={261.3480 212.1000} {261.4040 245.5960}
    shape PATH_15_1139 layer=M3 net=u_core/core_i/ZBUF_400_196 bbox={259.5240 206.6280} {293.9320 206.6840}
    shape PATH_19_2506 layer=M5 net=u_core/core_i/ZBUF_411_276 bbox={217.2680 210.8840} {275.9960 210.9400}
    shape PATH_19_5471 layer=M5 net=u_core/core_i/cs_registers_i/net10741 bbox={263.1720 212.7080} {268.7000 212.7640}
    shape PATH_19_6712 layer=M5 net=u_core/core_i/ZBUF_163_48 bbox={248.5800 215.7480} {262.0120 215.8040}
    shape PATH_19_6912 layer=M5 net=u_core/core_i/ZBUF_141_63 bbox={213.3160 213.9240} {276.3000 213.9800}
    shape PATH_19_6980 layer=M5 net=u_core/core_i/ZBUF_216_68 bbox={217.5720 212.7080} {254.7160 212.7640}
    shape PATH_17_10804 layer=M4 net=u_core/core_i/cs_registers_i/mhpmcounter_q[3][2] bbox={261.3480 200.2440} {261.4040 207.9000}
    shape PATH_17_11469 layer=M4 net=u_core/core_i/cs_registers_i/net10741 bbox={255.8760 214.0760} {255.9320 217.0200}
    shape PATH_15_11589 layer=M3 net=u_core/core_i/n5930 bbox={226.5400 214.8360} {263.9880 214.8920}
    shape PATH_17_12174 layer=M4 net=u_core/core_i/dftopt19 bbox={255.2680 203.8920} {255.3240 206.9880}
    shape PATH_11_13508 layer=M1 net=u_core/core_i/cs_registers_i/ZBUF_75_63 bbox={264.3910 207.3910} {264.7450 207.4410}
    shape PATH_17_14246 layer=M4 net=u_core/core_i/ZBUF_163_48 bbox={261.9560 215.7480} {262.0120 217.6280}
    shape PATH_17_14619 layer=M4 net=u_core/core_i/cs_registers_i/ZBUF_75_63 bbox={264.3880 193.2520} {264.4440 207.5960}
    shape PATH_17_14730 layer=M4 net=u_core/core_i/ZBUF_216_68 bbox={254.6580 212.5240} {254.7180 212.7660}
    shape PATH_17_14731 layer=M4 net=u_core/core_i/ZBUF_216_68 bbox={259.5240 212.7080} {259.5800 224.6200}
    shape PATH_15_20177 layer=M3 net=u_core/core_i/cs_registers_i/ZBUF_265_276 bbox={263.6280 209.9720} {265.3560 210.0280}
    shape PATH_13_25318 layer=M2 net=u_core/core_i/n5930 bbox={263.9320 214.8360} {263.9880 229.4840}
    shape PATH_15_38454 layer=M3 net=u_core/core_i/cs_registers_i/mhpmcounter_q[3][11] bbox={263.6280 210.8840} {265.0520 210.9400}
    shape PATH_15_38465 layer=M3 net=u_core/core_i/cs_registers_i/mhpmcounter_q[3][4] bbox={253.2920 210.2760} {256.3880 210.3320}
    shape PATH_15_38471 layer=M3 net=u_core/core_i/cs_registers_i/mhpmcounter_q[3][2] bbox={263.3240 215.4440} {265.8120 215.5000}
    shape PATH_15_38472 layer=M3 net=u_core/core_i/cs_registers_i/mhpmcounter_q[3][2] bbox={264.2360 207.8440} {264.9000 207.9000}
    shape PATH_15_39258 layer=M3 net=u_core/core_i/cs_registers_i/N1766 bbox={264.2360 215.7480} {265.8120 215.8040}
    shape PATH_15_39259 layer=M3 net=u_core/core_i/cs_registers_i/N1767 bbox={263.7800 210.2760} {267.9400 210.3320}
  nearby_pg_m2_shapes: 1

Point line 4
  cell          : u_core/core_i/cs_registers_i/mhpmcounter_q_reg[3][11]
  ref_name      : SDFFARX1_RVT
  origin        : 259.8560 215.6240
  orientation   : MX
  cell_bbox     : {259.7410 213.8510} {265.4430 215.6540}
  pin           : SE
  blocked_point : 260.3120 214.9825
  nearest_drc   : Needs fat contact / M1 (11)-M2 (13) at 260.7680 223.0720, distance=8.1023 um
  pin_bbox      : {260.1950 214.8940} {260.5810 215.0710}
  pin_layer     : M1 CO
  pin_net       : u_core/core_i/cs_registers_i/HFSNET_8
  search_box    : {255.312 209.9825} {265.312 219.9825}
  nearby_cells  : 15
    u_core/core_i/cs_registers_i/U1403 ref=INVX1_HVT origin=264.8720 212.2800
    u_core/core_i/cs_registers_i/U1596 ref=AO22X1_HVT origin=263.0480 208.9360
    u_core/core_i/cs_registers_i/U1598 ref=OA21X1_HVT origin=264.8720 212.2800
    u_core/core_i/cs_registers_i/U1600 ref=OA21X1_HVT origin=255.9040 208.9360
    u_core/core_i/cs_registers_i/mhpmcounter_q_reg[3][2] ref=SDFFARX1_RVT origin=264.8720 215.6240
    u_core/core_i/cs_registers_i/mhpmcounter_q_reg[3][3] ref=SDFFARX1_RVT origin=262.8960 218.9680
    u_core/core_i/cs_registers_i/mhpmcounter_q_reg[3][5] ref=SDFFARX1_RVT origin=253.9280 215.6240
    u_core/core_i/cs_registers_i/mhpmcounter_q_reg[3][7] ref=SDFFARX1_RVT origin=253.9280 212.2800
    u_core/core_i/cs_registers_i/mhpmcounter_q_reg[3][9] ref=SDFFARX1_RVT origin=254.0800 215.6240
    u_core/core_i/cs_registers_i/mhpmcounter_q_reg[3][11] ref=SDFFARX1_RVT origin=259.8560 215.6240
    u_core/core_i/U5192 ref=AOI22X1_HVT origin=256.8160 218.9680
    u_core/core_i/U5195 ref=OA22X1_HVT origin=254.8400 218.9680
    u_core/core_i/U5196 ref=AND2X1_HVT origin=260.7680 218.9680
    u_core/core_i/U5269 ref=INVX1_HVT origin=258.6400 218.9680
    u_core/core_i/U5188 ref=INVX1_HVT origin=260.0080 218.9680
  nearby_shapes : 90
    shape PATH_25_23 layer=M8 net=VSS bbox={259.5000 10.0000} {260.5000 315.9120}
    shape PATH_19_57 layer=M5 net=hart_id_i[5] bbox={243.7160 218.7880} {326.4600 218.8440}
    shape PATH_19_59 layer=M5 net=hart_id_i[3] bbox={246.1480 210.2760} {326.1560 210.3320}
    shape PATH_17_70 layer=M4 net=hart_id_i[30] bbox={264.0840 176.5320} {264.1400 301.8360}
    shape PATH_11_114 layer=M1 net=VDD bbox={20.0000 210.5780} {306.9760 210.6380}
    shape PATH_11_115 layer=M1 net=VSS bbox={20.0000 212.2500} {306.9760 212.3100}
    shape PATH_11_116 layer=M1 net=VDD bbox={20.0000 213.9220} {306.9760 213.9820}
    shape PATH_11_117 layer=M1 net=VSS bbox={20.0000 215.5940} {306.9760 215.6540}
    shape PATH_11_118 layer=M1 net=VDD bbox={20.0000 217.2660} {306.9760 217.3260}
    shape PATH_11_119 layer=M1 net=VSS bbox={20.0000 218.9380} {306.9760 218.9980}
    shape PATH_13_203 layer=M2 net=VSS bbox={259.8000 10.0000} {260.2000 315.9120}
    shape PATH_15_366 layer=M3 net=hart_id_i[7] bbox={251.9240 218.7880} {321.5960 218.8440}
    shape PATH_19_468 layer=M5 net=u_core/core_i/ex_stage_i/alu_i/alu_div_i/ARegEn_S bbox={223.6520 212.1000} {261.4040 212.1560}
    shape PATH_23_686 layer=M7 net=u_core/core_i/ZBUF_404_288 bbox={195.0760 216.9640} {275.9960 217.0200}
    shape PATH_11_783 layer=M1 net=u_core/core_i/ex_stage_i/alu_i/alu_div_i/AReg_DP[3] bbox={253.2950 219.5510} {257.4490 219.6010}
    shape PATH_23_990 layer=M7 net=u_core/core_i/ZBUF_32_33 bbox={228.5160 210.8840} {287.5480 210.9400}
    shape PATH_17_991 layer=M4 net=u_core/core_i/ex_stage_i/alu_i/alu_div_i/ARegEn_S bbox={261.3480 212.1000} {261.4040 245.5960}
    shape PATH_19_2506 layer=M5 net=u_core/core_i/ZBUF_411_276 bbox={217.2680 210.8840} {275.9960 210.9400}
    shape PATH_15_3185 layer=M3 net=u_core/core_i/ex_stage_i/alu_i/alu_div_i/AReg_DP[2] bbox={239.6120 218.4840} {255.7800 218.5400}
    shape PATH_15_3192 layer=M3 net=u_core/core_i/ex_stage_i/alu_i/alu_div_i/AReg_DP[1] bbox={255.1160 218.1800} {256.0840 218.2360}
    shape PATH_15_3424 layer=M3 net=u_core/core_i/ex_stage_i/alu_i/alu_div_i/BReg_DP[3] bbox={228.2120 217.8760} {259.1240 217.9320}
    shape PATH_17_5020 layer=M4 net=u_core/core_i/cs_registers_i/ZBUF_265_276 bbox={265.3000 209.6680} {265.3560 210.0280}
    shape PATH_19_5471 layer=M5 net=u_core/core_i/cs_registers_i/net10741 bbox={263.1720 212.7080} {268.7000 212.7640}
    shape PATH_19_5472 layer=M5 net=u_core/core_i/cs_registers_i/net10741 bbox={264.6920 216.9640} {266.8760 217.0200}
    shape PATH_13_5519 layer=M2 net=u_core/core_i/ex_stage_i/alu_i/alu_div_i/AReg_DP[2] bbox={257.2440 219.7000} {257.3000 220.0600}
    shape PATH_13_5525 layer=M2 net=u_core/core_i/ex_stage_i/alu_i/alu_div_i/AReg_DP[1] bbox={256.0280 218.1800} {256.0840 221.5800}
    shape PATH_19_6402 layer=M5 net=u_core/core_i/ZBUF_123_32 bbox={212.7080 216.3560} {279.9480 216.4120}
    shape PATH_19_6712 layer=M5 net=u_core/core_i/ZBUF_163_48 bbox={248.5800 215.7480} {262.0120 215.8040}
    shape PATH_19_6912 layer=M5 net=u_core/core_i/ZBUF_141_63 bbox={213.3160 213.9240} {276.3000 213.9800}
    shape PATH_19_7427 layer=M5 net=u_core/core_i/ZBUF_136_110 bbox={207.2360 219.3960} {262.9240 219.4520}
    shape PATH_15_10935 layer=M3 net=u_core/core_i/n5574 bbox={238.8520 219.0920} {255.4760 219.1480}
    shape PATH_17_11475 layer=M4 net=u_core/core_i/cs_registers_i/net10741 bbox={262.8680 207.2360} {262.9240 210.6360}
    shape PATH_17_11479 layer=M4 net=u_core/core_i/cs_registers_i/net10741 bbox={264.6920 216.9640} {264.7480 220.3640}
    shape PATH_15_11589 layer=M3 net=u_core/core_i/n5930 bbox={226.5400 214.8360} {263.9880 214.8920}
    shape PATH_11_12140 layer=M1 net=u_core/core_i/dftopt19 bbox={255.2710 213.4710} {258.8170 213.5210}
    shape PATH_17_12171 layer=M4 net=u_core/core_i/dftopt18 bbox={264.9960 198.1160} {265.0520 212.7640}
    shape PATH_17_14731 layer=M4 net=u_core/core_i/ZBUF_216_68 bbox={259.5240 212.7080} {259.5800 224.6200}
    shape PATH_17_15508 layer=M4 net=u_core/core_i/ZBUF_136_110 bbox={262.8680 219.3960} {262.9240 220.0600}
    shape PATH_15_20175 layer=M3 net=u_core/core_i/cs_registers_i/ZBUF_265_276 bbox={262.1080 209.9720} {263.6840 210.0280}
    shape PATH_15_20177 layer=M3 net=u_core/core_i/cs_registers_i/ZBUF_265_276 bbox={263.6280 209.9720} {265.3560 210.0280}
  nearby_pg_m2_shapes: 1

Point line 5
  cell          : u_core/core_i/cs_registers_i/mhpmcounter_q_reg[3][11]
  ref_name      : SDFFARX1_RVT
  origin        : 259.8560 215.6240
  orientation   : MX
  cell_bbox     : {259.7410 213.8510} {265.4430 215.6540}
  pin           : SE
  blocked_point : 260.3120 215.0160
  nearest_drc   : Needs fat contact / M1 (11)-M2 (13) at 260.7680 223.0720, distance=8.0689 um
  pin_bbox      : {260.1950 214.8940} {260.5810 215.0710}
  pin_layer     : M1 CO
  pin_net       : u_core/core_i/cs_registers_i/HFSNET_8
  search_box    : {255.312 210.016} {265.312 220.016}
  nearby_cells  : 15
    u_core/core_i/cs_registers_i/U1403 ref=INVX1_HVT origin=264.8720 212.2800
    u_core/core_i/cs_registers_i/U1596 ref=AO22X1_HVT origin=263.0480 208.9360
    u_core/core_i/cs_registers_i/U1598 ref=OA21X1_HVT origin=264.8720 212.2800
    u_core/core_i/cs_registers_i/U1600 ref=OA21X1_HVT origin=255.9040 208.9360
    u_core/core_i/cs_registers_i/mhpmcounter_q_reg[3][2] ref=SDFFARX1_RVT origin=264.8720 215.6240
    u_core/core_i/cs_registers_i/mhpmcounter_q_reg[3][3] ref=SDFFARX1_RVT origin=262.8960 218.9680
    u_core/core_i/cs_registers_i/mhpmcounter_q_reg[3][5] ref=SDFFARX1_RVT origin=253.9280 215.6240
    u_core/core_i/cs_registers_i/mhpmcounter_q_reg[3][7] ref=SDFFARX1_RVT origin=253.9280 212.2800
    u_core/core_i/cs_registers_i/mhpmcounter_q_reg[3][9] ref=SDFFARX1_RVT origin=254.0800 215.6240
    u_core/core_i/cs_registers_i/mhpmcounter_q_reg[3][11] ref=SDFFARX1_RVT origin=259.8560 215.6240
    u_core/core_i/U5192 ref=AOI22X1_HVT origin=256.8160 218.9680
    u_core/core_i/U5195 ref=OA22X1_HVT origin=254.8400 218.9680
    u_core/core_i/U5196 ref=AND2X1_HVT origin=260.7680 218.9680
    u_core/core_i/U5269 ref=INVX1_HVT origin=258.6400 218.9680
    u_core/core_i/U5188 ref=INVX1_HVT origin=260.0080 218.9680
  nearby_shapes : 93
    shape PATH_25_23 layer=M8 net=VSS bbox={259.5000 10.0000} {260.5000 315.9120}
    shape PATH_19_57 layer=M5 net=hart_id_i[5] bbox={243.7160 218.7880} {326.4600 218.8440}
    shape PATH_19_59 layer=M5 net=hart_id_i[3] bbox={246.1480 210.2760} {326.1560 210.3320}
    shape PATH_17_70 layer=M4 net=hart_id_i[30] bbox={264.0840 176.5320} {264.1400 301.8360}
    shape PATH_11_114 layer=M1 net=VDD bbox={20.0000 210.5780} {306.9760 210.6380}
    shape PATH_11_115 layer=M1 net=VSS bbox={20.0000 212.2500} {306.9760 212.3100}
    shape PATH_11_116 layer=M1 net=VDD bbox={20.0000 213.9220} {306.9760 213.9820}
    shape PATH_11_117 layer=M1 net=VSS bbox={20.0000 215.5940} {306.9760 215.6540}
    shape PATH_11_118 layer=M1 net=VDD bbox={20.0000 217.2660} {306.9760 217.3260}
    shape PATH_11_119 layer=M1 net=VSS bbox={20.0000 218.9380} {306.9760 218.9980}
    shape PATH_13_203 layer=M2 net=VSS bbox={259.8000 10.0000} {260.2000 315.9120}
    shape PATH_15_366 layer=M3 net=hart_id_i[7] bbox={251.9240 218.7880} {321.5960 218.8440}
    shape PATH_19_468 layer=M5 net=u_core/core_i/ex_stage_i/alu_i/alu_div_i/ARegEn_S bbox={223.6520 212.1000} {261.4040 212.1560}
    shape PATH_23_686 layer=M7 net=u_core/core_i/ZBUF_404_288 bbox={195.0760 216.9640} {275.9960 217.0200}
    shape PATH_11_783 layer=M1 net=u_core/core_i/ex_stage_i/alu_i/alu_div_i/AReg_DP[3] bbox={253.2950 219.5510} {257.4490 219.6010}
    shape PATH_23_990 layer=M7 net=u_core/core_i/ZBUF_32_33 bbox={228.5160 210.8840} {287.5480 210.9400}
    shape PATH_17_991 layer=M4 net=u_core/core_i/ex_stage_i/alu_i/alu_div_i/ARegEn_S bbox={261.3480 212.1000} {261.4040 245.5960}
    shape PATH_19_2506 layer=M5 net=u_core/core_i/ZBUF_411_276 bbox={217.2680 210.8840} {275.9960 210.9400}
    shape PATH_15_3185 layer=M3 net=u_core/core_i/ex_stage_i/alu_i/alu_div_i/AReg_DP[2] bbox={239.6120 218.4840} {255.7800 218.5400}
    shape PATH_15_3192 layer=M3 net=u_core/core_i/ex_stage_i/alu_i/alu_div_i/AReg_DP[1] bbox={255.1160 218.1800} {256.0840 218.2360}
    shape PATH_15_3424 layer=M3 net=u_core/core_i/ex_stage_i/alu_i/alu_div_i/BReg_DP[3] bbox={228.2120 217.8760} {259.1240 217.9320}
    shape PATH_17_5020 layer=M4 net=u_core/core_i/cs_registers_i/ZBUF_265_276 bbox={265.3000 209.6680} {265.3560 210.0280}
    shape PATH_19_5471 layer=M5 net=u_core/core_i/cs_registers_i/net10741 bbox={263.1720 212.7080} {268.7000 212.7640}
    shape PATH_19_5472 layer=M5 net=u_core/core_i/cs_registers_i/net10741 bbox={264.6920 216.9640} {266.8760 217.0200}
    shape PATH_13_5518 layer=M2 net=u_core/core_i/ex_stage_i/alu_i/alu_div_i/AReg_DP[2] bbox={257.2440 220.0040} {257.3000 220.9720}
    shape PATH_13_5519 layer=M2 net=u_core/core_i/ex_stage_i/alu_i/alu_div_i/AReg_DP[2] bbox={257.2440 219.7000} {257.3000 220.0600}
    shape PATH_13_5525 layer=M2 net=u_core/core_i/ex_stage_i/alu_i/alu_div_i/AReg_DP[1] bbox={256.0280 218.1800} {256.0840 221.5800}
    shape PATH_19_6402 layer=M5 net=u_core/core_i/ZBUF_123_32 bbox={212.7080 216.3560} {279.9480 216.4120}
    shape PATH_19_6712 layer=M5 net=u_core/core_i/ZBUF_163_48 bbox={248.5800 215.7480} {262.0120 215.8040}
    shape PATH_19_6912 layer=M5 net=u_core/core_i/ZBUF_141_63 bbox={213.3160 213.9240} {276.3000 213.9800}
    shape PATH_19_7427 layer=M5 net=u_core/core_i/ZBUF_136_110 bbox={207.2360 219.3960} {262.9240 219.4520}
    shape PATH_15_10935 layer=M3 net=u_core/core_i/n5574 bbox={238.8520 219.0920} {255.4760 219.1480}
    shape PATH_15_10938 layer=M3 net=u_core/core_i/n5576 bbox={256.1800 220.0040} {261.2520 220.0600}
    shape PATH_17_11475 layer=M4 net=u_core/core_i/cs_registers_i/net10741 bbox={262.8680 207.2360} {262.9240 210.6360}
    shape PATH_17_11479 layer=M4 net=u_core/core_i/cs_registers_i/net10741 bbox={264.6920 216.9640} {264.7480 220.3640}
    shape PATH_15_11589 layer=M3 net=u_core/core_i/n5930 bbox={226.5400 214.8360} {263.9880 214.8920}
    shape PATH_11_12140 layer=M1 net=u_core/core_i/dftopt19 bbox={255.2710 213.4710} {258.8170 213.5210}
    shape PATH_17_12171 layer=M4 net=u_core/core_i/dftopt18 bbox={264.9960 198.1160} {265.0520 212.7640}
    shape PATH_17_14731 layer=M4 net=u_core/core_i/ZBUF_216_68 bbox={259.5240 212.7080} {259.5800 224.6200}
    shape PATH_17_15508 layer=M4 net=u_core/core_i/ZBUF_136_110 bbox={262.8680 219.3960} {262.9240 220.0600}
  nearby_pg_m2_shapes: 1

Point line 6
  cell          : u_core/core_i/cs_registers_i/mhpmcounter_q_reg[3][11]
  ref_name      : SDFFARX1_RVT
  origin        : 259.8560 215.6240
  orientation   : MX
  cell_bbox     : {259.7410 213.8510} {265.4430 215.6540}
  pin           : SE
  blocked_point : 260.3120 214.9992
  nearest_drc   : Needs fat contact / M1 (11)-M2 (13) at 260.7680 223.0720, distance=8.0857 um
  pin_bbox      : {260.1950 214.8940} {260.5810 215.0710}
  pin_layer     : M1 CO
  pin_net       : u_core/core_i/cs_registers_i/HFSNET_8
  search_box    : {255.312 209.9992} {265.312 219.9992}
  nearby_cells  : 15
    u_core/core_i/cs_registers_i/U1403 ref=INVX1_HVT origin=264.8720 212.2800
    u_core/core_i/cs_registers_i/U1596 ref=AO22X1_HVT origin=263.0480 208.9360
    u_core/core_i/cs_registers_i/U1598 ref=OA21X1_HVT origin=264.8720 212.2800
    u_core/core_i/cs_registers_i/U1600 ref=OA21X1_HVT origin=255.9040 208.9360
    u_core/core_i/cs_registers_i/mhpmcounter_q_reg[3][2] ref=SDFFARX1_RVT origin=264.8720 215.6240
    u_core/core_i/cs_registers_i/mhpmcounter_q_reg[3][3] ref=SDFFARX1_RVT origin=262.8960 218.9680
    u_core/core_i/cs_registers_i/mhpmcounter_q_reg[3][5] ref=SDFFARX1_RVT origin=253.9280 215.6240
    u_core/core_i/cs_registers_i/mhpmcounter_q_reg[3][7] ref=SDFFARX1_RVT origin=253.9280 212.2800
    u_core/core_i/cs_registers_i/mhpmcounter_q_reg[3][9] ref=SDFFARX1_RVT origin=254.0800 215.6240
    u_core/core_i/cs_registers_i/mhpmcounter_q_reg[3][11] ref=SDFFARX1_RVT origin=259.8560 215.6240
    u_core/core_i/U5192 ref=AOI22X1_HVT origin=256.8160 218.9680
    u_core/core_i/U5195 ref=OA22X1_HVT origin=254.8400 218.9680
    u_core/core_i/U5196 ref=AND2X1_HVT origin=260.7680 218.9680
    u_core/core_i/U5269 ref=INVX1_HVT origin=258.6400 218.9680
    u_core/core_i/U5188 ref=INVX1_HVT origin=260.0080 218.9680
  nearby_shapes : 90
    shape PATH_25_23 layer=M8 net=VSS bbox={259.5000 10.0000} {260.5000 315.9120}
    shape PATH_19_57 layer=M5 net=hart_id_i[5] bbox={243.7160 218.7880} {326.4600 218.8440}
    shape PATH_19_59 layer=M5 net=hart_id_i[3] bbox={246.1480 210.2760} {326.1560 210.3320}
    shape PATH_17_70 layer=M4 net=hart_id_i[30] bbox={264.0840 176.5320} {264.1400 301.8360}
    shape PATH_11_114 layer=M1 net=VDD bbox={20.0000 210.5780} {306.9760 210.6380}
    shape PATH_11_115 layer=M1 net=VSS bbox={20.0000 212.2500} {306.9760 212.3100}
    shape PATH_11_116 layer=M1 net=VDD bbox={20.0000 213.9220} {306.9760 213.9820}
    shape PATH_11_117 layer=M1 net=VSS bbox={20.0000 215.5940} {306.9760 215.6540}
    shape PATH_11_118 layer=M1 net=VDD bbox={20.0000 217.2660} {306.9760 217.3260}
    shape PATH_11_119 layer=M1 net=VSS bbox={20.0000 218.9380} {306.9760 218.9980}
    shape PATH_13_203 layer=M2 net=VSS bbox={259.8000 10.0000} {260.2000 315.9120}
    shape PATH_15_366 layer=M3 net=hart_id_i[7] bbox={251.9240 218.7880} {321.5960 218.8440}
    shape PATH_19_468 layer=M5 net=u_core/core_i/ex_stage_i/alu_i/alu_div_i/ARegEn_S bbox={223.6520 212.1000} {261.4040 212.1560}
    shape PATH_23_686 layer=M7 net=u_core/core_i/ZBUF_404_288 bbox={195.0760 216.9640} {275.9960 217.0200}
    shape PATH_11_783 layer=M1 net=u_core/core_i/ex_stage_i/alu_i/alu_div_i/AReg_DP[3] bbox={253.2950 219.5510} {257.4490 219.6010}
    shape PATH_23_990 layer=M7 net=u_core/core_i/ZBUF_32_33 bbox={228.5160 210.8840} {287.5480 210.9400}
    shape PATH_17_991 layer=M4 net=u_core/core_i/ex_stage_i/alu_i/alu_div_i/ARegEn_S bbox={261.3480 212.1000} {261.4040 245.5960}
    shape PATH_19_2506 layer=M5 net=u_core/core_i/ZBUF_411_276 bbox={217.2680 210.8840} {275.9960 210.9400}
    shape PATH_15_3185 layer=M3 net=u_core/core_i/ex_stage_i/alu_i/alu_div_i/AReg_DP[2] bbox={239.6120 218.4840} {255.7800 218.5400}
    shape PATH_15_3192 layer=M3 net=u_core/core_i/ex_stage_i/alu_i/alu_div_i/AReg_DP[1] bbox={255.1160 218.1800} {256.0840 218.2360}
    shape PATH_15_3424 layer=M3 net=u_core/core_i/ex_stage_i/alu_i/alu_div_i/BReg_DP[3] bbox={228.2120 217.8760} {259.1240 217.9320}
    shape PATH_17_5020 layer=M4 net=u_core/core_i/cs_registers_i/ZBUF_265_276 bbox={265.3000 209.6680} {265.3560 210.0280}
    shape PATH_19_5471 layer=M5 net=u_core/core_i/cs_registers_i/net10741 bbox={263.1720 212.7080} {268.7000 212.7640}
    shape PATH_19_5472 layer=M5 net=u_core/core_i/cs_registers_i/net10741 bbox={264.6920 216.9640} {266.8760 217.0200}
    shape PATH_13_5519 layer=M2 net=u_core/core_i/ex_stage_i/alu_i/alu_div_i/AReg_DP[2] bbox={257.2440 219.7000} {257.3000 220.0600}
    shape PATH_13_5525 layer=M2 net=u_core/core_i/ex_stage_i/alu_i/alu_div_i/AReg_DP[1] bbox={256.0280 218.1800} {256.0840 221.5800}
    shape PATH_19_6402 layer=M5 net=u_core/core_i/ZBUF_123_32 bbox={212.7080 216.3560} {279.9480 216.4120}
    shape PATH_19_6712 layer=M5 net=u_core/core_i/ZBUF_163_48 bbox={248.5800 215.7480} {262.0120 215.8040}
    shape PATH_19_6912 layer=M5 net=u_core/core_i/ZBUF_141_63 bbox={213.3160 213.9240} {276.3000 213.9800}
    shape PATH_19_7427 layer=M5 net=u_core/core_i/ZBUF_136_110 bbox={207.2360 219.3960} {262.9240 219.4520}
    shape PATH_15_10935 layer=M3 net=u_core/core_i/n5574 bbox={238.8520 219.0920} {255.4760 219.1480}
    shape PATH_17_11475 layer=M4 net=u_core/core_i/cs_registers_i/net10741 bbox={262.8680 207.2360} {262.9240 210.6360}
    shape PATH_17_11479 layer=M4 net=u_core/core_i/cs_registers_i/net10741 bbox={264.6920 216.9640} {264.7480 220.3640}
    shape PATH_15_11589 layer=M3 net=u_core/core_i/n5930 bbox={226.5400 214.8360} {263.9880 214.8920}
    shape PATH_11_12140 layer=M1 net=u_core/core_i/dftopt19 bbox={255.2710 213.4710} {258.8170 213.5210}
    shape PATH_17_12171 layer=M4 net=u_core/core_i/dftopt18 bbox={264.9960 198.1160} {265.0520 212.7640}
    shape PATH_17_14731 layer=M4 net=u_core/core_i/ZBUF_216_68 bbox={259.5240 212.7080} {259.5800 224.6200}
    shape PATH_17_15508 layer=M4 net=u_core/core_i/ZBUF_136_110 bbox={262.8680 219.3960} {262.9240 220.0600}
    shape PATH_15_20175 layer=M3 net=u_core/core_i/cs_registers_i/ZBUF_265_276 bbox={262.1080 209.9720} {263.6840 210.0280}
    shape PATH_15_20177 layer=M3 net=u_core/core_i/cs_registers_i/ZBUF_265_276 bbox={263.6280 209.9720} {265.3560 210.0280}
  nearby_pg_m2_shapes: 1

Point line 7
  cell          : u_core/core_i/ex_stage_i/alu_i/alu_div_i/AReg_DP_reg[24]
  ref_name      : SDFFARX1_RVT
  origin        : 258.4880 252.4080
  orientation   : R0
  cell_bbox     : {258.3730 252.3780} {264.0750 254.1810}
  pin           : SI
  blocked_point : 259.7040 253.7385
  nearest_drc   : Needs fat contact / M1 (11)-M2 (13) at 257.8800 249.8240, distance=4.3186 um
  pin_bbox      : {259.6470 253.6450} {259.8250 253.8320}
  pin_layer     : M1 CO
  pin_net       : u_core/core_i/ex_stage_i/alu_i/alu_div_i/BReg_DP[18]
  search_box    : {254.704 248.7385} {264.704 258.7385}
  nearby_cells  : 21
    u_core/core_i/U122 ref=AND2X1_HVT origin=253.9280 255.7520
    u_core/core_i/U132 ref=AND2X1_HVT origin=256.9680 259.0960
    u_core/core_i/U246 ref=FADDX1_HVT origin=253.6240 255.7520
    u_core/core_i/U5137 ref=OA22X1_HVT origin=259.5520 249.0640
    u_core/core_i/U5150 ref=INVX1_HVT origin=264.5680 255.7520
    u_core/core_i/U5175 ref=NOR2X0_HVT origin=254.6880 249.0640
    u_core/core_i/U5179 ref=OR2X1_HVT origin=255.6000 249.0640
    u_core/core_i/U5206 ref=OR2X1_HVT origin=256.8160 249.0640
    u_core/core_i/U5236 ref=OA221X1_HVT origin=263.6560 249.0640
    u_core/core_i/U5238 ref=OR3X1_HVT origin=261.0720 249.0640
    u_core/core_i/U5247 ref=AND2X1_HVT origin=262.4400 249.0640
    u_core/core_i/U5248 ref=AND4X1_HVT origin=261.0720 249.0640
    u_core/core_i/U5261 ref=NAND4X0_HVT origin=260.1600 259.0960
    u_core/core_i/U5266 ref=INVX1_HVT origin=254.3840 249.0640
    u_core/core_i/U5148 ref=NAND2X0_HVT origin=263.9600 252.4080
    u_core/core_i/U5227 ref=NAND2X0_HVT origin=262.8960 259.0960
    u_core/core_i/U5132 ref=INVX1_HVT origin=258.1840 259.0960
    u_core/core_i/U5128 ref=INVX1_HVT origin=254.0800 252.4080
    u_core/core_i/U5130 ref=INVX1_HVT origin=254.5360 252.4080
    u_core/core_i/U5231 ref=NAND2X0_HVT origin=264.2640 259.0960
    ... cell output truncated ...
  nearby_shapes : 101
    shape PATH_25_23 layer=M8 net=VSS bbox={259.5000 10.0000} {260.5000 315.9120}
    shape PATH_19_43 layer=M5 net=hart_id_i[16] bbox={246.7560 254.0520} {307.0040 254.1080}
    shape PATH_17_70 layer=M4 net=hart_id_i[30] bbox={264.0840 176.5320} {264.1400 301.8360}
    shape PATH_11_137 layer=M1 net=VSS bbox={20.0000 249.0340} {306.9760 249.0940}
    shape PATH_11_138 layer=M1 net=VDD bbox={20.0000 250.7060} {306.9760 250.7660}
    shape PATH_11_139 layer=M1 net=VSS bbox={20.0000 252.3780} {306.9760 252.4380}
    shape PATH_11_140 layer=M1 net=VDD bbox={20.0000 254.0500} {306.9760 254.1100}
    shape PATH_11_141 layer=M1 net=VSS bbox={20.0000 255.7220} {306.9760 255.7820}
    shape PATH_11_142 layer=M1 net=VDD bbox={20.0000 257.3940} {306.9760 257.4540}
    shape PATH_13_203 layer=M2 net=VSS bbox={259.8000 10.0000} {260.2000 315.9120}
    shape PATH_19_456 layer=M5 net=u_core/core_i/ex_stage_i/alu_i/alu_div_i/net10834 bbox={262.2600 251.0120} {265.3560 251.0680}
    shape PATH_19_483 layer=M5 net=u_core/core_i/n357 bbox={245.8440 252.8360} {265.0520 252.8920}
    shape PATH_11_764 layer=M1 net=u_core/core_i/ex_stage_i/alu_i/alu_div_i/AReg_DP[26] bbox={254.0550 253.1430} {254.8650 253.1930}
    shape PATH_11_766 layer=M1 net=u_core/core_i/ex_stage_i/alu_i/alu_div_i/AReg_DP[25] bbox={264.2390 250.4070} {264.7450 250.4570}
    shape PATH_11_773 layer=M1 net=u_core/core_i/ex_stage_i/alu_i/alu_div_i/AReg_DP[15] bbox={254.6630 249.7990} {255.0170 249.8490}
    shape PATH_17_1012 layer=M4 net=u_core/core_i/ex_stage_i/alu_i/alu_div_i/BReg_DP[28] bbox={258.0040 240.9800} {258.0600 251.0680}
    shape PATH_17_1013 layer=M4 net=u_core/core_i/ex_stage_i/alu_i/alu_div_i/BReg_DP[23] bbox={263.7800 256.4840} {263.8360 271.1320}
    shape PATH_17_1015 layer=M4 net=u_core/core_i/ex_stage_i/alu_i/alu_div_i/BReg_DP[18] bbox={259.5240 253.7480} {259.5800 265.9640}
    shape PATH_17_2282 layer=M4 net=u_core/core_i/n5636 bbox={264.6920 247.9720} {264.7480 249.5480}
    shape PATH_17_2283 layer=M4 net=u_core/core_i/n5639 bbox={260.1320 248.2760} {260.1880 261.7080}
    shape PATH_17_2290 layer=M4 net=u_core/core_i/n5705 bbox={261.6520 235.2040} {261.7080 255.9320}
    shape PATH_15_3011 layer=M3 net=u_core/core_i/ex_stage_i/alu_i/alu_div_i/AddOut_D[27] bbox={253.9000 250.4040} {264.4440 250.4600}
    shape PATH_15_3012 layer=M3 net=u_core/core_i/ex_stage_i/alu_i/alu_div_i/AddOut_D[26] bbox={255.8760 251.3160} {270.8280 251.3720}
    shape PATH_15_3063 layer=M3 net=u_core/core_i/ex_stage_i/alu_i/alu_div_i/AReg_DP[27] bbox={254.3560 251.9240} {267.9400 251.9800}
    shape PATH_15_3065 layer=M3 net=u_core/core_i/ex_stage_i/alu_i/alu_div_i/AReg_DP[26] bbox={254.2040 254.3560} {270.8280 254.4120}
    shape PATH_15_3073 layer=M3 net=u_core/core_i/ex_stage_i/alu_i/alu_div_i/AReg_DP[24] bbox={250.2520 253.1400} {255.7800 253.1960}
    shape PATH_15_3076 layer=M3 net=u_core/core_i/ex_stage_i/alu_i/alu_div_i/AReg_DP[24] bbox={263.6280 253.1400} {266.1160 253.1960}
    shape PATH_15_3077 layer=M3 net=u_core/core_i/ex_stage_i/alu_i/alu_div_i/AReg_DP[23] bbox={248.5800 254.6600} {264.2920 254.7160}
    shape PATH_15_3078 layer=M3 net=u_core/core_i/ex_stage_i/alu_i/alu_div_i/AReg_DP[23] bbox={264.2360 254.6600} {264.9000 254.7160}
    shape PATH_15_3083 layer=M3 net=u_core/core_i/ex_stage_i/alu_i/alu_div_i/AReg_DP[22] bbox={251.7720 254.9640} {261.1000 255.0200}
    shape PATH_15_3084 layer=M3 net=u_core/core_i/ex_stage_i/alu_i/alu_div_i/AReg_DP[22] bbox={261.0440 254.9640} {265.9640 255.0200}
    shape PATH_15_3089 layer=M3 net=u_core/core_i/ex_stage_i/alu_i/alu_div_i/AReg_DP[21] bbox={245.9960 257.3960} {263.2280 257.4520}
    shape PATH_15_3115 layer=M3 net=u_core/core_i/ex_stage_i/alu_i/alu_div_i/AReg_DP[16] bbox={247.5160 250.7080} {263.0760 250.7640}
    shape PATH_15_3118 layer=M3 net=u_core/core_i/ex_stage_i/alu_i/alu_div_i/AReg_DP[16] bbox={263.0200 251.0120} {265.9640 251.0680}
    shape PATH_15_3120 layer=M3 net=u_core/core_i/ex_stage_i/alu_i/alu_div_i/AReg_DP[15] bbox={251.0120 249.4920} {254.7160 249.5480}
    shape PATH_15_3121 layer=M3 net=u_core/core_i/ex_stage_i/alu_i/alu_div_i/AReg_DP[15] bbox={254.6600 249.4920} {254.8680 249.5480}
    shape PATH_15_3123 layer=M3 net=u_core/core_i/ex_stage_i/alu_i/alu_div_i/AReg_DP[15] bbox={254.8120 249.7960} {269.3080 249.8520}
    shape PATH_15_3326 layer=M3 net=u_core/core_i/ex_stage_i/alu_i/alu_div_i/BReg_DP[28] bbox={242.9560 251.0120} {258.0600 251.0680}
    shape PATH_15_3333 layer=M3 net=u_core/core_i/ex_stage_i/alu_i/alu_div_i/BReg_DP[27] bbox={238.7000 251.6200} {255.7800 251.6760}
    shape PATH_15_3340 layer=M3 net=u_core/core_i/ex_stage_i/alu_i/alu_div_i/BReg_DP[25] bbox={250.5560 256.7880} {256.9960 256.8440}
  nearby_pg_m2_shapes: 1

Point line 8
  cell          : u_core/core_i/ex_stage_i/alu_i/alu_div_i/AReg_DP_reg[24]
  ref_name      : SDFFARX1_RVT
  origin        : 258.4880 252.4080
  orientation   : R0
  cell_bbox     : {258.3730 252.3780} {264.0750 254.1810}
  pin           : SI
  blocked_point : 259.7040 253.7760
  nearest_drc   : Needs fat contact / M1 (11)-M2 (13) at 257.8800 249.8240, distance=4.3526 um
  pin_bbox      : {259.6470 253.6450} {259.8250 253.8320}
  pin_layer     : M1 CO
  pin_net       : u_core/core_i/ex_stage_i/alu_i/alu_div_i/BReg_DP[18]
  search_box    : {254.704 248.776} {264.704 258.776}
  nearby_cells  : 21
    u_core/core_i/U122 ref=AND2X1_HVT origin=253.9280 255.7520
    u_core/core_i/U132 ref=AND2X1_HVT origin=256.9680 259.0960
    u_core/core_i/U246 ref=FADDX1_HVT origin=253.6240 255.7520
    u_core/core_i/U5137 ref=OA22X1_HVT origin=259.5520 249.0640
    u_core/core_i/U5150 ref=INVX1_HVT origin=264.5680 255.7520
    u_core/core_i/U5175 ref=NOR2X0_HVT origin=254.6880 249.0640
    u_core/core_i/U5179 ref=OR2X1_HVT origin=255.6000 249.0640
    u_core/core_i/U5206 ref=OR2X1_HVT origin=256.8160 249.0640
    u_core/core_i/U5236 ref=OA221X1_HVT origin=263.6560 249.0640
    u_core/core_i/U5238 ref=OR3X1_HVT origin=261.0720 249.0640
    u_core/core_i/U5247 ref=AND2X1_HVT origin=262.4400 249.0640
    u_core/core_i/U5248 ref=AND4X1_HVT origin=261.0720 249.0640
    u_core/core_i/U5261 ref=NAND4X0_HVT origin=260.1600 259.0960
    u_core/core_i/U5266 ref=INVX1_HVT origin=254.3840 249.0640
    u_core/core_i/U5148 ref=NAND2X0_HVT origin=263.9600 252.4080
    u_core/core_i/U5227 ref=NAND2X0_HVT origin=262.8960 259.0960
    u_core/core_i/U5132 ref=INVX1_HVT origin=258.1840 259.0960
    u_core/core_i/U5128 ref=INVX1_HVT origin=254.0800 252.4080
    u_core/core_i/U5130 ref=INVX1_HVT origin=254.5360 252.4080
    u_core/core_i/U5231 ref=NAND2X0_HVT origin=264.2640 259.0960
    ... cell output truncated ...
  nearby_shapes : 101
    shape PATH_25_23 layer=M8 net=VSS bbox={259.5000 10.0000} {260.5000 315.9120}
    shape PATH_19_43 layer=M5 net=hart_id_i[16] bbox={246.7560 254.0520} {307.0040 254.1080}
    shape PATH_17_70 layer=M4 net=hart_id_i[30] bbox={264.0840 176.5320} {264.1400 301.8360}
    shape PATH_11_137 layer=M1 net=VSS bbox={20.0000 249.0340} {306.9760 249.0940}
    shape PATH_11_138 layer=M1 net=VDD bbox={20.0000 250.7060} {306.9760 250.7660}
    shape PATH_11_139 layer=M1 net=VSS bbox={20.0000 252.3780} {306.9760 252.4380}
    shape PATH_11_140 layer=M1 net=VDD bbox={20.0000 254.0500} {306.9760 254.1100}
    shape PATH_11_141 layer=M1 net=VSS bbox={20.0000 255.7220} {306.9760 255.7820}
    shape PATH_11_142 layer=M1 net=VDD bbox={20.0000 257.3940} {306.9760 257.4540}
    shape PATH_13_203 layer=M2 net=VSS bbox={259.8000 10.0000} {260.2000 315.9120}
    shape PATH_19_456 layer=M5 net=u_core/core_i/ex_stage_i/alu_i/alu_div_i/net10834 bbox={262.2600 251.0120} {265.3560 251.0680}
    shape PATH_19_483 layer=M5 net=u_core/core_i/n357 bbox={245.8440 252.8360} {265.0520 252.8920}
    shape PATH_11_764 layer=M1 net=u_core/core_i/ex_stage_i/alu_i/alu_div_i/AReg_DP[26] bbox={254.0550 253.1430} {254.8650 253.1930}
    shape PATH_11_766 layer=M1 net=u_core/core_i/ex_stage_i/alu_i/alu_div_i/AReg_DP[25] bbox={264.2390 250.4070} {264.7450 250.4570}
    shape PATH_11_773 layer=M1 net=u_core/core_i/ex_stage_i/alu_i/alu_div_i/AReg_DP[15] bbox={254.6630 249.7990} {255.0170 249.8490}
    shape PATH_17_1012 layer=M4 net=u_core/core_i/ex_stage_i/alu_i/alu_div_i/BReg_DP[28] bbox={258.0040 240.9800} {258.0600 251.0680}
    shape PATH_17_1013 layer=M4 net=u_core/core_i/ex_stage_i/alu_i/alu_div_i/BReg_DP[23] bbox={263.7800 256.4840} {263.8360 271.1320}
    shape PATH_17_1015 layer=M4 net=u_core/core_i/ex_stage_i/alu_i/alu_div_i/BReg_DP[18] bbox={259.5240 253.7480} {259.5800 265.9640}
    shape PATH_17_2282 layer=M4 net=u_core/core_i/n5636 bbox={264.6920 247.9720} {264.7480 249.5480}
    shape PATH_17_2283 layer=M4 net=u_core/core_i/n5639 bbox={260.1320 248.2760} {260.1880 261.7080}
    shape PATH_17_2290 layer=M4 net=u_core/core_i/n5705 bbox={261.6520 235.2040} {261.7080 255.9320}
    shape PATH_15_3011 layer=M3 net=u_core/core_i/ex_stage_i/alu_i/alu_div_i/AddOut_D[27] bbox={253.9000 250.4040} {264.4440 250.4600}
    shape PATH_15_3012 layer=M3 net=u_core/core_i/ex_stage_i/alu_i/alu_div_i/AddOut_D[26] bbox={255.8760 251.3160} {270.8280 251.3720}
    shape PATH_15_3063 layer=M3 net=u_core/core_i/ex_stage_i/alu_i/alu_div_i/AReg_DP[27] bbox={254.3560 251.9240} {267.9400 251.9800}
    shape PATH_15_3065 layer=M3 net=u_core/core_i/ex_stage_i/alu_i/alu_div_i/AReg_DP[26] bbox={254.2040 254.3560} {270.8280 254.4120}
    shape PATH_15_3073 layer=M3 net=u_core/core_i/ex_stage_i/alu_i/alu_div_i/AReg_DP[24] bbox={250.2520 253.1400} {255.7800 253.1960}
    shape PATH_15_3076 layer=M3 net=u_core/core_i/ex_stage_i/alu_i/alu_div_i/AReg_DP[24] bbox={263.6280 253.1400} {266.1160 253.1960}
    shape PATH_15_3077 layer=M3 net=u_core/core_i/ex_stage_i/alu_i/alu_div_i/AReg_DP[23] bbox={248.5800 254.6600} {264.2920 254.7160}
    shape PATH_15_3078 layer=M3 net=u_core/core_i/ex_stage_i/alu_i/alu_div_i/AReg_DP[23] bbox={264.2360 254.6600} {264.9000 254.7160}
    shape PATH_15_3083 layer=M3 net=u_core/core_i/ex_stage_i/alu_i/alu_div_i/AReg_DP[22] bbox={251.7720 254.9640} {261.1000 255.0200}
    shape PATH_15_3084 layer=M3 net=u_core/core_i/ex_stage_i/alu_i/alu_div_i/AReg_DP[22] bbox={261.0440 254.9640} {265.9640 255.0200}
    shape PATH_15_3089 layer=M3 net=u_core/core_i/ex_stage_i/alu_i/alu_div_i/AReg_DP[21] bbox={245.9960 257.3960} {263.2280 257.4520}
    shape PATH_15_3115 layer=M3 net=u_core/core_i/ex_stage_i/alu_i/alu_div_i/AReg_DP[16] bbox={247.5160 250.7080} {263.0760 250.7640}
    shape PATH_15_3118 layer=M3 net=u_core/core_i/ex_stage_i/alu_i/alu_div_i/AReg_DP[16] bbox={263.0200 251.0120} {265.9640 251.0680}
    shape PATH_15_3120 layer=M3 net=u_core/core_i/ex_stage_i/alu_i/alu_div_i/AReg_DP[15] bbox={251.0120 249.4920} {254.7160 249.5480}
    shape PATH_15_3121 layer=M3 net=u_core/core_i/ex_stage_i/alu_i/alu_div_i/AReg_DP[15] bbox={254.6600 249.4920} {254.8680 249.5480}
    shape PATH_15_3123 layer=M3 net=u_core/core_i/ex_stage_i/alu_i/alu_div_i/AReg_DP[15] bbox={254.8120 249.7960} {269.3080 249.8520}
    shape PATH_15_3326 layer=M3 net=u_core/core_i/ex_stage_i/alu_i/alu_div_i/BReg_DP[28] bbox={242.9560 251.0120} {258.0600 251.0680}
    shape PATH_15_3333 layer=M3 net=u_core/core_i/ex_stage_i/alu_i/alu_div_i/BReg_DP[27] bbox={238.7000 251.6200} {255.7800 251.6760}
    shape PATH_15_3340 layer=M3 net=u_core/core_i/ex_stage_i/alu_i/alu_div_i/BReg_DP[25] bbox={250.5560 256.7880} {256.9960 256.8440}
  nearby_pg_m2_shapes: 1

Point line 9
  cell          : u_core/core_i/ex_stage_i/alu_i/alu_div_i/AReg_DP_reg[24]
  ref_name      : SDFFARX1_RVT
  origin        : 258.4880 252.4080
  orientation   : R0
  cell_bbox     : {258.3730 252.3780} {264.0750 254.1810}
  pin           : SI
  blocked_point : 259.7040 253.7572
  nearest_drc   : Needs fat contact / M1 (11)-M2 (13) at 257.8800 249.8240, distance=4.3356 um
  pin_bbox      : {259.6470 253.6450} {259.8250 253.8320}
  pin_layer     : M1 CO
  pin_net       : u_core/core_i/ex_stage_i/alu_i/alu_div_i/BReg_DP[18]
  search_box    : {254.704 248.7572} {264.704 258.7572}
  nearby_cells  : 21
    u_core/core_i/U122 ref=AND2X1_HVT origin=253.9280 255.7520
    u_core/core_i/U132 ref=AND2X1_HVT origin=256.9680 259.0960
    u_core/core_i/U246 ref=FADDX1_HVT origin=253.6240 255.7520
    u_core/core_i/U5137 ref=OA22X1_HVT origin=259.5520 249.0640
    u_core/core_i/U5150 ref=INVX1_HVT origin=264.5680 255.7520
    u_core/core_i/U5175 ref=NOR2X0_HVT origin=254.6880 249.0640
    u_core/core_i/U5179 ref=OR2X1_HVT origin=255.6000 249.0640
    u_core/core_i/U5206 ref=OR2X1_HVT origin=256.8160 249.0640
    u_core/core_i/U5236 ref=OA221X1_HVT origin=263.6560 249.0640
    u_core/core_i/U5238 ref=OR3X1_HVT origin=261.0720 249.0640
    u_core/core_i/U5247 ref=AND2X1_HVT origin=262.4400 249.0640
    u_core/core_i/U5248 ref=AND4X1_HVT origin=261.0720 249.0640
    u_core/core_i/U5261 ref=NAND4X0_HVT origin=260.1600 259.0960
    u_core/core_i/U5266 ref=INVX1_HVT origin=254.3840 249.0640
    u_core/core_i/U5148 ref=NAND2X0_HVT origin=263.9600 252.4080
    u_core/core_i/U5227 ref=NAND2X0_HVT origin=262.8960 259.0960
    u_core/core_i/U5132 ref=INVX1_HVT origin=258.1840 259.0960
    u_core/core_i/U5128 ref=INVX1_HVT origin=254.0800 252.4080
    u_core/core_i/U5130 ref=INVX1_HVT origin=254.5360 252.4080
    u_core/core_i/U5231 ref=NAND2X0_HVT origin=264.2640 259.0960
    ... cell output truncated ...
  nearby_shapes : 101
    shape PATH_25_23 layer=M8 net=VSS bbox={259.5000 10.0000} {260.5000 315.9120}
    shape PATH_19_43 layer=M5 net=hart_id_i[16] bbox={246.7560 254.0520} {307.0040 254.1080}
    shape PATH_17_70 layer=M4 net=hart_id_i[30] bbox={264.0840 176.5320} {264.1400 301.8360}
    shape PATH_11_137 layer=M1 net=VSS bbox={20.0000 249.0340} {306.9760 249.0940}
    shape PATH_11_138 layer=M1 net=VDD bbox={20.0000 250.7060} {306.9760 250.7660}
    shape PATH_11_139 layer=M1 net=VSS bbox={20.0000 252.3780} {306.9760 252.4380}
    shape PATH_11_140 layer=M1 net=VDD bbox={20.0000 254.0500} {306.9760 254.1100}
    shape PATH_11_141 layer=M1 net=VSS bbox={20.0000 255.7220} {306.9760 255.7820}
    shape PATH_11_142 layer=M1 net=VDD bbox={20.0000 257.3940} {306.9760 257.4540}
    shape PATH_13_203 layer=M2 net=VSS bbox={259.8000 10.0000} {260.2000 315.9120}
    shape PATH_19_456 layer=M5 net=u_core/core_i/ex_stage_i/alu_i/alu_div_i/net10834 bbox={262.2600 251.0120} {265.3560 251.0680}
    shape PATH_19_483 layer=M5 net=u_core/core_i/n357 bbox={245.8440 252.8360} {265.0520 252.8920}
    shape PATH_11_764 layer=M1 net=u_core/core_i/ex_stage_i/alu_i/alu_div_i/AReg_DP[26] bbox={254.0550 253.1430} {254.8650 253.1930}
    shape PATH_11_766 layer=M1 net=u_core/core_i/ex_stage_i/alu_i/alu_div_i/AReg_DP[25] bbox={264.2390 250.4070} {264.7450 250.4570}
    shape PATH_11_773 layer=M1 net=u_core/core_i/ex_stage_i/alu_i/alu_div_i/AReg_DP[15] bbox={254.6630 249.7990} {255.0170 249.8490}
    shape PATH_17_1012 layer=M4 net=u_core/core_i/ex_stage_i/alu_i/alu_div_i/BReg_DP[28] bbox={258.0040 240.9800} {258.0600 251.0680}
    shape PATH_17_1013 layer=M4 net=u_core/core_i/ex_stage_i/alu_i/alu_div_i/BReg_DP[23] bbox={263.7800 256.4840} {263.8360 271.1320}
    shape PATH_17_1015 layer=M4 net=u_core/core_i/ex_stage_i/alu_i/alu_div_i/BReg_DP[18] bbox={259.5240 253.7480} {259.5800 265.9640}
    shape PATH_17_2282 layer=M4 net=u_core/core_i/n5636 bbox={264.6920 247.9720} {264.7480 249.5480}
    shape PATH_17_2283 layer=M4 net=u_core/core_i/n5639 bbox={260.1320 248.2760} {260.1880 261.7080}
    shape PATH_17_2290 layer=M4 net=u_core/core_i/n5705 bbox={261.6520 235.2040} {261.7080 255.9320}
    shape PATH_15_3011 layer=M3 net=u_core/core_i/ex_stage_i/alu_i/alu_div_i/AddOut_D[27] bbox={253.9000 250.4040} {264.4440 250.4600}
    shape PATH_15_3012 layer=M3 net=u_core/core_i/ex_stage_i/alu_i/alu_div_i/AddOut_D[26] bbox={255.8760 251.3160} {270.8280 251.3720}
    shape PATH_15_3063 layer=M3 net=u_core/core_i/ex_stage_i/alu_i/alu_div_i/AReg_DP[27] bbox={254.3560 251.9240} {267.9400 251.9800}
    shape PATH_15_3065 layer=M3 net=u_core/core_i/ex_stage_i/alu_i/alu_div_i/AReg_DP[26] bbox={254.2040 254.3560} {270.8280 254.4120}
    shape PATH_15_3073 layer=M3 net=u_core/core_i/ex_stage_i/alu_i/alu_div_i/AReg_DP[24] bbox={250.2520 253.1400} {255.7800 253.1960}
    shape PATH_15_3076 layer=M3 net=u_core/core_i/ex_stage_i/alu_i/alu_div_i/AReg_DP[24] bbox={263.6280 253.1400} {266.1160 253.1960}
    shape PATH_15_3077 layer=M3 net=u_core/core_i/ex_stage_i/alu_i/alu_div_i/AReg_DP[23] bbox={248.5800 254.6600} {264.2920 254.7160}
    shape PATH_15_3078 layer=M3 net=u_core/core_i/ex_stage_i/alu_i/alu_div_i/AReg_DP[23] bbox={264.2360 254.6600} {264.9000 254.7160}
    shape PATH_15_3083 layer=M3 net=u_core/core_i/ex_stage_i/alu_i/alu_div_i/AReg_DP[22] bbox={251.7720 254.9640} {261.1000 255.0200}
    shape PATH_15_3084 layer=M3 net=u_core/core_i/ex_stage_i/alu_i/alu_div_i/AReg_DP[22] bbox={261.0440 254.9640} {265.9640 255.0200}
    shape PATH_15_3089 layer=M3 net=u_core/core_i/ex_stage_i/alu_i/alu_div_i/AReg_DP[21] bbox={245.9960 257.3960} {263.2280 257.4520}
    shape PATH_15_3115 layer=M3 net=u_core/core_i/ex_stage_i/alu_i/alu_div_i/AReg_DP[16] bbox={247.5160 250.7080} {263.0760 250.7640}
    shape PATH_15_3118 layer=M3 net=u_core/core_i/ex_stage_i/alu_i/alu_div_i/AReg_DP[16] bbox={263.0200 251.0120} {265.9640 251.0680}
    shape PATH_15_3120 layer=M3 net=u_core/core_i/ex_stage_i/alu_i/alu_div_i/AReg_DP[15] bbox={251.0120 249.4920} {254.7160 249.5480}
    shape PATH_15_3121 layer=M3 net=u_core/core_i/ex_stage_i/alu_i/alu_div_i/AReg_DP[15] bbox={254.6600 249.4920} {254.8680 249.5480}
    shape PATH_15_3123 layer=M3 net=u_core/core_i/ex_stage_i/alu_i/alu_div_i/AReg_DP[15] bbox={254.8120 249.7960} {269.3080 249.8520}
    shape PATH_15_3326 layer=M3 net=u_core/core_i/ex_stage_i/alu_i/alu_div_i/BReg_DP[28] bbox={242.9560 251.0120} {258.0600 251.0680}
    shape PATH_15_3333 layer=M3 net=u_core/core_i/ex_stage_i/alu_i/alu_div_i/BReg_DP[27] bbox={238.7000 251.6200} {255.7800 251.6760}
    shape PATH_15_3340 layer=M3 net=u_core/core_i/ex_stage_i/alu_i/alu_div_i/BReg_DP[25] bbox={250.5560 256.7880} {256.9960 256.8440}
  nearby_pg_m2_shapes: 1

Point line 10
  cell          : u_core/core_i/ex_stage_i/alu_i/alu_div_i/AReg_DP_reg[24]
  ref_name      : SDFFARX1_RVT
  origin        : 258.4880 252.4080
  orientation   : R0
  cell_bbox     : {258.3730 252.3780} {264.0750 254.1810}
  pin           : CLK
  blocked_point : 260.3120 253.9080
  nearest_drc   : Needs fat contact / M1 (11)-M2 (13) at 257.8800 249.8240, distance=4.7533 um
  pin_bbox      : {260.2570 253.8320} {260.4290 253.9840}
  pin_layer     : M1 CO
  pin_net       : u_core/core_i/ex_stage_i/alu_i/alu_div_i/net10834
  search_box    : {255.312 248.908} {265.312 258.908}
  nearby_cells  : 19
    u_core/core_i/U132 ref=AND2X1_HVT origin=256.9680 259.0960
    u_core/core_i/U246 ref=FADDX1_HVT origin=253.6240 255.7520
    u_core/core_i/U256 ref=FADDX1_HVT origin=265.1760 255.7520
    u_core/core_i/U5131 ref=OA22X1_HVT origin=254.8400 252.4080
    u_core/core_i/U5137 ref=OA22X1_HVT origin=259.5520 249.0640
    u_core/core_i/U5150 ref=INVX1_HVT origin=264.5680 255.7520
    u_core/core_i/U5175 ref=NOR2X0_HVT origin=254.6880 249.0640
    u_core/core_i/U5179 ref=OR2X1_HVT origin=255.6000 249.0640
    u_core/core_i/U5206 ref=OR2X1_HVT origin=256.8160 249.0640
    u_core/core_i/U5236 ref=OA221X1_HVT origin=263.6560 249.0640
    u_core/core_i/U5238 ref=OR3X1_HVT origin=261.0720 249.0640
    u_core/core_i/U5247 ref=AND2X1_HVT origin=262.4400 249.0640
    u_core/core_i/U5248 ref=AND4X1_HVT origin=261.0720 249.0640
    u_core/core_i/U5261 ref=NAND4X0_HVT origin=260.1600 259.0960
    u_core/core_i/U5227 ref=NAND2X0_HVT origin=262.8960 259.0960
    u_core/core_i/U5132 ref=INVX1_HVT origin=258.1840 259.0960
    u_core/core_i/U5231 ref=NAND2X0_HVT origin=264.2640 259.0960
    u_core/core_i/ex_stage_i/alu_i/alu_div_i/AReg_DP_reg[27] ref=SDFFARX1_RVT origin=263.5040 249.0640
    u_core/core_i/ex_stage_i/alu_i/alu_div_i/AReg_DP_reg[16] ref=SDFFARX1_RVT origin=264.8720 252.4080
  nearby_shapes : 102
    shape PATH_25_23 layer=M8 net=VSS bbox={259.5000 10.0000} {260.5000 315.9120}
    shape PATH_19_43 layer=M5 net=hart_id_i[16] bbox={246.7560 254.0520} {307.0040 254.1080}
    shape PATH_17_70 layer=M4 net=hart_id_i[30] bbox={264.0840 176.5320} {264.1400 301.8360}
    shape PATH_11_137 layer=M1 net=VSS bbox={20.0000 249.0340} {306.9760 249.0940}
    shape PATH_11_138 layer=M1 net=VDD bbox={20.0000 250.7060} {306.9760 250.7660}
    shape PATH_11_139 layer=M1 net=VSS bbox={20.0000 252.3780} {306.9760 252.4380}
    shape PATH_11_140 layer=M1 net=VDD bbox={20.0000 254.0500} {306.9760 254.1100}
    shape PATH_11_141 layer=M1 net=VSS bbox={20.0000 255.7220} {306.9760 255.7820}
    shape PATH_11_142 layer=M1 net=VDD bbox={20.0000 257.3940} {306.9760 257.4540}
    shape PATH_13_203 layer=M2 net=VSS bbox={259.8000 10.0000} {260.2000 315.9120}
    shape PATH_19_456 layer=M5 net=u_core/core_i/ex_stage_i/alu_i/alu_div_i/net10834 bbox={262.2600 251.0120} {265.3560 251.0680}
    shape PATH_19_461 layer=M5 net=u_core/core_i/ex_stage_i/alu_i/alu_div_i/net10834 bbox={265.3000 251.0120} {266.5720 251.0680}
    shape PATH_19_483 layer=M5 net=u_core/core_i/n357 bbox={245.8440 252.8360} {265.0520 252.8920}
    shape PATH_17_958 layer=M4 net=u_core/core_i/ex_stage_i/alu_i/alu_div_i/net10834 bbox={265.3000 246.1480} {265.3560 250.6120}
    shape PATH_17_959 layer=M4 net=u_core/core_i/ex_stage_i/alu_i/alu_div_i/net10834 bbox={265.3000 250.5560} {265.3560 251.0680}
    shape PATH_17_1012 layer=M4 net=u_core/core_i/ex_stage_i/alu_i/alu_div_i/BReg_DP[28] bbox={258.0040 240.9800} {258.0600 251.0680}
    shape PATH_17_1013 layer=M4 net=u_core/core_i/ex_stage_i/alu_i/alu_div_i/BReg_DP[23] bbox={263.7800 256.4840} {263.8360 271.1320}
    shape PATH_17_1015 layer=M4 net=u_core/core_i/ex_stage_i/alu_i/alu_div_i/BReg_DP[18] bbox={259.5240 253.7480} {259.5800 265.9640}
    shape PATH_17_1029 layer=M4 net=u_core/core_i/n357 bbox={264.9960 248.8840} {265.0520 252.8920}
    shape PATH_17_2282 layer=M4 net=u_core/core_i/n5636 bbox={264.6920 247.9720} {264.7480 249.5480}
    shape PATH_17_2283 layer=M4 net=u_core/core_i/n5639 bbox={260.1320 248.2760} {260.1880 261.7080}
    shape PATH_17_2290 layer=M4 net=u_core/core_i/n5705 bbox={261.6520 235.2040} {261.7080 255.9320}
    shape PATH_15_2937 layer=M3 net=u_core/core_i/ex_stage_i/alu_i/alu_div_i/net10834 bbox={265.1160 250.5540} {265.3580 250.6140}
    shape PATH_15_3011 layer=M3 net=u_core/core_i/ex_stage_i/alu_i/alu_div_i/AddOut_D[27] bbox={253.9000 250.4040} {264.4440 250.4600}
    shape PATH_15_3012 layer=M3 net=u_core/core_i/ex_stage_i/alu_i/alu_div_i/AddOut_D[26] bbox={255.8760 251.3160} {270.8280 251.3720}
    shape PATH_15_3063 layer=M3 net=u_core/core_i/ex_stage_i/alu_i/alu_div_i/AReg_DP[27] bbox={254.3560 251.9240} {267.9400 251.9800}
    shape PATH_15_3065 layer=M3 net=u_core/core_i/ex_stage_i/alu_i/alu_div_i/AReg_DP[26] bbox={254.2040 254.3560} {270.8280 254.4120}
    shape PATH_15_3073 layer=M3 net=u_core/core_i/ex_stage_i/alu_i/alu_div_i/AReg_DP[24] bbox={250.2520 253.1400} {255.7800 253.1960}
    shape PATH_15_3076 layer=M3 net=u_core/core_i/ex_stage_i/alu_i/alu_div_i/AReg_DP[24] bbox={263.6280 253.1400} {266.1160 253.1960}
    shape PATH_15_3077 layer=M3 net=u_core/core_i/ex_stage_i/alu_i/alu_div_i/AReg_DP[23] bbox={248.5800 254.6600} {264.2920 254.7160}
    shape PATH_15_3079 layer=M3 net=u_core/core_i/ex_stage_i/alu_i/alu_div_i/AReg_DP[23] bbox={264.8440 254.6600} {269.3080 254.7160}
    shape PATH_15_3083 layer=M3 net=u_core/core_i/ex_stage_i/alu_i/alu_div_i/AReg_DP[22] bbox={251.7720 254.9640} {261.1000 255.0200}
    shape PATH_15_3084 layer=M3 net=u_core/core_i/ex_stage_i/alu_i/alu_div_i/AReg_DP[22] bbox={261.0440 254.9640} {265.9640 255.0200}
    shape PATH_15_3089 layer=M3 net=u_core/core_i/ex_stage_i/alu_i/alu_div_i/AReg_DP[21] bbox={245.9960 257.3960} {263.2280 257.4520}
    shape PATH_15_3115 layer=M3 net=u_core/core_i/ex_stage_i/alu_i/alu_div_i/AReg_DP[16] bbox={247.5160 250.7080} {263.0760 250.7640}
    shape PATH_15_3118 layer=M3 net=u_core/core_i/ex_stage_i/alu_i/alu_div_i/AReg_DP[16] bbox={263.0200 251.0120} {265.9640 251.0680}
    shape PATH_15_3123 layer=M3 net=u_core/core_i/ex_stage_i/alu_i/alu_div_i/AReg_DP[15] bbox={254.8120 249.7960} {269.3080 249.8520}
    shape PATH_15_3326 layer=M3 net=u_core/core_i/ex_stage_i/alu_i/alu_div_i/BReg_DP[28] bbox={242.9560 251.0120} {258.0600 251.0680}
    shape PATH_15_3333 layer=M3 net=u_core/core_i/ex_stage_i/alu_i/alu_div_i/BReg_DP[27] bbox={238.7000 251.6200} {255.7800 251.6760}
    shape PATH_15_3337 layer=M3 net=u_core/core_i/ex_stage_i/alu_i/alu_div_i/BReg_DP[26] bbox={255.1160 255.8760} {255.7800 255.9320}
  nearby_pg_m2_shapes: 1

Point line 11
  cell          : u_core/core_i/ex_stage_i/alu_i/alu_div_i/AReg_DP_reg[24]
  ref_name      : SDFFARX1_RVT
  origin        : 258.4880 252.4080
  orientation   : R0
  cell_bbox     : {258.3730 252.3780} {264.0750 254.1810}
  pin           : CLK
  blocked_point : 260.3120 253.9280
  nearest_drc   : Needs fat contact / M1 (11)-M2 (13) at 257.8800 249.8240, distance=4.7705 um
  pin_bbox      : {260.2570 253.8320} {260.4290 253.9840}
  pin_layer     : M1 CO
  pin_net       : u_core/core_i/ex_stage_i/alu_i/alu_div_i/net10834
  search_box    : {255.312 248.928} {265.312 258.928}
  nearby_cells  : 19
    u_core/core_i/U132 ref=AND2X1_HVT origin=256.9680 259.0960
    u_core/core_i/U246 ref=FADDX1_HVT origin=253.6240 255.7520
    u_core/core_i/U256 ref=FADDX1_HVT origin=265.1760 255.7520
    u_core/core_i/U5131 ref=OA22X1_HVT origin=254.8400 252.4080
    u_core/core_i/U5137 ref=OA22X1_HVT origin=259.5520 249.0640
    u_core/core_i/U5150 ref=INVX1_HVT origin=264.5680 255.7520
    u_core/core_i/U5175 ref=NOR2X0_HVT origin=254.6880 249.0640
    u_core/core_i/U5179 ref=OR2X1_HVT origin=255.6000 249.0640
    u_core/core_i/U5206 ref=OR2X1_HVT origin=256.8160 249.0640
    u_core/core_i/U5236 ref=OA221X1_HVT origin=263.6560 249.0640
    u_core/core_i/U5238 ref=OR3X1_HVT origin=261.0720 249.0640
    u_core/core_i/U5247 ref=AND2X1_HVT origin=262.4400 249.0640
    u_core/core_i/U5248 ref=AND4X1_HVT origin=261.0720 249.0640
    u_core/core_i/U5261 ref=NAND4X0_HVT origin=260.1600 259.0960
    u_core/core_i/U5227 ref=NAND2X0_HVT origin=262.8960 259.0960
    u_core/core_i/U5132 ref=INVX1_HVT origin=258.1840 259.0960
    u_core/core_i/U5231 ref=NAND2X0_HVT origin=264.2640 259.0960
    u_core/core_i/ex_stage_i/alu_i/alu_div_i/AReg_DP_reg[27] ref=SDFFARX1_RVT origin=263.5040 249.0640
    u_core/core_i/ex_stage_i/alu_i/alu_div_i/AReg_DP_reg[16] ref=SDFFARX1_RVT origin=264.8720 252.4080
  nearby_shapes : 105
    shape PATH_25_23 layer=M8 net=VSS bbox={259.5000 10.0000} {260.5000 315.9120}
    shape PATH_19_43 layer=M5 net=hart_id_i[16] bbox={246.7560 254.0520} {307.0040 254.1080}
    shape PATH_17_70 layer=M4 net=hart_id_i[30] bbox={264.0840 176.5320} {264.1400 301.8360}
    shape PATH_11_137 layer=M1 net=VSS bbox={20.0000 249.0340} {306.9760 249.0940}
    shape PATH_11_138 layer=M1 net=VDD bbox={20.0000 250.7060} {306.9760 250.7660}
    shape PATH_11_139 layer=M1 net=VSS bbox={20.0000 252.3780} {306.9760 252.4380}
    shape PATH_11_140 layer=M1 net=VDD bbox={20.0000 254.0500} {306.9760 254.1100}
    shape PATH_11_141 layer=M1 net=VSS bbox={20.0000 255.7220} {306.9760 255.7820}
    shape PATH_11_142 layer=M1 net=VDD bbox={20.0000 257.3940} {306.9760 257.4540}
    shape PATH_13_203 layer=M2 net=VSS bbox={259.8000 10.0000} {260.2000 315.9120}
    shape PATH_19_456 layer=M5 net=u_core/core_i/ex_stage_i/alu_i/alu_div_i/net10834 bbox={262.2600 251.0120} {265.3560 251.0680}
    shape PATH_19_461 layer=M5 net=u_core/core_i/ex_stage_i/alu_i/alu_div_i/net10834 bbox={265.3000 251.0120} {266.5720 251.0680}
    shape PATH_19_483 layer=M5 net=u_core/core_i/n357 bbox={245.8440 252.8360} {265.0520 252.8920}
    shape PATH_17_958 layer=M4 net=u_core/core_i/ex_stage_i/alu_i/alu_div_i/net10834 bbox={265.3000 246.1480} {265.3560 250.6120}
    shape PATH_17_959 layer=M4 net=u_core/core_i/ex_stage_i/alu_i/alu_div_i/net10834 bbox={265.3000 250.5560} {265.3560 251.0680}
    shape PATH_17_1012 layer=M4 net=u_core/core_i/ex_stage_i/alu_i/alu_div_i/BReg_DP[28] bbox={258.0040 240.9800} {258.0600 251.0680}
    shape PATH_17_1013 layer=M4 net=u_core/core_i/ex_stage_i/alu_i/alu_div_i/BReg_DP[23] bbox={263.7800 256.4840} {263.8360 271.1320}
    shape PATH_17_1015 layer=M4 net=u_core/core_i/ex_stage_i/alu_i/alu_div_i/BReg_DP[18] bbox={259.5240 253.7480} {259.5800 265.9640}
    shape PATH_17_1029 layer=M4 net=u_core/core_i/n357 bbox={264.9960 248.8840} {265.0520 252.8920}
    shape PATH_17_2282 layer=M4 net=u_core/core_i/n5636 bbox={264.6920 247.9720} {264.7480 249.5480}
    shape PATH_17_2283 layer=M4 net=u_core/core_i/n5639 bbox={260.1320 248.2760} {260.1880 261.7080}
    shape PATH_17_2290 layer=M4 net=u_core/core_i/n5705 bbox={261.6520 235.2040} {261.7080 255.9320}
    shape PATH_15_2937 layer=M3 net=u_core/core_i/ex_stage_i/alu_i/alu_div_i/net10834 bbox={265.1160 250.5540} {265.3580 250.6140}
    shape PATH_15_3011 layer=M3 net=u_core/core_i/ex_stage_i/alu_i/alu_div_i/AddOut_D[27] bbox={253.9000 250.4040} {264.4440 250.4600}
    shape PATH_15_3012 layer=M3 net=u_core/core_i/ex_stage_i/alu_i/alu_div_i/AddOut_D[26] bbox={255.8760 251.3160} {270.8280 251.3720}
    shape PATH_15_3063 layer=M3 net=u_core/core_i/ex_stage_i/alu_i/alu_div_i/AReg_DP[27] bbox={254.3560 251.9240} {267.9400 251.9800}
    shape PATH_15_3065 layer=M3 net=u_core/core_i/ex_stage_i/alu_i/alu_div_i/AReg_DP[26] bbox={254.2040 254.3560} {270.8280 254.4120}
    shape PATH_15_3070 layer=M3 net=u_core/core_i/ex_stage_i/alu_i/alu_div_i/AReg_DP[25] bbox={253.2920 258.9160} {258.5160 258.9720}
    shape PATH_15_3073 layer=M3 net=u_core/core_i/ex_stage_i/alu_i/alu_div_i/AReg_DP[24] bbox={250.2520 253.1400} {255.7800 253.1960}
    shape PATH_15_3076 layer=M3 net=u_core/core_i/ex_stage_i/alu_i/alu_div_i/AReg_DP[24] bbox={263.6280 253.1400} {266.1160 253.1960}
    shape PATH_15_3077 layer=M3 net=u_core/core_i/ex_stage_i/alu_i/alu_div_i/AReg_DP[23] bbox={248.5800 254.6600} {264.2920 254.7160}
    shape PATH_15_3079 layer=M3 net=u_core/core_i/ex_stage_i/alu_i/alu_div_i/AReg_DP[23] bbox={264.8440 254.6600} {269.3080 254.7160}
    shape PATH_15_3083 layer=M3 net=u_core/core_i/ex_stage_i/alu_i/alu_div_i/AReg_DP[22] bbox={251.7720 254.9640} {261.1000 255.0200}
    shape PATH_15_3084 layer=M3 net=u_core/core_i/ex_stage_i/alu_i/alu_div_i/AReg_DP[22] bbox={261.0440 254.9640} {265.9640 255.0200}
    shape PATH_15_3089 layer=M3 net=u_core/core_i/ex_stage_i/alu_i/alu_div_i/AReg_DP[21] bbox={245.9960 257.3960} {263.2280 257.4520}
    shape PATH_15_3115 layer=M3 net=u_core/core_i/ex_stage_i/alu_i/alu_div_i/AReg_DP[16] bbox={247.5160 250.7080} {263.0760 250.7640}
    shape PATH_15_3118 layer=M3 net=u_core/core_i/ex_stage_i/alu_i/alu_div_i/AReg_DP[16] bbox={263.0200 251.0120} {265.9640 251.0680}
    shape PATH_15_3123 layer=M3 net=u_core/core_i/ex_stage_i/alu_i/alu_div_i/AReg_DP[15] bbox={254.8120 249.7960} {269.3080 249.8520}
    shape PATH_15_3326 layer=M3 net=u_core/core_i/ex_stage_i/alu_i/alu_div_i/BReg_DP[28] bbox={242.9560 251.0120} {258.0600 251.0680}
    shape PATH_15_3333 layer=M3 net=u_core/core_i/ex_stage_i/alu_i/alu_div_i/BReg_DP[27] bbox={238.7000 251.6200} {255.7800 251.6760}
  nearby_pg_m2_shapes: 1

Point line 12
  cell          : u_core/core_i/ex_stage_i/alu_i/alu_div_i/AReg_DP_reg[24]
  ref_name      : SDFFARX1_RVT
  origin        : 258.4880 252.4080
  orientation   : R0
  cell_bbox     : {258.3730 252.3780} {264.0750 254.1810}
  pin           : CLK
  blocked_point : 260.3120 253.9180
  nearest_drc   : Needs fat contact / M1 (11)-M2 (13) at 257.8800 249.8240, distance=4.7619 um
  pin_bbox      : {260.2570 253.8320} {260.4290 253.9840}
  pin_layer     : M1 CO
  pin_net       : u_core/core_i/ex_stage_i/alu_i/alu_div_i/net10834
  search_box    : {255.312 248.918} {265.312 258.918}
  nearby_cells  : 19
    u_core/core_i/U132 ref=AND2X1_HVT origin=256.9680 259.0960
    u_core/core_i/U246 ref=FADDX1_HVT origin=253.6240 255.7520
    u_core/core_i/U256 ref=FADDX1_HVT origin=265.1760 255.7520
    u_core/core_i/U5131 ref=OA22X1_HVT origin=254.8400 252.4080
    u_core/core_i/U5137 ref=OA22X1_HVT origin=259.5520 249.0640
    u_core/core_i/U5150 ref=INVX1_HVT origin=264.5680 255.7520
    u_core/core_i/U5175 ref=NOR2X0_HVT origin=254.6880 249.0640
    u_core/core_i/U5179 ref=OR2X1_HVT origin=255.6000 249.0640
    u_core/core_i/U5206 ref=OR2X1_HVT origin=256.8160 249.0640
    u_core/core_i/U5236 ref=OA221X1_HVT origin=263.6560 249.0640
    u_core/core_i/U5238 ref=OR3X1_HVT origin=261.0720 249.0640
    u_core/core_i/U5247 ref=AND2X1_HVT origin=262.4400 249.0640
    u_core/core_i/U5248 ref=AND4X1_HVT origin=261.0720 249.0640
    u_core/core_i/U5261 ref=NAND4X0_HVT origin=260.1600 259.0960
    u_core/core_i/U5227 ref=NAND2X0_HVT origin=262.8960 259.0960
    u_core/core_i/U5132 ref=INVX1_HVT origin=258.1840 259.0960
    u_core/core_i/U5231 ref=NAND2X0_HVT origin=264.2640 259.0960
    u_core/core_i/ex_stage_i/alu_i/alu_div_i/AReg_DP_reg[27] ref=SDFFARX1_RVT origin=263.5040 249.0640
    u_core/core_i/ex_stage_i/alu_i/alu_div_i/AReg_DP_reg[16] ref=SDFFARX1_RVT origin=264.8720 252.4080
  nearby_shapes : 105
    shape PATH_25_23 layer=M8 net=VSS bbox={259.5000 10.0000} {260.5000 315.9120}
    shape PATH_19_43 layer=M5 net=hart_id_i[16] bbox={246.7560 254.0520} {307.0040 254.1080}
    shape PATH_17_70 layer=M4 net=hart_id_i[30] bbox={264.0840 176.5320} {264.1400 301.8360}
    shape PATH_11_137 layer=M1 net=VSS bbox={20.0000 249.0340} {306.9760 249.0940}
    shape PATH_11_138 layer=M1 net=VDD bbox={20.0000 250.7060} {306.9760 250.7660}
    shape PATH_11_139 layer=M1 net=VSS bbox={20.0000 252.3780} {306.9760 252.4380}
    shape PATH_11_140 layer=M1 net=VDD bbox={20.0000 254.0500} {306.9760 254.1100}
    shape PATH_11_141 layer=M1 net=VSS bbox={20.0000 255.7220} {306.9760 255.7820}
    shape PATH_11_142 layer=M1 net=VDD bbox={20.0000 257.3940} {306.9760 257.4540}
    shape PATH_13_203 layer=M2 net=VSS bbox={259.8000 10.0000} {260.2000 315.9120}
    shape PATH_19_456 layer=M5 net=u_core/core_i/ex_stage_i/alu_i/alu_div_i/net10834 bbox={262.2600 251.0120} {265.3560 251.0680}
    shape PATH_19_461 layer=M5 net=u_core/core_i/ex_stage_i/alu_i/alu_div_i/net10834 bbox={265.3000 251.0120} {266.5720 251.0680}
    shape PATH_19_483 layer=M5 net=u_core/core_i/n357 bbox={245.8440 252.8360} {265.0520 252.8920}
    shape PATH_17_958 layer=M4 net=u_core/core_i/ex_stage_i/alu_i/alu_div_i/net10834 bbox={265.3000 246.1480} {265.3560 250.6120}
    shape PATH_17_959 layer=M4 net=u_core/core_i/ex_stage_i/alu_i/alu_div_i/net10834 bbox={265.3000 250.5560} {265.3560 251.0680}
    shape PATH_17_1012 layer=M4 net=u_core/core_i/ex_stage_i/alu_i/alu_div_i/BReg_DP[28] bbox={258.0040 240.9800} {258.0600 251.0680}
    shape PATH_17_1013 layer=M4 net=u_core/core_i/ex_stage_i/alu_i/alu_div_i/BReg_DP[23] bbox={263.7800 256.4840} {263.8360 271.1320}
    shape PATH_17_1015 layer=M4 net=u_core/core_i/ex_stage_i/alu_i/alu_div_i/BReg_DP[18] bbox={259.5240 253.7480} {259.5800 265.9640}
    shape PATH_17_1029 layer=M4 net=u_core/core_i/n357 bbox={264.9960 248.8840} {265.0520 252.8920}
    shape PATH_17_2282 layer=M4 net=u_core/core_i/n5636 bbox={264.6920 247.9720} {264.7480 249.5480}
    shape PATH_17_2283 layer=M4 net=u_core/core_i/n5639 bbox={260.1320 248.2760} {260.1880 261.7080}
    shape PATH_17_2290 layer=M4 net=u_core/core_i/n5705 bbox={261.6520 235.2040} {261.7080 255.9320}
    shape PATH_15_2937 layer=M3 net=u_core/core_i/ex_stage_i/alu_i/alu_div_i/net10834 bbox={265.1160 250.5540} {265.3580 250.6140}
    shape PATH_15_3011 layer=M3 net=u_core/core_i/ex_stage_i/alu_i/alu_div_i/AddOut_D[27] bbox={253.9000 250.4040} {264.4440 250.4600}
    shape PATH_15_3012 layer=M3 net=u_core/core_i/ex_stage_i/alu_i/alu_div_i/AddOut_D[26] bbox={255.8760 251.3160} {270.8280 251.3720}
    shape PATH_15_3063 layer=M3 net=u_core/core_i/ex_stage_i/alu_i/alu_div_i/AReg_DP[27] bbox={254.3560 251.9240} {267.9400 251.9800}
    shape PATH_15_3065 layer=M3 net=u_core/core_i/ex_stage_i/alu_i/alu_div_i/AReg_DP[26] bbox={254.2040 254.3560} {270.8280 254.4120}
    shape PATH_15_3070 layer=M3 net=u_core/core_i/ex_stage_i/alu_i/alu_div_i/AReg_DP[25] bbox={253.2920 258.9160} {258.5160 258.9720}
    shape PATH_15_3073 layer=M3 net=u_core/core_i/ex_stage_i/alu_i/alu_div_i/AReg_DP[24] bbox={250.2520 253.1400} {255.7800 253.1960}
    shape PATH_15_3076 layer=M3 net=u_core/core_i/ex_stage_i/alu_i/alu_div_i/AReg_DP[24] bbox={263.6280 253.1400} {266.1160 253.1960}
    shape PATH_15_3077 layer=M3 net=u_core/core_i/ex_stage_i/alu_i/alu_div_i/AReg_DP[23] bbox={248.5800 254.6600} {264.2920 254.7160}
    shape PATH_15_3079 layer=M3 net=u_core/core_i/ex_stage_i/alu_i/alu_div_i/AReg_DP[23] bbox={264.8440 254.6600} {269.3080 254.7160}
    shape PATH_15_3083 layer=M3 net=u_core/core_i/ex_stage_i/alu_i/alu_div_i/AReg_DP[22] bbox={251.7720 254.9640} {261.1000 255.0200}
    shape PATH_15_3084 layer=M3 net=u_core/core_i/ex_stage_i/alu_i/alu_div_i/AReg_DP[22] bbox={261.0440 254.9640} {265.9640 255.0200}
    shape PATH_15_3089 layer=M3 net=u_core/core_i/ex_stage_i/alu_i/alu_div_i/AReg_DP[21] bbox={245.9960 257.3960} {263.2280 257.4520}
    shape PATH_15_3115 layer=M3 net=u_core/core_i/ex_stage_i/alu_i/alu_div_i/AReg_DP[16] bbox={247.5160 250.7080} {263.0760 250.7640}
    shape PATH_15_3118 layer=M3 net=u_core/core_i/ex_stage_i/alu_i/alu_div_i/AReg_DP[16] bbox={263.0200 251.0120} {265.9640 251.0680}
    shape PATH_15_3123 layer=M3 net=u_core/core_i/ex_stage_i/alu_i/alu_div_i/AReg_DP[15] bbox={254.8120 249.7960} {269.3080 249.8520}
    shape PATH_15_3326 layer=M3 net=u_core/core_i/ex_stage_i/alu_i/alu_div_i/BReg_DP[28] bbox={242.9560 251.0120} {258.0600 251.0680}
    shape PATH_15_3333 layer=M3 net=u_core/core_i/ex_stage_i/alu_i/alu_div_i/BReg_DP[27] bbox={238.7000 251.6200} {255.7800 251.6760}
  nearby_pg_m2_shapes: 1

Unique hotspot SDFFARX1_RVT cells: 4
  u_core/core_i/cs_registers_i/mhpmcounter_q_reg[3][4]
  u_core/core_i/cs_registers_i/mhpmcounter_q_reg[3][10]
  u_core/core_i/cs_registers_i/mhpmcounter_q_reg[3][11]
  u_core/core_i/ex_stage_i/alu_i/alu_div_i/AReg_DP_reg[24]

