****************************************
Report : clock timing
        -type latency
        -launch
        -nworst 20
        -setup
Design : cv32e40p_synth_wrap
Version: W-2024.09-SP2
Date   : Sat May  9 23:50:23 2026
****************************************

  Mode: default
  Clock: clk_i

                                                 --- Latency ---
  Clock Pin                             Trans   Source   Offset  Network    Total            Corner
---------------------------------------------------------------------------------------------------
  u_core/core_i/id_stage_i/mult_operand_b_ex_o_reg[21]/CLK
                                         0.05     0.00       --     0.45     0.45 rp-+      default
  u_core/core_i/id_stage_i/mult_operand_b_ex_o_reg[17]/CLK
                                         0.05     0.00       --     0.45     0.45 rp-+      default
  u_core/core_i/id_stage_i/mult_operand_b_ex_o_reg[18]/CLK
                                         0.05     0.00       --     0.45     0.45 rp-+      default
  u_core/core_i/id_stage_i/mult_operand_b_ex_o_reg[20]/CLK
                                         0.05     0.00       --     0.45     0.45 rp-+      default
  u_core/core_i/id_stage_i/mult_operand_b_ex_o_reg[24]/CLK
                                         0.05     0.00       --     0.45     0.45 rp-+      default
  u_core/core_i/id_stage_i/mult_operand_b_ex_o_reg[25]/CLK
                                         0.05     0.00       --     0.45     0.45 rp-+      default
  u_core/core_i/id_stage_i/mult_operand_b_ex_o_reg[23]/CLK
                                         0.05     0.00       --     0.45     0.45 rp-+      default
  u_core/core_i/id_stage_i/mult_operand_b_ex_o_reg[22]/CLK
                                         0.05     0.00       --     0.45     0.45 rp-+      default
  u_core/core_i/id_stage_i/mult_operand_b_ex_o_reg[16]/CLK
                                         0.05     0.00       --     0.45     0.45 rp-+      default
  u_core/core_i/id_stage_i/mult_operand_b_ex_o_reg[14]/CLK
                                         0.05     0.00       --     0.45     0.45 rp-+      default
  u_core/core_i/id_stage_i/mult_operand_b_ex_o_reg[12]/CLK
                                         0.05     0.00       --     0.45     0.45 rp-+      default
  u_core/core_i/id_stage_i/mult_operand_b_ex_o_reg[19]/CLK
                                         0.05     0.00       --     0.45     0.45 rp-+      default
  u_core/core_i/id_stage_i/mult_operand_b_ex_o_reg[15]/CLK
                                         0.05     0.00       --     0.45     0.45 rp-+      default
  u_core/core_i/id_stage_i/mult_operand_b_ex_o_reg[13]/CLK
                                         0.05     0.00       --     0.45     0.45 rp-+      default
  u_core/core_i/id_stage_i/mult_operand_b_ex_o_reg[28]/CLK
                                         0.05     0.00       --     0.45     0.45 rp-+      default
  u_core/core_i/id_stage_i/mult_operand_b_ex_o_reg[27]/CLK
                                         0.05     0.00       --     0.45     0.45 rp-+      default
  u_core/core_i/id_stage_i/mult_operand_b_ex_o_reg[31]/CLK
                                         0.05     0.00       --     0.45     0.45 rp-+      default
  u_core/core_i/id_stage_i/mult_operand_b_ex_o_reg[26]/CLK
                                         0.05     0.00       --     0.45     0.45 rp-+      default
  u_core/core_i/id_stage_i/mult_operand_a_ex_o_reg[0]/CLK
                                         0.10     0.00       --     0.39     0.39 rp-+      default
  u_core/core_i/id_stage_i/mult_operand_a_ex_o_reg[1]/CLK
                                         0.10     0.00       --     0.39     0.39 rp-+      default
---------------------------------------------------------------------------------------------------
1
