Warning: Cell contains tie connections which are not connected to real PG. (ZRT-511)
Cell Min-Routing-Layer = M1
Cell Max-Routing-Layer = M8
Turn off antenna since no rule is specified
Information: Option route.detail.force_end_on_preferred_grid will be ignored since none of the layers have preferred grid. (ZRT-703)
Warning: Cannot find a default contact code for layer CO. (ZRT-022)
Warning: Port VDD of cell cv32e40p_synth_wrap is unplaced.  This may impact routing result. (ZRT-740)
Warning: Port VSS of cell cv32e40p_synth_wrap is unplaced.  This may impact routing result. (ZRT-740)
Warning: Ignore 2 top cell ports with no pins. (ZRT-027)
Skipping 6 internal pins that are not physical. Set route.common.verbose_level to > 0 and run routing command to get skipped pin names.
Info: number of net_type_blockage: 0 
Information: Via ladder engine would be activated for pattern must join connection in certain commands. Please refer to man-page for the command list. (ZRT-619)
Information: When applicable Min-max layer allow_pin_connection mode will allow paths of length 5.32 outside the layer range. (ZRT-707)
Information: When applicable Min-max layer allow_pin_connection mode will allow paths of length 5.32 outside the layer range on clock nets. (ZRT-718)
Information: When applicable layer based tapering will taper up to 0.00 in distance from the pin. (ZRT-706)
Warning: Standard cell pin MUX41X2_HVT/S0 has no valid via regions. (ZRT-044)


Start checking for open nets ... 

Total number of nets = 18509, of which 0 are not extracted
Total number of open nets = 0, of which 0 are frozen

Check 18509 nets, 0 have Errors

[CHECK OPEN NETS] Elapsed real time: 0:00:00 
[CHECK OPEN NETS] Elapsed cpu  time: sys=0:00:00 usr=0:00:00 total=0:00:00
[CHECK OPEN NETS] Stage (MB): Used    0  Alloctr    0  Proc    0 
[CHECK OPEN NETS] Total (MB): Used   62  Alloctr   63  Proc 5250 
Printing options for 'route.common.*'
common.wire_on_grid_by_layer_name                       :	 {M1 true}           

Printing options for 'route.detail.*'
detail.drc_convergence_effort_level                     :	 high                
detail.generate_extra_off_grid_pin_tracks               :	 true                
detail.optimize_wire_via_effort_level                   :	 high                

Printing options for 'route.auto_via_ladder.*'


Begin full DRC check ...

Information: Using 1 threads for routing. (ZRT-444)
Checked	1/25 Partitions, Violations =	20
Checked	2/25 Partitions, Violations =	20
Checked	3/25 Partitions, Violations =	20
Checked	4/25 Partitions, Violations =	31
Checked	5/25 Partitions, Violations =	46
Checked	6/25 Partitions, Violations =	55
Checked	7/25 Partitions, Violations =	64
Checked	8/25 Partitions, Violations =	101
Checked	9/25 Partitions, Violations =	101
Checked	10/25 Partitions, Violations =	101
Checked	11/25 Partitions, Violations =	105
Checked	12/25 Partitions, Violations =	113
Checked	13/25 Partitions, Violations =	116
Checked	14/25 Partitions, Violations =	122
Checked	15/25 Partitions, Violations =	261
Checked	16/25 Partitions, Violations =	271
Checked	17/25 Partitions, Violations =	296
Checked	18/25 Partitions, Violations =	296
Checked	19/25 Partitions, Violations =	298
Checked	20/25 Partitions, Violations =	302
Checked	21/25 Partitions, Violations =	303
Checked	22/25 Partitions, Violations =	303
Checked	23/25 Partitions, Violations =	340
Checked	24/25 Partitions, Violations =	363
Checked	25/25 Partitions, Violations =	380
[DRC CHECK] Elapsed real time: 0:00:07 
[DRC CHECK] Elapsed cpu  time: sys=0:00:00 usr=0:00:07 total=0:00:07
[DRC CHECK] Stage (MB): Used    0  Alloctr    0  Proc    0 
[DRC CHECK] Total (MB): Used  155  Alloctr  157  Proc 5250 
Warning: No antenna rules defined, Skip antenna analysis. (ZRT-309)

DRC-SUMMARY:
	@@@@@@@ TOTAL VIOLATIONS =	380
	Diff net spacing : 130
	Less than minimum area : 11
	Needs fat contact : 81
	Off-grid : 158


Total Wire Length =                    694704 micron
Total Number of Contacts =             180447
Total Number of Wires =                190167
Total Number of PtConns =              22260
Total Number of Routed Wires =       190096
Total Routed Wire Length =           692165 micron
Total Number of Routed Contacts =       180447
	Layer                 M1 :      30236 micron
	Layer                 M2 :     202168 micron
	Layer                 M3 :     167731 micron
	Layer                 M4 :     126593 micron
	Layer                 M5 :      84283 micron
	Layer                 M6 :      42493 micron
	Layer                 M7 :      30394 micron
	Layer                 M8 :       8266 micron
	Layer                 M9 :          0 micron
	Layer               MRDL :          0 micron
	Via            VIA78SQ_C :        352
	Via       VIA67SQ_C(rot) :       2176
	Via            VIA56SQ_C :       3605
	Via       VIA45SQ_C(rot) :      10755
	Via            VIA34SQ_C :      17543
	Via       VIA34SQ_C(rot) :        163
	Via            VIA23SQ_C :       1112
	Via       VIA23SQ_C(rot) :      70946
	Via            VIA12SQ_C :      68625
	Via       VIA12SQ_C(rot) :       3161
	Via        VIA12SQ_C_2x1 :       1467
	Via   VIA12SQ_C(rot)_1x2 :        126
	Via   VIA12SQ_C(rot)_2x1 :          4
	Via        VIA12SQ_C_1x2 :        303
	Via          VIA12SQ_2x1 :          6
	Via     VIA12SQ(rot)_2x1 :         16
	Via          VIA12SQ_1x2 :         87

 
Redundant via conversion report:
--------------------------------

  Total optimized via conversion rate =  1.11% (2009 / 180447 vias)
 
    Layer VIA1       =  2.72% (2009   / 73795   vias)
        Weight 1     =  2.72% (2009    vias)
        Un-optimized =  0.00% (0       vias)
        Un-mapped    = 97.28% (71786   vias)
    Layer VIA2       =  0.00% (0      / 72058   vias)
        Un-optimized =  0.00% (0       vias)
        Un-mapped    = 100.00% (72058   vias)
    Layer VIA3       =  0.00% (0      / 17706   vias)
        Un-optimized =  0.00% (0       vias)
        Un-mapped    = 100.00% (17706   vias)
    Layer VIA4       =  0.00% (0      / 10755   vias)
        Un-optimized =  0.00% (0       vias)
        Un-mapped    = 100.00% (10755   vias)
    Layer VIA5       =  0.00% (0      / 3605    vias)
        Un-optimized =  0.00% (0       vias)
        Un-mapped    = 100.00% (3605    vias)
    Layer VIA6       =  0.00% (0      / 2176    vias)
        Un-optimized =  0.00% (0       vias)
        Un-mapped    = 100.00% (2176    vias)
    Layer VIA7       =  0.00% (0      / 352     vias)
        Un-optimized =  0.00% (0       vias)
        Un-mapped    = 100.00% (352     vias)
 
  Total double via conversion rate    =  1.11% (2009 / 180447 vias)
 
    Layer VIA1       =  2.72% (2009   / 73795   vias)
    Layer VIA2       =  0.00% (0      / 72058   vias)
    Layer VIA3       =  0.00% (0      / 17706   vias)
    Layer VIA4       =  0.00% (0      / 10755   vias)
    Layer VIA5       =  0.00% (0      / 3605    vias)
    Layer VIA6       =  0.00% (0      / 2176    vias)
    Layer VIA7       =  0.00% (0      / 352     vias)
 
  The optimized via conversion rate based on total routed via count =  1.11% (2009 / 180447 vias)
 
    Layer VIA1       =  2.72% (2009   / 73795   vias)
        Weight 1     =  2.72% (2009    vias)
        Un-optimized =  0.00% (0       vias)
        Un-mapped    = 97.28% (71786   vias)
    Layer VIA2       =  0.00% (0      / 72058   vias)
        Un-optimized =  0.00% (0       vias)
        Un-mapped    = 100.00% (72058   vias)
    Layer VIA3       =  0.00% (0      / 17706   vias)
        Un-optimized =  0.00% (0       vias)
        Un-mapped    = 100.00% (17706   vias)
    Layer VIA4       =  0.00% (0      / 10755   vias)
        Un-optimized =  0.00% (0       vias)
        Un-mapped    = 100.00% (10755   vias)
    Layer VIA5       =  0.00% (0      / 3605    vias)
        Un-optimized =  0.00% (0       vias)
        Un-mapped    = 100.00% (3605    vias)
    Layer VIA6       =  0.00% (0      / 2176    vias)
        Un-optimized =  0.00% (0       vias)
        Un-mapped    = 100.00% (2176    vias)
    Layer VIA7       =  0.00% (0      / 352     vias)
        Un-optimized =  0.00% (0       vias)
        Un-mapped    = 100.00% (352     vias)
 


Verify Summary:

Total number of nets = 18509, of which 0 are not extracted
Total number of open nets = 0, of which 0 are frozen
Total number of excluded ports = 0 ports of 0 unplaced cells connected to 0 nets
                                 0 ports without pins of 0 cells connected to 0 nets
                                 0 ports of 0 cover cells connected to 0 non-pg nets
Total number of DRCs = 380
Total number of antenna violations = no antenna rules defined
Total number of tie to rail violations = not checked
Total number of tie to rail directly violations = not checked


