Information: The value of option cts.compile.enable_cell_relocation has been overridden to "leaf_only" to support latency-driven placement. (CTS-973)
****************************************
Report : report clock qor
        -type area
Design : cv32e40p_synth_wrap
Version: W-2024.09-SP2
Date   : Sat May  9 00:45:06 2026
****************************************


==========================
==== Area (per clock) ====
==========================

Clock                                 Sinks          Clock          Clock          Clock          Clock          Sinks           Sink
                                 (balanced)     Cell Count        Stdcell       Repeater       Repeater     (physical)        Stdcell          Macro
                                                (non sink)           Area          Count           Area                          Area           Area
------------------------------------------------------------------------------------------------------------------------------------------------------
clk_i                                  2130             85         593.93             11          79.04           2130       19487.76           0.00
------------------------------------------------------------------------------------------------------------------------------------------------------
Total                                  2130             85         593.93             11          79.04           2130       19487.76           0.00

Type                               Instance           Unit          Total           Cell             Vt             Vt
                                      Count           Area           Area           Type          Group           Type


=================================
==== Area (per library cell) ====
=================================

===== Summary =====
Type                               Instance           Unit          Total           Cell             Vt             Vt
                                      Count           Area           Area           Type          Group           Type
------------------------------------------------------------------------------------------------------------------------
Clock Repeaters                          11              -          79.04              -              -              -
Other Network Cells                      74              -         514.90              -              -              -
Standard Cell Sinks                    2130              -       19487.76              -              -              -
Macro Cells                               0              -           0.00              -              -              -

===== Clock Repeaters =====
Type                               Instance           Unit          Total           Cell             Vt             Vt
                                      Count           Area           Area           Type          Group           Type
------------------------------------------------------------------------------------------------------------------------
NBUFFX2_HVT                               1           2.03           2.03         Buffer saed32cell_hvt              -
NBUFFX8_RVT                               1           3.81           3.81         Buffer saed32cell_svt              -
NBUFFX16_HVT                              5           6.10          30.50         Buffer saed32cell_hvt              -
NBUFFX32_HVT                              2          10.67          21.35         Buffer saed32cell_hvt              -
NBUFFX32_LVT                              1          10.67          10.67         Buffer saed32cell_lvt              -
NBUFFX32_RVT                              1          10.67          10.67         Buffer saed32cell_svt              -
------------------------------------------------------------------------------------------------------------------------
Total                                    11              -          79.04              -              -              -

===== Other Network Cells =====
Type                               Instance           Unit          Total           Cell             Vt             Vt
                                      Count           Area           Area           Type          Group           Type
------------------------------------------------------------------------------------------------------------------------
CGLPPRX2_HVT                              5           5.85          29.23            ICG saed32cell_hvt              -
CGLPPRX2_HVT                              7           5.85          40.92            ICG saed32cell_hvt              -
CGLPPRX2_LVT                              1           5.85           5.85            ICG saed32cell_lvt              -
CGLPPRX2_RVT                              7           5.85          40.92            ICG saed32cell_svt              -
CGLPPRX8_HVT                             30           7.37         221.11            ICG saed32cell_hvt              -
CGLPPRX8_LVT                             10           7.37          73.70            ICG saed32cell_lvt              -
CGLPPRX8_RVT                             14           7.37         103.18            ICG saed32cell_svt              -
------------------------------------------------------------------------------------------------------------------------
Total                                    74              -         514.90              -              -              -

===== Standard Cell Sinks =====
Type                               Instance           Unit          Total           Cell             Vt             Vt
                                      Count           Area           Area           Type          Group           Type
------------------------------------------------------------------------------------------------------------------------
SDFFARX1_RVT                           2122           9.15       19414.57           Flop saed32cell_svt              -
SDFFASX1_RVT                              8           9.15          73.19           Flop saed32cell_svt              -
------------------------------------------------------------------------------------------------------------------------
Total                                  2130              -       19487.76              -              -              -

===== Macro Cells =====
Type                               Instance           Unit          Total           Cell             Vt             Vt
                                      Count           Area           Area           Type          Group           Type
------------------------------------------------------------------------------------------------------------------------
------------------------------------------------------------------------------------------------------------------------
Total                                     0              -           0.00              -              -              -



==============================
==== Area (per hierarchy) ====
==============================

Hierarchy                             Sinks          Clock          Clock          Clock          Clock          Sinks           Sink
                                 (balanced)     Cell Count        Stdcell       Repeater       Repeater     (physical)        Stdcell          Macro
                                                (non sink)           Area          Count           Area                          Area           Area
------------------------------------------------------------------------------------------------------------------------------------------------------
cv32e40p_synth_wrap                    2130             85         593.93             11          79.04           2130       19487.76           0.00
------------------------------------------------------------------------------------------------------------------------------------------------------
Total                                  2130             85         593.93             11          79.04           2130       19487.76           0.00

1
