Information: Updating design information... (UID-85)
 
****************************************
Report : qor
Design : cv32e40p_synth_wrap
Version: W-2024.09-SP5-5
Date   : Sat May  9 11:20:33 2026
****************************************


  Timing Path Group 'clk_i'
  -----------------------------------
  Levels of Logic:              63.00
  Critical Path Length:          7.95
  Critical Path Slack:           1.87
  Critical Path Clk Period:     10.00
  Total Negative Slack:          0.00
  No. of Violating Paths:        0.00
  Worst Hold Violation:          0.00
  Total Hold Violation:          0.00
  No. of Hold Violations:        0.00
  -----------------------------------


  Cell Count
  -----------------------------------
  Hierarchical Cell Count:         76
  Hierarchical Port Count:       3468
  Leaf Cell Count:              14054
  Buf/Inv Cell Count:            1729
  Buf Cell Count:                 543
  Inv Cell Count:                1186
  CT Buf/Inv Cell Count:            0
  Combinational Cell Count:     11850
  Sequential Cell Count:         2204
  Macro Count:                      0
  -----------------------------------


  Area
  -----------------------------------
  Combinational Area:    29455.289731
  Noncombinational Area: 15787.679722
  Buf/Inv Area:           2633.186042
  Total Buffer Area:          1104.00
  Total Inverter Area:        1529.18
  Macro/Black Box Area:      0.000000
  Net Area:                  0.000000
  Net XLength        :      216595.73
  Net YLength        :      227533.31
  -----------------------------------
  Cell Area:             45242.969453
  Design Area:           45242.969453
  Net Length        :       444129.06


  Design Rules
  -----------------------------------
  Total Number of Nets:         15222
  Nets With Violations:          1083
  Max Trans Violations:           331
  Max Cap Violations:            1083
  -----------------------------------


  Hostname: SGP3

  Compile CPU Statistics
  -----------------------------------------
  Resource Sharing:                    5.45
  Logic Optimization:                  4.14
  Mapping Optimization:               14.65
  -----------------------------------------
  Overall Compile Time:               73.61
  Overall Compile Wall Clock Time:    75.54

  --------------------------------------------------------------------

  Design  WNS: 0.00  TNS: 0.00  Number of Violating Paths: 0


  Design (Hold)  WNS: 0.00  TNS: 0.00  Number of Violating Paths: 0

  --------------------------------------------------------------------


1
