Warning: Cell contains tie connections which are not connected to real PG. (ZRT-511)
Cell Min-Routing-Layer = M1
Cell Max-Routing-Layer = M8
Turn off antenna since no rule is specified
Information: Option route.detail.force_end_on_preferred_grid will be ignored since none of the layers have preferred grid. (ZRT-703)
Warning: Cannot find a default contact code for layer CO. (ZRT-022)
Warning: Port VDD of cell cv32e40p_synth_wrap is unplaced.  This may impact routing result. (ZRT-740)
Warning: Port VSS of cell cv32e40p_synth_wrap is unplaced.  This may impact routing result. (ZRT-740)
Warning: Ignore 2 top cell ports with no pins. (ZRT-027)
Skipping 6 internal pins that are not physical. Set route.common.verbose_level to > 0 and run routing command to get skipped pin names.
Info: number of net_type_blockage: 0 
Information: Via ladder engine would be activated for pattern must join connection in certain commands. Please refer to man-page for the command list. (ZRT-619)
Information: When applicable Min-max layer allow_pin_connection mode will allow paths of length 5.32 outside the layer range. (ZRT-707)
Information: When applicable Min-max layer allow_pin_connection mode will allow paths of length 5.32 outside the layer range on clock nets. (ZRT-718)
Information: When applicable layer based tapering will taper up to 0.00 in distance from the pin. (ZRT-706)
Warning: Standard cell pin MUX41X2_HVT/S0 has no valid via regions. (ZRT-044)


Start checking for open nets ... 

Total number of nets = 18283, of which 0 are not extracted
Total number of open nets = 0, of which 0 are frozen

Check 18283 nets, 0 have Errors

[CHECK OPEN NETS] Elapsed real time: 0:00:00 
[CHECK OPEN NETS] Elapsed cpu  time: sys=0:00:00 usr=0:00:00 total=0:00:00
[CHECK OPEN NETS] Stage (MB): Used    0  Alloctr    0  Proc    0 
[CHECK OPEN NETS] Total (MB): Used   62  Alloctr   63  Proc 5328 
Printing options for 'route.common.*'

Printing options for 'route.detail.*'
detail.drc_convergence_effort_level                     :	 high                
detail.generate_extra_off_grid_pin_tracks               :	 false               
detail.optimize_wire_via_effort_level                   :	 high                

Printing options for 'route.auto_via_ladder.*'


Begin full DRC check ...

Information: Using 1 threads for routing. (ZRT-444)
Checked	1/25 Partitions, Violations =	5
Checked	2/25 Partitions, Violations =	5
Checked	3/25 Partitions, Violations =	5
Checked	4/25 Partitions, Violations =	5
Checked	5/25 Partitions, Violations =	5
Checked	6/25 Partitions, Violations =	25
Checked	7/25 Partitions, Violations =	31
Checked	8/25 Partitions, Violations =	45
Checked	9/25 Partitions, Violations =	45
Checked	10/25 Partitions, Violations =	45
Checked	11/25 Partitions, Violations =	49
Checked	12/25 Partitions, Violations =	50
Checked	13/25 Partitions, Violations =	60
Checked	14/25 Partitions, Violations =	61
Checked	15/25 Partitions, Violations =	83
Checked	16/25 Partitions, Violations =	83
Checked	17/25 Partitions, Violations =	89
Checked	18/25 Partitions, Violations =	91
Checked	19/25 Partitions, Violations =	91
Checked	20/25 Partitions, Violations =	91
Checked	21/25 Partitions, Violations =	91
Checked	22/25 Partitions, Violations =	101
Checked	23/25 Partitions, Violations =	104
Checked	24/25 Partitions, Violations =	113
Checked	25/25 Partitions, Violations =	113
[DRC CHECK] Elapsed real time: 0:00:07 
[DRC CHECK] Elapsed cpu  time: sys=0:00:00 usr=0:00:07 total=0:00:07
[DRC CHECK] Stage (MB): Used    0  Alloctr    0  Proc    0 
[DRC CHECK] Total (MB): Used  155  Alloctr  156  Proc 5328 
Warning: No antenna rules defined, Skip antenna analysis. (ZRT-309)

DRC-SUMMARY:
	@@@@@@@ TOTAL VIOLATIONS =	113
	Diff net spacing : 4
	Off-grid : 107
	Short : 2


Total Wire Length =                    694979 micron
Total Number of Contacts =             180263
Total Number of Wires =                189404
Total Number of PtConns =              21860
Total Number of Routed Wires =       189362
Total Routed Wire Length =           692483 micron
Total Number of Routed Contacts =       180263
	Layer                 M1 :      31023 micron
	Layer                 M2 :     202661 micron
	Layer                 M3 :     169307 micron
	Layer                 M4 :     125091 micron
	Layer                 M5 :      83341 micron
	Layer                 M6 :      42614 micron
	Layer                 M7 :      30982 micron
	Layer                 M8 :       7465 micron
	Layer                 M9 :          0 micron
	Layer               MRDL :          0 micron
	Via            VIA78SQ_C :        328
	Via       VIA67SQ_C(rot) :       2169
	Via            VIA56SQ_C :       3514
	Via       VIA45SQ_C(rot) :      10490
	Via            VIA34SQ_C :      17389
	Via       VIA34SQ_C(rot) :        123
	Via            VIA23SQ_C :       1101
	Via       VIA23SQ_C(rot) :      71188
	Via            VIA12SQ_C :      69063
	Via       VIA12SQ_C(rot) :       3021
	Via        VIA12SQ_C_2x1 :       1464
	Via   VIA12SQ_C(rot)_2x1 :          6
	Via        VIA12SQ_C_1x2 :        298
	Via          VIA12SQ_2x1 :          5
	Via     VIA12SQ(rot)_2x1 :         42
	Via          VIA12SQ_1x2 :         62

 
Redundant via conversion report:
--------------------------------

  Total optimized via conversion rate =  1.04% (1877 / 180263 vias)
 
    Layer VIA1       =  2.54% (1877   / 73961   vias)
        Weight 1     =  2.54% (1877    vias)
        Un-optimized =  0.00% (0       vias)
        Un-mapped    = 97.46% (72084   vias)
    Layer VIA2       =  0.00% (0      / 72289   vias)
        Un-optimized =  0.00% (0       vias)
        Un-mapped    = 100.00% (72289   vias)
    Layer VIA3       =  0.00% (0      / 17512   vias)
        Un-optimized =  0.00% (0       vias)
        Un-mapped    = 100.00% (17512   vias)
    Layer VIA4       =  0.00% (0      / 10490   vias)
        Un-optimized =  0.00% (0       vias)
        Un-mapped    = 100.00% (10490   vias)
    Layer VIA5       =  0.00% (0      / 3514    vias)
        Un-optimized =  0.00% (0       vias)
        Un-mapped    = 100.00% (3514    vias)
    Layer VIA6       =  0.00% (0      / 2169    vias)
        Un-optimized =  0.00% (0       vias)
        Un-mapped    = 100.00% (2169    vias)
    Layer VIA7       =  0.00% (0      / 328     vias)
        Un-optimized =  0.00% (0       vias)
        Un-mapped    = 100.00% (328     vias)
 
  Total double via conversion rate    =  1.04% (1877 / 180263 vias)
 
    Layer VIA1       =  2.54% (1877   / 73961   vias)
    Layer VIA2       =  0.00% (0      / 72289   vias)
    Layer VIA3       =  0.00% (0      / 17512   vias)
    Layer VIA4       =  0.00% (0      / 10490   vias)
    Layer VIA5       =  0.00% (0      / 3514    vias)
    Layer VIA6       =  0.00% (0      / 2169    vias)
    Layer VIA7       =  0.00% (0      / 328     vias)
 
  The optimized via conversion rate based on total routed via count =  1.04% (1877 / 180263 vias)
 
    Layer VIA1       =  2.54% (1877   / 73961   vias)
        Weight 1     =  2.54% (1877    vias)
        Un-optimized =  0.00% (0       vias)
        Un-mapped    = 97.46% (72084   vias)
    Layer VIA2       =  0.00% (0      / 72289   vias)
        Un-optimized =  0.00% (0       vias)
        Un-mapped    = 100.00% (72289   vias)
    Layer VIA3       =  0.00% (0      / 17512   vias)
        Un-optimized =  0.00% (0       vias)
        Un-mapped    = 100.00% (17512   vias)
    Layer VIA4       =  0.00% (0      / 10490   vias)
        Un-optimized =  0.00% (0       vias)
        Un-mapped    = 100.00% (10490   vias)
    Layer VIA5       =  0.00% (0      / 3514    vias)
        Un-optimized =  0.00% (0       vias)
        Un-mapped    = 100.00% (3514    vias)
    Layer VIA6       =  0.00% (0      / 2169    vias)
        Un-optimized =  0.00% (0       vias)
        Un-mapped    = 100.00% (2169    vias)
    Layer VIA7       =  0.00% (0      / 328     vias)
        Un-optimized =  0.00% (0       vias)
        Un-mapped    = 100.00% (328     vias)
 


Verify Summary:

Total number of nets = 18283, of which 0 are not extracted
Total number of open nets = 0, of which 0 are frozen
Total number of excluded ports = 0 ports of 0 unplaced cells connected to 0 nets
                                 0 ports without pins of 0 cells connected to 0 nets
                                 0 ports of 0 cover cells connected to 0 non-pg nets
Total number of DRCs = 113
Total number of antenna violations = no antenna rules defined
Total number of tie to rail violations = not checked
Total number of tie to rail directly violations = not checked


