Information: Updating design information... (UID-85)
 
****************************************
Report : qor
Design : cv32e40p_synth_wrap
Version: W-2024.09-SP5-5
Date   : Sat May  9 11:39:01 2026
****************************************


  Timing Path Group 'clk_i'
  -----------------------------------
  Levels of Logic:              63.00
  Critical Path Length:          8.01
  Critical Path Slack:           1.81
  Critical Path Clk Period:     10.00
  Total Negative Slack:          0.00
  No. of Violating Paths:        0.00
  Worst Hold Violation:          0.00
  Total Hold Violation:          0.00
  No. of Hold Violations:        0.00
  -----------------------------------


  Cell Count
  -----------------------------------
  Hierarchical Cell Count:         76
  Hierarchical Port Count:       3460
  Leaf Cell Count:              14041
  Buf/Inv Cell Count:            1737
  Buf Cell Count:                 550
  Inv Cell Count:                1187
  CT Buf/Inv Cell Count:            0
  Combinational Cell Count:     11837
  Sequential Cell Count:         2204
  Macro Count:                      0
  -----------------------------------


  Area
  -----------------------------------
  Combinational Area:    29420.472005
  Noncombinational Area: 15781.071977
  Buf/Inv Area:           2651.484411
  Total Buffer Area:          1118.23
  Total Inverter Area:        1533.25
  Macro/Black Box Area:      0.000000
  Net Area:                  0.000000
  Net XLength        :      214587.27
  Net YLength        :      227796.20
  -----------------------------------
  Cell Area:             45201.543982
  Design Area:           45201.543982
  Net Length        :       442383.47


  Design Rules
  -----------------------------------
  Total Number of Nets:         15209
  Nets With Violations:          1074
  Max Trans Violations:           341
  Max Cap Violations:            1074
  -----------------------------------


  Hostname: SGP3

  Compile CPU Statistics
  -----------------------------------------
  Resource Sharing:                    5.47
  Logic Optimization:                  4.25
  Mapping Optimization:               14.70
  -----------------------------------------
  Overall Compile Time:               74.27
  Overall Compile Wall Clock Time:    76.22

  --------------------------------------------------------------------

  Design  WNS: 0.00  TNS: 0.00  Number of Violating Paths: 0


  Design (Hold)  WNS: 0.00  TNS: 0.00  Number of Violating Paths: 0

  --------------------------------------------------------------------


1
