****************************************
Report : timing
	-path_type full
	-delay_type min
	-slack_lesser_than 100.00
	-max_paths 20
	-sort_by slack
Design : cv32e40p_synth_wrap
Version: W-2024.09-SP5-3
Date   : Sun May 10 11:25:30 2026
****************************************


  Startpoint: u_core/core_i/id_stage_i/controller_i/debug_force_wakeup_q_reg
               (rising edge-triggered flip-flop clocked by clk_i)
  Endpoint: u_core/core_i/cs_registers_i/dcsr_q_reg[cause][8]
               (rising edge-triggered flip-flop clocked by clk_i)
  Last common pin: clk_i
  Path Group: clk_i
  Path Type: min

  Point                                                   Incr       Path
  ------------------------------------------------------------------------------
  clock clk_i (rise edge)                                 0.00       0.00
  clock network delay (propagated)                        0.10       0.10
  u_core/core_i/id_stage_i/controller_i/debug_force_wakeup_q_reg/CLK (SDFFARX1_RVT)
                                                          0.00       0.10 r
  u_core/core_i/id_stage_i/controller_i/debug_force_wakeup_q_reg/QN (SDFFARX1_RVT)
                                                          0.04 &     0.14 f
  u_core/core_i/id_stage_i/U3117/Y (AND3X1_HVT)           0.03 &     0.17 f
  u_core/core_i/cs_registers_i/dcsr_q_reg[cause][8]/D (SDFFARX1_RVT)
                                                          0.00 &     0.17 f
  data arrival time                                                  0.17

  clock clk_i (rise edge)                                 0.00       0.00
  clock network delay (propagated)                        0.14       0.14
  u_core/core_i/cs_registers_i/dcsr_q_reg[cause][8]/CLK (SDFFARX1_RVT)
                                                                     0.14 r
  clock reconvergence pessimism                           0.00       0.14
  clock uncertainty                                       0.10       0.24
  library hold time                                      -0.02       0.22
  data required time                                                 0.22
  ------------------------------------------------------------------------------
  data required time                                                 0.22
  data arrival time                                                 -0.17
  ------------------------------------------------------------------------------
  slack (VIOLATED)                                                  -0.05


  Startpoint: u_core/core_i/ex_stage_i/alu_i/alu_div_i/Cnt_DP_reg[0]
               (rising edge-triggered flip-flop clocked by clk_i)
  Endpoint: u_core/core_i/ex_stage_i/alu_i/alu_div_i/Cnt_DP_reg[1]
               (rising edge-triggered flip-flop clocked by clk_i)
  Last common pin: clk_i
  Path Group: clk_i
  Path Type: min

  Point                                                   Incr       Path
  ------------------------------------------------------------------------------
  clock clk_i (rise edge)                                 0.00       0.00
  clock network delay (propagated)                        0.10       0.10
  u_core/core_i/ex_stage_i/alu_i/alu_div_i/Cnt_DP_reg[0]/CLK (SDFFARX1_RVT)
                                                          0.00       0.10 r
  u_core/core_i/ex_stage_i/alu_i/alu_div_i/Cnt_DP_reg[0]/QN (SDFFARX1_RVT)
                                                          0.04 &     0.14 f
  u_core/core_i/U5128/Y (MUX41X1_HVT)                     0.04 &     0.19 f
  u_core/core_i/ex_stage_i/alu_i/alu_div_i/Cnt_DP_reg[1]/D (SDFFARX1_RVT)
                                                          0.00 &     0.19 f
  data arrival time                                                  0.19

  clock clk_i (rise edge)                                 0.00       0.00
  clock network delay (propagated)                        0.16       0.16
  u_core/core_i/ex_stage_i/alu_i/alu_div_i/Cnt_DP_reg[1]/CLK (SDFFARX1_RVT)
                                                                     0.16 r
  clock reconvergence pessimism                           0.00       0.16
  clock uncertainty                                       0.10       0.26
  library hold time                                      -0.02       0.24
  data required time                                                 0.24
  ------------------------------------------------------------------------------
  data required time                                                 0.24
  data arrival time                                                 -0.19
  ------------------------------------------------------------------------------
  slack (VIOLATED)                                                  -0.05


  Startpoint: u_core/core_i/id_stage_i/controller_i/debug_force_wakeup_q_reg
               (rising edge-triggered flip-flop clocked by clk_i)
  Endpoint: u_core/core_i/cs_registers_i/dcsr_q_reg[cause][7]
               (rising edge-triggered flip-flop clocked by clk_i)
  Last common pin: clk_i
  Path Group: clk_i
  Path Type: min

  Point                                                   Incr       Path
  ------------------------------------------------------------------------------
  clock clk_i (rise edge)                                 0.00       0.00
  clock network delay (propagated)                        0.10       0.10
  u_core/core_i/id_stage_i/controller_i/debug_force_wakeup_q_reg/CLK (SDFFARX1_RVT)
                                                          0.00       0.10 r
  u_core/core_i/id_stage_i/controller_i/debug_force_wakeup_q_reg/Q (SDFFARX1_RVT)
                                                          0.06 &     0.16 f
  u_core/core_i/id_stage_i/U3116/Y (AO22X1_HVT)           0.03 &     0.19 f
  u_core/core_i/cs_registers_i/dcsr_q_reg[cause][7]/D (SDFFARX1_RVT)
                                                          0.00 &     0.19 f
  data arrival time                                                  0.19

  clock clk_i (rise edge)                                 0.00       0.00
  clock network delay (propagated)                        0.14       0.14
  u_core/core_i/cs_registers_i/dcsr_q_reg[cause][7]/CLK (SDFFARX1_RVT)
                                                                     0.14 r
  clock reconvergence pessimism                           0.00       0.14
  clock uncertainty                                       0.10       0.24
  library hold time                                      -0.02       0.22
  data required time                                                 0.22
  ------------------------------------------------------------------------------
  data required time                                                 0.22
  data arrival time                                                 -0.19
  ------------------------------------------------------------------------------
  slack (VIOLATED)                                                  -0.04


  Startpoint: u_core/core_i/if_stage_i/prefetch_buffer_i/instruction_obi_i/state_q_reg
               (rising edge-triggered flip-flop clocked by clk_i)
  Endpoint: u_core/core_i/if_stage_i/prefetch_buffer_i/instruction_obi_i/gen_no_trans_stable.obi_addr_q_reg[20]
               (rising edge-triggered flip-flop clocked by clk_i)
  Last common pin: clk_i
  Path Group: clk_i
  Path Type: min

  Point                                                   Incr       Path
  ------------------------------------------------------------------------------
  clock clk_i (rise edge)                                 0.00       0.00
  clock network delay (propagated)                        0.10       0.10
  u_core/core_i/if_stage_i/prefetch_buffer_i/instruction_obi_i/state_q_reg/CLK (SDFFARX1_RVT)
                                                          0.00       0.10 r
  u_core/core_i/if_stage_i/prefetch_buffer_i/instruction_obi_i/state_q_reg/Q (SDFFARX1_RVT)
                                                          0.06 &     0.16 f
  u_core/core_i/U288/Y (NBUFFX4_HVT)                      0.03 &     0.19 f
  u_core/core_i/U5430/Y (AO22X1_HVT)                      0.03 &     0.22 f
  u_core/core_i/if_stage_i/prefetch_buffer_i/instruction_obi_i/gen_no_trans_stable.obi_addr_q_reg[20]/D (SDFFARX1_RVT)
                                                          0.00 &     0.22 f
  data arrival time                                                  0.22

  clock clk_i (rise edge)                                 0.00       0.00
  clock network delay (propagated)                        0.17       0.17
  u_core/core_i/if_stage_i/prefetch_buffer_i/instruction_obi_i/gen_no_trans_stable.obi_addr_q_reg[20]/CLK (SDFFARX1_RVT)
                                                                     0.17 r
  clock reconvergence pessimism                           0.00       0.17
  clock uncertainty                                       0.10       0.27
  library hold time                                      -0.02       0.26
  data required time                                                 0.26
  ------------------------------------------------------------------------------
  data required time                                                 0.26
  data arrival time                                                 -0.22
  ------------------------------------------------------------------------------
  slack (VIOLATED)                                                  -0.03


  Startpoint: u_core/core_i/if_stage_i/prefetch_buffer_i/instruction_obi_i/state_q_reg
               (rising edge-triggered flip-flop clocked by clk_i)
  Endpoint: u_core/core_i/if_stage_i/prefetch_buffer_i/instruction_obi_i/gen_no_trans_stable.obi_addr_q_reg[21]
               (rising edge-triggered flip-flop clocked by clk_i)
  Last common pin: clk_i
  Path Group: clk_i
  Path Type: min

  Point                                                   Incr       Path
  ------------------------------------------------------------------------------
  clock clk_i (rise edge)                                 0.00       0.00
  clock network delay (propagated)                        0.10       0.10
  u_core/core_i/if_stage_i/prefetch_buffer_i/instruction_obi_i/state_q_reg/CLK (SDFFARX1_RVT)
                                                          0.00       0.10 r
  u_core/core_i/if_stage_i/prefetch_buffer_i/instruction_obi_i/state_q_reg/Q (SDFFARX1_RVT)
                                                          0.06 &     0.16 f
  u_core/core_i/U288/Y (NBUFFX4_HVT)                      0.03 &     0.19 f
  u_core/core_i/U5435/Y (AO22X1_HVT)                      0.03 &     0.22 f
  u_core/core_i/if_stage_i/prefetch_buffer_i/instruction_obi_i/gen_no_trans_stable.obi_addr_q_reg[21]/D (SDFFARX1_RVT)
                                                          0.00 &     0.22 f
  data arrival time                                                  0.22

  clock clk_i (rise edge)                                 0.00       0.00
  clock network delay (propagated)                        0.17       0.17
  u_core/core_i/if_stage_i/prefetch_buffer_i/instruction_obi_i/gen_no_trans_stable.obi_addr_q_reg[21]/CLK (SDFFARX1_RVT)
                                                                     0.17 r
  clock reconvergence pessimism                           0.00       0.17
  clock uncertainty                                       0.10       0.27
  library hold time                                      -0.02       0.26
  data required time                                                 0.26
  ------------------------------------------------------------------------------
  data required time                                                 0.26
  data arrival time                                                 -0.22
  ------------------------------------------------------------------------------
  slack (VIOLATED)                                                  -0.03


  Startpoint: u_core/core_i/if_stage_i/prefetch_buffer_i/instruction_obi_i/state_q_reg
               (rising edge-triggered flip-flop clocked by clk_i)
  Endpoint: u_core/core_i/if_stage_i/prefetch_buffer_i/instruction_obi_i/gen_no_trans_stable.obi_addr_q_reg[27]
               (rising edge-triggered flip-flop clocked by clk_i)
  Last common pin: clk_i
  Path Group: clk_i
  Path Type: min

  Point                                                   Incr       Path
  ------------------------------------------------------------------------------
  clock clk_i (rise edge)                                 0.00       0.00
  clock network delay (propagated)                        0.10       0.10
  u_core/core_i/if_stage_i/prefetch_buffer_i/instruction_obi_i/state_q_reg/CLK (SDFFARX1_RVT)
                                                          0.00       0.10 r
  u_core/core_i/if_stage_i/prefetch_buffer_i/instruction_obi_i/state_q_reg/Q (SDFFARX1_RVT)
                                                          0.06 &     0.16 f
  u_core/core_i/U288/Y (NBUFFX4_HVT)                      0.03 &     0.19 f
  u_core/core_i/U5462/Y (AO22X1_HVT)                      0.03 &     0.22 f
  u_core/core_i/if_stage_i/prefetch_buffer_i/instruction_obi_i/gen_no_trans_stable.obi_addr_q_reg[27]/D (SDFFARX1_RVT)
                                                          0.00 &     0.22 f
  data arrival time                                                  0.22

  clock clk_i (rise edge)                                 0.00       0.00
  clock network delay (propagated)                        0.17       0.17
  u_core/core_i/if_stage_i/prefetch_buffer_i/instruction_obi_i/gen_no_trans_stable.obi_addr_q_reg[27]/CLK (SDFFARX1_RVT)
                                                                     0.17 r
  clock reconvergence pessimism                           0.00       0.17
  clock uncertainty                                       0.10       0.27
  library hold time                                      -0.02       0.26
  data required time                                                 0.26
  ------------------------------------------------------------------------------
  data required time                                                 0.26
  data arrival time                                                 -0.22
  ------------------------------------------------------------------------------
  slack (VIOLATED)                                                  -0.03


  Startpoint: u_core/core_i/if_stage_i/prefetch_buffer_i/instruction_obi_i/state_q_reg
               (rising edge-triggered flip-flop clocked by clk_i)
  Endpoint: u_core/core_i/if_stage_i/prefetch_buffer_i/instruction_obi_i/gen_no_trans_stable.obi_addr_q_reg[23]
               (rising edge-triggered flip-flop clocked by clk_i)
  Last common pin: clk_i
  Path Group: clk_i
  Path Type: min

  Point                                                   Incr       Path
  ------------------------------------------------------------------------------
  clock clk_i (rise edge)                                 0.00       0.00
  clock network delay (propagated)                        0.10       0.10
  u_core/core_i/if_stage_i/prefetch_buffer_i/instruction_obi_i/state_q_reg/CLK (SDFFARX1_RVT)
                                                          0.00       0.10 r
  u_core/core_i/if_stage_i/prefetch_buffer_i/instruction_obi_i/state_q_reg/Q (SDFFARX1_RVT)
                                                          0.06 &     0.16 f
  u_core/core_i/U288/Y (NBUFFX4_HVT)                      0.03 &     0.19 f
  u_core/core_i/U5444/Y (AO22X1_HVT)                      0.03 &     0.22 f
  u_core/core_i/if_stage_i/prefetch_buffer_i/instruction_obi_i/gen_no_trans_stable.obi_addr_q_reg[23]/D (SDFFARX1_RVT)
                                                          0.00 &     0.22 f
  data arrival time                                                  0.22

  clock clk_i (rise edge)                                 0.00       0.00
  clock network delay (propagated)                        0.17       0.17
  u_core/core_i/if_stage_i/prefetch_buffer_i/instruction_obi_i/gen_no_trans_stable.obi_addr_q_reg[23]/CLK (SDFFARX1_RVT)
                                                                     0.17 r
  clock reconvergence pessimism                           0.00       0.17
  clock uncertainty                                       0.10       0.27
  library hold time                                      -0.02       0.26
  data required time                                                 0.26
  ------------------------------------------------------------------------------
  data required time                                                 0.26
  data arrival time                                                 -0.22
  ------------------------------------------------------------------------------
  slack (VIOLATED)                                                  -0.03


  Startpoint: u_core/core_i/if_stage_i/prefetch_buffer_i/instruction_obi_i/state_q_reg
               (rising edge-triggered flip-flop clocked by clk_i)
  Endpoint: u_core/core_i/if_stage_i/prefetch_buffer_i/instruction_obi_i/gen_no_trans_stable.obi_addr_q_reg[19]
               (rising edge-triggered flip-flop clocked by clk_i)
  Last common pin: clk_i
  Path Group: clk_i
  Path Type: min

  Point                                                   Incr       Path
  ------------------------------------------------------------------------------
  clock clk_i (rise edge)                                 0.00       0.00
  clock network delay (propagated)                        0.10       0.10
  u_core/core_i/if_stage_i/prefetch_buffer_i/instruction_obi_i/state_q_reg/CLK (SDFFARX1_RVT)
                                                          0.00       0.10 r
  u_core/core_i/if_stage_i/prefetch_buffer_i/instruction_obi_i/state_q_reg/Q (SDFFARX1_RVT)
                                                          0.06 &     0.16 f
  u_core/core_i/U288/Y (NBUFFX4_HVT)                      0.03 &     0.19 f
  u_core/core_i/U5426/Y (AO22X1_HVT)                      0.03 &     0.22 f
  u_core/core_i/if_stage_i/prefetch_buffer_i/instruction_obi_i/gen_no_trans_stable.obi_addr_q_reg[19]/D (SDFFARX1_RVT)
                                                          0.00 &     0.22 f
  data arrival time                                                  0.22

  clock clk_i (rise edge)                                 0.00       0.00
  clock network delay (propagated)                        0.17       0.17
  u_core/core_i/if_stage_i/prefetch_buffer_i/instruction_obi_i/gen_no_trans_stable.obi_addr_q_reg[19]/CLK (SDFFARX1_RVT)
                                                                     0.17 r
  clock reconvergence pessimism                           0.00       0.17
  clock uncertainty                                       0.10       0.27
  library hold time                                      -0.02       0.26
  data required time                                                 0.26
  ------------------------------------------------------------------------------
  data required time                                                 0.26
  data arrival time                                                 -0.22
  ------------------------------------------------------------------------------
  slack (VIOLATED)                                                  -0.03


  Startpoint: u_core/core_i/if_stage_i/prefetch_buffer_i/instruction_obi_i/state_q_reg
               (rising edge-triggered flip-flop clocked by clk_i)
  Endpoint: u_core/core_i/if_stage_i/prefetch_buffer_i/instruction_obi_i/gen_no_trans_stable.obi_addr_q_reg[18]
               (rising edge-triggered flip-flop clocked by clk_i)
  Last common pin: clk_i
  Path Group: clk_i
  Path Type: min

  Point                                                   Incr       Path
  ------------------------------------------------------------------------------
  clock clk_i (rise edge)                                 0.00       0.00
  clock network delay (propagated)                        0.10       0.10
  u_core/core_i/if_stage_i/prefetch_buffer_i/instruction_obi_i/state_q_reg/CLK (SDFFARX1_RVT)
                                                          0.00       0.10 r
  u_core/core_i/if_stage_i/prefetch_buffer_i/instruction_obi_i/state_q_reg/Q (SDFFARX1_RVT)
                                                          0.06 &     0.16 f
  u_core/core_i/U288/Y (NBUFFX4_HVT)                      0.03 &     0.19 f
  u_core/core_i/U5421/Y (AO22X1_HVT)                      0.03 &     0.22 f
  u_core/core_i/if_stage_i/prefetch_buffer_i/instruction_obi_i/gen_no_trans_stable.obi_addr_q_reg[18]/D (SDFFARX1_RVT)
                                                          0.00 &     0.22 f
  data arrival time                                                  0.22

  clock clk_i (rise edge)                                 0.00       0.00
  clock network delay (propagated)                        0.17       0.17
  u_core/core_i/if_stage_i/prefetch_buffer_i/instruction_obi_i/gen_no_trans_stable.obi_addr_q_reg[18]/CLK (SDFFARX1_RVT)
                                                                     0.17 r
  clock reconvergence pessimism                           0.00       0.17
  clock uncertainty                                       0.10       0.27
  library hold time                                      -0.02       0.26
  data required time                                                 0.26
  ------------------------------------------------------------------------------
  data required time                                                 0.26
  data arrival time                                                 -0.22
  ------------------------------------------------------------------------------
  slack (VIOLATED)                                                  -0.03


  Startpoint: u_core/core_i/if_stage_i/prefetch_buffer_i/instruction_obi_i/state_q_reg
               (rising edge-triggered flip-flop clocked by clk_i)
  Endpoint: u_core/core_i/if_stage_i/prefetch_buffer_i/instruction_obi_i/gen_no_trans_stable.obi_addr_q_reg[22]
               (rising edge-triggered flip-flop clocked by clk_i)
  Last common pin: clk_i
  Path Group: clk_i
  Path Type: min

  Point                                                   Incr       Path
  ------------------------------------------------------------------------------
  clock clk_i (rise edge)                                 0.00       0.00
  clock network delay (propagated)                        0.10       0.10
  u_core/core_i/if_stage_i/prefetch_buffer_i/instruction_obi_i/state_q_reg/CLK (SDFFARX1_RVT)
                                                          0.00       0.10 r
  u_core/core_i/if_stage_i/prefetch_buffer_i/instruction_obi_i/state_q_reg/Q (SDFFARX1_RVT)
                                                          0.06 &     0.16 f
  u_core/core_i/U288/Y (NBUFFX4_HVT)                      0.03 &     0.19 f
  u_core/core_i/U5439/Y (AO22X1_HVT)                      0.03 &     0.22 f
  u_core/core_i/if_stage_i/prefetch_buffer_i/instruction_obi_i/gen_no_trans_stable.obi_addr_q_reg[22]/D (SDFFARX1_RVT)
                                                          0.00 &     0.22 f
  data arrival time                                                  0.22

  clock clk_i (rise edge)                                 0.00       0.00
  clock network delay (propagated)                        0.17       0.17
  u_core/core_i/if_stage_i/prefetch_buffer_i/instruction_obi_i/gen_no_trans_stable.obi_addr_q_reg[22]/CLK (SDFFARX1_RVT)
                                                                     0.17 r
  clock reconvergence pessimism                           0.00       0.17
  clock uncertainty                                       0.10       0.27
  library hold time                                      -0.02       0.26
  data required time                                                 0.26
  ------------------------------------------------------------------------------
  data required time                                                 0.26
  data arrival time                                                 -0.22
  ------------------------------------------------------------------------------
  slack (VIOLATED)                                                  -0.03


  Startpoint: u_core/core_i/if_stage_i/prefetch_buffer_i/instruction_obi_i/state_q_reg
               (rising edge-triggered flip-flop clocked by clk_i)
  Endpoint: u_core/core_i/if_stage_i/prefetch_buffer_i/instruction_obi_i/gen_no_trans_stable.obi_addr_q_reg[25]
               (rising edge-triggered flip-flop clocked by clk_i)
  Last common pin: clk_i
  Path Group: clk_i
  Path Type: min

  Point                                                   Incr       Path
  ------------------------------------------------------------------------------
  clock clk_i (rise edge)                                 0.00       0.00
  clock network delay (propagated)                        0.10       0.10
  u_core/core_i/if_stage_i/prefetch_buffer_i/instruction_obi_i/state_q_reg/CLK (SDFFARX1_RVT)
                                                          0.00       0.10 r
  u_core/core_i/if_stage_i/prefetch_buffer_i/instruction_obi_i/state_q_reg/Q (SDFFARX1_RVT)
                                                          0.06 &     0.16 f
  u_core/core_i/U288/Y (NBUFFX4_HVT)                      0.03 &     0.19 f
  u_core/core_i/U5453/Y (AO22X1_HVT)                      0.03 &     0.22 f
  u_core/core_i/if_stage_i/prefetch_buffer_i/instruction_obi_i/gen_no_trans_stable.obi_addr_q_reg[25]/D (SDFFARX1_RVT)
                                                          0.00 &     0.22 f
  data arrival time                                                  0.22

  clock clk_i (rise edge)                                 0.00       0.00
  clock network delay (propagated)                        0.17       0.17
  u_core/core_i/if_stage_i/prefetch_buffer_i/instruction_obi_i/gen_no_trans_stable.obi_addr_q_reg[25]/CLK (SDFFARX1_RVT)
                                                                     0.17 r
  clock reconvergence pessimism                           0.00       0.17
  clock uncertainty                                       0.10       0.27
  library hold time                                      -0.02       0.26
  data required time                                                 0.26
  ------------------------------------------------------------------------------
  data required time                                                 0.26
  data arrival time                                                 -0.22
  ------------------------------------------------------------------------------
  slack (VIOLATED)                                                  -0.03


  Startpoint: u_core/core_i/if_stage_i/prefetch_buffer_i/instruction_obi_i/state_q_reg
               (rising edge-triggered flip-flop clocked by clk_i)
  Endpoint: u_core/core_i/if_stage_i/prefetch_buffer_i/instruction_obi_i/gen_no_trans_stable.obi_addr_q_reg[26]
               (rising edge-triggered flip-flop clocked by clk_i)
  Last common pin: clk_i
  Path Group: clk_i
  Path Type: min

  Point                                                   Incr       Path
  ------------------------------------------------------------------------------
  clock clk_i (rise edge)                                 0.00       0.00
  clock network delay (propagated)                        0.10       0.10
  u_core/core_i/if_stage_i/prefetch_buffer_i/instruction_obi_i/state_q_reg/CLK (SDFFARX1_RVT)
                                                          0.00       0.10 r
  u_core/core_i/if_stage_i/prefetch_buffer_i/instruction_obi_i/state_q_reg/Q (SDFFARX1_RVT)
                                                          0.06 &     0.16 f
  u_core/core_i/U288/Y (NBUFFX4_HVT)                      0.03 &     0.19 f
  u_core/core_i/U5457/Y (AO22X1_HVT)                      0.03 &     0.22 f
  u_core/core_i/if_stage_i/prefetch_buffer_i/instruction_obi_i/gen_no_trans_stable.obi_addr_q_reg[26]/D (SDFFARX1_RVT)
                                                          0.00 &     0.22 f
  data arrival time                                                  0.22

  clock clk_i (rise edge)                                 0.00       0.00
  clock network delay (propagated)                        0.17       0.17
  u_core/core_i/if_stage_i/prefetch_buffer_i/instruction_obi_i/gen_no_trans_stable.obi_addr_q_reg[26]/CLK (SDFFARX1_RVT)
                                                                     0.17 r
  clock reconvergence pessimism                           0.00       0.17
  clock uncertainty                                       0.10       0.27
  library hold time                                      -0.02       0.26
  data required time                                                 0.26
  ------------------------------------------------------------------------------
  data required time                                                 0.26
  data arrival time                                                 -0.22
  ------------------------------------------------------------------------------
  slack (VIOLATED)                                                  -0.03


  Startpoint: u_core/core_i/if_stage_i/prefetch_buffer_i/instruction_obi_i/state_q_reg
               (rising edge-triggered flip-flop clocked by clk_i)
  Endpoint: u_core/core_i/if_stage_i/prefetch_buffer_i/instruction_obi_i/gen_no_trans_stable.obi_addr_q_reg[24]
               (rising edge-triggered flip-flop clocked by clk_i)
  Last common pin: clk_i
  Path Group: clk_i
  Path Type: min

  Point                                                   Incr       Path
  ------------------------------------------------------------------------------
  clock clk_i (rise edge)                                 0.00       0.00
  clock network delay (propagated)                        0.10       0.10
  u_core/core_i/if_stage_i/prefetch_buffer_i/instruction_obi_i/state_q_reg/CLK (SDFFARX1_RVT)
                                                          0.00       0.10 r
  u_core/core_i/if_stage_i/prefetch_buffer_i/instruction_obi_i/state_q_reg/Q (SDFFARX1_RVT)
                                                          0.06 &     0.16 f
  u_core/core_i/U288/Y (NBUFFX4_HVT)                      0.03 &     0.19 f
  u_core/core_i/U5448/Y (AO22X1_HVT)                      0.03 &     0.22 f
  u_core/core_i/if_stage_i/prefetch_buffer_i/instruction_obi_i/gen_no_trans_stable.obi_addr_q_reg[24]/D (SDFFARX1_RVT)
                                                          0.00 &     0.22 f
  data arrival time                                                  0.22

  clock clk_i (rise edge)                                 0.00       0.00
  clock network delay (propagated)                        0.17       0.17
  u_core/core_i/if_stage_i/prefetch_buffer_i/instruction_obi_i/gen_no_trans_stable.obi_addr_q_reg[24]/CLK (SDFFARX1_RVT)
                                                                     0.17 r
  clock reconvergence pessimism                           0.00       0.17
  clock uncertainty                                       0.10       0.27
  library hold time                                      -0.02       0.26
  data required time                                                 0.26
  ------------------------------------------------------------------------------
  data required time                                                 0.26
  data arrival time                                                 -0.22
  ------------------------------------------------------------------------------
  slack (VIOLATED)                                                  -0.03


  Startpoint: u_core/core_i/if_stage_i/prefetch_buffer_i/instruction_obi_i/state_q_reg
               (rising edge-triggered flip-flop clocked by clk_i)
  Endpoint: u_core/core_i/if_stage_i/prefetch_buffer_i/instruction_obi_i/gen_no_trans_stable.obi_addr_q_reg[29]
               (rising edge-triggered flip-flop clocked by clk_i)
  Last common pin: clk_i
  Path Group: clk_i
  Path Type: min

  Point                                                   Incr       Path
  ------------------------------------------------------------------------------
  clock clk_i (rise edge)                                 0.00       0.00
  clock network delay (propagated)                        0.10       0.10
  u_core/core_i/if_stage_i/prefetch_buffer_i/instruction_obi_i/state_q_reg/CLK (SDFFARX1_RVT)
                                                          0.00       0.10 r
  u_core/core_i/if_stage_i/prefetch_buffer_i/instruction_obi_i/state_q_reg/Q (SDFFARX1_RVT)
                                                          0.06 &     0.16 f
  u_core/core_i/U288/Y (NBUFFX4_HVT)                      0.03 &     0.19 f
  u_core/core_i/U5472/Y (AO22X1_HVT)                      0.03 &     0.22 f
  u_core/core_i/if_stage_i/prefetch_buffer_i/instruction_obi_i/gen_no_trans_stable.obi_addr_q_reg[29]/D (SDFFARX1_RVT)
                                                          0.00 &     0.22 f
  data arrival time                                                  0.22

  clock clk_i (rise edge)                                 0.00       0.00
  clock network delay (propagated)                        0.17       0.17
  u_core/core_i/if_stage_i/prefetch_buffer_i/instruction_obi_i/gen_no_trans_stable.obi_addr_q_reg[29]/CLK (SDFFARX1_RVT)
                                                                     0.17 r
  clock reconvergence pessimism                           0.00       0.17
  clock uncertainty                                       0.10       0.27
  library hold time                                      -0.02       0.26
  data required time                                                 0.26
  ------------------------------------------------------------------------------
  data required time                                                 0.26
  data arrival time                                                 -0.22
  ------------------------------------------------------------------------------
  slack (VIOLATED)                                                  -0.03


  Startpoint: u_core/core_i/if_stage_i/prefetch_buffer_i/instruction_obi_i/state_q_reg
               (rising edge-triggered flip-flop clocked by clk_i)
  Endpoint: u_core/core_i/if_stage_i/prefetch_buffer_i/instruction_obi_i/gen_no_trans_stable.obi_addr_q_reg[31]
               (rising edge-triggered flip-flop clocked by clk_i)
  Last common pin: clk_i
  Path Group: clk_i
  Path Type: min

  Point                                                   Incr       Path
  ------------------------------------------------------------------------------
  clock clk_i (rise edge)                                 0.00       0.00
  clock network delay (propagated)                        0.10       0.10
  u_core/core_i/if_stage_i/prefetch_buffer_i/instruction_obi_i/state_q_reg/CLK (SDFFARX1_RVT)
                                                          0.00       0.10 r
  u_core/core_i/if_stage_i/prefetch_buffer_i/instruction_obi_i/state_q_reg/Q (SDFFARX1_RVT)
                                                          0.06 &     0.16 f
  u_core/core_i/U288/Y (NBUFFX4_HVT)                      0.03 &     0.19 f
  u_core/core_i/U5482/Y (AO22X1_HVT)                      0.03 &     0.22 f
  u_core/core_i/if_stage_i/prefetch_buffer_i/instruction_obi_i/gen_no_trans_stable.obi_addr_q_reg[31]/D (SDFFARX1_RVT)
                                                          0.00 &     0.22 f
  data arrival time                                                  0.22

  clock clk_i (rise edge)                                 0.00       0.00
  clock network delay (propagated)                        0.17       0.17
  u_core/core_i/if_stage_i/prefetch_buffer_i/instruction_obi_i/gen_no_trans_stable.obi_addr_q_reg[31]/CLK (SDFFARX1_RVT)
                                                                     0.17 r
  clock reconvergence pessimism                           0.00       0.17
  clock uncertainty                                       0.10       0.27
  library hold time                                      -0.02       0.26
  data required time                                                 0.26
  ------------------------------------------------------------------------------
  data required time                                                 0.26
  data arrival time                                                 -0.22
  ------------------------------------------------------------------------------
  slack (VIOLATED)                                                  -0.03


  Startpoint: u_core/core_i/if_stage_i/prefetch_buffer_i/instruction_obi_i/state_q_reg
               (rising edge-triggered flip-flop clocked by clk_i)
  Endpoint: u_core/core_i/if_stage_i/prefetch_buffer_i/instruction_obi_i/gen_no_trans_stable.obi_addr_q_reg[28]
               (rising edge-triggered flip-flop clocked by clk_i)
  Last common pin: clk_i
  Path Group: clk_i
  Path Type: min

  Point                                                   Incr       Path
  ------------------------------------------------------------------------------
  clock clk_i (rise edge)                                 0.00       0.00
  clock network delay (propagated)                        0.10       0.10
  u_core/core_i/if_stage_i/prefetch_buffer_i/instruction_obi_i/state_q_reg/CLK (SDFFARX1_RVT)
                                                          0.00       0.10 r
  u_core/core_i/if_stage_i/prefetch_buffer_i/instruction_obi_i/state_q_reg/Q (SDFFARX1_RVT)
                                                          0.06 &     0.16 f
  u_core/core_i/U288/Y (NBUFFX4_HVT)                      0.03 &     0.19 f
  u_core/core_i/U5466/Y (AO22X1_HVT)                      0.03 &     0.22 f
  u_core/core_i/if_stage_i/prefetch_buffer_i/instruction_obi_i/gen_no_trans_stable.obi_addr_q_reg[28]/D (SDFFARX1_RVT)
                                                          0.00 &     0.22 f
  data arrival time                                                  0.22

  clock clk_i (rise edge)                                 0.00       0.00
  clock network delay (propagated)                        0.17       0.17
  u_core/core_i/if_stage_i/prefetch_buffer_i/instruction_obi_i/gen_no_trans_stable.obi_addr_q_reg[28]/CLK (SDFFARX1_RVT)
                                                                     0.17 r
  clock reconvergence pessimism                           0.00       0.17
  clock uncertainty                                       0.10       0.27
  library hold time                                      -0.02       0.26
  data required time                                                 0.26
  ------------------------------------------------------------------------------
  data required time                                                 0.26
  data arrival time                                                 -0.22
  ------------------------------------------------------------------------------
  slack (VIOLATED)                                                  -0.03


  Startpoint: u_core/core_i/if_stage_i/prefetch_buffer_i/instruction_obi_i/state_q_reg
               (rising edge-triggered flip-flop clocked by clk_i)
  Endpoint: u_core/core_i/if_stage_i/prefetch_buffer_i/instruction_obi_i/gen_no_trans_stable.obi_addr_q_reg[30]
               (rising edge-triggered flip-flop clocked by clk_i)
  Last common pin: clk_i
  Path Group: clk_i
  Path Type: min

  Point                                                   Incr       Path
  ------------------------------------------------------------------------------
  clock clk_i (rise edge)                                 0.00       0.00
  clock network delay (propagated)                        0.10       0.10
  u_core/core_i/if_stage_i/prefetch_buffer_i/instruction_obi_i/state_q_reg/CLK (SDFFARX1_RVT)
                                                          0.00       0.10 r
  u_core/core_i/if_stage_i/prefetch_buffer_i/instruction_obi_i/state_q_reg/Q (SDFFARX1_RVT)
                                                          0.06 &     0.16 f
  u_core/core_i/U288/Y (NBUFFX4_HVT)                      0.03 &     0.19 f
  u_core/core_i/U5477/Y (AO22X1_HVT)                      0.03 &     0.22 f
  u_core/core_i/if_stage_i/prefetch_buffer_i/instruction_obi_i/gen_no_trans_stable.obi_addr_q_reg[30]/D (SDFFARX1_RVT)
                                                          0.00 &     0.22 f
  data arrival time                                                  0.22

  clock clk_i (rise edge)                                 0.00       0.00
  clock network delay (propagated)                        0.17       0.17
  u_core/core_i/if_stage_i/prefetch_buffer_i/instruction_obi_i/gen_no_trans_stable.obi_addr_q_reg[30]/CLK (SDFFARX1_RVT)
                                                                     0.17 r
  clock reconvergence pessimism                           0.00       0.17
  clock uncertainty                                       0.10       0.27
  library hold time                                      -0.02       0.26
  data required time                                                 0.26
  ------------------------------------------------------------------------------
  data required time                                                 0.26
  data arrival time                                                 -0.22
  ------------------------------------------------------------------------------
  slack (VIOLATED)                                                  -0.03


  Startpoint: u_core/core_i/if_stage_i/prefetch_buffer_i/instruction_obi_i/state_q_reg
               (rising edge-triggered flip-flop clocked by clk_i)
  Endpoint: u_core/core_i/if_stage_i/prefetch_buffer_i/instruction_obi_i/gen_no_trans_stable.obi_addr_q_reg[14]
               (rising edge-triggered flip-flop clocked by clk_i)
  Last common pin: clk_i
  Path Group: clk_i
  Path Type: min

  Point                                                   Incr       Path
  ------------------------------------------------------------------------------
  clock clk_i (rise edge)                                 0.00       0.00
  clock network delay (propagated)                        0.10       0.10
  u_core/core_i/if_stage_i/prefetch_buffer_i/instruction_obi_i/state_q_reg/CLK (SDFFARX1_RVT)
                                                          0.00       0.10 r
  u_core/core_i/if_stage_i/prefetch_buffer_i/instruction_obi_i/state_q_reg/Q (SDFFARX1_RVT)
                                                          0.06 &     0.16 f
  u_core/core_i/U286/Y (NBUFFX4_HVT)                      0.03 &     0.19 f
  u_core/core_i/U5402/Y (AO22X1_HVT)                      0.03 &     0.23 f
  u_core/core_i/if_stage_i/prefetch_buffer_i/instruction_obi_i/gen_no_trans_stable.obi_addr_q_reg[14]/D (SDFFARX1_RVT)
                                                          0.00 &     0.23 f
  data arrival time                                                  0.23

  clock clk_i (rise edge)                                 0.00       0.00
  clock network delay (propagated)                        0.17       0.17
  u_core/core_i/if_stage_i/prefetch_buffer_i/instruction_obi_i/gen_no_trans_stable.obi_addr_q_reg[14]/CLK (SDFFARX1_RVT)
                                                                     0.17 r
  clock reconvergence pessimism                           0.00       0.17
  clock uncertainty                                       0.10       0.27
  library hold time                                      -0.02       0.26
  data required time                                                 0.26
  ------------------------------------------------------------------------------
  data required time                                                 0.26
  data arrival time                                                 -0.23
  ------------------------------------------------------------------------------
  slack (VIOLATED)                                                  -0.03


  Startpoint: u_core/core_i/if_stage_i/prefetch_buffer_i/instruction_obi_i/state_q_reg
               (rising edge-triggered flip-flop clocked by clk_i)
  Endpoint: u_core/core_i/if_stage_i/prefetch_buffer_i/instruction_obi_i/gen_no_trans_stable.obi_addr_q_reg[16]
               (rising edge-triggered flip-flop clocked by clk_i)
  Last common pin: clk_i
  Path Group: clk_i
  Path Type: min

  Point                                                   Incr       Path
  ------------------------------------------------------------------------------
  clock clk_i (rise edge)                                 0.00       0.00
  clock network delay (propagated)                        0.10       0.10
  u_core/core_i/if_stage_i/prefetch_buffer_i/instruction_obi_i/state_q_reg/CLK (SDFFARX1_RVT)
                                                          0.00       0.10 r
  u_core/core_i/if_stage_i/prefetch_buffer_i/instruction_obi_i/state_q_reg/Q (SDFFARX1_RVT)
                                                          0.06 &     0.16 f
  u_core/core_i/U286/Y (NBUFFX4_HVT)                      0.03 &     0.19 f
  u_core/core_i/U5411/Y (AO22X1_HVT)                      0.04 &     0.23 f
  u_core/core_i/if_stage_i/prefetch_buffer_i/instruction_obi_i/gen_no_trans_stable.obi_addr_q_reg[16]/D (SDFFARX1_RVT)
                                                          0.00 &     0.23 f
  data arrival time                                                  0.23

  clock clk_i (rise edge)                                 0.00       0.00
  clock network delay (propagated)                        0.17       0.17
  u_core/core_i/if_stage_i/prefetch_buffer_i/instruction_obi_i/gen_no_trans_stable.obi_addr_q_reg[16]/CLK (SDFFARX1_RVT)
                                                                     0.17 r
  clock reconvergence pessimism                           0.00       0.17
  clock uncertainty                                       0.10       0.27
  library hold time                                      -0.02       0.26
  data required time                                                 0.26
  ------------------------------------------------------------------------------
  data required time                                                 0.26
  data arrival time                                                 -0.23
  ------------------------------------------------------------------------------
  slack (VIOLATED)                                                  -0.03


  Startpoint: u_core/core_i/if_stage_i/prefetch_buffer_i/instruction_obi_i/state_q_reg
               (rising edge-triggered flip-flop clocked by clk_i)
  Endpoint: u_core/core_i/if_stage_i/prefetch_buffer_i/instruction_obi_i/gen_no_trans_stable.obi_addr_q_reg[15]
               (rising edge-triggered flip-flop clocked by clk_i)
  Last common pin: clk_i
  Path Group: clk_i
  Path Type: min

  Point                                                   Incr       Path
  ------------------------------------------------------------------------------
  clock clk_i (rise edge)                                 0.00       0.00
  clock network delay (propagated)                        0.10       0.10
  u_core/core_i/if_stage_i/prefetch_buffer_i/instruction_obi_i/state_q_reg/CLK (SDFFARX1_RVT)
                                                          0.00       0.10 r
  u_core/core_i/if_stage_i/prefetch_buffer_i/instruction_obi_i/state_q_reg/Q (SDFFARX1_RVT)
                                                          0.06 &     0.16 f
  u_core/core_i/U286/Y (NBUFFX4_HVT)                      0.03 &     0.19 f
  u_core/core_i/U5407/Y (AO22X1_HVT)                      0.04 &     0.23 f
  u_core/core_i/if_stage_i/prefetch_buffer_i/instruction_obi_i/gen_no_trans_stable.obi_addr_q_reg[15]/D (SDFFARX1_RVT)
                                                          0.00 &     0.23 f
  data arrival time                                                  0.23

  clock clk_i (rise edge)                                 0.00       0.00
  clock network delay (propagated)                        0.17       0.17
  u_core/core_i/if_stage_i/prefetch_buffer_i/instruction_obi_i/gen_no_trans_stable.obi_addr_q_reg[15]/CLK (SDFFARX1_RVT)
                                                                     0.17 r
  clock reconvergence pessimism                           0.00       0.17
  clock uncertainty                                       0.10       0.27
  library hold time                                      -0.02       0.26
  data required time                                                 0.26
  ------------------------------------------------------------------------------
  data required time                                                 0.26
  data arrival time                                                 -0.23
  ------------------------------------------------------------------------------
  slack (VIOLATED)                                                  -0.03

Warning: report_timing has satisfied the max_paths criteria. There are 2295 further endpoints which have paths of interest with slack less than   100.00 that were not considered when generating this report. (UITE-502)

1
