Information: Updating design information... (UID-85)
Warning: Design 'cv32e40p_synth_wrap' contains 1 high-fanout nets. A fanout number of 1000 will be used for delay calculations involving these nets. (TIM-134)
 
****************************************
Report : qor
Design : cv32e40p_synth_wrap
Version: W-2024.09-SP5-5
Date   : Sat May  9 11:58:16 2026
****************************************


  Timing Path Group 'clk_i'
  -----------------------------------
  Levels of Logic:              62.00
  Critical Path Length:          8.32
  Critical Path Slack:           1.51
  Critical Path Clk Period:     10.00
  Total Negative Slack:          0.00
  No. of Violating Paths:        0.00
  Worst Hold Violation:          0.00
  Total Hold Violation:          0.00
  No. of Hold Violations:        0.00
  -----------------------------------


  Cell Count
  -----------------------------------
  Hierarchical Cell Count:         76
  Hierarchical Port Count:       3470
  Leaf Cell Count:              13799
  Buf/Inv Cell Count:            1569
  Buf Cell Count:                 486
  Inv Cell Count:                1083
  CT Buf/Inv Cell Count:            0
  Combinational Cell Count:     11595
  Sequential Cell Count:         2204
  Macro Count:                      0
  -----------------------------------


  Area
  -----------------------------------
  Combinational Area:    29514.251070
  Noncombinational Area: 19920.315500
  Buf/Inv Area:           2458.843239
  Total Buffer Area:          1064.36
  Total Inverter Area:        1394.49
  Macro/Black Box Area:      0.000000
  Net Area:                  0.000000
  Net XLength        :      211253.52
  Net YLength        :      232748.98
  -----------------------------------
  Cell Area:             49434.566571
  Design Area:           49434.566571
  Net Length        :       444002.50


  Design Rules
  -----------------------------------
  Total Number of Nets:         14911
  Nets With Violations:          1624
  Max Trans Violations:           344
  Max Cap Violations:            1622
  -----------------------------------


  Hostname: SGP3

  Compile CPU Statistics
  -----------------------------------------
  Resource Sharing:                    5.45
  Logic Optimization:                  4.23
  Mapping Optimization:               14.53
  -----------------------------------------
  Overall Compile Time:               71.62
  Overall Compile Wall Clock Time:    73.48

  --------------------------------------------------------------------

  Design  WNS: 0.00  TNS: 0.00  Number of Violating Paths: 0


  Design (Hold)  WNS: 0.00  TNS: 0.00  Number of Violating Paths: 0

  --------------------------------------------------------------------


1
