 
****************************************
Report : Scan path
Design : cv32e40p_synth_wrap
Version: W-2024.09-SP5-5
Date   : Sat May  9 11:58:15 2026
****************************************

========================================
TEST MODE: Internal_scan
VIEW     : Specification
========================================
Scan_path          ScanDataIn (h)      ScanDataOut (h)     ScanEnable (h)
---------------    ---------------     ---------------     ---------------
chain0             scan_in (-)         scan_out (-)        -

========================================
TEST MODE: Internal_scan
VIEW     : Specification
========================================
Scan_path     Cell_#    Instance_name
---------     ------    -------------
chain0        No scan cells to report 

1
