****************************************
Report : timing
        -path_type full
        -delay_type min
        -max_paths 20
        -report_by design
Design : cv32e40p_synth_wrap
Version: W-2024.09-SP2
Date   : Fri May  8 23:42:30 2026
****************************************

  Startpoint: u_core/core_i/id_stage_i/controller_i/debug_force_wakeup_q_reg (rising edge-triggered flip-flop clocked by clk_i)
  Endpoint: u_core/core_i/cs_registers_i/dcsr_q_reg[cause][7] (rising edge-triggered flip-flop clocked by clk_i)
  Mode: default
  Corner: default
  Scenario: default
  Path Group: clk_i
  Path Type: min

  Point                                            Incr      Path  
  ------------------------------------------------------------------------
  clock clk_i (rise edge)                          0.00      0.00
  clock network delay (propagated)                 0.16      0.16

  u_core/core_i/id_stage_i/controller_i/debug_force_wakeup_q_reg/CLK (SDFFARX1_RVT)
                                                   0.00      0.16 r
  u_core/core_i/id_stage_i/controller_i/debug_force_wakeup_q_reg/Q (SDFFARX1_RVT)
                                                   0.12      0.28 f
  u_core/core_i/id_stage_i/U3199/Y (AO22X1_HVT)    0.07      0.35 f
  u_core/core_i/cs_registers_i/dcsr_q_reg[cause][7]/D (SDFFARX1_RVT)
                                                   0.00      0.35 f
  data arrival time                                          0.35

  clock clk_i (rise edge)                          0.00      0.00
  clock network delay (propagated)                 0.27      0.27
  u_core/core_i/cs_registers_i/dcsr_q_reg[cause][7]/CLK (SDFFARX1_RVT)
                                                   0.00      0.27 r
  clock uncertainty                                0.10      0.37
  library hold time                               -0.03      0.33
  data required time                                         0.33
  ------------------------------------------------------------------------
  data required time                                         0.33
  data arrival time                                         -0.35
  ------------------------------------------------------------------------
  slack (MET)                                                0.01



  Startpoint: u_core/core_i/id_stage_i/controller_i/debug_force_wakeup_q_reg (rising edge-triggered flip-flop clocked by clk_i)
  Endpoint: u_core/core_i/cs_registers_i/dcsr_q_reg[cause][8] (rising edge-triggered flip-flop clocked by clk_i)
  Mode: default
  Corner: default
  Scenario: default
  Path Group: clk_i
  Path Type: min

  Point                                            Incr      Path  
  ------------------------------------------------------------------------
  clock clk_i (rise edge)                          0.00      0.00
  clock network delay (propagated)                 0.16      0.16

  u_core/core_i/id_stage_i/controller_i/debug_force_wakeup_q_reg/CLK (SDFFARX1_RVT)
                                                   0.00      0.16 r
  u_core/core_i/id_stage_i/controller_i/debug_force_wakeup_q_reg/Q (SDFFARX1_RVT)
                                                   0.12      0.28 r
  u_core/core_i/id_stage_i/U2639/Y (INVX1_HVT)     0.03      0.31 f
  u_core/core_i/id_stage_i/U3200/Y (AND3X1_HVT)    0.07      0.38 f
  u_core/core_i/cs_registers_i/dcsr_q_reg[cause][8]/D (SDFFARX1_RVT)
                                                   0.00      0.38 f
  data arrival time                                          0.38

  clock clk_i (rise edge)                          0.00      0.00
  clock network delay (propagated)                 0.27      0.27
  u_core/core_i/cs_registers_i/dcsr_q_reg[cause][8]/CLK (SDFFARX1_RVT)
                                                   0.00      0.27 r
  clock uncertainty                                0.10      0.37
  library hold time                               -0.04      0.33
  data required time                                         0.33
  ------------------------------------------------------------------------
  data required time                                         0.33
  data arrival time                                         -0.38
  ------------------------------------------------------------------------
  slack (MET)                                                0.04



  Startpoint: u_core/core_i/id_stage_i/regfile_waddr_ex_o_reg[0] (rising edge-triggered flip-flop clocked by clk_i)
  Endpoint: u_core/core_i/ex_stage_i/regfile_waddr_lsu_reg[0] (rising edge-triggered flip-flop clocked by clk_i)
  Mode: default
  Corner: default
  Scenario: default
  Path Group: clk_i
  Path Type: min

  Point                                            Incr      Path  
  ------------------------------------------------------------------------
  clock clk_i (rise edge)                          0.00      0.00
  clock network delay (propagated)                 0.26      0.26

  u_core/core_i/id_stage_i/regfile_waddr_ex_o_reg[0]/CLK (SDFFARX1_RVT)
                                                   0.00      0.26 r
  u_core/core_i/id_stage_i/regfile_waddr_ex_o_reg[0]/QN (SDFFARX1_RVT)
                                                   0.09      0.35 f
  u_core/core_i/U5024/Y (INVX1_HVT)                0.03      0.38 r
  u_core/core_i/ex_stage_i/regfile_waddr_lsu_reg[0]/D (SDFFARX1_RVT)
                                                   0.00      0.38 r
  data arrival time                                          0.38

  clock clk_i (rise edge)                          0.00      0.00
  clock network delay (propagated)                 0.27      0.27
  u_core/core_i/ex_stage_i/regfile_waddr_lsu_reg[0]/CLK (SDFFARX1_RVT)
                                                   0.00      0.27 r
  clock uncertainty                                0.10      0.37
  library hold time                               -0.04      0.33
  data required time                                         0.33
  ------------------------------------------------------------------------
  data required time                                         0.33
  data arrival time                                         -0.38
  ------------------------------------------------------------------------
  slack (MET)                                                0.05



  Startpoint: u_core/core_i/id_stage_i/regfile_waddr_ex_o_reg[3] (rising edge-triggered flip-flop clocked by clk_i)
  Endpoint: u_core/core_i/ex_stage_i/regfile_waddr_lsu_reg[3] (rising edge-triggered flip-flop clocked by clk_i)
  Mode: default
  Corner: default
  Scenario: default
  Path Group: clk_i
  Path Type: min

  Point                                            Incr      Path  
  ------------------------------------------------------------------------
  clock clk_i (rise edge)                          0.00      0.00
  clock network delay (propagated)                 0.26      0.26

  u_core/core_i/id_stage_i/regfile_waddr_ex_o_reg[3]/CLK (SDFFARX1_RVT)
                                                   0.00      0.26 r
  u_core/core_i/id_stage_i/regfile_waddr_ex_o_reg[3]/QN (SDFFARX1_RVT)
                                                   0.09      0.35 f
  u_core/core_i/U5027/Y (INVX1_HVT)                0.03      0.38 r
  u_core/core_i/ex_stage_i/regfile_waddr_lsu_reg[3]/D (SDFFARX1_RVT)
                                                   0.00      0.38 r
  data arrival time                                          0.38

  clock clk_i (rise edge)                          0.00      0.00
  clock network delay (propagated)                 0.27      0.27
  u_core/core_i/ex_stage_i/regfile_waddr_lsu_reg[3]/CLK (SDFFARX1_RVT)
                                                   0.00      0.27 r
  clock uncertainty                                0.10      0.37
  library hold time                               -0.04      0.33
  data required time                                         0.33
  ------------------------------------------------------------------------
  data required time                                         0.33
  data arrival time                                         -0.38
  ------------------------------------------------------------------------
  slack (MET)                                                0.05



  Startpoint: u_core/core_i/if_stage_i/aligner_i/pc_q_reg[25] (rising edge-triggered flip-flop clocked by clk_i)
  Endpoint: u_core/core_i/if_stage_i/pc_id_o_reg[25] (rising edge-triggered flip-flop clocked by clk_i)
  Mode: default
  Corner: default
  Scenario: default
  Path Group: clk_i
  Path Type: min

  Point                                            Incr      Path  
  ------------------------------------------------------------------------
  clock clk_i (rise edge)                          0.00      0.00
  clock network delay (propagated)                 0.26      0.26

  u_core/core_i/if_stage_i/aligner_i/pc_q_reg[25]/CLK (SDFFARX1_RVT)
                                                   0.00      0.26 r
  u_core/core_i/if_stage_i/aligner_i/pc_q_reg[25]/Q (SDFFARX1_RVT)
                                                   0.13      0.38 f
  u_core/core_i/if_stage_i/pc_id_o_reg[25]/D (SDFFARX1_RVT)
                                                   0.00      0.38 f
  data arrival time                                          0.38

  clock clk_i (rise edge)                          0.00      0.00
  clock network delay (propagated)                 0.27      0.27
  u_core/core_i/if_stage_i/pc_id_o_reg[25]/CLK (SDFFARX1_RVT)
                                                   0.00      0.27 r
  clock uncertainty                                0.10      0.37
  library hold time                               -0.04      0.33
  data required time                                         0.33
  ------------------------------------------------------------------------
  data required time                                         0.33
  data arrival time                                         -0.38
  ------------------------------------------------------------------------
  slack (MET)                                                0.05



  Startpoint: u_core/core_i/if_stage_i/aligner_i/pc_q_reg[26] (rising edge-triggered flip-flop clocked by clk_i)
  Endpoint: u_core/core_i/if_stage_i/pc_id_o_reg[26] (rising edge-triggered flip-flop clocked by clk_i)
  Mode: default
  Corner: default
  Scenario: default
  Path Group: clk_i
  Path Type: min

  Point                                            Incr      Path  
  ------------------------------------------------------------------------
  clock clk_i (rise edge)                          0.00      0.00
  clock network delay (propagated)                 0.26      0.26

  u_core/core_i/if_stage_i/aligner_i/pc_q_reg[26]/CLK (SDFFARX1_RVT)
                                                   0.00      0.26 r
  u_core/core_i/if_stage_i/aligner_i/pc_q_reg[26]/Q (SDFFARX1_RVT)
                                                   0.13      0.38 f
  u_core/core_i/if_stage_i/pc_id_o_reg[26]/D (SDFFARX1_RVT)
                                                   0.00      0.38 f
  data arrival time                                          0.38

  clock clk_i (rise edge)                          0.00      0.00
  clock network delay (propagated)                 0.27      0.27
  u_core/core_i/if_stage_i/pc_id_o_reg[26]/CLK (SDFFARX1_RVT)
                                                   0.00      0.27 r
  clock uncertainty                                0.10      0.37
  library hold time                               -0.04      0.33
  data required time                                         0.33
  ------------------------------------------------------------------------
  data required time                                         0.33
  data arrival time                                         -0.38
  ------------------------------------------------------------------------
  slack (MET)                                                0.06



  Startpoint: u_core/core_i/if_stage_i/prefetch_buffer_i/instruction_obi_i/state_q_reg (rising edge-triggered flip-flop clocked by clk_i)
  Endpoint: u_core/core_i/if_stage_i/prefetch_buffer_i/instruction_obi_i/gen_no_trans_stable.obi_addr_q_reg[17] (rising edge-triggered flip-flop clocked by clk_i)
  Mode: default
  Corner: default
  Scenario: default
  Path Group: clk_i
  Path Type: min

  Point                                            Incr      Path  
  ------------------------------------------------------------------------
  clock clk_i (rise edge)                          0.00      0.00
  clock network delay (propagated)                 0.16      0.16

  u_core/core_i/if_stage_i/prefetch_buffer_i/instruction_obi_i/state_q_reg/CLK (SDFFARX1_RVT)
                                                   0.00      0.16 r
  u_core/core_i/if_stage_i/prefetch_buffer_i/instruction_obi_i/state_q_reg/Q (SDFFARX1_RVT)
                                                   0.12      0.28 f
  u_core/core_i/U285/Y (NBUFFX4_HVT)               0.05      0.33 f
  u_core/core_i/U5578/Y (AO22X1_HVT)               0.07      0.41 f
  u_core/core_i/if_stage_i/prefetch_buffer_i/instruction_obi_i/gen_no_trans_stable.obi_addr_q_reg[17]/D (SDFFARX1_RVT)
                                                   0.00      0.41 f
  data arrival time                                          0.41

  clock clk_i (rise edge)                          0.00      0.00
  clock network delay (propagated)                 0.28      0.28
  u_core/core_i/if_stage_i/prefetch_buffer_i/instruction_obi_i/gen_no_trans_stable.obi_addr_q_reg[17]/CLK (SDFFARX1_RVT)
                                                   0.00      0.28 r
  clock uncertainty                                0.10      0.38
  library hold time                               -0.04      0.35
  data required time                                         0.35
  ------------------------------------------------------------------------
  data required time                                         0.35
  data arrival time                                         -0.41
  ------------------------------------------------------------------------
  slack (MET)                                                0.06



  Startpoint: u_core/core_i/if_stage_i/prefetch_buffer_i/instruction_obi_i/state_q_reg (rising edge-triggered flip-flop clocked by clk_i)
  Endpoint: u_core/core_i/if_stage_i/prefetch_buffer_i/instruction_obi_i/gen_no_trans_stable.obi_addr_q_reg[19] (rising edge-triggered flip-flop clocked by clk_i)
  Mode: default
  Corner: default
  Scenario: default
  Path Group: clk_i
  Path Type: min

  Point                                            Incr      Path  
  ------------------------------------------------------------------------
  clock clk_i (rise edge)                          0.00      0.00
  clock network delay (propagated)                 0.16      0.16

  u_core/core_i/if_stage_i/prefetch_buffer_i/instruction_obi_i/state_q_reg/CLK (SDFFARX1_RVT)
                                                   0.00      0.16 r
  u_core/core_i/if_stage_i/prefetch_buffer_i/instruction_obi_i/state_q_reg/Q (SDFFARX1_RVT)
                                                   0.12      0.28 f
  u_core/core_i/U285/Y (NBUFFX4_HVT)               0.05      0.33 f
  u_core/core_i/U5590/Y (AO22X1_HVT)               0.08      0.41 f
  u_core/core_i/if_stage_i/prefetch_buffer_i/instruction_obi_i/gen_no_trans_stable.obi_addr_q_reg[19]/D (SDFFARX1_RVT)
                                                   0.00      0.41 f
  data arrival time                                          0.41

  clock clk_i (rise edge)                          0.00      0.00
  clock network delay (propagated)                 0.28      0.28
  u_core/core_i/if_stage_i/prefetch_buffer_i/instruction_obi_i/gen_no_trans_stable.obi_addr_q_reg[19]/CLK (SDFFARX1_RVT)
                                                   0.00      0.28 r
  clock uncertainty                                0.10      0.38
  library hold time                               -0.04      0.35
  data required time                                         0.35
  ------------------------------------------------------------------------
  data required time                                         0.35
  data arrival time                                         -0.41
  ------------------------------------------------------------------------
  slack (MET)                                                0.06



  Startpoint: u_core/core_i/if_stage_i/prefetch_buffer_i/instruction_obi_i/state_q_reg (rising edge-triggered flip-flop clocked by clk_i)
  Endpoint: u_core/core_i/if_stage_i/prefetch_buffer_i/instruction_obi_i/gen_no_trans_stable.obi_addr_q_reg[13] (rising edge-triggered flip-flop clocked by clk_i)
  Mode: default
  Corner: default
  Scenario: default
  Path Group: clk_i
  Path Type: min

  Point                                            Incr      Path  
  ------------------------------------------------------------------------
  clock clk_i (rise edge)                          0.00      0.00
  clock network delay (propagated)                 0.16      0.16

  u_core/core_i/if_stage_i/prefetch_buffer_i/instruction_obi_i/state_q_reg/CLK (SDFFARX1_RVT)
                                                   0.00      0.16 r
  u_core/core_i/if_stage_i/prefetch_buffer_i/instruction_obi_i/state_q_reg/Q (SDFFARX1_RVT)
                                                   0.12      0.28 f
  u_core/core_i/U285/Y (NBUFFX4_HVT)               0.05      0.33 f
  u_core/core_i/U5553/Y (AO22X1_HVT)               0.08      0.41 f
  u_core/core_i/if_stage_i/prefetch_buffer_i/instruction_obi_i/gen_no_trans_stable.obi_addr_q_reg[13]/D (SDFFARX1_RVT)
                                                   0.00      0.41 f
  data arrival time                                          0.41

  clock clk_i (rise edge)                          0.00      0.00
  clock network delay (propagated)                 0.28      0.28
  u_core/core_i/if_stage_i/prefetch_buffer_i/instruction_obi_i/gen_no_trans_stable.obi_addr_q_reg[13]/CLK (SDFFARX1_RVT)
                                                   0.00      0.28 r
  clock uncertainty                                0.10      0.38
  library hold time                               -0.04      0.35
  data required time                                         0.35
  ------------------------------------------------------------------------
  data required time                                         0.35
  data arrival time                                         -0.41
  ------------------------------------------------------------------------
  slack (MET)                                                0.06



  Startpoint: u_core/core_i/if_stage_i/prefetch_buffer_i/instruction_obi_i/state_q_reg (rising edge-triggered flip-flop clocked by clk_i)
  Endpoint: u_core/core_i/if_stage_i/prefetch_buffer_i/instruction_obi_i/gen_no_trans_stable.obi_addr_q_reg[20] (rising edge-triggered flip-flop clocked by clk_i)
  Mode: default
  Corner: default
  Scenario: default
  Path Group: clk_i
  Path Type: min

  Point                                            Incr      Path  
  ------------------------------------------------------------------------
  clock clk_i (rise edge)                          0.00      0.00
  clock network delay (propagated)                 0.16      0.16

  u_core/core_i/if_stage_i/prefetch_buffer_i/instruction_obi_i/state_q_reg/CLK (SDFFARX1_RVT)
                                                   0.00      0.16 r
  u_core/core_i/if_stage_i/prefetch_buffer_i/instruction_obi_i/state_q_reg/Q (SDFFARX1_RVT)
                                                   0.12      0.28 f
  u_core/core_i/U285/Y (NBUFFX4_HVT)               0.05      0.33 f
  u_core/core_i/U5595/Y (AO22X1_HVT)               0.08      0.41 f
  u_core/core_i/if_stage_i/prefetch_buffer_i/instruction_obi_i/gen_no_trans_stable.obi_addr_q_reg[20]/D (SDFFARX1_RVT)
                                                   0.00      0.41 f
  data arrival time                                          0.41

  clock clk_i (rise edge)                          0.00      0.00
  clock network delay (propagated)                 0.28      0.28
  u_core/core_i/if_stage_i/prefetch_buffer_i/instruction_obi_i/gen_no_trans_stable.obi_addr_q_reg[20]/CLK (SDFFARX1_RVT)
                                                   0.00      0.28 r
  clock uncertainty                                0.10      0.38
  library hold time                               -0.04      0.35
  data required time                                         0.35
  ------------------------------------------------------------------------
  data required time                                         0.35
  data arrival time                                         -0.41
  ------------------------------------------------------------------------
  slack (MET)                                                0.06



  Startpoint: u_core/core_i/if_stage_i/prefetch_buffer_i/instruction_obi_i/state_q_reg (rising edge-triggered flip-flop clocked by clk_i)
  Endpoint: u_core/core_i/if_stage_i/prefetch_buffer_i/instruction_obi_i/gen_no_trans_stable.obi_addr_q_reg[15] (rising edge-triggered flip-flop clocked by clk_i)
  Mode: default
  Corner: default
  Scenario: default
  Path Group: clk_i
  Path Type: min

  Point                                            Incr      Path  
  ------------------------------------------------------------------------
  clock clk_i (rise edge)                          0.00      0.00
  clock network delay (propagated)                 0.16      0.16

  u_core/core_i/if_stage_i/prefetch_buffer_i/instruction_obi_i/state_q_reg/CLK (SDFFARX1_RVT)
                                                   0.00      0.16 r
  u_core/core_i/if_stage_i/prefetch_buffer_i/instruction_obi_i/state_q_reg/Q (SDFFARX1_RVT)
                                                   0.12      0.28 f
  u_core/core_i/U285/Y (NBUFFX4_HVT)               0.05      0.33 f
  u_core/core_i/U5565/Y (AO22X1_HVT)               0.08      0.41 f
  u_core/core_i/if_stage_i/prefetch_buffer_i/instruction_obi_i/gen_no_trans_stable.obi_addr_q_reg[15]/D (SDFFARX1_RVT)
                                                   0.00      0.41 f
  data arrival time                                          0.41

  clock clk_i (rise edge)                          0.00      0.00
  clock network delay (propagated)                 0.28      0.28
  u_core/core_i/if_stage_i/prefetch_buffer_i/instruction_obi_i/gen_no_trans_stable.obi_addr_q_reg[15]/CLK (SDFFARX1_RVT)
                                                   0.00      0.28 r
  clock uncertainty                                0.10      0.38
  library hold time                               -0.04      0.35
  data required time                                         0.35
  ------------------------------------------------------------------------
  data required time                                         0.35
  data arrival time                                         -0.41
  ------------------------------------------------------------------------
  slack (MET)                                                0.06



  Startpoint: u_core/core_i/if_stage_i/prefetch_buffer_i/instruction_obi_i/state_q_reg (rising edge-triggered flip-flop clocked by clk_i)
  Endpoint: u_core/core_i/if_stage_i/prefetch_buffer_i/instruction_obi_i/gen_no_trans_stable.obi_addr_q_reg[16] (rising edge-triggered flip-flop clocked by clk_i)
  Mode: default
  Corner: default
  Scenario: default
  Path Group: clk_i
  Path Type: min

  Point                                            Incr      Path  
  ------------------------------------------------------------------------
  clock clk_i (rise edge)                          0.00      0.00
  clock network delay (propagated)                 0.16      0.16

  u_core/core_i/if_stage_i/prefetch_buffer_i/instruction_obi_i/state_q_reg/CLK (SDFFARX1_RVT)
                                                   0.00      0.16 r
  u_core/core_i/if_stage_i/prefetch_buffer_i/instruction_obi_i/state_q_reg/Q (SDFFARX1_RVT)
                                                   0.12      0.28 f
  u_core/core_i/U285/Y (NBUFFX4_HVT)               0.05      0.33 f
  u_core/core_i/U5570/Y (AO22X1_HVT)               0.08      0.41 f
  u_core/core_i/if_stage_i/prefetch_buffer_i/instruction_obi_i/gen_no_trans_stable.obi_addr_q_reg[16]/D (SDFFARX1_RVT)
                                                   0.00      0.41 f
  data arrival time                                          0.41

  clock clk_i (rise edge)                          0.00      0.00
  clock network delay (propagated)                 0.28      0.28
  u_core/core_i/if_stage_i/prefetch_buffer_i/instruction_obi_i/gen_no_trans_stable.obi_addr_q_reg[16]/CLK (SDFFARX1_RVT)
                                                   0.00      0.28 r
  clock uncertainty                                0.10      0.38
  library hold time                               -0.04      0.35
  data required time                                         0.35
  ------------------------------------------------------------------------
  data required time                                         0.35
  data arrival time                                         -0.41
  ------------------------------------------------------------------------
  slack (MET)                                                0.06



  Startpoint: u_core/core_i/if_stage_i/prefetch_buffer_i/instruction_obi_i/state_q_reg (rising edge-triggered flip-flop clocked by clk_i)
  Endpoint: u_core/core_i/if_stage_i/prefetch_buffer_i/instruction_obi_i/gen_no_trans_stable.obi_addr_q_reg[14] (rising edge-triggered flip-flop clocked by clk_i)
  Mode: default
  Corner: default
  Scenario: default
  Path Group: clk_i
  Path Type: min

  Point                                            Incr      Path  
  ------------------------------------------------------------------------
  clock clk_i (rise edge)                          0.00      0.00
  clock network delay (propagated)                 0.16      0.16

  u_core/core_i/if_stage_i/prefetch_buffer_i/instruction_obi_i/state_q_reg/CLK (SDFFARX1_RVT)
                                                   0.00      0.16 r
  u_core/core_i/if_stage_i/prefetch_buffer_i/instruction_obi_i/state_q_reg/Q (SDFFARX1_RVT)
                                                   0.12      0.28 f
  u_core/core_i/U285/Y (NBUFFX4_HVT)               0.05      0.33 f
  u_core/core_i/U5558/Y (AO22X1_HVT)               0.08      0.41 f
  u_core/core_i/if_stage_i/prefetch_buffer_i/instruction_obi_i/gen_no_trans_stable.obi_addr_q_reg[14]/D (SDFFARX1_RVT)
                                                   0.00      0.41 f
  data arrival time                                          0.41

  clock clk_i (rise edge)                          0.00      0.00
  clock network delay (propagated)                 0.29      0.29
  u_core/core_i/if_stage_i/prefetch_buffer_i/instruction_obi_i/gen_no_trans_stable.obi_addr_q_reg[14]/CLK (SDFFARX1_RVT)
                                                   0.00      0.29 r
  clock uncertainty                                0.10      0.39
  library hold time                               -0.04      0.35
  data required time                                         0.35
  ------------------------------------------------------------------------
  data required time                                         0.35
  data arrival time                                         -0.41
  ------------------------------------------------------------------------
  slack (MET)                                                0.06



  Startpoint: u_core/core_i/if_stage_i/prefetch_buffer_i/instruction_obi_i/state_q_reg (rising edge-triggered flip-flop clocked by clk_i)
  Endpoint: u_core/core_i/if_stage_i/prefetch_buffer_i/instruction_obi_i/gen_no_trans_stable.obi_addr_q_reg[22] (rising edge-triggered flip-flop clocked by clk_i)
  Mode: default
  Corner: default
  Scenario: default
  Path Group: clk_i
  Path Type: min

  Point                                            Incr      Path  
  ------------------------------------------------------------------------
  clock clk_i (rise edge)                          0.00      0.00
  clock network delay (propagated)                 0.16      0.16

  u_core/core_i/if_stage_i/prefetch_buffer_i/instruction_obi_i/state_q_reg/CLK (SDFFARX1_RVT)
                                                   0.00      0.16 r
  u_core/core_i/if_stage_i/prefetch_buffer_i/instruction_obi_i/state_q_reg/Q (SDFFARX1_RVT)
                                                   0.12      0.28 f
  u_core/core_i/U285/Y (NBUFFX4_HVT)               0.05      0.33 f
  u_core/core_i/U5607/Y (AO22X1_HVT)               0.08      0.41 f
  u_core/core_i/if_stage_i/prefetch_buffer_i/instruction_obi_i/gen_no_trans_stable.obi_addr_q_reg[22]/D (SDFFARX1_RVT)
                                                   0.00      0.41 f
  data arrival time                                          0.41

  clock clk_i (rise edge)                          0.00      0.00
  clock network delay (propagated)                 0.28      0.28
  u_core/core_i/if_stage_i/prefetch_buffer_i/instruction_obi_i/gen_no_trans_stable.obi_addr_q_reg[22]/CLK (SDFFARX1_RVT)
                                                   0.00      0.28 r
  clock uncertainty                                0.10      0.38
  library hold time                               -0.04      0.35
  data required time                                         0.35
  ------------------------------------------------------------------------
  data required time                                         0.35
  data arrival time                                         -0.41
  ------------------------------------------------------------------------
  slack (MET)                                                0.06



  Startpoint: u_core/core_i/if_stage_i/prefetch_buffer_i/instruction_obi_i/state_q_reg (rising edge-triggered flip-flop clocked by clk_i)
  Endpoint: u_core/core_i/if_stage_i/prefetch_buffer_i/instruction_obi_i/gen_no_trans_stable.obi_addr_q_reg[18] (rising edge-triggered flip-flop clocked by clk_i)
  Mode: default
  Corner: default
  Scenario: default
  Path Group: clk_i
  Path Type: min

  Point                                            Incr      Path  
  ------------------------------------------------------------------------
  clock clk_i (rise edge)                          0.00      0.00
  clock network delay (propagated)                 0.16      0.16

  u_core/core_i/if_stage_i/prefetch_buffer_i/instruction_obi_i/state_q_reg/CLK (SDFFARX1_RVT)
                                                   0.00      0.16 r
  u_core/core_i/if_stage_i/prefetch_buffer_i/instruction_obi_i/state_q_reg/Q (SDFFARX1_RVT)
                                                   0.12      0.28 f
  u_core/core_i/U285/Y (NBUFFX4_HVT)               0.05      0.33 f
  u_core/core_i/U5583/Y (AO22X1_HVT)               0.08      0.41 f
  u_core/core_i/if_stage_i/prefetch_buffer_i/instruction_obi_i/gen_no_trans_stable.obi_addr_q_reg[18]/D (SDFFARX1_RVT)
                                                   0.00      0.41 f
  data arrival time                                          0.41

  clock clk_i (rise edge)                          0.00      0.00
  clock network delay (propagated)                 0.28      0.28
  u_core/core_i/if_stage_i/prefetch_buffer_i/instruction_obi_i/gen_no_trans_stable.obi_addr_q_reg[18]/CLK (SDFFARX1_RVT)
                                                   0.00      0.28 r
  clock uncertainty                                0.10      0.38
  library hold time                               -0.04      0.35
  data required time                                         0.35
  ------------------------------------------------------------------------
  data required time                                         0.35
  data arrival time                                         -0.41
  ------------------------------------------------------------------------
  slack (MET)                                                0.07



  Startpoint: u_core/core_i/if_stage_i/prefetch_buffer_i/fifo_i/mem_q_reg[0][18] (rising edge-triggered flip-flop clocked by clk_i)
  Endpoint: u_core/core_i/if_stage_i/prefetch_buffer_i/fifo_i/mem_q_reg[0][18] (rising edge-triggered flip-flop clocked by clk_i)
  Mode: default
  Corner: default
  Scenario: default
  Path Group: clk_i
  Path Type: min

  Point                                            Incr      Path  
  ------------------------------------------------------------------------
  clock clk_i (rise edge)                          0.00      0.00
  clock network delay (propagated)                 0.29      0.29

  u_core/core_i/if_stage_i/prefetch_buffer_i/fifo_i/mem_q_reg[0][18]/CLK (SDFFARX1_RVT)
                                                   0.00      0.29 r
  u_core/core_i/if_stage_i/prefetch_buffer_i/fifo_i/mem_q_reg[0][18]/Q (SDFFARX1_RVT)
                                                   0.11      0.39 f
  u_core/core_i/U5696/Y (AO22X1_HVT)               0.05      0.44 f
  u_core/core_i/if_stage_i/prefetch_buffer_i/fifo_i/mem_q_reg[0][18]/D (SDFFARX1_RVT)
                                                   0.00      0.44 f
  data arrival time                                          0.44

  clock clk_i (rise edge)                          0.00      0.00
  clock network delay (propagated)                 0.31      0.31
  u_core/core_i/if_stage_i/prefetch_buffer_i/fifo_i/mem_q_reg[0][18]/CLK (SDFFARX1_RVT)
                                                   0.00      0.31 r
  clock uncertainty                                0.10      0.41
  library hold time                               -0.03      0.37
  data required time                                         0.37
  ------------------------------------------------------------------------
  data required time                                         0.37
  data arrival time                                         -0.44
  ------------------------------------------------------------------------
  slack (MET)                                                0.07



  Startpoint: u_core/core_i/if_stage_i/prefetch_buffer_i/fifo_i/mem_q_reg[0][16] (rising edge-triggered flip-flop clocked by clk_i)
  Endpoint: u_core/core_i/if_stage_i/prefetch_buffer_i/fifo_i/mem_q_reg[0][16] (rising edge-triggered flip-flop clocked by clk_i)
  Mode: default
  Corner: default
  Scenario: default
  Path Group: clk_i
  Path Type: min

  Point                                            Incr      Path  
  ------------------------------------------------------------------------
  clock clk_i (rise edge)                          0.00      0.00
  clock network delay (propagated)                 0.29      0.29

  u_core/core_i/if_stage_i/prefetch_buffer_i/fifo_i/mem_q_reg[0][16]/CLK (SDFFARX1_RVT)
                                                   0.00      0.29 r
  u_core/core_i/if_stage_i/prefetch_buffer_i/fifo_i/mem_q_reg[0][16]/Q (SDFFARX1_RVT)
                                                   0.11      0.39 f
  u_core/core_i/U5694/Y (AO22X1_HVT)               0.05      0.44 f
  u_core/core_i/if_stage_i/prefetch_buffer_i/fifo_i/mem_q_reg[0][16]/D (SDFFARX1_RVT)
                                                   0.00      0.44 f
  data arrival time                                          0.44

  clock clk_i (rise edge)                          0.00      0.00
  clock network delay (propagated)                 0.31      0.31
  u_core/core_i/if_stage_i/prefetch_buffer_i/fifo_i/mem_q_reg[0][16]/CLK (SDFFARX1_RVT)
                                                   0.00      0.31 r
  clock uncertainty                                0.10      0.41
  library hold time                               -0.03      0.37
  data required time                                         0.37
  ------------------------------------------------------------------------
  data required time                                         0.37
  data arrival time                                         -0.44
  ------------------------------------------------------------------------
  slack (MET)                                                0.07



  Startpoint: u_core/core_i/if_stage_i/prefetch_buffer_i/fifo_i/mem_q_reg[1][7] (rising edge-triggered flip-flop clocked by clk_i)
  Endpoint: u_core/core_i/if_stage_i/prefetch_buffer_i/fifo_i/mem_q_reg[1][7] (rising edge-triggered flip-flop clocked by clk_i)
  Mode: default
  Corner: default
  Scenario: default
  Path Group: clk_i
  Path Type: min

  Point                                            Incr      Path  
  ------------------------------------------------------------------------
  clock clk_i (rise edge)                          0.00      0.00
  clock network delay (propagated)                 0.29      0.29

  u_core/core_i/if_stage_i/prefetch_buffer_i/fifo_i/mem_q_reg[1][7]/CLK (SDFFARX1_RVT)
                                                   0.00      0.29 r
  u_core/core_i/if_stage_i/prefetch_buffer_i/fifo_i/mem_q_reg[1][7]/Q (SDFFARX1_RVT)
                                                   0.11      0.39 f
  u_core/core_i/U5722/Y (AO22X1_HVT)               0.05      0.44 f
  u_core/core_i/if_stage_i/prefetch_buffer_i/fifo_i/mem_q_reg[1][7]/D (SDFFARX1_RVT)
                                                   0.00      0.44 f
  data arrival time                                          0.44

  clock clk_i (rise edge)                          0.00      0.00
  clock network delay (propagated)                 0.31      0.31
  u_core/core_i/if_stage_i/prefetch_buffer_i/fifo_i/mem_q_reg[1][7]/CLK (SDFFARX1_RVT)
                                                   0.00      0.31 r
  clock uncertainty                                0.10      0.41
  library hold time                               -0.03      0.37
  data required time                                         0.37
  ------------------------------------------------------------------------
  data required time                                         0.37
  data arrival time                                         -0.44
  ------------------------------------------------------------------------
  slack (MET)                                                0.07



  Startpoint: u_core/core_i/if_stage_i/prefetch_buffer_i/instruction_obi_i/state_q_reg (rising edge-triggered flip-flop clocked by clk_i)
  Endpoint: u_core/core_i/if_stage_i/prefetch_buffer_i/instruction_obi_i/gen_no_trans_stable.obi_addr_q_reg[25] (rising edge-triggered flip-flop clocked by clk_i)
  Mode: default
  Corner: default
  Scenario: default
  Path Group: clk_i
  Path Type: min

  Point                                            Incr      Path  
  ------------------------------------------------------------------------
  clock clk_i (rise edge)                          0.00      0.00
  clock network delay (propagated)                 0.16      0.16

  u_core/core_i/if_stage_i/prefetch_buffer_i/instruction_obi_i/state_q_reg/CLK (SDFFARX1_RVT)
                                                   0.00      0.16 r
  u_core/core_i/if_stage_i/prefetch_buffer_i/instruction_obi_i/state_q_reg/Q (SDFFARX1_RVT)
                                                   0.12      0.28 f
  u_core/core_i/U285/Y (NBUFFX4_HVT)               0.05      0.33 f
  u_core/core_i/U5626/Y (AO22X1_HVT)               0.08      0.42 f
  u_core/core_i/if_stage_i/prefetch_buffer_i/instruction_obi_i/gen_no_trans_stable.obi_addr_q_reg[25]/D (SDFFARX1_RVT)
                                                   0.00      0.42 f
  data arrival time                                          0.42

  clock clk_i (rise edge)                          0.00      0.00
  clock network delay (propagated)                 0.28      0.28
  u_core/core_i/if_stage_i/prefetch_buffer_i/instruction_obi_i/gen_no_trans_stable.obi_addr_q_reg[25]/CLK (SDFFARX1_RVT)
                                                   0.00      0.28 r
  clock uncertainty                                0.10      0.38
  library hold time                               -0.04      0.35
  data required time                                         0.35
  ------------------------------------------------------------------------
  data required time                                         0.35
  data arrival time                                         -0.42
  ------------------------------------------------------------------------
  slack (MET)                                                0.07



  Startpoint: u_core/core_i/if_stage_i/prefetch_buffer_i/fifo_i/mem_q_reg[1][24] (rising edge-triggered flip-flop clocked by clk_i)
  Endpoint: u_core/core_i/if_stage_i/prefetch_buffer_i/fifo_i/mem_q_reg[1][24] (rising edge-triggered flip-flop clocked by clk_i)
  Mode: default
  Corner: default
  Scenario: default
  Path Group: clk_i
  Path Type: min

  Point                                            Incr      Path  
  ------------------------------------------------------------------------
  clock clk_i (rise edge)                          0.00      0.00
  clock network delay (propagated)                 0.29      0.29

  u_core/core_i/if_stage_i/prefetch_buffer_i/fifo_i/mem_q_reg[1][24]/CLK (SDFFARX1_RVT)
                                                   0.00      0.29 r
  u_core/core_i/if_stage_i/prefetch_buffer_i/fifo_i/mem_q_reg[1][24]/Q (SDFFARX1_RVT)
                                                   0.11      0.40 f
  u_core/core_i/U5740/Y (AO22X1_HVT)               0.05      0.44 f
  u_core/core_i/if_stage_i/prefetch_buffer_i/fifo_i/mem_q_reg[1][24]/D (SDFFARX1_RVT)
                                                   0.00      0.44 f
  data arrival time                                          0.44

  clock clk_i (rise edge)                          0.00      0.00
  clock network delay (propagated)                 0.31      0.31
  u_core/core_i/if_stage_i/prefetch_buffer_i/fifo_i/mem_q_reg[1][24]/CLK (SDFFARX1_RVT)
                                                   0.00      0.31 r
  clock uncertainty                                0.10      0.41
  library hold time                               -0.03      0.37
  data required time                                         0.37
  ------------------------------------------------------------------------
  data required time                                         0.37
  data arrival time                                         -0.44
  ------------------------------------------------------------------------
  slack (MET)                                                0.07


1
