Warning: Cell contains tie connections which are not connected to real PG. (ZRT-511)
Cell Min-Routing-Layer = M1
Cell Max-Routing-Layer = M8
Turn off antenna since no rule is specified
Information: Option route.detail.force_end_on_preferred_grid will be ignored since none of the layers have preferred grid. (ZRT-703)
Warning: Cannot find a default contact code for layer CO. (ZRT-022)
Warning: Port VDD of cell cv32e40p_synth_wrap_hold_eco16_residual_maxcap_size7 is unplaced.  This may impact routing result. (ZRT-740)
Warning: Port VSS of cell cv32e40p_synth_wrap_hold_eco16_residual_maxcap_size7 is unplaced.  This may impact routing result. (ZRT-740)
Warning: Ignore 2 top cell ports with no pins. (ZRT-027)
Skipping 6 internal pins that are not physical. Set route.common.verbose_level to > 0 and run routing command to get skipped pin names.
Info: number of net_type_blockage: 0 
Information: Via ladder engine would be activated for pattern must join connection in certain commands. Please refer to man-page for the command list. (ZRT-619)
Information: When applicable Min-max layer allow_pin_connection mode will allow paths of length 5.32 outside the layer range. (ZRT-707)
Information: When applicable Min-max layer allow_pin_connection mode will allow paths of length 5.32 outside the layer range on clock nets. (ZRT-718)
Information: When applicable layer based tapering will taper up to 0.00 in distance from the pin. (ZRT-706)
Warning: Standard cell pin MUX41X2_HVT/S0 has no valid via regions. (ZRT-044)
Warning: Standard cell pin MUX41X2_RVT/S0 has no valid via regions. (ZRT-044)


Start checking for open nets ... 

Total number of nets = 18513, of which 0 are not extracted
Total number of open nets = 0, of which 0 are frozen

Check 18513 nets, 0 have Errors

[CHECK OPEN NETS] Elapsed real time: 0:00:00 
[CHECK OPEN NETS] Elapsed cpu  time: sys=0:00:00 usr=0:00:00 total=0:00:00
[CHECK OPEN NETS] Stage (MB): Used    0  Alloctr    0  Proc    0 
[CHECK OPEN NETS] Total (MB): Used   62  Alloctr   63  Proc 4724 
Printing options for 'route.common.*'
common.eco_route_fix_existing_drc                       :	 true                

Printing options for 'route.detail.*'
detail.antenna                                          :	 true                
detail.drc_convergence_effort_level                     :	 high                
detail.generate_extra_off_grid_pin_tracks               :	 true                
detail.optimize_wire_via_effort_level                   :	 high                
detail.timing_driven                                    :	 false               

Printing options for 'route.auto_via_ladder.*'


Begin full DRC check ...

Information: Using 1 threads for routing. (ZRT-444)
Checked	1/25 Partitions, Violations =	0
Checked	2/25 Partitions, Violations =	0
Checked	3/25 Partitions, Violations =	0
Checked	4/25 Partitions, Violations =	0
Checked	5/25 Partitions, Violations =	0
Checked	6/25 Partitions, Violations =	0
Checked	7/25 Partitions, Violations =	0
Checked	8/25 Partitions, Violations =	0
Checked	9/25 Partitions, Violations =	5
Checked	10/25 Partitions, Violations =	5
Checked	11/25 Partitions, Violations =	5
Checked	12/25 Partitions, Violations =	5
Checked	13/25 Partitions, Violations =	5
Checked	14/25 Partitions, Violations =	5
Checked	15/25 Partitions, Violations =	5
Checked	16/25 Partitions, Violations =	5
Checked	17/25 Partitions, Violations =	5
Checked	18/25 Partitions, Violations =	5
Checked	19/25 Partitions, Violations =	5
Checked	20/25 Partitions, Violations =	5
Checked	21/25 Partitions, Violations =	5
Checked	22/25 Partitions, Violations =	5
Checked	23/25 Partitions, Violations =	5
Checked	24/25 Partitions, Violations =	5
Checked	25/25 Partitions, Violations =	5
[DRC CHECK] Elapsed real time: 0:00:07 
[DRC CHECK] Elapsed cpu  time: sys=0:00:00 usr=0:00:07 total=0:00:07
[DRC CHECK] Stage (MB): Used    0  Alloctr    0  Proc    0 
[DRC CHECK] Total (MB): Used  155  Alloctr  156  Proc 4724 
Warning: No antenna rules defined, Skip antenna analysis. (ZRT-309)
Information: Merged away 2 aligned/redundant DRCs. (ZRT-305)

DRC-SUMMARY:
	@@@@@@@ TOTAL VIOLATIONS =	3
	Diff net spacing : 1
	Short : 2


Total Wire Length =                    703973 micron
Total Number of Contacts =             185063
Total Number of Wires =                195891
Total Number of PtConns =              22742
Total Number of Routed Wires =       195829
Total Routed Wire Length =           701313 micron
Total Number of Routed Contacts =       185063
	Layer                 M1 :      35951 micron
	Layer                 M2 :     199930 micron
	Layer                 M3 :     178709 micron
	Layer                 M4 :     122149 micron
	Layer                 M5 :      87445 micron
	Layer                 M6 :      38541 micron
	Layer                 M7 :      32347 micron
	Layer                 M8 :       6241 micron
	Layer                 M9 :          0 micron
	Layer               MRDL :          0 micron
	Via            VIA78SQ_C :        275
	Via       VIA67SQ_C(rot) :       2368
	Via            VIA56SQ_C :       3569
	Via       VIA45SQ_C(rot) :      11520
	Via            VIA34SQ_C :      18457
	Via       VIA34SQ_C(rot) :        167
	Via            VIA23SQ_C :       1161
	Via       VIA23SQ_C(rot) :      72031
	Via            VIA12SQ_C :      71059
	Via       VIA12SQ_C(rot) :       2583
	Via        VIA12SQ_C_2x1 :       1454
	Via   VIA12SQ_C(rot)_1x2 :          2
	Via   VIA12SQ_C(rot)_2x1 :          2
	Via        VIA12SQ_C_1x2 :        371
	Via          VIA12SQ_2x1 :         11
	Via     VIA12SQ(rot)_2x1 :         15
	Via          VIA12SQ_1x2 :         18

 
Redundant via conversion report:
--------------------------------

  Total optimized via conversion rate =  1.01% (1873 / 185063 vias)
 
    Layer VIA1       =  2.48% (1873   / 75515   vias)
        Weight 1     =  2.48% (1873    vias)
        Un-optimized =  0.00% (0       vias)
        Un-mapped    = 97.52% (73642   vias)
    Layer VIA2       =  0.00% (0      / 73192   vias)
        Un-optimized =  0.00% (0       vias)
        Un-mapped    = 100.00% (73192   vias)
    Layer VIA3       =  0.00% (0      / 18624   vias)
        Un-optimized =  0.00% (0       vias)
        Un-mapped    = 100.00% (18624   vias)
    Layer VIA4       =  0.00% (0      / 11520   vias)
        Un-optimized =  0.00% (0       vias)
        Un-mapped    = 100.00% (11520   vias)
    Layer VIA5       =  0.00% (0      / 3569    vias)
        Un-optimized =  0.00% (0       vias)
        Un-mapped    = 100.00% (3569    vias)
    Layer VIA6       =  0.00% (0      / 2368    vias)
        Un-optimized =  0.00% (0       vias)
        Un-mapped    = 100.00% (2368    vias)
    Layer VIA7       =  0.00% (0      / 275     vias)
        Un-optimized =  0.00% (0       vias)
        Un-mapped    = 100.00% (275     vias)
 
  Total double via conversion rate    =  1.01% (1873 / 185063 vias)
 
    Layer VIA1       =  2.48% (1873   / 75515   vias)
    Layer VIA2       =  0.00% (0      / 73192   vias)
    Layer VIA3       =  0.00% (0      / 18624   vias)
    Layer VIA4       =  0.00% (0      / 11520   vias)
    Layer VIA5       =  0.00% (0      / 3569    vias)
    Layer VIA6       =  0.00% (0      / 2368    vias)
    Layer VIA7       =  0.00% (0      / 275     vias)
 
  The optimized via conversion rate based on total routed via count =  1.01% (1873 / 185063 vias)
 
    Layer VIA1       =  2.48% (1873   / 75515   vias)
        Weight 1     =  2.48% (1873    vias)
        Un-optimized =  0.00% (0       vias)
        Un-mapped    = 97.52% (73642   vias)
    Layer VIA2       =  0.00% (0      / 73192   vias)
        Un-optimized =  0.00% (0       vias)
        Un-mapped    = 100.00% (73192   vias)
    Layer VIA3       =  0.00% (0      / 18624   vias)
        Un-optimized =  0.00% (0       vias)
        Un-mapped    = 100.00% (18624   vias)
    Layer VIA4       =  0.00% (0      / 11520   vias)
        Un-optimized =  0.00% (0       vias)
        Un-mapped    = 100.00% (11520   vias)
    Layer VIA5       =  0.00% (0      / 3569    vias)
        Un-optimized =  0.00% (0       vias)
        Un-mapped    = 100.00% (3569    vias)
    Layer VIA6       =  0.00% (0      / 2368    vias)
        Un-optimized =  0.00% (0       vias)
        Un-mapped    = 100.00% (2368    vias)
    Layer VIA7       =  0.00% (0      / 275     vias)
        Un-optimized =  0.00% (0       vias)
        Un-mapped    = 100.00% (275     vias)
 


Verify Summary:

Total number of nets = 18513, of which 0 are not extracted
Total number of open nets = 0, of which 0 are frozen
Total number of excluded ports = 0 ports of 0 unplaced cells connected to 0 nets
                                 0 ports without pins of 0 cells connected to 0 nets
                                 0 ports of 0 cover cells connected to 0 non-pg nets
Total number of DRCs = 3
Total number of antenna violations = no antenna rules defined
Total number of tie to rail violations = not checked
Total number of tie to rail directly violations = not checked


