Warning: Cell contains tie connections which are not connected to real PG. (ZRT-511)
Cell Min-Routing-Layer = M1
Cell Max-Routing-Layer = M8
Turn off antenna since no rule is specified
Information: Option route.detail.force_end_on_preferred_grid will be ignored since none of the layers have preferred grid. (ZRT-703)
Warning: Cannot find a default contact code for layer CO. (ZRT-022)
Warning: Port VDD of cell cv32e40p_synth_wrap is unplaced.  This may impact routing result. (ZRT-740)
Warning: Port VSS of cell cv32e40p_synth_wrap is unplaced.  This may impact routing result. (ZRT-740)
Warning: Ignore 2 top cell ports with no pins. (ZRT-027)
Skipping 6 internal pins that are not physical. Set route.common.verbose_level to > 0 and run routing command to get skipped pin names.
Info: number of net_type_blockage: 0 
Information: Via ladder engine would be activated for pattern must join connection in certain commands. Please refer to man-page for the command list. (ZRT-619)
Information: When applicable Min-max layer allow_pin_connection mode will allow paths of length 5.32 outside the layer range. (ZRT-707)
Information: When applicable Min-max layer allow_pin_connection mode will allow paths of length 5.32 outside the layer range on clock nets. (ZRT-718)
Information: When applicable layer based tapering will taper up to 0.00 in distance from the pin. (ZRT-706)
Warning: Standard cell pin MUX41X2_HVT/S0 has no valid via regions. (ZRT-044)


Start checking for open nets ... 

Total number of nets = 18494, of which 0 are not extracted
Total number of open nets = 0, of which 0 are frozen

Check 18494 nets, 0 have Errors

[CHECK OPEN NETS] Elapsed real time: 0:00:00 
[CHECK OPEN NETS] Elapsed cpu  time: sys=0:00:00 usr=0:00:00 total=0:00:00
[CHECK OPEN NETS] Stage (MB): Used    0  Alloctr    0  Proc    0 
[CHECK OPEN NETS] Total (MB): Used   62  Alloctr   63  Proc 5249 
Printing options for 'route.common.*'

Printing options for 'route.detail.*'
detail.drc_convergence_effort_level                     :	 high                
detail.generate_extra_off_grid_pin_tracks               :	 true                
detail.optimize_wire_via_effort_level                   :	 high                

Printing options for 'route.auto_via_ladder.*'


Begin full DRC check ...

Information: Using 1 threads for routing. (ZRT-444)
Checked	1/25 Partitions, Violations =	22
Checked	2/25 Partitions, Violations =	22
Checked	3/25 Partitions, Violations =	22
Checked	4/25 Partitions, Violations =	32
Checked	5/25 Partitions, Violations =	47
Checked	6/25 Partitions, Violations =	57
Checked	7/25 Partitions, Violations =	67
Checked	8/25 Partitions, Violations =	97
Checked	9/25 Partitions, Violations =	97
Checked	10/25 Partitions, Violations =	97
Checked	11/25 Partitions, Violations =	104
Checked	12/25 Partitions, Violations =	112
Checked	13/25 Partitions, Violations =	115
Checked	14/25 Partitions, Violations =	121
Checked	15/25 Partitions, Violations =	267
Checked	16/25 Partitions, Violations =	276
Checked	17/25 Partitions, Violations =	301
Checked	18/25 Partitions, Violations =	301
Checked	19/25 Partitions, Violations =	303
Checked	20/25 Partitions, Violations =	307
Checked	21/25 Partitions, Violations =	308
Checked	22/25 Partitions, Violations =	308
Checked	23/25 Partitions, Violations =	340
Checked	24/25 Partitions, Violations =	363
Checked	25/25 Partitions, Violations =	377
[DRC CHECK] Elapsed real time: 0:00:07 
[DRC CHECK] Elapsed cpu  time: sys=0:00:00 usr=0:00:07 total=0:00:07
[DRC CHECK] Stage (MB): Used    0  Alloctr    0  Proc    0 
[DRC CHECK] Total (MB): Used  155  Alloctr  157  Proc 5249 
Warning: No antenna rules defined, Skip antenna analysis. (ZRT-309)
Information: Merged away 1 aligned/redundant DRCs. (ZRT-305)

DRC-SUMMARY:
	@@@@@@@ TOTAL VIOLATIONS =	376
	Diff net spacing : 101
	Less than minimum area : 5
	Needs fat contact : 104
	Off-grid : 164
	Short : 2


Total Wire Length =                    699458 micron
Total Number of Contacts =             180983
Total Number of Wires =                191500
Total Number of PtConns =              22124
Total Number of Routed Wires =       191440
Total Routed Wire Length =           696919 micron
Total Number of Routed Contacts =       180983
	Layer                 M1 :      31425 micron
	Layer                 M2 :     204495 micron
	Layer                 M3 :     167843 micron
	Layer                 M4 :     126765 micron
	Layer                 M5 :      84227 micron
	Layer                 M6 :      43176 micron
	Layer                 M7 :      29813 micron
	Layer                 M8 :       9174 micron
	Layer                 M9 :          0 micron
	Layer               MRDL :          0 micron
	Via            VIA78SQ_C :        392
	Via       VIA67SQ_C(rot) :       2220
	Via            VIA56SQ_C :       3651
	Via       VIA45SQ_C(rot) :      10715
	Via            VIA34SQ_C :      17877
	Via       VIA34SQ_C(rot) :        161
	Via            VIA23SQ_C :       1115
	Via       VIA23SQ_C(rot) :      71030
	Via            VIA12SQ_C :      68642
	Via       VIA12SQ_C(rot) :       3169
	Via        VIA12SQ_C_2x1 :       1499
	Via   VIA12SQ_C(rot)_1x2 :        101
	Via   VIA12SQ_C(rot)_2x1 :          5
	Via        VIA12SQ_C_1x2 :        311
	Via          VIA12SQ_2x1 :          4
	Via     VIA12SQ(rot)_2x1 :         13
	Via          VIA12SQ_1x2 :         78

 
Redundant via conversion report:
--------------------------------

  Total optimized via conversion rate =  1.11% (2011 / 180983 vias)
 
    Layer VIA1       =  2.72% (2011   / 73822   vias)
        Weight 1     =  2.72% (2011    vias)
        Un-optimized =  0.00% (0       vias)
        Un-mapped    = 97.28% (71811   vias)
    Layer VIA2       =  0.00% (0      / 72145   vias)
        Un-optimized =  0.00% (0       vias)
        Un-mapped    = 100.00% (72145   vias)
    Layer VIA3       =  0.00% (0      / 18038   vias)
        Un-optimized =  0.00% (0       vias)
        Un-mapped    = 100.00% (18038   vias)
    Layer VIA4       =  0.00% (0      / 10715   vias)
        Un-optimized =  0.00% (0       vias)
        Un-mapped    = 100.00% (10715   vias)
    Layer VIA5       =  0.00% (0      / 3651    vias)
        Un-optimized =  0.00% (0       vias)
        Un-mapped    = 100.00% (3651    vias)
    Layer VIA6       =  0.00% (0      / 2220    vias)
        Un-optimized =  0.00% (0       vias)
        Un-mapped    = 100.00% (2220    vias)
    Layer VIA7       =  0.00% (0      / 392     vias)
        Un-optimized =  0.00% (0       vias)
        Un-mapped    = 100.00% (392     vias)
 
  Total double via conversion rate    =  1.11% (2011 / 180983 vias)
 
    Layer VIA1       =  2.72% (2011   / 73822   vias)
    Layer VIA2       =  0.00% (0      / 72145   vias)
    Layer VIA3       =  0.00% (0      / 18038   vias)
    Layer VIA4       =  0.00% (0      / 10715   vias)
    Layer VIA5       =  0.00% (0      / 3651    vias)
    Layer VIA6       =  0.00% (0      / 2220    vias)
    Layer VIA7       =  0.00% (0      / 392     vias)
 
  The optimized via conversion rate based on total routed via count =  1.11% (2011 / 180983 vias)
 
    Layer VIA1       =  2.72% (2011   / 73822   vias)
        Weight 1     =  2.72% (2011    vias)
        Un-optimized =  0.00% (0       vias)
        Un-mapped    = 97.28% (71811   vias)
    Layer VIA2       =  0.00% (0      / 72145   vias)
        Un-optimized =  0.00% (0       vias)
        Un-mapped    = 100.00% (72145   vias)
    Layer VIA3       =  0.00% (0      / 18038   vias)
        Un-optimized =  0.00% (0       vias)
        Un-mapped    = 100.00% (18038   vias)
    Layer VIA4       =  0.00% (0      / 10715   vias)
        Un-optimized =  0.00% (0       vias)
        Un-mapped    = 100.00% (10715   vias)
    Layer VIA5       =  0.00% (0      / 3651    vias)
        Un-optimized =  0.00% (0       vias)
        Un-mapped    = 100.00% (3651    vias)
    Layer VIA6       =  0.00% (0      / 2220    vias)
        Un-optimized =  0.00% (0       vias)
        Un-mapped    = 100.00% (2220    vias)
    Layer VIA7       =  0.00% (0      / 392     vias)
        Un-optimized =  0.00% (0       vias)
        Un-mapped    = 100.00% (392     vias)
 


Verify Summary:

Total number of nets = 18494, of which 0 are not extracted
Total number of open nets = 0, of which 0 are frozen
Total number of excluded ports = 0 ports of 0 unplaced cells connected to 0 nets
                                 0 ports without pins of 0 cells connected to 0 nets
                                 0 ports of 0 cover cells connected to 0 non-pg nets
Total number of DRCs = 376
Total number of antenna violations = no antenna rules defined
Total number of tie to rail violations = not checked
Total number of tie to rail directly violations = not checked


