****************************************
Report : constraint
        -all_violators
Design : cv32e40p_synth_wrap
Version: W-2024.09-SP2
Date   : Sun May 10 18:36:39 2026
****************************************

   late_timing
   -----------

Information: The RC mode used is DR for design 'cv32e40p_synth_wrap'. (NEX-022)
Extracting design: cv32e40p_synth_wrap_hold_eco17_gds_candidate 
Information: coupling capacitance is lumped to ground. (NEX-030)
Information: 18484 nets are successfully extracted. (NEX-028)
Information: Update timing completed net estimation for all the timing graph nets (TIM-111)
Endpoint                         Path Delay     Path Required       CRP    Slack Group    Scenario
----------------------------------------------------------------------------------------------------------
No paths.

   early_timing
   -----------

Endpoint                         Path Delay     Path Required       CRP    Slack Group    Scenario
----------------------------------------------------------------------------------------------------------
No paths.

   Mode: default Corner: default
   Scenario: default
   max_transition                                                              
                             Required        Actual                            
   Net                      Transition     Transition        Slack  Violation  
  ---------------------------------------------------------------------------
   u_core/core_i/id_stage_i/n2721
                                0.09           0.09           0.00  (MET)      

  ---------------------------------------------------------------------------
   Number of max_transition violation(s): 0

   Mode: default Corner: default
   Scenario: default
  ---------------------------------------------------------------------------
   Number of max_capacitance violation(s): 0


   Mode: default Corner: default
   Scenario: default
  ---------------------------------------------------------------------------
   Number of min_capacitance violation(s): 0

  Mode: default
  Corner: default
  Scenario: default

  ---------------------------------------------------------------------------
   Number of min_pulse_width violation(s): 0
   Total number of violation(s): 0
1
