****************************************
Report : reference
Design : cv32e40p_synth_wrap
Version: W-2024.09-SP2
Date   : Sun May 10 18:36:45 2026
****************************************

Attributes
    b - black-box (unknown)
    h - hierarchical
    n - noncombinational
    u - contains unmapped logic
    E - extracted timing model
    Q - Quick timing model (QTM)
    s - synthetic operator


Reference          Library       Unit Area   Count    Total Area   Attributes
--------------------------------------------------------------------------------
INVX0_HVT          saed32hvt_tt       1.27       1          1.27   
INVX1_HVT          saed32hvt_tt       1.27       4          5.08   
INVX2_HVT          saed32hvt_tt       1.52       2          3.05   
INVX4_HVT          saed32hvt_tt       2.03       1          2.03   
NBUFFX2_HVT        saed32hvt_tt       2.03       7         14.23   
NBUFFX2_LVT        saed32lvt_tt       2.03       1          2.03   
NBUFFX2_RVT        saed32rvt_tt       2.03       2          4.07   
NBUFFX4_HVT        saed32hvt_tt       2.54      10         25.41   
NBUFFX8_RVT        saed32rvt_tt       3.81       1          3.81   
SHFILL128_RVT      saed32rvt_tt      32.53       9        292.77   
SHFILL1_RVT        saed32rvt_tt       0.25    3332        846.81   
SHFILL2_RVT        saed32rvt_tt       0.51    3015       1532.49   
SHFILL3_RVT        saed32rvt_tt       0.76   23827      18166.47   
SHFILL64_RVT       saed32rvt_tt      16.27      58        943.38   
cv32e40p_core_COREV_PULP0_COREV_CLUSTER0_FPU0_FPU_ADDMUL_LAT0_FPU_OTHERS_LAT0_ZFINX0_NUM_MHPMCOUNTERS1_test_1
                                  60163.51       1      60163.51   h
--------------------------------------------------------------------------------
Total 15 references                                     82006.42
1
