****************************************
Report : constraint
	-all_violators
	-path slack_only
Design : cv32e40p_synth_wrap
Version: W-2024.09-SP5-3
Date   : Sun May 10 11:52:45 2026
****************************************


   max_delay/setup ('clk_i' group)

   Endpoint                                                  Slack
   -----------------------------------------------------------------
   u_core/core_i/cs_registers_i/mhpmcounter_q_reg[2][63]/D
                                                             -0.11  (VIOLATED)
   u_core/core_i/cs_registers_i/mhpmcounter_q_reg[2][62]/D
                                                             -0.03  (VIOLATED)





   max_capacitance

                             Required        Actual
   Pin                      Capacitance    Capacitance       Slack
   -----------------------------------------------------------------
   u_core/core_i/cs_registers_i/U83/Y
                               16.00          16.53          -0.53  (VIOLATED)
   u_core/core_i/U2357/Y       16.00          16.29          -0.29  (VIOLATED)
   u_core/core_i/cs_registers_i/gen_trigger_regs.tmatch_value_q_reg[22]/Q
                                8.00           8.09          -0.09  (VIOLATED)


1
