****************************************
Report : constraint
	-all_violators
	-path slack_only
Design : cv32e40p_synth_wrap
Version: W-2024.09-SP5-3
Date   : Sun May 10 11:52:44 2026
****************************************


   max_delay/setup ('clk_i' group)

   Endpoint                                                  Slack
   -----------------------------------------------------------------
   u_core/core_i/cs_registers_i/mhpmcounter_q_reg[2][63]/D
                                                             -0.44  (VIOLATED)
   u_core/core_i/cs_registers_i/mhpmcounter_q_reg[2][62]/D
                                                             -0.37  (VIOLATED)
   u_core/core_i/cs_registers_i/mhpmcounter_q_reg[2][61]/D
                                                             -0.17  (VIOLATED)
   u_core/core_i/cs_registers_i/mhpmcounter_q_reg[2][60]/D
                                                             -0.06  (VIOLATED)





   max_capacitance

                             Required        Actual
   Pin                      Capacitance    Capacitance       Slack
   -----------------------------------------------------------------
   u_core/core_i/cs_registers_i/U83/Y
                               16.00          17.53          -1.53  (VIOLATED)
   u_core/core_i/U2357/Y       16.00          17.32          -1.32  (VIOLATED)
   u_core/core_i/cs_registers_i/gen_trigger_regs.tmatch_value_q_reg[22]/Q
                                8.00           8.81          -0.81  (VIOLATED)
   u_core/core_i/cs_registers_i/U177/Y
                               32.00          32.72          -0.72  (VIOLATED)
   u_core/core_i/cs_registers_i/gen_trigger_regs.tmatch_value_q_reg[0]/Q
                                8.00           8.48          -0.48  (VIOLATED)
   u_core/core_i/cs_registers_i/gen_trigger_regs.tmatch_value_q_reg[14]/Q
                                8.00           8.43          -0.43  (VIOLATED)
   u_core/core_i/ZBUF_54_inst_2148/Y
                               16.00          16.24          -0.24  (VIOLATED)
   u_core/core_i/id_stage_i/U2931/Y
                                8.00           8.24          -0.24  (VIOLATED)
   u_core/core_i/id_stage_i/mult_operand_a_ex_o_reg[5]/Q
                                8.00           8.15          -0.15  (VIOLATED)
   u_core/core_i/U2346/Y       16.00          16.15          -0.15  (VIOLATED)
   u_core/core_i/cs_registers_i/mscratch_q_reg[7]/Q
                                8.00           8.04          -0.04  (VIOLATED)


1
