DRC marker context report
marker_file=7_Backend_ICC2/4_Report/trials/route_combo_pgblock_vdd240/06_route/drc_detail/representative_drc_markers.tsv

Marker Diff_net_spacing_M1_(11)_1
  error_id    : 2
  error_type  : Diff net spacing
  error_layer : M1 (11)
  center      : 220.64 31.1595
  bbox        : {220.56 31.118} {220.72 31.201}
  search_box  : {220.31 30.868} {220.97 31.451}
  pins        : 3
    pin u_core/core_i/U5811/A1
      bbox     : {220.2810 30.7370} {220.4370 31.0620}
      layer    : M1 CO
      net      : u_core/core_i/test_so
      cell     : u_core/core_i/U5811
      ref_name : OR2X1_HVT
      origin   : 220.0320 31.7040
    pin u_core/core_i/U5811/Y
      bbox     : {220.9190 30.1600} {221.1510 31.5050}
      layer    : M1 CO
      net      : u_core/core_i/n3759
      cell     : u_core/core_i/U5811
      ref_name : OR2X1_HVT
      origin   : 220.0320 31.7040
    pin u_core/core_i/U5811/VSS
      bbox     : {220.0320 31.3050} {221.2480 31.7340}
      layer    : M1 CO
      net      : u_core/core_i/VSS
      cell     : u_core/core_i/U5811
      ref_name : OR2X1_HVT
      origin   : 220.0320 31.7040
  cells       : 1
    cell u_core/core_i/U5811 ref=OR2X1_HVT origin=220.0320 31.7040
  shapes      : 5
    shape PATH_25_21
      layer : M8
      bbox  : {219.5000 10.0000} {220.5000 315.9120}
      net   : VSS
    shape PATH_13_1505
      layer : M2
      bbox  : {220.6120 30.0040} {220.6680 31.0480}
      net   : fetch_enable_i
    shape PATH_13_1513
      layer : M2
      bbox  : {220.4600 30.7640} {220.5160 31.2760}
      net   : ZBUF_4_313
    shape PATH_13_1515
      layer : M2
      bbox  : {220.6120 31.2200} {220.6680 31.5800}
      net   : ZBUF_4_313
    shape PATH_15_1695
      layer : M3
      bbox  : {219.0920 30.9160} {240.1240 30.9720}
      net   : u_core/core_i/sleep_unit_i/core_busy_q

Marker Diff_net_spacing_M1_(11)_2
  error_id    : 4
  error_type  : Diff net spacing
  error_layer : M1 (11)
  center      : 190.848 38.9365
  bbox        : {190.768 38.895} {190.928 38.978}
  search_box  : {190.518 38.645} {191.178 39.228}
  pins        : 3
    pin u_core/core_i/id_stage_i/U2731/A1
      bbox     : {190.4890 39.0340} {190.6450 39.3590}
      layer    : M1 CO
      net      : u_core/core_i/id_stage_i/n2733
      cell     : u_core/core_i/id_stage_i/U2731
      ref_name : OR2X1_HVT
      origin   : 190.2400 38.3920
    pin u_core/core_i/id_stage_i/U2731/Y
      bbox     : {191.1270 38.5910} {191.3590 39.9360}
      layer    : M1 CO
      net      : u_core/core_i/id_stage_i/n2710
      cell     : u_core/core_i/id_stage_i/U2731
      ref_name : OR2X1_HVT
      origin   : 190.2400 38.3920
    pin u_core/core_i/id_stage_i/U2731/VSS
      bbox     : {190.2400 38.3620} {191.4560 38.7910}
      layer    : M1 CO
      net      : u_core/core_i/id_stage_i/VSS
      cell     : u_core/core_i/id_stage_i/U2731
      ref_name : OR2X1_HVT
      origin   : 190.2400 38.3920
  cells       : 1
    cell u_core/core_i/id_stage_i/U2731 ref=OR2X1_HVT origin=190.2400 38.3920
  shapes      : 5
    shape PATH_21_1
      layer : M6
      bbox  : {190.8200 19.9720} {190.8760 86.3000}
      net   : dm_halt_addr_i[9]
    shape PATH_17_45
      layer : M4
      bbox  : {190.8200 33.9560} {190.8760 70.7960}
      net   : dm_halt_addr_i[15]
    shape PATH_17_7673
      layer : M4
      bbox  : {190.5160 21.1880} {190.5720 83.8680}
      net   : u_core/core_i/id_stage_i/n2789
    shape PATH_15_27146
      layer : M3
      bbox  : {190.9720 39.1240} {191.7880 39.1800}
      net   : u_core/core_i/id_stage_i/n2732
    shape PATH_13_49506
      layer : M2
      bbox  : {191.1240 36.5400} {191.1800 42.8280}
      net   : u_core/core_i/id_stage_i/controller_i/ctrl_fsm_ns[1]

Marker Diff_net_spacing_M1_(11)_3
  error_id    : 5
  error_type  : Diff net spacing
  error_layer : M1 (11)
  center      : 190.392 41.1915
  bbox        : {190.312 41.15} {190.472 41.233}
  search_box  : {190.062 40.9} {190.722 41.483}
  pins        : 3
    pin u_core/core_i/id_stage_i/U2627/A1
      bbox     : {190.0330 40.7690} {190.1890 41.0940}
      layer    : M1 CO
      net      : u_core/core_i/id_stage_i/n2706
      cell     : u_core/core_i/id_stage_i/U2627
      ref_name : OR2X1_HVT
      origin   : 189.7840 41.7360
    pin u_core/core_i/id_stage_i/U2627/Y
      bbox     : {190.6710 40.1920} {190.9030 41.5370}
      layer    : M1 CO
      net      : u_core/core_i/id_stage_i/n2618
      cell     : u_core/core_i/id_stage_i/U2627
      ref_name : OR2X1_HVT
      origin   : 189.7840 41.7360
    pin u_core/core_i/id_stage_i/U2627/VSS
      bbox     : {189.7840 41.3370} {191.0000 41.7660}
      layer    : M1 CO
      net      : u_core/core_i/id_stage_i/VSS
      cell     : u_core/core_i/id_stage_i/U2627
      ref_name : OR2X1_HVT
      origin   : 189.7840 41.7360
  cells       : 1
    cell u_core/core_i/id_stage_i/U2627 ref=OR2X1_HVT origin=189.7840 41.7360
  shapes      : 8
    shape PATH_25_74
      layer : M8
      bbox  : {190.2120 33.3480} {190.2680 156.2200}
      net   : u_core/core_i/cs_registers_i/ZBUF_375_240
    shape PATH_17_7673
      layer : M4
      bbox  : {190.5160 21.1880} {190.5720 83.8680}
      net   : u_core/core_i/id_stage_i/n2789
    shape PATH_15_27106
      layer : M3
      bbox  : {188.5400 40.9480} {190.1160 41.0040}
      net   : u_core/core_i/id_stage_i/n2706
    shape PATH_15_27148
      layer : M3
      bbox  : {190.3640 40.6440} {190.4200 41.0040}
      net   : u_core/core_i/id_stage_i/n2733
    shape PATH_15_27149
      layer : M3
      bbox  : {190.3640 40.9480} {193.0040 41.0040}
      net   : u_core/core_i/id_stage_i/n2733
    shape PATH_13_55577
      layer : M2
      bbox  : {190.0580 40.7940} {190.1180 41.0060}
      net   : u_core/core_i/id_stage_i/n2706
    shape PATH_13_59020
      layer : M2
      bbox  : {190.3640 40.9480} {190.7240 41.0040}
      net   : u_core/core_i/id_stage_i/n3704
    shape PATH_13_59021
      layer : M2
      bbox  : {190.6680 40.9480} {190.7240 44.0440}
      net   : u_core/core_i/id_stage_i/n3704

Marker Diff_net_spacing_M2_(13)_1
  error_id    : 39
  error_type  : Diff net spacing
  error_layer : M2 (13)
  center      : 259.56600000000003 88.476
  bbox        : {259.494 88.441} {259.638 88.511}
  search_box  : {259.244 88.191} {259.888 88.761}
  pins        : 4
    pin u_core/core_i/cs_registers_i/U881/Y
      bbox     : {259.4970 88.6970} {259.6170 90.0890}
      layer    : M1 CO
      net      : u_core/core_i/cs_registers_i/N1284
      cell     : u_core/core_i/cs_registers_i/U881
      ref_name : AO22X1_HVT
      origin   : 258.3360 88.5520
    pin u_core/core_i/cs_registers_i/U881/VSS
      bbox     : {258.3360 88.5220} {259.8560 89.0550}
      layer    : M1 CO
      net      : u_core/core_i/cs_registers_i/VSS
      cell     : u_core/core_i/cs_registers_i/U881
      ref_name : AO22X1_HVT
      origin   : 258.3360 88.5520
    pin u_core/core_i/cs_registers_i/depc_q_reg[12]/RSTB
      bbox     : {259.6030 88.3450} {260.7330 88.4640}
      layer    : M1 CO
      net      : u_core/core_i/cs_registers_i/ZBUF_730_342
      cell     : u_core/core_i/cs_registers_i/depc_q_reg[12]
      ref_name : SDFFARX1_RVT
      origin   : 256.6640 88.5520
    pin u_core/core_i/cs_registers_i/depc_q_reg[12]/VSS
      bbox     : {256.6640 88.0370} {262.1360 88.5820}
      layer    : M1 CO
      net      : u_core/core_i/cs_registers_i/VSS
      cell     : u_core/core_i/cs_registers_i/depc_q_reg[12]
      ref_name : SDFFARX1_RVT
      origin   : 256.6640 88.5520
  cells       : 2
    cell u_core/core_i/cs_registers_i/U881 ref=AO22X1_HVT origin=258.3360 88.5520
    cell u_core/core_i/cs_registers_i/depc_q_reg[12] ref=SDFFARX1_RVT origin=256.6640 88.5520
  shapes      : 9
    shape PATH_23_14
      layer : M7
      bbox  : {13.0000 87.5000} {313.9760 88.5000}
      net   : VDD
    shape PATH_25_23
      layer : M8
      bbox  : {259.5000 10.0000} {260.5000 315.9120}
      net   : VSS
    shape PATH_11_41
      layer : M1
      bbox  : {20.0000 88.5220} {306.9760 88.5820}
      net   : VSS
    shape PATH_13_204
      layer : M2
      bbox  : {259.8000 10.0000} {260.2000 315.9120}
      net   : VSS
    shape PATH_19_1047
      layer : M5
      bbox  : {246.7560 88.6760} {285.1160 88.7320}
      net   : u_core/core_i/n5944
    shape PATH_17_16442
      layer : M4
      bbox  : {259.2200 77.4280} {259.2760 89.3400}
      net   : u_core/core_i/cs_registers_i/ZBUF_351_188
    shape PATH_15_43557
      layer : M3
      bbox  : {257.0920 88.3720} {262.7720 88.4280}
      net   : u_core/core_i/cs_registers_i/dscratch0_q[23]
    shape PATH_15_51209
      layer : M3
      bbox  : {245.9960 88.6760} {272.0440 88.7320}
      net   : u_core/core_i/cs_registers_i/ZBUF_371_47
    shape PATH_13_70925
      layer : M2
      bbox  : {259.5240 86.8520} {259.5800 88.4280}
      net   : u_core/core_i/cs_registers_i/ZBUF_730_342

Marker Diff_net_spacing_M2_(13)_2
  error_id    : 124
  error_type  : Diff net spacing
  error_layer : M2 (13)
  center      : 259.56600000000003 188.948
  bbox        : {259.494 188.913} {259.638 188.983}
  search_box  : {259.244 188.663} {259.888 189.233}
  pins        : 3
    pin u_core/core_i/cs_registers_i/mhpmcounter_q_reg[0][3]/RSTB
      bbox     : {259.6030 188.9600} {260.7330 189.0790}
      layer    : M1 CO
      net      : u_core/core_i/cs_registers_i/ZBUF_420_34
      cell     : u_core/core_i/cs_registers_i/mhpmcounter_q_reg[0][3]
      ref_name : SDFFARX1_RVT
      origin   : 256.6640 188.8720
    pin u_core/core_i/cs_registers_i/mhpmcounter_q_reg[0][3]/VSS
      bbox     : {256.6640 188.8420} {262.1360 189.3870}
      layer    : M1 CO
      net      : u_core/core_i/cs_registers_i/VSS
      cell     : u_core/core_i/cs_registers_i/mhpmcounter_q_reg[0][3]
      ref_name : SDFFARX1_RVT
      origin   : 256.6640 188.8720
    pin u_core/core_i/cs_registers_i/mhpmcounter_q_reg[0][4]/VSS
      bbox     : {254.6880 188.3570} {260.1600 188.9020}
      layer    : M1 CO
      net      : u_core/core_i/cs_registers_i/VSS
      cell     : u_core/core_i/cs_registers_i/mhpmcounter_q_reg[0][4]
      ref_name : SDFFARX1_RVT
      origin   : 260.1600 188.8720
  cells       : 2
    cell u_core/core_i/cs_registers_i/mhpmcounter_q_reg[0][3] ref=SDFFARX1_RVT origin=256.6640 188.8720
    cell u_core/core_i/cs_registers_i/mhpmcounter_q_reg[0][4] ref=SDFFARX1_RVT origin=260.1600 188.8720
  shapes      : 10
    shape PATH_25_23
      layer : M8
      bbox  : {259.5000 10.0000} {260.5000 315.9120}
      net   : VSS
    shape PATH_23_35
      layer : M7
      bbox  : {257.0920 188.9960} {324.6360 189.0520}
      net   : dm_exception_addr_i[28]
    shape PATH_11_101
      layer : M1
      bbox  : {20.0000 188.8420} {306.9760 188.9020}
      net   : VSS
    shape PATH_17_124
      layer : M4
      bbox  : {259.2200 176.2280} {259.2760 215.1960}
      net   : hart_id_i[4]
    shape PATH_13_204
      layer : M2
      bbox  : {259.8000 10.0000} {260.2000 315.9120}
      net   : VSS
    shape PATH_19_5439
      layer : M5
      bbox  : {258.3080 188.9960} {262.6200 189.0520}
      net   : u_core/core_i/cs_registers_i/net10721
    shape PATH_17_14389
      layer : M4
      bbox  : {259.5240 165.8920} {259.5800 223.4040}
      net   : u_core/core_i/ZBUF_209_51
    shape PATH_15_49784
      layer : M3
      bbox  : {257.0920 188.6920} {259.4280 188.7480}
      net   : u_core/core_i/cs_registers_i/ZBUF_420_34
    shape PATH_15_49785
      layer : M3
      bbox  : {259.3720 188.6920} {260.7960 188.7480}
      net   : u_core/core_i/cs_registers_i/ZBUF_420_34
    shape PATH_13_97751
      layer : M2
      bbox  : {259.3720 188.9960} {259.4280 193.0040}
      net   : u_core/core_i/cs_registers_i/ZBUF_420_34

Marker Less_than_minimum_area_M2_(13)_1
  error_id    : 68
  error_type  : Less than minimum area
  error_layer : M2 (13)
  center      : 200.728 119.40799999999999
  bbox        : {200.698 119.353} {200.758 119.463}
  search_box  : {200.448 119.103} {201.008 119.713}
  pins        : 2
    pin u_core/core_i/id_stage_i/U2484/A1
      bbox     : {200.3690 119.2900} {200.5250 119.6150}
      layer    : M1 CO
      net      : u_core/core_i/id_stage_i/n2513
      cell     : u_core/core_i/id_stage_i/U2484
      ref_name : OR2X1_HVT
      origin   : 200.1200 118.6480
    pin u_core/core_i/id_stage_i/U2484/Y
      bbox     : {201.0070 118.8470} {201.2390 120.1920}
      layer    : M1 CO
      net      : u_core/core_i/id_stage_i/n2514
      cell     : u_core/core_i/id_stage_i/U2484
      ref_name : OR2X1_HVT
      origin   : 200.1200 118.6480
  cells       : 1
    cell u_core/core_i/id_stage_i/U2484 ref=OR2X1_HVT origin=200.1200 118.6480
  shapes      : 12
    shape PATH_25_20
      layer : M8
      bbox  : {199.5000 13.0000} {200.5000 312.9120}
      net   : VDD
    shape PATH_21_517
      layer : M6
      bbox  : {200.5480 105.0920} {200.6040 157.4360}
      net   : u_core/core_i/n3542
    shape PATH_19_1924
      layer : M5
      bbox  : {188.3880 119.0760} {207.5960 119.1320}
      net   : u_core/core_i/jump_target_id[28]
    shape PATH_17_3269
      layer : M4
      bbox  : {200.5480 65.8760} {200.6040 128.8600}
      net   : u_core/core_i/n4370
    shape PATH_17_13324
      layer : M4
      bbox  : {200.8520 98.7080} {200.9080 161.0840}
      net   : u_core/core_i/id_stage_i/ZBUF_62_30
    shape PATH_15_26849
      layer : M3
      bbox  : {198.8760 119.6840} {200.4520 119.7400}
      net   : u_core/core_i/id_stage_i/n2513
    shape PATH_15_27992
      layer : M3
      bbox  : {198.8760 119.0760} {202.1240 119.1320}
      net   : u_core/core_i/id_stage_i/n3119
    shape PATH_15_35467
      layer : M3
      bbox  : {195.2280 119.3800} {200.7560 119.4360}
      net   : u_core/core_i/id_stage_i/ZBUF_12_327
    shape PATH_13_55042
      layer : M2
      bbox  : {200.3940 119.5300} {200.4540 119.7420}
      net   : u_core/core_i/id_stage_i/n2513
    shape PATH_13_55043
      layer : M2
      bbox  : {200.3960 117.8600} {200.4520 119.5630}
      net   : u_core/core_i/id_stage_i/n2513
    shape PATH_13_55334
      layer : M2
      bbox  : {201.0040 117.8600} {201.0600 121.5640}
      net   : u_core/core_i/id_stage_i/n2608
    shape PATH_13_56673
      layer : M2
      bbox  : {200.5480 116.0360} {200.6040 122.4760}
      net   : u_core/core_i/id_stage_i/n2958

Marker Less_than_minimum_area_M2_(13)_2
  error_id    : 70
  error_type  : Less than minimum area
  error_layer : M2 (13)
  center      : 232.952 119.40799999999999
  bbox        : {232.922 119.353} {232.982 119.463}
  search_box  : {232.672 119.103} {233.232 119.713}
  pins        : 2
    pin u_core/core_i/cs_registers_i/U367/A1
      bbox     : {232.5930 119.2900} {232.7490 119.6150}
      layer    : M1 CO
      net      : u_core/core_i/cs_registers_i/n406
      cell     : u_core/core_i/cs_registers_i/U367
      ref_name : OR2X1_HVT
      origin   : 232.3440 118.6480
    pin u_core/core_i/cs_registers_i/U367/Y
      bbox     : {233.2310 118.8470} {233.4630 120.1920}
      layer    : M1 CO
      net      : u_core/core_i/cs_registers_i/n183
      cell     : u_core/core_i/cs_registers_i/U367
      ref_name : OR2X1_HVT
      origin   : 232.3440 118.6480
  cells       : 1
    cell u_core/core_i/cs_registers_i/U367 ref=OR2X1_HVT origin=232.3440 118.6480
  shapes      : 7
    shape PATH_21_70
      layer : M6
      bbox  : {232.7720 98.4040} {232.8280 136.7640}
      net   : dm_exception_addr_i[13]
    shape PATH_19_5765
      layer : M5
      bbox  : {229.1240 119.6840} {235.8680 119.7400}
      net   : u_core/core_i/cs_registers_i/gen_trigger_regs.tmatch_value_q[23]
    shape PATH_19_7536
      layer : M5
      bbox  : {216.0520 119.0760} {234.0440 119.1320}
      net   : u_core/core_i/cs_registers_i/ZBUF_179_119
    shape PATH_11_10967
      layer : M1
      bbox  : {231.7110 119.5350} {232.6730 119.5850}
      net   : u_core/core_i/cs_registers_i/n406
    shape PATH_17_11890
      layer : M4
      bbox  : {232.7720 111.4760} {232.8280 126.1240}
      net   : u_core/core_i/cs_registers_i/n1694
    shape PATH_15_40071
      layer : M3
      bbox  : {232.1640 119.3800} {232.9800 119.4360}
      net   : u_core/core_i/cs_registers_i/n182
    shape PATH_15_40359
      layer : M3
      bbox  : {230.7960 119.6840} {245.7480 119.7400}
      net   : u_core/core_i/cs_registers_i/n440

Marker Less_than_minimum_area_M2_(13)_3
  error_id    : 74
  error_type  : Less than minimum area
  error_layer : M2 (13)
  center      : 248.0 124.576
  bbox        : {247.97 124.521} {248.03 124.631}
  search_box  : {247.72 124.271} {248.28 124.881}
  pins        : 2
    pin u_core/core_i/cs_registers_i/U392/A1
      bbox     : {247.6410 124.3690} {247.7970 124.6940}
      layer    : M1 CO
      net      : u_core/core_i/cs_registers_i/n202
      cell     : u_core/core_i/cs_registers_i/U392
      ref_name : OR2X1_HVT
      origin   : 247.3920 125.3360
    pin u_core/core_i/cs_registers_i/U392/Y
      bbox     : {248.2790 123.7920} {248.5110 125.1370}
      layer    : M1 CO
      net      : u_core/core_i/cs_registers_i/n203
      cell     : u_core/core_i/cs_registers_i/U392
      ref_name : OR2X1_HVT
      origin   : 247.3920 125.3360
  cells       : 1
    cell u_core/core_i/cs_registers_i/U392 ref=OR2X1_HVT origin=247.3920 125.3360
  shapes      : 7
    shape PATH_21_1923
      layer : M6
      bbox  : {247.9720 111.1720} {248.0280 133.1160}
      net   : u_core/core_i/cs_registers_i/n787
    shape PATH_17_11639
      layer : M4
      bbox  : {247.6680 104.1800} {247.7240 124.3000}
      net   : u_core/core_i/cs_registers_i/n202
    shape PATH_15_40098
      layer : M3
      bbox  : {247.9720 124.5480} {249.5480 124.6040}
      net   : u_core/core_i/cs_registers_i/n201
    shape PATH_15_40101
      layer : M3
      bbox  : {247.4840 124.2420} {247.7260 124.3020}
      net   : u_core/core_i/cs_registers_i/n202
    shape PATH_13_78343
      layer : M2
      bbox  : {247.6660 124.2120} {247.7260 124.3020}
      net   : u_core/core_i/cs_registers_i/n202
    shape PATH_13_78344
      layer : M2
      bbox  : {247.6660 124.2420} {247.7260 124.4540}
      net   : u_core/core_i/cs_registers_i/n202
    shape PATH_13_79110
      layer : M2
      bbox  : {247.8200 112.6920} {247.8760 126.8840}
      net   : u_core/core_i/cs_registers_i/n523

Marker Needs_fat_contact_M1_(11)-M2_(13)_1
  error_id    : 0
  error_type  : Needs fat contact
  error_layer : M1 (11)-M2 (13)
  center      : 126.55199999999999 20.912
  bbox        : {126.522 20.857} {126.582 20.967}
  search_box  : {126.272 20.607} {126.832 21.217}
  pins        : 2
    pin u_core/core_i/id_stage_i/U2765/A1
      bbox     : {126.1930 20.7050} {126.3490 21.0300}
      layer    : M1 CO
      net      : u_core/core_i/id_stage_i/debug_halted_o
      cell     : u_core/core_i/id_stage_i/U2765
      ref_name : OR2X1_HVT
      origin   : 125.9440 21.6720
    pin u_core/core_i/id_stage_i/U2765/Y
      bbox     : {126.8310 20.1280} {127.0630 21.4730}
      layer    : M1 CO
      net      : u_core/core_i/id_stage_i/n2747
      cell     : u_core/core_i/id_stage_i/U2765
      ref_name : OR2X1_HVT
      origin   : 125.9440 21.6720
  cells       : 1
    cell u_core/core_i/id_stage_i/U2765 ref=OR2X1_HVT origin=125.9440 21.6720
  shapes      : 6
    shape PATH_23_1126
      layer : M7
      bbox  : {34.5640 21.1880} {137.3720 21.2440}
      net   : u_core/core_i/id_stage_i/ZBUF_54_59
    shape PATH_19_3666
      layer : M5
      bbox  : {78.0360 21.1880} {190.5720 21.2440}
      net   : u_core/core_i/id_stage_i/n2789
    shape PATH_11_5662
      layer : M1
      bbox  : {125.9190 20.7350} {126.2730 20.7850}
      net   : u_core/core_i/id_stage_i/debug_halted_o
    shape PATH_17_8415
      layer : M4
      bbox  : {126.3720 9.6360} {126.4280 32.4920}
      net   : u_core/core_i/id_stage_i/n314
    shape PATH_13_41158
      layer : M2
      bbox  : {126.0680 20.8840} {126.5800 20.9400}
      net   : u_core/core_i/id_stage_i/debug_running_o
    shape PATH_15_46559
      layer : M3
      bbox  : {122.7240 20.5800} {129.0120 20.6360}
      net   : u_core/core_i/id_stage_i/HFSNET_48

Marker Needs_fat_contact_M1_(11)-M2_(13)_2
  error_id    : 1
  error_type  : Needs fat contact
  error_layer : M1 (11)-M2 (13)
  center      : 191.912 29.12
  bbox        : {191.882 29.065} {191.942 29.175}
  search_box  : {191.632 28.815} {192.192 29.425}
  pins        : 2
    pin u_core/core_i/id_stage_i/U139/A1
      bbox     : {191.5530 29.0020} {191.7090 29.3270}
      layer    : M1 CO
      net      : u_core/core_i/id_stage_i/debug_req_i
      cell     : u_core/core_i/id_stage_i/U139
      ref_name : OR2X1_HVT
      origin   : 191.3040 28.3600
    pin u_core/core_i/id_stage_i/U139/Y
      bbox     : {192.1910 28.5590} {192.4230 29.9040}
      layer    : M1 CO
      net      : u_core/core_i/id_stage_i/n2620
      cell     : u_core/core_i/id_stage_i/U139
      ref_name : OR2X1_HVT
      origin   : 191.3040 28.3600
  cells       : 1
    cell u_core/core_i/id_stage_i/U139 ref=OR2X1_HVT origin=191.3040 28.3600
  shapes      : 4
    shape PATH_13_1499
      layer : M2
      bbox  : {191.5800 28.4840} {191.6360 29.3000}
      net   : debug_req_i
    shape PATH_15_18938
      layer : M3
      bbox  : {192.1880 29.0920} {195.1320 29.1480}
      net   : u_core/core_i/ZBUF_43_248
    shape PATH_15_37322
      layer : M3
      bbox  : {185.3480 28.7880} {197.2600 28.8440}
      net   : u_core/core_i/ZBUF_17_399
    shape PATH_13_38922
      layer : M2
      bbox  : {191.8840 29.0920} {192.2440 29.1480}
      net   : u_core/core_i/ZBUF_43_248

Marker Needs_fat_contact_M1_(11)-M2_(13)_3
  error_id    : 3
  error_type  : Needs fat contact
  error_layer : M1 (11)-M2 (13)
  center      : 70.464 35.808
  bbox        : {70.434 35.753} {70.494 35.863}
  search_box  : {70.184 35.503} {70.744 36.113}
  pins        : 2
    pin u_core/core_i/id_stage_i/U2821/A1
      bbox     : {70.1050 35.6900} {70.2610 36.0150}
      layer    : M1 CO
      net      : u_core/core_i/id_stage_i/n129
      cell     : u_core/core_i/id_stage_i/U2821
      ref_name : OR2X1_HVT
      origin   : 69.8560 35.0480
    pin u_core/core_i/id_stage_i/U2821/Y
      bbox     : {70.7430 35.2470} {70.9750 36.5920}
      layer    : M1 CO
      net      : u_core/core_i/id_stage_i/register_file_i/N1091
      cell     : u_core/core_i/id_stage_i/U2821
      ref_name : OR2X1_HVT
      origin   : 69.8560 35.0480
  cells       : 1
    cell u_core/core_i/id_stage_i/U2821 ref=OR2X1_HVT origin=69.8560 35.0480
  shapes      : 10
    shape PATH_23_621
      layer : M7
      bbox  : {68.6120 35.7800} {125.2120 35.8360}
      net   : u_core/core_i/id_stage_i/n334
    shape PATH_15_1167
      layer : M3
      bbox  : {62.3800 36.0840} {70.1880 36.1400}
      net   : u_core/core_i/id_stage_i/ZBUF_45_213
    shape PATH_13_1455
      layer : M2
      bbox  : {70.5880 18.3000} {70.6440 35.6840}
      net   : irq_i[20]
    shape PATH_13_1456
      layer : M2
      bbox  : {70.5880 35.6280} {70.9480 35.6840}
      net   : irq_i[20]
    shape PATH_13_1803
      layer : M2
      bbox  : {70.1320 36.0840} {70.1880 38.5720}
      net   : u_core/core_i/id_stage_i/ZBUF_45_213
    shape PATH_19_6455
      layer : M5
      bbox  : {55.5400 35.7800} {100.5880 35.8360}
      net   : u_core/core_i/id_stage_i/ZBUF_1025_33
    shape PATH_11_8702
      layer : M1
      bbox  : {69.8310 35.9350} {70.1850 35.9850}
      net   : u_core/core_i/id_stage_i/n129
    shape PATH_15_28166
      layer : M3
      bbox  : {67.2440 35.7800} {70.6440 35.8360}
      net   : u_core/core_i/id_stage_i/n3272
    shape PATH_15_28168
      layer : M3
      bbox  : {70.5880 35.7800} {77.4840 35.8360}
      net   : u_core/core_i/id_stage_i/n3272
    shape PATH_13_95756
      layer : M2
      bbox  : {70.2840 32.7400} {70.3400 36.9000}
      net   : u_core/core_i/id_stage_i/ZBUF_1286_33

Marker Off-grid_M1_(11)_1
  error_id    : 44
  error_type  : Off-grid
  error_layer : M1 (11)
  center      : 151.04399999999998 94.4545
  bbox        : {150.999 94.404} {151.089 94.505}
  search_box  : {150.749 94.154} {151.339 94.755}
  pins        : 3
    pin u_core/core_i/id_stage_i/U2207/Y
      bbox     : {150.9690 93.7030} {151.0890 95.0950}
      layer    : M1 CO
      net      : u_core/core_i/id_stage_i/n2279
      cell     : u_core/core_i/id_stage_i/U2207
      ref_name : AO22X1_HVT
      origin   : 149.8080 95.2400
    pin u_core/core_i/id_stage_i/U2207/VDD
      bbox     : {149.8080 93.5380} {151.3280 94.4000}
      layer    : M1 CO
      net      : u_core/core_i/id_stage_i/VDD
      cell     : u_core/core_i/id_stage_i/U2207
      ref_name : AO22X1_HVT
      origin   : 149.8080 95.2400
    pin u_core/core_i/id_stage_i/U2207/VSS
      bbox     : {149.8080 94.7370} {151.3280 95.2700}
      layer    : M1 CO
      net      : u_core/core_i/id_stage_i/VSS
      cell     : u_core/core_i/id_stage_i/U2207
      ref_name : AO22X1_HVT
      origin   : 149.8080 95.2400
  cells       : 1
    cell u_core/core_i/id_stage_i/U2207 ref=AO22X1_HVT origin=149.8080 95.2400
  shapes      : 7
    shape PATH_25_188
      layer : M8
      bbox  : {151.3000 78.3400} {151.3560 96.6360}
      net   : u_core/core_i/id_stage_i/ZBUF_38_104
    shape PATH_23_931
      layer : M7
      bbox  : {135.4920 94.1480} {168.9880 94.2040}
      net   : u_core/core_i/id_stage_i/ZBUF_130_22
    shape PATH_17_7243
      layer : M4
      bbox  : {151.3000 85.6360} {151.3560 129.7720}
      net   : u_core/core_i/id_stage_i/n1038
    shape PATH_13_53159
      layer : M2
      bbox  : {150.9960 72.2600} {151.0520 102.4120}
      net   : u_core/core_i/id_stage_i/n1737
    shape PATH_13_54510
      layer : M2
      bbox  : {150.8440 94.4520} {150.9000 95.2680}
      net   : u_core/core_i/id_stage_i/n2279
    shape PATH_13_54521
      layer : M2
      bbox  : {151.3000 93.2360} {151.3560 100.1320}
      net   : u_core/core_i/id_stage_i/n2282
    shape PATH_13_106053
      layer : M2
      bbox  : {151.1480 91.4120} {151.2040 97.8520}
      net   : u_core/core_i/id_stage_i/ZBUF_92_108

Marker Off-grid_M1_(11)_2
  error_id    : 64
  error_type  : Off-grid
  error_layer : M1 (11)
  center      : 188.082 128.09
  bbox        : {188.057 128.047} {188.107 128.133}
  search_box  : {187.807 127.797} {188.357 128.383}
  pins        : 3
    pin u_core/core_i/id_stage_i/U1173/A
      bbox     : {186.6270 127.4090} {188.3650 127.8730}
      layer    : M1 CO
      net      : u_core/core_i/id_stage_i/n1451
      cell     : u_core/core_i/id_stage_i/U1173
      ref_name : FADDX2_HVT
      origin   : 186.2880 128.6800
    pin u_core/core_i/id_stage_i/U1173/B
      bbox     : {186.6890 127.9070} {188.2370 128.1270}
      layer    : M1 CO
      net      : u_core/core_i/id_stage_i/n1450
      cell     : u_core/core_i/id_stage_i/U1173
      ref_name : FADDX2_HVT
      origin   : 186.2880 128.6800
    pin u_core/core_i/id_stage_i/U1173/CI
      bbox     : {186.9300 128.0170} {188.0980 128.1880}
      layer    : M1 CO
      net      : u_core/core_i/id_stage_i/n1449
      cell     : u_core/core_i/id_stage_i/U1173
      ref_name : FADDX2_HVT
      origin   : 186.2880 128.6800
  cells       : 1
    cell u_core/core_i/id_stage_i/U1173 ref=FADDX2_HVT origin=186.2880 128.6800
  shapes      : 7
    shape PATH_23_16
      layer : M7
      bbox  : {13.0000 127.5000} {313.9760 128.5000}
      net   : VDD
    shape PATH_19_3770
      layer : M5
      bbox  : {178.3560 128.1960} {194.8280 128.2520}
      net   : u_core/core_i/id_stage_i/n88
    shape PATH_17_4103
      layer : M4
      bbox  : {187.7800 114.2120} {187.8360 142.8440}
      net   : u_core/core_i/jump_target_id[1]
    shape PATH_17_14832
      layer : M4
      bbox  : {188.0840 118.4680} {188.1400 133.4200}
      net   : u_core/core_i/id_stage_i/ZBUF_27_58
    shape PATH_15_26741
      layer : M3
      bbox  : {185.0440 128.1960} {190.2680 128.2520}
      net   : u_core/core_i/id_stage_i/n2423
    shape PATH_13_52164
      layer : M2
      bbox  : {188.0840 128.0440} {188.1400 128.8600}
      net   : u_core/core_i/id_stage_i/n1449
    shape PATH_13_104593
      layer : M2
      bbox  : {188.2360 118.0120} {188.2920 132.8120}
      net   : u_core/core_i/id_stage_i/ZBUF_35_78

Marker Off-grid_M1_(11)_3
  error_id    : 244
  error_type  : Off-grid
  error_layer : M1 (11)
  center      : 228.621 250.2775
  bbox        : {228.519 250.25} {228.723 250.305}
  search_box  : {228.269 250.0} {228.973 250.555}
  pins        : 2
    pin u_core/core_i/U179/Y
      bbox     : {228.2150 249.1700} {228.6090 250.6150}
      layer    : M1 CO
      net      : u_core/core_i/n283
      cell     : u_core/core_i/U179
      ref_name : NAND2X0_HVT
      origin   : 227.9360 249.0640
    pin u_core/core_i/U179/VDD
      bbox     : {227.9360 250.3490} {228.8480 250.7660}
      layer    : M1 CO
      net      : u_core/core_i/VDD
      cell     : u_core/core_i/U179
      ref_name : NAND2X0_HVT
      origin   : 227.9360 249.0640
  cells       : 1
    cell u_core/core_i/U179 ref=NAND2X0_HVT origin=227.9360 249.0640
  shapes      : 3
    shape PATH_15_3496
      layer : M3
      bbox  : {228.6680 250.1000} {243.9240 250.1560}
      net   : u_core/core_i/n283
    shape PATH_11_4204
      layer : M1
      bbox  : {227.7590 250.1030} {228.4170 250.1530}
      net   : u_core/core_i/n473
    shape PATH_13_6321
      layer : M2
      bbox  : {228.8200 245.6920} {228.8760 255.9320}
      net   : u_core/core_i/n264

Marker Off-grid_M2_(13)_1
  error_id    : 14
  error_type  : Off-grid
  error_layer : M2 (13)
  center      : 204.957 47.816
  bbox        : {204.902 47.71} {205.012 47.922}
  search_box  : {204.652 47.46} {205.262 48.172}
  pins        : 3
    pin u_core/core_i/U4429/A1
      bbox     : {204.6250 47.6090} {204.7970 47.7930}
      layer    : M1 CO
      net      : u_core/core_i/exc_pc_mux_id[1]
      cell     : u_core/core_i/U4429
      ref_name : NOR2X4_HVT
      origin   : 204.3760 48.4240
    pin u_core/core_i/U4429/VDD
      bbox     : {204.3760 46.7220} {206.3520 47.5130}
      layer    : M1 CO
      net      : u_core/core_i/VDD
      cell     : u_core/core_i/U4429
      ref_name : NOR2X4_HVT
      origin   : 204.3760 48.4240
    pin u_core/core_i/U4429/VSS
      bbox     : {204.3760 48.0130} {206.3520 48.4540}
      layer    : M1 CO
      net      : u_core/core_i/VSS
      cell     : u_core/core_i/U4429
      ref_name : NOR2X4_HVT
      origin   : 204.3760 48.4240
  cells       : 1
    cell u_core/core_i/U4429 ref=NOR2X4_HVT origin=204.3760 48.4240
  shapes      : 4
    shape PATH_23_12
      layer : M7
      bbox  : {13.0000 47.5000} {313.9760 48.5000}
      net   : VDD
    shape PATH_15_10200
      layer : M3
      bbox  : {205.1080 47.9400} {206.8360 47.9960}
      net   : u_core/core_i/n4999
    shape PATH_15_17225
      layer : M3
      bbox  : {204.6520 47.6360} {205.9240 47.6920}
      net   : u_core/core_i/exc_pc_mux_id[1]
    shape PATH_13_35890
      layer : M2
      bbox  : {204.6520 47.6360} {204.7080 47.8440}
      net   : u_core/core_i/exc_pc_mux_id[1]

Marker Off-grid_M2_(13)_2
  error_id    : 16
  error_type  : Off-grid
  error_layer : M2 (13)
  center      : 206.958 47.816
  bbox        : {206.928 47.685} {206.988 47.947}
  search_box  : {206.678 47.435} {207.238 48.197}
  pins        : 3
    pin u_core/core_i/U3016/A1
      bbox     : {206.6010 47.6090} {206.7730 47.7930}
      layer    : M1 CO
      net      : u_core/core_i/exc_pc_mux_id[1]
      cell     : u_core/core_i/U3016
      ref_name : NOR2X0_HVT
      origin   : 206.3520 48.4240
    pin u_core/core_i/U3016/VDD
      bbox     : {206.3520 46.7220} {207.8720 47.5130}
      layer    : M1 CO
      net      : u_core/core_i/VDD
      cell     : u_core/core_i/U3016
      ref_name : NOR2X0_HVT
      origin   : 206.3520 48.4240
    pin u_core/core_i/U3016/VSS
      bbox     : {206.3520 48.0370} {207.8720 48.4540}
      layer    : M1 CO
      net      : u_core/core_i/VSS
      cell     : u_core/core_i/U3016
      ref_name : NOR2X0_HVT
      origin   : 206.3520 48.4240
  cells       : 1
    cell u_core/core_i/U3016 ref=NOR2X0_HVT origin=206.3520 48.4240
  shapes      : 13
    shape PATH_23_12
      layer : M7
      bbox  : {13.0000 47.5000} {313.9760 48.5000}
      net   : VDD
    shape PATH_25_201
      layer : M8
      bbox  : {207.2360 41.8600} {207.2920 140.4120}
      net   : u_core/core_i/id_stage_i/ZBUF_53_143
    shape PATH_21_310
      layer : M6
      bbox  : {206.6280 47.9400} {206.6840 97.2440}
      net   : u_core/core_i/n5237
    shape PATH_19_1004
      layer : M5
      bbox  : {206.6280 47.9400} {212.4600 47.9960}
      net   : u_core/core_i/n5237
    shape PATH_11_4970
      layer : M1
      bbox  : {206.4740 47.6340} {206.7170 47.6940}
      net   : u_core/core_i/exc_pc_mux_id[1]
    shape PATH_15_10200
      layer : M3
      bbox  : {205.1080 47.9400} {206.8360 47.9960}
      net   : u_core/core_i/n4999
    shape PATH_17_10427
      layer : M4
      bbox  : {207.2360 32.4360} {207.2920 96.6360}
      net   : u_core/core_i/ZBUF_117_381
    shape PATH_17_14466
      layer : M4
      bbox  : {206.9320 28.1800} {206.9880 72.9240}
      net   : u_core/core_i/ZBUF_140_56
    shape PATH_15_17227
      layer : M3
      bbox  : {206.3240 47.6360} {207.9000 47.6920}
      net   : u_core/core_i/exc_pc_mux_id[1]
    shape PATH_13_22117
      layer : M2
      bbox  : {206.7800 47.9400} {206.8360 49.5160}
      net   : u_core/core_i/n4999
    shape PATH_13_71713
      layer : M2
      bbox  : {206.9320 48.0920} {206.9880 83.5640}
      net   : u_core/core_i/ZBUF_108_362
    shape PATH_13_71714
      layer : M2
      bbox  : {206.9320 48.0920} {207.2920 48.1480}
      net   : u_core/core_i/ZBUF_108_362
    shape PATH_13_71715
      layer : M2
      bbox  : {207.2360 33.6520} {207.2920 48.1480}
      net   : u_core/core_i/ZBUF_108_362

Marker Off-grid_M2_(13)_3
  error_id    : 18
  error_type  : Off-grid
  error_layer : M2 (13)
  center      : 211.64499999999998 49.032
  bbox        : {211.59 48.926} {211.7 49.138}
  search_box  : {211.34 48.676} {211.95 49.388}
  pins        : 3
    pin u_core/core_i/U4419/A1
      bbox     : {211.3130 49.0550} {211.4850 49.2390}
      layer    : M1 CO
      net      : u_core/core_i/pc_mux_id[1]
      cell     : u_core/core_i/U4419
      ref_name : NOR2X0_HVT
      origin   : 211.0640 48.4240
    pin u_core/core_i/U4419/VDD
      bbox     : {211.0640 49.3350} {212.5840 50.1260}
      layer    : M1 CO
      net      : u_core/core_i/VDD
      cell     : u_core/core_i/U4419
      ref_name : NOR2X0_HVT
      origin   : 211.0640 48.4240
    pin u_core/core_i/U4419/VSS
      bbox     : {211.0640 48.3940} {212.5840 48.8110}
      layer    : M1 CO
      net      : u_core/core_i/VSS
      cell     : u_core/core_i/U4419
      ref_name : NOR2X0_HVT
      origin   : 211.0640 48.4240
  cells       : 1
    cell u_core/core_i/U4419 ref=NOR2X0_HVT origin=211.0640 48.4240
  shapes      : 5
    shape PATH_21_956
      layer : M6
      bbox  : {211.4920 32.7400} {211.5480 73.5320}
      net   : u_core/core_i/cs_registers_i/ZBUF_291_274
    shape PATH_11_4959
      layer : M1
      bbox  : {211.1860 49.1540} {211.4290 49.2140}
      net   : u_core/core_i/pc_mux_id[1]
    shape PATH_15_10219
      layer : M3
      bbox  : {208.4520 48.8520} {212.4600 48.9080}
      net   : u_core/core_i/n5004
    shape PATH_13_30538
      layer : M2
      bbox  : {211.6440 49.0040} {211.7000 49.8200}
      net   : u_core/core_i/n1363
    shape PATH_13_31258
      layer : M2
      bbox  : {211.7960 48.2440} {211.8520 50.2760}
      net   : u_core/core_i/n2241

Marker Off-grid_VIA1_(12)_1
  error_id    : 8
  error_type  : Off-grid
  error_layer : VIA1 (12)
  center      : 207.69299999999998 45.688
  bbox        : {207.668 45.587} {207.718 45.789}
  search_box  : {207.418 45.337} {207.968 46.039}
  pins        : 3
    pin u_core/core_i/U4437/A1
      bbox     : {207.3610 45.7110} {207.5330 45.8950}
      layer    : M1 CO
      net      : u_core/core_i/exc_pc_mux_id[0]
      cell     : u_core/core_i/U4437
      ref_name : NOR2X0_HVT
      origin   : 207.1120 45.0800
    pin u_core/core_i/U4437/VDD
      bbox     : {207.1120 45.9910} {208.6320 46.7820}
      layer    : M1 CO
      net      : u_core/core_i/VDD
      cell     : u_core/core_i/U4437
      ref_name : NOR2X0_HVT
      origin   : 207.1120 45.0800
    pin u_core/core_i/U4437/VSS
      bbox     : {207.1120 45.0500} {208.6320 45.4670}
      layer    : M1 CO
      net      : u_core/core_i/VSS
      cell     : u_core/core_i/U4437
      ref_name : NOR2X0_HVT
      origin   : 207.1120 45.0800
  cells       : 1
    cell u_core/core_i/U4437 ref=NOR2X0_HVT origin=207.1120 45.0800
  shapes      : 5
    shape PATH_21_1464
      layer : M6
      bbox  : {207.8440 37.6040} {207.9000 91.1640}
      net   : u_core/core_i/ZBUF_60_316
    shape PATH_15_14462
      layer : M3
      bbox  : {206.3240 45.8120} {207.7480 45.8680}
      net   : u_core/core_i/n2106
    shape PATH_13_31189
      layer : M2
      bbox  : {207.6920 45.8120} {207.7480 46.9320}
      net   : u_core/core_i/n2106
    shape PATH_13_35897
      layer : M2
      bbox  : {207.3880 44.1400} {207.4440 45.7920}
      net   : u_core/core_i/exc_pc_mux_id[0]
    shape PATH_13_35898
      layer : M2
      bbox  : {207.3880 45.7360} {207.4440 50.1240}
      net   : u_core/core_i/exc_pc_mux_id[0]

Marker Off-grid_VIA1_(12)_2
  error_id    : 13
  error_type  : Off-grid
  error_layer : VIA1 (12)
  center      : 204.957 47.816
  bbox        : {204.932 47.715} {204.982 47.917}
  search_box  : {204.682 47.465} {205.232 48.167}
  pins        : 3
    pin u_core/core_i/U4429/A1
      bbox     : {204.6250 47.6090} {204.7970 47.7930}
      layer    : M1 CO
      net      : u_core/core_i/exc_pc_mux_id[1]
      cell     : u_core/core_i/U4429
      ref_name : NOR2X4_HVT
      origin   : 204.3760 48.4240
    pin u_core/core_i/U4429/VDD
      bbox     : {204.3760 46.7220} {206.3520 47.5130}
      layer    : M1 CO
      net      : u_core/core_i/VDD
      cell     : u_core/core_i/U4429
      ref_name : NOR2X4_HVT
      origin   : 204.3760 48.4240
    pin u_core/core_i/U4429/VSS
      bbox     : {204.3760 48.0130} {206.3520 48.4540}
      layer    : M1 CO
      net      : u_core/core_i/VSS
      cell     : u_core/core_i/U4429
      ref_name : NOR2X4_HVT
      origin   : 204.3760 48.4240
  cells       : 1
    cell u_core/core_i/U4429 ref=NOR2X4_HVT origin=204.3760 48.4240
  shapes      : 4
    shape PATH_23_12
      layer : M7
      bbox  : {13.0000 47.5000} {313.9760 48.5000}
      net   : VDD
    shape PATH_15_10200
      layer : M3
      bbox  : {205.1080 47.9400} {206.8360 47.9960}
      net   : u_core/core_i/n4999
    shape PATH_15_17225
      layer : M3
      bbox  : {204.6520 47.6360} {205.9240 47.6920}
      net   : u_core/core_i/exc_pc_mux_id[1]
    shape PATH_13_35890
      layer : M2
      bbox  : {204.6520 47.6360} {204.7080 47.8440}
      net   : u_core/core_i/exc_pc_mux_id[1]

Marker Off-grid_VIA1_(12)_3
  error_id    : 15
  error_type  : Off-grid
  error_layer : VIA1 (12)
  center      : 206.958 47.816
  bbox        : {206.933 47.715} {206.983 47.917}
  search_box  : {206.683 47.465} {207.233 48.167}
  pins        : 2
    pin u_core/core_i/U3016/A1
      bbox     : {206.6010 47.6090} {206.7730 47.7930}
      layer    : M1 CO
      net      : u_core/core_i/exc_pc_mux_id[1]
      cell     : u_core/core_i/U3016
      ref_name : NOR2X0_HVT
      origin   : 206.3520 48.4240
    pin u_core/core_i/U3016/VSS
      bbox     : {206.3520 48.0370} {207.8720 48.4540}
      layer    : M1 CO
      net      : u_core/core_i/VSS
      cell     : u_core/core_i/U3016
      ref_name : NOR2X0_HVT
      origin   : 206.3520 48.4240
  cells       : 1
    cell u_core/core_i/U3016 ref=NOR2X0_HVT origin=206.3520 48.4240
  shapes      : 10
    shape PATH_23_12
      layer : M7
      bbox  : {13.0000 47.5000} {313.9760 48.5000}
      net   : VDD
    shape PATH_21_310
      layer : M6
      bbox  : {206.6280 47.9400} {206.6840 97.2440}
      net   : u_core/core_i/n5237
    shape PATH_19_1004
      layer : M5
      bbox  : {206.6280 47.9400} {212.4600 47.9960}
      net   : u_core/core_i/n5237
    shape PATH_11_4970
      layer : M1
      bbox  : {206.4740 47.6340} {206.7170 47.6940}
      net   : u_core/core_i/exc_pc_mux_id[1]
    shape PATH_15_10200
      layer : M3
      bbox  : {205.1080 47.9400} {206.8360 47.9960}
      net   : u_core/core_i/n4999
    shape PATH_17_14466
      layer : M4
      bbox  : {206.9320 28.1800} {206.9880 72.9240}
      net   : u_core/core_i/ZBUF_140_56
    shape PATH_15_17227
      layer : M3
      bbox  : {206.3240 47.6360} {207.9000 47.6920}
      net   : u_core/core_i/exc_pc_mux_id[1]
    shape PATH_13_22117
      layer : M2
      bbox  : {206.7800 47.9400} {206.8360 49.5160}
      net   : u_core/core_i/n4999
    shape PATH_13_71713
      layer : M2
      bbox  : {206.9320 48.0920} {206.9880 83.5640}
      net   : u_core/core_i/ZBUF_108_362
    shape PATH_13_71714
      layer : M2
      bbox  : {206.9320 48.0920} {207.2920 48.1480}
      net   : u_core/core_i/ZBUF_108_362

Marker Hotspot_220to240_220to240_1
  error_id    : 187
  error_type  : Diff net spacing
  error_layer : M1 (11)
  center      : 223.52800000000002 238.4875
  bbox        : {223.448 238.446} {223.608 238.529}
  search_box  : {223.198 238.196} {223.858 238.779}
  pins        : 3
    pin u_core/core_i/U2445/A1
      bbox     : {223.1690 238.0650} {223.3250 238.3900}
      layer    : M1 CO
      net      : u_core/core_i/n2410
      cell     : u_core/core_i/U2445
      ref_name : OR2X1_HVT
      origin   : 222.9200 239.0320
    pin u_core/core_i/U2445/Y
      bbox     : {223.8070 237.4880} {224.0390 238.8330}
      layer    : M1 CO
      net      : u_core/core_i/n2411
      cell     : u_core/core_i/U2445
      ref_name : OR2X1_HVT
      origin   : 222.9200 239.0320
    pin u_core/core_i/U2445/VSS
      bbox     : {222.9200 238.6330} {224.1360 239.0620}
      layer    : M1 CO
      net      : u_core/core_i/VSS
      cell     : u_core/core_i/U2445
      ref_name : OR2X1_HVT
      origin   : 222.9200 239.0320
  cells       : 1
    cell u_core/core_i/U2445 ref=OR2X1_HVT origin=222.9200 239.0320
  shapes      : 11
    shape PATH_21_650
      layer : M6
      bbox  : {223.6520 223.6520} {223.7080 272.9560}
      net   : u_core/core_i/n4643
    shape PATH_15_6685
      layer : M3
      bbox  : {210.1240 238.5480} {223.2520 238.6040}
      net   : u_core/core_i/n2410
    shape PATH_15_6686
      layer : M3
      bbox  : {223.1960 238.5480} {225.6840 238.6040}
      net   : u_core/core_i/n2410
    shape PATH_13_13825
      layer : M2
      bbox  : {223.5000 237.3320} {223.5560 238.3760}
      net   : u_core/core_i/n2409
    shape PATH_13_13827
      layer : M2
      bbox  : {223.5000 238.3960} {224.1640 238.4520}
      net   : u_core/core_i/n2409
    shape PATH_13_13829
      layer : M2
      bbox  : {223.1960 238.0920} {223.2520 238.6040}
      net   : u_core/core_i/n2410
    shape PATH_13_13832
      layer : M2
      bbox  : {223.8020 238.6680} {223.8620 238.7580}
      net   : u_core/core_i/n2411
    shape PATH_13_13833
      layer : M2
      bbox  : {223.8020 238.6980} {223.8620 238.9100}
      net   : u_core/core_i/n2411
    shape PATH_13_14141
      layer : M2
      bbox  : {223.3480 237.6360} {223.4040 238.7560}
      net   : u_core/core_i/n2506
    shape PATH_13_14142
      layer : M2
      bbox  : {223.1960 238.7000} {223.4040 238.7560}
      net   : u_core/core_i/n2506
    shape PATH_13_14143
      layer : M2
      bbox  : {223.1960 238.7000} {223.2520 239.6680}
      net   : u_core/core_i/n2506

Marker Hotspot_220to240_220to240_2
  error_id    : 191
  error_type  : Diff net spacing
  error_layer : M1 (11)
  center      : 220.792 231.79950000000002
  bbox        : {220.712 231.758} {220.872 231.841}
  search_box  : {220.462 231.508} {221.122 232.091}
  pins        : 3
    pin u_core/core_i/U2292/A1
      bbox     : {220.4330 231.3770} {220.5890 231.7020}
      layer    : M1 CO
      net      : u_core/core_i/n2265
      cell     : u_core/core_i/U2292
      ref_name : OR2X1_HVT
      origin   : 220.1840 232.3440
    pin u_core/core_i/U2292/Y
      bbox     : {221.0710 230.8000} {221.3030 232.1450}
      layer    : M1 CO
      net      : u_core/core_i/n2199
      cell     : u_core/core_i/U2292
      ref_name : OR2X1_HVT
      origin   : 220.1840 232.3440
    pin u_core/core_i/U2292/VSS
      bbox     : {220.1840 231.9450} {221.4000 232.3740}
      layer    : M1 CO
      net      : u_core/core_i/VSS
      cell     : u_core/core_i/U2292
      ref_name : OR2X1_HVT
      origin   : 220.1840 232.3440
  cells       : 1
    cell u_core/core_i/U2292 ref=OR2X1_HVT origin=220.1840 232.3440
  shapes      : 7
    shape PATH_25_21
      layer : M8
      bbox  : {219.5000 10.0000} {220.5000 315.9120}
      net   : VSS
    shape PATH_19_2499
      layer : M5
      bbox  : {188.9960 231.5560} {277.8200 231.6120}
      net   : u_core/core_i/ZBUF_398_290
    shape PATH_17_3022
      layer : M4
      bbox  : {220.6120 213.3160} {220.6680 251.9800}
      net   : u_core/core_i/n3045
    shape PATH_15_6459
      layer : M3
      bbox  : {220.4600 231.5560} {221.7320 231.6120}
      net   : u_core/core_i/n2265
    shape PATH_13_13061
      layer : M2
      bbox  : {221.0680 232.0120} {221.1240 232.5240}
      net   : u_core/core_i/n2199
    shape PATH_13_13262
      layer : M2
      bbox  : {220.4580 231.4020} {220.5180 231.6140}
      net   : u_core/core_i/n2265
    shape PATH_13_94496
      layer : M2
      bbox  : {220.7640 231.6320} {220.8200 233.7400}
      net   : u_core/core_i/ZBUF_2847_26

Marker Hotspot_220to240_220to240_3
  error_id    : 192
  error_type  : Diff net spacing
  error_layer : M1 (11)
  center      : 223.37599999999998 236.23250000000002
  bbox        : {223.296 236.191} {223.456 236.274}
  search_box  : {223.046 235.941} {223.706 236.524}
  pins        : 3
    pin u_core/core_i/U2343/A1
      bbox     : {223.0170 236.3300} {223.1730 236.6550}
      layer    : M1 CO
      net      : u_core/core_i/n2409
      cell     : u_core/core_i/U2343
      ref_name : OR2X1_HVT
      origin   : 222.7680 235.6880
    pin u_core/core_i/U2343/Y
      bbox     : {223.6550 235.8870} {223.8870 237.2320}
      layer    : M1 CO
      net      : u_core/core_i/n2266
      cell     : u_core/core_i/U2343
      ref_name : OR2X1_HVT
      origin   : 222.7680 235.6880
    pin u_core/core_i/U2343/VSS
      bbox     : {222.7680 235.6580} {223.9840 236.0870}
      layer    : M1 CO
      net      : u_core/core_i/VSS
      cell     : u_core/core_i/U2343
      ref_name : OR2X1_HVT
      origin   : 222.7680 235.6880
  cells       : 1
    cell u_core/core_i/U2343 ref=OR2X1_HVT origin=222.7680 235.6880
  shapes      : 5
    shape PATH_21_650
      layer : M6
      bbox  : {223.6520 223.6520} {223.7080 272.9560}
      net   : u_core/core_i/n4643
    shape PATH_13_13822
      layer : M2
      bbox  : {222.8920 236.1160} {223.1000 236.1720}
      net   : u_core/core_i/n2409
    shape PATH_13_13823
      layer : M2
      bbox  : {223.0440 236.1160} {223.1000 236.6280}
      net   : u_core/core_i/n2409
    shape PATH_13_23801
      layer : M2
      bbox  : {223.1960 233.9880} {223.2520 237.9960}
      net   : u_core/core_i/n5546
    shape PATH_15_47930
      layer : M3
      bbox  : {221.0680 236.1160} {223.4040 236.1720}
      net   : u_core/core_i/ZBUF_2847_26

Marker Hotspot_220to240_240to260_1
  error_id    : 252
  error_type  : Needs fat contact
  error_layer : M1 (11)-M2 (13)
  center      : 231.28 246.48000000000002
  bbox        : {231.25 246.425} {231.31 246.535}
  search_box  : {231.0 246.175} {231.56 246.785}
  pins        : 2
    pin u_core/core_i/U3730/A1
      bbox     : {230.9210 246.3620} {231.0770 246.6870}
      layer    : M1 CO
      net      : u_core/core_i/n4192
      cell     : u_core/core_i/U3730
      ref_name : OR2X1_HVT
      origin   : 230.6720 245.7200
    pin u_core/core_i/U3730/Y
      bbox     : {231.5590 245.9190} {231.7910 247.2640}
      layer    : M1 CO
      net      : u_core/core_i/n4193
      cell     : u_core/core_i/U3730
      ref_name : OR2X1_HVT
      origin   : 230.6720 245.7200
  cells       : 1
    cell u_core/core_i/U3730 ref=OR2X1_HVT origin=230.6720 245.7200
  shapes      : 9
    shape PATH_19_1617
      layer : M5
      bbox  : {213.3160 246.7560} {239.2120 246.8120}
      net   : u_core/core_i/n4484
    shape PATH_15_9065
      layer : M3
      bbox  : {230.9480 246.7560} {232.3720 246.8120}
      net   : u_core/core_i/n4192
    shape PATH_15_9071
      layer : M3
      bbox  : {229.5800 246.4520} {241.9480 246.5080}
      net   : u_core/core_i/n4195
    shape PATH_17_13321
      layer : M4
      bbox  : {230.9480 221.8280} {231.0040 267.7880}
      net   : u_core/core_i/ZBUF_5_30
    shape PATH_13_19484
      layer : M2
      bbox  : {230.9460 246.6020} {231.0060 246.8140}
      net   : u_core/core_i/n4192
    shape PATH_13_19485
      layer : M2
      bbox  : {230.9460 246.5720} {231.0060 246.6620}
      net   : u_core/core_i/n4192
    shape PATH_13_94471
      layer : M2
      bbox  : {231.5560 243.7160} {231.6120 246.5080}
      net   : u_core/core_i/ZBUF_2116_26
    shape PATH_13_94472
      layer : M2
      bbox  : {231.2520 246.4520} {231.6120 246.5080}
      net   : u_core/core_i/ZBUF_2116_26
    shape PATH_13_94475
      layer : M2
      bbox  : {231.5560 246.4520} {231.6120 246.9640}
      net   : u_core/core_i/ZBUF_2116_26

Marker Hotspot_220to240_240to260_2
  error_id    : 253
  error_type  : Needs fat contact
  error_layer : M1 (11)-M2 (13)
  center      : 232.344 248.304
  bbox        : {232.314 248.249} {232.374 248.359}
  search_box  : {232.064 247.999} {232.624 248.609}
  pins        : 2
    pin u_core/core_i/U3562/A1
      bbox     : {231.9850 248.0970} {232.1410 248.4220}
      layer    : M1 CO
      net      : u_core/core_i/n3979
      cell     : u_core/core_i/U3562
      ref_name : OR2X1_HVT
      origin   : 231.7360 249.0640
    pin u_core/core_i/U3562/Y
      bbox     : {232.6230 247.5200} {232.8550 248.8650}
      layer    : M1 CO
      net      : u_core/core_i/n3963
      cell     : u_core/core_i/U3562
      ref_name : OR2X1_HVT
      origin   : 231.7360 249.0640
  cells       : 1
    cell u_core/core_i/U3562 ref=OR2X1_HVT origin=231.7360 249.0640
  shapes      : 7
    shape PATH_23_22
      layer : M7
      bbox  : {13.0000 247.5000} {313.9760 248.5000}
      net   : VDD
    shape PATH_19_1571
      layer : M5
      bbox  : {223.0440 247.9720} {240.1240 248.0280}
      net   : u_core/core_i/n4460
    shape PATH_17_2171
      layer : M4
      bbox  : {232.4680 247.0600} {232.5240 252.8920}
      net   : u_core/core_i/n4963
    shape PATH_13_18907
      layer : M2
      bbox  : {232.0120 248.1240} {232.0680 248.3320}
      net   : u_core/core_i/n3979
    shape PATH_13_18908
      layer : M2
      bbox  : {232.0120 248.2760} {232.2200 248.3320}
      net   : u_core/core_i/n3979
    shape PATH_13_18909
      layer : M2
      bbox  : {232.1640 248.2760} {232.2200 249.8520}
      net   : u_core/core_i/n3979
    shape PATH_13_94473
      layer : M2
      bbox  : {232.3160 246.9080} {232.3720 248.3320}
      net   : u_core/core_i/ZBUF_2116_26

Marker Hotspot_220to240_240to260_3
  error_id    : 302
  error_type  : Needs fat contact
  error_layer : M1 (11)-M2 (13)
  center      : 233.408 259.856
  bbox        : {233.378 259.801} {233.438 259.911}
  search_box  : {233.128 259.551} {233.688 260.161}
  pins        : 2
    pin u_core/core_i/U3271/A1
      bbox     : {233.0490 259.7380} {233.2050 260.0630}
      layer    : M1 CO
      net      : u_core/core_i/n3742
      cell     : u_core/core_i/U3271
      ref_name : OR2X1_HVT
      origin   : 232.8000 259.0960
    pin u_core/core_i/U3271/Y
      bbox     : {233.6870 259.2950} {233.9190 260.6400}
      layer    : M1 CO
      net      : u_core/core_i/n3548
      cell     : u_core/core_i/U3271
      ref_name : OR2X1_HVT
      origin   : 232.8000 259.0960
  cells       : 1
    cell u_core/core_i/U3271 ref=OR2X1_HVT origin=232.8000 259.0960
  shapes      : 8
    shape PATH_19_1441
      layer : M5
      bbox  : {195.9880 259.5240} {242.8600 259.5800}
      net   : u_core/core_i/n3859
    shape PATH_13_17423
      layer : M2
      bbox  : {233.5320 258.0040} {233.5880 260.7960}
      net   : u_core/core_i/n3447
    shape PATH_13_17752
      layer : M2
      bbox  : {233.6840 259.5240} {234.0440 259.5800}
      net   : u_core/core_i/n3549
    shape PATH_13_17753
      layer : M2
      bbox  : {233.6840 256.4840} {233.7400 259.5800}
      net   : u_core/core_i/n3549
    shape PATH_13_18264
      layer : M2
      bbox  : {233.0760 259.9800} {233.1320 260.4920}
      net   : u_core/core_i/n3742
    shape PATH_13_18265
      layer : M2
      bbox  : {233.0760 258.3080} {233.1320 260.0360}
      net   : u_core/core_i/n3742
    shape PATH_15_47924
      layer : M3
      bbox  : {228.8200 260.1320} {233.4360 260.1880}
      net   : u_core/core_i/ZBUF_2757_26
    shape PATH_13_94486
      layer : M2
      bbox  : {233.3800 259.8280} {233.4360 260.1880}
      net   : u_core/core_i/ZBUF_2757_26

Marker Hotspot_240to260_240to260_1
  error_id    : 262
  error_type  : Needs fat contact
  error_layer : M1 (11)-M2 (13)
  center      : 257.424 249.824
  bbox        : {257.394 249.769} {257.454 249.879}
  search_box  : {257.144 249.519} {257.704 250.129}
  pins        : 2
    pin u_core/core_i/U5136/A1
      bbox     : {257.0650 249.7060} {257.2210 250.0310}
      layer    : M1 CO
      net      : u_core/core_i/n5554
      cell     : u_core/core_i/U5136
      ref_name : OR2X1_HVT
      origin   : 256.8160 249.0640
    pin u_core/core_i/U5136/Y
      bbox     : {257.7030 249.2630} {257.9350 250.6080}
      layer    : M1 CO
      net      : u_core/core_i/n5616
      cell     : u_core/core_i/U5136
      ref_name : OR2X1_HVT
      origin   : 256.8160 249.0640
  cells       : 1
    cell u_core/core_i/U5136 ref=OR2X1_HVT origin=256.8160 249.0640
  shapes      : 4
    shape PATH_15_3044
      layer : M3
      bbox  : {249.4920 249.4920} {263.0760 249.5480}
      net   : u_core/core_i/ex_stage_i/alu_i/alu_div_i/AReg_DP[23]
    shape PATH_13_23817
      layer : M2
      bbox  : {257.0920 249.9480} {257.1480 253.1960}
      net   : u_core/core_i/n5554
    shape PATH_13_23818
      layer : M2
      bbox  : {257.5480 249.7960} {257.6040 251.5240}
      net   : u_core/core_i/n5555
    shape PATH_13_23820
      layer : M2
      bbox  : {257.5480 249.7960} {258.0600 249.8520}
      net   : u_core/core_i/n5555

Marker Hotspot_240to260_240to260_2
  error_id    : 263
  error_type  : Needs fat contact
  error_layer : M1 (11)-M2 (13)
  center      : 256.96799999999996 248.304
  bbox        : {256.938 248.249} {256.998 248.359}
  search_box  : {256.688 247.999} {257.248 248.609}
  pins        : 2
    pin u_core/core_i/U5179/A1
      bbox     : {256.6090 248.0970} {256.7650 248.4220}
      layer    : M1 CO
      net      : u_core/core_i/n5602
      cell     : u_core/core_i/U5179
      ref_name : OR2X1_HVT
      origin   : 256.3600 249.0640
    pin u_core/core_i/U5179/Y
      bbox     : {257.2470 247.5200} {257.4790 248.8650}
      layer    : M1 CO
      net      : u_core/core_i/n5590
      cell     : u_core/core_i/U5179
      ref_name : OR2X1_HVT
      origin   : 256.3600 249.0640
  cells       : 1
    cell u_core/core_i/U5179 ref=OR2X1_HVT origin=256.3600 249.0640
  shapes      : 10
    shape PATH_23_22
      layer : M7
      bbox  : {13.0000 247.5000} {313.9760 248.5000}
      net   : VDD
    shape PATH_19_500
      layer : M5
      bbox  : {248.2760 248.5800} {266.2680 248.6360}
      net   : u_core/core_i/n357
    shape PATH_15_3087
      layer : M3
      bbox  : {254.9640 248.5800} {261.4040 248.6360}
      net   : u_core/core_i/ex_stage_i/alu_i/alu_div_i/AReg_DP[15]
    shape PATH_15_3096
      layer : M3
      bbox  : {252.9880 247.9720} {265.9640 248.0280}
      net   : u_core/core_i/ex_stage_i/alu_i/alu_div_i/AReg_DP[14]
    shape PATH_15_10916
      layer : M3
      bbox  : {256.1800 248.2760} {256.6920 248.3320}
      net   : u_core/core_i/n5602
    shape PATH_15_10917
      layer : M3
      bbox  : {256.6360 248.2760} {258.3640 248.3320}
      net   : u_core/core_i/n5602
    shape PATH_13_23862
      layer : M2
      bbox  : {256.9400 248.2760} {256.9960 249.2440}
      net   : u_core/core_i/n5572
    shape PATH_13_23945
      layer : M2
      bbox  : {256.6340 248.0920} {256.6940 248.1820}
      net   : u_core/core_i/n5602
    shape PATH_13_23946
      layer : M2
      bbox  : {256.6340 248.1220} {256.6940 248.3340}
      net   : u_core/core_i/n5602
    shape PATH_13_24011
      layer : M2
      bbox  : {256.7880 244.9320} {256.8440 250.4600}
      net   : u_core/core_i/n5627

Marker Hotspot_240to260_240to260_3
  error_id    : 265
  error_type  : Needs fat contact
  error_layer : M1 (11)-M2 (13)
  center      : 256.96799999999996 246.48000000000002
  bbox        : {256.938 246.425} {256.998 246.535}
  search_box  : {256.688 246.175} {257.248 246.785}
  pins        : 2
    pin u_core/core_i/U5206/A1
      bbox     : {256.6090 246.3620} {256.7650 246.6870}
      layer    : M1 CO
      net      : u_core/core_i/n5585
      cell     : u_core/core_i/U5206
      ref_name : OR2X1_HVT
      origin   : 256.3600 245.7200
    pin u_core/core_i/U5206/Y
      bbox     : {257.2470 245.9190} {257.4790 247.2640}
      layer    : M1 CO
      net      : u_core/core_i/n5600
      cell     : u_core/core_i/U5206
      ref_name : OR2X1_HVT
      origin   : 256.3600 245.7200
  cells       : 1
    cell u_core/core_i/U5206 ref=OR2X1_HVT origin=256.3600 245.7200
  shapes      : 6
    shape PATH_15_3109
      layer : M3
      bbox  : {253.9000 246.7560} {260.3400 246.8120}
      net   : u_core/core_i/ex_stage_i/alu_i/alu_div_i/AReg_DP[12]
    shape PATH_11_3573
      layer : M1
      bbox  : {256.0310 246.6070} {256.6890 246.6570}
      net   : u_core/core_i/n5585
    shape PATH_15_10896
      layer : M3
      bbox  : {256.0280 246.1480} {260.4920 246.2040}
      net   : u_core/core_i/n5584
    shape PATH_13_23907
      layer : M2
      bbox  : {256.9400 246.4520} {256.9960 247.5720}
      net   : u_core/core_i/n5590
    shape PATH_13_24011
      layer : M2
      bbox  : {256.7880 244.9320} {256.8440 250.4600}
      net   : u_core/core_i/n5627
    shape PATH_13_24079
      layer : M2
      bbox  : {257.2440 241.2840} {257.3000 247.4200}
      net   : u_core/core_i/n5640

Marker Hotspot_240to260_220to240_1
  error_id    : 173
  error_type  : Needs fat contact
  error_layer : M1 (11)-M2 (13)
  center      : 257.88 223.072
  bbox        : {257.85 223.017} {257.91 223.127}
  search_box  : {257.6 222.767} {258.16 223.377}
  pins        : 2
    pin u_core/core_i/U5198/A1
      bbox     : {257.5210 222.9540} {257.6770 223.2790}
      layer    : M1 CO
      net      : u_core/core_i/ex_stage_i/alu_i/alu_div_i/BReg_DP[1]
      cell     : u_core/core_i/U5198
      ref_name : OR2X1_HVT
      origin   : 257.2720 222.3120
    pin u_core/core_i/U5198/Y
      bbox     : {258.1590 222.5110} {258.3910 223.8560}
      layer    : M1 CO
      net      : u_core/core_i/n5650
      cell     : u_core/core_i/U5198
      ref_name : OR2X1_HVT
      origin   : 257.2720 222.3120
  cells       : 1
    cell u_core/core_i/U5198 ref=OR2X1_HVT origin=257.2720 222.3120
  shapes      : 5
    shape PATH_19_51
      layer : M5
      bbox  : {239.7640 223.0440} {294.8440 223.1000}
      net   : hart_id_i[6]
    shape PATH_15_3410
      layer : M3
      bbox  : {253.1400 222.7400} {257.6040 222.7960}
      net   : u_core/core_i/ex_stage_i/alu_i/alu_div_i/BReg_DP[1]
    shape PATH_13_6105
      layer : M2
      bbox  : {257.5480 222.7400} {257.6040 223.2520}
      net   : u_core/core_i/ex_stage_i/alu_i/alu_div_i/BReg_DP[1]
    shape PATH_15_11039
      layer : M3
      bbox  : {256.6360 223.3480} {258.9720 223.4040}
      net   : u_core/core_i/n5692
    shape PATH_13_24281
      layer : M2
      bbox  : {257.8520 222.4360} {257.9080 223.1000}
      net   : u_core/core_i/n5691

Marker Hotspot_240to260_220to240_2
  error_id    : 216
  error_type  : Needs fat contact
  error_layer : M1 (11)-M2 (13)
  center      : 255.904 239.792
  bbox        : {255.874 239.737} {255.934 239.847}
  search_box  : {255.624 239.487} {256.184 240.097}
  pins        : 2
    pin u_core/core_i/U5214/A1
      bbox     : {255.5450 239.6740} {255.7010 239.9990}
      layer    : M1 CO
      net      : u_core/core_i/n5598
      cell     : u_core/core_i/U5214
      ref_name : OR2X1_HVT
      origin   : 255.2960 239.0320
    pin u_core/core_i/U5214/Y
      bbox     : {256.1830 239.2310} {256.4150 240.5760}
      layer    : M1 CO
      net      : u_core/core_i/n5599
      cell     : u_core/core_i/U5214
      ref_name : OR2X1_HVT
      origin   : 255.2960 239.0320
  cells       : 1
    cell u_core/core_i/U5214 ref=OR2X1_HVT origin=255.2960 239.0320
  shapes      : 6
    shape PATH_15_3301
      layer : M3
      bbox  : {235.2040 239.4600} {256.3880 239.5160}
      net   : u_core/core_i/ex_stage_i/alu_i/alu_div_i/BReg_DP[30]
    shape PATH_19_6010
      layer : M5
      bbox  : {248.2760 240.0680} {262.9240 240.1240}
      net   : u_core/core_i/ZCTSNET_4
    shape PATH_13_23899
      layer : M2
      bbox  : {255.8760 239.1560} {255.9320 239.8200}
      net   : u_core/core_i/n5586
    shape PATH_13_23927
      layer : M2
      bbox  : {255.5720 239.9160} {255.6280 240.1240}
      net   : u_core/core_i/n5598
    shape PATH_13_23928
      layer : M2
      bbox  : {255.4200 240.0680} {255.6280 240.1240}
      net   : u_core/core_i/n5598
    shape PATH_15_47622
      layer : M3
      bbox  : {251.1640 239.7640} {256.5400 239.8200}
      net   : u_core/core_i/ZBUF_132_16

Marker Hotspot_240to260_220to240_3
  error_id    : 169
  error_type  : Off-grid
  error_layer : VIA1 (12)
  center      : 241.589 221.704
  bbox        : {241.564 221.603} {241.614 221.805}
  search_box  : {241.314 221.353} {241.864 222.055}
  pins        : 3
    pin u_core/core_i/U1849/A1
      bbox     : {241.2570 221.4970} {241.4290 221.6810}
      layer    : M1 CO
      net      : u_core/core_i/n184
      cell     : u_core/core_i/U1849
      ref_name : NOR2X0_HVT
      origin   : 241.0080 222.3120
    pin u_core/core_i/U1849/VDD
      bbox     : {241.0080 220.6100} {242.5280 221.4010}
      layer    : M1 CO
      net      : u_core/core_i/VDD
      cell     : u_core/core_i/U1849
      ref_name : NOR2X0_HVT
      origin   : 241.0080 222.3120
    pin u_core/core_i/U1849/VSS
      bbox     : {241.0080 221.9250} {242.5280 222.3420}
      layer    : M1 CO
      net      : u_core/core_i/VSS
      cell     : u_core/core_i/U1849
      ref_name : NOR2X0_HVT
      origin   : 241.0080 222.3120
  cells       : 1
    cell u_core/core_i/U1849 ref=NOR2X0_HVT origin=241.0080 222.3120
  shapes      : 4
    shape PATH_17_987
      layer : M4
      bbox  : {241.5880 214.2280} {241.6440 244.0760}
      net   : u_core/core_i/ex_stage_i/alu_i/alu_div_i/ResReg_DP_rev[27]
    shape PATH_15_3143
      layer : M3
      bbox  : {241.7400 221.8280} {244.2280 221.8840}
      net   : u_core/core_i/ex_stage_i/alu_i/alu_div_i/AReg_DP[3]
    shape PATH_15_3155
      layer : M3
      bbox  : {236.5720 221.5240} {257.1480 221.5800}
      net   : u_core/core_i/ex_stage_i/alu_i/alu_div_i/AReg_DP[1]
    shape PATH_13_28866
      layer : M2
      bbox  : {241.2840 220.9160} {241.3400 221.6560}
      net   : u_core/core_i/n184

Marker Hotspot_220to240_200to220_1
  error_id    : 131
  error_type  : Off-grid
  error_layer : VIA1 (12)
  center      : 238.09300000000002 202.856
  bbox        : {238.068 202.755} {238.118 202.957}
  search_box  : {237.818 202.505} {238.368 203.207}
  pins        : 3
    pin u_core/core_i/U2068/A1
      bbox     : {237.7610 202.8790} {237.9330 203.0630}
      layer    : M1 CO
      net      : u_core/core_i/ex_stage_i/alu_i/alu_div_i/ResReg_DP_rev[6]
      cell     : u_core/core_i/U2068
      ref_name : NOR2X0_HVT
      origin   : 237.5120 202.2480
    pin u_core/core_i/U2068/VDD
      bbox     : {237.5120 203.1590} {239.0320 203.9500}
      layer    : M1 CO
      net      : u_core/core_i/VDD
      cell     : u_core/core_i/U2068
      ref_name : NOR2X0_HVT
      origin   : 237.5120 202.2480
    pin u_core/core_i/U2068/VSS
      bbox     : {237.5120 202.2180} {239.0320 202.6350}
      layer    : M1 CO
      net      : u_core/core_i/VSS
      cell     : u_core/core_i/U2068
      ref_name : NOR2X0_HVT
      origin   : 237.5120 202.2480
  cells       : 1
    cell u_core/core_i/U2068 ref=NOR2X0_HVT origin=237.5120 202.2480
  shapes      : 3
    shape PATH_17_3372
      layer : M4
      bbox  : {238.2440 180.1800} {238.3000 243.1640}
      net   : u_core/core_i/n4483
    shape PATH_13_5761
      layer : M2
      bbox  : {237.7880 194.4680} {237.8440 202.8840}
      net   : u_core/core_i/ex_stage_i/alu_i/alu_div_i/ResReg_DP_rev[6]
    shape PATH_15_13347
      layer : M3
      bbox  : {238.0920 202.6760} {238.9080 202.7320}
      net   : u_core/core_i/n185

Marker Hotspot_220to240_200to220_2
  error_id    : 132
  error_type  : Off-grid
  error_layer : VIA1 (12)
  center      : 239.613 202.856
  bbox        : {239.588 202.755} {239.638 202.957}
  search_box  : {239.338 202.505} {239.888 203.207}
  pins        : 3
    pin u_core/core_i/U1886/A1
      bbox     : {239.2810 202.8790} {239.4530 203.0630}
      layer    : M1 CO
      net      : u_core/core_i/ex_stage_i/alu_i/alu_div_i/ResReg_DP_rev[4]
      cell     : u_core/core_i/U1886
      ref_name : NOR2X0_HVT
      origin   : 239.0320 202.2480
    pin u_core/core_i/U1886/VDD
      bbox     : {239.0320 203.1590} {240.5520 203.9500}
      layer    : M1 CO
      net      : u_core/core_i/VDD
      cell     : u_core/core_i/U1886
      ref_name : NOR2X0_HVT
      origin   : 239.0320 202.2480
    pin u_core/core_i/U1886/VSS
      bbox     : {239.0320 202.2180} {240.5520 202.6350}
      layer    : M1 CO
      net      : u_core/core_i/VSS
      cell     : u_core/core_i/U1886
      ref_name : NOR2X0_HVT
      origin   : 239.0320 202.2480
  cells       : 1
    cell u_core/core_i/U1886 ref=NOR2X0_HVT origin=239.0320 202.2480
  shapes      : 4
    shape PATH_21_5
      layer : M6
      bbox  : {239.4600 201.1560} {239.5160 296.0600}
      net   : hart_id_i[29]
    shape PATH_25_22
      layer : M8
      bbox  : {239.5000 13.0000} {240.5000 312.9120}
      net   : VDD
    shape PATH_17_120
      layer : M4
      bbox  : {239.7640 176.5320} {239.8200 223.1000}
      net   : hart_id_i[6]
    shape PATH_13_28904
      layer : M2
      bbox  : {239.5850 202.8280} {240.4280 202.8840}
      net   : u_core/core_i/n185

Marker Hotspot_220to240_200to220_3
  error_id    : 133
  error_type  : Off-grid
  error_layer : M2 (13)
  center      : 239.613 202.856
  bbox        : {239.558 202.75} {239.668 202.962}
  search_box  : {239.308 202.5} {239.918 203.212}
  pins        : 3
    pin u_core/core_i/U1886/A1
      bbox     : {239.2810 202.8790} {239.4530 203.0630}
      layer    : M1 CO
      net      : u_core/core_i/ex_stage_i/alu_i/alu_div_i/ResReg_DP_rev[4]
      cell     : u_core/core_i/U1886
      ref_name : NOR2X0_HVT
      origin   : 239.0320 202.2480
    pin u_core/core_i/U1886/VDD
      bbox     : {239.0320 203.1590} {240.5520 203.9500}
      layer    : M1 CO
      net      : u_core/core_i/VDD
      cell     : u_core/core_i/U1886
      ref_name : NOR2X0_HVT
      origin   : 239.0320 202.2480
    pin u_core/core_i/U1886/VSS
      bbox     : {239.0320 202.2180} {240.5520 202.6350}
      layer    : M1 CO
      net      : u_core/core_i/VSS
      cell     : u_core/core_i/U1886
      ref_name : NOR2X0_HVT
      origin   : 239.0320 202.2480
  cells       : 1
    cell u_core/core_i/U1886 ref=NOR2X0_HVT origin=239.0320 202.2480
  shapes      : 4
    shape PATH_21_5
      layer : M6
      bbox  : {239.4600 201.1560} {239.5160 296.0600}
      net   : hart_id_i[29]
    shape PATH_25_22
      layer : M8
      bbox  : {239.5000 13.0000} {240.5000 312.9120}
      net   : VDD
    shape PATH_17_120
      layer : M4
      bbox  : {239.7640 176.5320} {239.8200 223.1000}
      net   : hart_id_i[6]
    shape PATH_13_28904
      layer : M2
      bbox  : {239.5850 202.8280} {240.4280 202.8840}
      net   : u_core/core_i/n185

