****************************************
Report : Report drc errors
Design : cv32e40p_synth_wrap
Data   : zroute.err
Type   : error_layer
Version: W-2024.09-SP2
Date   : Sat May  9 10:11:47 2026
****************************************

ErrorSet                                    Total   Visible     Fixed   Ignored
--------------------------------------------------------------------------------
Design : cv32e40p_synth_wrap                368     368         0       0
      Data : zroute.err                     368     368         0       0
            M1 (11)                         92      92          0       0
                Diff net spacing            89      89          0       0
                Off-grid                    3       3           0       0
            M1 (11)-M2 (13)                 120     120         0       0
                Needs fat contact           120     120         0       0
            M2 (13)                         77      77          0       0
                Diff net spacing            2       2           0       0
                Less than minimum area      5       5           0       0
                Off-grid                    70      70          0       0
            VIA1 (12)                       79      79          0       0
                Off-grid                    79      79          0       0
1
