****************************************
Report : timing
	-path_type full
	-delay_type min
	-slack_lesser_than 100.00
	-max_paths 20
	-sort_by slack
Design : cv32e40p_synth_wrap
Version: W-2024.09-SP5-3
Date   : Sun May 10 12:20:43 2026
****************************************


  Startpoint: u_core/core_i/ex_stage_i/alu_i/alu_div_i/ResReg_DP_reg[22]
               (rising edge-triggered flip-flop clocked by clk_i)
  Endpoint: u_core/core_i/ex_stage_i/alu_i/alu_div_i/ResReg_DP_reg[21]
               (rising edge-triggered flip-flop clocked by clk_i)
  Last common pin: u_core/core_i/ZCTSINV_6417_432/Y
  Path Group: clk_i
  Path Type: min

  Point                                                   Incr       Path
  ------------------------------------------------------------------------------
  clock clk_i (rise edge)                                 0.00       0.00
  clock network delay (propagated)                        0.15       0.15
  u_core/core_i/ex_stage_i/alu_i/alu_div_i/ResReg_DP_reg[22]/CLK (SDFFARX1_RVT)
                                                          0.00       0.15 r
  u_core/core_i/ex_stage_i/alu_i/alu_div_i/ResReg_DP_reg[22]/Q (SDFFARX1_RVT)
                                                          0.06 &     0.21 r
  u_core/core_i/U4354/Y (AND2X1_HVT)                      0.02 &     0.23 r
  u_core/core_i/ex_stage_i/alu_i/alu_div_i/ResReg_DP_reg[21]/D (SDFFARX1_RVT)
                                                          0.00 &     0.23 r
  data arrival time                                                  0.23

  clock clk_i (rise edge)                                 0.00       0.00
  clock network delay (propagated)                        0.16       0.16
  u_core/core_i/ex_stage_i/alu_i/alu_div_i/ResReg_DP_reg[21]/CLK (SDFFARX1_RVT)
                                                                     0.16 r
  clock reconvergence pessimism                          -0.01       0.15
  clock uncertainty                                       0.10       0.25
  library hold time                                      -0.02       0.23
  data required time                                                 0.23
  ------------------------------------------------------------------------------
  data required time                                                 0.23
  data arrival time                                                 -0.23
  ------------------------------------------------------------------------------
  slack (MET)                                                        0.00


  Startpoint: u_core/core_i/id_stage_i/controller_i/illegal_insn_q_reg
               (rising edge-triggered flip-flop clocked by clk_i)
  Endpoint: u_core/core_i/cs_registers_i/mcause_q_reg[3]
               (rising edge-triggered flip-flop clocked by clk_i)
  Last common pin: u_core/core_i/ZCTSBUF_1943_437/Y
  Path Group: clk_i
  Path Type: min

  Point                                                   Incr       Path
  ------------------------------------------------------------------------------
  clock clk_i (rise edge)                                 0.00       0.00
  clock network delay (propagated)                        0.09       0.09
  u_core/core_i/id_stage_i/controller_i/illegal_insn_q_reg/CLK (SDFFARX1_RVT)
                                                          0.00       0.09 r
  u_core/core_i/id_stage_i/controller_i/illegal_insn_q_reg/QN (SDFFARX1_RVT)
                                                          0.05 &     0.14 f
  u_core/core_i/id_stage_i/ZBUF_83_inst_3168/Y (NBUFFX2_HVT)
                                                          0.02 &     0.16 f
  u_core/core_i/id_stage_i/ZBUF_62_inst_3167/Y (NBUFFX2_HVT)
                                                          0.02 &     0.18 f
  u_core/core_i/id_stage_i/U3080/Y (NAND4X0_HVT)          0.02 &     0.20 r
  u_core/core_i/id_stage_i/U3081/Y (NAND2X0_HVT)          0.02 &     0.22 f
  u_core/core_i/cs_registers_i/U1231/Y (AO22X1_HVT)       0.03 &     0.25 f
  u_core/core_i/cs_registers_i/mcause_q_reg[3]/D (SDFFARX1_RVT)
                                                          0.00 &     0.25 f
  data arrival time                                                  0.25

  clock clk_i (rise edge)                                 0.00       0.00
  clock network delay (propagated)                        0.17       0.17
  u_core/core_i/cs_registers_i/mcause_q_reg[3]/CLK (SDFFARX1_RVT)
                                                                     0.17 r
  clock reconvergence pessimism                          -0.01       0.17
  clock uncertainty                                       0.10       0.27
  library hold time                                      -0.01       0.25
  data required time                                                 0.25
  ------------------------------------------------------------------------------
  data required time                                                 0.25
  data arrival time                                                 -0.25
  ------------------------------------------------------------------------------
  slack (MET)                                                        0.00


  Startpoint: u_core/core_i/cs_registers_i/dscratch0_q_reg[29]
               (rising edge-triggered flip-flop clocked by clk_i)
  Endpoint: u_core/core_i/cs_registers_i/dscratch0_q_reg[29]
               (rising edge-triggered flip-flop clocked by clk_i)
  Last common pin: u_core/core_i/ZCTSBUF_1943_437/Y
  Path Group: clk_i
  Path Type: min

  Point                                                   Incr       Path
  ------------------------------------------------------------------------------
  clock clk_i (rise edge)                                 0.00       0.00
  clock network delay (propagated)                        0.18       0.18
  u_core/core_i/cs_registers_i/dscratch0_q_reg[29]/CLK (SDFFARX1_RVT)
                                                          0.00       0.18 r
  u_core/core_i/cs_registers_i/dscratch0_q_reg[29]/Q (SDFFARX1_RVT)
                                                          0.06 &     0.24 f
  u_core/core_i/cs_registers_i/U654/Y (AO22X1_HVT)        0.02 &     0.26 f
  u_core/core_i/cs_registers_i/dscratch0_q_reg[29]/D (SDFFARX1_RVT)
                                                          0.00 &     0.26 f
  data arrival time                                                  0.26

  clock clk_i (rise edge)                                 0.00       0.00
  clock network delay (propagated)                        0.19       0.19
  u_core/core_i/cs_registers_i/dscratch0_q_reg[29]/CLK (SDFFARX1_RVT)
                                                                     0.19 r
  clock reconvergence pessimism                          -0.01       0.18
  clock uncertainty                                       0.10       0.28
  library hold time                                      -0.01       0.26
  data required time                                                 0.26
  ------------------------------------------------------------------------------
  data required time                                                 0.26
  data arrival time                                                 -0.26
  ------------------------------------------------------------------------------
  slack (MET)                                                        0.00


  Startpoint: u_core/core_i/cs_registers_i/dscratch0_q_reg[26]
               (rising edge-triggered flip-flop clocked by clk_i)
  Endpoint: u_core/core_i/cs_registers_i/dscratch0_q_reg[26]
               (rising edge-triggered flip-flop clocked by clk_i)
  Last common pin: u_core/core_i/ZCTSBUF_1943_437/Y
  Path Group: clk_i
  Path Type: min

  Point                                                   Incr       Path
  ------------------------------------------------------------------------------
  clock clk_i (rise edge)                                 0.00       0.00
  clock network delay (propagated)                        0.18       0.18
  u_core/core_i/cs_registers_i/dscratch0_q_reg[26]/CLK (SDFFARX1_RVT)
                                                          0.00       0.18 r
  u_core/core_i/cs_registers_i/dscratch0_q_reg[26]/Q (SDFFARX1_RVT)
                                                          0.07 &     0.24 f
  u_core/core_i/cs_registers_i/U1032/Y (AO22X1_HVT)       0.02 &     0.27 f
  u_core/core_i/cs_registers_i/dscratch0_q_reg[26]/D (SDFFARX1_RVT)
                                                          0.00 &     0.27 f
  data arrival time                                                  0.27

  clock clk_i (rise edge)                                 0.00       0.00
  clock network delay (propagated)                        0.19       0.19
  u_core/core_i/cs_registers_i/dscratch0_q_reg[26]/CLK (SDFFARX1_RVT)
                                                                     0.19 r
  clock reconvergence pessimism                          -0.01       0.18
  clock uncertainty                                       0.10       0.28
  library hold time                                      -0.01       0.27
  data required time                                                 0.27
  ------------------------------------------------------------------------------
  data required time                                                 0.27
  data arrival time                                                 -0.27
  ------------------------------------------------------------------------------
  slack (MET)                                                        0.00


  Startpoint: u_core/core_i/cs_registers_i/dscratch0_q_reg[19]
               (rising edge-triggered flip-flop clocked by clk_i)
  Endpoint: u_core/core_i/cs_registers_i/dscratch0_q_reg[19]
               (rising edge-triggered flip-flop clocked by clk_i)
  Last common pin: u_core/core_i/ZCTSBUF_1943_437/Y
  Path Group: clk_i
  Path Type: min

  Point                                                   Incr       Path
  ------------------------------------------------------------------------------
  clock clk_i (rise edge)                                 0.00       0.00
  clock network delay (propagated)                        0.18       0.18
  u_core/core_i/cs_registers_i/dscratch0_q_reg[19]/CLK (SDFFARX1_RVT)
                                                          0.00       0.18 r
  u_core/core_i/cs_registers_i/dscratch0_q_reg[19]/Q (SDFFARX1_RVT)
                                                          0.07 &     0.24 f
  u_core/core_i/cs_registers_i/U263/Y (AO22X1_HVT)        0.02 &     0.27 f
  u_core/core_i/cs_registers_i/dscratch0_q_reg[19]/D (SDFFARX1_RVT)
                                                          0.00 &     0.27 f
  data arrival time                                                  0.27

  clock clk_i (rise edge)                                 0.00       0.00
  clock network delay (propagated)                        0.19       0.19
  u_core/core_i/cs_registers_i/dscratch0_q_reg[19]/CLK (SDFFARX1_RVT)
                                                                     0.19 r
  clock reconvergence pessimism                          -0.01       0.18
  clock uncertainty                                       0.10       0.28
  library hold time                                      -0.01       0.27
  data required time                                                 0.27
  ------------------------------------------------------------------------------
  data required time                                                 0.27
  data arrival time                                                 -0.27
  ------------------------------------------------------------------------------
  slack (MET)                                                        0.00


  Startpoint: u_core/core_i/ex_stage_i/alu_i/alu_div_i/ResReg_DP_reg[6]
               (rising edge-triggered flip-flop clocked by clk_i)
  Endpoint: u_core/core_i/ex_stage_i/alu_i/alu_div_i/ResReg_DP_reg[5]
               (rising edge-triggered flip-flop clocked by clk_i)
  Last common pin: u_core/core_i/ZCTSINV_6417_432/Y
  Path Group: clk_i
  Path Type: min

  Point                                                   Incr       Path
  ------------------------------------------------------------------------------
  clock clk_i (rise edge)                                 0.00       0.00
  clock network delay (propagated)                        0.15       0.15
  u_core/core_i/ex_stage_i/alu_i/alu_div_i/ResReg_DP_reg[6]/CLK (SDFFARX1_RVT)
                                                          0.00       0.15 r
  u_core/core_i/ex_stage_i/alu_i/alu_div_i/ResReg_DP_reg[6]/Q (SDFFARX1_RVT)
                                                          0.06 &     0.21 r
  u_core/core_i/U4370/Y (AND2X1_HVT)                      0.02 &     0.23 r
  u_core/core_i/ex_stage_i/alu_i/alu_div_i/ResReg_DP_reg[5]/D (SDFFARX1_RVT)
                                                          0.00 &     0.23 r
  data arrival time                                                  0.23

  clock clk_i (rise edge)                                 0.00       0.00
  clock network delay (propagated)                        0.16       0.16
  u_core/core_i/ex_stage_i/alu_i/alu_div_i/ResReg_DP_reg[5]/CLK (SDFFARX1_RVT)
                                                                     0.16 r
  clock reconvergence pessimism                          -0.01       0.15
  clock uncertainty                                       0.10       0.25
  library hold time                                      -0.02       0.23
  data required time                                                 0.23
  ------------------------------------------------------------------------------
  data required time                                                 0.23
  data arrival time                                                 -0.23
  ------------------------------------------------------------------------------
  slack (MET)                                                        0.00


  Startpoint: u_core/core_i/if_stage_i/pc_id_o_reg[20]
               (rising edge-triggered flip-flop clocked by clk_i)
  Endpoint: u_core/core_i/id_stage_i/mult_operand_a_ex_o_reg[20]
               (rising edge-triggered flip-flop clocked by clk_i)
  Last common pin: u_core/core_i/ZCTSINV_6417_432/Y
  Path Group: clk_i
  Path Type: min

  Point                                                   Incr       Path
  ------------------------------------------------------------------------------
  clock clk_i (rise edge)                                 0.00       0.00
  clock network delay (propagated)                        0.15       0.15
  u_core/core_i/if_stage_i/pc_id_o_reg[20]/CLK (SDFFARX1_RVT)
                                                          0.00       0.15 r
  u_core/core_i/if_stage_i/pc_id_o_reg[20]/Q (SDFFARX1_RVT)
                                                          0.06 &     0.21 f
  u_core/core_i/U3366/Y (NBUFFX4_HVT)                     0.02 &     0.23 f
  u_core/core_i/U_1_PTECO_DRC_BUF185/Y (NBUFFX8_RVT)      0.02 &     0.25 f
  u_core/core_i/id_stage_i/U2954/Y (AO222X1_HVT)          0.04 &     0.29 f
  u_core/core_i/id_stage_i/mult_operand_a_ex_o_reg[20]/D (SDFFARX1_RVT)
                                                          0.00 &     0.29 f
  data arrival time                                                  0.29

  clock clk_i (rise edge)                                 0.00       0.00
  clock network delay (propagated)                        0.22       0.22
  u_core/core_i/id_stage_i/mult_operand_a_ex_o_reg[20]/CLK (SDFFARX1_RVT)
                                                                     0.22 r
  clock reconvergence pessimism                          -0.01       0.21
  clock uncertainty                                       0.10       0.31
  library hold time                                      -0.02       0.29
  data required time                                                 0.29
  ------------------------------------------------------------------------------
  data required time                                                 0.29
  data arrival time                                                 -0.29
  ------------------------------------------------------------------------------
  slack (MET)                                                        0.00


  Startpoint: u_core/core_i/ex_stage_i/alu_i/alu_div_i/ResReg_DP_reg[1]
               (rising edge-triggered flip-flop clocked by clk_i)
  Endpoint: u_core/core_i/ex_stage_i/alu_i/alu_div_i/ResReg_DP_reg[0]
               (rising edge-triggered flip-flop clocked by clk_i)
  Last common pin: u_core/core_i/ZCTSINV_6417_432/Y
  Path Group: clk_i
  Path Type: min

  Point                                                   Incr       Path
  ------------------------------------------------------------------------------
  clock clk_i (rise edge)                                 0.00       0.00
  clock network delay (propagated)                        0.15       0.15
  u_core/core_i/ex_stage_i/alu_i/alu_div_i/ResReg_DP_reg[1]/CLK (SDFFARX1_RVT)
                                                          0.00       0.15 r
  u_core/core_i/ex_stage_i/alu_i/alu_div_i/ResReg_DP_reg[1]/Q (SDFFARX1_RVT)
                                                          0.07 &     0.21 r
  u_core/core_i/U4375/Y (AND2X1_HVT)                      0.02 &     0.23 r
  u_core/core_i/ex_stage_i/alu_i/alu_div_i/ResReg_DP_reg[0]/D (SDFFARX1_RVT)
                                                          0.00 &     0.23 r
  data arrival time                                                  0.23

  clock clk_i (rise edge)                                 0.00       0.00
  clock network delay (propagated)                        0.16       0.16
  u_core/core_i/ex_stage_i/alu_i/alu_div_i/ResReg_DP_reg[0]/CLK (SDFFARX1_RVT)
                                                                     0.16 r
  clock reconvergence pessimism                          -0.01       0.15
  clock uncertainty                                       0.10       0.25
  library hold time                                      -0.02       0.23
  data required time                                                 0.23
  ------------------------------------------------------------------------------
  data required time                                                 0.23
  data arrival time                                                 -0.23
  ------------------------------------------------------------------------------
  slack (MET)                                                        0.00


  Startpoint: u_core/core_i/ex_stage_i/alu_i/alu_div_i/ResReg_DP_reg[13]
               (rising edge-triggered flip-flop clocked by clk_i)
  Endpoint: u_core/core_i/ex_stage_i/alu_i/alu_div_i/ResReg_DP_reg[12]
               (rising edge-triggered flip-flop clocked by clk_i)
  Last common pin: u_core/core_i/ZCTSINV_6417_432/Y
  Path Group: clk_i
  Path Type: min

  Point                                                   Incr       Path
  ------------------------------------------------------------------------------
  clock clk_i (rise edge)                                 0.00       0.00
  clock network delay (propagated)                        0.15       0.15
  u_core/core_i/ex_stage_i/alu_i/alu_div_i/ResReg_DP_reg[13]/CLK (SDFFARX1_RVT)
                                                          0.00       0.15 r
  u_core/core_i/ex_stage_i/alu_i/alu_div_i/ResReg_DP_reg[13]/Q (SDFFARX1_RVT)
                                                          0.06 &     0.21 r
  u_core/core_i/U4363/Y (AND2X1_HVT)                      0.02 &     0.23 r
  u_core/core_i/ex_stage_i/alu_i/alu_div_i/ResReg_DP_reg[12]/D (SDFFARX1_RVT)
                                                          0.00 &     0.23 r
  data arrival time                                                  0.23

  clock clk_i (rise edge)                                 0.00       0.00
  clock network delay (propagated)                        0.16       0.16
  u_core/core_i/ex_stage_i/alu_i/alu_div_i/ResReg_DP_reg[12]/CLK (SDFFARX1_RVT)
                                                                     0.16 r
  clock reconvergence pessimism                          -0.01       0.15
  clock uncertainty                                       0.10       0.25
  library hold time                                      -0.02       0.23
  data required time                                                 0.23
  ------------------------------------------------------------------------------
  data required time                                                 0.23
  data arrival time                                                 -0.23
  ------------------------------------------------------------------------------
  slack (MET)                                                        0.00


  Startpoint: u_core/core_i/load_store_unit_i/cnt_q_reg[0]
               (rising edge-triggered flip-flop clocked by clk_i)
  Endpoint: u_core/core_i/load_store_unit_i/cnt_q_reg[0]
               (rising edge-triggered flip-flop clocked by clk_i)
  Last common pin: u_core/core_i/ZCTSBUF_3979_434/Y
  Path Group: clk_i
  Path Type: min

  Point                                                   Incr       Path
  ------------------------------------------------------------------------------
  clock clk_i (rise edge)                                 0.00       0.00
  clock network delay (propagated)                        0.09       0.09
  u_core/core_i/load_store_unit_i/cnt_q_reg[0]/CLK (SDFFARX1_RVT)
                                                          0.00       0.09 r
  u_core/core_i/load_store_unit_i/cnt_q_reg[0]/QN (SDFFARX1_RVT)
                                                          0.05 &     0.14 f
  u_core/core_i/U5271/S (FADDX1_HVT)                      0.04 &     0.18 f
  u_core/core_i/load_store_unit_i/cnt_q_reg[0]/D (SDFFARX1_RVT)
                                                          0.00 &     0.18 f
  data arrival time                                                  0.18

  clock clk_i (rise edge)                                 0.00       0.00
  clock network delay (propagated)                        0.10       0.10
  u_core/core_i/load_store_unit_i/cnt_q_reg[0]/CLK (SDFFARX1_RVT)
                                                                     0.10 r
  clock reconvergence pessimism                          -0.01       0.09
  clock uncertainty                                       0.10       0.19
  library hold time                                      -0.02       0.18
  data required time                                                 0.18
  ------------------------------------------------------------------------------
  data required time                                                 0.18
  data arrival time                                                 -0.18
  ------------------------------------------------------------------------------
  slack (MET)                                                        0.00


  Startpoint: u_core/core_i/load_store_unit_i/cnt_q_reg[0]
               (rising edge-triggered flip-flop clocked by clk_i)
  Endpoint: u_core/core_i/load_store_unit_i/cnt_q_reg[1]
               (rising edge-triggered flip-flop clocked by clk_i)
  Last common pin: u_core/core_i/ZCTSBUF_3979_434/Y
  Path Group: clk_i
  Path Type: min

  Point                                                   Incr       Path
  ------------------------------------------------------------------------------
  clock clk_i (rise edge)                                 0.00       0.00
  clock network delay (propagated)                        0.09       0.09
  u_core/core_i/load_store_unit_i/cnt_q_reg[0]/CLK (SDFFARX1_RVT)
                                                          0.00       0.09 r
  u_core/core_i/load_store_unit_i/cnt_q_reg[0]/QN (SDFFARX1_RVT)
                                                          0.05 &     0.14 f
  u_core/core_i/U5274/Y (NAND4X0_HVT)                     0.02 &     0.16 r
  u_core/core_i/U5275/Y (NAND2X0_HVT)                     0.02 &     0.18 f
  u_core/core_i/load_store_unit_i/cnt_q_reg[1]/D (SDFFARX1_RVT)
                                                          0.00 &     0.18 f
  data arrival time                                                  0.18

  clock clk_i (rise edge)                                 0.00       0.00
  clock network delay (propagated)                        0.10       0.10
  u_core/core_i/load_store_unit_i/cnt_q_reg[1]/CLK (SDFFARX1_RVT)
                                                                     0.10 r
  clock reconvergence pessimism                          -0.01       0.09
  clock uncertainty                                       0.10       0.19
  library hold time                                      -0.02       0.18
  data required time                                                 0.18
  ------------------------------------------------------------------------------
  data required time                                                 0.18
  data arrival time                                                 -0.18
  ------------------------------------------------------------------------------
  slack (MET)                                                        0.00


  Startpoint: u_core/core_i/cs_registers_i/dscratch1_q_reg[15]
               (rising edge-triggered flip-flop clocked by clk_i)
  Endpoint: u_core/core_i/cs_registers_i/dscratch1_q_reg[15]
               (rising edge-triggered flip-flop clocked by clk_i)
  Last common pin: u_core/core_i/ZCTSBUF_1943_437/Y
  Path Group: clk_i
  Path Type: min

  Point                                                   Incr       Path
  ------------------------------------------------------------------------------
  clock clk_i (rise edge)                                 0.00       0.00
  clock network delay (propagated)                        0.18       0.18
  u_core/core_i/cs_registers_i/dscratch1_q_reg[15]/CLK (SDFFARX1_RVT)
                                                          0.00       0.18 r
  u_core/core_i/cs_registers_i/dscratch1_q_reg[15]/Q (SDFFARX1_RVT)
                                                          0.07 &     0.25 f
  u_core/core_i/cs_registers_i/U416/Y (AO22X1_HVT)        0.02 &     0.27 f
  u_core/core_i/cs_registers_i/dscratch1_q_reg[15]/D (SDFFARX1_RVT)
                                                          0.00 &     0.27 f
  data arrival time                                                  0.27

  clock clk_i (rise edge)                                 0.00       0.00
  clock network delay (propagated)                        0.19       0.19
  u_core/core_i/cs_registers_i/dscratch1_q_reg[15]/CLK (SDFFARX1_RVT)
                                                                     0.19 r
  clock reconvergence pessimism                          -0.01       0.18
  clock uncertainty                                       0.10       0.28
  library hold time                                      -0.01       0.27
  data required time                                                 0.27
  ------------------------------------------------------------------------------
  data required time                                                 0.27
  data arrival time                                                 -0.27
  ------------------------------------------------------------------------------
  slack (MET)                                                        0.00


  Startpoint: u_core/core_i/ex_stage_i/alu_i/alu_div_i/ResReg_DP_reg[31]
               (rising edge-triggered flip-flop clocked by clk_i)
  Endpoint: u_core/core_i/ex_stage_i/alu_i/alu_div_i/ResReg_DP_reg[30]
               (rising edge-triggered flip-flop clocked by clk_i)
  Last common pin: u_core/core_i/ZCTSINV_6417_432/Y
  Path Group: clk_i
  Path Type: min

  Point                                                   Incr       Path
  ------------------------------------------------------------------------------
  clock clk_i (rise edge)                                 0.00       0.00
  clock network delay (propagated)                        0.15       0.15
  u_core/core_i/ex_stage_i/alu_i/alu_div_i/ResReg_DP_reg[31]/CLK (SDFFARX1_RVT)
                                                          0.00       0.15 r
  u_core/core_i/ex_stage_i/alu_i/alu_div_i/ResReg_DP_reg[31]/Q (SDFFARX1_RVT)
                                                          0.06 &     0.21 r
  u_core/core_i/U4345/Y (AND2X1_HVT)                      0.02 &     0.23 r
  u_core/core_i/ex_stage_i/alu_i/alu_div_i/ResReg_DP_reg[30]/D (SDFFARX1_RVT)
                                                          0.00 &     0.23 r
  data arrival time                                                  0.23

  clock clk_i (rise edge)                                 0.00       0.00
  clock network delay (propagated)                        0.16       0.16
  u_core/core_i/ex_stage_i/alu_i/alu_div_i/ResReg_DP_reg[30]/CLK (SDFFARX1_RVT)
                                                                     0.16 r
  clock reconvergence pessimism                          -0.01       0.15
  clock uncertainty                                       0.10       0.25
  library hold time                                      -0.02       0.23
  data required time                                                 0.23
  ------------------------------------------------------------------------------
  data required time                                                 0.23
  data arrival time                                                 -0.23
  ------------------------------------------------------------------------------
  slack (MET)                                                        0.00


  Startpoint: u_core/core_i/cs_registers_i/dscratch1_q_reg[5]
               (rising edge-triggered flip-flop clocked by clk_i)
  Endpoint: u_core/core_i/cs_registers_i/dscratch1_q_reg[5]
               (rising edge-triggered flip-flop clocked by clk_i)
  Last common pin: u_core/core_i/ZCTSBUF_1943_437/Y
  Path Group: clk_i
  Path Type: min

  Point                                                   Incr       Path
  ------------------------------------------------------------------------------
  clock clk_i (rise edge)                                 0.00       0.00
  clock network delay (propagated)                        0.18       0.18
  u_core/core_i/cs_registers_i/dscratch1_q_reg[5]/CLK (SDFFARX1_RVT)
                                                          0.00       0.18 r
  u_core/core_i/cs_registers_i/dscratch1_q_reg[5]/Q (SDFFARX1_RVT)
                                                          0.06 &     0.24 f
  u_core/core_i/cs_registers_i/U632/Y (AO22X1_HVT)        0.02 &     0.27 f
  u_core/core_i/cs_registers_i/dscratch1_q_reg[5]/D (SDFFARX1_RVT)
                                                          0.00 &     0.27 f
  data arrival time                                                  0.27

  clock clk_i (rise edge)                                 0.00       0.00
  clock network delay (propagated)                        0.19       0.19
  u_core/core_i/cs_registers_i/dscratch1_q_reg[5]/CLK (SDFFARX1_RVT)
                                                                     0.19 r
  clock reconvergence pessimism                          -0.01       0.18
  clock uncertainty                                       0.10       0.28
  library hold time                                      -0.02       0.26
  data required time                                                 0.26
  ------------------------------------------------------------------------------
  data required time                                                 0.26
  data arrival time                                                 -0.27
  ------------------------------------------------------------------------------
  slack (MET)                                                        0.00


  Startpoint: u_core/core_i/cs_registers_i/dscratch0_q_reg[24]
               (rising edge-triggered flip-flop clocked by clk_i)
  Endpoint: u_core/core_i/cs_registers_i/dscratch0_q_reg[24]
               (rising edge-triggered flip-flop clocked by clk_i)
  Last common pin: u_core/core_i/ZCTSBUF_1943_437/Y
  Path Group: clk_i
  Path Type: min

  Point                                                   Incr       Path
  ------------------------------------------------------------------------------
  clock clk_i (rise edge)                                 0.00       0.00
  clock network delay (propagated)                        0.18       0.18
  u_core/core_i/cs_registers_i/dscratch0_q_reg[24]/CLK (SDFFARX1_RVT)
                                                          0.00       0.18 r
  u_core/core_i/cs_registers_i/dscratch0_q_reg[24]/Q (SDFFARX1_RVT)
                                                          0.07 &     0.24 f
  u_core/core_i/cs_registers_i/U931/Y (AO22X1_HVT)        0.02 &     0.27 f
  u_core/core_i/cs_registers_i/dscratch0_q_reg[24]/D (SDFFARX1_RVT)
                                                          0.00 &     0.27 f
  data arrival time                                                  0.27

  clock clk_i (rise edge)                                 0.00       0.00
  clock network delay (propagated)                        0.19       0.19
  u_core/core_i/cs_registers_i/dscratch0_q_reg[24]/CLK (SDFFARX1_RVT)
                                                                     0.19 r
  clock reconvergence pessimism                          -0.01       0.18
  clock uncertainty                                       0.10       0.28
  library hold time                                      -0.01       0.26
  data required time                                                 0.26
  ------------------------------------------------------------------------------
  data required time                                                 0.26
  data arrival time                                                 -0.27
  ------------------------------------------------------------------------------
  slack (MET)                                                        0.00


  Startpoint: u_core/core_i/cs_registers_i/mscratch_q_reg[10]
               (rising edge-triggered flip-flop clocked by clk_i)
  Endpoint: u_core/core_i/cs_registers_i/mscratch_q_reg[10]
               (rising edge-triggered flip-flop clocked by clk_i)
  Last common pin: u_core/core_i/ZCTSBUF_1943_437/Y
  Path Group: clk_i
  Path Type: min

  Point                                                   Incr       Path
  ------------------------------------------------------------------------------
  clock clk_i (rise edge)                                 0.00       0.00
  clock network delay (propagated)                        0.16       0.16
  u_core/core_i/cs_registers_i/mscratch_q_reg[10]/CLK (SDFFARX1_RVT)
                                                          0.00       0.16 r
  u_core/core_i/cs_registers_i/mscratch_q_reg[10]/Q (SDFFARX1_RVT)
                                                          0.07 &     0.23 f
  u_core/core_i/cs_registers_i/U554/Y (AO22X1_HVT)        0.02 &     0.25 f
  u_core/core_i/cs_registers_i/mscratch_q_reg[10]/D (SDFFARX1_RVT)
                                                          0.00 &     0.25 f
  data arrival time                                                  0.25

  clock clk_i (rise edge)                                 0.00       0.00
  clock network delay (propagated)                        0.17       0.17
  u_core/core_i/cs_registers_i/mscratch_q_reg[10]/CLK (SDFFARX1_RVT)
                                                                     0.17 r
  clock reconvergence pessimism                          -0.01       0.17
  clock uncertainty                                       0.10       0.27
  library hold time                                      -0.01       0.25
  data required time                                                 0.25
  ------------------------------------------------------------------------------
  data required time                                                 0.25
  data arrival time                                                 -0.25
  ------------------------------------------------------------------------------
  slack (MET)                                                        0.00


  Startpoint: u_core/core_i/if_stage_i/pc_id_o_reg[18]
               (rising edge-triggered flip-flop clocked by clk_i)
  Endpoint: u_core/core_i/cs_registers_i/depc_q_reg[18]
               (rising edge-triggered flip-flop clocked by clk_i)
  Last common pin: u_core/core_i/sleep_unit_i/core_clock_gate_i/u_icg/GCLK
  Path Group: clk_i
  Path Type: min

  Point                                                   Incr       Path
  ------------------------------------------------------------------------------
  clock clk_i (rise edge)                                 0.00       0.00
  clock network delay (propagated)                        0.15       0.15
  u_core/core_i/if_stage_i/pc_id_o_reg[18]/CLK (SDFFARX1_RVT)
                                                          0.00       0.15 r
  u_core/core_i/if_stage_i/pc_id_o_reg[18]/Q (SDFFARX1_RVT)
                                                          0.06 &     0.21 f
  u_core/core_i/U3392/Y (NBUFFX4_HVT)                     0.02 &     0.23 f
  u_core/core_i/U_1_PTECO_DRC_BUF97/Y (NBUFFX8_LVT)       0.02 &     0.25 f
  u_core/core_i/cs_registers_i/U1283/Y (AO222X1_HVT)      0.02 &     0.27 f
  u_core/core_i/cs_registers_i/depc_q_reg[18]/D (SDFFARX1_RVT)
                                                          0.00 &     0.27 f
  data arrival time                                                  0.27

  clock clk_i (rise edge)                                 0.00       0.00
  clock network delay (propagated)                        0.19       0.19
  u_core/core_i/cs_registers_i/depc_q_reg[18]/CLK (SDFFARX1_RVT)     0.19 r
  clock reconvergence pessimism                          -0.00       0.19
  clock uncertainty                                       0.10       0.29
  library hold time                                      -0.02       0.27
  data required time                                                 0.27
  ------------------------------------------------------------------------------
  data required time                                                 0.27
  data arrival time                                                 -0.27
  ------------------------------------------------------------------------------
  slack (MET)                                                        0.00


  Startpoint: u_core/core_i/ex_stage_i/alu_i/alu_div_i/ResReg_DP_reg[2]
               (rising edge-triggered flip-flop clocked by clk_i)
  Endpoint: u_core/core_i/ex_stage_i/alu_i/alu_div_i/ResReg_DP_reg[1]
               (rising edge-triggered flip-flop clocked by clk_i)
  Last common pin: u_core/core_i/ZCTSINV_6417_432/Y
  Path Group: clk_i
  Path Type: min

  Point                                                   Incr       Path
  ------------------------------------------------------------------------------
  clock clk_i (rise edge)                                 0.00       0.00
  clock network delay (propagated)                        0.15       0.15
  u_core/core_i/ex_stage_i/alu_i/alu_div_i/ResReg_DP_reg[2]/CLK (SDFFARX1_RVT)
                                                          0.00       0.15 r
  u_core/core_i/ex_stage_i/alu_i/alu_div_i/ResReg_DP_reg[2]/Q (SDFFARX1_RVT)
                                                          0.07 &     0.21 r
  u_core/core_i/U4374/Y (AND2X1_HVT)                      0.02 &     0.24 r
  u_core/core_i/ex_stage_i/alu_i/alu_div_i/ResReg_DP_reg[1]/D (SDFFARX1_RVT)
                                                          0.00 &     0.24 r
  data arrival time                                                  0.24

  clock clk_i (rise edge)                                 0.00       0.00
  clock network delay (propagated)                        0.16       0.16
  u_core/core_i/ex_stage_i/alu_i/alu_div_i/ResReg_DP_reg[1]/CLK (SDFFARX1_RVT)
                                                                     0.16 r
  clock reconvergence pessimism                          -0.01       0.15
  clock uncertainty                                       0.10       0.25
  library hold time                                      -0.02       0.23
  data required time                                                 0.23
  ------------------------------------------------------------------------------
  data required time                                                 0.23
  data arrival time                                                 -0.24
  ------------------------------------------------------------------------------
  slack (MET)                                                        0.00


  Startpoint: u_core/core_i/if_stage_i/instr_rdata_id_o_reg[14]
               (rising edge-triggered flip-flop clocked by clk_i)
  Endpoint: u_core/core_i/id_stage_i/mult_operator_ex_o_reg[2]
               (rising edge-triggered flip-flop clocked by clk_i)
  Last common pin: u_core/core_i/ZCTSINV_6417_432/Y
  Path Group: clk_i
  Path Type: min

  Point                                                   Incr       Path
  ------------------------------------------------------------------------------
  clock clk_i (rise edge)                                 0.00       0.00
  clock network delay (propagated)                        0.15       0.15
  u_core/core_i/if_stage_i/instr_rdata_id_o_reg[14]/CLK (SDFFARX1_RVT)
                                                          0.00       0.15 r
  u_core/core_i/if_stage_i/instr_rdata_id_o_reg[14]/Q (SDFFARX1_RVT)
                                                          0.05 &     0.21 f
  u_core/core_i/ZBUF_688_inst_1974/Y (NBUFFX4_HVT)        0.03 &     0.23 f
  u_core/core_i/id_stage_i/U65/Y (INVX2_HVT)              0.02 &     0.25 r
  u_core/core_i/id_stage_i/U2671/Y (AND3X1_HVT)           0.04 &     0.29 r
  u_core/core_i/id_stage_i/mult_operator_ex_o_reg[2]/D (SDFFARX1_RVT)
                                                          0.00 &     0.29 r
  data arrival time                                                  0.29

  clock clk_i (rise edge)                                 0.00       0.00
  clock network delay (propagated)                        0.22       0.22
  u_core/core_i/id_stage_i/mult_operator_ex_o_reg[2]/CLK (SDFFARX1_RVT)
                                                                     0.22 r
  clock reconvergence pessimism                          -0.01       0.21
  clock uncertainty                                       0.10       0.31
  library hold time                                      -0.02       0.29
  data required time                                                 0.29
  ------------------------------------------------------------------------------
  data required time                                                 0.29
  data arrival time                                                 -0.29
  ------------------------------------------------------------------------------
  slack (MET)                                                        0.00


  Startpoint: u_core/core_i/cs_registers_i/dscratch0_q_reg[0]
               (rising edge-triggered flip-flop clocked by clk_i)
  Endpoint: u_core/core_i/cs_registers_i/dscratch0_q_reg[0]
               (rising edge-triggered flip-flop clocked by clk_i)
  Last common pin: u_core/core_i/ZCTSBUF_1943_437/Y
  Path Group: clk_i
  Path Type: min

  Point                                                   Incr       Path
  ------------------------------------------------------------------------------
  clock clk_i (rise edge)                                 0.00       0.00
  clock network delay (propagated)                        0.18       0.18
  u_core/core_i/cs_registers_i/dscratch0_q_reg[0]/CLK (SDFFARX1_RVT)
                                                          0.00       0.18 r
  u_core/core_i/cs_registers_i/dscratch0_q_reg[0]/Q (SDFFARX1_RVT)
                                                          0.07 &     0.25 f
  u_core/core_i/cs_registers_i/U262/Y (AO22X1_HVT)        0.02 &     0.27 f
  u_core/core_i/cs_registers_i/dscratch0_q_reg[0]/D (SDFFARX1_RVT)
                                                          0.00 &     0.27 f
  data arrival time                                                  0.27

  clock clk_i (rise edge)                                 0.00       0.00
  clock network delay (propagated)                        0.19       0.19
  u_core/core_i/cs_registers_i/dscratch0_q_reg[0]/CLK (SDFFARX1_RVT)
                                                                     0.19 r
  clock reconvergence pessimism                          -0.01       0.18
  clock uncertainty                                       0.10       0.28
  library hold time                                      -0.01       0.27
  data required time                                                 0.27
  ------------------------------------------------------------------------------
  data required time                                                 0.27
  data arrival time                                                 -0.27
  ------------------------------------------------------------------------------
  slack (MET)                                                        0.00

Warning: report_timing has satisfied the max_paths criteria. There are 2295 further endpoints which have paths of interest with slack less than   100.00 that were not considered when generating this report. (UITE-502)

1
