****************************************
Report : timing
        -path_type full
        -delay_type min
        -max_paths 20
        -report_by design
Design : cv32e40p_synth_wrap
Version: W-2024.09-SP2
Date   : Sat May  9 16:41:16 2026
****************************************

  Startpoint: u_core/core_i/id_stage_i/controller_i/debug_force_wakeup_q_reg (rising edge-triggered flip-flop clocked by clk_i)
  Endpoint: u_core/core_i/cs_registers_i/dcsr_q_reg[cause][8] (rising edge-triggered flip-flop clocked by clk_i)
  Mode: default
  Corner: default
  Scenario: default
  Path Group: clk_i
  Path Type: min

  Point                                            Incr      Path  
  ------------------------------------------------------------------------
  clock clk_i (rise edge)                          0.00      0.00
  clock network delay (propagated)                 0.21      0.21

  u_core/core_i/id_stage_i/controller_i/debug_force_wakeup_q_reg/CLK (SDFFARX1_RVT)
                                                   0.00      0.21 r
  u_core/core_i/id_stage_i/controller_i/debug_force_wakeup_q_reg/QN (SDFFARX1_RVT)
                                                   0.07      0.29 f
  u_core/core_i/id_stage_i/U3117/Y (AND3X1_HVT)    0.07      0.36 f
  u_core/core_i/cs_registers_i/dcsr_q_reg[cause][8]/D (SDFFARX1_RVT)
                                                   0.00      0.36 f
  data arrival time                                          0.36

  clock clk_i (rise edge)                          0.00      0.00
  clock network delay (propagated)                 0.30      0.30
  u_core/core_i/cs_registers_i/dcsr_q_reg[cause][8]/CLK (SDFFARX1_RVT)
                                                   0.00      0.30 r
  clock uncertainty                                0.10      0.40
  library hold time                               -0.04      0.36
  data required time                                         0.36
  ------------------------------------------------------------------------
  data required time                                         0.36
  data arrival time                                         -0.36
  ------------------------------------------------------------------------
  slack (MET)                                                0.00



  Startpoint: u_core/core_i/ex_stage_i/alu_i/alu_div_i/Cnt_DP_reg[0] (rising edge-triggered flip-flop clocked by clk_i)
  Endpoint: u_core/core_i/ex_stage_i/alu_i/alu_div_i/Cnt_DP_reg[1] (rising edge-triggered flip-flop clocked by clk_i)
  Mode: default
  Corner: default
  Scenario: default
  Path Group: clk_i
  Path Type: min

  Point                                            Incr      Path  
  ------------------------------------------------------------------------
  clock clk_i (rise edge)                          0.00      0.00
  clock network delay (propagated)                 0.19      0.19

  u_core/core_i/ex_stage_i/alu_i/alu_div_i/Cnt_DP_reg[0]/CLK (SDFFARX1_RVT)
                                                   0.00      0.19 r
  u_core/core_i/ex_stage_i/alu_i/alu_div_i/Cnt_DP_reg[0]/QN (SDFFARX1_RVT)
                                                   0.08      0.26 f
  u_core/core_i/U5128/Y (MUX41X1_HVT)              0.11      0.37 f
  u_core/core_i/ex_stage_i/alu_i/alu_div_i/Cnt_DP_reg[1]/D (SDFFARX1_RVT)
                                                   0.00      0.37 f
  data arrival time                                          0.37

  clock clk_i (rise edge)                          0.00      0.00
  clock network delay (propagated)                 0.30      0.30
  u_core/core_i/ex_stage_i/alu_i/alu_div_i/Cnt_DP_reg[1]/CLK (SDFFARX1_RVT)
                                                   0.00      0.30 r
  clock uncertainty                                0.10      0.40
  library hold time                               -0.04      0.36
  data required time                                         0.36
  ------------------------------------------------------------------------
  data required time                                         0.36
  data arrival time                                         -0.37
  ------------------------------------------------------------------------
  slack (MET)                                                0.01



  Startpoint: u_core/core_i/id_stage_i/regfile_waddr_ex_o_reg[1] (rising edge-triggered flip-flop clocked by clk_i)
  Endpoint: u_core/core_i/ex_stage_i/regfile_waddr_lsu_reg[1] (rising edge-triggered flip-flop clocked by clk_i)
  Mode: default
  Corner: default
  Scenario: default
  Path Group: clk_i
  Path Type: min

  Point                                            Incr      Path  
  ------------------------------------------------------------------------
  clock clk_i (rise edge)                          0.00      0.00
  clock network delay (propagated)                 0.29      0.29

  u_core/core_i/id_stage_i/regfile_waddr_ex_o_reg[1]/CLK (SDFFARX1_RVT)
                                                   0.00      0.29 r
  u_core/core_i/id_stage_i/regfile_waddr_ex_o_reg[1]/QN (SDFFARX1_RVT)
                                                   0.09      0.38 f
  u_core/core_i/U5096/Y (INVX1_HVT)                0.03      0.40 r
  u_core/core_i/ex_stage_i/regfile_waddr_lsu_reg[1]/D (SDFFARX1_RVT)
                                                   0.00      0.40 r
  data arrival time                                          0.40

  clock clk_i (rise edge)                          0.00      0.00
  clock network delay (propagated)                 0.30      0.30
  u_core/core_i/ex_stage_i/regfile_waddr_lsu_reg[1]/CLK (SDFFARX1_RVT)
                                                   0.00      0.30 r
  clock uncertainty                                0.10      0.40
  library hold time                               -0.04      0.36
  data required time                                         0.36
  ------------------------------------------------------------------------
  data required time                                         0.36
  data arrival time                                         -0.40
  ------------------------------------------------------------------------
  slack (MET)                                                0.04



  Startpoint: u_core/core_i/id_stage_i/regfile_waddr_ex_o_reg[0] (rising edge-triggered flip-flop clocked by clk_i)
  Endpoint: u_core/core_i/ex_stage_i/regfile_waddr_lsu_reg[0] (rising edge-triggered flip-flop clocked by clk_i)
  Mode: default
  Corner: default
  Scenario: default
  Path Group: clk_i
  Path Type: min

  Point                                            Incr      Path  
  ------------------------------------------------------------------------
  clock clk_i (rise edge)                          0.00      0.00
  clock network delay (propagated)                 0.29      0.29

  u_core/core_i/id_stage_i/regfile_waddr_ex_o_reg[0]/CLK (SDFFARX1_RVT)
                                                   0.00      0.29 r
  u_core/core_i/id_stage_i/regfile_waddr_ex_o_reg[0]/QN (SDFFARX1_RVT)
                                                   0.09      0.38 f
  u_core/core_i/U5095/Y (INVX1_HVT)                0.03      0.40 r
  u_core/core_i/ex_stage_i/regfile_waddr_lsu_reg[0]/D (SDFFARX1_RVT)
                                                   0.00      0.40 r
  data arrival time                                          0.40

  clock clk_i (rise edge)                          0.00      0.00
  clock network delay (propagated)                 0.30      0.30
  u_core/core_i/ex_stage_i/regfile_waddr_lsu_reg[0]/CLK (SDFFARX1_RVT)
                                                   0.00      0.30 r
  clock uncertainty                                0.10      0.40
  library hold time                               -0.04      0.36
  data required time                                         0.36
  ------------------------------------------------------------------------
  data required time                                         0.36
  data arrival time                                         -0.40
  ------------------------------------------------------------------------
  slack (MET)                                                0.04



  Startpoint: u_core/core_i/id_stage_i/regfile_waddr_ex_o_reg[3] (rising edge-triggered flip-flop clocked by clk_i)
  Endpoint: u_core/core_i/ex_stage_i/regfile_waddr_lsu_reg[3] (rising edge-triggered flip-flop clocked by clk_i)
  Mode: default
  Corner: default
  Scenario: default
  Path Group: clk_i
  Path Type: min

  Point                                            Incr      Path  
  ------------------------------------------------------------------------
  clock clk_i (rise edge)                          0.00      0.00
  clock network delay (propagated)                 0.29      0.29

  u_core/core_i/id_stage_i/regfile_waddr_ex_o_reg[3]/CLK (SDFFARX1_RVT)
                                                   0.00      0.29 r
  u_core/core_i/id_stage_i/regfile_waddr_ex_o_reg[3]/QN (SDFFARX1_RVT)
                                                   0.09      0.38 f
  u_core/core_i/U5098/Y (INVX1_HVT)                0.02      0.41 r
  u_core/core_i/ex_stage_i/regfile_waddr_lsu_reg[3]/D (SDFFARX1_RVT)
                                                   0.00      0.41 r
  data arrival time                                          0.41

  clock clk_i (rise edge)                          0.00      0.00
  clock network delay (propagated)                 0.30      0.30
  u_core/core_i/ex_stage_i/regfile_waddr_lsu_reg[3]/CLK (SDFFARX1_RVT)
                                                   0.00      0.30 r
  clock uncertainty                                0.10      0.40
  library hold time                               -0.04      0.36
  data required time                                         0.36
  ------------------------------------------------------------------------
  data required time                                         0.36
  data arrival time                                         -0.41
  ------------------------------------------------------------------------
  slack (MET)                                                0.05



  Startpoint: u_core/core_i/id_stage_i/controller_i/illegal_insn_q_reg (rising edge-triggered flip-flop clocked by clk_i)
  Endpoint: u_core/core_i/cs_registers_i/mcause_q_reg[0] (rising edge-triggered flip-flop clocked by clk_i)
  Mode: default
  Corner: default
  Scenario: default
  Path Group: clk_i
  Path Type: min

  Point                                            Incr      Path  
  ------------------------------------------------------------------------
  clock clk_i (rise edge)                          0.00      0.00
  clock network delay (propagated)                 0.21      0.21

  u_core/core_i/id_stage_i/controller_i/illegal_insn_q_reg/CLK (SDFFARX1_RVT)
                                                   0.00      0.21 r
  u_core/core_i/id_stage_i/controller_i/illegal_insn_q_reg/QN (SDFFARX1_RVT)
                                                   0.09      0.31 f
  u_core/core_i/id_stage_i/U2603/Y (AO21X1_HVT)    0.08      0.38 f
  u_core/core_i/cs_registers_i/U1237/Y (AO22X1_HVT)
                                                   0.07      0.45 f
  u_core/core_i/cs_registers_i/mcause_q_reg[0]/D (SDFFARX1_RVT)
                                                   0.00      0.45 f
  data arrival time                                          0.45

  clock clk_i (rise edge)                          0.00      0.00
  clock network delay (propagated)                 0.34      0.34
  u_core/core_i/cs_registers_i/mcause_q_reg[0]/CLK (SDFFARX1_RVT)
                                                   0.00      0.34 r
  clock uncertainty                                0.10      0.44
  library hold time                               -0.03      0.40
  data required time                                         0.40
  ------------------------------------------------------------------------
  data required time                                         0.40
  data arrival time                                         -0.45
  ------------------------------------------------------------------------
  slack (MET)                                                0.05



  Startpoint: u_core/core_i/id_stage_i/regfile_waddr_ex_o_reg[4] (rising edge-triggered flip-flop clocked by clk_i)
  Endpoint: u_core/core_i/ex_stage_i/regfile_waddr_lsu_reg[4] (rising edge-triggered flip-flop clocked by clk_i)
  Mode: default
  Corner: default
  Scenario: default
  Path Group: clk_i
  Path Type: min

  Point                                            Incr      Path  
  ------------------------------------------------------------------------
  clock clk_i (rise edge)                          0.00      0.00
  clock network delay (propagated)                 0.29      0.29

  u_core/core_i/id_stage_i/regfile_waddr_ex_o_reg[4]/CLK (SDFFARX1_RVT)
                                                   0.00      0.29 r
  u_core/core_i/id_stage_i/regfile_waddr_ex_o_reg[4]/QN (SDFFARX1_RVT)
                                                   0.09      0.38 f
  u_core/core_i/U5099/Y (INVX1_HVT)                0.03      0.41 r
  u_core/core_i/ex_stage_i/regfile_waddr_lsu_reg[4]/D (SDFFARX1_RVT)
                                                   0.00      0.41 r
  data arrival time                                          0.41

  clock clk_i (rise edge)                          0.00      0.00
  clock network delay (propagated)                 0.30      0.30
  u_core/core_i/ex_stage_i/regfile_waddr_lsu_reg[4]/CLK (SDFFARX1_RVT)
                                                   0.00      0.30 r
  clock uncertainty                                0.10      0.40
  library hold time                               -0.04      0.36
  data required time                                         0.36
  ------------------------------------------------------------------------
  data required time                                         0.36
  data arrival time                                         -0.41
  ------------------------------------------------------------------------
  slack (MET)                                                0.05



  Startpoint: u_core/core_i/cs_registers_i/mhpmcounter_q_reg[2][0] (rising edge-triggered flip-flop clocked by clk_i)
  Endpoint: u_core/core_i/cs_registers_i/mhpmcounter_q_reg[2][0] (rising edge-triggered flip-flop clocked by clk_i)
  Mode: default
  Corner: default
  Scenario: default
  Path Group: clk_i
  Path Type: min

  Point                                            Incr      Path  
  ------------------------------------------------------------------------
  clock clk_i (rise edge)                          0.00      0.00
  clock network delay (propagated)                 0.30      0.30

  u_core/core_i/cs_registers_i/mhpmcounter_q_reg[2][0]/CLK (SDFFARX1_RVT)
                                                   0.00      0.30 r
  u_core/core_i/cs_registers_i/mhpmcounter_q_reg[2][0]/QN (SDFFARX1_RVT)
                                                   0.08      0.38 f
  u_core/core_i/cs_registers_i/U1860/Y (AO22X1_HVT)
                                                   0.05      0.43 f
  u_core/core_i/cs_registers_i/mhpmcounter_q_reg[2][0]/D (SDFFARX1_RVT)
                                                   0.00      0.43 f
  data arrival time                                          0.43

  clock clk_i (rise edge)                          0.00      0.00
  clock network delay (propagated)                 0.32      0.32
  u_core/core_i/cs_registers_i/mhpmcounter_q_reg[2][0]/CLK (SDFFARX1_RVT)
                                                   0.00      0.32 r
  clock uncertainty                                0.10      0.42
  library hold time                               -0.03      0.38
  data required time                                         0.38
  ------------------------------------------------------------------------
  data required time                                         0.38
  data arrival time                                         -0.43
  ------------------------------------------------------------------------
  slack (MET)                                                0.05



  Startpoint: u_core/core_i/cs_registers_i/mhpmcounter_q_reg[0][0] (rising edge-triggered flip-flop clocked by clk_i)
  Endpoint: u_core/core_i/cs_registers_i/mhpmcounter_q_reg[0][0] (rising edge-triggered flip-flop clocked by clk_i)
  Mode: default
  Corner: default
  Scenario: default
  Path Group: clk_i
  Path Type: min

  Point                                            Incr      Path  
  ------------------------------------------------------------------------
  clock clk_i (rise edge)                          0.00      0.00
  clock network delay (propagated)                 0.31      0.31

  u_core/core_i/cs_registers_i/mhpmcounter_q_reg[0][0]/CLK (SDFFARX1_RVT)
                                                   0.00      0.31 r
  u_core/core_i/cs_registers_i/mhpmcounter_q_reg[0][0]/QN (SDFFARX1_RVT)
                                                   0.08      0.39 f
  u_core/core_i/cs_registers_i/U2121/Y (AO22X1_HVT)
                                                   0.05      0.44 f
  u_core/core_i/cs_registers_i/mhpmcounter_q_reg[0][0]/D (SDFFARX1_RVT)
                                                   0.00      0.44 f
  data arrival time                                          0.44

  clock clk_i (rise edge)                          0.00      0.00
  clock network delay (propagated)                 0.32      0.32
  u_core/core_i/cs_registers_i/mhpmcounter_q_reg[0][0]/CLK (SDFFARX1_RVT)
                                                   0.00      0.32 r
  clock uncertainty                                0.10      0.42
  library hold time                               -0.03      0.39
  data required time                                         0.39
  ------------------------------------------------------------------------
  data required time                                         0.39
  data arrival time                                         -0.44
  ------------------------------------------------------------------------
  slack (MET)                                                0.05



  Startpoint: u_core/core_i/cs_registers_i/mhpmcounter_q_reg[3][0] (rising edge-triggered flip-flop clocked by clk_i)
  Endpoint: u_core/core_i/cs_registers_i/mhpmcounter_q_reg[3][0] (rising edge-triggered flip-flop clocked by clk_i)
  Mode: default
  Corner: default
  Scenario: default
  Path Group: clk_i
  Path Type: min

  Point                                            Incr      Path  
  ------------------------------------------------------------------------
  clock clk_i (rise edge)                          0.00      0.00
  clock network delay (propagated)                 0.31      0.31

  u_core/core_i/cs_registers_i/mhpmcounter_q_reg[3][0]/CLK (SDFFARX1_RVT)
                                                   0.00      0.31 r
  u_core/core_i/cs_registers_i/mhpmcounter_q_reg[3][0]/QN (SDFFARX1_RVT)
                                                   0.08      0.38 f
  u_core/core_i/cs_registers_i/U1597/Y (AO22X1_HVT)
                                                   0.05      0.43 f
  u_core/core_i/cs_registers_i/mhpmcounter_q_reg[3][0]/D (SDFFARX1_RVT)
                                                   0.00      0.43 f
  data arrival time                                          0.43

  clock clk_i (rise edge)                          0.00      0.00
  clock network delay (propagated)                 0.32      0.32
  u_core/core_i/cs_registers_i/mhpmcounter_q_reg[3][0]/CLK (SDFFARX1_RVT)
                                                   0.00      0.32 r
  clock uncertainty                                0.10      0.42
  library hold time                               -0.03      0.38
  data required time                                         0.38
  ------------------------------------------------------------------------
  data required time                                         0.38
  data arrival time                                         -0.43
  ------------------------------------------------------------------------
  slack (MET)                                                0.05



  Startpoint: u_core/core_i/id_stage_i/controller_i/debug_force_wakeup_q_reg (rising edge-triggered flip-flop clocked by clk_i)
  Endpoint: u_core/core_i/cs_registers_i/dcsr_q_reg[cause][7] (rising edge-triggered flip-flop clocked by clk_i)
  Mode: default
  Corner: default
  Scenario: default
  Path Group: clk_i
  Path Type: min

  Point                                            Incr      Path  
  ------------------------------------------------------------------------
  clock clk_i (rise edge)                          0.00      0.00
  clock network delay (propagated)                 0.21      0.21

  u_core/core_i/id_stage_i/controller_i/debug_force_wakeup_q_reg/CLK (SDFFARX1_RVT)
                                                   0.00      0.21 r
  u_core/core_i/id_stage_i/controller_i/debug_force_wakeup_q_reg/Q (SDFFARX1_RVT)
                                                   0.12      0.33 f
  u_core/core_i/id_stage_i/U3116/Y (AO22X1_HVT)    0.08      0.41 f
  u_core/core_i/cs_registers_i/dcsr_q_reg[cause][7]/D (SDFFARX1_RVT)
                                                   0.00      0.41 f
  data arrival time                                          0.41

  clock clk_i (rise edge)                          0.00      0.00
  clock network delay (propagated)                 0.30      0.30
  u_core/core_i/cs_registers_i/dcsr_q_reg[cause][7]/CLK (SDFFARX1_RVT)
                                                   0.00      0.30 r
  clock uncertainty                                0.10      0.40
  library hold time                               -0.04      0.36
  data required time                                         0.36
  ------------------------------------------------------------------------
  data required time                                         0.36
  data arrival time                                         -0.41
  ------------------------------------------------------------------------
  slack (MET)                                                0.05



  Startpoint: u_core/core_i/id_stage_i/regfile_waddr_ex_o_reg[2] (rising edge-triggered flip-flop clocked by clk_i)
  Endpoint: u_core/core_i/ex_stage_i/regfile_waddr_lsu_reg[2] (rising edge-triggered flip-flop clocked by clk_i)
  Mode: default
  Corner: default
  Scenario: default
  Path Group: clk_i
  Path Type: min

  Point                                            Incr      Path  
  ------------------------------------------------------------------------
  clock clk_i (rise edge)                          0.00      0.00
  clock network delay (propagated)                 0.29      0.29

  u_core/core_i/id_stage_i/regfile_waddr_ex_o_reg[2]/CLK (SDFFARX1_RVT)
                                                   0.00      0.29 r
  u_core/core_i/id_stage_i/regfile_waddr_ex_o_reg[2]/QN (SDFFARX1_RVT)
                                                   0.09      0.38 f
  u_core/core_i/U5097/Y (INVX1_HVT)                0.03      0.41 r
  u_core/core_i/ex_stage_i/regfile_waddr_lsu_reg[2]/D (SDFFARX1_RVT)
                                                   0.00      0.41 r
  data arrival time                                          0.41

  clock clk_i (rise edge)                          0.00      0.00
  clock network delay (propagated)                 0.30      0.30
  u_core/core_i/ex_stage_i/regfile_waddr_lsu_reg[2]/CLK (SDFFARX1_RVT)
                                                   0.00      0.30 r
  clock uncertainty                                0.10      0.40
  library hold time                               -0.04      0.36
  data required time                                         0.36
  ------------------------------------------------------------------------
  data required time                                         0.36
  data arrival time                                         -0.41
  ------------------------------------------------------------------------
  slack (MET)                                                0.05



  Startpoint: u_core/core_i/if_stage_i/aligner_i/pc_q_reg[11] (rising edge-triggered flip-flop clocked by clk_i)
  Endpoint: u_core/core_i/if_stage_i/pc_id_o_reg[11] (rising edge-triggered flip-flop clocked by clk_i)
  Mode: default
  Corner: default
  Scenario: default
  Path Group: clk_i
  Path Type: min

  Point                                            Incr      Path  
  ------------------------------------------------------------------------
  clock clk_i (rise edge)                          0.00      0.00
  clock network delay (propagated)                 0.29      0.29

  u_core/core_i/if_stage_i/aligner_i/pc_q_reg[11]/CLK (SDFFARX1_RVT)
                                                   0.00      0.29 r
  u_core/core_i/if_stage_i/aligner_i/pc_q_reg[11]/Q (SDFFARX1_RVT)
                                                   0.12      0.41 f
  u_core/core_i/ZBUF_51_inst_1333/Y (NBUFFX4_HVT)
                                                   0.05      0.46 f
  u_core/core_i/if_stage_i/pc_id_o_reg[11]/D (SDFFARX1_RVT)
                                                   0.00      0.47 f
  data arrival time                                          0.47

  clock clk_i (rise edge)                          0.00      0.00
  clock network delay (propagated)                 0.35      0.35
  u_core/core_i/if_stage_i/pc_id_o_reg[11]/CLK (SDFFARX1_RVT)
                                                   0.00      0.35 r
  clock uncertainty                                0.10      0.45
  library hold time                               -0.04      0.41
  data required time                                         0.41
  ------------------------------------------------------------------------
  data required time                                         0.41
  data arrival time                                         -0.47
  ------------------------------------------------------------------------
  slack (MET)                                                0.06



  Startpoint: u_core/core_i/if_stage_i/prefetch_buffer_i/instruction_obi_i/state_q_reg (rising edge-triggered flip-flop clocked by clk_i)
  Endpoint: u_core/core_i/if_stage_i/prefetch_buffer_i/instruction_obi_i/gen_no_trans_stable.obi_addr_q_reg[29] (rising edge-triggered flip-flop clocked by clk_i)
  Mode: default
  Corner: default
  Scenario: default
  Path Group: clk_i
  Path Type: min

  Point                                            Incr      Path  
  ------------------------------------------------------------------------
  clock clk_i (rise edge)                          0.00      0.00
  clock network delay (propagated)                 0.21      0.21

  u_core/core_i/if_stage_i/prefetch_buffer_i/instruction_obi_i/state_q_reg/CLK (SDFFARX1_RVT)
                                                   0.00      0.21 r
  u_core/core_i/if_stage_i/prefetch_buffer_i/instruction_obi_i/state_q_reg/Q (SDFFARX1_RVT)
                                                   0.12      0.32 f
  u_core/core_i/U288/Y (NBUFFX4_HVT)               0.05      0.38 f
  u_core/core_i/U5472/Y (AO22X1_HVT)               0.08      0.46 f
  u_core/core_i/if_stage_i/prefetch_buffer_i/instruction_obi_i/gen_no_trans_stable.obi_addr_q_reg[29]/D (SDFFARX1_RVT)
                                                   0.00      0.46 f
  data arrival time                                          0.46

  clock clk_i (rise edge)                          0.00      0.00
  clock network delay (propagated)                 0.33      0.33
  u_core/core_i/if_stage_i/prefetch_buffer_i/instruction_obi_i/gen_no_trans_stable.obi_addr_q_reg[29]/CLK (SDFFARX1_RVT)
                                                   0.00      0.33 r
  clock uncertainty                                0.10      0.43
  library hold time                               -0.04      0.39
  data required time                                         0.39
  ------------------------------------------------------------------------
  data required time                                         0.39
  data arrival time                                         -0.46
  ------------------------------------------------------------------------
  slack (MET)                                                0.06



  Startpoint: u_core/core_i/if_stage_i/aligner_i/pc_q_reg[10] (rising edge-triggered flip-flop clocked by clk_i)
  Endpoint: u_core/core_i/if_stage_i/pc_id_o_reg[10] (rising edge-triggered flip-flop clocked by clk_i)
  Mode: default
  Corner: default
  Scenario: default
  Path Group: clk_i
  Path Type: min

  Point                                            Incr      Path  
  ------------------------------------------------------------------------
  clock clk_i (rise edge)                          0.00      0.00
  clock network delay (propagated)                 0.29      0.29

  u_core/core_i/if_stage_i/aligner_i/pc_q_reg[10]/CLK (SDFFARX1_RVT)
                                                   0.00      0.29 r
  u_core/core_i/if_stage_i/aligner_i/pc_q_reg[10]/Q (SDFFARX1_RVT)
                                                   0.12      0.41 f
  u_core/core_i/ZBUF_54_inst_3154/Y (NBUFFX4_HVT)
                                                   0.06      0.46 f
  u_core/core_i/if_stage_i/pc_id_o_reg[10]/D (SDFFARX1_RVT)
                                                   0.00      0.47 f
  data arrival time                                          0.47

  clock clk_i (rise edge)                          0.00      0.00
  clock network delay (propagated)                 0.35      0.35
  u_core/core_i/if_stage_i/pc_id_o_reg[10]/CLK (SDFFARX1_RVT)
                                                   0.00      0.35 r
  clock uncertainty                                0.10      0.45
  library hold time                               -0.04      0.40
  data required time                                         0.40
  ------------------------------------------------------------------------
  data required time                                         0.40
  data arrival time                                         -0.47
  ------------------------------------------------------------------------
  slack (MET)                                                0.06



  Startpoint: u_core/core_i/if_stage_i/aligner_i/pc_q_reg[12] (rising edge-triggered flip-flop clocked by clk_i)
  Endpoint: u_core/core_i/if_stage_i/pc_id_o_reg[12] (rising edge-triggered flip-flop clocked by clk_i)
  Mode: default
  Corner: default
  Scenario: default
  Path Group: clk_i
  Path Type: min

  Point                                            Incr      Path  
  ------------------------------------------------------------------------
  clock clk_i (rise edge)                          0.00      0.00
  clock network delay (propagated)                 0.29      0.29

  u_core/core_i/if_stage_i/aligner_i/pc_q_reg[12]/CLK (SDFFARX1_RVT)
                                                   0.00      0.29 r
  u_core/core_i/if_stage_i/aligner_i/pc_q_reg[12]/Q (SDFFARX1_RVT)
                                                   0.12      0.41 f
  u_core/core_i/ZBUF_47_inst_3259/Y (NBUFFX4_HVT)
                                                   0.06      0.47 f
  u_core/core_i/if_stage_i/pc_id_o_reg[12]/D (SDFFARX1_RVT)
                                                   0.00      0.47 f
  data arrival time                                          0.47

  clock clk_i (rise edge)                          0.00      0.00
  clock network delay (propagated)                 0.35      0.35
  u_core/core_i/if_stage_i/pc_id_o_reg[12]/CLK (SDFFARX1_RVT)
                                                   0.00      0.35 r
  clock uncertainty                                0.10      0.45
  library hold time                               -0.04      0.40
  data required time                                         0.40
  ------------------------------------------------------------------------
  data required time                                         0.40
  data arrival time                                         -0.47
  ------------------------------------------------------------------------
  slack (MET)                                                0.06



  Startpoint: u_core/core_i/if_stage_i/prefetch_buffer_i/instruction_obi_i/state_q_reg (rising edge-triggered flip-flop clocked by clk_i)
  Endpoint: u_core/core_i/if_stage_i/prefetch_buffer_i/instruction_obi_i/gen_no_trans_stable.obi_addr_q_reg[30] (rising edge-triggered flip-flop clocked by clk_i)
  Mode: default
  Corner: default
  Scenario: default
  Path Group: clk_i
  Path Type: min

  Point                                            Incr      Path  
  ------------------------------------------------------------------------
  clock clk_i (rise edge)                          0.00      0.00
  clock network delay (propagated)                 0.21      0.21

  u_core/core_i/if_stage_i/prefetch_buffer_i/instruction_obi_i/state_q_reg/CLK (SDFFARX1_RVT)
                                                   0.00      0.21 r
  u_core/core_i/if_stage_i/prefetch_buffer_i/instruction_obi_i/state_q_reg/Q (SDFFARX1_RVT)
                                                   0.12      0.32 f
  u_core/core_i/U288/Y (NBUFFX4_HVT)               0.05      0.38 f
  u_core/core_i/U5477/Y (AO22X1_HVT)               0.08      0.46 f
  u_core/core_i/if_stage_i/prefetch_buffer_i/instruction_obi_i/gen_no_trans_stable.obi_addr_q_reg[30]/D (SDFFARX1_RVT)
                                                   0.00      0.46 f
  data arrival time                                          0.46

  clock clk_i (rise edge)                          0.00      0.00
  clock network delay (propagated)                 0.33      0.33
  u_core/core_i/if_stage_i/prefetch_buffer_i/instruction_obi_i/gen_no_trans_stable.obi_addr_q_reg[30]/CLK (SDFFARX1_RVT)
                                                   0.00      0.33 r
  clock uncertainty                                0.10      0.43
  library hold time                               -0.04      0.39
  data required time                                         0.39
  ------------------------------------------------------------------------
  data required time                                         0.39
  data arrival time                                         -0.46
  ------------------------------------------------------------------------
  slack (MET)                                                0.06



  Startpoint: u_core/core_i/if_stage_i/aligner_i/pc_q_reg[8] (rising edge-triggered flip-flop clocked by clk_i)
  Endpoint: u_core/core_i/if_stage_i/pc_id_o_reg[8] (rising edge-triggered flip-flop clocked by clk_i)
  Mode: default
  Corner: default
  Scenario: default
  Path Group: clk_i
  Path Type: min

  Point                                            Incr      Path  
  ------------------------------------------------------------------------
  clock clk_i (rise edge)                          0.00      0.00
  clock network delay (propagated)                 0.29      0.29

  u_core/core_i/if_stage_i/aligner_i/pc_q_reg[8]/CLK (SDFFARX1_RVT)
                                                   0.00      0.29 r
  u_core/core_i/if_stage_i/aligner_i/pc_q_reg[8]/Q (SDFFARX1_RVT)
                                                   0.12      0.41 f
  u_core/core_i/ZBUF_57_inst_2924/Y (NBUFFX4_HVT)
                                                   0.05      0.47 f
  u_core/core_i/if_stage_i/pc_id_o_reg[8]/D (SDFFARX1_RVT)
                                                   0.00      0.47 f
  data arrival time                                          0.47

  clock clk_i (rise edge)                          0.00      0.00
  clock network delay (propagated)                 0.35      0.35
  u_core/core_i/if_stage_i/pc_id_o_reg[8]/CLK (SDFFARX1_RVT)
                                                   0.00      0.35 r
  clock uncertainty                                0.10      0.45
  library hold time                               -0.04      0.41
  data required time                                         0.41
  ------------------------------------------------------------------------
  data required time                                         0.41
  data arrival time                                         -0.47
  ------------------------------------------------------------------------
  slack (MET)                                                0.06



  Startpoint: u_core/core_i/if_stage_i/prefetch_buffer_i/instruction_obi_i/state_q_reg (rising edge-triggered flip-flop clocked by clk_i)
  Endpoint: u_core/core_i/if_stage_i/prefetch_buffer_i/instruction_obi_i/gen_no_trans_stable.obi_addr_q_reg[31] (rising edge-triggered flip-flop clocked by clk_i)
  Mode: default
  Corner: default
  Scenario: default
  Path Group: clk_i
  Path Type: min

  Point                                            Incr      Path  
  ------------------------------------------------------------------------
  clock clk_i (rise edge)                          0.00      0.00
  clock network delay (propagated)                 0.21      0.21

  u_core/core_i/if_stage_i/prefetch_buffer_i/instruction_obi_i/state_q_reg/CLK (SDFFARX1_RVT)
                                                   0.00      0.21 r
  u_core/core_i/if_stage_i/prefetch_buffer_i/instruction_obi_i/state_q_reg/Q (SDFFARX1_RVT)
                                                   0.12      0.32 f
  u_core/core_i/U288/Y (NBUFFX4_HVT)               0.05      0.38 f
  u_core/core_i/U5482/Y (AO22X1_HVT)               0.08      0.46 f
  u_core/core_i/if_stage_i/prefetch_buffer_i/instruction_obi_i/gen_no_trans_stable.obi_addr_q_reg[31]/D (SDFFARX1_RVT)
                                                   0.00      0.46 f
  data arrival time                                          0.46

  clock clk_i (rise edge)                          0.00      0.00
  clock network delay (propagated)                 0.33      0.33
  u_core/core_i/if_stage_i/prefetch_buffer_i/instruction_obi_i/gen_no_trans_stable.obi_addr_q_reg[31]/CLK (SDFFARX1_RVT)
                                                   0.00      0.33 r
  clock uncertainty                                0.10      0.43
  library hold time                               -0.04      0.39
  data required time                                         0.39
  ------------------------------------------------------------------------
  data required time                                         0.39
  data arrival time                                         -0.46
  ------------------------------------------------------------------------
  slack (MET)                                                0.06



  Startpoint: u_core/core_i/if_stage_i/prefetch_buffer_i/instruction_obi_i/state_q_reg (rising edge-triggered flip-flop clocked by clk_i)
  Endpoint: u_core/core_i/if_stage_i/prefetch_buffer_i/instruction_obi_i/gen_no_trans_stable.obi_addr_q_reg[25] (rising edge-triggered flip-flop clocked by clk_i)
  Mode: default
  Corner: default
  Scenario: default
  Path Group: clk_i
  Path Type: min

  Point                                            Incr      Path  
  ------------------------------------------------------------------------
  clock clk_i (rise edge)                          0.00      0.00
  clock network delay (propagated)                 0.21      0.21

  u_core/core_i/if_stage_i/prefetch_buffer_i/instruction_obi_i/state_q_reg/CLK (SDFFARX1_RVT)
                                                   0.00      0.21 r
  u_core/core_i/if_stage_i/prefetch_buffer_i/instruction_obi_i/state_q_reg/Q (SDFFARX1_RVT)
                                                   0.12      0.32 f
  u_core/core_i/U288/Y (NBUFFX4_HVT)               0.05      0.38 f
  u_core/core_i/U5453/Y (AO22X1_HVT)               0.08      0.46 f
  u_core/core_i/if_stage_i/prefetch_buffer_i/instruction_obi_i/gen_no_trans_stable.obi_addr_q_reg[25]/D (SDFFARX1_RVT)
                                                   0.00      0.46 f
  data arrival time                                          0.46

  clock clk_i (rise edge)                          0.00      0.00
  clock network delay (propagated)                 0.33      0.33
  u_core/core_i/if_stage_i/prefetch_buffer_i/instruction_obi_i/gen_no_trans_stable.obi_addr_q_reg[25]/CLK (SDFFARX1_RVT)
                                                   0.00      0.33 r
  clock uncertainty                                0.10      0.43
  library hold time                               -0.04      0.39
  data required time                                         0.39
  ------------------------------------------------------------------------
  data required time                                         0.39
  data arrival time                                         -0.46
  ------------------------------------------------------------------------
  slack (MET)                                                0.06


1
