****************************************
Report : constraint
	-all_violators
	-path slack_only
Design : cv32e40p_synth_wrap
Version: W-2024.09-SP5-3
Date   : Sun May 10 11:59:06 2026
****************************************



   min_delay/hold ('clk_i' group)

   Endpoint                                                  Slack
   -----------------------------------------------------------------
   u_core/core_i/cs_registers_i/mhpmcounter_q_reg[2][0]/D    -0.02  (VIOLATED)
   u_core/core_i/cs_registers_i/mhpmcounter_q_reg[3][0]/D    -0.02  (VIOLATED)
   u_core/core_i/cs_registers_i/mhpmcounter_q_reg[0][0]/D    -0.02  (VIOLATED)
   u_core/core_i/cs_registers_i/mhpmcounter_q_reg[2][33]/D
                                                             -0.02  (VIOLATED)
   u_core/core_i/cs_registers_i/mhpmcounter_q_reg[2][36]/D
                                                             -0.02  (VIOLATED)
   u_core/core_i/cs_registers_i/mhpmcounter_q_reg[2][34]/D
                                                             -0.02  (VIOLATED)
   u_core/core_i/cs_registers_i/mhpmcounter_q_reg[2][55]/D
                                                             -0.02  (VIOLATED)
   u_core/core_i/cs_registers_i/mhpmcounter_q_reg[2][35]/D
                                                             -0.02  (VIOLATED)
   u_core/core_i/cs_registers_i/mhpmcounter_q_reg[2][32]/D
                                                             -0.02  (VIOLATED)
   u_core/core_i/cs_registers_i/mhpmcounter_q_reg[2][63]/D
                                                             -0.02  (VIOLATED)
   u_core/core_i/cs_registers_i/mhpmcounter_q_reg[2][57]/D
                                                             -0.02  (VIOLATED)
   u_core/core_i/cs_registers_i/mhpmcounter_q_reg[2][56]/D
                                                             -0.02  (VIOLATED)
   u_core/core_i/cs_registers_i/mhpmcounter_q_reg[2][58]/D
                                                             -0.02  (VIOLATED)
   u_core/core_i/cs_registers_i/mhpmcounter_q_reg[2][59]/D
                                                             -0.02  (VIOLATED)
   u_core/core_i/cs_registers_i/mhpmcounter_q_reg[2][54]/D
                                                             -0.02  (VIOLATED)
   u_core/core_i/cs_registers_i/mhpmcounter_q_reg[2][62]/D
                                                             -0.02  (VIOLATED)
   u_core/core_i/cs_registers_i/mhpmcounter_q_reg[2][60]/D
                                                             -0.02  (VIOLATED)
   u_core/core_i/cs_registers_i/mhpmcounter_q_reg[2][61]/D
                                                             -0.01  (VIOLATED)
   u_core/core_i/cs_registers_i/mhpmcounter_q_reg[0][1]/D    -0.01  (VIOLATED)
   u_core/core_i/cs_registers_i/mhpmcounter_q_reg[2][1]/D    -0.01  (VIOLATED)
   u_core/core_i/cs_registers_i/mhpmcounter_q_reg[3][1]/D    -0.01  (VIOLATED)
   u_core/core_i/cs_registers_i/mhpmcounter_q_reg[2][53]/D
                                                             -0.01  (VIOLATED)
   u_core/core_i/cs_registers_i/mhpmcounter_q_reg[2][51]/D
                                                             -0.01  (VIOLATED)
   u_core/core_i/cs_registers_i/mhpmcounter_q_reg[2][50]/D
                                                             -0.01  (VIOLATED)
   u_core/core_i/cs_registers_i/mhpmcounter_q_reg[2][49]/D
                                                             -0.01  (VIOLATED)
   u_core/core_i/cs_registers_i/mhpmcounter_q_reg[2][37]/D
                                                             -0.01  (VIOLATED)
   u_core/core_i/cs_registers_i/mhpmcounter_q_reg[2][46]/D
                                                             -0.01  (VIOLATED)
   u_core/core_i/cs_registers_i/mhpmcounter_q_reg[2][40]/D
                                                             -0.01  (VIOLATED)
   u_core/core_i/cs_registers_i/mhpmcounter_q_reg[2][31]/D
                                                             -0.01  (VIOLATED)
   u_core/core_i/cs_registers_i/mhpmcounter_q_reg[2][38]/D
                                                             -0.01  (VIOLATED)
   u_core/core_i/cs_registers_i/mhpmcounter_q_reg[2][43]/D
                                                             -0.01  (VIOLATED)
   u_core/core_i/cs_registers_i/mhpmcounter_q_reg[2][26]/D
                                                              0.00  (VIOLATED: increase significant digits)
   u_core/core_i/cs_registers_i/mhpmcounter_q_reg[2][48]/D
                                                              0.00  (VIOLATED: increase significant digits)
   u_core/core_i/cs_registers_i/mhpmcounter_q_reg[2][28]/D
                                                              0.00  (VIOLATED: increase significant digits)
   u_core/core_i/cs_registers_i/mhpmcounter_q_reg[2][44]/D
                                                              0.00  (VIOLATED: increase significant digits)
   u_core/core_i/cs_registers_i/mhpmcounter_q_reg[2][30]/D
                                                              0.00  (VIOLATED: increase significant digits)
   u_core/core_i/cs_registers_i/mhpmcounter_q_reg[2][23]/D
                                                              0.00  (VIOLATED: increase significant digits)
   u_core/core_i/cs_registers_i/mhpmcounter_q_reg[2][21]/D
                                                              0.00  (VIOLATED: increase significant digits)
   u_core/core_i/cs_registers_i/mhpmcounter_q_reg[2][39]/D
                                                              0.00  (VIOLATED: increase significant digits)
   u_core/core_i/cs_registers_i/mhpmcounter_q_reg[2][29]/D
                                                              0.00  (VIOLATED: increase significant digits)
   u_core/core_i/cs_registers_i/mhpmcounter_q_reg[2][42]/D
                                                              0.00  (VIOLATED: increase significant digits)
   u_core/core_i/cs_registers_i/mhpmcounter_q_reg[2][22]/D
                                                              0.00  (VIOLATED: increase significant digits)
   u_core/core_i/cs_registers_i/mhpmcounter_q_reg[2][47]/D
                                                              0.00  (VIOLATED: increase significant digits)
   u_core/core_i/cs_registers_i/mhpmcounter_q_reg[2][52]/D
                                                              0.00  (VIOLATED: increase significant digits)
   u_core/core_i/cs_registers_i/mhpmcounter_q_reg[2][27]/D
                                                              0.00  (VIOLATED: increase significant digits)
   u_core/core_i/cs_registers_i/mhpmcounter_q_reg[2][24]/D
                                                              0.00  (VIOLATED: increase significant digits)
   u_core/core_i/cs_registers_i/mhpmcounter_q_reg[2][45]/D
                                                              0.00  (VIOLATED: increase significant digits)
   u_core/core_i/cs_registers_i/mhpmcounter_q_reg[2][41]/D
                                                              0.00  (VIOLATED: increase significant digits)
   u_core/core_i/cs_registers_i/mhpmcounter_q_reg[2][3]/D     0.00  (VIOLATED: increase significant digits)
   u_core/core_i/cs_registers_i/depc_q_reg[9]/D               0.00  (VIOLATED: increase significant digits)
   u_core/core_i/cs_registers_i/mhpmcounter_q_reg[2][2]/D     0.00  (VIOLATED: increase significant digits)




   max_capacitance

                             Required        Actual
   Pin                      Capacitance    Capacitance       Slack
   -----------------------------------------------------------------
   u_core/core_i/cs_registers_i/U83/Y
                               16.00          16.99          -0.99  (VIOLATED)
   u_core/core_i/U2357/Y       16.00          16.57          -0.57  (VIOLATED)


1
