****************************************
Report : qor
Design : cv32e40p_synth_wrap
Version: W-2024.09-SP2
Date   : Fri May  8 20:09:55 2026
****************************************
Information: The stitching and editing of coupling caps is turned OFF for design 'cv32e40p_icc2_lib:cv32e40p_synth_wrap.design'. (TIM-125)
Information: Design cv32e40p_synth_wrap has 18479 nets, 0 global routed, 18477 detail routed. (NEX-024)
Information: The RC mode used is DR for design 'cv32e40p_synth_wrap'. (NEX-022)
---extraction options---
Corner: default
Global options:
 reference_direction       : use_from_tluplus
 real_metalfill_extraction : none
 virtual_shield_extraction : true
---app options---
 host.max_cores                   : 1
 extract.connect_open           : true
 extract.enable_coupling_cap    : false
Extracting design: cv32e40p_synth_wrap 
Information: coupling capacitance is lumped to ground. (NEX-030)
Information: 18477 nets are successfully extracted. (NEX-028)
Warning: Advanced receiver model has not been enabled for detailed routed design. (TIM-204)
Information: Update timing completed net estimation for all the timing graph nets (TIM-111)
Information: Net estimation statistics: timing graph nets = 18477, routed nets = 18477, across physical hierarchy nets = 0, parasitics cached nets = 18477, delay annotated nets = 0, parasitics annotated nets = 0, multi-voltage nets = 0. (TIM-112)


Scenario           'default'
Timing Path Group  '**in2reg_default**'
----------------------------------------
Levels of Logic:                     37
Critical Path Length:              4.05
Critical Path Slack:               5.80
Critical Path Clk Period:         10.00
Total Negative Slack:              0.00
No. of Violating Paths:               0
Worst Hold Violation:              0.00
Total Hold Violation:              0.00
No. of Hold Violations:               0
----------------------------------------

Scenario           'default'
Timing Path Group  '**reg2out_default**'
----------------------------------------
Levels of Logic:                     49
Critical Path Length:              5.49
Critical Path Slack:               3.30
Critical Path Clk Period:         10.00
Total Negative Slack:              0.00
No. of Violating Paths:               0
Worst Hold Violation:              0.00
Total Hold Violation:              0.00
No. of Hold Violations:               0
----------------------------------------

Scenario           'default'
Timing Path Group  '**in2out_default**'
----------------------------------------
Levels of Logic:                     22
Critical Path Length:              3.22
Critical Path Slack:               5.66
Critical Path Clk Period:         10.00
Total Negative Slack:              0.00
No. of Violating Paths:               0
Worst Hold Violation:              0.00
Total Hold Violation:              0.00
No. of Hold Violations:               0
----------------------------------------

Scenario           'default'
Timing Path Group  'clk_i'
----------------------------------------
Levels of Logic:                     65
Critical Path Length:              7.55
Critical Path Slack:               2.24
Critical Path Clk Period:         10.00
Total Negative Slack:              0.00
No. of Violating Paths:               0
Worst Hold Violation:              0.00
Total Hold Violation:              0.00
No. of Hold Violations:               0
----------------------------------------


Cell Count
----------------------------------------
Hierarchical Cell Count:             76
Hierarchical Port Count:           3927
Leaf Cell Count:                  17472
Buf/Inv Cell Count:                5152
Buf Cell Count:                    3857
Inv Cell Count:                    1295
Combinational Cell Count:         15268
   Single-bit Isolation Cell Count:                        0
   Multi-bit Isolation Cell Count:                         0
   Isolation Cell Banking Ratio:                           0.00%
   Single-bit Level Shifter Cell Count:                    0
   Multi-bit Level Shifter Cell Count:                     0
   Level Shifter Cell Banking Ratio:                       0.00%
   Single-bit ELS Cell Count:                              0
   Multi-bit ELS Cell Count:                               0
   ELS Cell Banking Ratio:                                 0.00%
Sequential Cell Count:             2204
   Integrated Clock-Gating Cell Count:                     74
   Sequential Macro Cell Count:                            0
   Single-bit Sequential Cell Count:                       2130
   Multi-bit Sequential Cell Count:                        0
   Sequential Cell Banking Ratio:                          0.00%
   BitsPerflop:                                            1.00
Macro Count:                          0
----------------------------------------


Area
----------------------------------------
Combinational Area:            38614.89
Noncombinational Area:         20004.18
Buf/Inv Area:                  11378.28
Total Buffer Area:              9409.43
Total Inverter Area:            1968.85
Macro/Black Box Area:              0.00
Net Area:                             0
Net XLength:                  379988.72
Net YLength:                  441440.82
----------------------------------------
Cell Area (netlist):                          58619.08
Cell Area (netlist and physical only):        58619.08
Net Length:                   821429.54


Design Rules
----------------------------------------
Total Number of Nets:             19903
Nets with Violations:               309
Max Trans Violations:                 5
Max Cap Violations:                 309
----------------------------------------

1
