****************************************
Report : clock timing
        -type skew
        -nworst 20
        -hold
Design : cv32e40p_synth_wrap
Version: W-2024.09-SP2
Date   : Sun May 10 00:27:59 2026
****************************************

  Mode: default
  Clock: clk_i

  Clock Pin                                          Latency      Skew             Corner
---------------------------------------------------------------------------------------------------
  u_core/core_i/id_stage_i/controller_i/debug_req_q_reg/CLK
                                                        0.04              rp-+    default
  u_core/core_i/id_stage_i/mult_operand_b_ex_o_reg[13]/CLK
                                                        0.35      0.30    rp-+    default

  u_core/core_i/id_stage_i/controller_i/debug_req_q_reg/CLK
                                                        0.04              rp-+    default
  u_core/core_i/id_stage_i/mult_operand_b_ex_o_reg[12]/CLK
                                                        0.35      0.30    rp-+    default

  u_core/core_i/id_stage_i/controller_i/debug_req_q_reg/CLK
                                                        0.04              rp-+    default
  u_core/core_i/id_stage_i/mult_operand_b_ex_o_reg[14]/CLK
                                                        0.35      0.30    rp-+    default

  u_core/core_i/id_stage_i/controller_i/debug_req_q_reg/CLK
                                                        0.04              rp-+    default
  u_core/core_i/id_stage_i/mult_operand_b_ex_o_reg[20]/CLK
                                                        0.35      0.30    rp-+    default

  u_core/core_i/id_stage_i/controller_i/debug_req_q_reg/CLK
                                                        0.04              rp-+    default
  u_core/core_i/id_stage_i/mult_operand_b_ex_o_reg[5]/CLK
                                                        0.35      0.30    rp-+    default

  u_core/core_i/id_stage_i/controller_i/debug_req_q_reg/CLK
                                                        0.04              rp-+    default
  u_core/core_i/id_stage_i/mult_operand_b_ex_o_reg[18]/CLK
                                                        0.35      0.30    rp-+    default

  u_core/core_i/id_stage_i/controller_i/debug_req_q_reg/CLK
                                                        0.04              rp-+    default
  u_core/core_i/id_stage_i/mult_operand_b_ex_o_reg[6]/CLK
                                                        0.35      0.30    rp-+    default

  u_core/core_i/id_stage_i/controller_i/debug_req_q_reg/CLK
                                                        0.04              rp-+    default
  u_core/core_i/id_stage_i/mult_operand_b_ex_o_reg[9]/CLK
                                                        0.35      0.30    rp-+    default

  u_core/core_i/id_stage_i/controller_i/debug_req_q_reg/CLK
                                                        0.04              rp-+    default
  u_core/core_i/id_stage_i/mult_operand_b_ex_o_reg[21]/CLK
                                                        0.35      0.30    rp-+    default

  u_core/core_i/id_stage_i/controller_i/debug_req_q_reg/CLK
                                                        0.04              rp-+    default
  u_core/core_i/id_stage_i/mult_operand_b_ex_o_reg[8]/CLK
                                                        0.35      0.30    rp-+    default

  u_core/core_i/id_stage_i/controller_i/debug_req_q_reg/CLK
                                                        0.04              rp-+    default
  u_core/core_i/id_stage_i/mult_operand_b_ex_o_reg[7]/CLK
                                                        0.35      0.30    rp-+    default

  u_core/core_i/id_stage_i/controller_i/debug_req_q_reg/CLK
                                                        0.04              rp-+    default
  u_core/core_i/id_stage_i/mult_operand_b_ex_o_reg[4]/CLK
                                                        0.35      0.30    rp-+    default

  u_core/core_i/id_stage_i/controller_i/debug_req_q_reg/CLK
                                                        0.04              rp-+    default
  u_core/core_i/id_stage_i/mult_operand_b_ex_o_reg[3]/CLK
                                                        0.35      0.30    rp-+    default

  u_core/core_i/id_stage_i/controller_i/debug_req_q_reg/CLK
                                                        0.04              rp-+    default
  u_core/core_i/id_stage_i/mult_operand_b_ex_o_reg[2]/CLK
                                                        0.35      0.30    rp-+    default

  u_core/core_i/id_stage_i/controller_i/debug_req_q_reg/CLK
                                                        0.04              rp-+    default
  u_core/core_i/id_stage_i/mult_operand_b_ex_o_reg[15]/CLK
                                                        0.35      0.30    rp-+    default

  u_core/core_i/id_stage_i/controller_i/debug_req_q_reg/CLK
                                                        0.04              rp-+    default
  u_core/core_i/id_stage_i/mult_operand_b_ex_o_reg[19]/CLK
                                                        0.35      0.30    rp-+    default

  u_core/core_i/id_stage_i/controller_i/debug_req_q_reg/CLK
                                                        0.04              rp-+    default
  u_core/core_i/id_stage_i/mult_operand_b_ex_o_reg[17]/CLK
                                                        0.35      0.30    rp-+    default

  u_core/core_i/id_stage_i/controller_i/debug_req_q_reg/CLK
                                                        0.04              rp-+    default
  u_core/core_i/id_stage_i/mult_operand_b_ex_o_reg[16]/CLK
                                                        0.35      0.30    rp-+    default

  u_core/core_i/id_stage_i/controller_i/debug_req_q_reg/CLK
                                                        0.04              rp-+    default
  u_core/core_i/id_stage_i/mult_operand_b_ex_o_reg[1]/CLK
                                                        0.34      0.30    rp-+    default

  u_core/core_i/id_stage_i/controller_i/debug_req_q_reg/CLK
                                                        0.04              rp-+    default
  u_core/core_i/id_stage_i/mult_operand_b_ex_o_reg[0]/CLK
                                                        0.34      0.30    rp-+    default

---------------------------------------------------------------------------------------------------
1
