****************************************
Report : clock timing
        -type skew
        -nworst 20
        -hold
Design : cv32e40p_synth_wrap
Version: W-2024.09-SP2
Date   : Sat May  9 11:28:12 2026
****************************************

  Mode: default
  Clock: clk_i

  Clock Pin                                          Latency      Skew             Corner
---------------------------------------------------------------------------------------------------
  u_core/core_i/id_stage_i/controller_i/debug_req_q_reg/CLK
                                                        0.04              rp-+    default
  u_core/core_i/cs_registers_i/mepc_q_reg[24]/CLK       0.38      0.33    rp-+    default

  u_core/core_i/id_stage_i/controller_i/debug_req_q_reg/CLK
                                                        0.04              rp-+    default
  u_core/core_i/cs_registers_i/mepc_q_reg[28]/CLK       0.38      0.33    rp-+    default

  u_core/core_i/id_stage_i/controller_i/debug_req_q_reg/CLK
                                                        0.04              rp-+    default
  u_core/core_i/cs_registers_i/mepc_q_reg[19]/CLK       0.38      0.33    rp-+    default

  u_core/core_i/id_stage_i/controller_i/debug_req_q_reg/CLK
                                                        0.04              rp-+    default
  u_core/core_i/cs_registers_i/mcause_q_reg[1]/CLK      0.38      0.33    rp-+    default

  u_core/core_i/id_stage_i/controller_i/debug_req_q_reg/CLK
                                                        0.04              rp-+    default
  u_core/core_i/cs_registers_i/mcause_q_reg[5]/CLK      0.38      0.33    rp-+    default

  u_core/core_i/id_stage_i/controller_i/debug_req_q_reg/CLK
                                                        0.04              rp-+    default
  u_core/core_i/cs_registers_i/mcause_q_reg[0]/CLK      0.38      0.33    rp-+    default

  u_core/core_i/id_stage_i/controller_i/debug_req_q_reg/CLK
                                                        0.04              rp-+    default
  u_core/core_i/cs_registers_i/mepc_q_reg[30]/CLK       0.38      0.33    rp-+    default

  u_core/core_i/id_stage_i/controller_i/debug_req_q_reg/CLK
                                                        0.04              rp-+    default
  u_core/core_i/cs_registers_i/mepc_q_reg[26]/CLK       0.38      0.33    rp-+    default

  u_core/core_i/id_stage_i/controller_i/debug_req_q_reg/CLK
                                                        0.04              rp-+    default
  u_core/core_i/cs_registers_i/mepc_q_reg[14]/CLK       0.38      0.33    rp-+    default

  u_core/core_i/id_stage_i/controller_i/debug_req_q_reg/CLK
                                                        0.04              rp-+    default
  u_core/core_i/cs_registers_i/mepc_q_reg[22]/CLK       0.38      0.33    rp-+    default

  u_core/core_i/id_stage_i/controller_i/debug_req_q_reg/CLK
                                                        0.04              rp-+    default
  u_core/core_i/cs_registers_i/mcause_q_reg[4]/CLK      0.38      0.33    rp-+    default

  u_core/core_i/id_stage_i/controller_i/debug_req_q_reg/CLK
                                                        0.04              rp-+    default
  u_core/core_i/cs_registers_i/mcause_q_reg[3]/CLK      0.38      0.33    rp-+    default

  u_core/core_i/id_stage_i/controller_i/debug_req_q_reg/CLK
                                                        0.04              rp-+    default
  u_core/core_i/cs_registers_i/mcause_q_reg[2]/CLK      0.38      0.33    rp-+    default

  u_core/core_i/id_stage_i/controller_i/debug_req_q_reg/CLK
                                                        0.04              rp-+    default
  u_core/core_i/cs_registers_i/mepc_q_reg[11]/CLK       0.38      0.33    rp-+    default

  u_core/core_i/id_stage_i/controller_i/debug_req_q_reg/CLK
                                                        0.04              rp-+    default
  u_core/core_i/cs_registers_i/mepc_q_reg[5]/CLK        0.38      0.33    rp-+    default

  u_core/core_i/id_stage_i/controller_i/debug_req_q_reg/CLK
                                                        0.04              rp-+    default
  u_core/core_i/cs_registers_i/mepc_q_reg[6]/CLK        0.38      0.33    rp-+    default

  u_core/core_i/id_stage_i/controller_i/debug_req_q_reg/CLK
                                                        0.04              rp-+    default
  u_core/core_i/cs_registers_i/mepc_q_reg[17]/CLK       0.38      0.33    rp-+    default

  u_core/core_i/id_stage_i/controller_i/debug_req_q_reg/CLK
                                                        0.04              rp-+    default
  u_core/core_i/cs_registers_i/mepc_q_reg[4]/CLK        0.38      0.33    rp-+    default

  u_core/core_i/id_stage_i/controller_i/debug_req_q_reg/CLK
                                                        0.04              rp-+    default
  u_core/core_i/cs_registers_i/mepc_q_reg[7]/CLK        0.38      0.33    rp-+    default

  u_core/core_i/id_stage_i/controller_i/debug_req_q_reg/CLK
                                                        0.04              rp-+    default
  u_core/core_i/cs_registers_i/mepc_q_reg[15]/CLK       0.38      0.33    rp-+    default

---------------------------------------------------------------------------------------------------
1
