****************************************
Report : clock timing
        -type skew
        -nworst 20
        -setup
Design : cv32e40p_synth_wrap
Version: W-2024.09-SP2
Date   : Sat May  9 11:28:12 2026
****************************************

  Mode: default
  Clock: clk_i

  Clock Pin                                          Latency      Skew             Corner
---------------------------------------------------------------------------------------------------
  u_core/core_i/id_stage_i/csr_op_ex_o_reg[1]/CLK       0.33              rp-+    default
  u_core/core_i/sleep_unit_i/core_busy_q_reg/CLK        0.04      0.29    rp-+    default

  u_core/core_i/id_stage_i/regfile_we_ex_o_reg/CLK      0.33              rp-+    default
  u_core/core_i/sleep_unit_i/core_busy_q_reg/CLK        0.04      0.29    rp-+    default

  u_core/core_i/id_stage_i/branch_in_ex_o_reg/CLK       0.33              rp-+    default
  u_core/core_i/sleep_unit_i/core_busy_q_reg/CLK        0.04      0.29    rp-+    default

  u_core/core_i/id_stage_i/csr_op_ex_o_reg[0]/CLK       0.33              rp-+    default
  u_core/core_i/sleep_unit_i/core_busy_q_reg/CLK        0.04      0.29    rp-+    default

  u_core/core_i/id_stage_i/data_req_ex_o_reg/CLK        0.33              rp-+    default
  u_core/core_i/sleep_unit_i/core_busy_q_reg/CLK        0.04      0.29    rp-+    default

  u_core/core_i/id_stage_i/csr_access_ex_o_reg/CLK      0.33              rp-+    default
  u_core/core_i/sleep_unit_i/core_busy_q_reg/CLK        0.04      0.29    rp-+    default

  u_core/core_i/cs_registers_i/gen_trigger_regs.tmatch_value_q_reg[25]/CLK
                                                        0.33              rp-+    default
  u_core/core_i/sleep_unit_i/core_busy_q_reg/CLK        0.04      0.29    rp-+    default

  u_core/core_i/cs_registers_i/gen_trigger_regs.tmatch_value_q_reg[24]/CLK
                                                        0.33              rp-+    default
  u_core/core_i/sleep_unit_i/core_busy_q_reg/CLK        0.04      0.29    rp-+    default

  u_core/core_i/cs_registers_i/gen_trigger_regs.tmatch_value_q_reg[18]/CLK
                                                        0.33              rp-+    default
  u_core/core_i/sleep_unit_i/core_busy_q_reg/CLK        0.04      0.29    rp-+    default

  u_core/core_i/cs_registers_i/gen_trigger_regs.tmatch_value_q_reg[26]/CLK
                                                        0.33              rp-+    default
  u_core/core_i/sleep_unit_i/core_busy_q_reg/CLK        0.04      0.29    rp-+    default

  u_core/core_i/cs_registers_i/gen_trigger_regs.tmatch_value_q_reg[23]/CLK
                                                        0.33              rp-+    default
  u_core/core_i/sleep_unit_i/core_busy_q_reg/CLK        0.04      0.29    rp-+    default

  u_core/core_i/cs_registers_i/gen_trigger_regs.tmatch_value_q_reg[11]/CLK
                                                        0.33              rp-+    default
  u_core/core_i/sleep_unit_i/core_busy_q_reg/CLK        0.04      0.29    rp-+    default

  u_core/core_i/cs_registers_i/gen_trigger_regs.tmatch_value_q_reg[7]/CLK
                                                        0.33              rp-+    default
  u_core/core_i/sleep_unit_i/core_busy_q_reg/CLK        0.04      0.29    rp-+    default

  u_core/core_i/cs_registers_i/gen_trigger_regs.tmatch_value_q_reg[22]/CLK
                                                        0.33              rp-+    default
  u_core/core_i/sleep_unit_i/core_busy_q_reg/CLK        0.04      0.29    rp-+    default

  u_core/core_i/cs_registers_i/gen_trigger_regs.tmatch_value_q_reg[20]/CLK
                                                        0.33              rp-+    default
  u_core/core_i/sleep_unit_i/core_busy_q_reg/CLK        0.04      0.29    rp-+    default

  u_core/core_i/cs_registers_i/gen_trigger_regs.tmatch_value_q_reg[16]/CLK
                                                        0.33              rp-+    default
  u_core/core_i/sleep_unit_i/core_busy_q_reg/CLK        0.04      0.29    rp-+    default

  u_core/core_i/cs_registers_i/gen_trigger_regs.tmatch_value_q_reg[31]/CLK
                                                        0.33              rp-+    default
  u_core/core_i/sleep_unit_i/core_busy_q_reg/CLK        0.04      0.29    rp-+    default

  u_core/core_i/cs_registers_i/gen_trigger_regs.tmatch_value_q_reg[1]/CLK
                                                        0.33              rp-+    default
  u_core/core_i/sleep_unit_i/core_busy_q_reg/CLK        0.04      0.29    rp-+    default

  u_core/core_i/cs_registers_i/gen_trigger_regs.tmatch_value_q_reg[8]/CLK
                                                        0.33              rp-+    default
  u_core/core_i/sleep_unit_i/core_busy_q_reg/CLK        0.04      0.29    rp-+    default

  u_core/core_i/cs_registers_i/gen_trigger_regs.tmatch_value_q_reg[6]/CLK
                                                        0.33              rp-+    default
  u_core/core_i/sleep_unit_i/core_busy_q_reg/CLK        0.04      0.29    rp-+    default

---------------------------------------------------------------------------------------------------
1
