Warning: Cell contains tie connections which are not connected to real PG. (ZRT-511)
NEX(Warning): extract.rc_techfile_for_diode_mode_26_thickness not set, will igonre it
Cell Min-Routing-Layer = M1
Cell Max-Routing-Layer = M8
Turn off antenna since no rule is specified
Information: Option route.detail.force_end_on_preferred_grid will be ignored since none of the layers have preferred grid. (ZRT-703)
Warning: Cannot find a default contact code for layer CO. (ZRT-022)
Warning: Port VDD of cell cv32e40p_synth_wrap_ss_setup_eco7_fadd_rvt_trial is unplaced.  This may impact routing result. (ZRT-740)
Warning: Port VSS of cell cv32e40p_synth_wrap_ss_setup_eco7_fadd_rvt_trial is unplaced.  This may impact routing result. (ZRT-740)
Warning: Ignore 2 top cell ports with no pins. (ZRT-027)
Skipping 6 internal pins that are not physical. Set route.common.verbose_level to > 0 and run routing command to get skipped pin names.
Info: number of net_type_blockage: 0 
Information: Via ladder engine would be activated for pattern must join connection in certain commands. Please refer to man-page for the command list. (ZRT-619)
Information: When applicable Min-max layer allow_pin_connection mode will allow paths of length 5.32 outside the layer range. (ZRT-707)
Information: When applicable Min-max layer allow_pin_connection mode will allow paths of length 5.32 outside the layer range on clock nets. (ZRT-718)
Information: When applicable layer based tapering will taper up to 0.00 in distance from the pin. (ZRT-706)
Warning: Standard cell pin MUX41X2_HVT/S0 has no valid via regions. (ZRT-044)
Warning: Standard cell pin MUX41X2_RVT/S0 has no valid via regions. (ZRT-044)


Start checking for open nets ... 

Total number of nets = 18213, of which 0 are not extracted
Total number of open nets = 0, of which 0 are frozen

Check 18213 nets, 0 have Errors

[CHECK OPEN NETS] Elapsed real time: 0:00:00 
[CHECK OPEN NETS] Elapsed cpu  time: sys=0:00:00 usr=0:00:00 total=0:00:00
[CHECK OPEN NETS] Stage (MB): Used    0  Alloctr    0  Proc    0 
[CHECK OPEN NETS] Total (MB): Used   61  Alloctr   62  Proc 4313 
Printing options for 'route.common.*'
common.eco_route_fix_existing_drc                       :	 true                

Printing options for 'route.detail.*'
detail.antenna                                          :	 true                
detail.drc_convergence_effort_level                     :	 high                
detail.generate_extra_off_grid_pin_tracks               :	 true                
detail.optimize_wire_via_effort_level                   :	 high                
detail.timing_driven                                    :	 false               

Printing options for 'route.auto_via_ladder.*'


Begin full DRC check ...

Information: Using 1 threads for routing. (ZRT-444)
Checked	1/25 Partitions, Violations =	0
Checked	2/25 Partitions, Violations =	0
Checked	3/25 Partitions, Violations =	0
Checked	4/25 Partitions, Violations =	0
Checked	5/25 Partitions, Violations =	0
Checked	6/25 Partitions, Violations =	0
Checked	7/25 Partitions, Violations =	0
Checked	8/25 Partitions, Violations =	0
Checked	9/25 Partitions, Violations =	0
Checked	10/25 Partitions, Violations =	0
Checked	11/25 Partitions, Violations =	0
Checked	12/25 Partitions, Violations =	0
Checked	13/25 Partitions, Violations =	0
Checked	14/25 Partitions, Violations =	0
Checked	15/25 Partitions, Violations =	0
Checked	16/25 Partitions, Violations =	0
Checked	17/25 Partitions, Violations =	0
Checked	18/25 Partitions, Violations =	0
Checked	19/25 Partitions, Violations =	0
Checked	20/25 Partitions, Violations =	0
Checked	21/25 Partitions, Violations =	0
Checked	22/25 Partitions, Violations =	0
Checked	23/25 Partitions, Violations =	0
Checked	24/25 Partitions, Violations =	0
Checked	25/25 Partitions, Violations =	0
[DRC CHECK] Elapsed real time: 0:00:07 
[DRC CHECK] Elapsed cpu  time: sys=0:00:00 usr=0:00:07 total=0:00:07
[DRC CHECK] Stage (MB): Used    0  Alloctr    0  Proc  168 
[DRC CHECK] Total (MB): Used  154  Alloctr  156  Proc 4567 
Warning: No antenna rules defined, Skip antenna analysis. (ZRT-309)

DRC-SUMMARY:
	@@@@@@@ TOTAL VIOLATIONS =	0


Total Wire Length =                    701091 micron
Total Number of Contacts =             183127
Total Number of Wires =                191685
Total Number of PtConns =              22515
Total Number of Routed Wires =       191635
Total Routed Wire Length =           698473 micron
Total Number of Routed Contacts =       183127
	Layer                 M1 :      35788 micron
	Layer                 M2 :     199076 micron
	Layer                 M3 :     177315 micron
	Layer                 M4 :     121782 micron
	Layer                 M5 :      87379 micron
	Layer                 M6 :      38513 micron
	Layer                 M7 :      32373 micron
	Layer                 M8 :       6248 micron
	Layer                 M9 :          0 micron
	Layer               MRDL :          0 micron
	Via            VIA78SQ_C :        277
	Via       VIA67SQ_C(rot) :       2368
	Via            VIA56SQ_C :       3563
	Via       VIA45SQ_C(rot) :      11467
	Via            VIA34SQ_C :      18217
	Via       VIA34SQ_C(rot) :        160
	Via            VIA23SQ_C :       1110
	Via       VIA23SQ_C(rot) :      71065
	Via            VIA12SQ_C :      70472
	Via       VIA12SQ_C(rot) :       2504
	Via        VIA12SQ_C_2x1 :       1506
	Via   VIA12SQ_C(rot)_1x2 :          1
	Via   VIA12SQ_C(rot)_2x1 :          2
	Via        VIA12SQ_C_1x2 :        375
	Via          VIA12SQ_2x1 :         10
	Via     VIA12SQ(rot)_2x1 :         15
	Via          VIA12SQ_1x2 :         15

 
Redundant via conversion report:
--------------------------------

  Total optimized via conversion rate =  1.05% (1924 / 183127 vias)
 
    Layer VIA1       =  2.57% (1924   / 74900   vias)
        Weight 1     =  2.57% (1924    vias)
        Un-optimized =  0.00% (0       vias)
        Un-mapped    = 97.43% (72976   vias)
    Layer VIA2       =  0.00% (0      / 72175   vias)
        Un-optimized =  0.00% (0       vias)
        Un-mapped    = 100.00% (72175   vias)
    Layer VIA3       =  0.00% (0      / 18377   vias)
        Un-optimized =  0.00% (0       vias)
        Un-mapped    = 100.00% (18377   vias)
    Layer VIA4       =  0.00% (0      / 11467   vias)
        Un-optimized =  0.00% (0       vias)
        Un-mapped    = 100.00% (11467   vias)
    Layer VIA5       =  0.00% (0      / 3563    vias)
        Un-optimized =  0.00% (0       vias)
        Un-mapped    = 100.00% (3563    vias)
    Layer VIA6       =  0.00% (0      / 2368    vias)
        Un-optimized =  0.00% (0       vias)
        Un-mapped    = 100.00% (2368    vias)
    Layer VIA7       =  0.00% (0      / 277     vias)
        Un-optimized =  0.00% (0       vias)
        Un-mapped    = 100.00% (277     vias)
 
  Total double via conversion rate    =  1.05% (1924 / 183127 vias)
 
    Layer VIA1       =  2.57% (1924   / 74900   vias)
    Layer VIA2       =  0.00% (0      / 72175   vias)
    Layer VIA3       =  0.00% (0      / 18377   vias)
    Layer VIA4       =  0.00% (0      / 11467   vias)
    Layer VIA5       =  0.00% (0      / 3563    vias)
    Layer VIA6       =  0.00% (0      / 2368    vias)
    Layer VIA7       =  0.00% (0      / 277     vias)
 
  The optimized via conversion rate based on total routed via count =  1.05% (1924 / 183127 vias)
 
    Layer VIA1       =  2.57% (1924   / 74900   vias)
        Weight 1     =  2.57% (1924    vias)
        Un-optimized =  0.00% (0       vias)
        Un-mapped    = 97.43% (72976   vias)
    Layer VIA2       =  0.00% (0      / 72175   vias)
        Un-optimized =  0.00% (0       vias)
        Un-mapped    = 100.00% (72175   vias)
    Layer VIA3       =  0.00% (0      / 18377   vias)
        Un-optimized =  0.00% (0       vias)
        Un-mapped    = 100.00% (18377   vias)
    Layer VIA4       =  0.00% (0      / 11467   vias)
        Un-optimized =  0.00% (0       vias)
        Un-mapped    = 100.00% (11467   vias)
    Layer VIA5       =  0.00% (0      / 3563    vias)
        Un-optimized =  0.00% (0       vias)
        Un-mapped    = 100.00% (3563    vias)
    Layer VIA6       =  0.00% (0      / 2368    vias)
        Un-optimized =  0.00% (0       vias)
        Un-mapped    = 100.00% (2368    vias)
    Layer VIA7       =  0.00% (0      / 277     vias)
        Un-optimized =  0.00% (0       vias)
        Un-mapped    = 100.00% (277     vias)
 


Verify Summary:

Total number of nets = 18213, of which 0 are not extracted
Total number of open nets = 0, of which 0 are frozen
Total number of excluded ports = 0 ports of 0 unplaced cells connected to 0 nets
                                 0 ports without pins of 0 cells connected to 0 nets
                                 0 ports of 0 cover cells connected to 0 non-pg nets
Total number of DRCs = 0
Total number of antenna violations = no antenna rules defined
Total number of tie to rail violations = not checked
Total number of tie to rail directly violations = not checked


