Floating VDD rail object summary
================================

Shape: PATH_11_12
  full_name: PATH_11_12
  net:       VDD
  layer:     M1
  bbox:      {20.0000 40.0340} {295.7280 40.0940}
  shape_use: lib_cell_pin_connect
  status:    unrestricted

Shape: PATH_11_36
  full_name: PATH_11_36
  net:       VDD
  layer:     M1
  bbox:      {20.0000 80.1620} {295.7280 80.2220}
  shape_use: lib_cell_pin_connect
  status:    unrestricted

Shape: PATH_11_60
  full_name: PATH_11_60
  net:       VDD
  layer:     M1
  bbox:      {20.0000 120.2900} {295.7280 120.3500}
  shape_use: lib_cell_pin_connect
  status:    unrestricted

Nearby M2 VDD/VSS shapes
=======================

Net: VDD
  PATH_13_204 {279.8000 13.0000} {280.2000 301.2080}
  PATH_13_202 {239.8000 13.0000} {240.2000 301.2080}
  PATH_13_200 {199.8000 13.0000} {200.2000 301.2080}
  PATH_13_198 {159.8000 13.0000} {160.2000 301.2080}
  PATH_13_196 {119.8000 13.0000} {120.2000 301.2080}
  PATH_13_194 {79.8000 13.0000} {80.2000 301.2080}
  PATH_13_192 {39.8000 13.0000} {40.2000 301.2080}

Net: VSS
  PATH_13_203 {259.8000 10.0000} {260.2000 304.2080}
  PATH_13_201 {219.8000 10.0000} {220.2000 304.2080}
  PATH_13_199 {179.8000 10.0000} {180.2000 304.2080}
  PATH_13_197 {139.8000 10.0000} {140.2000 304.2080}
  PATH_13_195 {99.8000 10.0000} {100.2000 304.2080}
  PATH_13_193 {59.8000 10.0000} {60.2000 304.2080}

Via summary
===========

Net: VDD
  via_count: 956
  VIA_SA_1175 {279.5250 294.1530} {280.4750 294.2630}
  VIA_SA_1174 {239.5250 294.1530} {240.4750 294.2630}
  VIA_SA_1173 {199.5250 294.1530} {200.4750 294.2630}
  VIA_SA_1172 {159.5250 294.1530} {160.4750 294.2630}
  VIA_SA_1171 {119.5250 294.1530} {120.4750 294.2630}
  VIA_SA_1170 {79.5250 294.1530} {80.4750 294.2630}
  VIA_SA_1169 {39.5250 294.1530} {40.4750 294.2630}
  VIA_SA_1168 {279.5250 290.8090} {280.4750 290.9190}
  VIA_SA_1167 {239.5250 290.8090} {240.4750 290.9190}
  VIA_SA_1166 {199.5250 290.8090} {200.4750 290.9190}
  VIA_SA_1165 {159.5250 290.8090} {160.4750 290.9190}
  VIA_SA_1164 {119.5250 290.8090} {120.4750 290.9190}
  VIA_SA_1163 {79.5250 290.8090} {80.4750 290.9190}
  VIA_SA_1162 {39.5250 290.8090} {40.4750 290.9190}
  VIA_SA_1161 {279.5250 287.4650} {280.4750 287.5750}
  VIA_SA_1160 {239.5250 287.4650} {240.4750 287.5750}
  VIA_SA_1159 {199.5250 287.4650} {200.4750 287.5750}
  VIA_SA_1158 {159.5250 287.4650} {160.4750 287.5750}
  VIA_SA_1157 {119.5250 287.4650} {120.4750 287.5750}
  VIA_SA_1156 {79.5250 287.4650} {80.4750 287.5750}
  VIA_SA_1155 {39.5250 287.4650} {40.4750 287.5750}
  VIA_SA_1154 {279.5250 284.1210} {280.4750 284.2310}
  VIA_SA_1153 {239.5250 284.1210} {240.4750 284.2310}
  VIA_SA_1152 {199.5250 284.1210} {200.4750 284.2310}
  VIA_SA_1151 {159.5250 284.1210} {160.4750 284.2310}
  VIA_SA_1150 {119.5250 284.1210} {120.4750 284.2310}
  VIA_SA_1149 {79.5250 284.1210} {80.4750 284.2310}
  VIA_SA_1148 {39.5250 284.1210} {40.4750 284.2310}
  VIA_SA_1147 {279.5250 280.7770} {280.4750 280.8870}
  VIA_SA_1146 {239.5250 280.7770} {240.4750 280.8870}
  VIA_SA_1145 {199.5250 280.7770} {200.4750 280.8870}
  VIA_SA_1144 {159.5250 280.7770} {160.4750 280.8870}
  VIA_SA_1143 {119.5250 280.7770} {120.4750 280.8870}
  VIA_SA_1142 {79.5250 280.7770} {80.4750 280.8870}
  VIA_SA_1141 {39.5250 280.7770} {40.4750 280.8870}
  VIA_SA_1140 {279.5250 277.4330} {280.4750 277.5430}
  VIA_SA_1139 {239.5250 277.4330} {240.4750 277.5430}
  VIA_SA_1138 {199.5250 277.4330} {200.4750 277.5430}
  VIA_SA_1137 {159.5250 277.4330} {160.4750 277.5430}
  VIA_SA_1136 {119.5250 277.4330} {120.4750 277.5430}
  ... truncated ...

Net: VSS
  via_count: 796
  VIA_SA_1751 {259.5250 292.4810} {260.4750 292.5910}
  VIA_SA_1750 {219.5250 292.4810} {220.4750 292.5910}
  VIA_SA_1749 {179.5250 292.4810} {180.4750 292.5910}
  VIA_SA_1748 {139.5250 292.4810} {140.4750 292.5910}
  VIA_SA_1747 {99.5250 292.4810} {100.4750 292.5910}
  VIA_SA_1746 {59.5250 292.4810} {60.4750 292.5910}
  VIA_SA_1745 {259.5250 289.1370} {260.4750 289.2470}
  VIA_SA_1744 {219.5250 289.1370} {220.4750 289.2470}
  VIA_SA_1743 {179.5250 289.1370} {180.4750 289.2470}
  VIA_SA_1742 {139.5250 289.1370} {140.4750 289.2470}
  VIA_SA_1741 {99.5250 289.1370} {100.4750 289.2470}
  VIA_SA_1740 {59.5250 289.1370} {60.4750 289.2470}
  VIA_SA_1739 {259.5250 285.7930} {260.4750 285.9030}
  VIA_SA_1738 {219.5250 285.7930} {220.4750 285.9030}
  VIA_SA_1737 {179.5250 285.7930} {180.4750 285.9030}
  VIA_SA_1736 {139.5250 285.7930} {140.4750 285.9030}
  VIA_SA_1735 {99.5250 285.7930} {100.4750 285.9030}
  VIA_SA_1734 {59.5250 285.7930} {60.4750 285.9030}
  VIA_SA_1733 {259.5250 282.4490} {260.4750 282.5590}
  VIA_SA_1732 {219.5250 282.4490} {220.4750 282.5590}
  VIA_SA_1731 {179.5250 282.4490} {180.4750 282.5590}
  VIA_SA_1730 {139.5250 282.4490} {140.4750 282.5590}
  VIA_SA_1729 {99.5250 282.4490} {100.4750 282.5590}
  VIA_SA_1728 {59.5250 282.4490} {60.4750 282.5590}
  VIA_SA_1727 {259.5250 279.1050} {260.4750 279.2150}
  VIA_SA_1726 {219.5250 279.1050} {220.4750 279.2150}
  VIA_SA_1725 {179.5250 279.1050} {180.4750 279.2150}
  VIA_SA_1724 {139.5250 279.1050} {140.4750 279.2150}
  VIA_SA_1723 {99.5250 279.1050} {100.4750 279.2150}
  VIA_SA_1722 {59.5250 279.1050} {60.4750 279.2150}
  VIA_SA_1721 {259.5250 275.7610} {260.4750 275.8710}
  VIA_SA_1720 {219.5250 275.7610} {220.4750 275.8710}
  VIA_SA_1719 {179.5250 275.7610} {180.4750 275.8710}
  VIA_SA_1718 {139.5250 275.7610} {140.4750 275.8710}
  VIA_SA_1717 {99.5250 275.7610} {100.4750 275.8710}
  VIA_SA_1716 {59.5250 275.7610} {60.4750 275.8710}
  VIA_SA_1715 {259.5250 272.4170} {260.4750 272.5270}
  VIA_SA_1714 {219.5250 272.4170} {220.4750 272.5270}
  VIA_SA_1713 {179.5250 272.4170} {180.4750 272.5270}
  VIA_SA_1712 {139.5250 272.4170} {140.4750 272.5270}
  ... truncated ...

VDD via windows around floating rails
====================================

Window center y=40.064
  VIA_SA_596  {300.8110 39.5730} {302.6450 40.4270}
  VIA_SA_595  {13.0830 39.5730} {14.9170 40.4270}
  VIA_SA_49  {279.8270 39.5730} {280.1730 40.4270}
  VIA_SA_48  {279.8270 39.5730} {280.1730 40.4270}
  VIA_SA_47  {279.8270 39.5730} {280.1730 40.4270}
  VIA_SA_46  {279.8270 39.5730} {280.1730 40.4270}
  VIA_SA_45  {279.8270 39.5730} {280.1730 40.4270}
  VIA_SA_44  {279.5480 39.5730} {280.4520 40.4270}
  VIA_SA_43  {239.8270 39.5730} {240.1730 40.4270}
  VIA_SA_42  {239.8270 39.5730} {240.1730 40.4270}
  VIA_SA_41  {239.8270 39.5730} {240.1730 40.4270}
  VIA_SA_40  {239.8270 39.5730} {240.1730 40.4270}
  VIA_SA_39  {239.8270 39.5730} {240.1730 40.4270}
  VIA_SA_38  {239.5480 39.5730} {240.4520 40.4270}
  VIA_SA_37  {199.8270 39.5730} {200.1730 40.4270}
  VIA_SA_36  {199.8270 39.5730} {200.1730 40.4270}
  VIA_SA_35  {199.8270 39.5730} {200.1730 40.4270}
  VIA_SA_34  {199.8270 39.5730} {200.1730 40.4270}
  VIA_SA_33  {199.8270 39.5730} {200.1730 40.4270}
  VIA_SA_32  {199.5480 39.5730} {200.4520 40.4270}
  VIA_SA_31  {159.8270 39.5730} {160.1730 40.4270}
  VIA_SA_30  {159.8270 39.5730} {160.1730 40.4270}
  VIA_SA_29  {159.8270 39.5730} {160.1730 40.4270}
  VIA_SA_28  {159.8270 39.5730} {160.1730 40.4270}
  VIA_SA_27  {159.8270 39.5730} {160.1730 40.4270}
  VIA_SA_26  {159.5480 39.5730} {160.4520 40.4270}
  VIA_SA_25  {119.8270 39.5730} {120.1730 40.4270}
  VIA_SA_24  {119.8270 39.5730} {120.1730 40.4270}
  VIA_SA_23  {119.8270 39.5730} {120.1730 40.4270}
  VIA_SA_22  {119.8270 39.5730} {120.1730 40.4270}
  VIA_SA_21  {119.8270 39.5730} {120.1730 40.4270}
  VIA_SA_20  {119.5480 39.5730} {120.4520 40.4270}
  VIA_SA_19  {79.8270 39.5730} {80.1730 40.4270}
  VIA_SA_18  {79.8270 39.5730} {80.1730 40.4270}
  VIA_SA_17  {79.8270 39.5730} {80.1730 40.4270}
  VIA_SA_16  {79.8270 39.5730} {80.1730 40.4270}
  VIA_SA_15  {79.8270 39.5730} {80.1730 40.4270}
  VIA_SA_14  {79.5480 39.5730} {80.4520 40.4270}
  VIA_SA_13  {39.8270 39.5730} {40.1730 40.4270}
  VIA_SA_12  {39.8270 39.5730} {40.1730 40.4270}
  VIA_SA_11  {39.8270 39.5730} {40.1730 40.4270}
  VIA_SA_10  {39.8270 39.5730} {40.1730 40.4270}
  VIA_SA_9  {39.8270 39.5730} {40.1730 40.4270}
  VIA_SA_8  {39.5480 39.5730} {40.4520 40.4270}
  via_count_in_window: 44

Window center y=80.192
  VIA_SA_598  {300.8110 79.5730} {302.6450 80.4270}
  VIA_SA_597  {13.0830 79.5730} {14.9170 80.4270}
  VIA_SA_91  {279.8270 79.5730} {280.1730 80.4270}
  VIA_SA_90  {279.8270 79.5730} {280.1730 80.4270}
  VIA_SA_89  {279.8270 79.5730} {280.1730 80.4270}
  VIA_SA_88  {279.8270 79.5730} {280.1730 80.4270}
  VIA_SA_87  {279.8270 79.5730} {280.1730 80.4270}
  VIA_SA_86  {279.5480 79.5730} {280.4520 80.4270}
  VIA_SA_85  {239.8270 79.5730} {240.1730 80.4270}
  VIA_SA_84  {239.8270 79.5730} {240.1730 80.4270}
  VIA_SA_83  {239.8270 79.5730} {240.1730 80.4270}
  VIA_SA_82  {239.8270 79.5730} {240.1730 80.4270}
  VIA_SA_81  {239.8270 79.5730} {240.1730 80.4270}
  VIA_SA_80  {239.5480 79.5730} {240.4520 80.4270}
  VIA_SA_79  {199.8270 79.5730} {200.1730 80.4270}
  VIA_SA_78  {199.8270 79.5730} {200.1730 80.4270}
  VIA_SA_77  {199.8270 79.5730} {200.1730 80.4270}
  VIA_SA_76  {199.8270 79.5730} {200.1730 80.4270}
  VIA_SA_75  {199.8270 79.5730} {200.1730 80.4270}
  VIA_SA_74  {199.5480 79.5730} {200.4520 80.4270}
  VIA_SA_73  {159.8270 79.5730} {160.1730 80.4270}
  VIA_SA_72  {159.8270 79.5730} {160.1730 80.4270}
  VIA_SA_71  {159.8270 79.5730} {160.1730 80.4270}
  VIA_SA_70  {159.8270 79.5730} {160.1730 80.4270}
  VIA_SA_69  {159.8270 79.5730} {160.1730 80.4270}
  VIA_SA_68  {159.5480 79.5730} {160.4520 80.4270}
  VIA_SA_67  {119.8270 79.5730} {120.1730 80.4270}
  VIA_SA_66  {119.8270 79.5730} {120.1730 80.4270}
  VIA_SA_65  {119.8270 79.5730} {120.1730 80.4270}
  VIA_SA_64  {119.8270 79.5730} {120.1730 80.4270}
  VIA_SA_63  {119.8270 79.5730} {120.1730 80.4270}
  VIA_SA_62  {119.5480 79.5730} {120.4520 80.4270}
  VIA_SA_61  {79.8270 79.5730} {80.1730 80.4270}
  VIA_SA_60  {79.8270 79.5730} {80.1730 80.4270}
  VIA_SA_59  {79.8270 79.5730} {80.1730 80.4270}
  VIA_SA_58  {79.8270 79.5730} {80.1730 80.4270}
  VIA_SA_57  {79.8270 79.5730} {80.1730 80.4270}
  VIA_SA_56  {79.5480 79.5730} {80.4520 80.4270}
  VIA_SA_55  {39.8270 79.5730} {40.1730 80.4270}
  VIA_SA_54  {39.8270 79.5730} {40.1730 80.4270}
  VIA_SA_53  {39.8270 79.5730} {40.1730 80.4270}
  VIA_SA_52  {39.8270 79.5730} {40.1730 80.4270}
  VIA_SA_51  {39.8270 79.5730} {40.1730 80.4270}
  VIA_SA_50  {39.5480 79.5730} {40.4520 80.4270}
  via_count_in_window: 44

Window center y=120.320
  VIA_SA_600  {300.8110 119.5730} {302.6450 120.4270}
  VIA_SA_599  {13.0830 119.5730} {14.9170 120.4270}
  VIA_SA_133  {279.8270 119.5730} {280.1730 120.4270}
  VIA_SA_132  {279.8270 119.5730} {280.1730 120.4270}
  VIA_SA_131  {279.8270 119.5730} {280.1730 120.4270}
  VIA_SA_130  {279.8270 119.5730} {280.1730 120.4270}
  VIA_SA_129  {279.8270 119.5730} {280.1730 120.4270}
  VIA_SA_128  {279.5480 119.5730} {280.4520 120.4270}
  VIA_SA_127  {239.8270 119.5730} {240.1730 120.4270}
  VIA_SA_126  {239.8270 119.5730} {240.1730 120.4270}
  VIA_SA_125  {239.8270 119.5730} {240.1730 120.4270}
  VIA_SA_124  {239.8270 119.5730} {240.1730 120.4270}
  VIA_SA_123  {239.8270 119.5730} {240.1730 120.4270}
  VIA_SA_122  {239.5480 119.5730} {240.4520 120.4270}
  VIA_SA_121  {199.8270 119.5730} {200.1730 120.4270}
  VIA_SA_120  {199.8270 119.5730} {200.1730 120.4270}
  VIA_SA_119  {199.8270 119.5730} {200.1730 120.4270}
  VIA_SA_118  {199.8270 119.5730} {200.1730 120.4270}
  VIA_SA_117  {199.8270 119.5730} {200.1730 120.4270}
  VIA_SA_116  {199.5480 119.5730} {200.4520 120.4270}
  VIA_SA_115  {159.8270 119.5730} {160.1730 120.4270}
  VIA_SA_114  {159.8270 119.5730} {160.1730 120.4270}
  VIA_SA_113  {159.8270 119.5730} {160.1730 120.4270}
  VIA_SA_112  {159.8270 119.5730} {160.1730 120.4270}
  VIA_SA_111  {159.8270 119.5730} {160.1730 120.4270}
  VIA_SA_110  {159.5480 119.5730} {160.4520 120.4270}
  VIA_SA_109  {119.8270 119.5730} {120.1730 120.4270}
  VIA_SA_108  {119.8270 119.5730} {120.1730 120.4270}
  VIA_SA_107  {119.8270 119.5730} {120.1730 120.4270}
  VIA_SA_106  {119.8270 119.5730} {120.1730 120.4270}
  VIA_SA_105  {119.8270 119.5730} {120.1730 120.4270}
  VIA_SA_104  {119.5480 119.5730} {120.4520 120.4270}
  VIA_SA_103  {79.8270 119.5730} {80.1730 120.4270}
  VIA_SA_102  {79.8270 119.5730} {80.1730 120.4270}
  VIA_SA_101  {79.8270 119.5730} {80.1730 120.4270}
  VIA_SA_100  {79.8270 119.5730} {80.1730 120.4270}
  VIA_SA_99  {79.8270 119.5730} {80.1730 120.4270}
  VIA_SA_98  {79.5480 119.5730} {80.4520 120.4270}
  VIA_SA_97  {39.8270 119.5730} {40.1730 120.4270}
  VIA_SA_96  {39.8270 119.5730} {40.1730 120.4270}
  VIA_SA_95  {39.8270 119.5730} {40.1730 120.4270}
  VIA_SA_94  {39.8270 119.5730} {40.1730 120.4270}
  VIA_SA_93  {39.8270 119.5730} {40.1730 120.4270}
  VIA_SA_92  {39.5480 119.5730} {40.4520 120.4270}
  via_count_in_window: 44

VDD M1 shape windows around floating rails
=========================================

Window center y=40.064
  PATH_11_12 lib_cell_pin_connect {20.0000 40.0340} {295.7280 40.0940}
  m1_shape_count_in_window: 1

Window center y=80.192
  PATH_11_36 lib_cell_pin_connect {20.0000 80.1620} {295.7280 80.2220}
  m1_shape_count_in_window: 1

Window center y=120.320
  PATH_11_60 lib_cell_pin_connect {20.0000 120.2900} {295.7280 120.3500}
  m1_shape_count_in_window: 1
