****************************************
Report : timing
	-path_type full
	-delay_type min
	-slack_lesser_than 100.00
	-max_paths 20
	-sort_by slack
Design : cv32e40p_synth_wrap
Version: W-2024.09-SP5-3
Date   : Thu May  7 22:24:39 2026
****************************************


  Startpoint: u_core/core_i/cs_registers_i/mhpmcounter_q_reg[3][0]
               (rising edge-triggered flip-flop clocked by clk_i)
  Endpoint: u_core/core_i/cs_registers_i/mhpmcounter_q_reg[3][0]
               (rising edge-triggered flip-flop clocked by clk_i)
  Path Group: clk_i
  Path Type: min

  Point                                                   Incr       Path
  ------------------------------------------------------------------------------
  clock clk_i (rise edge)                                 0.00       0.00
  clock network delay (ideal)                             0.00       0.00
  u_core/core_i/cs_registers_i/mhpmcounter_q_reg[3][0]/CLK (DFFARX1_HVT)
                                                          0.00       0.00 r
  u_core/core_i/cs_registers_i/mhpmcounter_q_reg[3][0]/QN (DFFARX1_HVT)
                                                          0.10       0.10 f
  u_core/core_i/cs_registers_i/U1179/Y (AO22X1_HVT)       0.06       0.16 f
  u_core/core_i/cs_registers_i/mhpmcounter_q_reg[3][0]/D (DFFARX1_HVT)
                                                          0.01       0.17 f
  data arrival time                                                  0.17

  clock clk_i (rise edge)                                 0.00       0.00
  clock network delay (ideal)                             0.00       0.00
  u_core/core_i/cs_registers_i/mhpmcounter_q_reg[3][0]/CLK (DFFARX1_HVT)
                                                                     0.00 r
  clock reconvergence pessimism                           0.00       0.00
  clock uncertainty                                       0.10       0.10
  library hold time                                      -0.00       0.10
  data required time                                                 0.10
  ------------------------------------------------------------------------------
  data required time                                                 0.10
  data arrival time                                                 -0.17
  ------------------------------------------------------------------------------
  slack (MET)                                                        0.07


  Startpoint: u_core/core_i/cs_registers_i/mhpmcounter_q_reg[2][0]
               (rising edge-triggered flip-flop clocked by clk_i)
  Endpoint: u_core/core_i/cs_registers_i/mhpmcounter_q_reg[2][0]
               (rising edge-triggered flip-flop clocked by clk_i)
  Path Group: clk_i
  Path Type: min

  Point                                                   Incr       Path
  ------------------------------------------------------------------------------
  clock clk_i (rise edge)                                 0.00       0.00
  clock network delay (ideal)                             0.00       0.00
  u_core/core_i/cs_registers_i/mhpmcounter_q_reg[2][0]/CLK (DFFARX1_HVT)
                                                          0.00       0.00 r
  u_core/core_i/cs_registers_i/mhpmcounter_q_reg[2][0]/QN (DFFARX1_HVT)
                                                          0.10       0.10 f
  u_core/core_i/cs_registers_i/U1429/Y (AO22X1_HVT)       0.06       0.16 f
  u_core/core_i/cs_registers_i/mhpmcounter_q_reg[2][0]/D (DFFARX1_HVT)
                                                          0.01       0.17 f
  data arrival time                                                  0.17

  clock clk_i (rise edge)                                 0.00       0.00
  clock network delay (ideal)                             0.00       0.00
  u_core/core_i/cs_registers_i/mhpmcounter_q_reg[2][0]/CLK (DFFARX1_HVT)
                                                                     0.00 r
  clock reconvergence pessimism                           0.00       0.00
  clock uncertainty                                       0.10       0.10
  library hold time                                      -0.00       0.10
  data required time                                                 0.10
  ------------------------------------------------------------------------------
  data required time                                                 0.10
  data arrival time                                                 -0.17
  ------------------------------------------------------------------------------
  slack (MET)                                                        0.07


  Startpoint: u_core/core_i/cs_registers_i/mhpmcounter_q_reg[0][0]
               (rising edge-triggered flip-flop clocked by clk_i)
  Endpoint: u_core/core_i/cs_registers_i/mhpmcounter_q_reg[0][0]
               (rising edge-triggered flip-flop clocked by clk_i)
  Path Group: clk_i
  Path Type: min

  Point                                                   Incr       Path
  ------------------------------------------------------------------------------
  clock clk_i (rise edge)                                 0.00       0.00
  clock network delay (ideal)                             0.00       0.00
  u_core/core_i/cs_registers_i/mhpmcounter_q_reg[0][0]/CLK (DFFARX1_HVT)
                                                          0.00       0.00 r
  u_core/core_i/cs_registers_i/mhpmcounter_q_reg[0][0]/QN (DFFARX1_HVT)
                                                          0.10       0.10 f
  u_core/core_i/cs_registers_i/U1679/Y (AO22X1_HVT)       0.06       0.16 f
  u_core/core_i/cs_registers_i/mhpmcounter_q_reg[0][0]/D (DFFARX1_HVT)
                                                          0.01       0.17 f
  data arrival time                                                  0.17

  clock clk_i (rise edge)                                 0.00       0.00
  clock network delay (ideal)                             0.00       0.00
  u_core/core_i/cs_registers_i/mhpmcounter_q_reg[0][0]/CLK (DFFARX1_HVT)
                                                                     0.00 r
  clock reconvergence pessimism                           0.00       0.00
  clock uncertainty                                       0.10       0.10
  library hold time                                      -0.00       0.10
  data required time                                                 0.10
  ------------------------------------------------------------------------------
  data required time                                                 0.10
  data arrival time                                                 -0.17
  ------------------------------------------------------------------------------
  slack (MET)                                                        0.07


  Startpoint: u_core/core_i/if_stage_i/prefetch_buffer_i/prefetch_controller_i/trans_addr_q_reg[11]
               (rising edge-triggered flip-flop clocked by clk_i)
  Endpoint: u_core/core_i/if_stage_i/prefetch_buffer_i/prefetch_controller_i/trans_addr_q_reg[11]
               (rising edge-triggered flip-flop clocked by clk_i)
  Path Group: clk_i
  Path Type: min

  Point                                                   Incr       Path
  ------------------------------------------------------------------------------
  clock clk_i (rise edge)                                 0.00       0.00
  clock network delay (ideal)                             0.00       0.00
  u_core/core_i/if_stage_i/prefetch_buffer_i/prefetch_controller_i/trans_addr_q_reg[11]/CLK (DFFARX1_HVT)
                                                          0.00       0.00 r
  u_core/core_i/if_stage_i/prefetch_buffer_i/prefetch_controller_i/trans_addr_q_reg[11]/QN (DFFARX1_HVT)
                                                          0.10       0.10 f
  u_core/core_i/if_stage_i/U963/Y (AO221X1_HVT)           0.08       0.18 f
  u_core/core_i/if_stage_i/prefetch_buffer_i/prefetch_controller_i/trans_addr_q_reg[11]/D (DFFARX1_HVT)
                                                          0.01       0.19 f
  data arrival time                                                  0.19

  clock clk_i (rise edge)                                 0.00       0.00
  clock network delay (ideal)                             0.00       0.00
  u_core/core_i/if_stage_i/prefetch_buffer_i/prefetch_controller_i/trans_addr_q_reg[11]/CLK (DFFARX1_HVT)
                                                                     0.00 r
  clock reconvergence pessimism                           0.00       0.00
  clock uncertainty                                       0.10       0.10
  library hold time                                      -0.00       0.10
  data required time                                                 0.10
  ------------------------------------------------------------------------------
  data required time                                                 0.10
  data arrival time                                                 -0.19
  ------------------------------------------------------------------------------
  slack (MET)                                                        0.10


  Startpoint: u_core/core_i/if_stage_i/prefetch_buffer_i/prefetch_controller_i/trans_addr_q_reg[13]
               (rising edge-triggered flip-flop clocked by clk_i)
  Endpoint: u_core/core_i/if_stage_i/prefetch_buffer_i/prefetch_controller_i/trans_addr_q_reg[13]
               (rising edge-triggered flip-flop clocked by clk_i)
  Path Group: clk_i
  Path Type: min

  Point                                                   Incr       Path
  ------------------------------------------------------------------------------
  clock clk_i (rise edge)                                 0.00       0.00
  clock network delay (ideal)                             0.00       0.00
  u_core/core_i/if_stage_i/prefetch_buffer_i/prefetch_controller_i/trans_addr_q_reg[13]/CLK (DFFARX1_HVT)
                                                          0.00       0.00 r
  u_core/core_i/if_stage_i/prefetch_buffer_i/prefetch_controller_i/trans_addr_q_reg[13]/QN (DFFARX1_HVT)
                                                          0.10       0.10 f
  u_core/core_i/if_stage_i/U972/Y (AO221X1_HVT)           0.08       0.18 f
  u_core/core_i/if_stage_i/prefetch_buffer_i/prefetch_controller_i/trans_addr_q_reg[13]/D (DFFARX1_HVT)
                                                          0.01       0.19 f
  data arrival time                                                  0.19

  clock clk_i (rise edge)                                 0.00       0.00
  clock network delay (ideal)                             0.00       0.00
  u_core/core_i/if_stage_i/prefetch_buffer_i/prefetch_controller_i/trans_addr_q_reg[13]/CLK (DFFARX1_HVT)
                                                                     0.00 r
  clock reconvergence pessimism                           0.00       0.00
  clock uncertainty                                       0.10       0.10
  library hold time                                      -0.00       0.10
  data required time                                                 0.10
  ------------------------------------------------------------------------------
  data required time                                                 0.10
  data arrival time                                                 -0.19
  ------------------------------------------------------------------------------
  slack (MET)                                                        0.10


  Startpoint: u_core/core_i/if_stage_i/prefetch_buffer_i/prefetch_controller_i/trans_addr_q_reg[15]
               (rising edge-triggered flip-flop clocked by clk_i)
  Endpoint: u_core/core_i/if_stage_i/prefetch_buffer_i/prefetch_controller_i/trans_addr_q_reg[15]
               (rising edge-triggered flip-flop clocked by clk_i)
  Path Group: clk_i
  Path Type: min

  Point                                                   Incr       Path
  ------------------------------------------------------------------------------
  clock clk_i (rise edge)                                 0.00       0.00
  clock network delay (ideal)                             0.00       0.00
  u_core/core_i/if_stage_i/prefetch_buffer_i/prefetch_controller_i/trans_addr_q_reg[15]/CLK (DFFARX1_HVT)
                                                          0.00       0.00 r
  u_core/core_i/if_stage_i/prefetch_buffer_i/prefetch_controller_i/trans_addr_q_reg[15]/QN (DFFARX1_HVT)
                                                          0.10       0.10 f
  u_core/core_i/if_stage_i/U981/Y (AO221X1_HVT)           0.08       0.18 f
  u_core/core_i/if_stage_i/prefetch_buffer_i/prefetch_controller_i/trans_addr_q_reg[15]/D (DFFARX1_HVT)
                                                          0.01       0.19 f
  data arrival time                                                  0.19

  clock clk_i (rise edge)                                 0.00       0.00
  clock network delay (ideal)                             0.00       0.00
  u_core/core_i/if_stage_i/prefetch_buffer_i/prefetch_controller_i/trans_addr_q_reg[15]/CLK (DFFARX1_HVT)
                                                                     0.00 r
  clock reconvergence pessimism                           0.00       0.00
  clock uncertainty                                       0.10       0.10
  library hold time                                      -0.00       0.10
  data required time                                                 0.10
  ------------------------------------------------------------------------------
  data required time                                                 0.10
  data arrival time                                                 -0.19
  ------------------------------------------------------------------------------
  slack (MET)                                                        0.10


  Startpoint: u_core/core_i/if_stage_i/prefetch_buffer_i/prefetch_controller_i/trans_addr_q_reg[17]
               (rising edge-triggered flip-flop clocked by clk_i)
  Endpoint: u_core/core_i/if_stage_i/prefetch_buffer_i/prefetch_controller_i/trans_addr_q_reg[17]
               (rising edge-triggered flip-flop clocked by clk_i)
  Path Group: clk_i
  Path Type: min

  Point                                                   Incr       Path
  ------------------------------------------------------------------------------
  clock clk_i (rise edge)                                 0.00       0.00
  clock network delay (ideal)                             0.00       0.00
  u_core/core_i/if_stage_i/prefetch_buffer_i/prefetch_controller_i/trans_addr_q_reg[17]/CLK (DFFARX1_HVT)
                                                          0.00       0.00 r
  u_core/core_i/if_stage_i/prefetch_buffer_i/prefetch_controller_i/trans_addr_q_reg[17]/QN (DFFARX1_HVT)
                                                          0.10       0.10 f
  u_core/core_i/if_stage_i/U990/Y (AO221X1_HVT)           0.08       0.18 f
  u_core/core_i/if_stage_i/prefetch_buffer_i/prefetch_controller_i/trans_addr_q_reg[17]/D (DFFARX1_HVT)
                                                          0.01       0.19 f
  data arrival time                                                  0.19

  clock clk_i (rise edge)                                 0.00       0.00
  clock network delay (ideal)                             0.00       0.00
  u_core/core_i/if_stage_i/prefetch_buffer_i/prefetch_controller_i/trans_addr_q_reg[17]/CLK (DFFARX1_HVT)
                                                                     0.00 r
  clock reconvergence pessimism                           0.00       0.00
  clock uncertainty                                       0.10       0.10
  library hold time                                      -0.00       0.10
  data required time                                                 0.10
  ------------------------------------------------------------------------------
  data required time                                                 0.10
  data arrival time                                                 -0.19
  ------------------------------------------------------------------------------
  slack (MET)                                                        0.10


  Startpoint: u_core/core_i/if_stage_i/prefetch_buffer_i/prefetch_controller_i/trans_addr_q_reg[6]
               (rising edge-triggered flip-flop clocked by clk_i)
  Endpoint: u_core/core_i/if_stage_i/prefetch_buffer_i/prefetch_controller_i/trans_addr_q_reg[6]
               (rising edge-triggered flip-flop clocked by clk_i)
  Path Group: clk_i
  Path Type: min

  Point                                                   Incr       Path
  ------------------------------------------------------------------------------
  clock clk_i (rise edge)                                 0.00       0.00
  clock network delay (ideal)                             0.00       0.00
  u_core/core_i/if_stage_i/prefetch_buffer_i/prefetch_controller_i/trans_addr_q_reg[6]/CLK (DFFARX1_HVT)
                                                          0.00       0.00 r
  u_core/core_i/if_stage_i/prefetch_buffer_i/prefetch_controller_i/trans_addr_q_reg[6]/QN (DFFARX1_HVT)
                                                          0.10       0.10 f
  u_core/core_i/if_stage_i/U940/Y (AO221X1_HVT)           0.08       0.18 f
  u_core/core_i/if_stage_i/prefetch_buffer_i/prefetch_controller_i/trans_addr_q_reg[6]/D (DFFARX1_HVT)
                                                          0.01       0.19 f
  data arrival time                                                  0.19

  clock clk_i (rise edge)                                 0.00       0.00
  clock network delay (ideal)                             0.00       0.00
  u_core/core_i/if_stage_i/prefetch_buffer_i/prefetch_controller_i/trans_addr_q_reg[6]/CLK (DFFARX1_HVT)
                                                                     0.00 r
  clock reconvergence pessimism                           0.00       0.00
  clock uncertainty                                       0.10       0.10
  library hold time                                      -0.00       0.10
  data required time                                                 0.10
  ------------------------------------------------------------------------------
  data required time                                                 0.10
  data arrival time                                                 -0.19
  ------------------------------------------------------------------------------
  slack (MET)                                                        0.10


  Startpoint: u_core/core_i/if_stage_i/prefetch_buffer_i/prefetch_controller_i/trans_addr_q_reg[21]
               (rising edge-triggered flip-flop clocked by clk_i)
  Endpoint: u_core/core_i/if_stage_i/prefetch_buffer_i/prefetch_controller_i/trans_addr_q_reg[21]
               (rising edge-triggered flip-flop clocked by clk_i)
  Path Group: clk_i
  Path Type: min

  Point                                                   Incr       Path
  ------------------------------------------------------------------------------
  clock clk_i (rise edge)                                 0.00       0.00
  clock network delay (ideal)                             0.00       0.00
  u_core/core_i/if_stage_i/prefetch_buffer_i/prefetch_controller_i/trans_addr_q_reg[21]/CLK (DFFARX1_HVT)
                                                          0.00       0.00 r
  u_core/core_i/if_stage_i/prefetch_buffer_i/prefetch_controller_i/trans_addr_q_reg[21]/QN (DFFARX1_HVT)
                                                          0.10       0.10 f
  u_core/core_i/if_stage_i/U1008/Y (AO221X1_HVT)          0.08       0.18 f
  u_core/core_i/if_stage_i/prefetch_buffer_i/prefetch_controller_i/trans_addr_q_reg[21]/D (DFFARX1_HVT)
                                                          0.01       0.19 f
  data arrival time                                                  0.19

  clock clk_i (rise edge)                                 0.00       0.00
  clock network delay (ideal)                             0.00       0.00
  u_core/core_i/if_stage_i/prefetch_buffer_i/prefetch_controller_i/trans_addr_q_reg[21]/CLK (DFFARX1_HVT)
                                                                     0.00 r
  clock reconvergence pessimism                           0.00       0.00
  clock uncertainty                                       0.10       0.10
  library hold time                                      -0.00       0.10
  data required time                                                 0.10
  ------------------------------------------------------------------------------
  data required time                                                 0.10
  data arrival time                                                 -0.19
  ------------------------------------------------------------------------------
  slack (MET)                                                        0.10


  Startpoint: u_core/core_i/if_stage_i/prefetch_buffer_i/prefetch_controller_i/trans_addr_q_reg[23]
               (rising edge-triggered flip-flop clocked by clk_i)
  Endpoint: u_core/core_i/if_stage_i/prefetch_buffer_i/prefetch_controller_i/trans_addr_q_reg[23]
               (rising edge-triggered flip-flop clocked by clk_i)
  Path Group: clk_i
  Path Type: min

  Point                                                   Incr       Path
  ------------------------------------------------------------------------------
  clock clk_i (rise edge)                                 0.00       0.00
  clock network delay (ideal)                             0.00       0.00
  u_core/core_i/if_stage_i/prefetch_buffer_i/prefetch_controller_i/trans_addr_q_reg[23]/CLK (DFFARX1_HVT)
                                                          0.00       0.00 r
  u_core/core_i/if_stage_i/prefetch_buffer_i/prefetch_controller_i/trans_addr_q_reg[23]/QN (DFFARX1_HVT)
                                                          0.10       0.10 f
  u_core/core_i/if_stage_i/U1017/Y (AO221X1_HVT)          0.08       0.18 f
  u_core/core_i/if_stage_i/prefetch_buffer_i/prefetch_controller_i/trans_addr_q_reg[23]/D (DFFARX1_HVT)
                                                          0.01       0.19 f
  data arrival time                                                  0.19

  clock clk_i (rise edge)                                 0.00       0.00
  clock network delay (ideal)                             0.00       0.00
  u_core/core_i/if_stage_i/prefetch_buffer_i/prefetch_controller_i/trans_addr_q_reg[23]/CLK (DFFARX1_HVT)
                                                                     0.00 r
  clock reconvergence pessimism                           0.00       0.00
  clock uncertainty                                       0.10       0.10
  library hold time                                      -0.00       0.10
  data required time                                                 0.10
  ------------------------------------------------------------------------------
  data required time                                                 0.10
  data arrival time                                                 -0.19
  ------------------------------------------------------------------------------
  slack (MET)                                                        0.10


  Startpoint: u_core/core_i/if_stage_i/prefetch_buffer_i/prefetch_controller_i/trans_addr_q_reg[19]
               (rising edge-triggered flip-flop clocked by clk_i)
  Endpoint: u_core/core_i/if_stage_i/prefetch_buffer_i/prefetch_controller_i/trans_addr_q_reg[19]
               (rising edge-triggered flip-flop clocked by clk_i)
  Path Group: clk_i
  Path Type: min

  Point                                                   Incr       Path
  ------------------------------------------------------------------------------
  clock clk_i (rise edge)                                 0.00       0.00
  clock network delay (ideal)                             0.00       0.00
  u_core/core_i/if_stage_i/prefetch_buffer_i/prefetch_controller_i/trans_addr_q_reg[19]/CLK (DFFARX1_HVT)
                                                          0.00       0.00 r
  u_core/core_i/if_stage_i/prefetch_buffer_i/prefetch_controller_i/trans_addr_q_reg[19]/QN (DFFARX1_HVT)
                                                          0.10       0.10 f
  u_core/core_i/if_stage_i/U999/Y (AO221X1_HVT)           0.08       0.18 f
  u_core/core_i/if_stage_i/prefetch_buffer_i/prefetch_controller_i/trans_addr_q_reg[19]/D (DFFARX1_HVT)
                                                          0.01       0.19 f
  data arrival time                                                  0.19

  clock clk_i (rise edge)                                 0.00       0.00
  clock network delay (ideal)                             0.00       0.00
  u_core/core_i/if_stage_i/prefetch_buffer_i/prefetch_controller_i/trans_addr_q_reg[19]/CLK (DFFARX1_HVT)
                                                                     0.00 r
  clock reconvergence pessimism                           0.00       0.00
  clock uncertainty                                       0.10       0.10
  library hold time                                      -0.00       0.10
  data required time                                                 0.10
  ------------------------------------------------------------------------------
  data required time                                                 0.10
  data arrival time                                                 -0.19
  ------------------------------------------------------------------------------
  slack (MET)                                                        0.10


  Startpoint: u_core/core_i/if_stage_i/prefetch_buffer_i/prefetch_controller_i/trans_addr_q_reg[9]
               (rising edge-triggered flip-flop clocked by clk_i)
  Endpoint: u_core/core_i/if_stage_i/prefetch_buffer_i/prefetch_controller_i/trans_addr_q_reg[9]
               (rising edge-triggered flip-flop clocked by clk_i)
  Path Group: clk_i
  Path Type: min

  Point                                                   Incr       Path
  ------------------------------------------------------------------------------
  clock clk_i (rise edge)                                 0.00       0.00
  clock network delay (ideal)                             0.00       0.00
  u_core/core_i/if_stage_i/prefetch_buffer_i/prefetch_controller_i/trans_addr_q_reg[9]/CLK (DFFARX1_HVT)
                                                          0.00       0.00 r
  u_core/core_i/if_stage_i/prefetch_buffer_i/prefetch_controller_i/trans_addr_q_reg[9]/QN (DFFARX1_HVT)
                                                          0.10       0.10 f
  u_core/core_i/if_stage_i/U954/Y (AO221X1_HVT)           0.08       0.18 f
  u_core/core_i/if_stage_i/prefetch_buffer_i/prefetch_controller_i/trans_addr_q_reg[9]/D (DFFARX1_HVT)
                                                          0.01       0.19 f
  data arrival time                                                  0.19

  clock clk_i (rise edge)                                 0.00       0.00
  clock network delay (ideal)                             0.00       0.00
  u_core/core_i/if_stage_i/prefetch_buffer_i/prefetch_controller_i/trans_addr_q_reg[9]/CLK (DFFARX1_HVT)
                                                                     0.00 r
  clock reconvergence pessimism                           0.00       0.00
  clock uncertainty                                       0.10       0.10
  library hold time                                      -0.00       0.10
  data required time                                                 0.10
  ------------------------------------------------------------------------------
  data required time                                                 0.10
  data arrival time                                                 -0.19
  ------------------------------------------------------------------------------
  slack (MET)                                                        0.10


  Startpoint: u_core/core_i/if_stage_i/prefetch_buffer_i/prefetch_controller_i/trans_addr_q_reg[25]
               (rising edge-triggered flip-flop clocked by clk_i)
  Endpoint: u_core/core_i/if_stage_i/prefetch_buffer_i/prefetch_controller_i/trans_addr_q_reg[25]
               (rising edge-triggered flip-flop clocked by clk_i)
  Path Group: clk_i
  Path Type: min

  Point                                                   Incr       Path
  ------------------------------------------------------------------------------
  clock clk_i (rise edge)                                 0.00       0.00
  clock network delay (ideal)                             0.00       0.00
  u_core/core_i/if_stage_i/prefetch_buffer_i/prefetch_controller_i/trans_addr_q_reg[25]/CLK (DFFARX1_HVT)
                                                          0.00       0.00 r
  u_core/core_i/if_stage_i/prefetch_buffer_i/prefetch_controller_i/trans_addr_q_reg[25]/QN (DFFARX1_HVT)
                                                          0.10       0.10 f
  u_core/core_i/if_stage_i/U1026/Y (AO221X1_HVT)          0.08       0.18 f
  u_core/core_i/if_stage_i/prefetch_buffer_i/prefetch_controller_i/trans_addr_q_reg[25]/D (DFFARX1_HVT)
                                                          0.01       0.19 f
  data arrival time                                                  0.19

  clock clk_i (rise edge)                                 0.00       0.00
  clock network delay (ideal)                             0.00       0.00
  u_core/core_i/if_stage_i/prefetch_buffer_i/prefetch_controller_i/trans_addr_q_reg[25]/CLK (DFFARX1_HVT)
                                                                     0.00 r
  clock reconvergence pessimism                           0.00       0.00
  clock uncertainty                                       0.10       0.10
  library hold time                                      -0.01       0.09
  data required time                                                 0.09
  ------------------------------------------------------------------------------
  data required time                                                 0.09
  data arrival time                                                 -0.19
  ------------------------------------------------------------------------------
  slack (MET)                                                        0.10


  Startpoint: u_core/core_i/if_stage_i/prefetch_buffer_i/prefetch_controller_i/trans_addr_q_reg[27]
               (rising edge-triggered flip-flop clocked by clk_i)
  Endpoint: u_core/core_i/if_stage_i/prefetch_buffer_i/prefetch_controller_i/trans_addr_q_reg[27]
               (rising edge-triggered flip-flop clocked by clk_i)
  Path Group: clk_i
  Path Type: min

  Point                                                   Incr       Path
  ------------------------------------------------------------------------------
  clock clk_i (rise edge)                                 0.00       0.00
  clock network delay (ideal)                             0.00       0.00
  u_core/core_i/if_stage_i/prefetch_buffer_i/prefetch_controller_i/trans_addr_q_reg[27]/CLK (DFFARX1_HVT)
                                                          0.00       0.00 r
  u_core/core_i/if_stage_i/prefetch_buffer_i/prefetch_controller_i/trans_addr_q_reg[27]/QN (DFFARX1_HVT)
                                                          0.10       0.10 f
  u_core/core_i/if_stage_i/U1035/Y (AO221X1_HVT)          0.08       0.18 f
  u_core/core_i/if_stage_i/prefetch_buffer_i/prefetch_controller_i/trans_addr_q_reg[27]/D (DFFARX1_HVT)
                                                          0.01       0.19 f
  data arrival time                                                  0.19

  clock clk_i (rise edge)                                 0.00       0.00
  clock network delay (ideal)                             0.00       0.00
  u_core/core_i/if_stage_i/prefetch_buffer_i/prefetch_controller_i/trans_addr_q_reg[27]/CLK (DFFARX1_HVT)
                                                                     0.00 r
  clock reconvergence pessimism                           0.00       0.00
  clock uncertainty                                       0.10       0.10
  library hold time                                      -0.01       0.09
  data required time                                                 0.09
  ------------------------------------------------------------------------------
  data required time                                                 0.09
  data arrival time                                                 -0.19
  ------------------------------------------------------------------------------
  slack (MET)                                                        0.10


  Startpoint: u_core/core_i/if_stage_i/prefetch_buffer_i/prefetch_controller_i/trans_addr_q_reg[29]
               (rising edge-triggered flip-flop clocked by clk_i)
  Endpoint: u_core/core_i/if_stage_i/prefetch_buffer_i/prefetch_controller_i/trans_addr_q_reg[29]
               (rising edge-triggered flip-flop clocked by clk_i)
  Path Group: clk_i
  Path Type: min

  Point                                                   Incr       Path
  ------------------------------------------------------------------------------
  clock clk_i (rise edge)                                 0.00       0.00
  clock network delay (ideal)                             0.00       0.00
  u_core/core_i/if_stage_i/prefetch_buffer_i/prefetch_controller_i/trans_addr_q_reg[29]/CLK (DFFARX1_HVT)
                                                          0.00       0.00 r
  u_core/core_i/if_stage_i/prefetch_buffer_i/prefetch_controller_i/trans_addr_q_reg[29]/QN (DFFARX1_HVT)
                                                          0.10       0.10 f
  u_core/core_i/if_stage_i/U1044/Y (AO221X1_HVT)          0.08       0.18 f
  u_core/core_i/if_stage_i/prefetch_buffer_i/prefetch_controller_i/trans_addr_q_reg[29]/D (DFFARX1_HVT)
                                                          0.01       0.19 f
  data arrival time                                                  0.19

  clock clk_i (rise edge)                                 0.00       0.00
  clock network delay (ideal)                             0.00       0.00
  u_core/core_i/if_stage_i/prefetch_buffer_i/prefetch_controller_i/trans_addr_q_reg[29]/CLK (DFFARX1_HVT)
                                                                     0.00 r
  clock reconvergence pessimism                           0.00       0.00
  clock uncertainty                                       0.10       0.10
  library hold time                                      -0.01       0.09
  data required time                                                 0.09
  ------------------------------------------------------------------------------
  data required time                                                 0.09
  data arrival time                                                 -0.19
  ------------------------------------------------------------------------------
  slack (MET)                                                        0.10


  Startpoint: u_core/core_i/if_stage_i/prefetch_buffer_i/fifo_i/read_pointer_q_reg[0]
               (rising edge-triggered flip-flop clocked by clk_i)
  Endpoint: u_core/core_i/if_stage_i/prefetch_buffer_i/fifo_i/read_pointer_q_reg[0]
               (rising edge-triggered flip-flop clocked by clk_i)
  Path Group: clk_i
  Path Type: min

  Point                                                   Incr       Path
  ------------------------------------------------------------------------------
  clock clk_i (rise edge)                                 0.00       0.00
  clock network delay (ideal)                             0.00       0.00
  u_core/core_i/if_stage_i/prefetch_buffer_i/fifo_i/read_pointer_q_reg[0]/CLK (DFFARX1_HVT)
                                                          0.00       0.00 r
  u_core/core_i/if_stage_i/prefetch_buffer_i/fifo_i/read_pointer_q_reg[0]/QN (DFFARX1_HVT)
                                                          0.10       0.10 f
  u_core/core_i/if_stage_i/U1213/Y (OA221X1_HVT)          0.09       0.19 f
  u_core/core_i/if_stage_i/prefetch_buffer_i/fifo_i/read_pointer_q_reg[0]/D (DFFARX1_HVT)
                                                          0.01       0.20 f
  data arrival time                                                  0.20

  clock clk_i (rise edge)                                 0.00       0.00
  clock network delay (ideal)                             0.00       0.00
  u_core/core_i/if_stage_i/prefetch_buffer_i/fifo_i/read_pointer_q_reg[0]/CLK (DFFARX1_HVT)
                                                                     0.00 r
  clock reconvergence pessimism                           0.00       0.00
  clock uncertainty                                       0.10       0.10
  library hold time                                      -0.00       0.10
  data required time                                                 0.10
  ------------------------------------------------------------------------------
  data required time                                                 0.10
  data arrival time                                                 -0.20
  ------------------------------------------------------------------------------
  slack (MET)                                                        0.10


  Startpoint: u_core/core_i/if_stage_i/prefetch_buffer_i/prefetch_controller_i/trans_addr_q_reg[7]
               (rising edge-triggered flip-flop clocked by clk_i)
  Endpoint: u_core/core_i/if_stage_i/prefetch_buffer_i/prefetch_controller_i/trans_addr_q_reg[7]
               (rising edge-triggered flip-flop clocked by clk_i)
  Path Group: clk_i
  Path Type: min

  Point                                                   Incr       Path
  ------------------------------------------------------------------------------
  clock clk_i (rise edge)                                 0.00       0.00
  clock network delay (ideal)                             0.00       0.00
  u_core/core_i/if_stage_i/prefetch_buffer_i/prefetch_controller_i/trans_addr_q_reg[7]/CLK (DFFARX1_HVT)
                                                          0.00       0.00 r
  u_core/core_i/if_stage_i/prefetch_buffer_i/prefetch_controller_i/trans_addr_q_reg[7]/QN (DFFARX1_HVT)
                                                          0.10       0.10 f
  u_core/core_i/if_stage_i/U945/Y (AO221X1_HVT)           0.09       0.19 f
  u_core/core_i/if_stage_i/prefetch_buffer_i/prefetch_controller_i/trans_addr_q_reg[7]/D (DFFARX1_HVT)
                                                          0.01       0.20 f
  data arrival time                                                  0.20

  clock clk_i (rise edge)                                 0.00       0.00
  clock network delay (ideal)                             0.00       0.00
  u_core/core_i/if_stage_i/prefetch_buffer_i/prefetch_controller_i/trans_addr_q_reg[7]/CLK (DFFARX1_HVT)
                                                                     0.00 r
  clock reconvergence pessimism                           0.00       0.00
  clock uncertainty                                       0.10       0.10
  library hold time                                      -0.00       0.10
  data required time                                                 0.10
  ------------------------------------------------------------------------------
  data required time                                                 0.10
  data arrival time                                                 -0.20
  ------------------------------------------------------------------------------
  slack (MET)                                                        0.10


  Startpoint: u_core/core_i/if_stage_i/prefetch_buffer_i/prefetch_controller_i/trans_addr_q_reg[5]
               (rising edge-triggered flip-flop clocked by clk_i)
  Endpoint: u_core/core_i/if_stage_i/prefetch_buffer_i/prefetch_controller_i/trans_addr_q_reg[5]
               (rising edge-triggered flip-flop clocked by clk_i)
  Path Group: clk_i
  Path Type: min

  Point                                                   Incr       Path
  ------------------------------------------------------------------------------
  clock clk_i (rise edge)                                 0.00       0.00
  clock network delay (ideal)                             0.00       0.00
  u_core/core_i/if_stage_i/prefetch_buffer_i/prefetch_controller_i/trans_addr_q_reg[5]/CLK (DFFARX1_HVT)
                                                          0.00       0.00 r
  u_core/core_i/if_stage_i/prefetch_buffer_i/prefetch_controller_i/trans_addr_q_reg[5]/QN (DFFARX1_HVT)
                                                          0.10       0.10 f
  u_core/core_i/if_stage_i/U936/Y (AO221X1_HVT)           0.09       0.19 f
  u_core/core_i/if_stage_i/prefetch_buffer_i/prefetch_controller_i/trans_addr_q_reg[5]/D (DFFARX1_HVT)
                                                          0.01       0.20 f
  data arrival time                                                  0.20

  clock clk_i (rise edge)                                 0.00       0.00
  clock network delay (ideal)                             0.00       0.00
  u_core/core_i/if_stage_i/prefetch_buffer_i/prefetch_controller_i/trans_addr_q_reg[5]/CLK (DFFARX1_HVT)
                                                                     0.00 r
  clock reconvergence pessimism                           0.00       0.00
  clock uncertainty                                       0.10       0.10
  library hold time                                      -0.00       0.10
  data required time                                                 0.10
  ------------------------------------------------------------------------------
  data required time                                                 0.10
  data arrival time                                                 -0.20
  ------------------------------------------------------------------------------
  slack (MET)                                                        0.10


  Startpoint: u_core/core_i/ex_stage_i/alu_i/alu_div_i/ResReg_DP_reg[21]
               (rising edge-triggered flip-flop clocked by clk_i)
  Endpoint: u_core/core_i/ex_stage_i/alu_i/alu_div_i/ResReg_DP_reg[20]
               (rising edge-triggered flip-flop clocked by clk_i)
  Path Group: clk_i
  Path Type: min

  Point                                                   Incr       Path
  ------------------------------------------------------------------------------
  clock clk_i (rise edge)                                 0.00       0.00
  clock network delay (ideal)                             0.00       0.00
  u_core/core_i/ex_stage_i/alu_i/alu_div_i/ResReg_DP_reg[21]/CLK (DFFARX1_HVT)
                                                          0.00       0.00 r
  u_core/core_i/ex_stage_i/alu_i/alu_div_i/ResReg_DP_reg[21]/QN (DFFARX1_HVT)
                                                          0.10       0.10 f
  u_core/core_i/ex_stage_i/alu_i/U1129/Y (NOR2X0_HVT)     0.08       0.18 r
  u_core/core_i/ex_stage_i/alu_i/alu_div_i/ResReg_DP_reg[20]/D (DFFARX1_HVT)
                                                          0.01       0.19 r
  data arrival time                                                  0.19

  clock clk_i (rise edge)                                 0.00       0.00
  clock network delay (ideal)                             0.00       0.00
  u_core/core_i/ex_stage_i/alu_i/alu_div_i/ResReg_DP_reg[20]/CLK (DFFARX1_HVT)
                                                                     0.00 r
  clock reconvergence pessimism                           0.00       0.00
  clock uncertainty                                       0.10       0.10
  library hold time                                      -0.02       0.08
  data required time                                                 0.08
  ------------------------------------------------------------------------------
  data required time                                                 0.08
  data arrival time                                                 -0.19
  ------------------------------------------------------------------------------
  slack (MET)                                                        0.11


  Startpoint: u_core/core_i/ex_stage_i/alu_i/alu_div_i/ResReg_DP_reg[30]
               (rising edge-triggered flip-flop clocked by clk_i)
  Endpoint: u_core/core_i/ex_stage_i/alu_i/alu_div_i/ResReg_DP_reg[29]
               (rising edge-triggered flip-flop clocked by clk_i)
  Path Group: clk_i
  Path Type: min

  Point                                                   Incr       Path
  ------------------------------------------------------------------------------
  clock clk_i (rise edge)                                 0.00       0.00
  clock network delay (ideal)                             0.00       0.00
  u_core/core_i/ex_stage_i/alu_i/alu_div_i/ResReg_DP_reg[30]/CLK (DFFARX1_HVT)
                                                          0.00       0.00 r
  u_core/core_i/ex_stage_i/alu_i/alu_div_i/ResReg_DP_reg[30]/QN (DFFARX1_HVT)
                                                          0.10       0.10 f
  u_core/core_i/ex_stage_i/alu_i/U1118/Y (NOR2X0_HVT)     0.08       0.18 r
  u_core/core_i/ex_stage_i/alu_i/alu_div_i/ResReg_DP_reg[29]/D (DFFARX1_HVT)
                                                          0.01       0.19 r
  data arrival time                                                  0.19

  clock clk_i (rise edge)                                 0.00       0.00
  clock network delay (ideal)                             0.00       0.00
  u_core/core_i/ex_stage_i/alu_i/alu_div_i/ResReg_DP_reg[29]/CLK (DFFARX1_HVT)
                                                                     0.00 r
  clock reconvergence pessimism                           0.00       0.00
  clock uncertainty                                       0.10       0.10
  library hold time                                      -0.02       0.08
  data required time                                                 0.08
  ------------------------------------------------------------------------------
  data required time                                                 0.08
  data arrival time                                                 -0.19
  ------------------------------------------------------------------------------
  slack (MET)                                                        0.11

Warning: report_timing has satisfied the max_paths criteria. There are 2296 further endpoints which have paths of interest with slack less than   100.00 that were not considered when generating this report. (UITE-502)

1
