****************************************
Report : constraint
	-all_violators
	-path slack_only
Design : cv32e40p_synth_wrap
Version: W-2024.09-SP5-3
Date   : Thu May  7 22:24:39 2026
****************************************






   max_capacitance

                             Required        Actual
   Pin                      Capacitance    Capacitance       Slack
   -----------------------------------------------------------------
   u_core/core_i/cs_registers_i/U12/Y
                               32.00          37.06          -5.06  (VIOLATED)
   u_core/core_i/id_stage_i/mult_operand_a_ex_o_reg[1]/Q
                               16.00          19.97          -3.97  (VIOLATED)
   u_core/core_i/id_stage_i/U45/Y
                               16.00          19.93          -3.93  (VIOLATED)
   u_core/core_i/id_stage_i/U182/Y
                               16.00          19.90          -3.90  (VIOLATED)
   u_core/core_i/ex_stage_i/mult_i/U35/Y
                               16.00          19.81          -3.81  (VIOLATED)
   u_core/core_i/ex_stage_i/U4/Y
                               16.00          19.73          -3.73  (VIOLATED)
   u_core/core_i/id_stage_i/mult_operand_b_ex_o_reg[2]/Q
                               16.00          19.45          -3.45  (VIOLATED)
   u_core/core_i/id_stage_i/register_file_i/U23/Y
                               16.00          19.26          -3.26  (VIOLATED)
   u_core/core_i/ex_stage_i/alu_i/U45/Y
                               16.00          19.19          -3.19  (VIOLATED)
   u_core/core_i/ex_stage_i/alu_i/U43/Y
                               16.00          19.17          -3.17  (VIOLATED)
   u_core/core_i/id_stage_i/U43/Y
                               16.00          19.16          -3.16  (VIOLATED)
   u_core/core_i/id_stage_i/register_file_i/U31/Y
                               16.00          19.00          -3.00  (VIOLATED)
   u_core/core_i/ex_stage_i/alu_i/U184/Y
                               16.00          18.93          -2.93  (VIOLATED)
   u_core/core_i/id_stage_i/U47/Y
                               16.00          18.87          -2.87  (VIOLATED)
   u_core/core_i/if_stage_i/U104/Y
                               16.00          18.87          -2.87  (VIOLATED)
   u_core/core_i/if_stage_i/U78/Y
                               16.00          18.86          -2.86  (VIOLATED)
   u_core/core_i/if_stage_i/U77/Y
                               16.00          18.86          -2.86  (VIOLATED)
   u_core/core_i/id_stage_i/U183/Y
                               16.00          18.74          -2.74  (VIOLATED)
   u_core/core_i/ex_stage_i/U3/Y
                               16.00          18.68          -2.68  (VIOLATED)
   u_core/core_i/ex_stage_i/mult_i/U53/Y
                               16.00          18.66          -2.66  (VIOLATED)
   u_core/core_i/cs_registers_i/U5/Y
                               16.00          18.59          -2.59  (VIOLATED)
   u_core/core_i/cs_registers_i/U7/Y
                               16.00          18.59          -2.59  (VIOLATED)
   U183/Y                      32.00          34.58          -2.58  (VIOLATED)
   u_core/core_i/cs_registers_i/U28/Y
                               16.00          18.55          -2.55  (VIOLATED)
   u_core/core_i/cs_registers_i/U26/Y
                               16.00          18.52          -2.52  (VIOLATED)
   u_core/core_i/cs_registers_i/U13/Y
                               16.00          18.51          -2.51  (VIOLATED)
   u_core/core_i/cs_registers_i/U29/Y
                               16.00          18.48          -2.48  (VIOLATED)
   u_core/core_i/id_stage_i/U46/Y
                               16.00          18.42          -2.42  (VIOLATED)
   u_core/core_i/id_stage_i/register_file_i/U17/Y
                               16.00          18.36          -2.36  (VIOLATED)
   u_core/core_i/id_stage_i/register_file_i/U18/Y
                               16.00          18.36          -2.36  (VIOLATED)
   u_core/core_i/id_stage_i/register_file_i/U19/Y
                               16.00          18.36          -2.36  (VIOLATED)
   u_core/core_i/id_stage_i/register_file_i/U21/Y
                               16.00          18.36          -2.36  (VIOLATED)
   u_core/core_i/id_stage_i/register_file_i/U22/Y
                               16.00          18.36          -2.36  (VIOLATED)
   u_core/core_i/id_stage_i/register_file_i/U24/Y
                               16.00          18.36          -2.36  (VIOLATED)
   u_core/core_i/id_stage_i/register_file_i/U25/Y
                               16.00          18.36          -2.36  (VIOLATED)
   u_core/core_i/id_stage_i/register_file_i/U26/Y
                               16.00          18.36          -2.36  (VIOLATED)
   u_core/core_i/id_stage_i/register_file_i/U28/Y
                               16.00          18.36          -2.36  (VIOLATED)
   u_core/core_i/id_stage_i/register_file_i/U29/Y
                               16.00          18.36          -2.36  (VIOLATED)
   u_core/core_i/id_stage_i/register_file_i/U30/Y
                               16.00          18.36          -2.36  (VIOLATED)
   u_core/core_i/id_stage_i/register_file_i/U20/Y
                               16.00          18.36          -2.36  (VIOLATED)
   u_core/core_i/id_stage_i/register_file_i/U27/Y
                               16.00          18.36          -2.36  (VIOLATED)
   u_core/core_i/ex_stage_i/alu_i/U178/Y
                                8.00          10.30          -2.30  (VIOLATED)
   u_core/core_i/if_stage_i/U106/Y
                               16.00          18.30          -2.30  (VIOLATED)
   u_core/core_i/id_stage_i/U39/Y
                               16.00          18.27          -2.27  (VIOLATED)
   u_core/core_i/id_stage_i/decoder_i/U3/Y
                                8.00          10.26          -2.26  (VIOLATED)
   u_core/core_i/id_stage_i/mult_operand_b_ex_o_reg[3]/Q
                               16.00          18.26          -2.26  (VIOLATED)
   U7/Y                        16.00          18.24          -2.24  (VIOLATED)
   U9/Y                        16.00          18.24          -2.24  (VIOLATED)
   U11/Y                       16.00          18.24          -2.24  (VIOLATED)
   U16/Y                       16.00          18.24          -2.24  (VIOLATED)
   U294/Y                      16.00          18.24          -2.24  (VIOLATED)
   U351/Y                      16.00          18.24          -2.24  (VIOLATED)
   U355/Y                      16.00          18.24          -2.24  (VIOLATED)
   U8/Y                        16.00          18.24          -2.24  (VIOLATED)
   U10/Y                       16.00          18.24          -2.24  (VIOLATED)
   U328/Y                      16.00          18.24          -2.24  (VIOLATED)
   U343/Y                      16.00          18.24          -2.24  (VIOLATED)
   U347/Y                      16.00          18.24          -2.24  (VIOLATED)
   U361/Y                      16.00          18.24          -2.24  (VIOLATED)
   U365/Y                      16.00          18.24          -2.24  (VIOLATED)
   U6/Y                        16.00          18.24          -2.24  (VIOLATED)
   U12/Y                       16.00          18.24          -2.24  (VIOLATED)
   U14/Y                       16.00          18.24          -2.24  (VIOLATED)
   U15/Y                       16.00          18.24          -2.24  (VIOLATED)
   U17/Y                       16.00          18.24          -2.24  (VIOLATED)
   U273/Y                      16.00          18.24          -2.24  (VIOLATED)
   U278/Y                      16.00          18.24          -2.24  (VIOLATED)
   U283/Y                      16.00          18.24          -2.24  (VIOLATED)
   U289/Y                      16.00          18.24          -2.24  (VIOLATED)
   U300/Y                      16.00          18.24          -2.24  (VIOLATED)
   U305/Y                      16.00          18.24          -2.24  (VIOLATED)
   U310/Y                      16.00          18.24          -2.24  (VIOLATED)
   U316/Y                      16.00          18.24          -2.24  (VIOLATED)
   U322/Y                      16.00          18.24          -2.24  (VIOLATED)
   U339/Y                      16.00          18.24          -2.24  (VIOLATED)
   U371/Y                      16.00          18.24          -2.24  (VIOLATED)
   u_core/core_i/cs_registers_i/U21/Y
                               16.00          18.23          -2.23  (VIOLATED)
   u_core/core_i/cs_registers_i/U33/Y
                               16.00          18.22          -2.22  (VIOLATED)
   u_core/core_i/id_stage_i/register_file_i/U75/Y
                               16.00          18.22          -2.22  (VIOLATED)
   U334/Y                      16.00          18.21          -2.21  (VIOLATED)
   u_core/core_i/ex_stage_i/alu_i/U356/Y
                               16.00          18.20          -2.20  (VIOLATED)
   u_core/core_i/cs_registers_i/U19/Y
                               16.00          18.20          -2.20  (VIOLATED)
   U265/Y                      16.00          18.20          -2.20  (VIOLATED)
   u_core/core_i/ex_stage_i/alu_i/alu_div_i/RemSel_SP_reg/Q
                               16.00          18.15          -2.15  (VIOLATED)
   u_core/core_i/cs_registers_i/U32/Y
                               16.00          18.15          -2.15  (VIOLATED)
   u_core/core_i/id_stage_i/register_file_i/U66/Y
                               16.00          18.14          -2.14  (VIOLATED)
   u_core/core_i/id_stage_i/register_file_i/U71/Y
                               16.00          18.14          -2.14  (VIOLATED)
   u_core/core_i/id_stage_i/register_file_i/U76/Y
                               16.00          18.14          -2.14  (VIOLATED)
   u_core/core_i/id_stage_i/register_file_i/U90/Y
                               16.00          18.14          -2.14  (VIOLATED)
   u_core/core_i/id_stage_i/register_file_i/U91/Y
                               16.00          18.14          -2.14  (VIOLATED)
   u_core/core_i/id_stage_i/register_file_i/U93/Y
                               16.00          18.14          -2.14  (VIOLATED)
   u_core/core_i/id_stage_i/register_file_i/U104/Y
                               16.00          18.14          -2.14  (VIOLATED)
   u_core/core_i/id_stage_i/register_file_i/U108/Y
                               16.00          18.14          -2.14  (VIOLATED)
   u_core/core_i/id_stage_i/register_file_i/U109/Y
                               16.00          18.14          -2.14  (VIOLATED)
   u_core/core_i/id_stage_i/U42/Y
                               16.00          18.13          -2.13  (VIOLATED)
   U483/Y                      16.00          18.12          -2.12  (VIOLATED)
   u_core/core_i/id_stage_i/U48/Y
                               16.00          18.12          -2.12  (VIOLATED)
   u_core/core_i/id_stage_i/U304/Y
                                8.00          10.12          -2.12  (VIOLATED)
   u_core/core_i/cs_registers_i/U49/Y
                               16.00          18.11          -2.11  (VIOLATED)
   u_core/core_i/id_stage_i/U14/Y
                               16.00          18.10          -2.10  (VIOLATED)
   u_core/core_i/id_stage_i/U44/Y
                               16.00          18.06          -2.06  (VIOLATED)
   u_core/core_i/ex_stage_i/alu_i/U210/Y
                               16.00          18.05          -2.05  (VIOLATED)
   u_core/core_i/ex_stage_i/U10/Y
                                8.00          10.04          -2.04  (VIOLATED)
   u_core/core_i/cs_registers_i/U356/Y
                                8.00           9.99          -1.99  (VIOLATED)
   u_core/core_i/id_stage_i/register_file_i/U4/Y
                               16.00          17.97          -1.97  (VIOLATED)
   u_core/core_i/id_stage_i/register_file_i/U5/Y
                               16.00          17.97          -1.97  (VIOLATED)
   u_core/core_i/id_stage_i/register_file_i/U6/Y
                               16.00          17.97          -1.97  (VIOLATED)
   u_core/core_i/id_stage_i/register_file_i/U7/Y
                               16.00          17.97          -1.97  (VIOLATED)
   u_core/core_i/id_stage_i/register_file_i/U8/Y
                               16.00          17.97          -1.97  (VIOLATED)
   u_core/core_i/id_stage_i/register_file_i/U9/Y
                               16.00          17.97          -1.97  (VIOLATED)
   u_core/core_i/id_stage_i/register_file_i/U10/Y
                               16.00          17.97          -1.97  (VIOLATED)
   u_core/core_i/id_stage_i/register_file_i/U11/Y
                               16.00          17.97          -1.97  (VIOLATED)
   u_core/core_i/id_stage_i/register_file_i/U12/Y
                               16.00          17.97          -1.97  (VIOLATED)
   u_core/core_i/id_stage_i/register_file_i/U13/Y
                               16.00          17.97          -1.97  (VIOLATED)
   u_core/core_i/id_stage_i/register_file_i/U14/Y
                               16.00          17.97          -1.97  (VIOLATED)
   u_core/core_i/id_stage_i/register_file_i/U15/Y
                               16.00          17.97          -1.97  (VIOLATED)
   u_core/core_i/id_stage_i/register_file_i/U16/Y
                               16.00          17.97          -1.97  (VIOLATED)
   u_core/core_i/id_stage_i/U38/Y
                               16.00          17.96          -1.96  (VIOLATED)
   u_core/core_i/cs_registers_i/U6/Y
                               16.00          17.94          -1.94  (VIOLATED)
   u_core/core_i/cs_registers_i/U8/Y
                               16.00          17.94          -1.94  (VIOLATED)
   u_core/core_i/cs_registers_i/U46/Y
                               16.00          17.93          -1.93  (VIOLATED)
   u_core/core_i/cs_registers_i/U50/Y
                               16.00          17.93          -1.93  (VIOLATED)
   u_core/core_i/cs_registers_i/U51/Y
                               16.00          17.93          -1.93  (VIOLATED)
   u_core/core_i/cs_registers_i/U52/Y
                               16.00          17.93          -1.93  (VIOLATED)
   u_core/core_i/cs_registers_i/U53/Y
                               16.00          17.93          -1.93  (VIOLATED)
   u_core/core_i/cs_registers_i/U64/Y
                               16.00          17.93          -1.93  (VIOLATED)
   u_core/core_i/ex_stage_i/alu_i/U167/Y
                               16.00          17.93          -1.93  (VIOLATED)
   u_core/core_i/if_stage_i/U117/Y
                               16.00          17.93          -1.93  (VIOLATED)
   u_core/core_i/if_stage_i/U121/Y
                               16.00          17.93          -1.93  (VIOLATED)
   u_core/core_i/if_stage_i/U122/Y
                               16.00          17.93          -1.93  (VIOLATED)
   u_core/core_i/if_stage_i/U123/Y
                               16.00          17.93          -1.93  (VIOLATED)
   u_core/core_i/if_stage_i/U124/Y
                               16.00          17.93          -1.93  (VIOLATED)
   u_core/core_i/if_stage_i/U125/Y
                               16.00          17.93          -1.93  (VIOLATED)
   u_core/core_i/if_stage_i/U128/Y
                               16.00          17.93          -1.93  (VIOLATED)
   u_core/core_i/if_stage_i/U129/Y
                               16.00          17.93          -1.93  (VIOLATED)
   u_core/core_i/if_stage_i/U130/Y
                               16.00          17.93          -1.93  (VIOLATED)
   u_core/core_i/if_stage_i/U131/Y
                               16.00          17.93          -1.93  (VIOLATED)
   u_core/core_i/if_stage_i/U133/Y
                               16.00          17.93          -1.93  (VIOLATED)
   u_core/core_i/if_stage_i/U39/Y
                               16.00          17.91          -1.91  (VIOLATED)
   u_core/core_i/if_stage_i/U132/Y
                               16.00          17.91          -1.91  (VIOLATED)
   u_core/core_i/id_stage_i/mult_operand_b_ex_o_reg[0]/Q
                                8.00           9.91          -1.91  (VIOLATED)
   u_core/core_i/ex_stage_i/alu_i/U154/Y
                               16.00          17.89          -1.89  (VIOLATED)
   u_core/core_i/cs_registers_i/U31/Y
                               16.00          17.89          -1.89  (VIOLATED)
   u_core/core_i/cs_registers_i/U24/Y
                               16.00          17.88          -1.88  (VIOLATED)
   U194/Y                      16.00          17.86          -1.86  (VIOLATED)
   u_core/core_i/ex_stage_i/alu_i/U351/Y
                                8.00           9.85          -1.85  (VIOLATED)
   u_core/core_i/if_stage_i/prefetch_buffer_i/instruction_obi_i/state_q_reg/Q
                                8.00           9.85          -1.85  (VIOLATED)
   u_core/core_i/ex_stage_i/mult_i/U114/Y
                                8.00           9.83          -1.83  (VIOLATED)
   u_core/core_i/ex_stage_i/alu_i/U144/Y
                                8.00           9.82          -1.82  (VIOLATED)
   u_core/core_i/id_stage_i/U224/Y
                                8.00           9.77          -1.77  (VIOLATED)
   u_core/core_i/id_stage_i/U226/Y
                                8.00           9.77          -1.77  (VIOLATED)
   u_core/core_i/id_stage_i/U228/Y
                                8.00           9.77          -1.77  (VIOLATED)
   u_core/core_i/id_stage_i/U230/Y
                                8.00           9.77          -1.77  (VIOLATED)
   u_core/core_i/id_stage_i/U232/Y
                                8.00           9.77          -1.77  (VIOLATED)
   u_core/core_i/id_stage_i/U234/Y
                                8.00           9.77          -1.77  (VIOLATED)
   u_core/core_i/id_stage_i/U236/Y
                                8.00           9.77          -1.77  (VIOLATED)
   u_core/core_i/id_stage_i/U243/Y
                                8.00           9.77          -1.77  (VIOLATED)
   u_core/core_i/id_stage_i/U247/Y
                                8.00           9.77          -1.77  (VIOLATED)
   u_core/core_i/id_stage_i/U241/Y
                                8.00           9.77          -1.77  (VIOLATED)
   u_core/core_i/ex_stage_i/mult_i/U470/Y
                                8.00           9.77          -1.77  (VIOLATED)
   u_core/core_i/id_stage_i/mult_operand_a_ex_o_reg[18]/Q
                                8.00           9.77          -1.77  (VIOLATED)
   u_core/core_i/id_stage_i/U238/Y
                                8.00           9.76          -1.76  (VIOLATED)
   u_core/core_i/id_stage_i/U239/Y
                                8.00           9.76          -1.76  (VIOLATED)
   u_core/core_i/id_stage_i/U245/Y
                                8.00           9.76          -1.76  (VIOLATED)
   u_core/core_i/id_stage_i/U250/Y
                                8.00           9.76          -1.76  (VIOLATED)
   u_core/core_i/ex_stage_i/mult_i/U160/Y
                                8.00           9.75          -1.75  (VIOLATED)
   u_core/core_i/id_stage_i/U248/Y
                                8.00           9.73          -1.73  (VIOLATED)
   u_core/core_i/ex_stage_i/mult_i/U170/Y
                                8.00           9.71          -1.71  (VIOLATED)
   u_core/core_i/cs_registers_i/U1100/Y
                                8.00           9.71          -1.71  (VIOLATED)
   u_core/core_i/ex_stage_i/alu_i/U422/Y
                                8.00           9.71          -1.71  (VIOLATED)
   u_core/core_i/if_stage_i/U406/Y
                                8.00           9.71          -1.71  (VIOLATED)
   u_core/core_i/if_stage_i/U408/Y
                                8.00           9.71          -1.71  (VIOLATED)
   u_core/core_i/if_stage_i/prefetch_buffer_i/instruction_obi_i/state_q_reg/QN
                                8.00           9.71          -1.71  (VIOLATED)
   u_core/core_i/ex_stage_i/alu_i/U34/Y
                                8.00           9.71          -1.71  (VIOLATED)
   u_core/core_i/cs_registers_i/U27/Y
                               16.00          17.70          -1.70  (VIOLATED)
   u_core/core_i/ex_stage_i/alu_i/U458/Y
                                8.00           9.70          -1.70  (VIOLATED)
   u_core/core_i/id_stage_i/register_file_i/U105/Y
                               16.00          17.68          -1.68  (VIOLATED)
   u_core/core_i/id_stage_i/register_file_i/U52/Y
                               16.00          17.68          -1.68  (VIOLATED)
   u_core/core_i/id_stage_i/register_file_i/U89/Y
                               16.00          17.68          -1.68  (VIOLATED)
   u_core/core_i/id_stage_i/register_file_i/U33/Y
                                8.00           9.67          -1.67  (VIOLATED)
   u_core/core_i/id_stage_i/register_file_i/U34/Y
                                8.00           9.67          -1.67  (VIOLATED)
   u_core/core_i/id_stage_i/register_file_i/U38/Y
                                8.00           9.67          -1.67  (VIOLATED)
   u_core/core_i/id_stage_i/register_file_i/U43/Y
                                8.00           9.67          -1.67  (VIOLATED)
   u_core/core_i/id_stage_i/register_file_i/U137/Y
                                8.00           9.67          -1.67  (VIOLATED)
   u_core/core_i/id_stage_i/register_file_i/U145/Y
                                8.00           9.67          -1.67  (VIOLATED)
   u_core/core_i/id_stage_i/register_file_i/U153/Y
                                8.00           9.67          -1.67  (VIOLATED)
   u_core/core_i/id_stage_i/register_file_i/U161/Y
                                8.00           9.67          -1.67  (VIOLATED)
   u_core/core_i/id_stage_i/register_file_i/U168/Y
                                8.00           9.67          -1.67  (VIOLATED)
   u_core/core_i/id_stage_i/register_file_i/U175/Y
                                8.00           9.67          -1.67  (VIOLATED)
   u_core/core_i/id_stage_i/register_file_i/U182/Y
                                8.00           9.67          -1.67  (VIOLATED)
   u_core/core_i/id_stage_i/register_file_i/U188/Y
                                8.00           9.67          -1.67  (VIOLATED)
   u_core/core_i/id_stage_i/register_file_i/U194/Y
                                8.00           9.67          -1.67  (VIOLATED)
   u_core/core_i/id_stage_i/register_file_i/U201/Y
                                8.00           9.67          -1.67  (VIOLATED)
   u_core/core_i/id_stage_i/register_file_i/U207/Y
                                8.00           9.67          -1.67  (VIOLATED)
   u_core/core_i/id_stage_i/register_file_i/U212/Y
                                8.00           9.67          -1.67  (VIOLATED)
   u_core/core_i/id_stage_i/register_file_i/U216/Y
                                8.00           9.67          -1.67  (VIOLATED)
   u_core/core_i/id_stage_i/register_file_i/U220/Y
                                8.00           9.67          -1.67  (VIOLATED)
   u_core/core_i/id_stage_i/register_file_i/U226/Y
                                8.00           9.67          -1.67  (VIOLATED)
   u_core/core_i/id_stage_i/register_file_i/U232/Y
                                8.00           9.67          -1.67  (VIOLATED)
   u_core/core_i/id_stage_i/register_file_i/U238/Y
                                8.00           9.67          -1.67  (VIOLATED)
   u_core/core_i/id_stage_i/register_file_i/U245/Y
                                8.00           9.67          -1.67  (VIOLATED)
   u_core/core_i/id_stage_i/register_file_i/U251/Y
                                8.00           9.67          -1.67  (VIOLATED)
   u_core/core_i/id_stage_i/register_file_i/U256/Y
                                8.00           9.67          -1.67  (VIOLATED)
   u_core/core_i/id_stage_i/register_file_i/U261/Y
                                8.00           9.67          -1.67  (VIOLATED)
   u_core/core_i/id_stage_i/register_file_i/U266/Y
                                8.00           9.67          -1.67  (VIOLATED)
   u_core/core_i/id_stage_i/register_file_i/U272/Y
                                8.00           9.67          -1.67  (VIOLATED)
   u_core/core_i/id_stage_i/register_file_i/U277/Y
                                8.00           9.67          -1.67  (VIOLATED)
   u_core/core_i/id_stage_i/register_file_i/U283/Y
                                8.00           9.67          -1.67  (VIOLATED)
   u_core/core_i/id_stage_i/register_file_i/U294/Y
                                8.00           9.67          -1.67  (VIOLATED)
   u_core/core_i/id_stage_i/register_file_i/U299/Y
                                8.00           9.67          -1.67  (VIOLATED)
   u_core/core_i/id_stage_i/register_file_i/U303/Y
                                8.00           9.67          -1.67  (VIOLATED)
   u_core/core_i/id_stage_i/register_file_i/U2076/Y
                                8.00           9.67          -1.67  (VIOLATED)
   u_core/core_i/id_stage_i/register_file_i/U2081/Y
                                8.00           9.67          -1.67  (VIOLATED)
   u_core/core_i/id_stage_i/register_file_i/U2085/Y
                                8.00           9.67          -1.67  (VIOLATED)
   u_core/core_i/id_stage_i/register_file_i/U2091/Y
                                8.00           9.67          -1.67  (VIOLATED)
   u_core/core_i/id_stage_i/register_file_i/U2094/Y
                                8.00           9.67          -1.67  (VIOLATED)
   u_core/core_i/id_stage_i/register_file_i/U2097/Y
                                8.00           9.67          -1.67  (VIOLATED)
   u_core/core_i/id_stage_i/register_file_i/U2099/Y
                                8.00           9.67          -1.67  (VIOLATED)
   u_core/core_i/id_stage_i/register_file_i/U2102/Y
                                8.00           9.67          -1.67  (VIOLATED)
   u_core/core_i/id_stage_i/register_file_i/U2108/Y
                                8.00           9.67          -1.67  (VIOLATED)
   u_core/core_i/id_stage_i/register_file_i/U2111/Y
                                8.00           9.67          -1.67  (VIOLATED)
   u_core/core_i/id_stage_i/register_file_i/U2113/Y
                                8.00           9.67          -1.67  (VIOLATED)
   u_core/core_i/id_stage_i/register_file_i/U2116/Y
                                8.00           9.67          -1.67  (VIOLATED)
   u_core/core_i/id_stage_i/register_file_i/U2119/Y
                                8.00           9.67          -1.67  (VIOLATED)
   u_core/core_i/id_stage_i/mult_operand_b_ex_o_reg[17]/Q
                                8.00           9.63          -1.63  (VIOLATED)
   u_core/core_i/ex_stage_i/mult_i/U111/Y
                                8.00           9.63          -1.63  (VIOLATED)
   u_core/core_i/cs_registers_i/U17/Y
                               16.00          17.63          -1.63  (VIOLATED)
   u_core/core_i/cs_registers_i/U16/Y
                               16.00          17.63          -1.63  (VIOLATED)
   u_core/core_i/cs_registers_i/U18/Y
                               16.00          17.63          -1.63  (VIOLATED)
   u_core/core_i/id_stage_i/mult_operand_b_ex_o_reg[4]/Q
                               16.00          17.63          -1.63  (VIOLATED)
   U208/Y                       8.00           9.62          -1.62  (VIOLATED)
   U408/Y                      16.00          17.60          -1.60  (VIOLATED)
   u_core/core_i/if_stage_i/U31/Y
                                8.00           9.60          -1.60  (VIOLATED)
   u_core/core_i/id_stage_i/register_file_i/U48/Y
                               16.00          17.60          -1.60  (VIOLATED)
   u_core/core_i/id_stage_i/register_file_i/U50/Y
                               16.00          17.60          -1.60  (VIOLATED)
   u_core/core_i/id_stage_i/register_file_i/U55/Y
                               16.00          17.60          -1.60  (VIOLATED)
   u_core/core_i/id_stage_i/register_file_i/U67/Y
                               16.00          17.60          -1.60  (VIOLATED)
   u_core/core_i/id_stage_i/register_file_i/U68/Y
                               16.00          17.60          -1.60  (VIOLATED)
   u_core/core_i/id_stage_i/register_file_i/U85/Y
                               16.00          17.60          -1.60  (VIOLATED)
   u_core/core_i/id_stage_i/register_file_i/U86/Y
                               16.00          17.60          -1.60  (VIOLATED)
   u_core/core_i/id_stage_i/register_file_i/U100/Y
                               16.00          17.60          -1.60  (VIOLATED)
   u_core/core_i/id_stage_i/register_file_i/U102/Y
                               16.00          17.60          -1.60  (VIOLATED)
   u_core/core_i/id_stage_i/register_file_i/U54/Y
                               16.00          17.60          -1.60  (VIOLATED)
   u_core/core_i/id_stage_i/register_file_i/U64/Y
                               16.00          17.60          -1.60  (VIOLATED)
   u_core/core_i/id_stage_i/register_file_i/U72/Y
                               16.00          17.60          -1.60  (VIOLATED)
   u_core/core_i/id_stage_i/register_file_i/U82/Y
                               16.00          17.60          -1.60  (VIOLATED)
   u_core/core_i/id_stage_i/register_file_i/U83/Y
                               16.00          17.60          -1.60  (VIOLATED)
   u_core/core_i/id_stage_i/register_file_i/U88/Y
                               16.00          17.60          -1.60  (VIOLATED)
   u_core/core_i/id_stage_i/register_file_i/U95/Y
                               16.00          17.60          -1.60  (VIOLATED)
   u_core/core_i/id_stage_i/register_file_i/U96/Y
                               16.00          17.60          -1.60  (VIOLATED)
   u_core/core_i/id_stage_i/register_file_i/U98/Y
                               16.00          17.60          -1.60  (VIOLATED)
   u_core/core_i/ex_stage_i/mult_i/U24/Y
                                8.00           9.60          -1.60  (VIOLATED)
   u_core/core_i/ex_stage_i/mult_i/U163/Y
                                8.00           9.60          -1.60  (VIOLATED)
   u_core/core_i/ex_stage_i/mult_i/U173/Y
                                8.00           9.60          -1.60  (VIOLATED)
   u_core/core_i/ex_stage_i/mult_i/U192/Y
                                8.00           9.60          -1.60  (VIOLATED)
   u_core/core_i/cs_registers_i/U55/Y
                               16.00          17.57          -1.57  (VIOLATED)
   u_core/core_i/cs_registers_i/U47/Y
                               16.00          17.57          -1.57  (VIOLATED)
   u_core/core_i/cs_registers_i/U69/Y
                               16.00          17.57          -1.57  (VIOLATED)
   u_core/core_i/ex_stage_i/mult_i/U75/Y
                               16.00          17.57          -1.57  (VIOLATED)
   u_core/core_i/ex_stage_i/mult_i/U334/Y
                                8.00           9.56          -1.56  (VIOLATED)
   u_core/core_i/id_stage_i/U65/Y
                                8.00           9.54          -1.54  (VIOLATED)
   u_core/core_i/cs_registers_i/U141/Y
                                8.00           9.53          -1.53  (VIOLATED)
   u_core/core_i/id_stage_i/register_file_i/U1333/Y
                                8.00           9.52          -1.52  (VIOLATED)
   u_core/core_i/id_stage_i/register_file_i/U1374/Y
                                8.00           9.52          -1.52  (VIOLATED)
   u_core/core_i/if_stage_i/U105/Y
                               16.00          17.52          -1.52  (VIOLATED)
   u_core/core_i/cs_registers_i/U162/Y
                                8.00           9.51          -1.51  (VIOLATED)
   U198/Y                       8.00           9.48          -1.48  (VIOLATED)
   u_core/core_i/ex_stage_i/mult_i/U50/Y
                               16.00          17.47          -1.47  (VIOLATED)
   u_core/core_i/cs_registers_i/U1745/Y
                                8.00           9.46          -1.46  (VIOLATED)
   u_core/core_i/cs_registers_i/U1756/Y
                                8.00           9.46          -1.46  (VIOLATED)
   u_core/core_i/cs_registers_i/U1758/Y
                                8.00           9.46          -1.46  (VIOLATED)
   u_core/core_i/ex_stage_i/mult_i/U49/Y
                                8.00           9.45          -1.45  (VIOLATED)
   u_core/core_i/ex_stage_i/mult_i/U95/Y
                                8.00           9.45          -1.45  (VIOLATED)
   u_core/core_i/ex_stage_i/mult_i/U217/Y
                                8.00           9.45          -1.45  (VIOLATED)
   u_core/core_i/ex_stage_i/mult_i/U234/Y
                                8.00           9.45          -1.45  (VIOLATED)
   u_core/core_i/ex_stage_i/mult_i/U274/Y
                                8.00           9.45          -1.45  (VIOLATED)
   u_core/core_i/id_stage_i/U196/Y
                               16.00          17.44          -1.44  (VIOLATED)
   u_core/core_i/cs_registers_i/U20/Y
                               16.00          17.42          -1.42  (VIOLATED)
   u_core/core_i/ex_stage_i/mult_i/U338/Y
                                8.00           9.41          -1.41  (VIOLATED)
   u_core/core_i/id_stage_i/register_file_i/U35/Y
                                8.00           9.38          -1.38  (VIOLATED)
   u_core/core_i/id_stage_i/register_file_i/U32/Y
                                8.00           9.35          -1.35  (VIOLATED)
   u_core/core_i/id_stage_i/register_file_i/U306/Y
                                8.00           9.35          -1.35  (VIOLATED)
   u_core/core_i/id_stage_i/register_file_i/U1324/Y
                                8.00           9.35          -1.35  (VIOLATED)
   u_core/core_i/id_stage_i/register_file_i/U1330/Y
                                8.00           9.35          -1.35  (VIOLATED)
   u_core/core_i/id_stage_i/register_file_i/U1336/Y
                                8.00           9.35          -1.35  (VIOLATED)
   u_core/core_i/id_stage_i/register_file_i/U1342/Y
                                8.00           9.35          -1.35  (VIOLATED)
   u_core/core_i/id_stage_i/register_file_i/U1346/Y
                                8.00           9.35          -1.35  (VIOLATED)
   u_core/core_i/id_stage_i/register_file_i/U1351/Y
                                8.00           9.35          -1.35  (VIOLATED)
   u_core/core_i/id_stage_i/register_file_i/U1355/Y
                                8.00           9.35          -1.35  (VIOLATED)
   u_core/core_i/id_stage_i/register_file_i/U1361/Y
                                8.00           9.35          -1.35  (VIOLATED)
   u_core/core_i/id_stage_i/register_file_i/U1364/Y
                                8.00           9.35          -1.35  (VIOLATED)
   u_core/core_i/id_stage_i/register_file_i/U1368/Y
                                8.00           9.35          -1.35  (VIOLATED)
   u_core/core_i/id_stage_i/register_file_i/U1371/Y
                                8.00           9.35          -1.35  (VIOLATED)
   u_core/core_i/id_stage_i/register_file_i/U1376/Y
                                8.00           9.35          -1.35  (VIOLATED)
   u_core/core_i/id_stage_i/register_file_i/U1379/Y
                                8.00           9.35          -1.35  (VIOLATED)
   u_core/core_i/cs_registers_i/U25/Y
                               16.00          17.34          -1.34  (VIOLATED)
   u_core/core_i/cs_registers_i/U130/Y
                                8.00           9.33          -1.33  (VIOLATED)
   u_core/core_i/id_stage_i/register_file_i/U2083/Y
                                8.00           9.32          -1.32  (VIOLATED)
   u_core/core_i/id_stage_i/register_file_i/U2115/Y
                                8.00           9.32          -1.32  (VIOLATED)
   u_core/core_i/ex_stage_i/mult_i/U157/Y
                                8.00           9.32          -1.32  (VIOLATED)
   u_core/core_i/ex_stage_i/mult_i/U231/Y
                                8.00           9.32          -1.32  (VIOLATED)
   u_core/core_i/ex_stage_i/mult_i/U267/Y
                                8.00           9.32          -1.32  (VIOLATED)
   u_core/core_i/cs_registers_i/U1494/Y
                                8.00           9.32          -1.32  (VIOLATED)
   u_core/core_i/cs_registers_i/U23/Y
                               16.00          17.30          -1.30  (VIOLATED)
   u_core/core_i/id_stage_i/U278/Y
                                8.00           9.30          -1.30  (VIOLATED)
   u_core/core_i/id_stage_i/U372/Y
                                8.00           9.30          -1.30  (VIOLATED)
   u_core/core_i/cs_registers_i/U59/Y
                               16.00          17.30          -1.30  (VIOLATED)
   u_core/core_i/id_stage_i/register_file_i/U3/Y
                               16.00          17.29          -1.29  (VIOLATED)
   u_core/core_i/cs_registers_i/U974/Y
                                8.00           9.29          -1.29  (VIOLATED)
   u_core/core_i/ex_stage_i/mult_i/U86/Y
                                8.00           9.28          -1.28  (VIOLATED)
   u_core/core_i/ex_stage_i/mult_i/U93/Y
                                8.00           9.27          -1.27  (VIOLATED)
   u_core/core_i/ex_stage_i/mult_i/U155/Y
                                8.00           9.27          -1.27  (VIOLATED)
   u_core/core_i/ex_stage_i/mult_i/U269/Y
                                8.00           9.27          -1.27  (VIOLATED)
   u_core/core_i/ex_stage_i/mult_i/U226/Y
                                8.00           9.27          -1.27  (VIOLATED)
   u_core/core_i/cs_registers_i/U30/Y
                               16.00          17.26          -1.26  (VIOLATED)
   u_core/core_i/cs_registers_i/U139/Y
                                8.00           9.26          -1.26  (VIOLATED)
   u_core/core_i/ex_stage_i/mult_i/U29/Y
                                8.00           9.22          -1.22  (VIOLATED)
   u_core/core_i/if_stage_i/U40/Y
                                8.00           9.22          -1.22  (VIOLATED)
   u_core/core_i/ex_stage_i/mult_i/U6/Y
                                8.00           9.19          -1.19  (VIOLATED)
   u_core/core_i/ex_stage_i/mult_i/U109/Y
                                8.00           9.17          -1.17  (VIOLATED)
   u_core/core_i/cs_registers_i/U984/Y
                                8.00           9.16          -1.16  (VIOLATED)
   u_core/core_i/id_stage_i/register_file_i/U74/Y
                               16.00          17.15          -1.15  (VIOLATED)
   u_core/core_i/id_stage_i/U20/Y
                                8.00           9.14          -1.14  (VIOLATED)
   u_core/core_i/ex_stage_i/mult_i/U189/Y
                                8.00           9.13          -1.13  (VIOLATED)
   u_core/core_i/ex_stage_i/mult_i/U191/Y
                                8.00           9.13          -1.13  (VIOLATED)
   u_core/core_i/id_stage_i/register_file_i/U164/Y
                                8.00           9.13          -1.13  (VIOLATED)
   u_core/core_i/ex_stage_i/alu_i/U1432/Y
                                8.00           9.11          -1.11  (VIOLATED)
   u_core/core_i/ex_stage_i/alu_i/U1277/Y
                                8.00           9.10          -1.10  (VIOLATED)
   u_core/core_i/ex_stage_i/alu_i/U14/Y
                                8.00           9.09          -1.09  (VIOLATED)
   u_core/core_i/cs_registers_i/U359/Y
                                8.00           9.09          -1.09  (VIOLATED)
   u_core/core_i/cs_registers_i/U798/Y
                                8.00           9.09          -1.09  (VIOLATED)
   u_core/core_i/ex_stage_i/mult_i/U332/Y
                                8.00           9.09          -1.09  (VIOLATED)
   u_core/core_i/id_stage_i/U273/Y
                                8.00           9.08          -1.08  (VIOLATED)
   u_core/core_i/id_stage_i/register_file_i/U92/Y
                               16.00          17.06          -1.06  (VIOLATED)
   u_core/core_i/if_stage_i/U198/Y
                                8.00           9.05          -1.05  (VIOLATED)
   u_core/core_i/ex_stage_i/alu_i/U118/Y
                                8.00           9.03          -1.03  (VIOLATED)
   u_core/core_i/if_stage_i/U424/Y
                                8.00           9.01          -1.01  (VIOLATED)
   u_core/core_i/ex_stage_i/alu_i/U16/Y
                                8.00           9.01          -1.01  (VIOLATED)
   u_core/core_i/id_stage_i/mult_operand_b_ex_o_reg[18]/Q
                                8.00           9.01          -1.01  (VIOLATED)
   u_core/core_i/id_stage_i/mult_operand_b_ex_o_reg[5]/Q
                               16.00          16.99          -0.99  (VIOLATED)
   u_core/core_i/id_stage_i/register_file_i/U47/Y
                               16.00          16.98          -0.98  (VIOLATED)
   u_core/core_i/id_stage_i/register_file_i/U49/Y
                               16.00          16.98          -0.98  (VIOLATED)
   u_core/core_i/id_stage_i/register_file_i/U51/Y
                               16.00          16.98          -0.98  (VIOLATED)
   u_core/core_i/id_stage_i/register_file_i/U53/Y
                               16.00          16.98          -0.98  (VIOLATED)
   u_core/core_i/id_stage_i/register_file_i/U63/Y
                               16.00          16.98          -0.98  (VIOLATED)
   u_core/core_i/id_stage_i/register_file_i/U70/Y
                               16.00          16.98          -0.98  (VIOLATED)
   u_core/core_i/id_stage_i/register_file_i/U73/Y
                               16.00          16.98          -0.98  (VIOLATED)
   u_core/core_i/id_stage_i/register_file_i/U80/Y
                               16.00          16.98          -0.98  (VIOLATED)
   u_core/core_i/id_stage_i/register_file_i/U94/Y
                               16.00          16.98          -0.98  (VIOLATED)
   u_core/core_i/id_stage_i/register_file_i/U99/Y
                               16.00          16.98          -0.98  (VIOLATED)
   u_core/core_i/id_stage_i/register_file_i/U101/Y
                               16.00          16.98          -0.98  (VIOLATED)
   u_core/core_i/id_stage_i/register_file_i/U103/Y
                               16.00          16.98          -0.98  (VIOLATED)
   u_core/core_i/id_stage_i/register_file_i/U106/Y
                               16.00          16.98          -0.98  (VIOLATED)
   u_core/core_i/id_stage_i/register_file_i/U107/Y
                               16.00          16.98          -0.98  (VIOLATED)
   u_core/core_i/id_stage_i/mult_operand_b_ex_o_reg[6]/Q
                               16.00          16.98          -0.98  (VIOLATED)
   u_core/core_i/if_stage_i/U120/Y
                               16.00          16.97          -0.97  (VIOLATED)
   u_core/core_i/if_stage_i/U127/Y
                               16.00          16.97          -0.97  (VIOLATED)
   u_core/core_i/ex_stage_i/alu_i/U46/Y
                               16.00          16.97          -0.97  (VIOLATED)
   u_core/core_i/ex_stage_i/alu_i/U147/Y
                                8.00           8.96          -0.96  (VIOLATED)
   u_core/core_i/if_stage_i/U25/Y
                               16.00          16.94          -0.94  (VIOLATED)
   u_core/core_i/id_stage_i/U37/Y
                               16.00          16.94          -0.94  (VIOLATED)
   u_core/core_i/ex_stage_i/alu_i/U361/Y
                               16.00          16.92          -0.92  (VIOLATED)
   u_core/core_i/ex_stage_i/mult_i/U5/Y
                                8.00           8.90          -0.90  (VIOLATED)
   u_core/core_i/cs_registers_i/U657/Y
                                8.00           8.87          -0.87  (VIOLATED)
   u_core/core_i/id_stage_i/mult_operand_a_ex_o_reg[4]/Q
                               16.00          16.87          -0.87  (VIOLATED)
   u_core/core_i/cs_registers_i/U983/Y
                                8.00           8.87          -0.87  (VIOLATED)
   u_core/core_i/id_stage_i/U22/Y
                                8.00           8.87          -0.87  (VIOLATED)
   u_core/core_i/if_stage_i/U22/Y
                                8.00           8.85          -0.85  (VIOLATED)
   u_core/core_i/if_stage_i/instr_rdata_id_o_reg[14]/Q
                                8.00           8.85          -0.85  (VIOLATED)
   u_core/core_i/cs_registers_i/U45/Y
                               16.00          16.80          -0.80  (VIOLATED)
   u_core/core_i/cs_registers_i/U48/Y
                               16.00          16.80          -0.80  (VIOLATED)
   u_core/core_i/cs_registers_i/U54/Y
                               16.00          16.80          -0.80  (VIOLATED)
   u_core/core_i/cs_registers_i/U56/Y
                               16.00          16.80          -0.80  (VIOLATED)
   u_core/core_i/cs_registers_i/U57/Y
                               16.00          16.80          -0.80  (VIOLATED)
   u_core/core_i/cs_registers_i/U58/Y
                               16.00          16.80          -0.80  (VIOLATED)
   u_core/core_i/cs_registers_i/U60/Y
                               16.00          16.80          -0.80  (VIOLATED)
   u_core/core_i/cs_registers_i/U61/Y
                               16.00          16.80          -0.80  (VIOLATED)
   u_core/core_i/cs_registers_i/U62/Y
                               16.00          16.80          -0.80  (VIOLATED)
   u_core/core_i/cs_registers_i/U63/Y
                               16.00          16.80          -0.80  (VIOLATED)
   u_core/core_i/cs_registers_i/U65/Y
                               16.00          16.80          -0.80  (VIOLATED)
   u_core/core_i/cs_registers_i/U66/Y
                               16.00          16.80          -0.80  (VIOLATED)
   u_core/core_i/cs_registers_i/U67/Y
                               16.00          16.80          -0.80  (VIOLATED)
   u_core/core_i/cs_registers_i/U68/Y
                               16.00          16.80          -0.80  (VIOLATED)
   u_core/core_i/cs_registers_i/U70/Y
                               16.00          16.80          -0.80  (VIOLATED)
   u_core/core_i/cs_registers_i/U71/Y
                               16.00          16.80          -0.80  (VIOLATED)
   u_core/core_i/cs_registers_i/U72/Y
                               16.00          16.80          -0.80  (VIOLATED)
   u_core/core_i/cs_registers_i/U73/Y
                               16.00          16.80          -0.80  (VIOLATED)
   u_core/core_i/cs_registers_i/U74/Y
                               16.00          16.80          -0.80  (VIOLATED)
   u_core/core_i/cs_registers_i/U75/Y
                               16.00          16.80          -0.80  (VIOLATED)
   u_core/core_i/ex_stage_i/alu_i/U155/Y
                               16.00          16.80          -0.80  (VIOLATED)
   u_core/core_i/ex_stage_i/alu_i/U165/Y
                               16.00          16.80          -0.80  (VIOLATED)
   u_core/core_i/ex_stage_i/alu_i/U166/Y
                               16.00          16.80          -0.80  (VIOLATED)
   u_core/core_i/ex_stage_i/alu_i/U169/Y
                               16.00          16.80          -0.80  (VIOLATED)
   u_core/core_i/ex_stage_i/alu_i/U170/Y
                               16.00          16.80          -0.80  (VIOLATED)
   u_core/core_i/ex_stage_i/alu_i/U168/Y
                               16.00          16.79          -0.79  (VIOLATED)
   u_core/core_i/if_stage_i/instr_rdata_id_o_reg[30]/Q
                                8.00           8.77          -0.77  (VIOLATED)
   u_core/core_i/id_stage_i/U49/Y
                               16.00          16.76          -0.76  (VIOLATED)
   u_core/core_i/id_stage_i/register_file_i/U40/Y
                                8.00           8.75          -0.75  (VIOLATED)
   u_core/core_i/id_stage_i/register_file_i/U121/Y
                                8.00           8.75          -0.75  (VIOLATED)
   u_core/core_i/id_stage_i/register_file_i/U135/Y
                                8.00           8.75          -0.75  (VIOLATED)
   u_core/core_i/id_stage_i/register_file_i/U143/Y
                                8.00           8.75          -0.75  (VIOLATED)
   u_core/core_i/id_stage_i/register_file_i/U151/Y
                                8.00           8.75          -0.75  (VIOLATED)
   u_core/core_i/id_stage_i/register_file_i/U159/Y
                                8.00           8.75          -0.75  (VIOLATED)
   u_core/core_i/id_stage_i/register_file_i/U167/Y
                                8.00           8.75          -0.75  (VIOLATED)
   u_core/core_i/id_stage_i/register_file_i/U173/Y
                                8.00           8.75          -0.75  (VIOLATED)
   u_core/core_i/id_stage_i/register_file_i/U180/Y
                                8.00           8.75          -0.75  (VIOLATED)
   u_core/core_i/id_stage_i/register_file_i/U186/Y
                                8.00           8.75          -0.75  (VIOLATED)
   u_core/core_i/id_stage_i/register_file_i/U192/Y
                                8.00           8.75          -0.75  (VIOLATED)
   u_core/core_i/id_stage_i/register_file_i/U199/Y
                                8.00           8.75          -0.75  (VIOLATED)
   u_core/core_i/id_stage_i/register_file_i/U205/Y
                                8.00           8.75          -0.75  (VIOLATED)
   u_core/core_i/id_stage_i/register_file_i/U211/Y
                                8.00           8.75          -0.75  (VIOLATED)
   u_core/core_i/id_stage_i/register_file_i/U215/Y
                                8.00           8.75          -0.75  (VIOLATED)
   u_core/core_i/id_stage_i/register_file_i/U219/Y
                                8.00           8.75          -0.75  (VIOLATED)
   u_core/core_i/id_stage_i/register_file_i/U224/Y
                                8.00           8.75          -0.75  (VIOLATED)
   u_core/core_i/id_stage_i/register_file_i/U230/Y
                                8.00           8.75          -0.75  (VIOLATED)
   u_core/core_i/id_stage_i/register_file_i/U236/Y
                                8.00           8.75          -0.75  (VIOLATED)
   u_core/core_i/id_stage_i/register_file_i/U243/Y
                                8.00           8.75          -0.75  (VIOLATED)
   u_core/core_i/id_stage_i/register_file_i/U249/Y
                                8.00           8.75          -0.75  (VIOLATED)
   u_core/core_i/id_stage_i/register_file_i/U254/Y
                                8.00           8.75          -0.75  (VIOLATED)
   u_core/core_i/id_stage_i/register_file_i/U260/Y
                                8.00           8.75          -0.75  (VIOLATED)
   u_core/core_i/id_stage_i/register_file_i/U264/Y
                                8.00           8.75          -0.75  (VIOLATED)
   u_core/core_i/id_stage_i/register_file_i/U270/Y
                                8.00           8.75          -0.75  (VIOLATED)
   u_core/core_i/id_stage_i/register_file_i/U281/Y
                                8.00           8.75          -0.75  (VIOLATED)
   u_core/core_i/id_stage_i/register_file_i/U287/Y
                                8.00           8.75          -0.75  (VIOLATED)
   u_core/core_i/id_stage_i/register_file_i/U292/Y
                                8.00           8.75          -0.75  (VIOLATED)
   u_core/core_i/id_stage_i/register_file_i/U298/Y
                                8.00           8.75          -0.75  (VIOLATED)
   u_core/core_i/id_stage_i/register_file_i/U302/Y
                                8.00           8.75          -0.75  (VIOLATED)
   u_core/core_i/ex_stage_i/mult_i/U193/Y
                                8.00           8.75          -0.75  (VIOLATED)
   u_core/core_i/cs_registers_i/U1244/Y
                                8.00           8.74          -0.74  (VIOLATED)
   u_core/core_i/cs_registers_i/U1753/Y
                                8.00           8.73          -0.73  (VIOLATED)
   u_core/core_i/ex_stage_i/alu_i/U176/Y
                                8.00           8.72          -0.72  (VIOLATED)
   u_core/core_i/cs_registers_i/U9/Y
                               16.00          16.70          -0.70  (VIOLATED)
   u_core/core_i/cs_registers_i/U10/Y
                               16.00          16.70          -0.70  (VIOLATED)
   u_core/core_i/ex_stage_i/U7/Y
                               16.00          16.69          -0.69  (VIOLATED)
   u_core/core_i/if_stage_i/U423/Y
                                8.00           8.66          -0.66  (VIOLATED)
   u_core/core_i/ex_stage_i/mult_i/U167/Y
                                8.00           8.65          -0.65  (VIOLATED)
   u_core/core_i/ex_stage_i/mult_i/U216/Y
                                8.00           8.62          -0.62  (VIOLATED)
   u_core/core_i/ex_stage_i/mult_i/U237/Y
                                8.00           8.62          -0.62  (VIOLATED)
   u_core/core_i/ex_stage_i/mult_i/U98/Y
                                8.00           8.62          -0.62  (VIOLATED)
   u_core/core_i/ex_stage_i/mult_i/U273/Y
                                8.00           8.62          -0.62  (VIOLATED)
   u_core/core_i/id_stage_i/register_file_i/U58/Y
                               16.00          16.61          -0.61  (VIOLATED)
   u_core/core_i/id_stage_i/register_file_i/U112/Y
                                8.00           8.58          -0.58  (VIOLATED)
   u_core/core_i/id_stage_i/register_file_i/U126/Y
                                8.00           8.58          -0.58  (VIOLATED)
   u_core/core_i/if_stage_i/U84/Y
                                8.00           8.58          -0.58  (VIOLATED)
   u_core/core_i/ex_stage_i/mult_i/U357/Y
                                8.00           8.55          -0.55  (VIOLATED)
   u_core/core_i/if_stage_i/U116/Y
                                8.00           8.55          -0.55  (VIOLATED)
   u_core/core_i/if_stage_i/instr_rdata_id_o_reg[23]/Q
                                8.00           8.54          -0.54  (VIOLATED)
   u_core/core_i/ex_stage_i/mult_i/U337/Y
                                8.00           8.53          -0.53  (VIOLATED)
   u_core/core_i/if_stage_i/instr_rdata_id_o_reg[31]/Q
                                8.00           8.53          -0.53  (VIOLATED)
   u_core/core_i/id_stage_i/register_file_i/U78/Y
                               16.00          16.52          -0.52  (VIOLATED)
   u_core/core_i/id_stage_i/csr_access_ex_o_reg/Q
                                8.00           8.52          -0.52  (VIOLATED)
   u_core/core_i/ex_stage_i/mult_i/U21/Y
                                8.00           8.52          -0.52  (VIOLATED)
   u_core/core_i/if_stage_i/U14/Y
                                8.00           8.51          -0.51  (VIOLATED)
   u_core/core_i/cs_registers_i/U186/Y
                                8.00           8.45          -0.45  (VIOLATED)
   u_core/core_i/id_stage_i/register_file_i/U57/Y
                               16.00          16.45          -0.45  (VIOLATED)
   u_core/core_i/id_stage_i/register_file_i/U77/Y
                               16.00          16.45          -0.45  (VIOLATED)
   u_core/core_i/if_stage_i/U26/Y
                                8.00           8.44          -0.44  (VIOLATED)
   u_core/core_i/if_stage_i/U214/Y
                                8.00           8.43          -0.43  (VIOLATED)
   u_core/core_i/id_stage_i/mult_operand_b_ex_o_reg[1]/Q
                               16.00          16.42          -0.42  (VIOLATED)
   u_core/core_i/id_stage_i/mult_operand_b_ex_o_reg[19]/Q
                                8.00           8.35          -0.35  (VIOLATED)
   u_core/core_i/if_stage_i/U211/Y
                                8.00           8.34          -0.34  (VIOLATED)
   u_core/core_i/id_stage_i/mult_operand_a_ex_o_reg[19]/Q
                                8.00           8.33          -0.33  (VIOLATED)
   u_core/core_i/id_stage_i/alu_operand_a_ex_o_reg[13]/Q
                                8.00           8.32          -0.32  (VIOLATED)
   u_core/core_i/cs_registers_i/U358/Y
                                8.00           8.32          -0.32  (VIOLATED)
   u_core/core_i/id_stage_i/mult_operand_a_ex_o_reg[5]/Q
                               16.00          16.30          -0.30  (VIOLATED)
   u_core/core_i/ex_stage_i/alu_i/U48/Y
                               16.00          16.29          -0.29  (VIOLATED)
   u_core/core_i/cs_registers_i/U603/Y
                                8.00           8.29          -0.29  (VIOLATED)
   u_core/core_i/ex_stage_i/mult_i/U112/Y
                                8.00           8.29          -0.29  (VIOLATED)
   u_core/core_i/ex_stage_i/mult_i/U4/Y
                                8.00           8.27          -0.27  (VIOLATED)
   u_core/core_i/ex_stage_i/alu_i/U459/Y
                                8.00           8.24          -0.24  (VIOLATED)
   u_core/core_i/cs_registers_i/U702/Y
                                8.00           8.23          -0.23  (VIOLATED)
   u_core/core_i/ex_stage_i/alu_i/U84/Y
                                8.00           8.14          -0.14  (VIOLATED)
   u_core/core_i/id_stage_i/register_file_i/U125/Y
                                8.00           8.12          -0.12  (VIOLATED)
   U260/Y                       8.00           8.09          -0.09  (VIOLATED)
   u_core/core_i/if_stage_i/U286/Y
                                8.00           8.04          -0.04  (VIOLATED)
   u_core/core_i/if_stage_i/U418/Y
                                8.00           8.02          -0.02  (VIOLATED)


1
