****************************************
Report : report_tracks
Design : cv32e40p_synth_wrap
Version: W-2024.09-SP2
Date   : Fri May  8 16:52:26 2026
****************************************
Layer          Direction     Start         Tracks    Pitch       Attr
---------------------------------------------------------------------------
M1             X             0.0880        2151      0.1520      default
M1             Y             0.0880        2144      0.1520      default
M2             X             0.0880        2151      0.1520      default
M2             Y             0.0880        2144      0.1520      default
M3             X             0.2400        1075      0.3040      default
M3             Y             0.2400        1072      0.3040      default
M4             X             0.2400        1075      0.3040      default
M4             Y             0.2400        1072      0.3040      default
M5             X             0.5440        537       0.6080      default
M5             Y             0.5440        536       0.6080      default
M6             X             0.5440        537       0.6080      default
M6             Y             0.5440        536       0.6080      default
M7             X             0.5440        269       1.2160      default
M7             Y             0.5440        268       1.2160      default
M8             X             0.5440        269       1.2160      default
M8             Y             0.5440        268       1.2160      default
M9             X             0.5440        135       2.4320      default
M9             Y             0.5440        134       2.4320      default
MRDL           X             0.5440        68        4.8640      default
MRDL           Y             0.5440        67        4.8640      default
1
