****************************************
Report : report_via_defs
Tech   : saed32
Version: W-2024.09-SP2
Date   : Fri May  8 16:52:26 2026
****************************************
Via_def                                               Type     Lower   Cuts    Upper   Is_default Source_type         Cut_size    Lower_enc  Upper_enc Min_rows  Min_cols  Min_cut_spacing  Is_excluded_for_signal_route   Mask_pattern
--------------------------------------------------------------------------------
VIA12SQ_C                                             simple   M1      VIA1    M2      default    single_cut_fixed    0.05 0.05   0.03 0.01  0.01 0.03 --        --        --               --                             uniform
VIA12BAR_C                                            simple   M1      VIA1    M2      --         single_cut_fixed    0.05 0.10   0.03 0.01  0.01 0.03 --        --        --               excluded                       uniform
VIA12LG_C                                             simple   M1      VIA1    M2      --         single_cut_fixed    0.10 0.10   0.03 0.01  0.03 0.01 --        --        --               --                             uniform
VIA12SQ                                               simple   M1      VIA1    M2      --         single_cut_fixed    0.05 0.05   0.03 0.01  0.03 0.01 --        --        --               --                             uniform
VIA12BAR                                              simple   M1      VIA1    M2      --         single_cut_fixed    0.05 0.10   0.03 0.01  0.03 0.01 --        --        --               excluded                       uniform
VIA12LG                                               simple   M1      VIA1    M2      --         single_cut_fixed    0.10 0.10   0.03 0.01  0.03 0.01 --        --        --               --                             uniform
VIA23SQ_C                                             simple   M2      VIA2    M3      default    single_cut_fixed    0.05 0.05   0.03 0.01  0.01 0.03 --        --        --               --                             uniform
VIA23BAR_C                                            simple   M2      VIA2    M3      --         single_cut_fixed    0.05 0.10   0.03 0.01  0.01 0.03 --        --        --               --                             uniform
VIA23LG_C                                             simple   M2      VIA2    M3      --         single_cut_fixed    0.10 0.10   0.03 0.01  0.03 0.01 --        --        --               --                             uniform
VIA23SQ                                               simple   M2      VIA2    M3      --         single_cut_fixed    0.05 0.05   0.03 0.01  0.03 0.01 --        --        --               --                             uniform
VIA23BAR                                              simple   M2      VIA2    M3      --         single_cut_fixed    0.05 0.10   0.03 0.01  0.03 0.01 --        --        --               --                             uniform
VIA23LG                                               simple   M2      VIA2    M3      --         single_cut_fixed    0.10 0.10   0.03 0.01  0.03 0.01 --        --        --               --                             uniform
VIA34SQ_C                                             simple   M3      VIA3    M4      default    single_cut_fixed    0.05 0.05   0.03 0.01  0.01 0.03 --        --        --               --                             uniform
VIA34BAR_C                                            simple   M3      VIA3    M4      --         single_cut_fixed    0.05 0.10   0.03 0.01  0.01 0.03 --        --        --               --                             uniform
VIA34LG_C                                             simple   M3      VIA3    M4      --         single_cut_fixed    0.10 0.10   0.03 0.01  0.03 0.01 --        --        --               --                             uniform
VIA34SQ                                               simple   M3      VIA3    M4      --         single_cut_fixed    0.05 0.05   0.03 0.01  0.03 0.01 --        --        --               --                             uniform
VIA34BAR                                              simple   M3      VIA3    M4      --         single_cut_fixed    0.05 0.10   0.03 0.01  0.03 0.01 --        --        --               --                             uniform
VIA34LG                                               simple   M3      VIA3    M4      --         single_cut_fixed    0.10 0.10   0.03 0.01  0.03 0.01 --        --        --               --                             uniform
VIA45SQ_C                                             simple   M4      VIA4    M5      default    single_cut_fixed    0.05 0.05   0.03 0.01  0.01 0.03 --        --        --               --                             uniform
VIA45BAR_C                                            simple   M4      VIA4    M5      --         single_cut_fixed    0.05 0.10   0.03 0.01  0.01 0.03 --        --        --               --                             uniform
VIA45LG_C                                             simple   M4      VIA4    M5      --         single_cut_fixed    0.10 0.10   0.03 0.01  0.03 0.01 --        --        --               --                             uniform
VIA45SQ                                               simple   M4      VIA4    M5      --         single_cut_fixed    0.05 0.05   0.03 0.01  0.03 0.01 --        --        --               --                             uniform
VIA45BAR                                              simple   M4      VIA4    M5      --         single_cut_fixed    0.05 0.10   0.03 0.01  0.03 0.01 --        --        --               --                             uniform
VIA45LG                                               simple   M4      VIA4    M5      --         single_cut_fixed    0.10 0.10   0.03 0.01  0.03 0.01 --        --        --               --                             uniform
VIA56SQ_C                                             simple   M5      VIA5    M6      default    single_cut_fixed    0.05 0.05   0.03 0.01  0.01 0.03 --        --        --               --                             uniform
VIA56BAR_C                                            simple   M5      VIA5    M6      --         single_cut_fixed    0.05 0.10   0.03 0.01  0.01 0.03 --        --        --               --                             uniform
VIA56LG_C                                             simple   M5      VIA5    M6      --         single_cut_fixed    0.10 0.10   0.03 0.01  0.03 0.01 --        --        --               --                             uniform
VIA56SQ                                               simple   M5      VIA5    M6      --         single_cut_fixed    0.05 0.05   0.03 0.01  0.03 0.01 --        --        --               --                             uniform
VIA56BAR                                              simple   M5      VIA5    M6      --         single_cut_fixed    0.05 0.10   0.03 0.01  0.03 0.01 --        --        --               --                             uniform
VIA56LG                                               simple   M5      VIA5    M6      --         single_cut_fixed    0.10 0.10   0.03 0.01  0.03 0.01 --        --        --               --                             uniform
VIA67SQ_C                                             simple   M6      VIA6    M7      default    single_cut_fixed    0.05 0.05   0.03 0.01  0.01 0.03 --        --        --               --                             uniform
VIA67BAR_C                                            simple   M6      VIA6    M7      --         single_cut_fixed    0.05 0.10   0.03 0.01  0.01 0.03 --        --        --               --                             uniform
VIA67LG_C                                             simple   M6      VIA6    M7      --         single_cut_fixed    0.10 0.10   0.03 0.01  0.03 0.01 --        --        --               --                             uniform
VIA67SQ                                               simple   M6      VIA6    M7      --         single_cut_fixed    0.05 0.05   0.03 0.01  0.03 0.01 --        --        --               --                             uniform
VIA67BAR                                              simple   M6      VIA6    M7      --         single_cut_fixed    0.05 0.10   0.03 0.01  0.03 0.01 --        --        --               --                             uniform
VIA67LG                                               simple   M6      VIA6    M7      --         single_cut_fixed    0.10 0.10   0.03 0.01  0.03 0.01 --        --        --               --                             uniform
VIA78SQ_C                                             simple   M7      VIA7    M8      default    single_cut_fixed    0.05 0.05   0.03 0.01  0.01 0.03 --        --        --               --                             uniform
VIA78BAR_C                                            simple   M7      VIA7    M8      --         single_cut_fixed    0.05 0.10   0.03 0.01  0.01 0.03 --        --        --               --                             uniform
VIA78LG_C                                             simple   M7      VIA7    M8      --         single_cut_fixed    0.10 0.10   0.03 0.01  0.03 0.01 --        --        --               --                             uniform
VIA78SQ                                               simple   M7      VIA7    M8      --         single_cut_fixed    0.05 0.05   0.03 0.01  0.03 0.01 --        --        --               --                             uniform
VIA78BAR                                              simple   M7      VIA7    M8      --         single_cut_fixed    0.05 0.10   0.03 0.01  0.03 0.01 --        --        --               --                             uniform
VIA78LG                                               simple   M7      VIA7    M8      --         single_cut_fixed    0.10 0.10   0.03 0.01  0.03 0.01 --        --        --               --                             uniform
VIA89_C                                               simple   M8      VIA8    M9      default    single_cut_fixed    0.13 0.13   0.03 0.02  0.02 0.03 --        --        --               --                             uniform
VIA89                                                 simple   M8      VIA8    M9      default    single_cut_fixed    0.13 0.13   0.03 0.02  0.03 0.02 --        --        --               --                             uniform
VIA9RDL                                               simple   M9      VIARDL  MRDL    default    single_cut_fixed    2.00 2.00   0.50 0.50  0.50 0.50 --        --        --               --                             uniform
1
