PG top port diagnosis

Net: VDD
  port_count     : 1
  terminal_count : 1
  shape_count    : 111
  via_count      : 998
  port_names:
    VDD
  terminals:
    VDD_top_terminal

Net: VSS
  port_count     : 1
  terminal_count : 1
  shape_count    : 113
  via_count      : 957
  port_names:
    VSS
  terminals:
    VSS_top_terminal

All top-level terminals
  total_terminal_count: 400
  clk_i port=clk_i layer= bbox={324.4280 0.0000} {324.4840 0.2860}
  rst_ni port=rst_ni layer= bbox={321.0840 0.0000} {321.1400 0.2860}
  pulp_clock_en_i port=pulp_clock_en_i layer= bbox={317.7400 0.0000} {317.7960 0.2860}
  scan_cg_en_i port=scan_cg_en_i layer= bbox={314.2440 0.0000} {314.3000 0.2860}
  boot_addr_i[31] port=boot_addr_i[31] layer= bbox={310.9000 0.0000} {310.9560 0.2860}
  boot_addr_i[30] port=boot_addr_i[30] layer= bbox={307.5560 0.0000} {307.6120 0.2860}
  boot_addr_i[29] port=boot_addr_i[29] layer= bbox={304.2120 0.0000} {304.2680 0.2860}
  boot_addr_i[28] port=boot_addr_i[28] layer= bbox={300.7160 0.0000} {300.7720 0.2860}
  boot_addr_i[27] port=boot_addr_i[27] layer= bbox={297.3720 0.0000} {297.4280 0.2860}
  boot_addr_i[26] port=boot_addr_i[26] layer= bbox={294.0280 0.0000} {294.0840 0.2860}
  boot_addr_i[25] port=boot_addr_i[25] layer= bbox={290.5320 0.0000} {290.5880 0.2860}
  boot_addr_i[24] port=boot_addr_i[24] layer= bbox={287.1880 0.0000} {287.2440 0.2860}
  boot_addr_i[23] port=boot_addr_i[23] layer= bbox={283.8440 0.0000} {283.9000 0.2860}
  boot_addr_i[22] port=boot_addr_i[22] layer= bbox={280.5000 0.0000} {280.5560 0.2860}
  boot_addr_i[21] port=boot_addr_i[21] layer= bbox={277.0040 0.0000} {277.0600 0.2860}
  boot_addr_i[20] port=boot_addr_i[20] layer= bbox={273.6600 0.0000} {273.7160 0.2860}
  boot_addr_i[19] port=boot_addr_i[19] layer= bbox={270.3160 0.0000} {270.3720 0.2860}
  boot_addr_i[18] port=boot_addr_i[18] layer= bbox={266.8200 0.0000} {266.8760 0.2860}
  boot_addr_i[17] port=boot_addr_i[17] layer= bbox={263.4760 0.0000} {263.5320 0.2860}
  boot_addr_i[16] port=boot_addr_i[16] layer= bbox={260.1320 0.0000} {260.1880 0.2860}
  boot_addr_i[15] port=boot_addr_i[15] layer= bbox={256.7880 0.0000} {256.8440 0.2860}
  boot_addr_i[14] port=boot_addr_i[14] layer= bbox={253.2920 0.0000} {253.3480 0.2860}
  boot_addr_i[13] port=boot_addr_i[13] layer= bbox={249.9480 0.0000} {250.0040 0.2860}
  boot_addr_i[12] port=boot_addr_i[12] layer= bbox={246.6040 0.0000} {246.6600 0.2860}
  boot_addr_i[11] port=boot_addr_i[11] layer= bbox={243.1080 0.0000} {243.1640 0.2860}
  boot_addr_i[10] port=boot_addr_i[10] layer= bbox={239.7640 0.0000} {239.8200 0.2860}
  boot_addr_i[9] port=boot_addr_i[9] layer= bbox={236.4200 0.0000} {236.4760 0.2860}
  boot_addr_i[8] port=boot_addr_i[8] layer= bbox={232.9240 0.0000} {232.9800 0.2860}
  boot_addr_i[7] port=boot_addr_i[7] layer= bbox={229.5800 0.0000} {229.6360 0.2860}
  boot_addr_i[6] port=boot_addr_i[6] layer= bbox={226.2360 0.0000} {226.2920 0.2860}
  boot_addr_i[5] port=boot_addr_i[5] layer= bbox={222.8920 0.0000} {222.9480 0.2860}
  boot_addr_i[4] port=boot_addr_i[4] layer= bbox={219.3960 0.0000} {219.4520 0.2860}
  boot_addr_i[3] port=boot_addr_i[3] layer= bbox={216.0520 0.0000} {216.1080 0.2860}
  boot_addr_i[2] port=boot_addr_i[2] layer= bbox={212.7080 0.0000} {212.7640 0.2860}
  boot_addr_i[1] port=boot_addr_i[1] layer= bbox={209.2120 0.0000} {209.2680 0.2860}
  boot_addr_i[0] port=boot_addr_i[0] layer= bbox={205.8680 0.0000} {205.9240 0.2860}
  mtvec_addr_i[31] port=mtvec_addr_i[31] layer= bbox={202.5240 0.0000} {202.5800 0.2860}
  mtvec_addr_i[30] port=mtvec_addr_i[30] layer= bbox={199.1800 0.0000} {199.2360 0.2860}
  mtvec_addr_i[29] port=mtvec_addr_i[29] layer= bbox={195.6840 0.0000} {195.7400 0.2860}
  mtvec_addr_i[28] port=mtvec_addr_i[28] layer= bbox={192.3400 0.0000} {192.3960 0.2860}
  mtvec_addr_i[27] port=mtvec_addr_i[27] layer= bbox={188.9960 0.0000} {189.0520 0.2860}
  mtvec_addr_i[26] port=mtvec_addr_i[26] layer= bbox={185.5000 0.0000} {185.5560 0.2860}
  mtvec_addr_i[25] port=mtvec_addr_i[25] layer= bbox={182.1560 0.0000} {182.2120 0.2860}
  mtvec_addr_i[24] port=mtvec_addr_i[24] layer= bbox={178.8120 0.0000} {178.8680 0.2860}
  mtvec_addr_i[23] port=mtvec_addr_i[23] layer= bbox={175.4680 0.0000} {175.5240 0.2860}
  mtvec_addr_i[22] port=mtvec_addr_i[22] layer= bbox={171.9720 0.0000} {172.0280 0.2860}
  mtvec_addr_i[21] port=mtvec_addr_i[21] layer= bbox={168.6280 0.0000} {168.6840 0.2860}
  mtvec_addr_i[20] port=mtvec_addr_i[20] layer= bbox={165.2840 0.0000} {165.3400 0.2860}
  mtvec_addr_i[19] port=mtvec_addr_i[19] layer= bbox={161.7880 0.0000} {161.8440 0.2860}
  mtvec_addr_i[18] port=mtvec_addr_i[18] layer= bbox={158.4440 0.0000} {158.5000 0.2860}
  mtvec_addr_i[17] port=mtvec_addr_i[17] layer= bbox={155.1000 0.0000} {155.1560 0.2860}
  mtvec_addr_i[16] port=mtvec_addr_i[16] layer= bbox={151.6040 0.0000} {151.6600 0.2860}
  mtvec_addr_i[15] port=mtvec_addr_i[15] layer= bbox={148.2600 0.0000} {148.3160 0.2860}
  mtvec_addr_i[14] port=mtvec_addr_i[14] layer= bbox={144.9160 0.0000} {144.9720 0.2860}
  mtvec_addr_i[13] port=mtvec_addr_i[13] layer= bbox={141.5720 0.0000} {141.6280 0.2860}
  mtvec_addr_i[12] port=mtvec_addr_i[12] layer= bbox={138.0760 0.0000} {138.1320 0.2860}
  mtvec_addr_i[11] port=mtvec_addr_i[11] layer= bbox={134.7320 0.0000} {134.7880 0.2860}
  mtvec_addr_i[10] port=mtvec_addr_i[10] layer= bbox={131.3880 0.0000} {131.4440 0.2860}
  mtvec_addr_i[9] port=mtvec_addr_i[9] layer= bbox={127.8920 0.0000} {127.9480 0.2860}
  mtvec_addr_i[8] port=mtvec_addr_i[8] layer= bbox={124.5480 0.0000} {124.6040 0.2860}
  mtvec_addr_i[7] port=mtvec_addr_i[7] layer= bbox={121.2040 0.0000} {121.2600 0.2860}
  mtvec_addr_i[6] port=mtvec_addr_i[6] layer= bbox={117.8600 0.0000} {117.9160 0.2860}
  mtvec_addr_i[5] port=mtvec_addr_i[5] layer= bbox={114.3640 0.0000} {114.4200 0.2860}
  mtvec_addr_i[4] port=mtvec_addr_i[4] layer= bbox={111.0200 0.0000} {111.0760 0.2860}
  mtvec_addr_i[3] port=mtvec_addr_i[3] layer= bbox={107.6760 0.0000} {107.7320 0.2860}
  mtvec_addr_i[2] port=mtvec_addr_i[2] layer= bbox={104.1800 0.0000} {104.2360 0.2860}
  mtvec_addr_i[1] port=mtvec_addr_i[1] layer= bbox={100.8360 0.0000} {100.8920 0.2860}
  mtvec_addr_i[0] port=mtvec_addr_i[0] layer= bbox={97.4920 0.0000} {97.5480 0.2860}
  dm_halt_addr_i[31] port=dm_halt_addr_i[31] layer= bbox={94.1480 0.0000} {94.2040 0.2860}
  dm_halt_addr_i[30] port=dm_halt_addr_i[30] layer= bbox={90.6520 0.0000} {90.7080 0.2860}
  dm_halt_addr_i[29] port=dm_halt_addr_i[29] layer= bbox={87.3080 0.0000} {87.3640 0.2860}
  dm_halt_addr_i[28] port=dm_halt_addr_i[28] layer= bbox={83.9640 0.0000} {84.0200 0.2860}
  dm_halt_addr_i[27] port=dm_halt_addr_i[27] layer= bbox={80.4680 0.0000} {80.5240 0.2860}
  dm_halt_addr_i[26] port=dm_halt_addr_i[26] layer= bbox={77.1240 0.0000} {77.1800 0.2860}
  dm_halt_addr_i[25] port=dm_halt_addr_i[25] layer= bbox={73.7800 0.0000} {73.8360 0.2860}
  dm_halt_addr_i[24] port=dm_halt_addr_i[24] layer= bbox={70.2840 0.0000} {70.3400 0.2860}
  dm_halt_addr_i[23] port=dm_halt_addr_i[23] layer= bbox={66.9400 0.0000} {66.9960 0.2860}
  dm_halt_addr_i[22] port=dm_halt_addr_i[22] layer= bbox={63.5960 0.0000} {63.6520 0.2860}
  dm_halt_addr_i[21] port=dm_halt_addr_i[21] layer= bbox={60.2520 0.0000} {60.3080 0.2860}
  dm_halt_addr_i[20] port=dm_halt_addr_i[20] layer= bbox={56.7560 0.0000} {56.8120 0.2860}
  dm_halt_addr_i[19] port=dm_halt_addr_i[19] layer= bbox={53.4120 0.0000} {53.4680 0.2860}
  dm_halt_addr_i[18] port=dm_halt_addr_i[18] layer= bbox={50.0680 0.0000} {50.1240 0.2860}
  dm_halt_addr_i[17] port=dm_halt_addr_i[17] layer= bbox={46.5720 0.0000} {46.6280 0.2860}
  dm_halt_addr_i[16] port=dm_halt_addr_i[16] layer= bbox={43.2280 0.0000} {43.2840 0.2860}
  dm_halt_addr_i[15] port=dm_halt_addr_i[15] layer= bbox={39.8840 0.0000} {39.9400 0.2860}
  dm_halt_addr_i[14] port=dm_halt_addr_i[14] layer= bbox={36.5400 0.0000} {36.5960 0.2860}
  dm_halt_addr_i[13] port=dm_halt_addr_i[13] layer= bbox={33.0440 0.0000} {33.1000 0.2860}
  dm_halt_addr_i[12] port=dm_halt_addr_i[12] layer= bbox={29.7000 0.0000} {29.7560 0.2860}
  dm_halt_addr_i[11] port=dm_halt_addr_i[11] layer= bbox={26.3560 0.0000} {26.4120 0.2860}
  dm_halt_addr_i[10] port=dm_halt_addr_i[10] layer= bbox={22.8600 0.0000} {22.9160 0.2860}
  dm_halt_addr_i[9] port=dm_halt_addr_i[9] layer= bbox={19.5160 0.0000} {19.5720 0.2860}
  dm_halt_addr_i[8] port=dm_halt_addr_i[8] layer= bbox={16.1720 0.0000} {16.2280 0.2860}
  dm_halt_addr_i[7] port=dm_halt_addr_i[7] layer= bbox={12.8280 0.0000} {12.8840 0.2860}
  dm_halt_addr_i[6] port=dm_halt_addr_i[6] layer= bbox={9.3320 0.0000} {9.3880 0.2860}
  dm_halt_addr_i[5] port=dm_halt_addr_i[5] layer= bbox={5.9880 0.0000} {6.0440 0.2860}
  dm_halt_addr_i[4] port=dm_halt_addr_i[4] layer= bbox={2.6440 0.0000} {2.7000 0.2860}
  dm_halt_addr_i[3] port=dm_halt_addr_i[3] layer= bbox={326.6900 320.9320} {326.9760 320.9880}
  dm_halt_addr_i[2] port=dm_halt_addr_i[2] layer= bbox={326.6900 317.2840} {326.9760 317.3400}
  dm_halt_addr_i[1] port=dm_halt_addr_i[1] layer= bbox={326.6900 313.9400} {326.9760 313.9960}
  dm_halt_addr_i[0] port=dm_halt_addr_i[0] layer= bbox={326.6900 310.5960} {326.9760 310.6520}
  hart_id_i[31] port=hart_id_i[31] layer= bbox={326.6900 307.2520} {326.9760 307.3080}
  hart_id_i[30] port=hart_id_i[30] layer= bbox={326.6900 303.9080} {326.9760 303.9640}
  hart_id_i[29] port=hart_id_i[29] layer= bbox={326.6900 300.5640} {326.9760 300.6200}
  hart_id_i[28] port=hart_id_i[28] layer= bbox={326.6900 296.9160} {326.9760 296.9720}
  hart_id_i[27] port=hart_id_i[27] layer= bbox={326.6900 293.5720} {326.9760 293.6280}
  hart_id_i[26] port=hart_id_i[26] layer= bbox={326.6900 290.2280} {326.9760 290.2840}
  hart_id_i[25] port=hart_id_i[25] layer= bbox={326.6900 286.8840} {326.9760 286.9400}
  hart_id_i[24] port=hart_id_i[24] layer= bbox={326.6900 283.5400} {326.9760 283.5960}
  hart_id_i[23] port=hart_id_i[23] layer= bbox={326.6900 280.1960} {326.9760 280.2520}
  hart_id_i[22] port=hart_id_i[22] layer= bbox={326.6900 276.5480} {326.9760 276.6040}
  hart_id_i[21] port=hart_id_i[21] layer= bbox={326.6900 273.2040} {326.9760 273.2600}
  hart_id_i[20] port=hart_id_i[20] layer= bbox={326.6900 269.8600} {326.9760 269.9160}
  hart_id_i[19] port=hart_id_i[19] layer= bbox={326.6900 266.5160} {326.9760 266.5720}
  hart_id_i[18] port=hart_id_i[18] layer= bbox={326.6900 263.1720} {326.9760 263.2280}
  hart_id_i[17] port=hart_id_i[17] layer= bbox={326.6900 259.8280} {326.9760 259.8840}
  hart_id_i[16] port=hart_id_i[16] layer= bbox={326.6900 256.1800} {326.9760 256.2360}
  hart_id_i[15] port=hart_id_i[15] layer= bbox={326.6900 252.8360} {326.9760 252.8920}
  hart_id_i[14] port=hart_id_i[14] layer= bbox={326.6900 249.4920} {326.9760 249.5480}
  hart_id_i[13] port=hart_id_i[13] layer= bbox={326.6900 246.1480} {326.9760 246.2040}
  hart_id_i[12] port=hart_id_i[12] layer= bbox={326.6900 242.8040} {326.9760 242.8600}
  hart_id_i[11] port=hart_id_i[11] layer= bbox={326.6900 239.4600} {326.9760 239.5160}
  hart_id_i[10] port=hart_id_i[10] layer= bbox={326.6900 235.8120} {326.9760 235.8680}
  hart_id_i[9] port=hart_id_i[9] layer= bbox={326.6900 232.4680} {326.9760 232.5240}
  hart_id_i[8] port=hart_id_i[8] layer= bbox={326.6900 229.1240} {326.9760 229.1800}
  hart_id_i[7] port=hart_id_i[7] layer= bbox={326.6900 225.7800} {326.9760 225.8360}
  hart_id_i[6] port=hart_id_i[6] layer= bbox={326.6900 222.4360} {326.9760 222.4920}
  hart_id_i[5] port=hart_id_i[5] layer= bbox={326.6900 219.0920} {326.9760 219.1480}
  hart_id_i[4] port=hart_id_i[4] layer= bbox={326.6900 215.4440} {326.9760 215.5000}
  hart_id_i[3] port=hart_id_i[3] layer= bbox={326.6900 212.1000} {326.9760 212.1560}
  hart_id_i[2] port=hart_id_i[2] layer= bbox={326.6900 208.7560} {326.9760 208.8120}
  hart_id_i[1] port=hart_id_i[1] layer= bbox={326.6900 205.4120} {326.9760 205.4680}
  hart_id_i[0] port=hart_id_i[0] layer= bbox={326.6900 202.0680} {326.9760 202.1240}
  dm_exception_addr_i[31] port=dm_exception_addr_i[31] layer= bbox={326.6900 198.7240} {326.9760 198.7800}
  dm_exception_addr_i[30] port=dm_exception_addr_i[30] layer= bbox={326.6900 195.0760} {326.9760 195.1320}
  dm_exception_addr_i[29] port=dm_exception_addr_i[29] layer= bbox={326.6900 191.7320} {326.9760 191.7880}
  dm_exception_addr_i[28] port=dm_exception_addr_i[28] layer= bbox={326.6900 188.3880} {326.9760 188.4440}
  dm_exception_addr_i[27] port=dm_exception_addr_i[27] layer= bbox={326.6900 185.0440} {326.9760 185.1000}
  dm_exception_addr_i[26] port=dm_exception_addr_i[26] layer= bbox={326.6900 181.7000} {326.9760 181.7560}
  dm_exception_addr_i[25] port=dm_exception_addr_i[25] layer= bbox={326.6900 178.3560} {326.9760 178.4120}
  dm_exception_addr_i[24] port=dm_exception_addr_i[24] layer= bbox={326.6900 174.7080} {326.9760 174.7640}
  dm_exception_addr_i[23] port=dm_exception_addr_i[23] layer= bbox={326.6900 171.3640} {326.9760 171.4200}
  dm_exception_addr_i[22] port=dm_exception_addr_i[22] layer= bbox={326.6900 168.0200} {326.9760 168.0760}
  dm_exception_addr_i[21] port=dm_exception_addr_i[21] layer= bbox={326.6900 164.6760} {326.9760 164.7320}
  dm_exception_addr_i[20] port=dm_exception_addr_i[20] layer= bbox={326.6900 161.3320} {326.9760 161.3880}
  dm_exception_addr_i[19] port=dm_exception_addr_i[19] layer= bbox={326.6900 157.9880} {326.9760 158.0440}
  dm_exception_addr_i[18] port=dm_exception_addr_i[18] layer= bbox={326.6900 154.3400} {326.9760 154.3960}
  dm_exception_addr_i[17] port=dm_exception_addr_i[17] layer= bbox={326.6900 150.9960} {326.9760 151.0520}
  dm_exception_addr_i[16] port=dm_exception_addr_i[16] layer= bbox={326.6900 147.6520} {326.9760 147.7080}
  dm_exception_addr_i[15] port=dm_exception_addr_i[15] layer= bbox={326.6900 144.3080} {326.9760 144.3640}
  dm_exception_addr_i[14] port=dm_exception_addr_i[14] layer= bbox={326.6900 140.9640} {326.9760 141.0200}
  dm_exception_addr_i[13] port=dm_exception_addr_i[13] layer= bbox={326.6900 137.6200} {326.9760 137.6760}
  dm_exception_addr_i[12] port=dm_exception_addr_i[12] layer= bbox={326.6900 133.9720} {326.9760 134.0280}
  dm_exception_addr_i[11] port=dm_exception_addr_i[11] layer= bbox={326.6900 130.6280} {326.9760 130.6840}
  dm_exception_addr_i[10] port=dm_exception_addr_i[10] layer= bbox={326.6900 127.2840} {326.9760 127.3400}
  dm_exception_addr_i[9] port=dm_exception_addr_i[9] layer= bbox={326.6900 123.9400} {326.9760 123.9960}
  dm_exception_addr_i[8] port=dm_exception_addr_i[8] layer= bbox={326.6900 120.5960} {326.9760 120.6520}
  dm_exception_addr_i[7] port=dm_exception_addr_i[7] layer= bbox={326.6900 117.2520} {326.9760 117.3080}
  dm_exception_addr_i[6] port=dm_exception_addr_i[6] layer= bbox={326.6900 113.6040} {326.9760 113.6600}
  dm_exception_addr_i[5] port=dm_exception_addr_i[5] layer= bbox={326.6900 110.2600} {326.9760 110.3160}
  dm_exception_addr_i[4] port=dm_exception_addr_i[4] layer= bbox={326.6900 106.9160} {326.9760 106.9720}
  dm_exception_addr_i[3] port=dm_exception_addr_i[3] layer= bbox={326.6900 103.5720} {326.9760 103.6280}
  dm_exception_addr_i[2] port=dm_exception_addr_i[2] layer= bbox={326.6900 100.2280} {326.9760 100.2840}
  dm_exception_addr_i[1] port=dm_exception_addr_i[1] layer= bbox={326.6900 96.8840} {326.9760 96.9400}
  dm_exception_addr_i[0] port=dm_exception_addr_i[0] layer= bbox={326.6900 93.2360} {326.9760 93.2920}
  instr_req_o port=instr_req_o layer= bbox={326.6900 89.8920} {326.9760 89.9480}
  instr_gnt_i port=instr_gnt_i layer= bbox={326.6900 86.5480} {326.9760 86.6040}
  instr_rvalid_i port=instr_rvalid_i layer= bbox={326.6900 83.2040} {326.9760 83.2600}
  instr_addr_o[31] port=instr_addr_o[31] layer= bbox={326.6900 79.8600} {326.9760 79.9160}
  instr_addr_o[30] port=instr_addr_o[30] layer= bbox={326.6900 76.2120} {326.9760 76.2680}
  instr_addr_o[29] port=instr_addr_o[29] layer= bbox={326.6900 72.8680} {326.9760 72.9240}
  instr_addr_o[28] port=instr_addr_o[28] layer= bbox={326.6900 69.5240} {326.9760 69.5800}
  instr_addr_o[27] port=instr_addr_o[27] layer= bbox={326.6900 66.1800} {326.9760 66.2360}
  instr_addr_o[26] port=instr_addr_o[26] layer= bbox={326.6900 62.8360} {326.9760 62.8920}
  instr_addr_o[25] port=instr_addr_o[25] layer= bbox={326.6900 59.4920} {326.9760 59.5480}
  instr_addr_o[24] port=instr_addr_o[24] layer= bbox={326.6900 55.8440} {326.9760 55.9000}
  instr_addr_o[23] port=instr_addr_o[23] layer= bbox={326.6900 52.5000} {326.9760 52.5560}
  instr_addr_o[22] port=instr_addr_o[22] layer= bbox={326.6900 49.1560} {326.9760 49.2120}
  instr_addr_o[21] port=instr_addr_o[21] layer= bbox={326.6900 45.8120} {326.9760 45.8680}
  instr_addr_o[20] port=instr_addr_o[20] layer= bbox={326.6900 42.4680} {326.9760 42.5240}
  instr_addr_o[19] port=instr_addr_o[19] layer= bbox={326.6900 39.1240} {326.9760 39.1800}
  instr_addr_o[18] port=instr_addr_o[18] layer= bbox={326.6900 35.4760} {326.9760 35.5320}
  instr_addr_o[17] port=instr_addr_o[17] layer= bbox={326.6900 32.1320} {326.9760 32.1880}
  instr_addr_o[16] port=instr_addr_o[16] layer= bbox={326.6900 28.7880} {326.9760 28.8440}
  instr_addr_o[15] port=instr_addr_o[15] layer= bbox={326.6900 25.4440} {326.9760 25.5000}
  instr_addr_o[14] port=instr_addr_o[14] layer= bbox={326.6900 22.1000} {326.9760 22.1560}
  instr_addr_o[13] port=instr_addr_o[13] layer= bbox={326.6900 18.7560} {326.9760 18.8120}
  instr_addr_o[12] port=instr_addr_o[12] layer= bbox={326.6900 15.1080} {326.9760 15.1640}
  instr_addr_o[11] port=instr_addr_o[11] layer= bbox={326.6900 11.7640} {326.9760 11.8200}
  instr_addr_o[10] port=instr_addr_o[10] layer= bbox={326.6900 8.4200} {326.9760 8.4760}
  instr_addr_o[9] port=instr_addr_o[9] layer= bbox={326.6900 5.0760} {326.9760 5.1320}
  instr_addr_o[8] port=instr_addr_o[8] layer= bbox={326.6900 1.7320} {326.9760 1.7880}
  instr_addr_o[7] port=instr_addr_o[7] layer= bbox={324.4280 325.6260} {324.4840 325.9120}
  instr_addr_o[6] port=instr_addr_o[6] layer= bbox={321.0840 325.6260} {321.1400 325.9120}
  instr_addr_o[5] port=instr_addr_o[5] layer= bbox={317.7400 325.6260} {317.7960 325.9120}
  instr_addr_o[4] port=instr_addr_o[4] layer= bbox={314.2440 325.6260} {314.3000 325.9120}
  instr_addr_o[3] port=instr_addr_o[3] layer= bbox={310.9000 325.6260} {310.9560 325.9120}
  instr_addr_o[2] port=instr_addr_o[2] layer= bbox={307.5560 325.6260} {307.6120 325.9120}
  instr_addr_o[1] port=instr_addr_o[1] layer= bbox={304.2120 325.6260} {304.2680 325.9120}
  instr_addr_o[0] port=instr_addr_o[0] layer= bbox={300.7160 325.6260} {300.7720 325.9120}
  instr_rdata_i[31] port=instr_rdata_i[31] layer= bbox={297.3720 325.6260} {297.4280 325.9120}
  instr_rdata_i[30] port=instr_rdata_i[30] layer= bbox={294.0280 325.6260} {294.0840 325.9120}
  instr_rdata_i[29] port=instr_rdata_i[29] layer= bbox={290.5320 325.6260} {290.5880 325.9120}
  instr_rdata_i[28] port=instr_rdata_i[28] layer= bbox={287.1880 325.6260} {287.2440 325.9120}
  instr_rdata_i[27] port=instr_rdata_i[27] layer= bbox={283.8440 325.6260} {283.9000 325.9120}
  instr_rdata_i[26] port=instr_rdata_i[26] layer= bbox={280.5000 325.6260} {280.5560 325.9120}
  instr_rdata_i[25] port=instr_rdata_i[25] layer= bbox={277.0040 325.6260} {277.0600 325.9120}
  instr_rdata_i[24] port=instr_rdata_i[24] layer= bbox={273.6600 325.6260} {273.7160 325.9120}
  instr_rdata_i[23] port=instr_rdata_i[23] layer= bbox={270.3160 325.6260} {270.3720 325.9120}
  instr_rdata_i[22] port=instr_rdata_i[22] layer= bbox={266.8200 325.6260} {266.8760 325.9120}
  instr_rdata_i[21] port=instr_rdata_i[21] layer= bbox={263.4760 325.6260} {263.5320 325.9120}
  instr_rdata_i[20] port=instr_rdata_i[20] layer= bbox={260.1320 325.6260} {260.1880 325.9120}
  instr_rdata_i[19] port=instr_rdata_i[19] layer= bbox={256.7880 325.6260} {256.8440 325.9120}
  instr_rdata_i[18] port=instr_rdata_i[18] layer= bbox={253.2920 325.6260} {253.3480 325.9120}
  instr_rdata_i[17] port=instr_rdata_i[17] layer= bbox={249.9480 325.6260} {250.0040 325.9120}
  instr_rdata_i[16] port=instr_rdata_i[16] layer= bbox={246.6040 325.6260} {246.6600 325.9120}
  instr_rdata_i[15] port=instr_rdata_i[15] layer= bbox={243.1080 325.6260} {243.1640 325.9120}
  instr_rdata_i[14] port=instr_rdata_i[14] layer= bbox={239.7640 325.6260} {239.8200 325.9120}
  instr_rdata_i[13] port=instr_rdata_i[13] layer= bbox={236.4200 325.6260} {236.4760 325.9120}
  instr_rdata_i[12] port=instr_rdata_i[12] layer= bbox={232.9240 325.6260} {232.9800 325.9120}
  instr_rdata_i[11] port=instr_rdata_i[11] layer= bbox={229.5800 325.6260} {229.6360 325.9120}
  instr_rdata_i[10] port=instr_rdata_i[10] layer= bbox={226.2360 325.6260} {226.2920 325.9120}
  instr_rdata_i[9] port=instr_rdata_i[9] layer= bbox={222.8920 325.6260} {222.9480 325.9120}
  instr_rdata_i[8] port=instr_rdata_i[8] layer= bbox={219.3960 325.6260} {219.4520 325.9120}
  instr_rdata_i[7] port=instr_rdata_i[7] layer= bbox={216.0520 325.6260} {216.1080 325.9120}
  instr_rdata_i[6] port=instr_rdata_i[6] layer= bbox={212.7080 325.6260} {212.7640 325.9120}
  instr_rdata_i[5] port=instr_rdata_i[5] layer= bbox={209.2120 325.6260} {209.2680 325.9120}
  instr_rdata_i[4] port=instr_rdata_i[4] layer= bbox={205.8680 325.6260} {205.9240 325.9120}
  instr_rdata_i[3] port=instr_rdata_i[3] layer= bbox={202.5240 325.6260} {202.5800 325.9120}
  instr_rdata_i[2] port=instr_rdata_i[2] layer= bbox={199.1800 325.6260} {199.2360 325.9120}
  instr_rdata_i[1] port=instr_rdata_i[1] layer= bbox={195.6840 325.6260} {195.7400 325.9120}
  instr_rdata_i[0] port=instr_rdata_i[0] layer= bbox={192.3400 325.6260} {192.3960 325.9120}
  data_req_o port=data_req_o layer= bbox={188.9960 325.6260} {189.0520 325.9120}
  data_gnt_i port=data_gnt_i layer= bbox={185.5000 325.6260} {185.5560 325.9120}
  data_rvalid_i port=data_rvalid_i layer= bbox={182.1560 325.6260} {182.2120 325.9120}
  data_we_o port=data_we_o layer= bbox={178.8120 325.6260} {178.8680 325.9120}
  data_be_o[3] port=data_be_o[3] layer= bbox={175.4680 325.6260} {175.5240 325.9120}
  data_be_o[2] port=data_be_o[2] layer= bbox={171.9720 325.6260} {172.0280 325.9120}
  data_be_o[1] port=data_be_o[1] layer= bbox={168.6280 325.6260} {168.6840 325.9120}
  data_be_o[0] port=data_be_o[0] layer= bbox={165.2840 325.6260} {165.3400 325.9120}
  data_addr_o[31] port=data_addr_o[31] layer= bbox={161.7880 325.6260} {161.8440 325.9120}
  data_addr_o[30] port=data_addr_o[30] layer= bbox={158.4440 325.6260} {158.5000 325.9120}
  data_addr_o[29] port=data_addr_o[29] layer= bbox={155.1000 325.6260} {155.1560 325.9120}
  data_addr_o[28] port=data_addr_o[28] layer= bbox={151.6040 325.6260} {151.6600 325.9120}
  data_addr_o[27] port=data_addr_o[27] layer= bbox={148.2600 325.6260} {148.3160 325.9120}
  data_addr_o[26] port=data_addr_o[26] layer= bbox={144.9160 325.6260} {144.9720 325.9120}
  data_addr_o[25] port=data_addr_o[25] layer= bbox={141.5720 325.6260} {141.6280 325.9120}
  data_addr_o[24] port=data_addr_o[24] layer= bbox={138.0760 325.6260} {138.1320 325.9120}
  data_addr_o[23] port=data_addr_o[23] layer= bbox={134.7320 325.6260} {134.7880 325.9120}
  data_addr_o[22] port=data_addr_o[22] layer= bbox={131.3880 325.6260} {131.4440 325.9120}
  data_addr_o[21] port=data_addr_o[21] layer= bbox={127.8920 325.6260} {127.9480 325.9120}
  data_addr_o[20] port=data_addr_o[20] layer= bbox={124.5480 325.6260} {124.6040 325.9120}
  data_addr_o[19] port=data_addr_o[19] layer= bbox={121.2040 325.6260} {121.2600 325.9120}
  data_addr_o[18] port=data_addr_o[18] layer= bbox={117.8600 325.6260} {117.9160 325.9120}
  data_addr_o[17] port=data_addr_o[17] layer= bbox={114.3640 325.6260} {114.4200 325.9120}
  data_addr_o[16] port=data_addr_o[16] layer= bbox={111.0200 325.6260} {111.0760 325.9120}
  data_addr_o[15] port=data_addr_o[15] layer= bbox={107.6760 325.6260} {107.7320 325.9120}
  data_addr_o[14] port=data_addr_o[14] layer= bbox={104.1800 325.6260} {104.2360 325.9120}
  data_addr_o[13] port=data_addr_o[13] layer= bbox={100.8360 325.6260} {100.8920 325.9120}
  data_addr_o[12] port=data_addr_o[12] layer= bbox={97.4920 325.6260} {97.5480 325.9120}
  data_addr_o[11] port=data_addr_o[11] layer= bbox={94.1480 325.6260} {94.2040 325.9120}
  data_addr_o[10] port=data_addr_o[10] layer= bbox={90.6520 325.6260} {90.7080 325.9120}
  data_addr_o[9] port=data_addr_o[9] layer= bbox={87.3080 325.6260} {87.3640 325.9120}
  data_addr_o[8] port=data_addr_o[8] layer= bbox={83.9640 325.6260} {84.0200 325.9120}
  data_addr_o[7] port=data_addr_o[7] layer= bbox={80.4680 325.6260} {80.5240 325.9120}
  data_addr_o[6] port=data_addr_o[6] layer= bbox={77.1240 325.6260} {77.1800 325.9120}
  data_addr_o[5] port=data_addr_o[5] layer= bbox={73.7800 325.6260} {73.8360 325.9120}
  data_addr_o[4] port=data_addr_o[4] layer= bbox={70.2840 325.6260} {70.3400 325.9120}
  data_addr_o[3] port=data_addr_o[3] layer= bbox={66.9400 325.6260} {66.9960 325.9120}
  data_addr_o[2] port=data_addr_o[2] layer= bbox={63.5960 325.6260} {63.6520 325.9120}
  data_addr_o[1] port=data_addr_o[1] layer= bbox={60.2520 325.6260} {60.3080 325.9120}
  data_addr_o[0] port=data_addr_o[0] layer= bbox={56.7560 325.6260} {56.8120 325.9120}
  data_wdata_o[31] port=data_wdata_o[31] layer= bbox={53.4120 325.6260} {53.4680 325.9120}
  data_wdata_o[30] port=data_wdata_o[30] layer= bbox={50.0680 325.6260} {50.1240 325.9120}
  data_wdata_o[29] port=data_wdata_o[29] layer= bbox={46.5720 325.6260} {46.6280 325.9120}
  data_wdata_o[28] port=data_wdata_o[28] layer= bbox={43.2280 325.6260} {43.2840 325.9120}
  data_wdata_o[27] port=data_wdata_o[27] layer= bbox={39.8840 325.6260} {39.9400 325.9120}
  data_wdata_o[26] port=data_wdata_o[26] layer= bbox={36.5400 325.6260} {36.5960 325.9120}
  data_wdata_o[25] port=data_wdata_o[25] layer= bbox={33.0440 325.6260} {33.1000 325.9120}
  data_wdata_o[24] port=data_wdata_o[24] layer= bbox={29.7000 325.6260} {29.7560 325.9120}
  data_wdata_o[23] port=data_wdata_o[23] layer= bbox={26.3560 325.6260} {26.4120 325.9120}
  data_wdata_o[22] port=data_wdata_o[22] layer= bbox={22.8600 325.6260} {22.9160 325.9120}
  data_wdata_o[21] port=data_wdata_o[21] layer= bbox={19.5160 325.6260} {19.5720 325.9120}
  data_wdata_o[20] port=data_wdata_o[20] layer= bbox={16.1720 325.6260} {16.2280 325.9120}
  data_wdata_o[19] port=data_wdata_o[19] layer= bbox={12.8280 325.6260} {12.8840 325.9120}
  data_wdata_o[18] port=data_wdata_o[18] layer= bbox={9.3320 325.6260} {9.3880 325.9120}
  data_wdata_o[17] port=data_wdata_o[17] layer= bbox={5.9880 325.6260} {6.0440 325.9120}
  data_wdata_o[16] port=data_wdata_o[16] layer= bbox={2.6440 325.6260} {2.7000 325.9120}
  data_wdata_o[15] port=data_wdata_o[15] layer= bbox={0.0000 320.9320} {0.2860 320.9880}
  data_wdata_o[14] port=data_wdata_o[14] layer= bbox={0.0000 317.2840} {0.2860 317.3400}
  data_wdata_o[13] port=data_wdata_o[13] layer= bbox={0.0000 313.9400} {0.2860 313.9960}
  data_wdata_o[12] port=data_wdata_o[12] layer= bbox={0.0000 310.5960} {0.2860 310.6520}
  data_wdata_o[11] port=data_wdata_o[11] layer= bbox={0.0000 307.2520} {0.2860 307.3080}
  data_wdata_o[10] port=data_wdata_o[10] layer= bbox={0.0000 303.9080} {0.2860 303.9640}
  data_wdata_o[9] port=data_wdata_o[9] layer= bbox={0.0000 300.5640} {0.2860 300.6200}
  data_wdata_o[8] port=data_wdata_o[8] layer= bbox={0.0000 296.9160} {0.2860 296.9720}
  data_wdata_o[7] port=data_wdata_o[7] layer= bbox={0.0000 293.5720} {0.2860 293.6280}
  data_wdata_o[6] port=data_wdata_o[6] layer= bbox={0.0000 290.2280} {0.2860 290.2840}
  data_wdata_o[5] port=data_wdata_o[5] layer= bbox={0.0000 286.8840} {0.2860 286.9400}
  data_wdata_o[4] port=data_wdata_o[4] layer= bbox={0.0000 283.5400} {0.2860 283.5960}
  data_wdata_o[3] port=data_wdata_o[3] layer= bbox={0.0000 280.1960} {0.2860 280.2520}
  data_wdata_o[2] port=data_wdata_o[2] layer= bbox={0.0000 276.5480} {0.2860 276.6040}
  data_wdata_o[1] port=data_wdata_o[1] layer= bbox={0.0000 273.2040} {0.2860 273.2600}
  data_wdata_o[0] port=data_wdata_o[0] layer= bbox={0.0000 269.8600} {0.2860 269.9160}
  data_rdata_i[31] port=data_rdata_i[31] layer= bbox={0.0000 266.5160} {0.2860 266.5720}
  data_rdata_i[30] port=data_rdata_i[30] layer= bbox={0.0000 263.1720} {0.2860 263.2280}
  data_rdata_i[29] port=data_rdata_i[29] layer= bbox={0.0000 259.8280} {0.2860 259.8840}
  data_rdata_i[28] port=data_rdata_i[28] layer= bbox={0.0000 256.1800} {0.2860 256.2360}
  data_rdata_i[27] port=data_rdata_i[27] layer= bbox={0.0000 252.8360} {0.2860 252.8920}
  data_rdata_i[26] port=data_rdata_i[26] layer= bbox={0.0000 249.4920} {0.2860 249.5480}
  data_rdata_i[25] port=data_rdata_i[25] layer= bbox={0.0000 246.1480} {0.2860 246.2040}
  data_rdata_i[24] port=data_rdata_i[24] layer= bbox={0.0000 242.8040} {0.2860 242.8600}
  data_rdata_i[23] port=data_rdata_i[23] layer= bbox={0.0000 239.4600} {0.2860 239.5160}
  data_rdata_i[22] port=data_rdata_i[22] layer= bbox={0.0000 235.8120} {0.2860 235.8680}
  data_rdata_i[21] port=data_rdata_i[21] layer= bbox={0.0000 232.4680} {0.2860 232.5240}
  data_rdata_i[20] port=data_rdata_i[20] layer= bbox={0.0000 229.1240} {0.2860 229.1800}
  data_rdata_i[19] port=data_rdata_i[19] layer= bbox={0.0000 225.7800} {0.2860 225.8360}
  data_rdata_i[18] port=data_rdata_i[18] layer= bbox={0.0000 222.4360} {0.2860 222.4920}
  data_rdata_i[17] port=data_rdata_i[17] layer= bbox={0.0000 219.0920} {0.2860 219.1480}
  data_rdata_i[16] port=data_rdata_i[16] layer= bbox={0.0000 215.4440} {0.2860 215.5000}
  data_rdata_i[15] port=data_rdata_i[15] layer= bbox={0.0000 212.1000} {0.2860 212.1560}
  data_rdata_i[14] port=data_rdata_i[14] layer= bbox={0.0000 208.7560} {0.2860 208.8120}
  data_rdata_i[13] port=data_rdata_i[13] layer= bbox={0.0000 205.4120} {0.2860 205.4680}
  data_rdata_i[12] port=data_rdata_i[12] layer= bbox={0.0000 202.0680} {0.2860 202.1240}
  data_rdata_i[11] port=data_rdata_i[11] layer= bbox={0.0000 198.7240} {0.2860 198.7800}
  data_rdata_i[10] port=data_rdata_i[10] layer= bbox={0.0000 195.0760} {0.2860 195.1320}
  data_rdata_i[9] port=data_rdata_i[9] layer= bbox={0.0000 191.7320} {0.2860 191.7880}
  data_rdata_i[8] port=data_rdata_i[8] layer= bbox={0.0000 188.3880} {0.2860 188.4440}
  data_rdata_i[7] port=data_rdata_i[7] layer= bbox={0.0000 185.0440} {0.2860 185.1000}
  data_rdata_i[6] port=data_rdata_i[6] layer= bbox={0.0000 181.7000} {0.2860 181.7560}
  data_rdata_i[5] port=data_rdata_i[5] layer= bbox={0.0000 178.3560} {0.2860 178.4120}
  data_rdata_i[4] port=data_rdata_i[4] layer= bbox={0.0000 174.7080} {0.2860 174.7640}
  data_rdata_i[3] port=data_rdata_i[3] layer= bbox={0.0000 171.3640} {0.2860 171.4200}
  data_rdata_i[2] port=data_rdata_i[2] layer= bbox={0.0000 168.0200} {0.2860 168.0760}
  data_rdata_i[1] port=data_rdata_i[1] layer= bbox={0.0000 164.6760} {0.2860 164.7320}
  data_rdata_i[0] port=data_rdata_i[0] layer= bbox={0.0000 161.3320} {0.2860 161.3880}
  irq_i[31] port=irq_i[31] layer= bbox={0.0000 157.9880} {0.2860 158.0440}
  irq_i[30] port=irq_i[30] layer= bbox={0.0000 154.3400} {0.2860 154.3960}
  irq_i[29] port=irq_i[29] layer= bbox={0.0000 150.9960} {0.2860 151.0520}
  irq_i[28] port=irq_i[28] layer= bbox={0.0000 147.6520} {0.2860 147.7080}
  irq_i[27] port=irq_i[27] layer= bbox={0.0000 144.3080} {0.2860 144.3640}
  irq_i[26] port=irq_i[26] layer= bbox={0.0000 140.9640} {0.2860 141.0200}
  irq_i[25] port=irq_i[25] layer= bbox={0.0000 137.6200} {0.2860 137.6760}
  irq_i[24] port=irq_i[24] layer= bbox={0.0000 133.9720} {0.2860 134.0280}
  irq_i[23] port=irq_i[23] layer= bbox={0.0000 130.6280} {0.2860 130.6840}
  irq_i[22] port=irq_i[22] layer= bbox={0.0000 127.2840} {0.2860 127.3400}
  irq_i[21] port=irq_i[21] layer= bbox={0.0000 123.9400} {0.2860 123.9960}
  irq_i[20] port=irq_i[20] layer= bbox={0.0000 120.5960} {0.2860 120.6520}
  irq_i[19] port=irq_i[19] layer= bbox={0.0000 117.2520} {0.2860 117.3080}
  irq_i[18] port=irq_i[18] layer= bbox={0.0000 113.6040} {0.2860 113.6600}
  irq_i[17] port=irq_i[17] layer= bbox={0.0000 110.2600} {0.2860 110.3160}
  irq_i[16] port=irq_i[16] layer= bbox={0.0000 106.9160} {0.2860 106.9720}
  irq_i[15] port=irq_i[15] layer= bbox={0.0000 103.5720} {0.2860 103.6280}
  irq_i[14] port=irq_i[14] layer= bbox={0.0000 100.2280} {0.2860 100.2840}
  irq_i[13] port=irq_i[13] layer= bbox={0.0000 96.8840} {0.2860 96.9400}
  irq_i[12] port=irq_i[12] layer= bbox={0.0000 93.2360} {0.2860 93.2920}
  irq_i[11] port=irq_i[11] layer= bbox={0.0000 89.8920} {0.2860 89.9480}
  irq_i[10] port=irq_i[10] layer= bbox={0.0000 86.5480} {0.2860 86.6040}
  irq_i[9] port=irq_i[9] layer= bbox={0.0000 83.2040} {0.2860 83.2600}
  irq_i[8] port=irq_i[8] layer= bbox={0.0000 79.8600} {0.2860 79.9160}
  irq_i[7] port=irq_i[7] layer= bbox={0.0000 76.2120} {0.2860 76.2680}
  irq_i[6] port=irq_i[6] layer= bbox={0.0000 72.8680} {0.2860 72.9240}
  irq_i[5] port=irq_i[5] layer= bbox={0.0000 69.5240} {0.2860 69.5800}
  irq_i[4] port=irq_i[4] layer= bbox={0.0000 66.1800} {0.2860 66.2360}
  irq_i[3] port=irq_i[3] layer= bbox={0.0000 62.8360} {0.2860 62.8920}
  irq_i[2] port=irq_i[2] layer= bbox={0.0000 59.4920} {0.2860 59.5480}
  irq_i[1] port=irq_i[1] layer= bbox={0.0000 55.8440} {0.2860 55.9000}
  irq_i[0] port=irq_i[0] layer= bbox={0.0000 52.5000} {0.2860 52.5560}
  irq_ack_o port=irq_ack_o layer= bbox={0.0000 49.1560} {0.2860 49.2120}
  irq_id_o[4] port=irq_id_o[4] layer= bbox={0.0000 45.8120} {0.2860 45.8680}
  irq_id_o[3] port=irq_id_o[3] layer= bbox={0.0000 42.4680} {0.2860 42.5240}
  irq_id_o[2] port=irq_id_o[2] layer= bbox={0.0000 39.1240} {0.2860 39.1800}
  irq_id_o[1] port=irq_id_o[1] layer= bbox={0.0000 35.4760} {0.2860 35.5320}
  irq_id_o[0] port=irq_id_o[0] layer= bbox={0.0000 32.1320} {0.2860 32.1880}
  debug_req_i port=debug_req_i layer= bbox={0.0000 28.7880} {0.2860 28.8440}
  debug_havereset_o port=debug_havereset_o layer= bbox={0.0000 25.4440} {0.2860 25.5000}
  debug_running_o port=debug_running_o layer= bbox={0.0000 22.1000} {0.2860 22.1560}
  debug_halted_o port=debug_halted_o layer= bbox={0.0000 18.7560} {0.2860 18.8120}
  fetch_enable_i port=fetch_enable_i layer= bbox={0.0000 15.1080} {0.2860 15.1640}
  core_sleep_o port=core_sleep_o layer= bbox={0.0000 11.7640} {0.2860 11.8200}
  scan_en port=scan_en layer= bbox={0.0000 8.4200} {0.2860 8.4760}
  scan_in port=scan_in layer= bbox={0.0000 5.0760} {0.2860 5.1320}
  scan_out port=scan_out layer= bbox={0.0000 1.7320} {0.2860 1.7880}
  VDD_1_7 port=VDD_1 layer= bbox={324.9760 13.0000} {326.9760 15.0000}
  VDD_1_6 port=VDD_1 layer= bbox={0.0000 13.0000} {2.0000 15.0000}
  VDD_1_5 port=VDD_1 layer= bbox={311.9760 323.9120} {313.9760 325.9120}
  VDD_1_4 port=VDD_1 layer= bbox={311.9760 0.0000} {313.9760 2.0000}
  VDD_1_3 port=VDD_1 layer= bbox={324.9760 310.9120} {326.9760 312.9120}
  VDD_1_2 port=VDD_1 layer= bbox={0.0000 310.9120} {2.0000 312.9120}
  VDD_1_1 port=VDD_1 layer= bbox={13.0000 323.9120} {15.0000 325.9120}
  VDD_1_0 port=VDD_1 layer= bbox={13.0000 0.0000} {15.0000 2.0000}
  VSS_1_7 port=VSS_1 layer= bbox={324.9760 10.0000} {326.9760 12.0000}
  VSS_1_6 port=VSS_1 layer= bbox={0.0000 10.0000} {2.0000 12.0000}
  VSS_1_5 port=VSS_1 layer= bbox={314.9760 323.9120} {316.9760 325.9120}
  VSS_1_4 port=VSS_1 layer= bbox={314.9760 0.0000} {316.9760 2.0000}
  VSS_1_3 port=VSS_1 layer= bbox={324.9760 313.9120} {326.9760 315.9120}
  VSS_1_2 port=VSS_1 layer= bbox={0.0000 313.9120} {2.0000 315.9120}
  VSS_1_1 port=VSS_1 layer= bbox={10.0000 323.9120} {12.0000 325.9120}
  VSS_1_0 port=VSS_1 layer= bbox={10.0000 0.0000} {12.0000 2.0000}
  VDD_top_terminal port=VDD layer= bbox={13.0000 3.0000} {15.0000 5.0000}
  VSS_top_terminal port=VSS layer= bbox={10.0000 3.0000} {12.0000 5.0000}

