****************************************
Report : constraint
	-all_violators
	-path slack_only
Design : cv32e40p_synth_wrap
Version: W-2024.09-SP5-3
Date   : Sun May 10 09:00:43 2026
****************************************






   max_capacitance

                             Required        Actual
   Pin                      Capacitance    Capacitance       Slack
   -----------------------------------------------------------------
   u_core/core_i/id_stage_i/ZBUF_347_inst_995/Y
                               32.00          48.45         -16.45  (VIOLATED)
   u_core/core_i/id_stage_i/ZBUF_47_inst_2665/Y
                               32.00          45.43         -13.43  (VIOLATED)
   u_core/core_i/id_stage_i/ZBUF_47_inst_1866/Y
                               32.00          44.68         -12.68  (VIOLATED)
   u_core/core_i/id_stage_i/ZBUF_39_inst_2438/Y
                               32.00          44.52         -12.52  (VIOLATED)
   u_core/core_i/id_stage_i/ZBUF_51_inst_3563/Y
                               32.00          44.51         -12.51  (VIOLATED)
   u_core/core_i/id_stage_i/ZBUF_632_inst_1385/Y
                               32.00          43.15         -11.15  (VIOLATED)
   u_core/core_i/id_stage_i/U2788/Y
                               32.00          43.04         -11.04  (VIOLATED)
   u_core/core_i/id_stage_i/ZBUF_9_inst_3015/Y
                               16.00          26.63         -10.63  (VIOLATED)
   u_core/core_i/id_stage_i/U291/Y
                               82.00          92.32         -10.32  (VIOLATED)
   u_core/core_i/id_stage_i/ZBUF_2_inst_1111/Y
                               16.00          25.85          -9.85  (VIOLATED)
   u_core/core_i/id_stage_i/ZBUF_69_inst_3515/Y
                               16.00          25.78          -9.78  (VIOLATED)
   u_core/core_i/id_stage_i/ZBUF_42_inst_2974/Y
                               16.00          25.75          -9.75  (VIOLATED)
   u_core/core_i/ZBUF_364_inst_2616/Y
                               32.00          41.72          -9.72  (VIOLATED)
   u_core/core_i/id_stage_i/ZBUF_110_inst_3271/Y
                               32.00          41.49          -9.49  (VIOLATED)
   u_core/core_i/id_stage_i/ZBUF_37_inst_3416/Y
                               32.00          41.29          -9.29  (VIOLATED)
   u_core/core_i/ZBUF_194_inst_2934/Y
                               16.00          24.90          -8.90  (VIOLATED)
   u_core/core_i/id_stage_i/ZBUF_42_inst_1827/Y
                               32.00          40.52          -8.52  (VIOLATED)
   u_core/core_i/id_stage_i/U2806/Y
                               32.00          40.29          -8.29  (VIOLATED)
   u_core/core_i/id_stage_i/ZBUF_56_inst_2775/Y
                               16.00          24.24          -8.24  (VIOLATED)
   u_core/core_i/id_stage_i/ZBUF_5_inst_3658/Y
                               16.00          24.12          -8.12  (VIOLATED)
   u_core/core_i/cs_registers_i/ZBUF_12_inst_2959/Y
                               32.00          40.00          -8.00  (VIOLATED)
   u_core/core_i/id_stage_i/ZBUF_117_inst_3362/Y
                               32.00          39.93          -7.93  (VIOLATED)
   u_core/core_i/ZBUF_231_inst_947/Y
                               32.00          39.89          -7.89  (VIOLATED)
   u_core/core_i/id_stage_i/ZBUF_62_inst_2977/Y
                               16.00          23.79          -7.79  (VIOLATED)
   u_core/core_i/ZBUF_69_inst_1768/Y
                               16.00          23.64          -7.64  (VIOLATED)
   u_core/core_i/id_stage_i/ZBUF_185_inst_3069/Y
                               32.00          39.55          -7.55  (VIOLATED)
   u_core/core_i/U920/Y        16.00          23.33          -7.33  (VIOLATED)
   u_core/core_i/id_stage_i/ZBUF_39_inst_3518/Y
                               32.00          39.13          -7.13  (VIOLATED)
   u_core/core_i/id_stage_i/ZBUF_81_inst_3770/Y
                               16.00          22.99          -6.99  (VIOLATED)
   u_core/core_i/id_stage_i/ZBUF_5_inst_3014/Y
                               16.00          22.99          -6.99  (VIOLATED)
   u_core/core_i/id_stage_i/ZBUF_5_inst_2247/Y
                               16.00          22.95          -6.95  (VIOLATED)
   u_core/core_i/ZBUF_241_inst_1327/Y
                               32.00          38.93          -6.93  (VIOLATED)
   u_core/core_i/id_stage_i/ZBUF_62_inst_2884/Y
                               16.00          22.92          -6.92  (VIOLATED)
   u_core/core_i/U2887/Y       16.00          22.88          -6.88  (VIOLATED)
   u_core/core_i/id_stage_i/ZBUF_83_inst_3477/Y
                               32.00          38.55          -6.55  (VIOLATED)
   u_core/core_i/id_stage_i/ZBUF_5_inst_3683/Y
                               16.00          22.32          -6.32  (VIOLATED)
   u_core/core_i/id_stage_i/ZBUF_54_inst_2659/Y
                               16.00          22.21          -6.21  (VIOLATED)
   u_core/core_i/id_stage_i/U2905/Y
                               16.00          21.87          -5.87  (VIOLATED)
   u_core/core_i/id_stage_i/ZBUF_37_inst_3347/Y
                               32.00          37.51          -5.51  (VIOLATED)
   u_core/core_i/id_stage_i/ZBUF_979_inst_1635/Y
                               82.00          87.37          -5.37  (VIOLATED)
   u_core/core_i/U645/Y         8.00          13.34          -5.34  (VIOLATED)
   u_core/core_i/id_stage_i/ZBUF_938_inst_3853/Y
                               32.00          37.33          -5.33  (VIOLATED)
   u_core/core_i/id_stage_i/ZBUF_77_inst_3045/Y
                               16.00          21.32          -5.32  (VIOLATED)
   u_core/core_i/id_stage_i/ZBUF_49_inst_3725/Y
                               16.00          21.21          -5.21  (VIOLATED)
   u_core/core_i/U3523/Y       32.00          37.03          -5.03  (VIOLATED)
   u_core/core_i/ZBUF_12_inst_3323/Y
                               16.00          21.02          -5.02  (VIOLATED)
   u_core/core_i/U3440/S       16.00          20.93          -4.93  (VIOLATED)
   u_core/core_i/ZBUF_114_inst_3510/Y
                               32.00          36.90          -4.90  (VIOLATED)
   u_core/core_i/id_stage_i/ZBUF_117_inst_3148/Y
                               32.00          36.61          -4.61  (VIOLATED)
   u_core/core_i/id_stage_i/ZBUF_1293_inst_1072/Y
                               82.00          86.59          -4.59  (VIOLATED)
   u_core/core_i/id_stage_i/ZBUF_24_inst_1140/Y
                               16.00          20.35          -4.35  (VIOLATED)
   ZBUF_68_inst_1926/Y         32.00          36.33          -4.33  (VIOLATED)
   u_core/core_i/cs_registers_i/ZBUF_41_inst_3288/Y
                               32.00          36.29          -4.29  (VIOLATED)
   u_core/core_i/ZBUF_147_inst_1955/Y
                               16.00          20.20          -4.20  (VIOLATED)
   u_core/core_i/id_stage_i/U2694/Y
                               32.00          36.16          -4.16  (VIOLATED)
   u_core/core_i/id_stage_i/U3091/Y
                               32.00          36.15          -4.15  (VIOLATED)
   u_core/core_i/id_stage_i/ZBUF_161_inst_2981/Y
                               32.00          36.07          -4.07  (VIOLATED)
   u_core/core_i/id_stage_i/ZBUF_545_inst_1855/Y
                               32.00          36.01          -4.01  (VIOLATED)
   u_core/core_i/cs_registers_i/ZBUF_12_inst_2650/Y
                               32.00          36.01          -4.01  (VIOLATED)
   u_core/core_i/ZBUF_32_inst_1566/Y
                               32.00          35.84          -3.84  (VIOLATED)
   u_core/core_i/id_stage_i/U2704/Y
                               32.00          35.78          -3.78  (VIOLATED)
   u_core/core_i/id_stage_i/U2882/Y
                               16.00          19.78          -3.78  (VIOLATED)
   u_core/core_i/id_stage_i/ZBUF_133_inst_3220/Y
                               32.00          35.75          -3.75  (VIOLATED)
   u_core/core_i/U2793/Y       16.00          19.69          -3.69  (VIOLATED)
   u_core/core_i/id_stage_i/ZBUF_37_inst_2673/Y
                               32.00          35.66          -3.66  (VIOLATED)
   u_core/core_i/U1462/Y        8.00          11.62          -3.62  (VIOLATED)
   u_core/core_i/id_stage_i/ZBUF_47_inst_3568/Y
                               32.00          35.55          -3.55  (VIOLATED)
   u_core/core_i/id_stage_i/U4010/Y
                               32.00          35.49          -3.49  (VIOLATED)
   u_core/core_i/id_stage_i/ZBUF_5_inst_3590/Y
                               16.00          19.47          -3.47  (VIOLATED)
   u_core/core_i/id_stage_i/U2977/Y
                               16.00          19.37          -3.37  (VIOLATED)
   u_core/core_i/id_stage_i/ZBUF_28_inst_2310/Y
                               32.00          35.32          -3.32  (VIOLATED)
   u_core/core_i/id_stage_i/ZBUF_37_inst_2886/Y
                               32.00          35.19          -3.19  (VIOLATED)
   u_core/core_i/ZBUF_12_inst_1746/Y
                               16.00          19.09          -3.09  (VIOLATED)
   u_core/core_i/U431/Y         8.00          11.00          -3.00  (VIOLATED)
   u_core/core_i/id_stage_i/ZBUF_65_inst_3775/Y
                               16.00          18.92          -2.92  (VIOLATED)
   u_core/core_i/cs_registers_i/ZBUF_16_inst_2143/Y
                               32.00          34.89          -2.89  (VIOLATED)
   u_core/core_i/id_stage_i/ZBUF_37_inst_2444/Y
                               32.00          34.84          -2.84  (VIOLATED)
   u_core/core_i/id_stage_i/ZBUF_533_inst_2477/Y
                               16.00          18.79          -2.79  (VIOLATED)
   u_core/core_i/id_stage_i/ZBUF_42_inst_2556/Y
                               32.00          34.77          -2.77  (VIOLATED)
   u_core/core_i/id_stage_i/ZBUF_24_inst_1132/Y
                               16.00          18.73          -2.73  (VIOLATED)
   u_core/core_i/id_stage_i/ZBUF_54_inst_2799/Y
                               16.00          18.71          -2.71  (VIOLATED)
   u_core/core_i/U2547/Y       16.00          18.68          -2.68  (VIOLATED)
   u_core/core_i/id_stage_i/ZBUF_66_inst_2809/Y
                               16.00          18.66          -2.66  (VIOLATED)
   u_core/core_i/id_stage_i/ZBUF_58_inst_1676/Y
                               16.00          18.52          -2.52  (VIOLATED)
   u_core/core_i/id_stage_i/ZBUF_803_inst_3895/Y
                               32.00          34.41          -2.41  (VIOLATED)
   u_core/core_i/U2022/Y       16.00          18.41          -2.41  (VIOLATED)
   u_core/core_i/id_stage_i/ZBUF_32_inst_2902/Y
                               16.00          18.41          -2.41  (VIOLATED)
   u_core/core_i/U2816/Y       16.00          18.38          -2.38  (VIOLATED)
   u_core/core_i/ZBUF_65_inst_2836/Y
                               16.00          18.31          -2.31  (VIOLATED)
   u_core/core_i/U329/Y        32.00          34.24          -2.24  (VIOLATED)
   u_core/core_i/id_stage_i/ZBUF_66_inst_2019/Y
                               32.00          34.23          -2.23  (VIOLATED)
   u_core/core_i/id_stage_i/ZBUF_61_inst_2668/Y
                               32.00          34.23          -2.23  (VIOLATED)
   u_core/core_i/id_stage_i/U1132/S
                               16.00          18.18          -2.18  (VIOLATED)
   u_core/core_i/id_stage_i/ZBUF_28_inst_2887/Y
                               32.00          34.08          -2.08  (VIOLATED)
   ZBUF_219_inst_1129/Y        32.00          34.07          -2.07  (VIOLATED)
   u_core/core_i/ZBUF_168_inst_2096/Y
                               32.00          34.04          -2.04  (VIOLATED)
   u_core/core_i/cs_registers_i/ZBUF_9_inst_2423/Y
                               32.00          34.02          -2.02  (VIOLATED)
   u_core/core_i/id_stage_i/ZBUF_1463_inst_3267/Y
                               32.00          34.02          -2.02  (VIOLATED)
   u_core/core_i/U2497/S        8.00           9.96          -1.96  (VIOLATED)
   ZBUF_47_inst_2653/Y         16.00          17.86          -1.86  (VIOLATED)
   u_core/core_i/ZBUF_116_inst_1738/Y
                               16.00          17.83          -1.83  (VIOLATED)
   u_core/core_i/id_stage_i/ZBUF_5_inst_3392/Y
                               16.00          17.75          -1.75  (VIOLATED)
   u_core/core_i/id_stage_i/ZBUF_83_inst_3237/Y
                               16.00          17.55          -1.55  (VIOLATED)
   u_core/core_i/U444/Y         8.00           9.54          -1.54  (VIOLATED)
   u_core/core_i/id_stage_i/U2465/Y
                               16.00          17.54          -1.54  (VIOLATED)
   u_core/core_i/id_stage_i/ZBUF_49_inst_2758/Y
                               16.00          17.47          -1.47  (VIOLATED)
   u_core/core_i/ZBUF_886_inst_967/Y
                               32.00          33.44          -1.44  (VIOLATED)
   u_core/core_i/id_stage_i/ZBUF_1094_inst_1261/Y
                               64.00          65.44          -1.44  (VIOLATED)
   u_core/core_i/U495/Y         8.00           9.38          -1.38  (VIOLATED)
   u_core/core_i/U1660/Y        8.00           9.38          -1.38  (VIOLATED)
   u_core/core_i/U632/Y        16.00          17.31          -1.31  (VIOLATED)
   u_core/core_i/U3435/Y       32.00          33.28          -1.28  (VIOLATED)
   u_core/core_i/id_stage_i/U2800/Y
                               32.00          33.28          -1.28  (VIOLATED)
   u_core/core_i/id_stage_i/U511/Y
                                8.00           9.27          -1.27  (VIOLATED)
   u_core/core_i/id_stage_i/ZBUF_37_inst_3370/Y
                               16.00          17.25          -1.25  (VIOLATED)
   u_core/core_i/id_stage_i/ZBUF_47_inst_1853/Y
                               16.00          17.12          -1.12  (VIOLATED)
   u_core/core_i/id_stage_i/ZBUF_45_inst_2427/Y
                               16.00          17.09          -1.09  (VIOLATED)
   u_core/core_i/id_stage_i/U3078/Y
                               32.00          33.06          -1.06  (VIOLATED)
   u_core/core_i/id_stage_i/U267/Y
                               64.00          65.06          -1.06  (VIOLATED)
   u_core/core_i/id_stage_i/mult_operand_a_ex_o_reg[17]/Q
                                8.00           9.03          -1.03  (VIOLATED)
   u_core/core_i/id_stage_i/ZBUF_47_inst_3750/Y
                               32.00          33.02          -1.02  (VIOLATED)
   u_core/core_i/cs_registers_i/U175/Y
                               16.00          16.96          -0.96  (VIOLATED)
   u_core/core_i/U4104/Y        8.00           8.96          -0.96  (VIOLATED)
   u_core/core_i/id_stage_i/register_file_i/mem_reg[10][23]/Q
                                8.00           8.94          -0.94  (VIOLATED)
   u_core/core_i/id_stage_i/ZBUF_47_inst_2353/Y
                               16.00          16.86          -0.86  (VIOLATED)
   u_core/core_i/id_stage_i/U1667/Y
                               64.00          64.85          -0.85  (VIOLATED)
   u_core/core_i/id_stage_i/ZBUF_24_inst_1075/Y
                               16.00          16.85          -0.85  (VIOLATED)
   u_core/core_i/U331/Y        32.00          32.81          -0.81  (VIOLATED)
   u_core/core_i/id_stage_i/ZBUF_532_inst_3642/Y
                               32.00          32.78          -0.78  (VIOLATED)
   u_core/core_i/id_stage_i/ZBUF_53_inst_2664/Y
                               32.00          32.76          -0.76  (VIOLATED)
   u_core/core_i/U4575/Y        8.00           8.68          -0.68  (VIOLATED)
   u_core/core_i/id_stage_i/ZBUF_32_inst_1897/Y
                               16.00          16.67          -0.67  (VIOLATED)
   u_core/core_i/id_stage_i/U1156/S
                               16.00          16.65          -0.65  (VIOLATED)
   u_core/core_i/U2738/Y        8.00           8.64          -0.64  (VIOLATED)
   u_core/core_i/U2678/Y       16.00          16.58          -0.58  (VIOLATED)
   u_core/core_i/id_stage_i/ZBUF_32_inst_1119/Y
                               16.00          16.58          -0.58  (VIOLATED)
   u_core/core_i/U3053/Y       32.00          32.54          -0.54  (VIOLATED)
   u_core/core_i/U365/Y        16.00          16.53          -0.53  (VIOLATED)
   u_core/core_i/id_stage_i/register_file_i/mem_reg[3][27]/Q
                                8.00           8.51          -0.51  (VIOLATED)
   u_core/core_i/id_stage_i/ZBUF_13_inst_1113/Y
                               16.00          16.49          -0.49  (VIOLATED)
   u_core/core_i/U1779/Y       16.00          16.48          -0.48  (VIOLATED)
   u_core/core_i/id_stage_i/U2813/Y
                               16.00          16.46          -0.46  (VIOLATED)
   u_core/core_i/U3392/Y       32.00          32.46          -0.46  (VIOLATED)
   u_core/core_i/id_stage_i/U3745/Y
                               32.00          32.44          -0.44  (VIOLATED)
   u_core/core_i/id_stage_i/register_file_i/mem_reg[14][27]/Q
                                8.00           8.43          -0.43  (VIOLATED)
   u_core/core_i/id_stage_i/U522/Y
                               32.00          32.42          -0.42  (VIOLATED)
   u_core/core_i/ZBUF_665_inst_3818/Y
                               32.00          32.40          -0.40  (VIOLATED)
   u_core/core_i/id_stage_i/ZBUF_64_inst_3655/Y
                               16.00          16.38          -0.38  (VIOLATED)
   u_core/core_i/id_stage_i/U1706/Y
                                8.00           8.34          -0.34  (VIOLATED)
   u_core/core_i/id_stage_i/U1130/S
                               16.00          16.33          -0.33  (VIOLATED)
   u_core/core_i/id_stage_i/ZBUF_39_inst_2777/Y
                               32.00          32.31          -0.31  (VIOLATED)
   u_core/core_i/id_stage_i/register_file_i/mem_reg[16][27]/Q
                                8.00           8.31          -0.31  (VIOLATED)
   u_core/core_i/id_stage_i/U2739/Y
                               32.00          32.27          -0.27  (VIOLATED)
   u_core/core_i/ex_stage_i/regfile_waddr_lsu_reg[2]/Q
                                8.00           8.24          -0.24  (VIOLATED)
   u_core/core_i/id_stage_i/U3752/Y
                                8.00           8.23          -0.23  (VIOLATED)
   u_core/core_i/U819/S         8.00           8.22          -0.22  (VIOLATED)
   u_core/core_i/U2943/S        8.00           8.21          -0.21  (VIOLATED)
   u_core/core_i/id_stage_i/register_file_i/mem_reg[15][1]/Q
                                8.00           8.19          -0.19  (VIOLATED)
   u_core/core_i/id_stage_i/register_file_i/mem_reg[22][7]/Q
                                8.00           8.17          -0.17  (VIOLATED)
   u_core/core_i/id_stage_i/U1966/Y
                                8.00           8.16          -0.16  (VIOLATED)
   u_core/core_i/id_stage_i/U4128/Y
                                8.00           8.16          -0.16  (VIOLATED)
   u_core/core_i/U3609/Y       16.00          16.14          -0.14  (VIOLATED)
   u_core/core_i/cs_registers_i/mepc_q_reg[26]/Q
                                8.00           8.13          -0.13  (VIOLATED)
   u_core/core_i/id_stage_i/U1659/Y
                                8.00           8.12          -0.12  (VIOLATED)
   u_core/core_i/id_stage_i/regfile_waddr_ex_o_reg[4]/QN
                                8.00           8.11          -0.11  (VIOLATED)
   u_core/core_i/id_stage_i/ZBUF_65_inst_3295/Y
                               32.00          32.11          -0.11  (VIOLATED)
   u_core/core_i/U2616/Y        8.00           8.09          -0.09  (VIOLATED)
   u_core/core_i/id_stage_i/ZBUF_87_inst_3428/Y
                               32.00          32.05          -0.05  (VIOLATED)
   u_core/core_i/id_stage_i/register_file_i/mem_reg[30][9]/Q
                                8.00           8.02          -0.02  (VIOLATED)
   u_core/core_i/id_stage_i/ZBUF_77_inst_3470/Y
                               16.00          16.02          -0.02  (VIOLATED)
   u_core/core_i/U2369/S        8.00           8.01          -0.01  (VIOLATED)
   u_core/core_i/id_stage_i/ZBUF_32_inst_2313/Y
                               16.00          16.01          -0.01  (VIOLATED)


   max_transition

                             Required        Actual
   Pin                      Transition     Transition        Slack
   -----------------------------------------------------------------
   u_core/core_i/id_stage_i/U2788/Y
                                0.09           0.13          -0.04  (VIOLATED)
   u_core/core_i/U920/Y         0.11           0.13          -0.02  (VIOLATED)
   u_core/core_i/U1462/Y        0.11           0.13          -0.02  (VIOLATED)
   u_core/core_i/U2887/Y        0.11           0.13          -0.02  (VIOLATED)
   u_core/core_i/id_stage_i/U2694/Y
                                0.09           0.11          -0.02  (VIOLATED)
   u_core/core_i/id_stage_i/U2806/Y
                                0.12           0.13          -0.01  (VIOLATED)
   u_core/core_i/id_stage_i/U2739/Y
                                0.09           0.10          -0.01  (VIOLATED)
   u_core/core_i/id_stage_i/U2728/Y
                                0.09           0.10           0.00  (VIOLATED: increase significant digits)


1
