****************************************
Report : clock timing
        -type skew
        -nworst 20
        -hold
Design : cv32e40p_synth_wrap
Version: W-2024.09-SP2
Date   : Sat May  9 23:16:55 2026
****************************************

  Mode: default
  Clock: clk_i

  Clock Pin                                          Latency      Skew             Corner
---------------------------------------------------------------------------------------------------
  u_core/core_i/id_stage_i/controller_i/debug_req_q_reg/CLK
                                                        0.04              rp-+    default
  u_core/core_i/id_stage_i/mult_operand_b_ex_o_reg[0]/CLK
                                                        0.39      0.35    rp-+    default

  u_core/core_i/id_stage_i/controller_i/debug_req_q_reg/CLK
                                                        0.04              rp-+    default
  u_core/core_i/id_stage_i/mult_operand_b_ex_o_reg[2]/CLK
                                                        0.39      0.35    rp-+    default

  u_core/core_i/id_stage_i/controller_i/debug_req_q_reg/CLK
                                                        0.04              rp-+    default
  u_core/core_i/id_stage_i/mult_operand_b_ex_o_reg[3]/CLK
                                                        0.39      0.35    rp-+    default

  u_core/core_i/id_stage_i/controller_i/debug_req_q_reg/CLK
                                                        0.04              rp-+    default
  u_core/core_i/id_stage_i/mult_operand_b_ex_o_reg[4]/CLK
                                                        0.39      0.35    rp-+    default

  u_core/core_i/id_stage_i/controller_i/debug_req_q_reg/CLK
                                                        0.04              rp-+    default
  u_core/core_i/id_stage_i/mult_operand_b_ex_o_reg[5]/CLK
                                                        0.39      0.35    rp-+    default

  u_core/core_i/id_stage_i/controller_i/debug_req_q_reg/CLK
                                                        0.04              rp-+    default
  u_core/core_i/id_stage_i/mult_operand_b_ex_o_reg[7]/CLK
                                                        0.39      0.35    rp-+    default

  u_core/core_i/id_stage_i/controller_i/debug_req_q_reg/CLK
                                                        0.04              rp-+    default
  u_core/core_i/id_stage_i/mult_operand_b_ex_o_reg[6]/CLK
                                                        0.39      0.35    rp-+    default

  u_core/core_i/id_stage_i/controller_i/debug_req_q_reg/CLK
                                                        0.04              rp-+    default
  u_core/core_i/id_stage_i/mult_operand_b_ex_o_reg[1]/CLK
                                                        0.39      0.35    rp-+    default

  u_core/core_i/id_stage_i/controller_i/debug_req_q_reg/CLK
                                                        0.04              rp-+    default
  u_core/core_i/id_stage_i/mult_operand_b_ex_o_reg[30]/CLK
                                                        0.39      0.35    rp-+    default

  u_core/core_i/id_stage_i/controller_i/debug_req_q_reg/CLK
                                                        0.04              rp-+    default
  u_core/core_i/id_stage_i/mult_operand_b_ex_o_reg[10]/CLK
                                                        0.39      0.35    rp-+    default

  u_core/core_i/id_stage_i/controller_i/debug_req_q_reg/CLK
                                                        0.04              rp-+    default
  u_core/core_i/id_stage_i/mult_operand_b_ex_o_reg[22]/CLK
                                                        0.39      0.35    rp-+    default

  u_core/core_i/id_stage_i/controller_i/debug_req_q_reg/CLK
                                                        0.04              rp-+    default
  u_core/core_i/id_stage_i/mult_operand_b_ex_o_reg[13]/CLK
                                                        0.39      0.35    rp-+    default

  u_core/core_i/id_stage_i/controller_i/debug_req_q_reg/CLK
                                                        0.04              rp-+    default
  u_core/core_i/cs_registers_i/mepc_q_reg[25]/CLK       0.36      0.33    rp-+    default

  u_core/core_i/id_stage_i/controller_i/debug_req_q_reg/CLK
                                                        0.04              rp-+    default
  u_core/core_i/cs_registers_i/mepc_q_reg[18]/CLK       0.36      0.33    rp-+    default

  u_core/core_i/id_stage_i/controller_i/debug_req_q_reg/CLK
                                                        0.04              rp-+    default
  u_core/core_i/cs_registers_i/mepc_q_reg[23]/CLK       0.36      0.33    rp-+    default

  u_core/core_i/id_stage_i/controller_i/debug_req_q_reg/CLK
                                                        0.04              rp-+    default
  u_core/core_i/cs_registers_i/mepc_q_reg[20]/CLK       0.36      0.33    rp-+    default

  u_core/core_i/id_stage_i/controller_i/debug_req_q_reg/CLK
                                                        0.04              rp-+    default
  u_core/core_i/cs_registers_i/mepc_q_reg[24]/CLK       0.36      0.33    rp-+    default

  u_core/core_i/id_stage_i/controller_i/debug_req_q_reg/CLK
                                                        0.04              rp-+    default
  u_core/core_i/cs_registers_i/mepc_q_reg[19]/CLK       0.36      0.33    rp-+    default

  u_core/core_i/id_stage_i/controller_i/debug_req_q_reg/CLK
                                                        0.04              rp-+    default
  u_core/core_i/cs_registers_i/mcause_q_reg[3]/CLK      0.36      0.33    rp-+    default

  u_core/core_i/id_stage_i/controller_i/debug_req_q_reg/CLK
                                                        0.04              rp-+    default
  u_core/core_i/cs_registers_i/mcause_q_reg[1]/CLK      0.36      0.33    rp-+    default

---------------------------------------------------------------------------------------------------
1
