****************************************
Report : qor
Design : cv32e40p_synth_wrap
Version: W-2024.09-SP2
Date   : Sat May  9 23:16:56 2026
****************************************


Scenario           'default'
Timing Path Group  '**in2reg_default**'
----------------------------------------
Levels of Logic:                     37
Critical Path Length:              4.03
Critical Path Slack:               4.32
Critical Path Clk Period:          8.50
Total Negative Slack:              0.00
No. of Violating Paths:               0
Worst Hold Violation:              0.00
Total Hold Violation:              0.00
No. of Hold Violations:               0
----------------------------------------

Scenario           'default'
Timing Path Group  '**reg2out_default**'
----------------------------------------
Levels of Logic:                     46
Critical Path Length:              5.59
Critical Path Slack:               1.74
Critical Path Clk Period:          8.50
Total Negative Slack:              0.00
No. of Violating Paths:               0
Worst Hold Violation:              0.00
Total Hold Violation:              0.00
No. of Hold Violations:               0
----------------------------------------

Scenario           'default'
Timing Path Group  '**in2out_default**'
----------------------------------------
Levels of Logic:                     17
Critical Path Length:              3.27
Critical Path Slack:               4.12
Critical Path Clk Period:          8.50
Total Negative Slack:              0.00
No. of Violating Paths:               0
Worst Hold Violation:              0.00
Total Hold Violation:              0.00
No. of Hold Violations:               0
----------------------------------------

Scenario           'default'
Timing Path Group  'clk_i'
----------------------------------------
Levels of Logic:                    122
Critical Path Length:              7.63
Critical Path Slack:               0.64
Critical Path Clk Period:          8.50
Total Negative Slack:              0.00
No. of Violating Paths:               0
Worst Hold Violation:              0.00
Total Hold Violation:              0.00
No. of Hold Violations:               0
----------------------------------------


Cell Count
----------------------------------------
Hierarchical Cell Count:             76
Hierarchical Port Count:           4002
Leaf Cell Count:                  17676
Buf/Inv Cell Count:                5332
Buf Cell Count:                    4078
Inv Cell Count:                    1254
Combinational Cell Count:         15472
   Single-bit Isolation Cell Count:                        0
   Multi-bit Isolation Cell Count:                         0
   Isolation Cell Banking Ratio:                           0.00%
   Single-bit Level Shifter Cell Count:                    0
   Multi-bit Level Shifter Cell Count:                     0
   Level Shifter Cell Banking Ratio:                       0.00%
   Single-bit ELS Cell Count:                              0
   Multi-bit ELS Cell Count:                               0
   ELS Cell Banking Ratio:                                 0.00%
Sequential Cell Count:             2204
   Integrated Clock-Gating Cell Count:                     74
   Sequential Macro Cell Count:                            0
   Single-bit Sequential Cell Count:                       2130
   Multi-bit Sequential Cell Count:                        0
   Sequential Cell Banking Ratio:                          0.00%
   BitsPerflop:                                            1.00
Macro Count:                          0
----------------------------------------


Area
----------------------------------------
Combinational Area:            39430.95
Noncombinational Area:         20004.18
Buf/Inv Area:                  11968.66
Total Buffer Area:             10104.26
Total Inverter Area:            1864.40
Macro/Black Box Area:              0.00
Net Area:                             0
Net XLength:                  344002.72
Net YLength:                  328320.02
----------------------------------------
Cell Area (netlist):                          59435.13
Cell Area (netlist and physical only):        59435.13
Net Length:                   672322.73


Design Rules
----------------------------------------
Total Number of Nets:             20104
Nets with Violations:               120
Max Trans Violations:                 0
Max Cap Violations:                 120
----------------------------------------

1
