****************************************
Report : clock timing
        -type latency
        -launch
        -nworst 20
        -setup
Design : cv32e40p_synth_wrap
Version: W-2024.09-SP2
Date   : Sat May  9 00:11:38 2026
****************************************

  Mode: default
  Clock: clk_i

                                                 --- Latency ---
  Clock Pin                             Trans   Source   Offset  Network    Total            Corner
---------------------------------------------------------------------------------------------------
  u_core/core_i/id_stage_i/register_file_i/mem_reg[11][21]/CLK
                                         0.09     0.00       --     0.38     0.38 rp-+      default
  u_core/core_i/id_stage_i/register_file_i/mem_reg[11][0]/CLK
                                         0.09     0.00       --     0.38     0.38 rp-+      default
  u_core/core_i/id_stage_i/register_file_i/mem_reg[11][4]/CLK
                                         0.09     0.00       --     0.38     0.38 rp-+      default
  u_core/core_i/id_stage_i/register_file_i/mem_reg[11][5]/CLK
                                         0.09     0.00       --     0.38     0.38 rp-+      default
  u_core/core_i/id_stage_i/register_file_i/mem_reg[11][6]/CLK
                                         0.09     0.00       --     0.38     0.38 rp-+      default
  u_core/core_i/id_stage_i/register_file_i/mem_reg[11][7]/CLK
                                         0.09     0.00       --     0.38     0.38 rp-+      default
  u_core/core_i/id_stage_i/register_file_i/mem_reg[11][8]/CLK
                                         0.09     0.00       --     0.38     0.38 rp-+      default
  u_core/core_i/id_stage_i/register_file_i/mem_reg[11][9]/CLK
                                         0.09     0.00       --     0.38     0.38 rp-+      default
  u_core/core_i/id_stage_i/register_file_i/mem_reg[11][26]/CLK
                                         0.09     0.00       --     0.38     0.38 rp-+      default
  u_core/core_i/id_stage_i/register_file_i/mem_reg[11][15]/CLK
                                         0.09     0.00       --     0.38     0.38 rp-+      default
  u_core/core_i/id_stage_i/register_file_i/mem_reg[11][27]/CLK
                                         0.09     0.00       --     0.38     0.38 rp-+      default
  u_core/core_i/id_stage_i/register_file_i/mem_reg[11][28]/CLK
                                         0.09     0.00       --     0.38     0.38 rp-+      default
  u_core/core_i/id_stage_i/register_file_i/mem_reg[11][18]/CLK
                                         0.09     0.00       --     0.38     0.38 rp-+      default
  u_core/core_i/id_stage_i/register_file_i/mem_reg[11][3]/CLK
                                         0.09     0.00       --     0.38     0.38 rp-+      default
  u_core/core_i/id_stage_i/register_file_i/mem_reg[11][25]/CLK
                                         0.09     0.00       --     0.38     0.38 rp-+      default
  u_core/core_i/id_stage_i/register_file_i/mem_reg[11][23]/CLK
                                         0.09     0.00       --     0.38     0.38 rp-+      default
  u_core/core_i/id_stage_i/register_file_i/mem_reg[11][24]/CLK
                                         0.09     0.00       --     0.38     0.38 rp-+      default
  u_core/core_i/id_stage_i/register_file_i/mem_reg[12][18]/CLK
                                         0.09     0.00       --     0.38     0.38 rp-+      default
  u_core/core_i/id_stage_i/register_file_i/mem_reg[12][16]/CLK
                                         0.09     0.00       --     0.38     0.38 rp-+      default
  u_core/core_i/id_stage_i/register_file_i/mem_reg[12][4]/CLK
                                         0.09     0.00       --     0.38     0.38 rp-+      default
---------------------------------------------------------------------------------------------------
1
