****************************************
Report : Report drc errors
Design : cv32e40p_synth_wrap
Data   : zroute.err
Type   : detailed
Version: W-2024.09-SP2
Date   : Sat May  9 11:50:22 2026
****************************************

Error ID          : 0
Error Type        : Off-grid
Error Layer       : M2 (13)
Number of errors  : 186
Description       :  -- 
Status            : error
Bbox              : {28.5820 20.8060} {28.6920 21.0180}

Error ID          : 1
Error Type        : Off-grid
Error Layer       : VIA1 (12)
Number of errors  : 186
Description       :  -- 
Status            : error
Bbox              : {28.6120 20.8110} {28.6620 21.0130}

Error ID          : 2
Error Type        : Off-grid
Error Layer       : VIA1 (12)
Number of errors  : 186
Description       :  -- 
Status            : error
Bbox              : {21.3410 22.1790} {21.3910 22.3810}

Error ID          : 3
Error Type        : Off-grid
Error Layer       : M2 (13)
Number of errors  : 186
Description       :  -- 
Status            : error
Bbox              : {21.3360 22.1490} {21.3960 22.4110}

Error ID          : 4
Error Type        : Off-grid
Error Layer       : M2 (13)
Number of errors  : 186
Description       :  -- 
Status            : error
Bbox              : {296.7100 30.9900} {296.8200 31.2020}

Error ID          : 5
Error Type        : Off-grid
Error Layer       : VIA1 (12)
Number of errors  : 186
Description       :  -- 
Status            : error
Bbox              : {296.7400 30.9950} {296.7900 31.1970}

Error ID          : 6
Error Type        : Off-grid
Error Layer       : VIA1 (12)
Number of errors  : 186
Description       :  -- 
Status            : error
Bbox              : {69.0690 34.3390} {69.1190 34.5410}

Error ID          : 7
Error Type        : Off-grid
Error Layer       : M2 (13)
Number of errors  : 186
Description       :  -- 
Status            : error
Bbox              : {69.0640 34.3090} {69.1240 34.5710}

Error ID          : 8
Error Type        : Off-grid
Error Layer       : VIA1 (12)
Number of errors  : 186
Description       :  -- 
Status            : error
Bbox              : {69.8040 37.6830} {69.8540 37.8850}

Error ID          : 9
Error Type        : Off-grid
Error Layer       : VIA1 (12)
Number of errors  : 186
Description       :  -- 
Status            : error
Bbox              : {30.1320 51.0590} {30.1820 51.2610}

Error ID          : 10
Error Type        : Off-grid
Error Layer       : M2 (13)
Number of errors  : 186
Description       :  -- 
Status            : error
Bbox              : {30.1020 51.0540} {30.2120 51.2660}

Error ID          : 11
Error Type        : Off-grid
Error Layer       : VIA1 (12)
Number of errors  : 186
Description       :  -- 
Status            : error
Bbox              : {202.1960 57.5950} {202.2460 57.7970}

Error ID          : 12
Error Type        : Off-grid
Error Layer       : M2 (13)
Number of errors  : 186
Description       :  -- 
Status            : error
Bbox              : {202.1660 57.5900} {202.2760 57.8020}

Error ID          : 13
Error Type        : Off-grid
Error Layer       : VIA1 (12)
Number of errors  : 186
Description       :  -- 
Status            : error
Bbox              : {215.4200 52.2750} {215.4700 52.4770}

Error ID          : 14
Error Type        : Off-grid
Error Layer       : M2 (13)
Number of errors  : 186
Description       :  -- 
Status            : error
Bbox              : {215.3900 52.2700} {215.5000 52.4820}

Error ID          : 15
Error Type        : Off-grid
Error Layer       : VIA1 (12)
Number of errors  : 186
Description       :  -- 
Status            : error
Bbox              : {68.0050 62.3070} {68.0550 62.5090}

Error ID          : 16
Error Type        : Off-grid
Error Layer       : M2 (13)
Number of errors  : 186
Description       :  -- 
Status            : error
Bbox              : {68.0000 62.2770} {68.0600 62.5390}

Error ID          : 17
Error Type        : Off-grid
Error Layer       : VIA1 (12)
Number of errors  : 186
Description       :  -- 
Status            : error
Bbox              : {67.0930 64.4350} {67.1430 64.6370}

Error ID          : 18
Error Type        : Off-grid
Error Layer       : M2 (13)
Number of errors  : 186
Description       :  -- 
Status            : error
Bbox              : {67.0880 64.4050} {67.1480 64.6670}

Error ID          : 19
Error Type        : Off-grid
Error Layer       : VIA1 (12)
Number of errors  : 186
Description       :  -- 
Status            : error
Bbox              : {297.6770 82.3710} {297.7270 82.5730}

Error ID          : 20
Error Type        : Off-grid
Error Layer       : M2 (13)
Number of errors  : 186
Description       :  -- 
Status            : error
Bbox              : {297.6720 82.3410} {297.7320 82.6030}

Error ID          : 21
Error Type        : Off-grid
Error Layer       : VIA1 (12)
Number of errors  : 186
Description       :  -- 
Status            : error
Bbox              : {289.4690 94.5310} {289.5190 94.7330}

Error ID          : 22
Error Type        : Off-grid
Error Layer       : M2 (13)
Number of errors  : 186
Description       :  -- 
Status            : error
Bbox              : {289.4640 94.5010} {289.5240 94.7630}

Error ID          : 23
Error Type        : Off-grid
Error Layer       : VIA1 (12)
Number of errors  : 186
Description       :  -- 
Status            : error
Bbox              : {52.3240 107.9070} {52.3740 108.1090}

Error ID          : 24
Error Type        : Off-grid
Error Layer       : M2 (13)
Number of errors  : 186
Description       :  -- 
Status            : error
Bbox              : {52.2940 107.9020} {52.4040 108.1140}

Error ID          : 25
Error Type        : Off-grid
Error Layer       : VIA1 (12)
Number of errors  : 186
Description       :  -- 
Status            : error
Bbox              : {55.0600 109.1230} {55.1100 109.3250}

Error ID          : 26
Error Type        : Off-grid
Error Layer       : M2 (13)
Number of errors  : 186
Description       :  -- 
Status            : error
Bbox              : {55.0300 109.1180} {55.1400 109.3300}

Error ID          : 27
Error Type        : Off-grid
Error Layer       : VIA1 (12)
Number of errors  : 186
Description       :  -- 
Status            : error
Bbox              : {55.5410 107.9070} {55.5910 108.1090}

Error ID          : 28
Error Type        : Off-grid
Error Layer       : M2 (13)
Number of errors  : 186
Description       :  -- 
Status            : error
Bbox              : {55.5360 107.8770} {55.5960 108.1390}

Error ID          : 29
Error Type        : Off-grid
Error Layer       : M1 (11)
Number of errors  : 186
Description       :  -- 
Status            : error
Bbox              : {200.6730 121.3540} {200.7830 121.4140}

Error ID          : 30
Error Type        : Off-grid
Error Layer       : M1 (11)
Number of errors  : 186
Description       :  -- 
Status            : error
Bbox              : {200.8250 122.5700} {200.9350 122.6300}

Error ID          : 31
Error Type        : Off-grid
Error Layer       : VIA1 (12)
Number of errors  : 186
Description       :  -- 
Status            : error
Bbox              : {271.2040 129.1870} {271.2540 129.3890}

Error ID          : 32
Error Type        : Off-grid
Error Layer       : M2 (13)
Number of errors  : 186
Description       :  -- 
Status            : error
Bbox              : {271.1740 129.1820} {271.2840 129.3940}

Error ID          : 33
Error Type        : Off-grid
Error Layer       : VIA1 (12)
Number of errors  : 186
Description       :  -- 
Status            : error
Bbox              : {296.5880 119.3070} {296.6380 119.5090}

Error ID          : 34
Error Type        : Off-grid
Error Layer       : M2 (13)
Number of errors  : 186
Description       :  -- 
Status            : error
Bbox              : {296.5580 119.3020} {296.6680 119.5140}

Error ID          : 35
Error Type        : Off-grid
Error Layer       : VIA1 (12)
Number of errors  : 186
Description       :  -- 
Status            : error
Bbox              : {208.4530 131.3150} {208.5030 131.5170}

Error ID          : 36
Error Type        : Off-grid
Error Layer       : M2 (13)
Number of errors  : 186
Description       :  -- 
Status            : error
Bbox              : {208.4480 131.2850} {208.5080 131.5470}

Error ID          : 37
Error Type        : Off-grid
Error Layer       : VIA1 (12)
Number of errors  : 186
Description       :  -- 
Status            : error
Bbox              : {245.0600 132.5310} {245.1100 132.7330}

Error ID          : 38
Error Type        : Off-grid
Error Layer       : M2 (13)
Number of errors  : 186
Description       :  -- 
Status            : error
Bbox              : {245.0300 132.5260} {245.1400 132.7380}

Error ID          : 39
Error Type        : Off-grid
Error Layer       : VIA1 (12)
Number of errors  : 186
Description       :  -- 
Status            : error
Bbox              : {245.9970 131.3150} {246.0470 131.5170}

Error ID          : 40
Error Type        : Off-grid
Error Layer       : M2 (13)
Number of errors  : 186
Description       :  -- 
Status            : error
Bbox              : {245.9920 131.2850} {246.0520 131.5470}

Error ID          : 41
Error Type        : Off-grid
Error Layer       : VIA1 (12)
Number of errors  : 186
Description       :  -- 
Status            : error
Bbox              : {275.6370 134.6590} {275.6870 134.8610}

Error ID          : 42
Error Type        : Off-grid
Error Layer       : M2 (13)
Number of errors  : 186
Description       :  -- 
Status            : error
Bbox              : {275.6320 134.6290} {275.6920 134.8910}

Error ID          : 43
Error Type        : Off-grid
Error Layer       : M2 (13)
Number of errors  : 186
Description       :  -- 
Status            : error
Bbox              : {264.6380 137.9980} {264.7480 138.2100}

Error ID          : 44
Error Type        : Off-grid
Error Layer       : VIA1 (12)
Number of errors  : 186
Description       :  -- 
Status            : error
Bbox              : {264.6680 138.0030} {264.7180 138.2050}

Error ID          : 45
Error Type        : Off-grid
Error Layer       : VIA1 (12)
Number of errors  : 186
Description       :  -- 
Status            : error
Bbox              : {187.6040 152.5950} {187.6540 152.7970}

Error ID          : 46
Error Type        : Off-grid
Error Layer       : M2 (13)
Number of errors  : 186
Description       :  -- 
Status            : error
Bbox              : {187.5740 152.5900} {187.6840 152.8020}

Error ID          : 47
Error Type        : Off-grid
Error Layer       : VIA1 (12)
Number of errors  : 186
Description       :  -- 
Status            : error
Bbox              : {192.4930 148.0350} {192.5430 148.2370}

Error ID          : 48
Error Type        : Off-grid
Error Layer       : M2 (13)
Number of errors  : 186
Description       :  -- 
Status            : error
Bbox              : {192.4880 148.0050} {192.5480 148.2670}

Error ID          : 49
Error Type        : Off-grid
Error Layer       : M2 (13)
Number of errors  : 186
Description       :  -- 
Status            : error
Bbox              : {214.0220 149.2460} {214.1320 149.4580}

Error ID          : 50
Error Type        : Off-grid
Error Layer       : VIA1 (12)
Number of errors  : 186
Description       :  -- 
Status            : error
Bbox              : {214.0520 149.2510} {214.1020 149.4530}

Error ID          : 51
Error Type        : Off-grid
Error Layer       : VIA1 (12)
Number of errors  : 186
Description       :  -- 
Status            : error
Bbox              : {234.5720 176.1550} {234.6220 176.3570}

Error ID          : 52
Error Type        : Off-grid
Error Layer       : M2 (13)
Number of errors  : 186
Description       :  -- 
Status            : error
Bbox              : {234.5420 176.1500} {234.6520 176.3620}

Error ID          : 53
Error Type        : Off-grid
Error Layer       : VIA1 (12)
Number of errors  : 186
Description       :  -- 
Status            : error
Bbox              : {196.5970 184.6670} {196.6470 184.8690}

Error ID          : 54
Error Type        : Off-grid
Error Layer       : M2 (13)
Number of errors  : 186
Description       :  -- 
Status            : error
Bbox              : {196.5920 184.6370} {196.6520 184.8990}

Error ID          : 55
Error Type        : Off-grid
Error Layer       : VIA1 (12)
Number of errors  : 186
Description       :  -- 
Status            : error
Bbox              : {218.0040 202.7550} {218.0540 202.9570}

Error ID          : 56
Error Type        : Off-grid
Error Layer       : M2 (13)
Number of errors  : 186
Description       :  -- 
Status            : error
Bbox              : {217.9740 202.7500} {218.0840 202.9620}

Error ID          : 57
Error Type        : Off-grid
Error Layer       : M2 (13)
Number of errors  : 186
Description       :  -- 
Status            : error
Bbox              : {248.0700 194.8460} {248.1800 195.0580}

Error ID          : 58
Error Type        : Off-grid
Error Layer       : VIA1 (12)
Number of errors  : 186
Description       :  -- 
Status            : error
Bbox              : {248.1000 194.8510} {248.1500 195.0530}

Error ID          : 59
Error Type        : Off-grid
Error Layer       : VIA1 (12)
Number of errors  : 186
Description       :  -- 
Status            : error
Bbox              : {220.7940 211.5710} {220.8440 211.7730}

Error ID          : 60
Error Type        : Off-grid
Error Layer       : M2 (13)
Number of errors  : 186
Description       :  -- 
Status            : error
Bbox              : {220.7640 211.5660} {220.8740 211.7780}

Error ID          : 61
Error Type        : Off-grid
Error Layer       : VIA1 (12)
Number of errors  : 186
Description       :  -- 
Status            : error
Bbox              : {240.6520 206.0990} {240.7020 206.3010}

Error ID          : 62
Error Type        : Off-grid
Error Layer       : M2 (13)
Number of errors  : 186
Description       :  -- 
Status            : error
Bbox              : {240.6220 206.0940} {240.7320 206.3060}

Error ID          : 63
Error Type        : Off-grid
Error Layer       : VIA1 (12)
Number of errors  : 186
Description       :  -- 
Status            : error
Bbox              : {225.4520 226.1630} {225.5020 226.3650}

Error ID          : 64
Error Type        : Off-grid
Error Layer       : M2 (13)
Number of errors  : 186
Description       :  -- 
Status            : error
Bbox              : {225.4220 226.1580} {225.5320 226.3700}

Error ID          : 65
Error Type        : Off-grid
Error Layer       : VIA1 (12)
Number of errors  : 186
Description       :  -- 
Status            : error
Bbox              : {226.9720 226.1630} {227.0220 226.3650}

Error ID          : 66
Error Type        : Off-grid
Error Layer       : M2 (13)
Number of errors  : 186
Description       :  -- 
Status            : error
Bbox              : {226.9420 226.1580} {227.0520 226.3700}

Error ID          : 67
Error Type        : Off-grid
Error Layer       : VIA1 (12)
Number of errors  : 186
Description       :  -- 
Status            : error
Bbox              : {233.9890 224.9470} {234.0390 225.1490}

Error ID          : 68
Error Type        : Off-grid
Error Layer       : M2 (13)
Number of errors  : 186
Description       :  -- 
Status            : error
Bbox              : {233.9840 224.9170} {234.0440 225.1790}

Error ID          : 69
Error Type        : Off-grid
Error Layer       : VIA1 (12)
Number of errors  : 186
Description       :  -- 
Status            : error
Bbox              : {235.8130 226.1630} {235.8630 226.3650}

Error ID          : 70
Error Type        : Off-grid
Error Layer       : M2 (13)
Number of errors  : 186
Description       :  -- 
Status            : error
Bbox              : {235.8080 226.1330} {235.8680 226.3950}

Error ID          : 71
Error Type        : Off-grid
Error Layer       : VIA1 (12)
Number of errors  : 186
Description       :  -- 
Status            : error
Bbox              : {243.9960 226.1630} {244.0460 226.3650}

Error ID          : 72
Error Type        : Off-grid
Error Layer       : M2 (13)
Number of errors  : 186
Description       :  -- 
Status            : error
Bbox              : {243.9660 226.1580} {244.0760 226.3700}

Error ID          : 73
Error Type        : Off-grid
Error Layer       : M1 (11)
Number of errors  : 186
Description       :  -- 
Status            : error
Bbox              : {259.6490 222.8900} {259.7590 222.9500}

Error ID          : 74
Error Type        : Off-grid
Error Layer       : VIA1 (12)
Number of errors  : 186
Description       :  -- 
Status            : error
Bbox              : {125.5880 238.1710} {125.6380 238.3730}

Error ID          : 75
Error Type        : Off-grid
Error Layer       : M2 (13)
Number of errors  : 186
Description       :  -- 
Status            : error
Bbox              : {125.5580 238.1660} {125.6680 238.3780}

Error ID          : 76
Error Type        : Off-grid
Error Layer       : VIA1 (12)
Number of errors  : 186
Description       :  -- 
Status            : error
Bbox              : {218.0040 234.9790} {218.0540 235.1810}

Error ID          : 77
Error Type        : Off-grid
Error Layer       : M2 (13)
Number of errors  : 186
Description       :  -- 
Status            : error
Bbox              : {217.9740 234.9740} {218.0840 235.1860}

Error ID          : 78
Error Type        : Off-grid
Error Layer       : M2 (13)
Number of errors  : 186
Description       :  -- 
Status            : error
Bbox              : {220.5580 238.3180} {220.6680 238.5300}

Error ID          : 79
Error Type        : Off-grid
Error Layer       : VIA1 (12)
Number of errors  : 186
Description       :  -- 
Status            : error
Bbox              : {220.5880 238.3230} {220.6380 238.5250}

Error ID          : 80
Error Type        : Off-grid
Error Layer       : M2 (13)
Number of errors  : 186
Description       :  -- 
Status            : error
Bbox              : {226.5360 238.2930} {226.5960 238.5550}

Error ID          : 81
Error Type        : Off-grid
Error Layer       : VIA1 (12)
Number of errors  : 186
Description       :  -- 
Status            : error
Bbox              : {226.5410 238.3230} {226.5910 238.5250}

Error ID          : 82
Error Type        : Off-grid
Error Layer       : VIA1 (12)
Number of errors  : 186
Description       :  -- 
Status            : error
Bbox              : {218.7640 238.3230} {218.8140 238.5250}

Error ID          : 83
Error Type        : Off-grid
Error Layer       : M2 (13)
Number of errors  : 186
Description       :  -- 
Status            : error
Bbox              : {218.7340 238.3180} {218.8440 238.5300}

Error ID          : 84
Error Type        : Off-grid
Error Layer       : VIA1 (12)
Number of errors  : 186
Description       :  -- 
Status            : error
Bbox              : {219.5490 229.5070} {219.5990 229.7090}

Error ID          : 85
Error Type        : Off-grid
Error Layer       : M2 (13)
Number of errors  : 186
Description       :  -- 
Status            : error
Bbox              : {219.5440 229.4770} {219.6040 229.7390}

Error ID          : 86
Error Type        : Off-grid
Error Layer       : VIA1 (12)
Number of errors  : 186
Description       :  -- 
Status            : error
Bbox              : {221.0690 229.5070} {221.1190 229.7090}

Error ID          : 87
Error Type        : Off-grid
Error Layer       : M2 (13)
Number of errors  : 186
Description       :  -- 
Status            : error
Bbox              : {221.0640 229.4770} {221.1240 229.7390}

Error ID          : 88
Error Type        : Off-grid
Error Layer       : VIA1 (12)
Number of errors  : 186
Description       :  -- 
Status            : error
Bbox              : {222.1080 239.5390} {222.1580 239.7410}

Error ID          : 89
Error Type        : Off-grid
Error Layer       : M2 (13)
Number of errors  : 186
Description       :  -- 
Status            : error
Bbox              : {222.0780 239.5340} {222.1880 239.7460}

Error ID          : 90
Error Type        : Off-grid
Error Layer       : VIA1 (12)
Number of errors  : 186
Description       :  -- 
Status            : error
Bbox              : {224.2360 239.5390} {224.2860 239.7410}

Error ID          : 91
Error Type        : Off-grid
Error Layer       : M2 (13)
Number of errors  : 186
Description       :  -- 
Status            : error
Bbox              : {224.2060 239.5340} {224.3160 239.7460}

Error ID          : 92
Error Type        : Off-grid
Error Layer       : VIA1 (12)
Number of errors  : 186
Description       :  -- 
Status            : error
Bbox              : {225.7810 239.5390} {225.8310 239.7410}

Error ID          : 93
Error Type        : Off-grid
Error Layer       : M2 (13)
Number of errors  : 186
Description       :  -- 
Status            : error
Bbox              : {225.7760 239.5090} {225.8360 239.7710}

Error ID          : 94
Error Type        : Off-grid
Error Layer       : M2 (13)
Number of errors  : 186
Description       :  -- 
Status            : error
Bbox              : {235.3020 228.2860} {235.4120 228.4980}

Error ID          : 95
Error Type        : Off-grid
Error Layer       : VIA1 (12)
Number of errors  : 186
Description       :  -- 
Status            : error
Bbox              : {235.3320 228.2910} {235.3820 228.4930}

Error ID          : 96
Error Type        : Off-grid
Error Layer       : M2 (13)
Number of errors  : 186
Description       :  -- 
Status            : error
Bbox              : {235.6560 232.8210} {235.7160 233.0830}

Error ID          : 97
Error Type        : Off-grid
Error Layer       : VIA1 (12)
Number of errors  : 186
Description       :  -- 
Status            : error
Bbox              : {235.6610 232.8510} {235.7110 233.0530}

Error ID          : 98
Error Type        : Off-grid
Error Layer       : M2 (13)
Number of errors  : 186
Description       :  -- 
Status            : error
Bbox              : {233.3260 239.5340} {233.4360 239.7460}

Error ID          : 99
Error Type        : Off-grid
Error Layer       : VIA1 (12)
Number of errors  : 186
Description       :  -- 
Status            : error
Bbox              : {233.3560 239.5390} {233.4060 239.7410}

Error ID          : 100
Error Type        : Off-grid
Error Layer       : VIA1 (12)
Number of errors  : 186
Description       :  -- 
Status            : error
Bbox              : {232.4440 231.6350} {232.4940 231.8370}

Error ID          : 101
Error Type        : Off-grid
Error Layer       : M2 (13)
Number of errors  : 186
Description       :  -- 
Status            : error
Bbox              : {232.4140 231.6300} {232.5240 231.8420}

Error ID          : 102
Error Type        : Off-grid
Error Layer       : VIA1 (12)
Number of errors  : 186
Description       :  -- 
Status            : error
Bbox              : {244.4520 239.5390} {244.5020 239.7410}

Error ID          : 103
Error Type        : Off-grid
Error Layer       : M2 (13)
Number of errors  : 186
Description       :  -- 
Status            : error
Bbox              : {244.4220 239.5340} {244.5320 239.7460}

Error ID          : 104
Error Type        : Off-grid
Error Layer       : VIA1 (12)
Number of errors  : 186
Description       :  -- 
Status            : error
Bbox              : {245.3640 232.8510} {245.4140 233.0530}

Error ID          : 105
Error Type        : Off-grid
Error Layer       : M2 (13)
Number of errors  : 186
Description       :  -- 
Status            : error
Bbox              : {245.3340 232.8460} {245.4440 233.0580}

Error ID          : 106
Error Type        : Off-grid
Error Layer       : VIA1 (12)
Number of errors  : 186
Description       :  -- 
Status            : error
Bbox              : {130.6290 241.5150} {130.6790 241.7170}

Error ID          : 107
Error Type        : Off-grid
Error Layer       : M2 (13)
Number of errors  : 186
Description       :  -- 
Status            : error
Bbox              : {130.6240 241.4850} {130.6840 241.7470}

Error ID          : 108
Error Type        : Off-grid
Error Layer       : M1 (11)
Number of errors  : 186
Description       :  -- 
Status            : error
Bbox              : {123.6090 251.7700} {123.7190 251.8300}

Error ID          : 109
Error Type        : Off-grid
Error Layer       : VIA1 (12)
Number of errors  : 186
Description       :  -- 
Status            : error
Bbox              : {128.3240 249.7230} {128.3740 249.9250}

Error ID          : 110
Error Type        : Off-grid
Error Layer       : M2 (13)
Number of errors  : 186
Description       :  -- 
Status            : error
Bbox              : {128.2940 249.7180} {128.4040 249.9300}

Error ID          : 111
Error Type        : Off-grid
Error Layer       : VIA1 (12)
Number of errors  : 186
Description       :  -- 
Status            : error
Bbox              : {138.0520 243.0350} {138.1020 243.2370}

Error ID          : 112
Error Type        : Off-grid
Error Layer       : M2 (13)
Number of errors  : 186
Description       :  -- 
Status            : error
Bbox              : {138.0220 243.0300} {138.1320 243.2420}

Error ID          : 114
Error Type        : Off-grid
Error Layer       : VIA1 (12)
Number of errors  : 186
Description       :  -- 
Status            : error
Bbox              : {147.6280 248.2030} {147.6780 248.4050}

Error ID          : 115
Error Type        : Off-grid
Error Layer       : M2 (13)
Number of errors  : 186
Description       :  -- 
Status            : error
Bbox              : {147.5980 248.1980} {147.7080 248.4100}

Error ID          : 116
Error Type        : Off-grid
Error Layer       : VIA1 (12)
Number of errors  : 186
Description       :  -- 
Status            : error
Bbox              : {175.9250 251.6990} {175.9750 251.9010}

Error ID          : 118
Error Type        : Off-grid
Error Layer       : VIA1 (12)
Number of errors  : 186
Description       :  -- 
Status            : error
Bbox              : {208.4280 241.6670} {208.4780 241.8690}

Error ID          : 119
Error Type        : Off-grid
Error Layer       : M2 (13)
Number of errors  : 186
Description       :  -- 
Status            : error
Bbox              : {208.3980 241.6620} {208.5080 241.8740}

Error ID          : 120
Error Type        : Off-grid
Error Layer       : M2 (13)
Number of errors  : 186
Description       :  -- 
Status            : error
Bbox              : {206.7260 251.6940} {206.8360 251.9060}

Error ID          : 121
Error Type        : Off-grid
Error Layer       : VIA1 (12)
Number of errors  : 186
Description       :  -- 
Status            : error
Bbox              : {206.7560 251.6990} {206.8060 251.9010}

Error ID          : 122
Error Type        : Off-grid
Error Layer       : M2 (13)
Number of errors  : 186
Description       :  -- 
Status            : error
Bbox              : {223.5980 249.5660} {223.7080 249.7780}

Error ID          : 123
Error Type        : Off-grid
Error Layer       : VIA1 (12)
Number of errors  : 186
Description       :  -- 
Status            : error
Bbox              : {223.6280 249.5710} {223.6780 249.7730}

Error ID          : 124
Error Type        : Off-grid
Error Layer       : M1 (11)
Number of errors  : 186
Description       :  -- 
Status            : error
Bbox              : {225.7830 249.4900} {226.0150 249.5540}

Error ID          : 125
Error Type        : Off-grid
Error Layer       : M2 (13)
Number of errors  : 186
Description       :  -- 
Status            : error
Bbox              : {222.8880 251.6690} {222.9480 251.9310}

Error ID          : 126
Error Type        : Off-grid
Error Layer       : VIA1 (12)
Number of errors  : 186
Description       :  -- 
Status            : error
Bbox              : {222.8930 251.6990} {222.9430 251.9010}

Error ID          : 127
Error Type        : Off-grid
Error Layer       : M2 (13)
Number of errors  : 186
Description       :  -- 
Status            : error
Bbox              : {220.3080 241.6370} {220.3680 241.8990}

Error ID          : 128
Error Type        : Off-grid
Error Layer       : VIA1 (12)
Number of errors  : 186
Description       :  -- 
Status            : error
Bbox              : {220.3130 241.6670} {220.3630 241.8690}

Error ID          : 129
Error Type        : Off-grid
Error Layer       : M2 (13)
Number of errors  : 186
Description       :  -- 
Status            : error
Bbox              : {224.5600 251.6690} {224.6200 251.9310}

Error ID          : 130
Error Type        : Off-grid
Error Layer       : VIA1 (12)
Number of errors  : 186
Description       :  -- 
Status            : error
Bbox              : {224.5650 251.6990} {224.6150 251.9010}

Error ID          : 131
Error Type        : Off-grid
Error Layer       : M2 (13)
Number of errors  : 186
Description       :  -- 
Status            : error
Bbox              : {225.6240 246.1970} {225.6840 246.4590}

Error ID          : 132
Error Type        : Off-grid
Error Layer       : VIA1 (12)
Number of errors  : 186
Description       :  -- 
Status            : error
Bbox              : {225.6290 246.2270} {225.6790 246.4290}

Error ID          : 133
Error Type        : Off-grid
Error Layer       : M2 (13)
Number of errors  : 186
Description       :  -- 
Status            : error
Bbox              : {225.2700 248.3500} {225.3800 248.5620}

Error ID          : 134
Error Type        : Off-grid
Error Layer       : VIA1 (12)
Number of errors  : 186
Description       :  -- 
Status            : error
Bbox              : {225.3000 248.3550} {225.3500 248.5570}

Error ID          : 135
Error Type        : Off-grid
Error Layer       : M2 (13)
Number of errors  : 186
Description       :  -- 
Status            : error
Bbox              : {223.4960 242.8530} {223.5560 243.1150}

Error ID          : 136
Error Type        : Off-grid
Error Layer       : VIA1 (12)
Number of errors  : 186
Description       :  -- 
Status            : error
Bbox              : {223.5010 242.8830} {223.5510 243.0850}

Error ID          : 137
Error Type        : Off-grid
Error Layer       : VIA1 (12)
Number of errors  : 186
Description       :  -- 
Status            : error
Bbox              : {217.5480 248.3550} {217.5980 248.5570}

Error ID          : 138
Error Type        : Off-grid
Error Layer       : M2 (13)
Number of errors  : 186
Description       :  -- 
Status            : error
Bbox              : {217.5180 248.3500} {217.6280 248.5620}

Error ID          : 139
Error Type        : Off-grid
Error Layer       : M2 (13)
Number of errors  : 186
Description       :  -- 
Status            : error
Bbox              : {221.9260 242.8780} {222.0360 243.0900}

Error ID          : 140
Error Type        : Off-grid
Error Layer       : VIA1 (12)
Number of errors  : 186
Description       :  -- 
Status            : error
Bbox              : {221.9560 242.8830} {222.0060 243.0850}

Error ID          : 141
Error Type        : Off-grid
Error Layer       : VIA1 (12)
Number of errors  : 186
Description       :  -- 
Status            : error
Bbox              : {222.2600 241.6670} {222.3100 241.8690}

Error ID          : 142
Error Type        : Off-grid
Error Layer       : M2 (13)
Number of errors  : 186
Description       :  -- 
Status            : error
Bbox              : {222.2300 241.6620} {222.3400 241.8740}

Error ID          : 143
Error Type        : Off-grid
Error Layer       : VIA1 (12)
Number of errors  : 186
Description       :  -- 
Status            : error
Bbox              : {225.0210 241.6670} {225.0710 241.8690}

Error ID          : 144
Error Type        : Off-grid
Error Layer       : M2 (13)
Number of errors  : 186
Description       :  -- 
Status            : error
Bbox              : {225.0160 241.6370} {225.0760 241.8990}

Error ID          : 145
Error Type        : Off-grid
Error Layer       : VIA1 (12)
Number of errors  : 186
Description       :  -- 
Status            : error
Bbox              : {225.1480 249.5710} {225.1980 249.7730}

Error ID          : 146
Error Type        : Off-grid
Error Layer       : M2 (13)
Number of errors  : 186
Description       :  -- 
Status            : error
Bbox              : {225.1180 249.5660} {225.2280 249.7780}

Error ID          : 147
Error Type        : Off-grid
Error Layer       : VIA1 (12)
Number of errors  : 186
Description       :  -- 
Status            : error
Bbox              : {226.2370 251.6990} {226.2870 251.9010}

Error ID          : 148
Error Type        : Off-grid
Error Layer       : M2 (13)
Number of errors  : 186
Description       :  -- 
Status            : error
Bbox              : {226.2320 251.6690} {226.2920 251.9310}

Error ID          : 149
Error Type        : Off-grid
Error Layer       : VIA1 (12)
Number of errors  : 186
Description       :  -- 
Status            : error
Bbox              : {226.6680 249.5710} {226.7180 249.7730}

Error ID          : 150
Error Type        : Off-grid
Error Layer       : M2 (13)
Number of errors  : 186
Description       :  -- 
Status            : error
Bbox              : {226.6380 249.5660} {226.7480 249.7780}

Error ID          : 151
Error Type        : Off-grid
Error Layer       : VIA1 (12)
Number of errors  : 186
Description       :  -- 
Status            : error
Bbox              : {227.8840 242.8830} {227.9340 243.0850}

Error ID          : 152
Error Type        : Off-grid
Error Layer       : M2 (13)
Number of errors  : 186
Description       :  -- 
Status            : error
Bbox              : {227.8540 242.8780} {227.9640 243.0900}

Error ID          : 153
Error Type        : Off-grid
Error Layer       : VIA1 (12)
Number of errors  : 186
Description       :  -- 
Status            : error
Bbox              : {230.6200 248.3550} {230.6700 248.5570}

Error ID          : 154
Error Type        : Off-grid
Error Layer       : M2 (13)
Number of errors  : 186
Description       :  -- 
Status            : error
Bbox              : {230.5900 248.3500} {230.7000 248.5620}

Error ID          : 155
Error Type        : Off-grid
Error Layer       : VIA1 (12)
Number of errors  : 186
Description       :  -- 
Status            : error
Bbox              : {229.1000 248.3550} {229.1500 248.5570}

Error ID          : 156
Error Type        : Off-grid
Error Layer       : M2 (13)
Number of errors  : 186
Description       :  -- 
Status            : error
Bbox              : {229.0700 248.3500} {229.1800 248.5620}

Error ID          : 157
Error Type        : Off-grid
Error Layer       : VIA1 (12)
Number of errors  : 186
Description       :  -- 
Status            : error
Bbox              : {231.2280 245.0110} {231.2780 245.2130}

Error ID          : 158
Error Type        : Off-grid
Error Layer       : M2 (13)
Number of errors  : 186
Description       :  -- 
Status            : error
Bbox              : {231.1980 245.0060} {231.3080 245.2180}

Error ID          : 159
Error Type        : Off-grid
Error Layer       : VIA1 (12)
Number of errors  : 186
Description       :  -- 
Status            : error
Bbox              : {239.0050 245.0110} {239.0550 245.2130}

Error ID          : 160
Error Type        : Off-grid
Error Layer       : M2 (13)
Number of errors  : 186
Description       :  -- 
Status            : error
Bbox              : {239.0000 244.9810} {239.0600 245.2430}

Error ID          : 161
Error Type        : Off-grid
Error Layer       : VIA1 (12)
Number of errors  : 186
Description       :  -- 
Status            : error
Bbox              : {228.3400 249.5710} {228.3900 249.7730}

Error ID          : 162
Error Type        : Off-grid
Error Layer       : VIA1 (12)
Number of errors  : 186
Description       :  -- 
Status            : error
Bbox              : {228.6440 251.6990} {228.6940 251.9010}

Error ID          : 163
Error Type        : Off-grid
Error Layer       : M2 (13)
Number of errors  : 186
Description       :  -- 
Status            : error
Bbox              : {228.6140 251.6940} {228.7240 251.9060}

Error ID          : 164
Error Type        : Off-grid
Error Layer       : VIA1 (12)
Number of errors  : 186
Description       :  -- 
Status            : error
Bbox              : {242.0200 242.8830} {242.0700 243.0850}

Error ID          : 165
Error Type        : Off-grid
Error Layer       : M2 (13)
Number of errors  : 186
Description       :  -- 
Status            : error
Bbox              : {241.9900 242.8780} {242.1000 243.0900}

Error ID          : 166
Error Type        : Off-grid
Error Layer       : VIA1 (12)
Number of errors  : 186
Description       :  -- 
Status            : error
Bbox              : {240.1960 249.5710} {240.2460 249.7730}

Error ID          : 167
Error Type        : Off-grid
Error Layer       : M2 (13)
Number of errors  : 186
Description       :  -- 
Status            : error
Bbox              : {240.1660 249.5660} {240.2760 249.7780}

Error ID          : 168
Error Type        : Off-grid
Error Layer       : VIA1 (12)
Number of errors  : 186
Description       :  -- 
Status            : error
Bbox              : {171.7960 255.0430} {171.8460 255.2450}

Error ID          : 169
Error Type        : Off-grid
Error Layer       : M2 (13)
Number of errors  : 186
Description       :  -- 
Status            : error
Bbox              : {171.7660 255.0380} {171.8760 255.2500}

Error ID          : 170
Error Type        : Off-grid
Error Layer       : VIA1 (12)
Number of errors  : 186
Description       :  -- 
Status            : error
Bbox              : {225.7560 252.9150} {225.8060 253.1170}

Error ID          : 171
Error Type        : Off-grid
Error Layer       : M2 (13)
Number of errors  : 186
Description       :  -- 
Status            : error
Bbox              : {225.7260 252.9100} {225.8360 253.1220}

Error ID          : 172
Error Type        : Off-grid
Error Layer       : VIA1 (12)
Number of errors  : 186
Description       :  -- 
Status            : error
Bbox              : {236.0920 252.9150} {236.1420 253.1170}

Error ID          : 173
Error Type        : Off-grid
Error Layer       : M2 (13)
Number of errors  : 186
Description       :  -- 
Status            : error
Bbox              : {236.0620 252.9100} {236.1720 253.1220}

Error ID          : 174
Error Type        : Off-grid
Error Layer       : M2 (13)
Number of errors  : 186
Description       :  -- 
Status            : error
Bbox              : {299.4460 263.0940} {299.5560 263.3060}

Error ID          : 175
Error Type        : Off-grid
Error Layer       : VIA1 (12)
Number of errors  : 186
Description       :  -- 
Status            : error
Bbox              : {299.4760 263.0990} {299.5260 263.3010}

Error ID          : 176
Error Type        : Off-grid
Error Layer       : M2 (13)
Number of errors  : 186
Description       :  -- 
Status            : error
Bbox              : {297.0140 259.5980} {297.1240 259.8100}

Error ID          : 177
Error Type        : Off-grid
Error Layer       : VIA1 (12)
Number of errors  : 186
Description       :  -- 
Status            : error
Bbox              : {297.0440 259.6030} {297.0940 259.8050}

Error ID          : 178
Error Type        : Off-grid
Error Layer       : VIA1 (12)
Number of errors  : 186
Description       :  -- 
Status            : error
Bbox              : {187.6040 276.4750} {187.6540 276.6770}

Error ID          : 179
Error Type        : Off-grid
Error Layer       : M2 (13)
Number of errors  : 186
Description       :  -- 
Status            : error
Bbox              : {187.5740 276.4700} {187.6840 276.6820}

Error ID          : 180
Error Type        : Off-grid
Error Layer       : VIA1 (12)
Number of errors  : 186
Description       :  -- 
Status            : error
Bbox              : {293.7000 271.7630} {293.7500 271.9650}

Error ID          : 181
Error Type        : Off-grid
Error Layer       : M2 (13)
Number of errors  : 186
Description       :  -- 
Status            : error
Bbox              : {293.6700 271.7580} {293.7800 271.9700}

Error ID          : 182
Error Type        : Off-grid
Error Layer       : M1 (11)
Number of errors  : 186
Description       :  -- 
Status            : error
Bbox              : {98.8330 278.5220} {98.9430 278.5820}

Error ID          : 183
Error Type        : Off-grid
Error Layer       : M1 (11)
Number of errors  : 186
Description       :  -- 
Status            : error
Bbox              : {98.7460 278.5220} {98.9130 278.5720}

Error ID          : 184
Error Type        : Off-grid
Error Layer       : VIA1 (12)
Number of errors  : 186
Description       :  -- 
Status            : error
Bbox              : {186.0840 278.2990} {186.1340 278.5010}

Error ID          : 185
Error Type        : Off-grid
Error Layer       : M2 (13)
Number of errors  : 186
Description       :  -- 
Status            : error
Bbox              : {186.0540 278.2940} {186.1640 278.5060}

Error ID          : 186
Error Type        : Off-grid
Error Layer       : VIA1 (12)
Number of errors  : 186
Description       :  -- 
Status            : error
Bbox              : {83.9400 293.0430} {83.9900 293.2450}

Error ID          : 187
Error Type        : Off-grid
Error Layer       : M2 (13)
Number of errors  : 186
Description       :  -- 
Status            : error
Bbox              : {83.9100 293.0380} {84.0200 293.2500}

Error ID          : 113
Error Type        : Diff net spacing
Error Layer       : M1 (11)
Number of errors  : 2
Description       :  -- 
Status            : error
Bbox              : {131.7670 248.3760} {131.8250 248.5360}

Error ID          : 117
Error Type        : Diff net spacing
Error Layer       : M7 (23)
Number of errors  : 2
Description       :  -- 
Status            : error
Bbox              : {167.5690 247.3800} {175.2150 247.5420}

1
