****************************************
Report : Report drc errors
Design : cv32e40p_synth_wrap
Data   : zroute.err
Type   : error_layer
Version: W-2024.09-SP2
Date   : Sat May  9 11:50:22 2026
****************************************

ErrorSet                                    Total   Visible     Fixed   Ignored
--------------------------------------------------------------------------------
Design : cv32e40p_synth_wrap                188     188         0       0
      Data : zroute.err                     188     188         0       0
            M1 (11)                         8       8           0       0
                Diff net spacing            1       1           0       0
                Off-grid                    7       7           0       0
            M2 (13)                         88      88          0       0
                Off-grid                    88      88          0       0
            M7 (23)                         1       1           0       0
                Diff net spacing            1       1           0       0
            VIA1 (12)                       91      91          0       0
                Off-grid                    91      91          0       0
1
