Information: Using automatic max wire load selection group 'predcaps'. (ENV-003)
Information: Using automatic min wire load selection group 'predcaps'. (ENV-003)
Information: Building multi voltage information for entire design. (MV-022)
Warning: Some timing arcs have been disabled for breaking timing loops or because of constant propagation. Use the 'report_disable_timing' command to get the list of these disabled timing arcs. (PTE-003)
Warning: The drive-resistance for the timing arc (saed32hvt_ff1p16v125c/NBUFFX32_HVT) u_core/core_i/id_stage_i/U_1_PTECO_DRC_BUF2/A-->Y (min rising & falling positive_unate) is much less than the network impedance to ground; PrimeTime has adjusted the drive-resistance to improve accuracy. (RC-009)
Warning: The drive-resistance for the timing arc (saed32hvt_ff1p16v125c/NBUFFX32_HVT) u_core/core_i/id_stage_i/U_1_PTECO_DRC_BUF2/A-->Y (max rising & falling positive_unate) is much less than the network impedance to ground; PrimeTime has adjusted the drive-resistance to improve accuracy. (RC-009)
Information: Checking 'no_input_delay'.
Information: Checking 'no_driving_cell'.
Warning: There are 240 ports with parasitics but with no driving cell.

Ports
------------------------------------------------------------
boot_addr_i[2]
boot_addr_i[3]
boot_addr_i[4]
boot_addr_i[5]
boot_addr_i[6]
boot_addr_i[7]
boot_addr_i[8]
boot_addr_i[9]
boot_addr_i[10]
boot_addr_i[11]
boot_addr_i[12]
boot_addr_i[13]
boot_addr_i[14]
boot_addr_i[15]
boot_addr_i[16]
boot_addr_i[17]
boot_addr_i[18]
boot_addr_i[19]
boot_addr_i[20]
boot_addr_i[21]
boot_addr_i[22]
boot_addr_i[23]
boot_addr_i[24]
boot_addr_i[25]
boot_addr_i[26]
boot_addr_i[27]
boot_addr_i[28]
boot_addr_i[29]
boot_addr_i[30]
boot_addr_i[31]
clk_i
data_gnt_i
data_rdata_i[0]
data_rdata_i[1]
data_rdata_i[2]
data_rdata_i[3]
data_rdata_i[4]
data_rdata_i[5]
data_rdata_i[6]
data_rdata_i[7]
data_rdata_i[8]
data_rdata_i[9]
data_rdata_i[10]
data_rdata_i[11]
data_rdata_i[12]
data_rdata_i[13]
data_rdata_i[14]
data_rdata_i[15]
data_rdata_i[16]
data_rdata_i[17]
data_rdata_i[18]
data_rdata_i[19]
data_rdata_i[20]
data_rdata_i[21]
data_rdata_i[22]
data_rdata_i[23]
data_rdata_i[24]
data_rdata_i[25]
data_rdata_i[26]
data_rdata_i[27]
data_rdata_i[28]
data_rdata_i[29]
data_rdata_i[30]
data_rdata_i[31]
data_rvalid_i
debug_req_i
dm_exception_addr_i[2]
dm_exception_addr_i[3]
dm_exception_addr_i[4]
dm_exception_addr_i[5]
dm_exception_addr_i[6]
dm_exception_addr_i[7]
dm_exception_addr_i[8]
dm_exception_addr_i[9]
dm_exception_addr_i[10]
dm_exception_addr_i[11]
dm_exception_addr_i[12]
dm_exception_addr_i[13]
dm_exception_addr_i[14]
dm_exception_addr_i[15]
dm_exception_addr_i[16]
dm_exception_addr_i[17]
dm_exception_addr_i[18]
dm_exception_addr_i[19]
dm_exception_addr_i[20]
dm_exception_addr_i[21]
dm_exception_addr_i[22]
dm_exception_addr_i[23]
dm_exception_addr_i[24]
dm_exception_addr_i[25]
dm_exception_addr_i[26]
dm_exception_addr_i[27]
dm_exception_addr_i[28]
dm_exception_addr_i[29]
dm_exception_addr_i[30]
dm_exception_addr_i[31]
dm_halt_addr_i[2]
dm_halt_addr_i[3]
dm_halt_addr_i[4]
dm_halt_addr_i[5]
dm_halt_addr_i[6]
dm_halt_addr_i[7]
dm_halt_addr_i[8]
dm_halt_addr_i[9]
dm_halt_addr_i[10]
dm_halt_addr_i[11]
dm_halt_addr_i[12]
dm_halt_addr_i[13]
dm_halt_addr_i[14]
dm_halt_addr_i[15]
dm_halt_addr_i[16]
dm_halt_addr_i[17]
dm_halt_addr_i[18]
dm_halt_addr_i[19]
dm_halt_addr_i[20]
dm_halt_addr_i[21]
dm_halt_addr_i[22]
dm_halt_addr_i[23]
dm_halt_addr_i[24]
dm_halt_addr_i[25]
dm_halt_addr_i[26]
dm_halt_addr_i[27]
dm_halt_addr_i[28]
dm_halt_addr_i[29]
dm_halt_addr_i[30]
dm_halt_addr_i[31]
fetch_enable_i
hart_id_i[0]
hart_id_i[1]
hart_id_i[2]
hart_id_i[3]
hart_id_i[4]
hart_id_i[5]
hart_id_i[6]
hart_id_i[7]
hart_id_i[8]
hart_id_i[9]
hart_id_i[10]
hart_id_i[11]
hart_id_i[12]
hart_id_i[13]
hart_id_i[14]
hart_id_i[15]
hart_id_i[16]
hart_id_i[17]
hart_id_i[18]
hart_id_i[19]
hart_id_i[20]
hart_id_i[21]
hart_id_i[22]
hart_id_i[23]
hart_id_i[24]
hart_id_i[25]
hart_id_i[26]
hart_id_i[27]
hart_id_i[28]
hart_id_i[29]
hart_id_i[30]
hart_id_i[31]
instr_gnt_i
instr_rdata_i[0]
instr_rdata_i[1]
instr_rdata_i[2]
instr_rdata_i[3]
instr_rdata_i[4]
instr_rdata_i[5]
instr_rdata_i[6]
instr_rdata_i[7]
instr_rdata_i[8]
instr_rdata_i[9]
instr_rdata_i[10]
instr_rdata_i[11]
instr_rdata_i[12]
instr_rdata_i[13]
instr_rdata_i[14]
instr_rdata_i[15]
instr_rdata_i[16]
instr_rdata_i[17]
instr_rdata_i[18]
instr_rdata_i[19]
instr_rdata_i[20]
instr_rdata_i[21]
instr_rdata_i[22]
instr_rdata_i[23]
instr_rdata_i[24]
instr_rdata_i[25]
instr_rdata_i[26]
instr_rdata_i[27]
instr_rdata_i[28]
instr_rdata_i[29]
instr_rdata_i[30]
instr_rdata_i[31]
instr_rvalid_i
irq_i[3]
irq_i[7]
irq_i[11]
irq_i[16]
irq_i[17]
irq_i[18]
irq_i[19]
irq_i[20]
irq_i[21]
irq_i[22]
irq_i[23]
irq_i[24]
irq_i[25]
irq_i[26]
irq_i[27]
irq_i[28]
irq_i[29]
irq_i[30]
irq_i[31]
mtvec_addr_i[8]
mtvec_addr_i[9]
mtvec_addr_i[10]
mtvec_addr_i[11]
mtvec_addr_i[12]
mtvec_addr_i[13]
mtvec_addr_i[14]
mtvec_addr_i[15]
mtvec_addr_i[16]
mtvec_addr_i[17]
mtvec_addr_i[18]
mtvec_addr_i[19]
mtvec_addr_i[20]
mtvec_addr_i[21]
mtvec_addr_i[22]
mtvec_addr_i[23]
mtvec_addr_i[24]
mtvec_addr_i[25]
mtvec_addr_i[26]
mtvec_addr_i[27]
mtvec_addr_i[28]
mtvec_addr_i[29]
mtvec_addr_i[30]
mtvec_addr_i[31]
rst_ni
scan_cg_en_i
scan_en
scan_in

Information: Checking 'unconstrained_endpoints'.
Warning: There is 1 endpoint which is not constrained for maximum delay.

Endpoint
--------------------------------------------------------------------------------
scan_out

Information: Checking 'unexpandable_clocks'.
 Failed clocks set      Related clocks           Original Period     Expanded Period     Added Edges     Voltage Config
-----------------------------------------------------------------------------------------------------------------------
Information: Checking 'latch_fanout'.
Information: Checking 'no_clock'.
Information: Checking 'partial_input_delay'.
Information: Checking 'generic'.
Information: Checking 'loops'.
Information: Checking 'generated_clocks'.
Information: Checking 'pulse_clock_non_pulse_clock_merge'.
Information: Checking 'pll_configuration'.
Information: Checking 'voltage_level'.

Check cell voltage level related issues including rail voltages
Cell Name                      min/max    issues found 
----------------------------------------------------------------------
0
