Warning: Cell contains tie connections which are not connected to real PG. (ZRT-511)
Cell Min-Routing-Layer = M1
Cell Max-Routing-Layer = M8
Turn off antenna since no rule is specified
Information: Option route.detail.force_end_on_preferred_grid will be ignored since none of the layers have preferred grid. (ZRT-703)
Warning: Cannot find a default contact code for layer CO. (ZRT-022)
Warning: Port VDD of cell cv32e40p_synth_wrap is unplaced.  This may impact routing result. (ZRT-740)
Warning: Port VSS of cell cv32e40p_synth_wrap is unplaced.  This may impact routing result. (ZRT-740)
Warning: Ignore 2 top cell ports with no pins. (ZRT-027)
Skipping 6 internal pins that are not physical. Set route.common.verbose_level to > 0 and run routing command to get skipped pin names.
Info: number of net_type_blockage: 0 
Information: Via ladder engine would be activated for pattern must join connection in certain commands. Please refer to man-page for the command list. (ZRT-619)
Information: When applicable Min-max layer allow_pin_connection mode will allow paths of length 5.32 outside the layer range. (ZRT-707)
Information: When applicable Min-max layer allow_pin_connection mode will allow paths of length 5.32 outside the layer range on clock nets. (ZRT-718)
Information: When applicable layer based tapering will taper up to 0.00 in distance from the pin. (ZRT-706)
Warning: Standard cell pin MUX41X2_HVT/S0 has no valid via regions. (ZRT-044)


Start checking for open nets ... 

Total number of nets = 18710, of which 0 are not extracted
Total number of open nets = 0, of which 0 are frozen

Check 18710 nets, 0 have Errors

[CHECK OPEN NETS] Elapsed real time: 0:00:00 
[CHECK OPEN NETS] Elapsed cpu  time: sys=0:00:00 usr=0:00:00 total=0:00:00
[CHECK OPEN NETS] Stage (MB): Used    0  Alloctr    0  Proc    0 
[CHECK OPEN NETS] Total (MB): Used   63  Alloctr   64  Proc 5249 
Printing options for 'route.common.*'

Printing options for 'route.detail.*'
detail.drc_convergence_effort_level                     :	 high                
detail.generate_extra_off_grid_pin_tracks               :	 true                
detail.optimize_wire_via_effort_level                   :	 high                

Printing options for 'route.auto_via_ladder.*'


Begin full DRC check ...

Information: Using 1 threads for routing. (ZRT-444)
Checked	1/25 Partitions, Violations =	8
Checked	2/25 Partitions, Violations =	8
Checked	3/25 Partitions, Violations =	28
Checked	4/25 Partitions, Violations =	49
Checked	5/25 Partitions, Violations =	56
Checked	6/25 Partitions, Violations =	64
Checked	7/25 Partitions, Violations =	66
Checked	8/25 Partitions, Violations =	161
Checked	9/25 Partitions, Violations =	162
Checked	10/25 Partitions, Violations =	180
Checked	11/25 Partitions, Violations =	195
Checked	12/25 Partitions, Violations =	197
Checked	13/25 Partitions, Violations =	197
Checked	14/25 Partitions, Violations =	214
Checked	15/25 Partitions, Violations =	296
Checked	16/25 Partitions, Violations =	320
Checked	17/25 Partitions, Violations =	327
Checked	18/25 Partitions, Violations =	327
Checked	19/25 Partitions, Violations =	333
Checked	20/25 Partitions, Violations =	334
Checked	21/25 Partitions, Violations =	334
Checked	22/25 Partitions, Violations =	337
Checked	23/25 Partitions, Violations =	355
Checked	24/25 Partitions, Violations =	402
Checked	25/25 Partitions, Violations =	415
[DRC CHECK] Elapsed real time: 0:00:07 
[DRC CHECK] Elapsed cpu  time: sys=0:00:00 usr=0:00:07 total=0:00:07
[DRC CHECK] Stage (MB): Used    0  Alloctr    0  Proc    0 
[DRC CHECK] Total (MB): Used  156  Alloctr  157  Proc 5249 
Warning: No antenna rules defined, Skip antenna analysis. (ZRT-309)
Information: Merged away 3 aligned/redundant DRCs. (ZRT-305)

DRC-SUMMARY:
	@@@@@@@ TOTAL VIOLATIONS =	412
	Diff net spacing : 112
	Less than minimum area : 5
	Needs fat contact : 128
	Off-grid : 165
	Short : 2


Total Wire Length =                    737553 micron
Total Number of Contacts =             183601
Total Number of Wires =                193489
Total Number of PtConns =              22233
Total Number of Routed Wires =       193430
Total Routed Wire Length =           734982 micron
Total Number of Routed Contacts =       183601
	Layer                 M1 :      38126 micron
	Layer                 M2 :     210094 micron
	Layer                 M3 :     177623 micron
	Layer                 M4 :     132197 micron
	Layer                 M5 :      89021 micron
	Layer                 M6 :      47314 micron
	Layer                 M7 :      33287 micron
	Layer                 M8 :       7320 micron
	Layer                 M9 :          0 micron
	Layer               MRDL :          0 micron
	Via            VIA78SQ_C :        266
	Via       VIA67SQ_C(rot) :       2197
	Via            VIA56SQ_C :       3709
	Via            VIA45SQ_C :          1
	Via       VIA45SQ_C(rot) :      11031
	Via            VIA34SQ_C :      18226
	Via       VIA34SQ_C(rot) :        156
	Via            VIA23SQ_C :       1135
	Via       VIA23SQ_C(rot) :      71746
	Via            VIA12SQ_C :      69924
	Via       VIA12SQ_C(rot) :       3210
	Via       VIA12LG_C(rot) :          1
	Via        VIA12SQ_C_2x1 :       1469
	Via   VIA12SQ_C(rot)_1x2 :        106
	Via   VIA12SQ_C(rot)_2x1 :          3
	Via        VIA12SQ_C_1x2 :        304
	Via          VIA12SQ_2x1 :          8
	Via     VIA12SQ(rot)_2x1 :         29
	Via          VIA12SQ_1x2 :         80

 
Redundant via conversion report:
--------------------------------

  Total optimized via conversion rate =  1.09% (1999 / 183601 vias)
 
    Layer VIA1       =  2.66% (1999   / 75134   vias)
        Weight 1     =  2.66% (1999    vias)
        Un-optimized =  0.00% (0       vias)
        Un-mapped    = 97.34% (73135   vias)
    Layer VIA2       =  0.00% (0      / 72881   vias)
        Un-optimized =  0.00% (0       vias)
        Un-mapped    = 100.00% (72881   vias)
    Layer VIA3       =  0.00% (0      / 18382   vias)
        Un-optimized =  0.00% (0       vias)
        Un-mapped    = 100.00% (18382   vias)
    Layer VIA4       =  0.00% (0      / 11032   vias)
        Un-optimized =  0.00% (0       vias)
        Un-mapped    = 100.00% (11032   vias)
    Layer VIA5       =  0.00% (0      / 3709    vias)
        Un-optimized =  0.00% (0       vias)
        Un-mapped    = 100.00% (3709    vias)
    Layer VIA6       =  0.00% (0      / 2197    vias)
        Un-optimized =  0.00% (0       vias)
        Un-mapped    = 100.00% (2197    vias)
    Layer VIA7       =  0.00% (0      / 266     vias)
        Un-optimized =  0.00% (0       vias)
        Un-mapped    = 100.00% (266     vias)
 
  Total double via conversion rate    =  1.09% (1999 / 183601 vias)
 
    Layer VIA1       =  2.66% (1999   / 75134   vias)
    Layer VIA2       =  0.00% (0      / 72881   vias)
    Layer VIA3       =  0.00% (0      / 18382   vias)
    Layer VIA4       =  0.00% (0      / 11032   vias)
    Layer VIA5       =  0.00% (0      / 3709    vias)
    Layer VIA6       =  0.00% (0      / 2197    vias)
    Layer VIA7       =  0.00% (0      / 266     vias)
 
  The optimized via conversion rate based on total routed via count =  1.09% (1999 / 183601 vias)
 
    Layer VIA1       =  2.66% (1999   / 75134   vias)
        Weight 1     =  2.66% (1999    vias)
        Un-optimized =  0.00% (0       vias)
        Un-mapped    = 97.34% (73135   vias)
    Layer VIA2       =  0.00% (0      / 72881   vias)
        Un-optimized =  0.00% (0       vias)
        Un-mapped    = 100.00% (72881   vias)
    Layer VIA3       =  0.00% (0      / 18382   vias)
        Un-optimized =  0.00% (0       vias)
        Un-mapped    = 100.00% (18382   vias)
    Layer VIA4       =  0.00% (0      / 11032   vias)
        Un-optimized =  0.00% (0       vias)
        Un-mapped    = 100.00% (11032   vias)
    Layer VIA5       =  0.00% (0      / 3709    vias)
        Un-optimized =  0.00% (0       vias)
        Un-mapped    = 100.00% (3709    vias)
    Layer VIA6       =  0.00% (0      / 2197    vias)
        Un-optimized =  0.00% (0       vias)
        Un-mapped    = 100.00% (2197    vias)
    Layer VIA7       =  0.00% (0      / 266     vias)
        Un-optimized =  0.00% (0       vias)
        Un-mapped    = 100.00% (266     vias)
 


Verify Summary:

Total number of nets = 18710, of which 0 are not extracted
Total number of open nets = 0, of which 0 are frozen
Total number of excluded ports = 0 ports of 0 unplaced cells connected to 0 nets
                                 0 ports without pins of 0 cells connected to 0 nets
                                 0 ports of 0 cover cells connected to 0 non-pg nets
Total number of DRCs = 412
Total number of antenna violations = no antenna rules defined
Total number of tie to rail violations = not checked
Total number of tie to rail directly violations = not checked


