****************************************
Report : qor
Design : cv32e40p_synth_wrap
Version: W-2024.09-SP2
Date   : Sat May  9 23:22:37 2026
****************************************
Information: The stitching and editing of coupling caps is turned OFF for design 'cv32e40p_icc2_lib:cv32e40p_synth_wrap.design'. (TIM-125)
Information: Design cv32e40p_synth_wrap has 18682 nets, 0 global routed, 18680 detail routed. (NEX-024)
Information: The RC mode used is DR for design 'cv32e40p_synth_wrap'. (NEX-022)
---extraction options---
Corner: default
Global options:
 reference_direction       : use_from_tluplus
 real_metalfill_extraction : none
 virtual_shield_extraction : true
---app options---
 host.max_cores                   : 1
 extract.connect_open           : true
 extract.enable_coupling_cap    : false
Extracting design: cv32e40p_synth_wrap 
Information: coupling capacitance is lumped to ground. (NEX-030)
Information: 18680 nets are successfully extracted. (NEX-028)
Warning: Advanced receiver model has not been enabled for detailed routed design. (TIM-204)
Information: Update timing completed net estimation for all the timing graph nets (TIM-111)
Information: Net estimation statistics: timing graph nets = 18680, routed nets = 18680, across physical hierarchy nets = 0, parasitics cached nets = 18680, delay annotated nets = 0, parasitics annotated nets = 0, multi-voltage nets = 0. (TIM-112)


Scenario           'default'
Timing Path Group  '**in2reg_default**'
----------------------------------------
Levels of Logic:                     37
Critical Path Length:              4.02
Critical Path Slack:               4.33
Critical Path Clk Period:          8.50
Total Negative Slack:              0.00
No. of Violating Paths:               0
Worst Hold Violation:              0.00
Total Hold Violation:              0.00
No. of Hold Violations:               0
----------------------------------------

Scenario           'default'
Timing Path Group  '**reg2out_default**'
----------------------------------------
Levels of Logic:                     46
Critical Path Length:              5.58
Critical Path Slack:               1.75
Critical Path Clk Period:          8.50
Total Negative Slack:              0.00
No. of Violating Paths:               0
Worst Hold Violation:              0.00
Total Hold Violation:              0.00
No. of Hold Violations:               0
----------------------------------------

Scenario           'default'
Timing Path Group  '**in2out_default**'
----------------------------------------
Levels of Logic:                     17
Critical Path Length:              3.24
Critical Path Slack:               4.14
Critical Path Clk Period:          8.50
Total Negative Slack:              0.00
No. of Violating Paths:               0
Worst Hold Violation:              0.00
Total Hold Violation:              0.00
No. of Hold Violations:               0
----------------------------------------

Scenario           'default'
Timing Path Group  'clk_i'
----------------------------------------
Levels of Logic:                     61
Critical Path Length:              7.34
Critical Path Slack:               0.89
Critical Path Clk Period:          8.50
Total Negative Slack:              0.00
No. of Violating Paths:               0
Worst Hold Violation:              0.00
Total Hold Violation:              0.00
No. of Hold Violations:               0
----------------------------------------


Cell Count
----------------------------------------
Hierarchical Cell Count:             76
Hierarchical Port Count:           4002
Leaf Cell Count:                  17676
Buf/Inv Cell Count:                5332
Buf Cell Count:                    4078
Inv Cell Count:                    1254
Combinational Cell Count:         15472
   Single-bit Isolation Cell Count:                        0
   Multi-bit Isolation Cell Count:                         0
   Isolation Cell Banking Ratio:                           0.00%
   Single-bit Level Shifter Cell Count:                    0
   Multi-bit Level Shifter Cell Count:                     0
   Level Shifter Cell Banking Ratio:                       0.00%
   Single-bit ELS Cell Count:                              0
   Multi-bit ELS Cell Count:                               0
   ELS Cell Banking Ratio:                                 0.00%
Sequential Cell Count:             2204
   Integrated Clock-Gating Cell Count:                     74
   Sequential Macro Cell Count:                            0
   Single-bit Sequential Cell Count:                       2130
   Multi-bit Sequential Cell Count:                        0
   Sequential Cell Banking Ratio:                          0.00%
   BitsPerflop:                                            1.00
Macro Count:                          0
----------------------------------------


Area
----------------------------------------
Combinational Area:            39430.95
Noncombinational Area:         20004.18
Buf/Inv Area:                  11968.66
Total Buffer Area:             10104.26
Total Inverter Area:            1864.40
Macro/Black Box Area:              0.00
Net Area:                             0
Net XLength:                  406107.55
Net YLength:                  457735.35
----------------------------------------
Cell Area (netlist):                          59435.13
Cell Area (netlist and physical only):        59435.13
Net Length:                   863842.90


Design Rules
----------------------------------------
Total Number of Nets:             20104
Nets with Violations:               369
Max Trans Violations:                17
Max Cap Violations:                 369
----------------------------------------

1
