****************************************
Report : timing
        -path_type full
        -delay_type min
        -max_paths 20
        -report_by design
Design : cv32e40p_synth_wrap
Version: W-2024.09-SP2
Date   : Sat May  9 23:22:43 2026
****************************************

  Startpoint: u_core/core_i/id_stage_i/controller_i/debug_force_wakeup_q_reg (rising edge-triggered flip-flop clocked by clk_i)
  Endpoint: u_core/core_i/cs_registers_i/dcsr_q_reg[cause][7] (rising edge-triggered flip-flop clocked by clk_i)
  Mode: default
  Corner: default
  Scenario: default
  Path Group: clk_i
  Path Type: min

  Point                                            Incr      Path  
  ------------------------------------------------------------------------
  clock clk_i (rise edge)                          0.00      0.00
  clock network delay (propagated)                 0.17      0.17

  u_core/core_i/id_stage_i/controller_i/debug_force_wakeup_q_reg/CLK (SDFFARX1_RVT)
                                                   0.00      0.17 r
  u_core/core_i/id_stage_i/controller_i/debug_force_wakeup_q_reg/Q (SDFFARX1_RVT)
                                                   0.12      0.29 f
  u_core/core_i/id_stage_i/U3199/Y (AO22X1_HVT)    0.07      0.36 f
  u_core/core_i/cs_registers_i/dcsr_q_reg[cause][7]/D (SDFFARX1_RVT)
                                                   0.00      0.36 f
  data arrival time                                          0.36

  clock clk_i (rise edge)                          0.00      0.00
  clock network delay (propagated)                 0.29      0.29
  u_core/core_i/cs_registers_i/dcsr_q_reg[cause][7]/CLK (SDFFARX1_RVT)
                                                   0.00      0.29 r
  clock uncertainty                                0.10      0.39
  library hold time                               -0.04      0.35
  data required time                                         0.35
  ------------------------------------------------------------------------
  data required time                                         0.35
  data arrival time                                         -0.36
  ------------------------------------------------------------------------
  slack (MET)                                                0.01



  Startpoint: u_core/core_i/id_stage_i/controller_i/debug_force_wakeup_q_reg (rising edge-triggered flip-flop clocked by clk_i)
  Endpoint: u_core/core_i/cs_registers_i/dcsr_q_reg[cause][8] (rising edge-triggered flip-flop clocked by clk_i)
  Mode: default
  Corner: default
  Scenario: default
  Path Group: clk_i
  Path Type: min

  Point                                            Incr      Path  
  ------------------------------------------------------------------------
  clock clk_i (rise edge)                          0.00      0.00
  clock network delay (propagated)                 0.17      0.17

  u_core/core_i/id_stage_i/controller_i/debug_force_wakeup_q_reg/CLK (SDFFARX1_RVT)
                                                   0.00      0.17 r
  u_core/core_i/id_stage_i/controller_i/debug_force_wakeup_q_reg/Q (SDFFARX1_RVT)
                                                   0.12      0.29 r
  u_core/core_i/id_stage_i/U2639/Y (INVX1_HVT)     0.03      0.32 f
  u_core/core_i/id_stage_i/U3200/Y (AND3X1_HVT)    0.07      0.39 f
  u_core/core_i/cs_registers_i/dcsr_q_reg[cause][8]/D (SDFFARX1_RVT)
                                                   0.00      0.39 f
  data arrival time                                          0.39

  clock clk_i (rise edge)                          0.00      0.00
  clock network delay (propagated)                 0.29      0.29
  u_core/core_i/cs_registers_i/dcsr_q_reg[cause][8]/CLK (SDFFARX1_RVT)
                                                   0.00      0.29 r
  clock uncertainty                                0.10      0.39
  library hold time                               -0.04      0.35
  data required time                                         0.35
  ------------------------------------------------------------------------
  data required time                                         0.35
  data arrival time                                         -0.39
  ------------------------------------------------------------------------
  slack (MET)                                                0.04



  Startpoint: u_core/core_i/id_stage_i/regfile_waddr_ex_o_reg[0] (rising edge-triggered flip-flop clocked by clk_i)
  Endpoint: u_core/core_i/ex_stage_i/regfile_waddr_lsu_reg[0] (rising edge-triggered flip-flop clocked by clk_i)
  Mode: default
  Corner: default
  Scenario: default
  Path Group: clk_i
  Path Type: min

  Point                                            Incr      Path  
  ------------------------------------------------------------------------
  clock clk_i (rise edge)                          0.00      0.00
  clock network delay (propagated)                 0.27      0.27

  u_core/core_i/id_stage_i/regfile_waddr_ex_o_reg[0]/CLK (SDFFARX1_RVT)
                                                   0.00      0.27 r
  u_core/core_i/id_stage_i/regfile_waddr_ex_o_reg[0]/QN (SDFFARX1_RVT)
                                                   0.10      0.36 f
  u_core/core_i/U5024/Y (INVX1_HVT)                0.03      0.39 r
  u_core/core_i/ex_stage_i/regfile_waddr_lsu_reg[0]/D (SDFFARX1_RVT)
                                                   0.00      0.39 r
  data arrival time                                          0.39

  clock clk_i (rise edge)                          0.00      0.00
  clock network delay (propagated)                 0.29      0.29
  u_core/core_i/ex_stage_i/regfile_waddr_lsu_reg[0]/CLK (SDFFARX1_RVT)
                                                   0.00      0.29 r
  clock uncertainty                                0.10      0.39
  library hold time                               -0.04      0.35
  data required time                                         0.35
  ------------------------------------------------------------------------
  data required time                                         0.35
  data arrival time                                         -0.39
  ------------------------------------------------------------------------
  slack (MET)                                                0.04



  Startpoint: u_core/core_i/if_stage_i/prefetch_buffer_i/instruction_obi_i/state_q_reg (rising edge-triggered flip-flop clocked by clk_i)
  Endpoint: u_core/core_i/if_stage_i/prefetch_buffer_i/instruction_obi_i/gen_no_trans_stable.obi_addr_q_reg[31] (rising edge-triggered flip-flop clocked by clk_i)
  Mode: default
  Corner: default
  Scenario: default
  Path Group: clk_i
  Path Type: min

  Point                                            Incr      Path  
  ------------------------------------------------------------------------
  clock clk_i (rise edge)                          0.00      0.00
  clock network delay (propagated)                 0.16      0.16

  u_core/core_i/if_stage_i/prefetch_buffer_i/instruction_obi_i/state_q_reg/CLK (SDFFARX1_RVT)
                                                   0.00      0.16 r
  u_core/core_i/if_stage_i/prefetch_buffer_i/instruction_obi_i/state_q_reg/Q (SDFFARX1_RVT)
                                                   0.11      0.28 f
  u_core/core_i/U289/Y (NBUFFX4_HVT)               0.06      0.34 f
  u_core/core_i/U5661/Y (AO22X1_HVT)               0.08      0.42 f
  u_core/core_i/if_stage_i/prefetch_buffer_i/instruction_obi_i/gen_no_trans_stable.obi_addr_q_reg[31]/D (SDFFARX1_RVT)
                                                   0.00      0.42 f
  data arrival time                                          0.42

  clock clk_i (rise edge)                          0.00      0.00
  clock network delay (propagated)                 0.31      0.31
  u_core/core_i/if_stage_i/prefetch_buffer_i/instruction_obi_i/gen_no_trans_stable.obi_addr_q_reg[31]/CLK (SDFFARX1_RVT)
                                                   0.00      0.31 r
  clock uncertainty                                0.10      0.41
  library hold time                               -0.04      0.37
  data required time                                         0.37
  ------------------------------------------------------------------------
  data required time                                         0.37
  data arrival time                                         -0.42
  ------------------------------------------------------------------------
  slack (MET)                                                0.04



  Startpoint: u_core/core_i/if_stage_i/prefetch_buffer_i/instruction_obi_i/state_q_reg (rising edge-triggered flip-flop clocked by clk_i)
  Endpoint: u_core/core_i/if_stage_i/prefetch_buffer_i/instruction_obi_i/gen_no_trans_stable.obi_addr_q_reg[20] (rising edge-triggered flip-flop clocked by clk_i)
  Mode: default
  Corner: default
  Scenario: default
  Path Group: clk_i
  Path Type: min

  Point                                            Incr      Path  
  ------------------------------------------------------------------------
  clock clk_i (rise edge)                          0.00      0.00
  clock network delay (propagated)                 0.16      0.16

  u_core/core_i/if_stage_i/prefetch_buffer_i/instruction_obi_i/state_q_reg/CLK (SDFFARX1_RVT)
                                                   0.00      0.16 r
  u_core/core_i/if_stage_i/prefetch_buffer_i/instruction_obi_i/state_q_reg/Q (SDFFARX1_RVT)
                                                   0.11      0.28 f
  u_core/core_i/U289/Y (NBUFFX4_HVT)               0.06      0.34 f
  u_core/core_i/U5595/Y (AO22X1_HVT)               0.08      0.42 f
  u_core/core_i/if_stage_i/prefetch_buffer_i/instruction_obi_i/gen_no_trans_stable.obi_addr_q_reg[20]/D (SDFFARX1_RVT)
                                                   0.00      0.42 f
  data arrival time                                          0.42

  clock clk_i (rise edge)                          0.00      0.00
  clock network delay (propagated)                 0.31      0.31
  u_core/core_i/if_stage_i/prefetch_buffer_i/instruction_obi_i/gen_no_trans_stable.obi_addr_q_reg[20]/CLK (SDFFARX1_RVT)
                                                   0.00      0.31 r
  clock uncertainty                                0.10      0.41
  library hold time                               -0.04      0.37
  data required time                                         0.37
  ------------------------------------------------------------------------
  data required time                                         0.37
  data arrival time                                         -0.42
  ------------------------------------------------------------------------
  slack (MET)                                                0.04



  Startpoint: u_core/core_i/if_stage_i/prefetch_buffer_i/instruction_obi_i/state_q_reg (rising edge-triggered flip-flop clocked by clk_i)
  Endpoint: u_core/core_i/if_stage_i/prefetch_buffer_i/instruction_obi_i/gen_no_trans_stable.obi_addr_q_reg[27] (rising edge-triggered flip-flop clocked by clk_i)
  Mode: default
  Corner: default
  Scenario: default
  Path Group: clk_i
  Path Type: min

  Point                                            Incr      Path  
  ------------------------------------------------------------------------
  clock clk_i (rise edge)                          0.00      0.00
  clock network delay (propagated)                 0.16      0.16

  u_core/core_i/if_stage_i/prefetch_buffer_i/instruction_obi_i/state_q_reg/CLK (SDFFARX1_RVT)
                                                   0.00      0.16 r
  u_core/core_i/if_stage_i/prefetch_buffer_i/instruction_obi_i/state_q_reg/Q (SDFFARX1_RVT)
                                                   0.11      0.28 f
  u_core/core_i/U289/Y (NBUFFX4_HVT)               0.06      0.34 f
  u_core/core_i/U5638/Y (AO22X1_HVT)               0.08      0.42 f
  u_core/core_i/if_stage_i/prefetch_buffer_i/instruction_obi_i/gen_no_trans_stable.obi_addr_q_reg[27]/D (SDFFARX1_RVT)
                                                   0.00      0.42 f
  data arrival time                                          0.42

  clock clk_i (rise edge)                          0.00      0.00
  clock network delay (propagated)                 0.31      0.31
  u_core/core_i/if_stage_i/prefetch_buffer_i/instruction_obi_i/gen_no_trans_stable.obi_addr_q_reg[27]/CLK (SDFFARX1_RVT)
                                                   0.00      0.31 r
  clock uncertainty                                0.10      0.41
  library hold time                               -0.04      0.37
  data required time                                         0.37
  ------------------------------------------------------------------------
  data required time                                         0.37
  data arrival time                                         -0.42
  ------------------------------------------------------------------------
  slack (MET)                                                0.05



  Startpoint: u_core/core_i/if_stage_i/prefetch_buffer_i/instruction_obi_i/state_q_reg (rising edge-triggered flip-flop clocked by clk_i)
  Endpoint: u_core/core_i/if_stage_i/prefetch_buffer_i/instruction_obi_i/gen_no_trans_stable.obi_addr_q_reg[26] (rising edge-triggered flip-flop clocked by clk_i)
  Mode: default
  Corner: default
  Scenario: default
  Path Group: clk_i
  Path Type: min

  Point                                            Incr      Path  
  ------------------------------------------------------------------------
  clock clk_i (rise edge)                          0.00      0.00
  clock network delay (propagated)                 0.16      0.16

  u_core/core_i/if_stage_i/prefetch_buffer_i/instruction_obi_i/state_q_reg/CLK (SDFFARX1_RVT)
                                                   0.00      0.16 r
  u_core/core_i/if_stage_i/prefetch_buffer_i/instruction_obi_i/state_q_reg/Q (SDFFARX1_RVT)
                                                   0.11      0.28 f
  u_core/core_i/U289/Y (NBUFFX4_HVT)               0.06      0.34 f
  u_core/core_i/U5631/Y (AO22X1_HVT)               0.08      0.42 f
  u_core/core_i/if_stage_i/prefetch_buffer_i/instruction_obi_i/gen_no_trans_stable.obi_addr_q_reg[26]/D (SDFFARX1_RVT)
                                                   0.00      0.42 f
  data arrival time                                          0.42

  clock clk_i (rise edge)                          0.00      0.00
  clock network delay (propagated)                 0.31      0.31
  u_core/core_i/if_stage_i/prefetch_buffer_i/instruction_obi_i/gen_no_trans_stable.obi_addr_q_reg[26]/CLK (SDFFARX1_RVT)
                                                   0.00      0.31 r
  clock uncertainty                                0.10      0.41
  library hold time                               -0.04      0.37
  data required time                                         0.37
  ------------------------------------------------------------------------
  data required time                                         0.37
  data arrival time                                         -0.42
  ------------------------------------------------------------------------
  slack (MET)                                                0.05



  Startpoint: u_core/core_i/if_stage_i/prefetch_buffer_i/instruction_obi_i/state_q_reg (rising edge-triggered flip-flop clocked by clk_i)
  Endpoint: u_core/core_i/if_stage_i/prefetch_buffer_i/instruction_obi_i/gen_no_trans_stable.obi_addr_q_reg[23] (rising edge-triggered flip-flop clocked by clk_i)
  Mode: default
  Corner: default
  Scenario: default
  Path Group: clk_i
  Path Type: min

  Point                                            Incr      Path  
  ------------------------------------------------------------------------
  clock clk_i (rise edge)                          0.00      0.00
  clock network delay (propagated)                 0.16      0.16

  u_core/core_i/if_stage_i/prefetch_buffer_i/instruction_obi_i/state_q_reg/CLK (SDFFARX1_RVT)
                                                   0.00      0.16 r
  u_core/core_i/if_stage_i/prefetch_buffer_i/instruction_obi_i/state_q_reg/Q (SDFFARX1_RVT)
                                                   0.11      0.28 f
  u_core/core_i/U289/Y (NBUFFX4_HVT)               0.06      0.34 f
  u_core/core_i/U5614/Y (AO22X1_HVT)               0.08      0.42 f
  u_core/core_i/if_stage_i/prefetch_buffer_i/instruction_obi_i/gen_no_trans_stable.obi_addr_q_reg[23]/D (SDFFARX1_RVT)
                                                   0.00      0.42 f
  data arrival time                                          0.42

  clock clk_i (rise edge)                          0.00      0.00
  clock network delay (propagated)                 0.31      0.31
  u_core/core_i/if_stage_i/prefetch_buffer_i/instruction_obi_i/gen_no_trans_stable.obi_addr_q_reg[23]/CLK (SDFFARX1_RVT)
                                                   0.00      0.31 r
  clock uncertainty                                0.10      0.41
  library hold time                               -0.04      0.37
  data required time                                         0.37
  ------------------------------------------------------------------------
  data required time                                         0.37
  data arrival time                                         -0.42
  ------------------------------------------------------------------------
  slack (MET)                                                0.05



  Startpoint: u_core/core_i/if_stage_i/prefetch_buffer_i/instruction_obi_i/state_q_reg (rising edge-triggered flip-flop clocked by clk_i)
  Endpoint: u_core/core_i/if_stage_i/prefetch_buffer_i/instruction_obi_i/gen_no_trans_stable.obi_addr_q_reg[28] (rising edge-triggered flip-flop clocked by clk_i)
  Mode: default
  Corner: default
  Scenario: default
  Path Group: clk_i
  Path Type: min

  Point                                            Incr      Path  
  ------------------------------------------------------------------------
  clock clk_i (rise edge)                          0.00      0.00
  clock network delay (propagated)                 0.16      0.16

  u_core/core_i/if_stage_i/prefetch_buffer_i/instruction_obi_i/state_q_reg/CLK (SDFFARX1_RVT)
                                                   0.00      0.16 r
  u_core/core_i/if_stage_i/prefetch_buffer_i/instruction_obi_i/state_q_reg/Q (SDFFARX1_RVT)
                                                   0.11      0.28 f
  u_core/core_i/U289/Y (NBUFFX4_HVT)               0.06      0.34 f
  u_core/core_i/U5643/Y (AO22X1_HVT)               0.08      0.42 f
  u_core/core_i/if_stage_i/prefetch_buffer_i/instruction_obi_i/gen_no_trans_stable.obi_addr_q_reg[28]/D (SDFFARX1_RVT)
                                                   0.00      0.42 f
  data arrival time                                          0.42

  clock clk_i (rise edge)                          0.00      0.00
  clock network delay (propagated)                 0.31      0.31
  u_core/core_i/if_stage_i/prefetch_buffer_i/instruction_obi_i/gen_no_trans_stable.obi_addr_q_reg[28]/CLK (SDFFARX1_RVT)
                                                   0.00      0.31 r
  clock uncertainty                                0.10      0.41
  library hold time                               -0.04      0.37
  data required time                                         0.37
  ------------------------------------------------------------------------
  data required time                                         0.37
  data arrival time                                         -0.42
  ------------------------------------------------------------------------
  slack (MET)                                                0.05



  Startpoint: u_core/core_i/if_stage_i/prefetch_buffer_i/instruction_obi_i/state_q_reg (rising edge-triggered flip-flop clocked by clk_i)
  Endpoint: u_core/core_i/if_stage_i/prefetch_buffer_i/instruction_obi_i/gen_no_trans_stable.obi_addr_q_reg[16] (rising edge-triggered flip-flop clocked by clk_i)
  Mode: default
  Corner: default
  Scenario: default
  Path Group: clk_i
  Path Type: min

  Point                                            Incr      Path  
  ------------------------------------------------------------------------
  clock clk_i (rise edge)                          0.00      0.00
  clock network delay (propagated)                 0.16      0.16

  u_core/core_i/if_stage_i/prefetch_buffer_i/instruction_obi_i/state_q_reg/CLK (SDFFARX1_RVT)
                                                   0.00      0.16 r
  u_core/core_i/if_stage_i/prefetch_buffer_i/instruction_obi_i/state_q_reg/Q (SDFFARX1_RVT)
                                                   0.11      0.28 f
  u_core/core_i/U289/Y (NBUFFX4_HVT)               0.06      0.34 f
  u_core/core_i/U5570/Y (AO22X1_HVT)               0.08      0.42 f
  u_core/core_i/if_stage_i/prefetch_buffer_i/instruction_obi_i/gen_no_trans_stable.obi_addr_q_reg[16]/D (SDFFARX1_RVT)
                                                   0.00      0.42 f
  data arrival time                                          0.42

  clock clk_i (rise edge)                          0.00      0.00
  clock network delay (propagated)                 0.31      0.31
  u_core/core_i/if_stage_i/prefetch_buffer_i/instruction_obi_i/gen_no_trans_stable.obi_addr_q_reg[16]/CLK (SDFFARX1_RVT)
                                                   0.00      0.31 r
  clock uncertainty                                0.10      0.41
  library hold time                               -0.04      0.37
  data required time                                         0.37
  ------------------------------------------------------------------------
  data required time                                         0.37
  data arrival time                                         -0.42
  ------------------------------------------------------------------------
  slack (MET)                                                0.05



  Startpoint: u_core/core_i/if_stage_i/prefetch_buffer_i/instruction_obi_i/state_q_reg (rising edge-triggered flip-flop clocked by clk_i)
  Endpoint: u_core/core_i/if_stage_i/prefetch_buffer_i/instruction_obi_i/gen_no_trans_stable.obi_addr_q_reg[14] (rising edge-triggered flip-flop clocked by clk_i)
  Mode: default
  Corner: default
  Scenario: default
  Path Group: clk_i
  Path Type: min

  Point                                            Incr      Path  
  ------------------------------------------------------------------------
  clock clk_i (rise edge)                          0.00      0.00
  clock network delay (propagated)                 0.16      0.16

  u_core/core_i/if_stage_i/prefetch_buffer_i/instruction_obi_i/state_q_reg/CLK (SDFFARX1_RVT)
                                                   0.00      0.16 r
  u_core/core_i/if_stage_i/prefetch_buffer_i/instruction_obi_i/state_q_reg/Q (SDFFARX1_RVT)
                                                   0.11      0.28 f
  u_core/core_i/U289/Y (NBUFFX4_HVT)               0.06      0.34 f
  u_core/core_i/U5558/Y (AO22X1_HVT)               0.08      0.42 f
  u_core/core_i/if_stage_i/prefetch_buffer_i/instruction_obi_i/gen_no_trans_stable.obi_addr_q_reg[14]/D (SDFFARX1_RVT)
                                                   0.00      0.42 f
  data arrival time                                          0.42

  clock clk_i (rise edge)                          0.00      0.00
  clock network delay (propagated)                 0.31      0.31
  u_core/core_i/if_stage_i/prefetch_buffer_i/instruction_obi_i/gen_no_trans_stable.obi_addr_q_reg[14]/CLK (SDFFARX1_RVT)
                                                   0.00      0.31 r
  clock uncertainty                                0.10      0.41
  library hold time                               -0.04      0.37
  data required time                                         0.37
  ------------------------------------------------------------------------
  data required time                                         0.37
  data arrival time                                         -0.42
  ------------------------------------------------------------------------
  slack (MET)                                                0.05



  Startpoint: u_core/core_i/if_stage_i/prefetch_buffer_i/instruction_obi_i/state_q_reg (rising edge-triggered flip-flop clocked by clk_i)
  Endpoint: u_core/core_i/if_stage_i/prefetch_buffer_i/instruction_obi_i/gen_no_trans_stable.obi_addr_q_reg[17] (rising edge-triggered flip-flop clocked by clk_i)
  Mode: default
  Corner: default
  Scenario: default
  Path Group: clk_i
  Path Type: min

  Point                                            Incr      Path  
  ------------------------------------------------------------------------
  clock clk_i (rise edge)                          0.00      0.00
  clock network delay (propagated)                 0.16      0.16

  u_core/core_i/if_stage_i/prefetch_buffer_i/instruction_obi_i/state_q_reg/CLK (SDFFARX1_RVT)
                                                   0.00      0.16 r
  u_core/core_i/if_stage_i/prefetch_buffer_i/instruction_obi_i/state_q_reg/Q (SDFFARX1_RVT)
                                                   0.11      0.28 f
  u_core/core_i/U289/Y (NBUFFX4_HVT)               0.06      0.34 f
  u_core/core_i/U5578/Y (AO22X1_HVT)               0.08      0.42 f
  u_core/core_i/if_stage_i/prefetch_buffer_i/instruction_obi_i/gen_no_trans_stable.obi_addr_q_reg[17]/D (SDFFARX1_RVT)
                                                   0.00      0.42 f
  data arrival time                                          0.42

  clock clk_i (rise edge)                          0.00      0.00
  clock network delay (propagated)                 0.31      0.31
  u_core/core_i/if_stage_i/prefetch_buffer_i/instruction_obi_i/gen_no_trans_stable.obi_addr_q_reg[17]/CLK (SDFFARX1_RVT)
                                                   0.00      0.31 r
  clock uncertainty                                0.10      0.41
  library hold time                               -0.04      0.37
  data required time                                         0.37
  ------------------------------------------------------------------------
  data required time                                         0.37
  data arrival time                                         -0.42
  ------------------------------------------------------------------------
  slack (MET)                                                0.05



  Startpoint: u_core/core_i/if_stage_i/prefetch_buffer_i/instruction_obi_i/state_q_reg (rising edge-triggered flip-flop clocked by clk_i)
  Endpoint: u_core/core_i/if_stage_i/prefetch_buffer_i/instruction_obi_i/gen_no_trans_stable.obi_addr_q_reg[30] (rising edge-triggered flip-flop clocked by clk_i)
  Mode: default
  Corner: default
  Scenario: default
  Path Group: clk_i
  Path Type: min

  Point                                            Incr      Path  
  ------------------------------------------------------------------------
  clock clk_i (rise edge)                          0.00      0.00
  clock network delay (propagated)                 0.16      0.16

  u_core/core_i/if_stage_i/prefetch_buffer_i/instruction_obi_i/state_q_reg/CLK (SDFFARX1_RVT)
                                                   0.00      0.16 r
  u_core/core_i/if_stage_i/prefetch_buffer_i/instruction_obi_i/state_q_reg/Q (SDFFARX1_RVT)
                                                   0.11      0.28 f
  u_core/core_i/U289/Y (NBUFFX4_HVT)               0.06      0.34 f
  u_core/core_i/U5656/Y (AO22X1_HVT)               0.08      0.42 f
  u_core/core_i/if_stage_i/prefetch_buffer_i/instruction_obi_i/gen_no_trans_stable.obi_addr_q_reg[30]/D (SDFFARX1_RVT)
                                                   0.00      0.42 f
  data arrival time                                          0.42

  clock clk_i (rise edge)                          0.00      0.00
  clock network delay (propagated)                 0.31      0.31
  u_core/core_i/if_stage_i/prefetch_buffer_i/instruction_obi_i/gen_no_trans_stable.obi_addr_q_reg[30]/CLK (SDFFARX1_RVT)
                                                   0.00      0.31 r
  clock uncertainty                                0.10      0.41
  library hold time                               -0.04      0.37
  data required time                                         0.37
  ------------------------------------------------------------------------
  data required time                                         0.37
  data arrival time                                         -0.42
  ------------------------------------------------------------------------
  slack (MET)                                                0.05



  Startpoint: u_core/core_i/id_stage_i/regfile_waddr_ex_o_reg[3] (rising edge-triggered flip-flop clocked by clk_i)
  Endpoint: u_core/core_i/ex_stage_i/regfile_waddr_lsu_reg[3] (rising edge-triggered flip-flop clocked by clk_i)
  Mode: default
  Corner: default
  Scenario: default
  Path Group: clk_i
  Path Type: min

  Point                                            Incr      Path  
  ------------------------------------------------------------------------
  clock clk_i (rise edge)                          0.00      0.00
  clock network delay (propagated)                 0.27      0.27

  u_core/core_i/id_stage_i/regfile_waddr_ex_o_reg[3]/CLK (SDFFARX1_RVT)
                                                   0.00      0.27 r
  u_core/core_i/id_stage_i/regfile_waddr_ex_o_reg[3]/QN (SDFFARX1_RVT)
                                                   0.10      0.37 f
  u_core/core_i/U5027/Y (INVX1_HVT)                0.03      0.40 r
  u_core/core_i/ex_stage_i/regfile_waddr_lsu_reg[3]/D (SDFFARX1_RVT)
                                                   0.00      0.40 r
  data arrival time                                          0.40

  clock clk_i (rise edge)                          0.00      0.00
  clock network delay (propagated)                 0.29      0.29
  u_core/core_i/ex_stage_i/regfile_waddr_lsu_reg[3]/CLK (SDFFARX1_RVT)
                                                   0.00      0.29 r
  clock uncertainty                                0.10      0.39
  library hold time                               -0.04      0.35
  data required time                                         0.35
  ------------------------------------------------------------------------
  data required time                                         0.35
  data arrival time                                         -0.40
  ------------------------------------------------------------------------
  slack (MET)                                                0.05



  Startpoint: u_core/core_i/if_stage_i/prefetch_buffer_i/instruction_obi_i/state_q_reg (rising edge-triggered flip-flop clocked by clk_i)
  Endpoint: u_core/core_i/if_stage_i/prefetch_buffer_i/instruction_obi_i/gen_no_trans_stable.obi_addr_q_reg[24] (rising edge-triggered flip-flop clocked by clk_i)
  Mode: default
  Corner: default
  Scenario: default
  Path Group: clk_i
  Path Type: min

  Point                                            Incr      Path  
  ------------------------------------------------------------------------
  clock clk_i (rise edge)                          0.00      0.00
  clock network delay (propagated)                 0.16      0.16

  u_core/core_i/if_stage_i/prefetch_buffer_i/instruction_obi_i/state_q_reg/CLK (SDFFARX1_RVT)
                                                   0.00      0.16 r
  u_core/core_i/if_stage_i/prefetch_buffer_i/instruction_obi_i/state_q_reg/Q (SDFFARX1_RVT)
                                                   0.11      0.28 f
  u_core/core_i/U289/Y (NBUFFX4_HVT)               0.06      0.34 f
  u_core/core_i/U5619/Y (AO22X1_HVT)               0.08      0.42 f
  u_core/core_i/if_stage_i/prefetch_buffer_i/instruction_obi_i/gen_no_trans_stable.obi_addr_q_reg[24]/D (SDFFARX1_RVT)
                                                   0.00      0.42 f
  data arrival time                                          0.42

  clock clk_i (rise edge)                          0.00      0.00
  clock network delay (propagated)                 0.31      0.31
  u_core/core_i/if_stage_i/prefetch_buffer_i/instruction_obi_i/gen_no_trans_stable.obi_addr_q_reg[24]/CLK (SDFFARX1_RVT)
                                                   0.00      0.31 r
  clock uncertainty                                0.10      0.41
  library hold time                               -0.04      0.37
  data required time                                         0.37
  ------------------------------------------------------------------------
  data required time                                         0.37
  data arrival time                                         -0.42
  ------------------------------------------------------------------------
  slack (MET)                                                0.05



  Startpoint: u_core/core_i/if_stage_i/prefetch_buffer_i/instruction_obi_i/state_q_reg (rising edge-triggered flip-flop clocked by clk_i)
  Endpoint: u_core/core_i/if_stage_i/prefetch_buffer_i/instruction_obi_i/gen_no_trans_stable.obi_addr_q_reg[22] (rising edge-triggered flip-flop clocked by clk_i)
  Mode: default
  Corner: default
  Scenario: default
  Path Group: clk_i
  Path Type: min

  Point                                            Incr      Path  
  ------------------------------------------------------------------------
  clock clk_i (rise edge)                          0.00      0.00
  clock network delay (propagated)                 0.16      0.16

  u_core/core_i/if_stage_i/prefetch_buffer_i/instruction_obi_i/state_q_reg/CLK (SDFFARX1_RVT)
                                                   0.00      0.16 r
  u_core/core_i/if_stage_i/prefetch_buffer_i/instruction_obi_i/state_q_reg/Q (SDFFARX1_RVT)
                                                   0.11      0.28 f
  u_core/core_i/U289/Y (NBUFFX4_HVT)               0.06      0.34 f
  u_core/core_i/U5607/Y (AO22X1_HVT)               0.08      0.42 f
  u_core/core_i/if_stage_i/prefetch_buffer_i/instruction_obi_i/gen_no_trans_stable.obi_addr_q_reg[22]/D (SDFFARX1_RVT)
                                                   0.00      0.42 f
  data arrival time                                          0.42

  clock clk_i (rise edge)                          0.00      0.00
  clock network delay (propagated)                 0.31      0.31
  u_core/core_i/if_stage_i/prefetch_buffer_i/instruction_obi_i/gen_no_trans_stable.obi_addr_q_reg[22]/CLK (SDFFARX1_RVT)
                                                   0.00      0.31 r
  clock uncertainty                                0.10      0.41
  library hold time                               -0.04      0.37
  data required time                                         0.37
  ------------------------------------------------------------------------
  data required time                                         0.37
  data arrival time                                         -0.42
  ------------------------------------------------------------------------
  slack (MET)                                                0.05



  Startpoint: u_core/core_i/if_stage_i/prefetch_buffer_i/instruction_obi_i/state_q_reg (rising edge-triggered flip-flop clocked by clk_i)
  Endpoint: u_core/core_i/if_stage_i/prefetch_buffer_i/instruction_obi_i/gen_no_trans_stable.obi_addr_q_reg[13] (rising edge-triggered flip-flop clocked by clk_i)
  Mode: default
  Corner: default
  Scenario: default
  Path Group: clk_i
  Path Type: min

  Point                                            Incr      Path  
  ------------------------------------------------------------------------
  clock clk_i (rise edge)                          0.00      0.00
  clock network delay (propagated)                 0.16      0.16

  u_core/core_i/if_stage_i/prefetch_buffer_i/instruction_obi_i/state_q_reg/CLK (SDFFARX1_RVT)
                                                   0.00      0.16 r
  u_core/core_i/if_stage_i/prefetch_buffer_i/instruction_obi_i/state_q_reg/Q (SDFFARX1_RVT)
                                                   0.11      0.28 f
  u_core/core_i/U289/Y (NBUFFX4_HVT)               0.06      0.34 f
  u_core/core_i/U5553/Y (AO22X1_HVT)               0.09      0.42 f
  u_core/core_i/if_stage_i/prefetch_buffer_i/instruction_obi_i/gen_no_trans_stable.obi_addr_q_reg[13]/D (SDFFARX1_RVT)
                                                   0.00      0.42 f
  data arrival time                                          0.42

  clock clk_i (rise edge)                          0.00      0.00
  clock network delay (propagated)                 0.31      0.31
  u_core/core_i/if_stage_i/prefetch_buffer_i/instruction_obi_i/gen_no_trans_stable.obi_addr_q_reg[13]/CLK (SDFFARX1_RVT)
                                                   0.00      0.31 r
  clock uncertainty                                0.10      0.41
  library hold time                               -0.04      0.37
  data required time                                         0.37
  ------------------------------------------------------------------------
  data required time                                         0.37
  data arrival time                                         -0.42
  ------------------------------------------------------------------------
  slack (MET)                                                0.05



  Startpoint: u_core/core_i/if_stage_i/prefetch_buffer_i/fifo_i/mem_q_reg[0][18] (rising edge-triggered flip-flop clocked by clk_i)
  Endpoint: u_core/core_i/if_stage_i/aligner_i/r_instr_h_reg[2] (rising edge-triggered flip-flop clocked by clk_i)
  Mode: default
  Corner: default
  Scenario: default
  Path Group: clk_i
  Path Type: min

  Point                                            Incr      Path  
  ------------------------------------------------------------------------
  clock clk_i (rise edge)                          0.00      0.00
  clock network delay (propagated)                 0.27      0.27

  u_core/core_i/if_stage_i/prefetch_buffer_i/fifo_i/mem_q_reg[0][18]/CLK (SDFFARX1_RVT)
                                                   0.00      0.27 r
  u_core/core_i/if_stage_i/prefetch_buffer_i/fifo_i/mem_q_reg[0][18]/Q (SDFFARX1_RVT)
                                                   0.11      0.38 f
  u_core/core_i/U4913/Y (AO222X1_HVT)              0.07      0.45 f
  u_core/core_i/if_stage_i/aligner_i/r_instr_h_reg[2]/D (SDFFARX1_RVT)
                                                   0.00      0.45 f
  data arrival time                                          0.45

  clock clk_i (rise edge)                          0.00      0.00
  clock network delay (propagated)                 0.33      0.33
  u_core/core_i/if_stage_i/aligner_i/r_instr_h_reg[2]/CLK (SDFFARX1_RVT)
                                                   0.00      0.33 r
  clock uncertainty                                0.10      0.43
  library hold time                               -0.04      0.39
  data required time                                         0.39
  ------------------------------------------------------------------------
  data required time                                         0.39
  data arrival time                                         -0.45
  ------------------------------------------------------------------------
  slack (MET)                                                0.06



  Startpoint: u_core/core_i/ex_stage_i/alu_i/alu_div_i/Cnt_DP_reg[0] (rising edge-triggered flip-flop clocked by clk_i)
  Endpoint: u_core/core_i/ex_stage_i/alu_i/alu_div_i/Cnt_DP_reg[1] (rising edge-triggered flip-flop clocked by clk_i)
  Mode: default
  Corner: default
  Scenario: default
  Path Group: clk_i
  Path Type: min

  Point                                            Incr      Path  
  ------------------------------------------------------------------------
  clock clk_i (rise edge)                          0.00      0.00
  clock network delay (propagated)                 0.16      0.16

  u_core/core_i/ex_stage_i/alu_i/alu_div_i/Cnt_DP_reg[0]/CLK (SDFFARX1_RVT)
                                                   0.00      0.16 r
  u_core/core_i/ex_stage_i/alu_i/alu_div_i/Cnt_DP_reg[0]/Q (SDFFARX1_RVT)
                                                   0.12      0.28 f
  u_core/core_i/U5066/Y (AO21X1_HVT)               0.07      0.35 f
  u_core/core_i/U5067/Y (AO22X1_HVT)               0.05      0.40 f
  u_core/core_i/ex_stage_i/alu_i/alu_div_i/Cnt_DP_reg[1]/D (SDFFARX1_RVT)
                                                   0.00      0.40 f
  data arrival time                                          0.40

  clock clk_i (rise edge)                          0.00      0.00
  clock network delay (propagated)                 0.28      0.28
  u_core/core_i/ex_stage_i/alu_i/alu_div_i/Cnt_DP_reg[1]/CLK (SDFFARX1_RVT)
                                                   0.00      0.28 r
  clock uncertainty                                0.10      0.38
  library hold time                               -0.04      0.34
  data required time                                         0.34
  ------------------------------------------------------------------------
  data required time                                         0.34
  data arrival time                                         -0.40
  ------------------------------------------------------------------------
  slack (MET)                                                0.06



  Startpoint: u_core/core_i/if_stage_i/prefetch_buffer_i/fifo_i/mem_q_reg[0][31] (rising edge-triggered flip-flop clocked by clk_i)
  Endpoint: u_core/core_i/if_stage_i/aligner_i/r_instr_h_reg[15] (rising edge-triggered flip-flop clocked by clk_i)
  Mode: default
  Corner: default
  Scenario: default
  Path Group: clk_i
  Path Type: min

  Point                                            Incr      Path  
  ------------------------------------------------------------------------
  clock clk_i (rise edge)                          0.00      0.00
  clock network delay (propagated)                 0.27      0.27

  u_core/core_i/if_stage_i/prefetch_buffer_i/fifo_i/mem_q_reg[0][31]/CLK (SDFFARX1_RVT)
                                                   0.00      0.27 r
  u_core/core_i/if_stage_i/prefetch_buffer_i/fifo_i/mem_q_reg[0][31]/Q (SDFFARX1_RVT)
                                                   0.11      0.37 f
  u_core/core_i/U4846/Y (AO222X1_HVT)              0.07      0.45 f
  u_core/core_i/if_stage_i/aligner_i/r_instr_h_reg[15]/D (SDFFARX1_RVT)
                                                   0.00      0.45 f
  data arrival time                                          0.45

  clock clk_i (rise edge)                          0.00      0.00
  clock network delay (propagated)                 0.33      0.33
  u_core/core_i/if_stage_i/aligner_i/r_instr_h_reg[15]/CLK (SDFFARX1_RVT)
                                                   0.00      0.33 r
  clock uncertainty                                0.10      0.43
  library hold time                               -0.04      0.39
  data required time                                         0.39
  ------------------------------------------------------------------------
  data required time                                         0.39
  data arrival time                                         -0.45
  ------------------------------------------------------------------------
  slack (MET)                                                0.06


1
