SDFFARX1_RVT | u_core/core_i/id_stage_i/register_file_i/mem_reg[30][17] | Q | Blocked  Q(M2) 1: {80.3440 206.6560}
SDFFARX1_RVT | u_core/core_i/id_stage_i/register_file_i/mem_reg[30][31] | CLK | Blocked  CLK(M2) 2: {79.5840 184.0080} {79.5840 184.0180}
SDFFARX1_RVT | u_core/core_i/id_stage_i/register_file_i/mem_reg[26][13] | SE | Blocked  SE(M2) 3: {59.6720 132.6320} {59.6720 132.6655} {59.6720 132.6487}
SDFFARX1_RVT | u_core/core_i/id_stage_i/register_file_i/mem_reg[26][30] | QN | Blocked  QN(M2) 1: {59.6720 129.8960}
SDFFARX1_RVT | u_core/core_i/id_stage_i/register_file_i/mem_reg[25][11] | Q | Blocked  Q(M2) 1: {159.6880 44.0160}
SDFFARX1_RVT | u_core/core_i/id_stage_i/register_file_i/mem_reg[25][14] | SE | Blocked  SE(M2) 3: {159.6880 41.0945} {159.6880 41.1280} {159.6880 41.1112}
SDFFARX1_RVT | u_core/core_i/id_stage_i/register_file_i/mem_reg[25][29] | SE | Blocked  SE(M2) 3: {159.6880 27.7185} {159.6880 27.7520} {159.6880 27.7352}
SDFFARX1_RVT | u_core/core_i/id_stage_i/register_file_i/mem_reg[23][27] | RSTB | Blocked  RSTB(M2) 3: {60.4320 28.2080} {60.4320 28.2125} {60.4320 28.2102}
SDFFARX1_RVT | u_core/core_i/id_stage_i/register_file_i/mem_reg[23][29] | CLK | Blocked  CLK(M2) 2: {79.5840 33.5280} {79.5840 33.5380}
SDFFARX1_RVT | u_core/core_i/id_stage_i/register_file_i/mem_reg[23][30] | Q | Blocked  Q(M2) 1: {80.3440 20.6080}
SDFFARX1_RVT | u_core/core_i/id_stage_i/register_file_i/mem_reg[22][3] | CLK | Blocked  CLK(M2) 3: {159.6880 46.5800} {159.6880 46.6000} {159.6880 46.5900}
SDFFARX1_RVT | u_core/core_i/id_stage_i/register_file_i/mem_reg[19][14] | Q | Blocked  Q(M2) 1: {160.2960 23.9520}
SDFFARX1_RVT | u_core/core_i/id_stage_i/register_file_i/mem_reg[18][6] | RSTB | Blocked  RSTB(M2) 3: {160.2960 34.8960} {160.2960 34.9005} {160.2960 34.8982}
SDFFARX1_RVT | u_core/core_i/id_stage_i/register_file_i/mem_reg[17][17] | RSTB | Blocked  RSTB(M2) 3: {100.4080 38.2400} {100.4080 38.2445} {100.4080 38.2422}
SDFFARX1_RVT | u_core/core_i/id_stage_i/register_file_i/mem_reg[15][16] | Q | Blocked  Q(M2) 1: {59.6720 110.8960}
SDFFARX1_RVT | u_core/core_i/id_stage_i/register_file_i/mem_reg[15][20] | CLK | Blocked  CLK(M2) 3: {80.3440 93.7200} {80.3440 93.7400} {80.3440 93.7300}
SDFFARX1_RVT | u_core/core_i/id_stage_i/register_file_i/mem_reg[14][2] | Q | Blocked  Q(M2) 1: {59.6720 166.5280}
SDFFARX1_RVT | u_core/core_i/id_stage_i/register_file_i/mem_reg[14][5] | Q | Blocked  Q(M2) 1: {59.6720 177.7760}
SDFFARX1_RVT | u_core/core_i/id_stage_i/register_file_i/mem_reg[14][6] | SE | Blocked  SE(M2) 3: {59.6720 164.8225} {59.6720 164.8560} {59.6720 164.8392}
SDFFARX1_RVT | u_core/core_i/id_stage_i/register_file_i/mem_reg[14][17] | RSTB | Blocked  RSTB(M2) 3: {59.6720 158.9235} {59.6720 158.9280} {59.6720 158.9257}
SDFFARX1_RVT | u_core/core_i/id_stage_i/register_file_i/mem_reg[14][23] | SE | Blocked  SE(M2) 3: {59.6720 156.0400} {59.6720 156.0735} {59.6720 156.0567}
SDFFARX1_RVT | u_core/core_i/id_stage_i/register_file_i/mem_reg[14][24] | Q | Blocked  Q(M2) 1: {59.6720 179.9040}
SDFFARX1_RVT | u_core/core_i/id_stage_i/register_file_i/mem_reg[14][31] | Q | Blocked  Q(M2) 1: {59.6720 169.8720}
SDFFARX1_RVT | u_core/core_i/id_stage_i/register_file_i/mem_reg[13][1] | Q | Blocked  Q(M2) 1: {120.3200 186.5920}
SDFFARX1_RVT | u_core/core_i/id_stage_i/register_file_i/mem_reg[13][3] | Q | Blocked  Q(M2) 1: {120.3200 174.4320}
SDFFARX1_RVT | u_core/core_i/id_stage_i/register_file_i/mem_reg[13][4] | Q | Blocked  Q(M2) 1: {120.3200 171.0880}
SDFFARX1_RVT | u_core/core_i/id_stage_i/register_file_i/mem_reg[13][7] | CLK | Blocked  CLK(M2) 3: {119.7120 160.6000} {119.7120 160.6200} {119.7120 160.6100}
SDFFARX1_RVT | u_core/core_i/id_stage_i/register_file_i/mem_reg[13][21] | SE | Blocked  SE(M2) 3: {120.3200 166.0720} {120.3200 166.1055} {120.3200 166.0887}
SDFFARX1_RVT | u_core/core_i/id_stage_i/register_file_i/mem_reg[13][29] | Q | Blocked  Q(M2) 1: {120.3200 176.5600}
SDFFARX1_RVT | u_core/core_i/id_stage_i/register_file_i/mem_reg[12][0] | RSTB | Blocked  RSTB(M2) 3: {159.6880 58.3040} {159.6880 58.3085} {159.6880 58.3062}
SDFFARX1_RVT | u_core/core_i/id_stage_i/register_file_i/mem_reg[12][7] | RSTB | Blocked  RSTB(M2) 3: {159.6880 54.9600} {159.6880 54.9645} {159.6880 54.9622}
SDFFARX1_RVT | u_core/core_i/id_stage_i/register_file_i/mem_reg[12][9] | RSTB | Blocked  RSTB(M2) 3: {160.2960 51.6160} {160.2960 51.6205} {160.2960 51.6182}
SDFFARX1_RVT | u_core/core_i/id_stage_i/register_file_i/mem_reg[12][12] | QN | Blocked  QN(M2) 1: {159.6880 63.0160}
SDFFARX1_RVT | u_core/core_i/id_stage_i/register_file_i/mem_reg[12][23] | Q | Blocked  Q(M2) 1: {119.7120 44.0160}
SDFFARX1_RVT | u_core/core_i/id_stage_i/register_file_i/mem_reg[11][30] | Q | Blocked  Q(M2) 1: {119.7120 57.3920}
SDFFARX1_RVT | u_core/core_i/id_stage_i/register_file_i/mem_reg[10][10] | Q | Blocked  Q(M2) 1: {119.7120 193.2800}
SDFFARX1_RVT | u_core/core_i/id_stage_i/register_file_i/mem_reg[10][14] | SE | Blocked  SE(M2) 3: {120.3200 181.5425} {120.3200 181.5760} {120.3200 181.5592}
SDFFARX1_RVT | u_core/core_i/id_stage_i/register_file_i/mem_reg[9][23] | SE | Blocked  SE(M2) 3: {119.7120 69.0960} {119.7120 69.1295} {119.7120 69.1127}
SDFFARX1_RVT | u_core/core_i/id_stage_i/register_file_i/mem_reg[9][24] | RSTB | Blocked  RSTB(M2) 3: {80.3440 81.7120} {80.3440 81.7165} {80.3440 81.7142}
SDFFARX1_RVT | u_core/core_i/id_stage_i/register_file_i/mem_reg[8][0] | RSTB | Blocked  RSTB(M2) 3: {139.6240 65.2915} {139.6240 65.2960} {139.6240 65.2937}
SDFFARX1_RVT | u_core/core_i/id_stage_i/register_file_i/mem_reg[7][10] | Q | Blocked  Q(M2) 1: {80.3440 157.7120}
SDFFARX1_RVT | u_core/core_i/id_stage_i/register_file_i/mem_reg[7][12] | CLK | Blocked  CLK(M2) 2: {79.5840 137.1920} {79.5840 137.2020}
SDFFARX1_RVT | u_core/core_i/id_stage_i/register_file_i/mem_reg[7][18] | RSTB | Blocked  RSTB(M2) 3: {80.3440 165.6115} {80.3440 165.6160} {80.3440 165.6137}
SDFFARX1_RVT | u_core/core_i/id_stage_i/register_file_i/mem_reg[5][24] | CLK | Blocked  CLK(M2) 3: {80.3440 110.4400} {80.3440 110.4600} {80.3440 110.4500}
SDFFARX1_RVT | u_core/core_i/id_stage_i/register_file_i/mem_reg[4][14] | SE | Blocked  SE(M2) 3: {59.6720 79.1280} {59.6720 79.1615} {59.6720 79.1447}
SDFFARX1_RVT | u_core/core_i/id_stage_i/register_file_i/mem_reg[4][19] | CLK | Blocked  CLK(M2) 2: {39.6080 97.0640} {39.6080 97.0740}
SDFFARX1_RVT | u_core/core_i/id_stage_i/register_file_i/mem_reg[4][28] | Q | Blocked  Q(M2) 1: {59.6720 72.8960}
SDFFARX1_RVT | u_core/core_i/id_stage_i/register_file_i/mem_reg[2][11] | CLK | Blocked  CLK(M2) 2: {39.6080 187.3520} {39.6080 187.3620}
SDFFARX1_RVT | u_core/core_i/id_stage_i/register_file_i/mem_reg[1][16] | RSTB | Blocked  RSTB(M2) 3: {59.6720 215.4720} {59.6720 215.4765} {59.6720 215.4742}
SDFFARX1_RVT | u_core/core_i/id_stage_i/register_file_i/mem_reg[1][21] | Q | Blocked  Q(M2) 1: {59.6720 211.2160}
SDFFARX1_RVT | u_core/core_i/id_stage_i/register_file_i/mem_reg[1][28] | SE | Blocked  SE(M2) 3: {59.6720 186.1360} {59.6720 186.1695} {59.6720 186.1527}
SDFFARX1_RVT | u_core/core_i/id_stage_i/mhpmevent_store_o_reg | RSTB | Blocked  RSTB(M2) 3: {220.3360 168.9555} {220.3360 168.9600} {220.3360 168.9577}
SDFFARX1_RVT | u_core/core_i/id_stage_i/mult_operand_b_ex_o_reg[7] | RSTB | Blocked  RSTB(M2) 3: {179.6000 188.7200} {179.6000 188.7245} {179.6000 188.7222}
SDFFARX1_RVT | u_core/core_i/id_stage_i/mult_operand_b_ex_o_reg[6] | RSTB | Blocked  RSTB(M2) 3: {180.3600 185.3760} {180.3600 185.3805} {180.3600 185.3782}
SDFFARX1_RVT | u_core/core_i/id_stage_i/mult_operand_a_ex_o_reg[15] | Q | Blocked  Q(M2) 1: {160.2960 186.5920}
SDFFARX1_RVT | u_core/core_i/id_stage_i/regfile_alu_waddr_ex_o_reg[0] | CLK | Blocked  CLK(M2) 3: {199.6640 100.4080} {199.6640 100.4280} {199.6640 100.4180}
SDFFARX1_RVT | u_core/core_i/id_stage_i/mult_operand_b_ex_o_reg[25] | Q | Blocked  Q(M2) 1: {80.3440 226.7200}
SDFFARX1_RVT | u_core/core_i/id_stage_i/regfile_alu_waddr_ex_o_reg[3] | Q | Blocked  Q(M2) 1: {199.6640 96.3040}
SDFFARX1_RVT | u_core/core_i/id_stage_i/mult_operand_c_ex_o_reg[18] | Q | Blocked  Q(M2) 1: {59.6720 231.2800}
SDFFARX1_RVT | u_core/core_i/id_stage_i/alu_operand_c_ex_o_reg[17] | CLK | Blocked  CLK(M2) 3: {59.6720 244.2000} {59.6720 244.2200} {59.6720 244.2100}
SDFFARX1_RVT | u_core/core_i/id_stage_i/alu_operand_c_ex_o_reg[7] | Q | Blocked  Q(M2) 1: {59.6720 256.8160}
SDFFARX1_RVT | u_core/core_i/id_stage_i/mult_operand_c_ex_o_reg[25] | Q | Blocked  Q(M2) 1: {59.6720 223.3760}
SDFFARX1_RVT | u_core/core_i/id_stage_i/mult_operand_c_ex_o_reg[1] | CLK | Blocked  CLK(M2) 3: {59.6720 237.1880} {59.6720 237.2080} {59.6720 237.1980}
SDFFARX1_RVT | u_core/core_i/id_stage_i/register_file_i/mem_reg[7][0] | SE | Blocked  SE(M2) 3: {80.3440 161.4785} {80.3440 161.5120} {80.3440 161.4952}
SDFFARX1_RVT | u_core/core_i/id_stage_i/register_file_i/mem_reg[7][20] | RSTB | Blocked  RSTB(M2) 3: {80.3440 148.8915} {80.3440 148.8960} {80.3440 148.8937}
SDFFARX1_RVT | u_core/core_i/id_stage_i/alu_operand_b_ex_o_reg[4] | SE | Blocked  SE(M2) 3: {59.6720 269.7360} {59.6720 269.7695} {59.6720 269.7527}
SDFFARX1_RVT | u_core/core_i/id_stage_i/alu_operand_b_ex_o_reg[9] | SE | Blocked  SE(M2) 3: {59.6720 283.1120} {59.6720 283.1455} {59.6720 283.1287}
SDFFARX1_RVT | u_core/core_i/id_stage_i/alu_operand_c_ex_o_reg[20] | CLK | Blocked  CLK(M2) 3: {59.6720 250.8880} {59.6720 250.9080} {59.6720 250.8980}
SDFFARX1_RVT | u_core/core_i/id_stage_i/alu_operand_c_ex_o_reg[6] | RSTB | Blocked  RSTB(M2) 3: {60.4320 262.2880} {60.4320 262.2925} {60.4320 262.2902}
SDFFARX1_RVT | u_core/core_i/id_stage_i/mult_operator_ex_o_reg[2] | SE | Blocked  SE(M2) 3: {199.6640 181.5425} {199.6640 181.5760} {199.6640 181.5592}
SDFFARX1_RVT | u_core/core_i/cs_registers_i/mstatus_q_reg[mpie] | RSTB | Blocked  RSTB(M2) 3: {199.6640 85.0560} {199.6640 85.0605} {199.6640 85.0582}
SDFFARX1_RVT | u_core/core_i/cs_registers_i/depc_q_reg[20] | CLK | Blocked  CLK(M2) 3: {259.7040 73.3320} {259.7040 73.3520} {259.7040 73.3420}
SDFFARX1_RVT | u_core/core_i/cs_registers_i/depc_q_reg[19] | RSTB | Blocked  RSTB(M2) 3: {260.4640 64.9920} {260.4640 64.9965} {260.4640 64.9942}
SDFFARX1_RVT | u_core/core_i/cs_registers_i/depc_q_reg[18] | SI | Blocked  SI(M2) 3: {259.7040 67.1200} {259.7040 67.1575} {259.7040 67.1387}
SDFFARX1_RVT | u_core/core_i/cs_registers_i/depc_q_reg[18] | CLK | Blocked  CLK(M2) 3: {260.3120 66.9680} {260.3120 66.9880} {260.3120 66.9780}
SDFFARX1_RVT | u_core/core_i/cs_registers_i/dscratch0_q_reg[25] | RSTB | Blocked  RSTB(M2) 3: {259.7040 95.0880} {259.7040 95.0925} {259.7040 95.0902}
SDFFARX1_RVT | u_core/core_i/cs_registers_i/dscratch0_q_reg[22] | RSTB | Blocked  RSTB(M2) 3: {259.5520 121.8400} {259.5520 121.8445} {259.5520 121.8422}
SDFFARX1_RVT | u_core/core_i/cs_registers_i/dscratch0_q_reg[21] | RSTB | Blocked  RSTB(M2) 3: {259.5520 98.7315} {259.5520 98.7360} {259.5520 98.7337}
SDFFARX1_RVT | u_core/core_i/cs_registers_i/dscratch0_q_reg[19] | CLK | Blocked  CLK(M2) 3: {259.7040 107.0960} {259.7040 107.1160} {259.7040 107.1060}
SDFFARX1_RVT | u_core/core_i/cs_registers_i/dscratch0_q_reg[18] | CLK | Blocked  CLK(M2) 3: {259.7040 103.4280} {259.7040 103.4480} {259.7040 103.4380}
SDFFARX1_RVT | u_core/core_i/cs_registers_i/dscratch0_q_reg[16] | CLK | Blocked  CLK(M2) 3: {259.7040 113.4600} {259.7040 113.4800} {259.7040 113.4700}
SDFFARX1_RVT | u_core/core_i/cs_registers_i/dscratch0_q_reg[12] | RSTB | Blocked  RSTB(M2) 3: {260.3120 98.4320} {260.3120 98.4365} {260.3120 98.4342}
SDFFARX1_RVT | u_core/core_i/cs_registers_i/dscratch0_q_reg[9] | RSTB | Blocked  RSTB(M2) 3: {260.3120 88.6995} {260.3120 88.7040} {260.3120 88.7017}
SDFFARX1_RVT | u_core/core_i/cs_registers_i/dscratch0_q_reg[7] | RSTB | Blocked  RSTB(M2) 3: {260.4640 105.1200} {260.4640 105.1245} {260.4640 105.1222}
SDFFARX1_RVT | u_core/core_i/cs_registers_i/dscratch1_q_reg[0] | Q | Blocked  Q(M2) 1: {259.7040 126.4000}
SDFFARX1_RVT | u_core/core_i/cs_registers_i/mie_q_reg[20] | SE | Blocked  SE(M2) 3: {220.3360 151.4465} {220.3360 151.4800} {220.3360 151.4632}
SDFFARX1_RVT | u_core/core_i/cs_registers_i/mie_q_reg[3] | Q | Blocked  Q(M2) 1: {220.3360 149.8080}
SDFFARX1_RVT | u_core/core_i/cs_registers_i/mtvec_q_reg[13] | CLK | Blocked  CLK(M2) 3: {199.6640 33.2040} {199.6640 33.2240} {199.6640 33.2140}
SDFFARX1_RVT | u_core/core_i/cs_registers_i/mtvec_q_reg[10] | Q | Blocked  Q(M2) 1: {220.3360 36.1120}
SDFFARX1_RVT | u_core/core_i/cs_registers_i/mtvec_q_reg[5] | RSTB | Blocked  RSTB(M2) 3: {199.6640 21.8195} {199.6640 21.8240} {199.6640 21.8217}
SDFFARX1_RVT | u_core/core_i/cs_registers_i/mtvec_q_reg[2] | CLK | Blocked  CLK(M2) 3: {220.3360 23.1720} {220.3360 23.1920} {220.3360 23.1820}
SDFFARX1_RVT | u_core/core_i/cs_registers_i/gen_trigger_regs.tmatch_value_q_reg[9] | RSTB | Blocked  RSTB(M2) 3: {220.3360 135.2160} {220.3360 135.2205} {220.3360 135.2182}
SDFFARX1_RVT | u_core/core_i/cs_registers_i/gen_trigger_regs.tmatch_value_q_reg[8] | RSTB | Blocked  RSTB(M2) 3: {220.3360 135.5155} {220.3360 135.5200} {220.3360 135.5177}
SDFFARX1_RVT | u_core/core_i/cs_registers_i/mhpmcounter_q_reg[0][35] | SI | Blocked  SI(M2) 3: {259.7040 136.6985} {259.7040 136.7360} {259.7040 136.7172}
SDFFARX1_RVT | u_core/core_i/cs_registers_i/mhpmcounter_q_reg[0][35] | CLK | Blocked  CLK(M2) 3: {260.3120 136.8680} {260.3120 136.8880} {260.3120 136.8780}
SDFFARX1_RVT | u_core/core_i/cs_registers_i/mhpmcounter_q_reg[0][39] | QN | Blocked  QN(M2) 1: {259.7040 147.5280}
SDFFARX1_RVT | u_core/core_i/cs_registers_i/mhpmcounter_q_reg[0][40] | SE | Blocked  SE(M2) 3: {259.7040 144.7585} {259.7040 144.7920} {259.7040 144.7752}
SDFFARX1_RVT | u_core/core_i/cs_registers_i/mhpmcounter_q_reg[0][41] | RSTB | Blocked  RSTB(M2) 3: {259.7040 148.8915} {259.7040 148.8960} {259.7040 148.8937}
SDFFARX1_RVT | u_core/core_i/cs_registers_i/mhpmcounter_q_reg[0][54] | CLK | Blocked  CLK(M2) 3: {299.6800 113.7840} {299.6800 113.8040} {299.6800 113.7940}
SDFFARX1_RVT | u_core/core_i/cs_registers_i/mhpmcounter_q_reg[0][4] | SE | Blocked  SE(M2) 3: {259.7040 186.1360} {259.7040 186.1695} {259.7040 186.1527}
SDFFARX1_RVT | u_core/core_i/cs_registers_i/mhpmcounter_q_reg[0][18] | SI | Blocked  SI(M2) 3: {299.6800 157.4080} {299.6800 157.4455} {299.6800 157.4267}
SDFFARX1_RVT | u_core/core_i/cs_registers_i/mhpmcounter_q_reg[0][18] | CLK | Blocked  CLK(M2) 3: {300.2880 157.2560} {300.2880 157.2760} {300.2880 157.2660}
SDFFARX1_RVT | u_core/core_i/cs_registers_i/mhpmcounter_q_reg[0][22] | Q | Blocked  Q(M2) 1: {299.6800 164.4000}
SDFFARX1_RVT | u_core/core_i/cs_registers_i/mhpmcounter_q_reg[2][34] | SE | Blocked  SE(M2) 3: {260.3120 161.4785} {260.3120 161.5120} {260.3120 161.4952}
SDFFARX1_RVT | u_core/core_i/cs_registers_i/mhpmcounter_q_reg[2][36] | SE | Blocked  SE(M2) 3: {259.7040 158.1345} {259.7040 158.1680} {259.7040 158.1512}
SDFFARX1_RVT | u_core/core_i/cs_registers_i/mhpmcounter_q_reg[2][41] | RSTB | Blocked  RSTB(M2) 3: {259.7040 168.6560} {259.7040 168.6605} {259.7040 168.6582}
SDFFARX1_RVT | u_core/core_i/cs_registers_i/mhpmcounter_q_reg[2][52] | SE | Blocked  SE(M2) 3: {299.6800 149.3520} {299.6800 149.3855} {299.6800 149.3687}
SDFFARX1_RVT | u_core/core_i/cs_registers_i/mhpmcounter_q_reg[2][53] | RSTB | Blocked  RSTB(M2) 3: {300.4400 138.8595} {300.4400 138.8640} {300.4400 138.8617}
SDFFARX1_RVT | u_core/core_i/cs_registers_i/mhpmcounter_q_reg[2][55] | SI | Blocked  SI(M2) 3: {299.6800 134.0000} {299.6800 134.0375} {299.6800 134.0187}
SDFFARX1_RVT | u_core/core_i/cs_registers_i/mhpmcounter_q_reg[2][55] | CLK | Blocked  CLK(M2) 3: {300.2880 133.8480} {300.2880 133.8680} {300.2880 133.8580}
SDFFARX1_RVT | u_core/core_i/cs_registers_i/mhpmcounter_q_reg[2][19] | SI | Blocked  SI(M2) 3: {299.6800 190.2025} {299.6800 190.2400} {299.6800 190.2212}
SDFFARX1_RVT | u_core/core_i/cs_registers_i/mhpmcounter_q_reg[2][19] | CLK | Blocked  CLK(M2) 3: {300.2880 190.3720} {300.2880 190.3920} {300.2880 190.3820}
SDFFARX1_RVT | u_core/core_i/cs_registers_i/mhpmcounter_q_reg[2][25] | Q | Blocked  Q(M2) 1: {300.2880 183.2480}
SDFFARX1_RVT | u_core/core_i/cs_registers_i/mhpmcounter_q_reg[3][57] | RSTB | Blocked  RSTB(M2) 3: {300.2880 121.8400} {300.2880 121.8445} {300.2880 121.8422}
SDFFARX1_RVT | u_core/core_i/cs_registers_i/mhpmcounter_q_reg[3][59] | CLK | Blocked  CLK(M2) 2: {279.6160 123.8160} {279.6160 123.8260}
SDFFARX1_RVT | u_core/core_i/cs_registers_i/mhpmcounter_q_reg[3][4] | Q | Blocked  Q(M2) 1: {259.7040 216.6880}
SDFFARX1_RVT | u_core/core_i/cs_registers_i/mhpmcounter_q_reg[3][10] | Q | Blocked  Q(M2) 1: {259.7040 211.2160}
SDFFARX1_RVT | u_core/core_i/cs_registers_i/mhpmcounter_q_reg[3][11] | SE | Blocked  SE(M2) 3: {260.3120 214.9825} {260.3120 215.0160} {260.3120 214.9992}
SDFFARX1_RVT | u_core/core_i/cs_registers_i/mhpmcounter_q_reg[3][24] | SE | Blocked  SE(M2) 3: {299.6800 198.2625} {299.6800 198.2960} {299.6800 198.2792}
SDFFARX1_RVT | u_core/core_i/cs_registers_i/mstatus_q_reg[mie] | RSTB | Blocked  RSTB(M2) 3: {199.6640 88.4000} {199.6640 88.4045} {199.6640 88.4022}
SDFFARX1_RVT | u_core/core_i/cs_registers_i/depc_q_reg[17] | RSTB | Blocked  RSTB(M2) 3: {259.5520 68.6355} {259.5520 68.6400} {259.5520 68.6377}
SDFFARX1_RVT | u_core/core_i/cs_registers_i/mie_q_reg[22] | CLK | Blocked  CLK(M2) 3: {220.3360 153.5880} {220.3360 153.6080} {220.3360 153.5980}
MUX41X1_HVT | u_core/core_i/U1543 | S1 | Blocked  S1(M2) 3: {219.5760 296.0320} {219.5760 296.0335} {219.5760 296.0327}
MUX41X1_HVT | u_core/core_i/U1672 | S0 | Blocked  S0(M2) 3: {239.6400 273.9845} {239.6400 273.9920} {239.6400 273.9882}
MUX41X1_HVT | u_core/core_i/U1673 | S1 | Blocked  S1(M2) 3: {219.5760 292.6880} {219.5760 292.6895} {219.5760 292.6887}
MUX41X1_HVT | u_core/core_i/U1676 | S1 | Blocked  S1(M2) 3: {220.3360 289.0385} {220.3360 289.0400} {220.3360 289.0392}
MUX41X1_HVT | u_core/core_i/U1761 | A1 | Blocked  A1(M2) 1: {219.5760 292.3840}
MUX41X1_HVT | u_core/core_i/U1761 | S0 | Blocked  S0(M2) 3: {220.3360 291.0160} {220.3360 291.0235} {220.3360 291.0197}
MUX41X1_HVT | u_core/core_i/U1787 | S0 | Blocked  S0(M2) 3: {239.6400 300.7365} {239.6400 300.7440} {239.6400 300.7402}
MUX41X1_HVT | u_core/core_i/U2146 | S0 | Blocked  S0(M2) 3: {239.6400 304.3920} {239.6400 304.3995} {239.6400 304.3957}
MUX41X1_HVT | u_core/core_i/U5421 | S0 | Blocked  S0(M2) 3: {39.6080 280.6725} {39.6080 280.6800} {39.6080 280.6762}
MUX41X1_HVT | u_core/core_i/U5423 | S0 | Blocked  S0(M2) 3: {39.6080 277.6400} {39.6080 277.6475} {39.6080 277.6437}
SDFFARX1_RVT | u_core/core_i/ex_stage_i/alu_i/alu_div_i/BReg_DP_reg[23] | RSTB | Blocked  RSTB(M2) 3: {259.5520 279.3075} {259.5520 279.3120} {259.5520 279.3097}
SDFFARX1_RVT | u_core/core_i/ex_stage_i/alu_i/alu_div_i/AReg_DP_reg[24] | SI | Blocked  SI(M2) 3: {259.7040 253.7385} {259.7040 253.7760} {259.7040 253.7572}
SDFFARX1_RVT | u_core/core_i/ex_stage_i/alu_i/alu_div_i/AReg_DP_reg[24] | CLK | Blocked  CLK(M2) 3: {260.3120 253.9080} {260.3120 253.9280} {260.3120 253.9180}
SDFFARX1_RVT | u_core/core_i/if_stage_i/aligner_i/state_reg[0] | SE | Blocked  SE(M2) 3: {300.2880 232.9520} {300.2880 232.9855} {300.2880 232.9687}
SDFFARX1_RVT | u_core/core_i/if_stage_i/prefetch_buffer_i/fifo_i/status_cnt_q_reg[0] | RSTB | Blocked  RSTB(M2) 3: {299.5280 101.7760} {299.5280 101.7805} {299.5280 101.7782}
SDFFARX1_RVT | u_core/core_i/if_stage_i/prefetch_buffer_i/prefetch_controller_i/cnt_q_reg[0] | QN | Blocked  QN(M2) 1: {299.6800 87.3360}
SDFFARX1_RVT | u_core/core_i/if_stage_i/prefetch_buffer_i/prefetch_controller_i/cnt_q_reg[1] | RSTB | Blocked  RSTB(M2) 3: {299.5280 91.7440} {299.5280 91.7485} {299.5280 91.7462}
SDFFARX1_RVT | u_core/core_i/if_stage_i/prefetch_buffer_i/fifo_i/mem_q_reg[1][22] | RSTB | Blocked  RSTB(M2) 3: {299.5280 302.4160} {299.5280 302.4205} {299.5280 302.4182}
SDFFARX1_RVT | u_core/core_i/if_stage_i/prefetch_buffer_i/fifo_i/mem_q_reg[1][26] | Q | Blocked  Q(M2) 1: {299.6800 290.2560}
SDFFARX1_RVT | u_core/core_i/if_stage_i/prefetch_buffer_i/fifo_i/mem_q_reg[0][6] | Q | Blocked  Q(M2) 1: {259.7040 290.2560}
SDFFARX1_RVT | u_core/core_i/if_stage_i/prefetch_buffer_i/fifo_i/mem_q_reg[0][12] | SE | Blocked  SE(M2) 3: {260.3120 291.8945} {260.3120 291.9280} {260.3120 291.9112}
SDFFARX1_RVT | u_core/core_i/if_stage_i/prefetch_buffer_i/fifo_i/mem_q_reg[0][28] | Q | Blocked  Q(M2) 1: {299.6800 284.7840}
SDFFARX1_RVT | u_core/core_i/if_stage_i/aligner_i/state_reg[1] | Q | Blocked  Q(M2) 1: {300.2880 224.5920}
SDFFARX1_RVT | u_core/core_i/if_stage_i/aligner_i/r_instr_h_reg[11] | RSTB | Blocked  RSTB(M2) 3: {300.4400 262.5875} {300.4400 262.5920} {300.4400 262.5897}
SDFFARX1_RVT | u_core/core_i/if_stage_i/aligner_i/r_instr_h_reg[12] | Q | Blocked  Q(M2) 1: {300.2880 270.1920}
SDFFARX1_RVT | u_core/core_i/if_stage_i/aligner_i/r_instr_h_reg[0] | SE | Blocked  SE(M2) 3: {300.2880 238.3905} {300.2880 238.4240} {300.2880 238.4072}
SDFFARX1_RVT | u_core/core_i/if_stage_i/aligner_i/r_instr_h_reg[1] | SE | Blocked  SE(M2) 3: {300.2880 242.9840} {300.2880 243.0175} {300.2880 243.0007}
SDFFARX1_RVT | u_core/core_i/if_stage_i/instr_rdata_id_o_reg[1] | Q | Blocked  Q(M2) 1: {300.2880 234.6240}
SDFFARX1_RVT | u_core/core_i/if_stage_i/instr_rdata_id_o_reg[0] | QN | Blocked  QN(M2) 1: {299.6800 233.5600}
SDFFARX1_RVT | u_core/core_i/if_stage_i/aligner_i/pc_q_reg[14] | SE | Blocked  SE(M2) 3: {259.7040 24.3745} {259.7040 24.4080} {259.7040 24.3912}
SDFFARX1_RVT | u_core/core_i/if_stage_i/instr_valid_id_o_reg | RSTB | Blocked  RSTB(M2) 3: {199.6640 71.6800} {199.6640 71.6845} {199.6640 71.6822}
SDFFARX1_RVT | u_core/core_i/if_stage_i/pc_id_o_reg[14] | SE | Blocked  SE(M2) 3: {260.3120 37.7505} {260.3120 37.7840} {260.3120 37.7672}
SDFFARX1_RVT | u_core/core_i/if_stage_i/pc_id_o_reg[15] | RSTB | Blocked  RSTB(M2) 3: {259.7040 45.2275} {259.7040 45.2320} {259.7040 45.2297}
SDFFARX1_RVT | u_core/core_i/if_stage_i/prefetch_buffer_i/instruction_obi_i/gen_no_trans_stable.obi_addr_q_reg[2] | SE | Blocked  SE(M2) 3: {300.2880 218.3265} {300.2880 218.3600} {300.2880 218.3432}
SDFFARX1_RVT | u_core/core_i/if_stage_i/prefetch_buffer_i/instruction_obi_i/gen_no_trans_stable.obi_addr_q_reg[4] | SE | Blocked  SE(M2) 3: {300.2880 221.6705} {300.2880 221.7040} {300.2880 221.6872}
SDFFARX1_RVT | u_core/core_i/if_stage_i/prefetch_buffer_i/instruction_obi_i/gen_no_trans_stable.obi_addr_q_reg[9] | Q | Blocked  Q(M2) 1: {300.2880 33.9840}
SDFFARX1_RVT | u_core/core_i/if_stage_i/prefetch_buffer_i/instruction_obi_i/gen_no_trans_stable.obi_addr_q_reg[12] | QN | Blocked  QN(M2) 1: {299.6800 27.1440}
SDFFARX1_RVT | u_core/core_i/if_stage_i/prefetch_buffer_i/prefetch_controller_i/trans_addr_q_reg[28] | Q | Blocked  Q(M2) 1: {300.2880 60.7360}
INVX8_LVT | u_core/core_i/cs_registers_i/HFSINV_1969_829 | A | Blocked  A(M2) 3: {259.7040 182.9215} {259.7040 182.9440} {259.7040 182.9327}
