****************************************
Report : clock timing
        -type latency
        -launch
        -nworst 20
        -setup
Design : cv32e40p_synth_wrap
Version: W-2024.09-SP2
Date   : Fri May  8 21:40:04 2026
****************************************

  Mode: default
  Clock: clk_i

                                                 --- Latency ---
  Clock Pin                             Trans   Source   Offset  Network    Total            Corner
---------------------------------------------------------------------------------------------------
  u_core/core_i/id_stage_i/register_file_i/mem_reg[26][27]/CLK
                                         0.09     0.00       --     0.37     0.37 rp-+      default
  u_core/core_i/id_stage_i/register_file_i/mem_reg[26][25]/CLK
                                         0.09     0.00       --     0.37     0.37 rp-+      default
  u_core/core_i/id_stage_i/register_file_i/mem_reg[26][22]/CLK
                                         0.09     0.00       --     0.37     0.37 rp-+      default
  u_core/core_i/id_stage_i/register_file_i/mem_reg[26][19]/CLK
                                         0.09     0.00       --     0.37     0.37 rp-+      default
  u_core/core_i/id_stage_i/register_file_i/mem_reg[26][15]/CLK
                                         0.09     0.00       --     0.37     0.37 rp-+      default
  u_core/core_i/id_stage_i/register_file_i/mem_reg[26][30]/CLK
                                         0.09     0.00       --     0.37     0.37 rp-+      default
  u_core/core_i/id_stage_i/register_file_i/mem_reg[26][28]/CLK
                                         0.09     0.00       --     0.37     0.37 rp-+      default
  u_core/core_i/id_stage_i/register_file_i/mem_reg[26][26]/CLK
                                         0.09     0.00       --     0.37     0.37 rp-+      default
  u_core/core_i/id_stage_i/register_file_i/mem_reg[26][17]/CLK
                                         0.09     0.00       --     0.37     0.37 rp-+      default
  u_core/core_i/id_stage_i/register_file_i/mem_reg[26][16]/CLK
                                         0.09     0.00       --     0.37     0.37 rp-+      default
  u_core/core_i/id_stage_i/register_file_i/mem_reg[26][13]/CLK
                                         0.09     0.00       --     0.37     0.37 rp-+      default
  u_core/core_i/id_stage_i/register_file_i/mem_reg[26][4]/CLK
                                         0.09     0.00       --     0.37     0.37 rp-+      default
  u_core/core_i/id_stage_i/register_file_i/mem_reg[26][11]/CLK
                                         0.09     0.00       --     0.37     0.37 rp-+      default
  u_core/core_i/id_stage_i/register_file_i/mem_reg[26][10]/CLK
                                         0.09     0.00       --     0.37     0.37 rp-+      default
  u_core/core_i/id_stage_i/register_file_i/mem_reg[26][5]/CLK
                                         0.09     0.00       --     0.37     0.37 rp-+      default
  u_core/core_i/id_stage_i/register_file_i/mem_reg[26][3]/CLK
                                         0.09     0.00       --     0.37     0.37 rp-+      default
  u_core/core_i/id_stage_i/register_file_i/mem_reg[26][2]/CLK
                                         0.09     0.00       --     0.37     0.37 rp-+      default
  u_core/core_i/id_stage_i/register_file_i/mem_reg[12][19]/CLK
                                         0.09     0.00       --     0.37     0.37 rp-+      default
  u_core/core_i/id_stage_i/register_file_i/mem_reg[12][18]/CLK
                                         0.09     0.00       --     0.37     0.37 rp-+      default
  u_core/core_i/id_stage_i/register_file_i/mem_reg[12][1]/CLK
                                         0.09     0.00       --     0.37     0.37 rp-+      default
---------------------------------------------------------------------------------------------------
1
