This files generated automatically by the ICC2 command check_pg_drc
=================
Error type:      insufficient space between two same-net metal-shapes
Violated rule:   Min-Spacing-On-Layer
Layer:           M1
Minimal spacing: 0.05
Actual  spacing: 0.032(west - east)
Spacing box:     {50.191 23.289} {50.223 23.374}
Shape #1:        box = {49.809 23.289} {50.191 23.399}
                 net = VDD
Shape #2:        box = {50.223 22.664} {50.273 23.374}
                 net = VDD
=================
Error type:      insufficient space between two same-net metal-shapes
Violated rule:   Min-Spacing-On-Layer
Layer:           M1
Minimal spacing: 0.05
Actual  spacing: 0.048(west - east)
Spacing box:     {150.191 24.986} {150.239 25.071}
Shape #1:        box = {149.809 24.961} {150.191 25.071}
                 net = VSS
Shape #2:        box = {150.239 24.986} {150.289 25.249}
                 net = VSS
=================
Error type:      insufficient space between two same-net metal-shapes
Violated rule:   Min-Spacing-On-Layer
Layer:           M1
Minimal spacing: 0.05
Actual  spacing: 0.016(west - east)
Spacing box:     {89.793 26.633} {89.809 26.718}
Shape #1:        box = {89.743 26.112} {89.793 26.718}
                 net = VDD
Shape #2:        box = {89.809 26.633} {90.191 26.743}
                 net = VDD
=================
Error type:      insufficient space between two same-net metal-shapes
Violated rule:   Min-Spacing-On-Layer
Layer:           M1
Minimal spacing: 0.05
Actual  spacing: 0.032(west - east)
Spacing box:     {50.191 26.658} {50.223 26.743}
Shape #1:        box = {49.809 26.633} {50.191 26.743}
                 net = VDD
Shape #2:        box = {50.223 26.658} {50.273 27.368}
                 net = VDD
=================
Error type:      insufficient space between two same-net metal-shapes
Violated rule:   Min-Spacing-On-Layer
Layer:           M1
Minimal spacing: 0.05
Actual  spacing: 0.032(west - east)
Spacing box:     {50.191 29.977} {50.223 30.062}
Shape #1:        box = {49.809 29.977} {50.191 30.087}
                 net = VDD
Shape #2:        box = {50.223 29.456} {50.273 30.062}
                 net = VDD
=================
Error type:      insufficient space between two same-net metal-shapes
Violated rule:   Min-Spacing-On-Layer
Layer:           M1
Minimal spacing: 0.05
Actual  spacing: 0.008(west - east)
Spacing box:     {90.191 30.002} {90.199 30.087}
Shape #1:        box = {89.809 29.977} {90.191 30.087}
                 net = VDD
Shape #2:        box = {90.199 30.002} {90.249 30.608}
                 net = VDD
=================
Error type:      insufficient space between two same-net metal-shapes
Violated rule:   Min-Spacing-On-Layer
Layer:           M1
Minimal spacing: 0.05
Actual  spacing: 0.048(west - east)
Spacing box:     {150.191 31.649} {150.239 31.734}
Shape #1:        box = {149.809 31.649} {150.191 31.759}
                 net = VSS
Shape #2:        box = {150.239 31.294} {150.289 31.734}
                 net = VSS
=================
Error type:      insufficient space between two same-net metal-shapes
Violated rule:   Min-Spacing-On-Layer
Layer:           M1
Minimal spacing: 0.05
Actual  spacing: 0.024(west - east)
Spacing box:     {190.191 31.649} {190.215 31.734}
Shape #1:        box = {189.809 31.649} {190.191 31.759}
                 net = VSS
Shape #2:        box = {190.215 31.471} {190.265 31.734}
                 net = VSS
=================
Error type:      insufficient space between two same-net metal-shapes
Violated rule:   Min-Spacing-On-Layer
Layer:           M1
Minimal spacing: 0.05
Actual  spacing: 0.024(west - east)
Spacing box:     {190.191 34.993} {190.215 35.078}
Shape #1:        box = {189.809 34.993} {190.191 35.103}
                 net = VSS
Shape #2:        box = {190.215 34.815} {190.265 35.078}
                 net = VSS
=================
Error type:      insufficient space between two same-net metal-shapes
Violated rule:   Min-Spacing-On-Layer
Layer:           M1
Minimal spacing: 0.05
Actual  spacing: 0.024(west - east)
Spacing box:     {190.191 38.362} {190.215 38.447}
Shape #1:        box = {189.809 38.337} {190.191 38.447}
                 net = VSS
Shape #2:        box = {190.215 38.362} {190.265 38.625}
                 net = VSS
=================
Error type:      insufficient space between two same-net metal-shapes
Violated rule:   Min-Spacing-On-Layer
Layer:           M1
Minimal spacing: 0.05
Actual  spacing: 0.04(west - east)
Spacing box:     {129.769 40.034} {129.809 40.119}
Shape #1:        box = {129.719 40.034} {129.769 40.744}
                 net = VDD
Shape #2:        box = {129.809 40.009} {130.191 40.119}
                 net = VDD
=================
Error type:      insufficient space between two same-net metal-shapes
Violated rule:   Min-Spacing-On-Layer
Layer:           M1
Minimal spacing: 0.05
Actual  spacing: 0.048(west - east)
Spacing box:     {150.191 41.706} {150.239 41.791}
Shape #1:        box = {149.809 41.681} {150.191 41.791}
                 net = VSS
Shape #2:        box = {150.239 41.706} {150.289 41.969}
                 net = VSS
=================
Error type:      insufficient space between two same-net metal-shapes
Violated rule:   Min-Spacing-On-Layer
Layer:           M1
Minimal spacing: 0.05
Actual  spacing: 0.024(west - east)
Spacing box:     {190.191 41.706} {190.215 41.791}
Shape #1:        box = {189.809 41.681} {190.191 41.791}
                 net = VSS
Shape #2:        box = {190.215 41.706} {190.265 41.969}
                 net = VSS
=================
Error type:      insufficient space between two same-net metal-shapes
Violated rule:   Min-Spacing-On-Layer
Layer:           M1
Minimal spacing: 0.05
Actual  spacing: 0.04(west - east)
Spacing box:     {129.769 43.353} {129.809 43.438}
Shape #1:        box = {129.719 42.552} {129.769 43.438}
                 net = VDD
Shape #2:        box = {129.809 43.353} {130.191 43.463}
                 net = VDD
=================
Error type:      insufficient space between two same-net metal-shapes
Violated rule:   Min-Spacing-On-Layer
Layer:           M1
Minimal spacing: 0.05
Actual  spacing: 0.04(west - east)
Spacing box:     {129.769 53.385} {129.809 53.47}
Shape #1:        box = {129.719 52.76} {129.769 53.47}
                 net = VDD
Shape #2:        box = {129.809 53.385} {130.191 53.495}
                 net = VDD
=================
Error type:      insufficient space between two same-net metal-shapes
Violated rule:   Min-Spacing-On-Layer
Layer:           M1
Minimal spacing: 0.05
Actual  spacing: 0.024(west - east)
Spacing box:     {190.191 55.082} {190.215 55.167}
Shape #1:        box = {189.809 55.057} {190.191 55.167}
                 net = VSS
Shape #2:        box = {190.215 55.082} {190.265 55.345}
                 net = VSS
=================
Error type:      insufficient space between two same-net metal-shapes
Violated rule:   Min-Spacing-On-Layer
Layer:           M1
Minimal spacing: 0.05
Actual  spacing: 0.04(west - east)
Spacing box:     {129.769 56.754} {129.809 56.839}
Shape #1:        box = {129.719 56.754} {129.769 57.36}
                 net = VDD
Shape #2:        box = {129.809 56.729} {130.191 56.839}
                 net = VDD
=================
Error type:      insufficient space between two same-net metal-shapes
Violated rule:   Min-Spacing-On-Layer
Layer:           M1
Minimal spacing: 0.05
Actual  spacing: 0.008(west - east)
Spacing box:     {90.191 63.417} {90.199 63.502}
Shape #1:        box = {89.809 63.417} {90.191 63.527}
                 net = VDD
Shape #2:        box = {90.199 62.896} {90.249 63.502}
                 net = VDD
=================
Error type:      insufficient space between two same-net metal-shapes
Violated rule:   Min-Spacing-On-Layer
Layer:           M1
Minimal spacing: 0.05
Actual  spacing: 0.024(west - east)
Spacing box:     {190.191 65.089} {190.215 65.174}
Shape #1:        box = {189.809 65.089} {190.191 65.199}
                 net = VSS
Shape #2:        box = {190.215 64.911} {190.265 65.174}
                 net = VSS
=================
Error type:      insufficient space between two same-net metal-shapes
Violated rule:   Min-Spacing-On-Layer
Layer:           M1
Minimal spacing: 0.05
Actual  spacing: 0.016(west - east)
Spacing box:     {89.793 66.761} {89.809 66.846}
Shape #1:        box = {89.743 65.961} {89.793 66.846}
                 net = VDD
Shape #2:        box = {89.809 66.761} {90.191 66.871}
                 net = VDD
=================
Error type:      insufficient space between two same-net metal-shapes
Violated rule:   Min-Spacing-On-Layer
Layer:           M1
Minimal spacing: 0.05
Actual  spacing: 0.008(west - east)
Spacing box:     {90.191 66.786} {90.199 66.871}
Shape #1:        box = {89.809 66.761} {90.191 66.871}
                 net = VDD
Shape #2:        box = {90.199 66.786} {90.249 67.496}
                 net = VDD
=================
Error type:      insufficient space between two same-net metal-shapes
Violated rule:   Min-Spacing-On-Layer
Layer:           M1
Minimal spacing: 0.05
Actual  spacing: 0.008(west - east)
Spacing box:     {90.191 73.449} {90.199 73.534}
Shape #1:        box = {89.809 73.449} {90.191 73.559}
                 net = VDD
Shape #2:        box = {90.199 72.824} {90.249 73.534}
                 net = VDD
=================
Error type:      insufficient space between two same-net metal-shapes
Violated rule:   Min-Spacing-On-Layer
Layer:           M1
Minimal spacing: 0.05
Actual  spacing: 0.016(west - east)
Spacing box:     {89.793 73.474} {89.809 73.559}
Shape #1:        box = {89.743 73.474} {89.793 74.08}
                 net = VDD
Shape #2:        box = {89.809 73.449} {90.191 73.559}
                 net = VDD
=================
Error type:      insufficient space between two same-net metal-shapes
Violated rule:   Min-Spacing-On-Layer
Layer:           M1
Minimal spacing: 0.05
Actual  spacing: 0.048(west - east)
Spacing box:     {150.191 78.465} {150.239 78.55}
Shape #1:        box = {149.809 78.465} {150.191 78.575}
                 net = VSS
Shape #2:        box = {150.239 78.217} {150.289 78.55}
                 net = VSS
=================
Error type:      insufficient space between two same-net metal-shapes
Violated rule:   Min-Spacing-On-Layer
Layer:           M1
Minimal spacing: 0.05
Actual  spacing: 0.024(west - east)
Spacing box:     {190.191 78.49} {190.215 78.575}
Shape #1:        box = {189.809 78.465} {190.191 78.575}
                 net = VSS
Shape #2:        box = {190.215 78.49} {190.265 78.933}
                 net = VSS
=================
Error type:      insufficient space between two same-net metal-shapes
Violated rule:   Min-Spacing-On-Layer
Layer:           M1
Minimal spacing: 0.05
Actual  spacing: 0.008(west - east)
Spacing box:     {90.191 80.162} {90.199 80.247}
Shape #1:        box = {89.809 80.137} {90.191 80.247}
                 net = VDD
Shape #2:        box = {90.199 80.162} {90.249 80.872}
                 net = VDD
=================
Error type:      insufficient space between two same-net metal-shapes
Violated rule:   Min-Spacing-On-Layer
Layer:           M1
Minimal spacing: 0.05
Actual  spacing: 0.024(west - east)
Spacing box:     {190.191 81.834} {190.215 81.919}
Shape #1:        box = {189.809 81.809} {190.191 81.919}
                 net = VSS
Shape #2:        box = {190.215 81.834} {190.265 82.277}
                 net = VSS
=================
Error type:      insufficient space between two same-net metal-shapes
Violated rule:   Min-Spacing-On-Layer
Layer:           M1
Minimal spacing: 0.05
Actual  spacing: 0.008(west - east)
Spacing box:     {90.191 83.481} {90.199 83.566}
Shape #1:        box = {89.809 83.481} {90.191 83.591}
                 net = VDD
Shape #2:        box = {90.199 82.96} {90.249 83.566}
                 net = VDD
=================
Error type:      insufficient space between two same-net metal-shapes
Violated rule:   Min-Spacing-On-Layer
Layer:           M1
Minimal spacing: 0.05
Actual  spacing: 0.008(west - east)
Spacing box:     {90.191 90.169} {90.199 90.254}
Shape #1:        box = {89.809 90.169} {90.191 90.279}
                 net = VDD
Shape #2:        box = {90.199 89.648} {90.249 90.254}
                 net = VDD
=================
Error type:      insufficient space between two same-net metal-shapes
Violated rule:   Min-Spacing-On-Layer
Layer:           M1
Minimal spacing: 0.05
Actual  spacing: 0.008(west - east)
Spacing box:     {90.191 93.513} {90.199 93.623}
Shape #1:        box = {89.809 93.513} {90.191 93.623}
                 net = VDD
Shape #2:        box = {90.199 92.992} {90.249 94.144}
                 net = VDD
=================
Error type:      insufficient space between two same-net metal-shapes
Violated rule:   Min-Spacing-On-Layer
Layer:           M1
Minimal spacing: 0.05
Actual  spacing: 0.048(west - east)
Spacing box:     {150.191 105.217} {150.239 105.302}
Shape #1:        box = {149.809 105.217} {150.191 105.327}
                 net = VSS
Shape #2:        box = {150.239 104.969} {150.289 105.302}
                 net = VSS
=================
Error type:      insufficient space between two same-net metal-shapes
Violated rule:   Min-Spacing-On-Layer
Layer:           M1
Minimal spacing: 0.05
Actual  spacing: 0.048(west - east)
Spacing box:     {150.191 111.93} {150.239 112.015}
Shape #1:        box = {149.809 111.905} {150.191 112.015}
                 net = VSS
Shape #2:        box = {150.239 111.93} {150.289 112.263}
                 net = VSS
=================
Error type:      insufficient space between two same-net metal-shapes
Violated rule:   Min-Spacing-On-Layer
Layer:           M1
Minimal spacing: 0.05
Actual  spacing: 0.032(west - east)
Spacing box:     {50.191 113.577} {50.223 113.662}
Shape #1:        box = {49.809 113.577} {50.191 113.687}
                 net = VDD
Shape #2:        box = {50.223 112.952} {50.273 113.662}
                 net = VDD
=================
Error type:      insufficient space between two same-net metal-shapes
Violated rule:   Min-Spacing-On-Layer
Layer:           M1
Minimal spacing: 0.05
Actual  spacing: 0.048(west - east)
Spacing box:     {150.191 121.962} {150.239 122.047}
Shape #1:        box = {149.809 121.937} {150.191 122.047}
                 net = VSS
Shape #2:        box = {150.239 121.962} {150.289 122.295}
                 net = VSS
=================
Error type:      insufficient space between two same-net metal-shapes
Violated rule:   Min-Spacing-On-Layer
Layer:           M1
Minimal spacing: 0.05
Actual  spacing: 0.016(west - east)
Spacing box:     {89.793 123.609} {89.809 123.694}
Shape #1:        box = {89.743 122.969} {89.793 123.694}
                 net = VDD
Shape #2:        box = {89.809 123.609} {90.191 123.719}
                 net = VDD
=================
Error type:      insufficient space between two same-net metal-shapes
Violated rule:   Min-Spacing-On-Layer
Layer:           M1
Minimal spacing: 0.05
Actual  spacing: 0.016(west - east)
Spacing box:     {89.793 130.297} {89.809 130.382}
Shape #1:        box = {89.743 129.657} {89.793 130.382}
                 net = VDD
Shape #2:        box = {89.809 130.297} {90.191 130.407}
                 net = VDD
=================
Error type:      insufficient space between two same-net metal-shapes
Violated rule:   Min-Spacing-On-Layer
Layer:           M1
Minimal spacing: 0.05
Actual  spacing: 0.032(west - east)
Spacing box:     {49.777 137.01} {49.809 137.095}
Shape #1:        box = {49.727 137.01} {49.777 137.404}
                 net = VDD
Shape #2:        box = {49.809 136.985} {50.191 137.095}
                 net = VDD
=================
Error type:      insufficient space between two same-net metal-shapes
Violated rule:   Min-Spacing-On-Layer
Layer:           M1
Minimal spacing: 0.05
Actual  spacing: 0.048(west - east)
Spacing box:     {150.191 138.657} {150.239 138.742}
Shape #1:        box = {149.809 138.657} {150.191 138.767}
                 net = VSS
Shape #2:        box = {150.239 138.409} {150.289 138.742}
                 net = VSS
=================
Error type:      insufficient space between two same-net metal-shapes
Violated rule:   Min-Spacing-On-Layer
Layer:           M1
Minimal spacing: 0.05
Actual  spacing: 0.032(west - east)
Spacing box:     {50.191 143.673} {50.223 143.758}
Shape #1:        box = {49.809 143.673} {50.191 143.783}
                 net = VDD
Shape #2:        box = {50.223 143.152} {50.273 143.758}
                 net = VDD
=================
Error type:      insufficient space between two same-net metal-shapes
Violated rule:   Min-Spacing-On-Layer
Layer:           M1
Minimal spacing: 0.05
Actual  spacing: 0.04(west - east)
Spacing box:     {129.769 143.673} {129.809 143.758}
Shape #1:        box = {129.719 143.156} {129.769 143.758}
                 net = VDD
Shape #2:        box = {129.809 143.673} {130.191 143.783}
                 net = VDD
=================
Error type:      insufficient space between two same-net metal-shapes
Violated rule:   Min-Spacing-On-Layer
Layer:           M1
Minimal spacing: 0.05
Actual  spacing: 0.048(west - east)
Spacing box:     {150.191 155.377} {150.239 155.487}
Shape #1:        box = {149.809 155.377} {150.191 155.487}
                 net = VSS
Shape #2:        box = {150.239 155.022} {150.289 155.842}
                 net = VSS
=================
Error type:      insufficient space between two same-net metal-shapes
Violated rule:   Min-Spacing-On-Layer
Layer:           M1
Minimal spacing: 0.05
Actual  spacing: 0.032(west - east)
Spacing box:     {50.191 157.074} {50.223 157.159}
Shape #1:        box = {49.809 157.049} {50.191 157.159}
                 net = VDD
Shape #2:        box = {50.223 157.074} {50.273 157.784}
                 net = VDD
=================
Error type:      insufficient space between two same-net metal-shapes
Violated rule:   Min-Spacing-On-Layer
Layer:           M1
Minimal spacing: 0.05
Actual  spacing: 0.024(west - east)
Spacing box:     {190.191 158.746} {190.215 158.831}
Shape #1:        box = {189.809 158.721} {190.191 158.831}
                 net = VSS
Shape #2:        box = {190.215 158.746} {190.265 159.186}
                 net = VSS
=================
Error type:      insufficient space between two same-net metal-shapes
Violated rule:   Min-Spacing-On-Layer
Layer:           M1
Minimal spacing: 0.05
Actual  spacing: 0.032(west - east)
Spacing box:     {50.191 163.737} {50.223 163.822}
Shape #1:        box = {49.809 163.737} {50.191 163.847}
                 net = VDD
Shape #2:        box = {50.223 163.112} {50.273 163.822}
                 net = VDD
=================
Error type:      insufficient space between two same-net metal-shapes
Violated rule:   Min-Spacing-On-Layer
Layer:           M1
Minimal spacing: 0.05
Actual  spacing: 0.048(west - east)
Spacing box:     {150.191 165.409} {150.239 165.519}
Shape #1:        box = {149.809 165.409} {150.191 165.519}
                 net = VSS
Shape #2:        box = {150.239 165.054} {150.289 165.874}
                 net = VSS
=================
Error type:      insufficient space between two same-net metal-shapes
Violated rule:   Min-Spacing-On-Layer
Layer:           M1
Minimal spacing: 0.05
Actual  spacing: 0.048(west - east)
Spacing box:     {90.191 180.457} {90.239 180.542}
Shape #1:        box = {89.809 180.457} {90.191 180.567}
                 net = VDD
Shape #2:        box = {90.239 180.148} {90.289 180.542}
                 net = VDD
=================
Error type:      insufficient space between two same-net metal-shapes
Violated rule:   Min-Spacing-On-Layer
Layer:           M1
Minimal spacing: 0.05
Actual  spacing: 0.04(west - east)
Spacing box:     {129.769 180.457} {129.809 180.542}
Shape #1:        box = {129.719 179.832} {129.769 180.542}
                 net = VDD
Shape #2:        box = {129.809 180.457} {130.191 180.567}
                 net = VDD
=================
Error type:      insufficient space between two same-net metal-shapes
Violated rule:   Min-Spacing-On-Layer
Layer:           M1
Minimal spacing: 0.05
Actual  spacing: 0.024(west - east)
Spacing box:     {190.191 182.154} {190.215 182.239}
Shape #1:        box = {189.809 182.129} {190.191 182.239}
                 net = VSS
Shape #2:        box = {190.215 182.154} {190.265 182.417}
                 net = VSS
=================
Error type:      insufficient space between two same-net metal-shapes
Violated rule:   Min-Spacing-On-Layer
Layer:           M1
Minimal spacing: 0.05
Actual  spacing: 0.024(west - east)
Spacing box:     {190.191 185.498} {190.215 185.583}
Shape #1:        box = {189.809 185.473} {190.191 185.583}
                 net = VSS
Shape #2:        box = {190.215 185.498} {190.265 185.761}
                 net = VSS
=================
Error type:      insufficient space between two same-net metal-shapes
Violated rule:   Min-Spacing-On-Layer
Layer:           M1
Minimal spacing: 0.05
Actual  spacing: 0.032(west - east)
Spacing box:     {50.191 187.145} {50.223 187.23}
Shape #1:        box = {49.809 187.145} {50.191 187.255}
                 net = VDD
Shape #2:        box = {50.223 186.52} {50.273 187.23}
                 net = VDD
=================
Error type:      insufficient space between two same-net metal-shapes
Violated rule:   Min-Spacing-On-Layer
Layer:           M1
Minimal spacing: 0.05
Actual  spacing: 0.043(north - south)
Spacing box:     {190.063 188.927} {190.113 188.97}
Shape #1:        box = {189.759 188.97} {190.177 189.02}
                 net = VSS
Shape #2:        box = {190.063 188.492} {190.113 188.927}
                 net = VSS
=================
Error type:      insufficient space between two same-net metal-shapes
Violated rule:   Min-Spacing-On-Layer
Layer:           M1
Minimal spacing: 0.05
Actual  spacing: 0.043(south - north)
Spacing box:     {189.759 188.927} {190.177 188.97}
Shape #1:        box = {189.759 188.817} {190.191 188.927}
                 net = VSS
Shape #2:        box = {189.759 188.97} {190.177 189.02}
                 net = VSS
=================
Error type:      insufficient space between two same-net metal-shapes
Violated rule:   Min-Spacing-On-Layer
Layer:           M1
Minimal spacing: 0.05
Actual  spacing: 0.043(south - north)
Spacing box:     {190.127 188.927} {190.177 188.97}
Shape #1:        box = {189.759 188.817} {190.191 188.927}
                 net = VSS
Shape #2:        box = {190.127 188.97} {190.177 189.192}
                 net = VSS
=================
Error type:      insufficient space between two same-net metal-shapes
Violated rule:   Min-Spacing-On-Layer
Layer:           M1
Minimal spacing: 0.05
Actual  spacing: 0.043(north - south)
Spacing box:     {189.999 192.118} {190.049 192.161}
Shape #1:        box = {189.809 192.161} {190.191 192.271}
                 net = VSS
Shape #2:        box = {189.999 191.896} {190.049 192.118}
                 net = VSS
=================
Error type:      insufficient space between two same-net metal-shapes
Violated rule:   Min-Spacing-On-Layer
Layer:           M1
Minimal spacing: 0.05
Actual  spacing: 0.043(north - south)
Spacing box:     {189.999 192.118} {190.191 192.161}
Shape #1:        box = {189.809 192.161} {190.191 192.271}
                 net = VSS
Shape #2:        box = {189.999 192.068} {190.417 192.118}
                 net = VSS
=================
Error type:      insufficient space between two same-net metal-shapes
Violated rule:   Min-Spacing-On-Layer
Layer:           M1
Minimal spacing: 0.05
Actual  spacing: 0.032(west - east)
Spacing box:     {50.191 207.209} {50.223 207.294}
Shape #1:        box = {49.809 207.209} {50.191 207.319}
                 net = VDD
Shape #2:        box = {50.223 206.584} {50.273 207.294}
                 net = VDD
=================
Error type:      insufficient space between two same-net metal-shapes
Violated rule:   Min-Spacing-On-Layer
Layer:           M1
Minimal spacing: 0.05
Actual  spacing: 0.032(west - east)
Spacing box:     {50.191 210.553} {50.223 210.638}
Shape #1:        box = {49.809 210.553} {50.191 210.663}
                 net = VDD
Shape #2:        box = {50.223 210.032} {50.273 210.638}
                 net = VDD
=================
Error type:      insufficient space between two same-net metal-shapes
Violated rule:   Min-Spacing-On-Layer
Layer:           M1
Minimal spacing: 0.05
Actual  spacing: 0.04(west - east)
Spacing box:     {69.769 218.938} {69.809 219.023}
Shape #1:        box = {69.719 218.938} {69.769 219.216}
                 net = VSS
Shape #2:        box = {69.809 218.913} {70.191 219.023}
                 net = VSS
=================
Error type:      insufficient space between two same-net metal-shapes
Violated rule:   Min-Spacing-On-Layer
Layer:           M1
Minimal spacing: 0.05
Actual  spacing: 0.032(west - east)
Spacing box:     {50.191 220.585} {50.223 220.67}
Shape #1:        box = {49.809 220.585} {50.191 220.695}
                 net = VDD
Shape #2:        box = {50.223 219.96} {50.273 220.67}
                 net = VDD
=================
Error type:      insufficient space between two same-net metal-shapes
Violated rule:   Min-Spacing-On-Layer
Layer:           M1
Minimal spacing: 0.05
Actual  spacing: 0.04(west - east)
Spacing box:     {129.769 220.585} {129.809 220.67}
Shape #1:        box = {129.719 220.408} {129.769 220.67}
                 net = VDD
Shape #2:        box = {129.809 220.585} {130.191 220.695}
                 net = VDD
=================
Error type:      insufficient space between two same-net metal-shapes
Violated rule:   Min-Spacing-On-Layer
Layer:           M1
Minimal spacing: 0.05
Actual  spacing: 0.032(west - east)
Spacing box:     {50.191 227.298} {50.223 227.383}
Shape #1:        box = {49.809 227.273} {50.191 227.383}
                 net = VDD
Shape #2:        box = {50.223 227.298} {50.273 228.008}
                 net = VDD
=================
Error type:      insufficient space between two same-net metal-shapes
Violated rule:   Min-Spacing-On-Layer
Layer:           M1
Minimal spacing: 0.05
Actual  spacing: 0.024(west - east)
Spacing box:     {190.191 242.321} {190.215 242.406}
Shape #1:        box = {189.809 242.321} {190.191 242.431}
                 net = VSS
Shape #2:        box = {190.215 241.966} {190.265 242.406}
                 net = VSS
=================
Error type:      insufficient space between two same-net metal-shapes
Violated rule:   Min-Spacing-On-Layer
Layer:           M1
Minimal spacing: 0.05
Actual  spacing: 0.008(west - east)
Spacing box:     {90.191 247.362} {90.199 247.447}
Shape #1:        box = {89.809 247.337} {90.191 247.447}
                 net = VDD
Shape #2:        box = {90.199 247.362} {90.249 247.624}
                 net = VDD
=================
Error type:      insufficient space between two same-net metal-shapes
Violated rule:   Min-Spacing-On-Layer
Layer:           M1
Minimal spacing: 0.05
Actual  spacing: 0.024(west - east)
Spacing box:     {190.191 249.009} {190.215 249.094}
Shape #1:        box = {189.809 249.009} {190.191 249.119}
                 net = VSS
Shape #2:        box = {190.215 248.654} {190.265 249.094}
                 net = VSS
=================
Error type:      insufficient space between two same-net metal-shapes
Violated rule:   Min-Spacing-On-Layer
Layer:           M1
Minimal spacing: 0.05
Actual  spacing: 0.048(west - east)
Spacing box:     {150.191 249.034} {150.239 249.119}
Shape #1:        box = {149.809 249.009} {150.191 249.119}
                 net = VSS
Shape #2:        box = {150.239 249.034} {150.289 249.297}
                 net = VSS
=================
Error type:      insufficient space between two same-net metal-shapes
Violated rule:   Min-Spacing-On-Layer
Layer:           M1
Minimal spacing: 0.05
Actual  spacing: 0.016(west - east)
Spacing box:     {89.793 250.681} {89.809 250.766}
Shape #1:        box = {89.743 250.498} {89.793 250.766}
                 net = VDD
Shape #2:        box = {89.809 250.681} {90.191 250.791}
                 net = VDD
=================
Error type:      insufficient space between two same-net metal-shapes
Violated rule:   Min-Spacing-On-Layer
Layer:           M1
Minimal spacing: 0.05
Actual  spacing: 0.04(west - east)
Spacing box:     {69.769 252.378} {69.809 252.463}
Shape #1:        box = {69.719 252.378} {69.769 252.656}
                 net = VSS
Shape #2:        box = {69.809 252.353} {70.191 252.463}
                 net = VSS
=================
Error type:      insufficient space between two same-net metal-shapes
Violated rule:   Min-Spacing-On-Layer
Layer:           M1
Minimal spacing: 0.05
Actual  spacing: 0.024(west - east)
Spacing box:     {190.191 265.729} {190.215 265.814}
Shape #1:        box = {189.809 265.729} {190.191 265.839}
                 net = VSS
Shape #2:        box = {190.215 265.374} {190.265 265.814}
                 net = VSS
=================
Error type:      insufficient space between two same-net metal-shapes
Violated rule:   Min-Spacing-On-Layer
Layer:           M1
Minimal spacing: 0.05
Actual  spacing: 0.032(west - east)
Spacing box:     {50.191 267.426} {50.223 267.511}
Shape #1:        box = {49.809 267.401} {50.191 267.511}
                 net = VDD
Shape #2:        box = {50.223 267.426} {50.273 268.136}
                 net = VDD
=================
Error type:      insufficient space between two same-net metal-shapes
Violated rule:   Min-Spacing-On-Layer
Layer:           M1
Minimal spacing: 0.05
Actual  spacing: 0.016(west - east)
Spacing box:     {89.793 267.426} {89.809 267.511}
Shape #1:        box = {89.743 267.426} {89.793 268.136}
                 net = VDD
Shape #2:        box = {89.809 267.401} {90.191 267.511}
                 net = VDD
=================
Error type:      insufficient space between two same-net metal-shapes
Violated rule:   Min-Spacing-On-Layer
Layer:           M1
Minimal spacing: 0.05
Actual  spacing: 0.04(west - east)
Spacing box:     {129.769 270.745} {129.809 270.83}
Shape #1:        box = {129.719 270.562} {129.769 270.83}
                 net = VDD
Shape #2:        box = {129.809 270.745} {130.191 270.855}
                 net = VDD
=================
Error type:      insufficient space between two same-net metal-shapes
Violated rule:   Min-Spacing-On-Layer
Layer:           M1
Minimal spacing: 0.05
Actual  spacing: 0.048(west - east)
Spacing box:     {150.191 275.786} {150.239 275.871}
Shape #1:        box = {149.809 275.761} {150.191 275.871}
                 net = VSS
Shape #2:        box = {150.239 275.786} {150.289 276.213}
                 net = VSS
=================
Error type:      insufficient space between two same-net metal-shapes
Violated rule:   Min-Spacing-On-Layer
Layer:           M1
Minimal spacing: 0.05
Actual  spacing: 0.048(west - east)
Spacing box:     {150.191 279.105} {150.239 279.215}
Shape #1:        box = {149.809 279.105} {150.191 279.215}
                 net = VSS
Shape #2:        box = {150.239 278.763} {150.289 279.57}
                 net = VSS
=================
Error type:      insufficient space between two same-net metal-shapes
Violated rule:   Min-Spacing-On-Layer
Layer:           M1
Minimal spacing: 0.05
Actual  spacing: 0.048(west - east)
Spacing box:     {269.761 45.025} {269.809 45.11}
Shape #1:        box = {269.711 44.67} {269.761 45.11}
                 net = VSS
Shape #2:        box = {269.809 45.025} {270.191 45.135}
                 net = VSS
=================
Error type:      insufficient space between two same-net metal-shapes
Violated rule:   Min-Spacing-On-Layer
Layer:           M1
Minimal spacing: 0.05
Actual  spacing: 0.024(west - east)
Spacing box:     {229.785 45.05} {229.809 45.135}
Shape #1:        box = {229.735 45.05} {229.785 45.28}
                 net = VSS
Shape #2:        box = {229.809 45.025} {230.191 45.135}
                 net = VSS
=================
Error type:      insufficient space between two same-net metal-shapes
Violated rule:   Min-Spacing-On-Layer
Layer:           M1
Minimal spacing: 0.05
Actual  spacing: 0.048(west - east)
Spacing box:     {269.761 48.394} {269.809 48.479}
Shape #1:        box = {269.711 48.394} {269.761 48.657}
                 net = VSS
Shape #2:        box = {269.809 48.369} {270.191 48.479}
                 net = VSS
=================
Error type:      insufficient space between two same-net metal-shapes
Violated rule:   Min-Spacing-On-Layer
Layer:           M1
Minimal spacing: 0.05
Actual  spacing: 0.024(west - east)
Spacing box:     {229.785 78.49} {229.809 78.575}
Shape #1:        box = {229.735 78.49} {229.785 78.753}
                 net = VSS
Shape #2:        box = {229.809 78.465} {230.191 78.575}
                 net = VSS
=================
Error type:      insufficient space between two same-net metal-shapes
Violated rule:   Min-Spacing-On-Layer
Layer:           M1
Minimal spacing: 0.05
Actual  spacing: 0.04(west - east)
Spacing box:     {290.191 83.481} {290.231 83.566}
Shape #1:        box = {289.809 83.481} {290.191 83.591}
                 net = VDD
Shape #2:        box = {290.231 82.96} {290.281 83.566}
                 net = VDD
=================
Error type:      insufficient space between two same-net metal-shapes
Violated rule:   Min-Spacing-On-Layer
Layer:           M1
Minimal spacing: 0.05
Actual  spacing: 0.048(west - east)
Spacing box:     {269.761 85.178} {269.809 85.263}
Shape #1:        box = {269.711 85.178} {269.761 85.618}
                 net = VSS
Shape #2:        box = {269.809 85.153} {270.191 85.263}
                 net = VSS
=================
Error type:      insufficient space between two same-net metal-shapes
Violated rule:   Min-Spacing-On-Layer
Layer:           M1
Minimal spacing: 0.05
Actual  spacing: 0.024(west - east)
Spacing box:     {289.785 110.258} {289.809 110.343}
Shape #1:        box = {289.735 110.258} {289.785 110.652}
                 net = VDD
Shape #2:        box = {289.809 110.233} {290.191 110.343}
                 net = VDD
=================
Error type:      insufficient space between two same-net metal-shapes
Violated rule:   Min-Spacing-On-Layer
Layer:           M1
Minimal spacing: 0.05
Actual  spacing: 0.006(west - east)
Spacing box:     {269.803 131.994} {269.809 132.079}
Shape #1:        box = {269.753 131.994} {269.803 132.271}
                 net = VSS
Shape #2:        box = {269.809 131.969} {270.191 132.079}
                 net = VSS
=================
Error type:      insufficient space between two same-net metal-shapes
Violated rule:   Min-Spacing-On-Layer
Layer:           M1
Minimal spacing: 0.05
Actual  spacing: 0.024(west - east)
Spacing box:     {229.785 135.338} {229.809 135.423}
Shape #1:        box = {229.735 135.338} {229.785 135.778}
                 net = VSS
Shape #2:        box = {229.809 135.313} {230.191 135.423}
                 net = VSS
=================
Error type:      insufficient space between two same-net metal-shapes
Violated rule:   Min-Spacing-On-Layer
Layer:           M1
Minimal spacing: 0.05
Actual  spacing: 0.048(west - east)
Spacing box:     {269.761 138.657} {269.809 138.742}
Shape #1:        box = {269.711 138.479} {269.761 138.742}
                 net = VSS
Shape #2:        box = {269.809 138.657} {270.191 138.767}
                 net = VSS
=================
Error type:      insufficient space between two same-net metal-shapes
Violated rule:   Min-Spacing-On-Layer
Layer:           M1
Minimal spacing: 0.05
Actual  spacing: 0.048(west - east)
Spacing box:     {269.761 165.409} {269.809 165.494}
Shape #1:        box = {269.711 165.231} {269.761 165.494}
                 net = VSS
Shape #2:        box = {269.809 165.409} {270.191 165.519}
                 net = VSS
=================
Error type:      insufficient space between two same-net metal-shapes
Violated rule:   Min-Spacing-On-Layer
Layer:           M1
Minimal spacing: 0.05
Actual  spacing: 0.024(west - east)
Spacing box:     {229.785 185.473} {229.809 185.558}
Shape #1:        box = {229.735 185.118} {229.785 185.558}
                 net = VSS
Shape #2:        box = {229.809 185.473} {230.191 185.583}
                 net = VSS
=================
Error type:      insufficient space between two same-net metal-shapes
Violated rule:   Min-Spacing-On-Layer
Layer:           M1
Minimal spacing: 0.05
Actual  spacing: 0.024(west - east)
Spacing box:     {229.785 195.505} {229.809 195.59}
Shape #1:        box = {229.735 195.257} {229.785 195.59}
                 net = VSS
Shape #2:        box = {229.809 195.505} {230.191 195.615}
                 net = VSS
=================
Error type:      insufficient space between two same-net metal-shapes
Violated rule:   Min-Spacing-On-Layer
Layer:           M1
Minimal spacing: 0.05
Actual  spacing: 0.024(west - east)
Spacing box:     {229.785 208.906} {229.809 208.991}
Shape #1:        box = {229.735 208.906} {229.785 209.346}
                 net = VSS
Shape #2:        box = {229.809 208.881} {230.191 208.991}
                 net = VSS
=================
Error type:      insufficient space between two same-net metal-shapes
Violated rule:   Min-Spacing-On-Layer
Layer:           M1
Minimal spacing: 0.05
Actual  spacing: 0.048(west - east)
Spacing box:     {269.761 249.034} {269.809 249.119}
Shape #1:        box = {269.711 249.034} {269.761 249.474}
                 net = VSS
Shape #2:        box = {269.809 249.009} {270.191 249.119}
                 net = VSS
=================
Error type:      insufficient space between two same-net metal-shapes
Violated rule:   Min-Spacing-On-Layer
Layer:           M1
Minimal spacing: 0.05
Actual  spacing: 0.048(west - east)
Spacing box:     {269.761 252.353} {269.809 252.463}
Shape #1:        box = {269.711 252.175} {269.761 252.641}
                 net = VSS
Shape #2:        box = {269.809 252.353} {270.191 252.463}
                 net = VSS
=================
Error type:      insufficient space between two same-net metal-shapes
Violated rule:   Min-Spacing-On-Layer
Layer:           M1
Minimal spacing: 0.05
Actual  spacing: 0.043(north - south)
Spacing box:     {269.863 272.374} {270.191 272.417}
Shape #1:        box = {269.809 272.417} {270.191 272.527}
                 net = VSS
Shape #2:        box = {269.863 272.324} {270.281 272.374}
                 net = VSS
=================
Error type:      insufficient space between two same-net metal-shapes
Violated rule:   Min-Spacing-On-Layer
Layer:           M1
Minimal spacing: 0.05
Actual  spacing: 0.048(west - east)
Spacing box:     {269.761 275.761} {269.809 275.846}
Shape #1:        box = {269.711 275.583} {269.761 275.846}
                 net = VSS
Shape #2:        box = {269.809 275.761} {270.191 275.871}
                 net = VSS
=================
Error type:      insufficient space between two same-net metal-shapes
Violated rule:   Min-Spacing-On-Layer
Layer:           M1
Minimal spacing: 0.05
Actual  spacing: 0.028(west - east)
Spacing box:     {229.781 282.474} {229.809 282.559}
Shape #1:        box = {229.731 282.474} {229.781 282.966}
                 net = VSS
Shape #2:        box = {229.809 282.449} {230.191 282.559}
                 net = VSS
=================
Error type:      insufficient space between two same-net metal-shapes
Violated rule:   Min-Spacing-On-Layer
Layer:           M1
Minimal spacing: 0.05
Actual  spacing: 0.004(west - east)
Spacing box:     {230.191 285.793} {230.195 285.878}
Shape #1:        box = {229.809 285.793} {230.191 285.903}
                 net = VSS
Shape #2:        box = {230.195 285.386} {230.245 285.878}
                 net = VSS
=================
Error type:      insufficient space between two same-net metal-shapes
Violated rule:   Min-Spacing-On-Layer
Layer:           M1
Minimal spacing: 0.05
Actual  spacing: 0.048(west - east)
Spacing box:     {269.761 285.818} {269.809 285.903}
Shape #1:        box = {269.711 285.818} {269.761 286.258}
                 net = VSS
Shape #2:        box = {269.809 285.793} {270.191 285.903}
                 net = VSS
=================
Error type:      insufficient space between two same-net metal-shapes
Violated rule:   Min-Spacing-On-Layer
Layer:           M1
Minimal spacing: 0.05
Actual  spacing: 0.028(west - east)
Spacing box:     {229.781 289.137} {229.809 289.222}
Shape #1:        box = {229.731 288.73} {229.781 289.222}
                 net = VSS
Shape #2:        box = {229.809 289.137} {230.191 289.247}
                 net = VSS
=================
Error type:      insufficient space between two same-net metal-shapes
Violated rule:   Min-Spacing-On-Layer
Layer:           M1
Minimal spacing: 0.05
Actual  spacing: 0.004(west - east)
Spacing box:     {230.191 289.137} {230.195 289.222}
Shape #1:        box = {229.809 289.137} {230.191 289.247}
                 net = VSS
Shape #2:        box = {230.195 288.73} {230.245 289.222}
                 net = VSS
=================
Error type:      insufficient space between two same-net metal-shapes
Violated rule:   Min-Spacing-On-Layer
Layer:           M1
Minimal spacing: 0.05
Actual  spacing: 0.024(west - east)
Spacing box:     {229.785 302.513} {229.809 302.598}
Shape #1:        box = {229.735 302.164} {229.785 302.598}
                 net = VSS
Shape #2:        box = {229.809 302.513} {230.191 302.623}
                 net = VSS
==============================================================
