Using libraries: cv32e40p_icc2_lib saed32rvt_tt saed32lvt_tt saed32hvt_tt
Visiting block cv32e40p_icc2_lib:cv32e40p_synth_wrap_maxtran_eco6_u246_rvt_swap.design
Design 'cv32e40p_synth_wrap' was successfully linked.
Information: Timer using 1 threads
Information: Corner default: no PVT mismatches. (PVT-032)
****************************************
Report : cell
Design : cv32e40p_synth_wrap
Version: W-2024.09-SP2
Date   : Sun May 10 11:11:15 2026
****************************************

Attributes
    b - black-box (unknown)
    h - hierarchical
    n - noncombinational
    u - contains unmapped logic
    E - extracted timing model
    Q - Quick timing model
    U - Unbound (missing)
    s - user size_only
    S - implicit size_only
    d - user dont_touch
    D - derived dont_touch
    o - synthetic operator


Cell                      Reference       Library          Attributes
--------------------------------------------------------------------------------
U246                      AND4X4_HVT      saed32hvt_tt     S
--------------------------------------------------------------------------------
Total 1 cells

1
