****************************************
Report : Report drc errors
Design : cv32e40p_synth_wrap
Data   : zroute.err
Type   : error_layer
Version: W-2024.09-SP2
Date   : Sat May  9 13:09:57 2026
****************************************

ErrorSet                                    Total   Visible     Fixed   Ignored
--------------------------------------------------------------------------------
Design : cv32e40p_synth_wrap                109     109         0       0
      Data : zroute.err                     109     109         0       0
            M1 (11)                         3       3           0       0
                Off-grid                    2       2           0       0
                Same net spacing            1       1           0       0
            M2 (13)                         51      51          0       0
                Off-grid                    51      51          0       0
            VIA1 (12)                       55      55          0       0
                Off-grid                    55      55          0       0
1
