DRC to cell pin access coordinate match
drc_markers=7_Backend_ICC2/4_Report/trials/route_combo_no012_a2_pin_swap/99_marker_context/all_drc_markers.tsv
marker_context=7_Backend_ICC2/4_Report/trials/route_combo_no012_a2_pin_swap/99_marker_context_all/marker_context.rpt
pin_access=7_Backend_ICC2/4_Report/trials/route_combo_no012_a2_pin_swap/99_pin_access_after_pin_swap/report_cell_pin_access.targets.details.rpt
threshold=0.080
markers=103
matched=97
unmatched=6

By access status
   97 Routable

By pin
   97 A2

Most repeated leaf cell names
    2 U5633
    2 U2688
    2 U3375
    2 U1195
    2 U3540
    2 U1193
    2 U2475
    2 U204
    2 U1198
    2 U1700
    2 U1200
    2 U1190
    2 U5127
    2 U5112
    2 U110
    2 U582
    2 U577
    2 U394
    2 U392
    2 U1160
    2 U4296
    2 U4285
    2 U4266
    2 U5113
    2 U4256
    2 U2548
    2 U4234
    2 U2033
    2 U2150
    2 U2618
