 
****************************************
Report : DFT signals
Design : cv32e40p_synth_wrap
Version: W-2024.09-SP5-5
Date   : Sat May  9 11:22:21 2026
****************************************

========================================
TEST MODE: all_dft_user
VIEW     : Existing DFT
========================================
Port               SignalType          Active    Hookup    Timing    Usage
----------         ----------          ------    ------    ------    -----
scan_cg_en_i       TestMode            1         -
clk_i              ScanMasterClock     1         -         P 100.0 R 45.0 F 55.0
clk_i              MasterClock         1         -         P 100.0 R 45.0 F 55.0
rst_ni             Reset               0         -         P 100.0 R 55.0 F 45.0
========================================
TEST MODE: all_dft_protocol
VIEW     : Existing DFT
========================================
Port               SignalType          Active    Hookup    Timing    Usage
----------         ----------          ------    ------    ------    -----
scan_cg_en_i       TestMode            1         -
clk_i              ScanMasterClock     1         -         P 100.0 R 45.0 F 55.0
clk_i              MasterClock         1         -         P 100.0 R 45.0 F 55.0
rst_ni             Reset               0         -         P 100.0 R 55.0 F 45.0
========================================
TEST MODE: all_dft
VIEW     : Existing DFT
========================================
Port               SignalType          Active    Hookup    Timing    Usage
----------         ----------          ------    ------    ------    -----
scan_cg_en_i       TestMode            1         -
clk_i              ScanMasterClock     1         -         P 100.0 R 45.0 F 55.0
clk_i              MasterClock         1         -         P 100.0 R 45.0 F 55.0
rst_ni             Reset               0         -         P 100.0 R 55.0 F 45.0
========================================
TEST MODE: Internal_scan_user
VIEW     : Existing DFT
========================================
Port               SignalType          Active    Hookup    Timing    Usage
----------         ----------          ------    ------    ------    -----
scan_cg_en_i       TestMode            1         -
clk_i              ScanMasterClock     1         -         P 100.0 R 45.0 F 55.0
clk_i              MasterClock         1         -         P 100.0 R 45.0 F 55.0
rst_ni             Reset               0         -         P 100.0 R 55.0 F 45.0
========================================
TEST MODE: Internal_scan_protocol
VIEW     : Existing DFT
========================================
Port               SignalType          Active    Hookup    Timing    Usage
----------         ----------          ------    ------    ------    -----
scan_cg_en_i       TestMode            1         -
clk_i              ScanMasterClock     1         -         P 100.0 R 45.0 F 55.0
clk_i              MasterClock         1         -         P 100.0 R 45.0 F 55.0
rst_ni             Reset               0         -         P 100.0 R 55.0 F 45.0
========================================
TEST MODE: Internal_scan
VIEW     : Existing DFT
========================================
Port               SignalType          Active    Hookup    Timing    Usage
----------         ----------          ------    ------    ------    -----
scan_cg_en_i       TestMode            1         -
clk_i              ScanMasterClock     1         -         P 100.0 R 45.0 F 55.0
clk_i              MasterClock         1         -         P 100.0 R 45.0 F 55.0
rst_ni             Reset               0         -         P 100.0 R 55.0 F 45.0

1
