SDFFARX1_RVT blocked access / route DRC overlap summary

blocked_report=7_Backend_ICC2/4_Report/trials/sdffarx1_current_blocked_detail/99_pin_access/blocked_access.by_ref_cell_pin.rpt
drc_report=7_Backend_ICC2/4_Report/trials/route_via_effort_scan_def_m8/06_route/drc_detail/drc.detailed.rpt
hotspot_bbox=(215.0, 195.0, 265.0, 265.0)

sdffarx1_blocked_point_count=352
route_drc_marker_count=389
hotspot_drc_marker_count=119
sdffarx1_blocked_points_inside_hotspot=11
sdffarx1_points_with_nearest_drc_inside_hotspot=11

Nearest DRC radius counts, all SDFFARX1 points:
  <=1um: 12
  <=2um: 18
  <=5um: 54
  <=10um: 140
  <=25um: 237
  <=50um: 342

Nearest DRC radius counts, SDFFARX1 points inside hotspot:
  <=1um: 0
  <=2um: 0
  <=5um: 6
  <=10um: 10
  <=25um: 11
  <=50um: 11

Blocked points by pin:
  RSTB: 120
  SE: 90
  CLK: 78
  Q: 40
  SI: 18
  QN: 6

Hotspot blocked points by pin:
  SE: 3
  SI: 3
  CLK: 3
  Q: 2

Nearest DRC type counts:
  Diff net spacing: 174
  Off-grid: 96
  Needs fat contact: 58
  Short: 24

Nearest DRC layer counts:
  M1 (11): 169
  M2 (13): 71
  M1 (11)-M2 (13): 58
  VIA1 (12): 53
  M3 (15): 1

Top SDFFARX1 blocked buckets:
  140-160,040-060: 13
  300-320,220-240: 11
  240-260,140-160: 10
  240-260,060-080: 9
  240-260,100-120: 9
  300-320,120-140: 9
  040-060,160-180: 7
  180-200,080-100: 7
  040-060,240-260: 7
  240-260,120-140: 7
  220-240,140-160: 7
  080-100,080-100: 6
  040-060,140-160: 6
  120-140,160-180: 6
  080-100,160-180: 6
  180-200,180-200: 6
  260-280,060-080: 6
  240-260,080-100: 6
  260-280,080-100: 6
  180-200,020-040: 6

SDFFARX1 hotspot blocked points:
  u_core/core_i/cs_registers_i/mhpmcounter_q_reg[3][4] Q point=(259.7040,216.6880) nearest=Needs fat contact M1 (11)-M2 (13) dist=6.4721um
  u_core/core_i/cs_registers_i/mhpmcounter_q_reg[3][10] Q point=(259.7040,211.2160) nearest=Needs fat contact M1 (11)-M2 (13) dist=11.9036um
  u_core/core_i/cs_registers_i/mhpmcounter_q_reg[3][11] SE point=(260.3120,214.9825) nearest=Needs fat contact M1 (11)-M2 (13) dist=8.1023um
  u_core/core_i/cs_registers_i/mhpmcounter_q_reg[3][11] SE point=(260.3120,215.0160) nearest=Needs fat contact M1 (11)-M2 (13) dist=8.0689um
  u_core/core_i/cs_registers_i/mhpmcounter_q_reg[3][11] SE point=(260.3120,214.9992) nearest=Needs fat contact M1 (11)-M2 (13) dist=8.0857um
  u_core/core_i/ex_stage_i/alu_i/alu_div_i/AReg_DP_reg[24] SI point=(259.7040,253.7385) nearest=Needs fat contact M1 (11)-M2 (13) dist=4.3186um
  u_core/core_i/ex_stage_i/alu_i/alu_div_i/AReg_DP_reg[24] SI point=(259.7040,253.7760) nearest=Needs fat contact M1 (11)-M2 (13) dist=4.3526um
  u_core/core_i/ex_stage_i/alu_i/alu_div_i/AReg_DP_reg[24] SI point=(259.7040,253.7572) nearest=Needs fat contact M1 (11)-M2 (13) dist=4.3356um
  u_core/core_i/ex_stage_i/alu_i/alu_div_i/AReg_DP_reg[24] CLK point=(260.3120,253.9080) nearest=Needs fat contact M1 (11)-M2 (13) dist=4.7533um
  u_core/core_i/ex_stage_i/alu_i/alu_div_i/AReg_DP_reg[24] CLK point=(260.3120,253.9280) nearest=Needs fat contact M1 (11)-M2 (13) dist=4.7705um
  u_core/core_i/ex_stage_i/alu_i/alu_div_i/AReg_DP_reg[24] CLK point=(260.3120,253.9180) nearest=Needs fat contact M1 (11)-M2 (13) dist=4.7619um
