****************************************
Report : constraint
	-all_violators
	-path slack_only
Design : cv32e40p_synth_wrap
Version: W-2024.09-SP5-3
Date   : Thu May  7 23:20:40 2026
****************************************






   max_capacitance

                             Required        Actual
   Pin                      Capacitance    Capacitance       Slack
   -----------------------------------------------------------------
   u_core/core_i/cs_registers_i/U338/Y
                               16.00          47.35         -31.35  (VIOLATED)
   u_core/core_i/id_stage_i/U14/Y
                               16.00          42.89         -26.89  (VIOLATED)
   u_core/core_i/U38/Y         16.00          42.51         -26.51  (VIOLATED)
   u_core/core_i/id_stage_i/U7/Y
                               16.00          41.75         -25.75  (VIOLATED)
   u_core/core_i/U208/Y        16.00          40.26         -24.26  (VIOLATED)
   u_core/core_i/id_stage_i/U3/Y
                               16.00          39.47         -23.47  (VIOLATED)
   u_core/core_i/id_stage_i/U9/Y
                               16.00          39.47         -23.47  (VIOLATED)
   u_core/core_i/U25/Y         16.00          39.28         -23.28  (VIOLATED)
   u_core/core_i/U14/Y         16.00          39.14         -23.14  (VIOLATED)
   u_core/core_i/U30/Y         16.00          39.14         -23.14  (VIOLATED)
   u_core/core_i/U273/Y        16.00          39.14         -23.14  (VIOLATED)
   u_core/core_i/id_stage_i/U5/Y
                               16.00          38.63         -22.63  (VIOLATED)
   u_core/core_i/id_stage_i/U6/Y
                               16.00          38.33         -22.33  (VIOLATED)
   u_core/core_i/U103/Y        16.00          38.01         -22.01  (VIOLATED)
   u_core/core_i/U1066/Y       16.00          38.01         -22.01  (VIOLATED)
   u_core/core_i/U15/Y         16.00          36.88         -20.88  (VIOLATED)
   u_core/core_i/U29/Y         16.00          36.88         -20.88  (VIOLATED)
   u_core/core_i/U17/Y         16.00          35.76         -19.76  (VIOLATED)
   u_core/core_i/U24/Y         16.00          35.76         -19.76  (VIOLATED)
   u_core/core_i/U62/Y         16.00          35.76         -19.76  (VIOLATED)
   u_core/core_i/cs_registers_i/U8/Y
                               16.00          35.43         -19.43  (VIOLATED)
   u_core/core_i/id_stage_i/U24/Y
                               16.00          34.92         -18.92  (VIOLATED)
   u_core/core_i/id_stage_i/U25/Y
                               16.00          34.92         -18.92  (VIOLATED)
   u_core/core_i/id_stage_i/U37/Y
                               16.00          34.92         -18.92  (VIOLATED)
   u_core/core_i/cs_registers_i/U5/Y
                               16.00          34.41         -18.41  (VIOLATED)
   u_core/core_i/U1068/Y        8.00          26.27         -18.27  (VIOLATED)
   u_core/core_i/U2072/Y       16.00          34.05         -18.05  (VIOLATED)
   u_core/core_i/id_stage_i/U12/Y
                               16.00          33.78         -17.78  (VIOLATED)
   u_core/core_i/id_stage_i/U22/Y
                               16.00          33.78         -17.78  (VIOLATED)
   u_core/core_i/U31/Y         16.00          33.51         -17.51  (VIOLATED)
   u_core/core_i/U2148/Y        8.00          24.57         -16.57  (VIOLATED)
   u_core/core_i/U22/Y         16.00          32.38         -16.38  (VIOLATED)
   u_core/core_i/cs_registers_i/U9/Y
                               16.00          31.94         -15.94  (VIOLATED)
   u_core/core_i/id_stage_i/U11/Y
                               16.00          31.50         -15.50  (VIOLATED)
   u_core/core_i/id_stage_i/U21/Y
                               16.00          31.50         -15.50  (VIOLATED)
   u_core/core_i/id_stage_i/U38/Y
                               16.00          31.50         -15.50  (VIOLATED)
   u_core/core_i/U21/Y         16.00          31.26         -15.26  (VIOLATED)
   u_core/core_i/U118/Y        16.00          31.26         -15.26  (VIOLATED)
   u_core/core_i/U2221/Y        8.00          22.92         -14.92  (VIOLATED)
   u_core/core_i/cs_registers_i/U12/Y
                               16.00          30.78         -14.78  (VIOLATED)
   u_core/core_i/cs_registers_i/U13/Y
                               16.00          30.78         -14.78  (VIOLATED)
   u_core/core_i/U1306/Y        8.00          22.58         -14.58  (VIOLATED)
   u_core/core_i/cs_registers_i/U150/Y
                                8.00          22.34         -14.34  (VIOLATED)
   u_core/core_i/U191/Y        16.00          30.13         -14.13  (VIOLATED)
   u_core/core_i/cs_registers_i/U7/Y
                               16.00          29.76         -13.76  (VIOLATED)
   u_core/core_i/cs_registers_i/U6/Y
                               16.00          29.61         -13.61  (VIOLATED)
   u_core/core_i/cs_registers_i/U11/Y
                               16.00          29.61         -13.61  (VIOLATED)
   u_core/core_i/id_stage_i/U146/Y
                                8.00          21.36         -13.36  (VIOLATED)
   u_core/core_i/id_stage_i/U4/Y
                               16.00          29.22         -13.22  (VIOLATED)
   u_core/core_i/id_stage_i/U18/Y
                               16.00          29.22         -13.22  (VIOLATED)
   u_core/core_i/id_stage_i/U19/Y
                               16.00          29.22         -13.22  (VIOLATED)
   u_core/core_i/id_stage_i/U28/Y
                               16.00          29.22         -13.22  (VIOLATED)
   u_core/core_i/id_stage_i/U35/Y
                               16.00          29.22         -13.22  (VIOLATED)
   u_core/core_i/U124/Y        16.00          29.01         -13.01  (VIOLATED)
   u_core/core_i/U168/Y        16.00          29.01         -13.01  (VIOLATED)
   u_core/core_i/U280/Y        16.00          29.01         -13.01  (VIOLATED)
   u_core/core_i/U1060/Y        8.00          21.00         -13.00  (VIOLATED)
   u_core/core_i/cs_registers_i/U1131/Y
                                8.00          20.71         -12.71  (VIOLATED)
   u_core/core_i/cs_registers_i/U1237/Y
                                8.00          20.71         -12.71  (VIOLATED)
   u_core/core_i/cs_registers_i/U1028/Y
                                8.00          20.47         -12.47  (VIOLATED)
   u_core/core_i/cs_registers_i/U4/Y
                               16.00          28.45         -12.45  (VIOLATED)
   u_core/core_i/id_stage_i/U196/Y
                                8.00          20.18         -12.18  (VIOLATED)
   u_core/core_i/id_stage_i/U16/Y
                               16.00          28.08         -12.08  (VIOLATED)
   u_core/core_i/id_stage_i/U27/Y
                               16.00          28.08         -12.08  (VIOLATED)
   u_core/core_i/id_stage_i/U30/Y
                               16.00          28.08         -12.08  (VIOLATED)
   u_core/core_i/U27/Y         16.00          28.03         -12.03  (VIOLATED)
   u_core/core_i/U101/Y        16.00          27.88         -11.88  (VIOLATED)
   u_core/core_i/U275/Y        16.00          27.88         -11.88  (VIOLATED)
   u_core/core_i/U279/Y        16.00          27.88         -11.88  (VIOLATED)
   u_core/core_i/U1093/Y        8.00          19.81         -11.81  (VIOLATED)
   u_core/core_i/id_stage_i/U190/Y
                                8.00          19.57         -11.57  (VIOLATED)
   u_core/core_i/cs_registers_i/U1234/Y
                                8.00          19.50         -11.50  (VIOLATED)
   u_core/core_i/U310/Y         8.00          19.41         -11.41  (VIOLATED)
   u_core/core_i/id_stage_i/U416/Y
                                8.00          19.33         -11.33  (VIOLATED)
   u_core/core_i/cs_registers_i/U143/Y
                                8.00          19.10         -11.10  (VIOLATED)
   u_core/core_i/cs_registers_i/U120/Y
                                8.00          19.02         -11.02  (VIOLATED)
   u_core/core_i/cs_registers_i/U141/Y
                                8.00          18.96         -10.96  (VIOLATED)
   u_core/core_i/id_stage_i/U8/Y
                               16.00          26.94         -10.94  (VIOLATED)
   u_core/core_i/id_stage_i/U20/Y
                               16.00          26.94         -10.94  (VIOLATED)
   u_core/core_i/id_stage_i/U34/Y
                               16.00          26.94         -10.94  (VIOLATED)
   u_core/core_i/id_stage_i/U412/Y
                                8.00          18.83         -10.83  (VIOLATED)
   u_core/core_i/id_stage_i/U191/Y
                                8.00          18.82         -10.82  (VIOLATED)
   u_core/core_i/U16/Y         16.00          26.75         -10.75  (VIOLATED)
   u_core/core_i/U281/Y        16.00          26.75         -10.75  (VIOLATED)
   u_core/core_i/id_stage_i/U126/Y
                                8.00          18.70         -10.70  (VIOLATED)
   u_core/core_i/id_stage_i/U135/Y
                                8.00          18.57         -10.57  (VIOLATED)
   u_core/core_i/cs_registers_i/U142/Y
                                8.00          18.36         -10.36  (VIOLATED)
   u_core/core_i/cs_registers_i/U119/Y
                                8.00          18.36         -10.36  (VIOLATED)
   u_core/core_i/cs_registers_i/U145/Y
                                8.00          18.36         -10.36  (VIOLATED)
   u_core/core_i/id_stage_i/U81/Y
                                8.00          18.11         -10.11  (VIOLATED)
   u_core/core_i/id_stage_i/U109/Y
                                8.00          18.11         -10.11  (VIOLATED)
   u_core/core_i/id_stage_i/U113/Y
                                8.00          18.11         -10.11  (VIOLATED)
   u_core/core_i/id_stage_i/U115/Y
                                8.00          18.11         -10.11  (VIOLATED)
   u_core/core_i/id_stage_i/U197/Y
                                8.00          18.08         -10.08  (VIOLATED)
   u_core/core_i/cs_registers_i/U1129/Y
                                8.00          18.06         -10.06  (VIOLATED)
   u_core/core_i/U26/Y          8.00          17.86          -9.86  (VIOLATED)
   u_core/core_i/U4458/Y        8.00          17.86          -9.86  (VIOLATED)
   u_core/core_i/id_stage_i/U127/Y
                                8.00          17.84          -9.84  (VIOLATED)
   u_core/core_i/U4450/Y        8.00          17.81          -9.81  (VIOLATED)
   u_core/core_i/id_stage_i/U15/Y
                               16.00          25.80          -9.80  (VIOLATED)
   u_core/core_i/id_stage_i/U26/Y
                               16.00          25.80          -9.80  (VIOLATED)
   u_core/core_i/U13/Y         16.00          25.63          -9.63  (VIOLATED)
   u_core/core_i/id_stage_i/U87/Y
                                8.00          17.44          -9.44  (VIOLATED)
   u_core/core_i/id_stage_i/U88/Y
                                8.00          17.44          -9.44  (VIOLATED)
   u_core/core_i/id_stage_i/U89/Y
                                8.00          17.44          -9.44  (VIOLATED)
   u_core/core_i/id_stage_i/U90/Y
                                8.00          17.44          -9.44  (VIOLATED)
   u_core/core_i/id_stage_i/U91/Y
                                8.00          17.44          -9.44  (VIOLATED)
   u_core/core_i/id_stage_i/U92/Y
                                8.00          17.44          -9.44  (VIOLATED)
   u_core/core_i/id_stage_i/U93/Y
                                8.00          17.44          -9.44  (VIOLATED)
   u_core/core_i/id_stage_i/U94/Y
                                8.00          17.44          -9.44  (VIOLATED)
   u_core/core_i/id_stage_i/U95/Y
                                8.00          17.44          -9.44  (VIOLATED)
   u_core/core_i/id_stage_i/U96/Y
                                8.00          17.44          -9.44  (VIOLATED)
   u_core/core_i/id_stage_i/U97/Y
                                8.00          17.44          -9.44  (VIOLATED)
   u_core/core_i/id_stage_i/U98/Y
                                8.00          17.44          -9.44  (VIOLATED)
   u_core/core_i/id_stage_i/U99/Y
                                8.00          17.44          -9.44  (VIOLATED)
   u_core/core_i/id_stage_i/U100/Y
                                8.00          17.44          -9.44  (VIOLATED)
   u_core/core_i/id_stage_i/U101/Y
                                8.00          17.44          -9.44  (VIOLATED)
   u_core/core_i/id_stage_i/U102/Y
                                8.00          17.44          -9.44  (VIOLATED)
   u_core/core_i/id_stage_i/U103/Y
                                8.00          17.44          -9.44  (VIOLATED)
   u_core/core_i/id_stage_i/U104/Y
                                8.00          17.44          -9.44  (VIOLATED)
   u_core/core_i/id_stage_i/U105/Y
                                8.00          17.44          -9.44  (VIOLATED)
   u_core/core_i/id_stage_i/U106/Y
                                8.00          17.44          -9.44  (VIOLATED)
   u_core/core_i/id_stage_i/U107/Y
                                8.00          17.44          -9.44  (VIOLATED)
   u_core/core_i/id_stage_i/U108/Y
                                8.00          17.44          -9.44  (VIOLATED)
   u_core/core_i/id_stage_i/U110/Y
                                8.00          17.44          -9.44  (VIOLATED)
   u_core/core_i/id_stage_i/U111/Y
                                8.00          17.44          -9.44  (VIOLATED)
   u_core/core_i/id_stage_i/U112/Y
                                8.00          17.44          -9.44  (VIOLATED)
   u_core/core_i/id_stage_i/U114/Y
                                8.00          17.44          -9.44  (VIOLATED)
   u_core/core_i/id_stage_i/U116/Y
                                8.00          17.44          -9.44  (VIOLATED)
   u_core/core_i/U1062/Y        8.00          17.44          -9.44  (VIOLATED)
   u_core/core_i/cs_registers_i/U56/Y
                                8.00          17.37          -9.37  (VIOLATED)
   u_core/core_i/U1657/Y        8.00          17.03          -9.03  (VIOLATED)
   u_core/core_i/id_stage_i/U17/Y
                               16.00          24.67          -8.67  (VIOLATED)
   u_core/core_i/id_stage_i/U29/Y
                               16.00          24.67          -8.67  (VIOLATED)
   u_core/core_i/id_stage_i/U36/Y
                               16.00          24.67          -8.67  (VIOLATED)
   u_core/core_i/U4447/Y        8.00          16.55          -8.55  (VIOLATED)
   u_core/core_i/U65/Y         16.00          24.50          -8.50  (VIOLATED)
   u_core/core_i/U1648/Y        8.00          16.37          -8.37  (VIOLATED)
   u_core/core_i/cs_registers_i/U68/Y
                                8.00          16.35          -8.35  (VIOLATED)
   u_core/core_i/cs_registers_i/U149/Y
                                8.00          16.13          -8.13  (VIOLATED)
   u_core/core_i/cs_registers_i/U155/Y
                                8.00          15.87          -7.87  (VIOLATED)
   u_core/core_i/cs_registers_i/U14/Y
                               16.00          23.80          -7.80  (VIOLATED)
   u_core/core_i/U2537/Y        8.00          15.74          -7.74  (VIOLATED)
   u_core/core_i/id_stage_i/U1355/Y
                               16.00          23.71          -7.71  (VIOLATED)
   u_core/core_i/id_stage_i/U10/Y
                               16.00          23.53          -7.53  (VIOLATED)
   u_core/core_i/id_stage_i/U13/Y
                               16.00          23.53          -7.53  (VIOLATED)
   u_core/core_i/id_stage_i/U23/Y
                               16.00          23.53          -7.53  (VIOLATED)
   u_core/core_i/id_stage_i/U31/Y
                               16.00          23.53          -7.53  (VIOLATED)
   u_core/core_i/id_stage_i/U60/Y
                                8.00          15.43          -7.43  (VIOLATED)
   u_core/core_i/cs_registers_i/U1328/Y
                                8.00          15.38          -7.38  (VIOLATED)
   u_core/core_i/U276/Y        16.00          23.38          -7.38  (VIOLATED)
   u_core/core_i/id_stage_i/U1364/Y
                               16.00          23.28          -7.28  (VIOLATED)
   u_core/core_i/cs_registers_i/U42/Y
                                8.00          15.25          -7.25  (VIOLATED)
   u_core/core_i/cs_registers_i/U272/Y
                                8.00          15.06          -7.06  (VIOLATED)
   u_core/core_i/U1624/Y        8.00          15.04          -7.04  (VIOLATED)
   u_core/core_i/id_stage_i/U258/Y
                                8.00          15.03          -7.03  (VIOLATED)
   u_core/core_i/cs_registers_i/U52/Y
                                8.00          15.00          -7.00  (VIOLATED)
   u_core/core_i/cs_registers_i/U79/Y
                               16.00          22.71          -6.71  (VIOLATED)
   u_core/core_i/U4044/Y        8.00          14.49          -6.49  (VIOLATED)
   u_core/core_i/id_stage_i/U3336/Y
                                8.00          14.45          -6.45  (VIOLATED)
   u_core/core_i/id_stage_i/U33/Y
                               16.00          22.39          -6.39  (VIOLATED)
   u_core/core_i/cs_registers_i/U144/Y
                                8.00          14.33          -6.33  (VIOLATED)
   u_core/core_i/id_stage_i/U58/Y
                                8.00          14.19          -6.19  (VIOLATED)
   u_core/core_i/cs_registers_i/U72/Y
                               16.00          22.10          -6.10  (VIOLATED)
   u_core/core_i/id_stage_i/alu_operator_ex_o_reg[2]/Q
                                8.00          14.08          -6.08  (VIOLATED)
   u_core/core_i/U830/Y         8.00          14.06          -6.06  (VIOLATED)
   u_core/core_i/U1541/Y        8.00          13.78          -5.78  (VIOLATED)
   u_core/core_i/cs_registers_i/U10/Y
                               16.00          21.77          -5.77  (VIOLATED)
   u_core/core_i/U1051/Y        8.00          13.64          -5.64  (VIOLATED)
   u_core/core_i/cs_registers_i/U270/Y
                                8.00          13.58          -5.58  (VIOLATED)
   u_core/core_i/id_stage_i/U59/Y
                                8.00          13.57          -5.57  (VIOLATED)
   u_core/core_i/cs_registers_i/U69/Y
                                8.00          13.49          -5.49  (VIOLATED)
   u_core/core_i/ex_stage_i/regfile_waddr_lsu_reg[1]/Q
                                8.00          13.25          -5.25  (VIOLATED)
   u_core/core_i/cs_registers_i/U216/Y
                                8.00          13.13          -5.13  (VIOLATED)
   u_core/core_i/U1555/Y        8.00          13.03          -5.03  (VIOLATED)
   u_core/core_i/U1542/Y        8.00          12.96          -4.96  (VIOLATED)
   u_core/core_i/U1546/Y        8.00          12.96          -4.96  (VIOLATED)
   u_core/core_i/U1502/Y        8.00          12.94          -4.94  (VIOLATED)
   u_core/core_i/U1538/Y        8.00          12.94          -4.94  (VIOLATED)
   u_core/core_i/U1539/Y        8.00          12.94          -4.94  (VIOLATED)
   u_core/core_i/U1540/Y        8.00          12.94          -4.94  (VIOLATED)
   u_core/core_i/U2242/Y        8.00          12.92          -4.92  (VIOLATED)
   u_core/core_i/U1544/Y        8.00          12.91          -4.91  (VIOLATED)
   u_core/core_i/ex_stage_i/regfile_waddr_lsu_reg[4]/Q
                                8.00          12.89          -4.89  (VIOLATED)
   u_core/core_i/cs_registers_i/U171/Y
                                8.00          12.88          -4.88  (VIOLATED)
   u_core/core_i/U1842/Y        8.00          12.85          -4.85  (VIOLATED)
   u_core/core_i/U1561/Y        8.00          12.82          -4.82  (VIOLATED)
   u_core/core_i/id_stage_i/U208/Y
                               16.00          20.68          -4.68  (VIOLATED)
   u_core/core_i/U1566/Y        8.00          12.66          -4.66  (VIOLATED)
   u_core/core_i/U1499/Y        8.00          12.63          -4.63  (VIOLATED)
   u_core/core_i/U1491/Y        8.00          12.63          -4.63  (VIOLATED)
   u_core/core_i/id_stage_i/U186/Y
                               16.00          20.58          -4.58  (VIOLATED)
   u_core/core_i/U757/Y         8.00          12.38          -4.38  (VIOLATED)
   u_core/core_i/U5804/Y        8.00          12.27          -4.27  (VIOLATED)
   u_core/core_i/U1563/Y        8.00          12.22          -4.22  (VIOLATED)
   u_core/core_i/ex_stage_i/regfile_waddr_lsu_reg[3]/Q
                                8.00          12.12          -4.12  (VIOLATED)
   u_core/core_i/U1063/Y        8.00          12.06          -4.06  (VIOLATED)
   u_core/core_i/U2492/Y        8.00          12.06          -4.06  (VIOLATED)
   u_core/core_i/id_stage_i/regfile_alu_we_ex_o_reg/Q
                                8.00          12.01          -4.01  (VIOLATED)
   u_core/core_i/U1409/Y        8.00          11.97          -3.97  (VIOLATED)
   u_core/core_i/id_stage_i/U359/Y
                                8.00          11.93          -3.93  (VIOLATED)
   u_core/core_i/cs_registers_i/U128/Y
                                8.00          11.89          -3.89  (VIOLATED)
   u_core/core_i/ex_stage_i/regfile_waddr_lsu_reg[2]/Q
                                8.00          11.89          -3.89  (VIOLATED)
   u_core/core_i/id_stage_i/U67/Y
                                8.00          11.87          -3.87  (VIOLATED)
   u_core/core_i/cs_registers_i/U58/Y
                                8.00          11.77          -3.77  (VIOLATED)
   u_core/core_i/id_stage_i/U302/Y
                               16.00          19.77          -3.77  (VIOLATED)
   u_core/core_i/U805/Y         8.00          11.76          -3.76  (VIOLATED)
   u_core/core_i/id_stage_i/U246/Y
                               16.00          19.75          -3.75  (VIOLATED)
   u_core/core_i/id_stage_i/U282/Y
                               16.00          19.75          -3.75  (VIOLATED)
   u_core/core_i/id_stage_i/U283/Y
                               16.00          19.75          -3.75  (VIOLATED)
   u_core/core_i/id_stage_i/U285/Y
                               16.00          19.75          -3.75  (VIOLATED)
   u_core/core_i/id_stage_i/U296/Y
                               16.00          19.75          -3.75  (VIOLATED)
   u_core/core_i/id_stage_i/U279/Y
                               16.00          19.75          -3.75  (VIOLATED)
   u_core/core_i/id_stage_i/U280/Y
                               16.00          19.75          -3.75  (VIOLATED)
   u_core/core_i/id_stage_i/U287/Y
                               16.00          19.75          -3.75  (VIOLATED)
   u_core/core_i/id_stage_i/U303/Y
                               16.00          19.75          -3.75  (VIOLATED)
   u_core/core_i/id_stage_i/U286/Y
                               16.00          19.72          -3.72  (VIOLATED)
   u_core/core_i/id_stage_i/U307/Y
                               16.00          19.71          -3.71  (VIOLATED)
   u_core/core_i/U1015/Y        8.00          11.65          -3.65  (VIOLATED)
   u_core/core_i/U5892/Y       16.00          19.62          -3.62  (VIOLATED)
   u_core/core_i/U2564/Y        8.00          11.60          -3.60  (VIOLATED)
   u_core/core_i/U1724/Y        8.00          11.60          -3.60  (VIOLATED)
   u_core/core_i/U5803/Y        8.00          11.59          -3.59  (VIOLATED)
   u_core/core_i/id_stage_i/U315/Y
                                8.00          11.59          -3.59  (VIOLATED)
   u_core/core_i/cs_registers_i/U44/Y
                                8.00          11.46          -3.46  (VIOLATED)
   u_core/core_i/U295/Y         8.00          11.41          -3.41  (VIOLATED)
   u_core/core_i/id_stage_i/U1027/Y
                               16.00          19.40          -3.40  (VIOLATED)
   u_core/core_i/id_stage_i/U1053/Y
                               16.00          19.40          -3.40  (VIOLATED)
   u_core/core_i/id_stage_i/U1128/Y
                               16.00          19.40          -3.40  (VIOLATED)
   u_core/core_i/id_stage_i/U1190/Y
                               16.00          19.40          -3.40  (VIOLATED)
   u_core/core_i/id_stage_i/U343/Y
                               16.00          19.38          -3.38  (VIOLATED)
   u_core/core_i/id_stage_i/U345/Y
                               16.00          19.38          -3.38  (VIOLATED)
   u_core/core_i/id_stage_i/U349/Y
                               16.00          19.38          -3.38  (VIOLATED)
   u_core/core_i/id_stage_i/U351/Y
                               16.00          19.38          -3.38  (VIOLATED)
   u_core/core_i/id_stage_i/U352/Y
                               16.00          19.38          -3.38  (VIOLATED)
   u_core/core_i/id_stage_i/U358/Y
                               16.00          19.38          -3.38  (VIOLATED)
   u_core/core_i/cs_registers_i/U74/Y
                               16.00          19.32          -3.32  (VIOLATED)
   u_core/core_i/cs_registers_i/U96/Y
                                8.00          11.30          -3.30  (VIOLATED)
   u_core/core_i/cs_registers_i/U86/Y
                                8.00          11.24          -3.24  (VIOLATED)
   u_core/core_i/U896/Y        16.00          19.24          -3.24  (VIOLATED)
   u_core/core_i/cs_registers_i/U153/Y
                               16.00          19.24          -3.24  (VIOLATED)
   u_core/core_i/U1047/Y        8.00          11.17          -3.17  (VIOLATED)
   u_core/core_i/U1490/Y        8.00          11.05          -3.05  (VIOLATED)
   u_core/core_i/U1619/Y        8.00          11.03          -3.03  (VIOLATED)
   u_core/core_i/id_stage_i/U313/Y
                                8.00          10.99          -2.99  (VIOLATED)
   u_core/core_i/U5891/Y       16.00          18.93          -2.93  (VIOLATED)
   u_core/core_i/cs_registers_i/U71/Y
                               16.00          18.88          -2.88  (VIOLATED)
   u_core/core_i/cs_registers_i/U2196/Y
                                8.00          10.85          -2.85  (VIOLATED)
   u_core/core_i/id_stage_i/U2543/Y
                                8.00          10.83          -2.83  (VIOLATED)
   u_core/core_i/id_stage_i/U1219/Y
                               16.00          18.78          -2.78  (VIOLATED)
   u_core/core_i/cs_registers_i/U138/Y
                                8.00          10.77          -2.77  (VIOLATED)
   u_core/core_i/id_stage_i/U68/Y
                                8.00          10.76          -2.76  (VIOLATED)
   u_core/core_i/id_stage_i/U1296/Y
                               16.00          18.72          -2.72  (VIOLATED)
   u_core/core_i/U4084/Y        8.00          10.72          -2.72  (VIOLATED)
   u_core/core_i/cs_registers_i/U78/Y
                               16.00          18.71          -2.71  (VIOLATED)
   u_core/core_i/cs_registers_i/U73/Y
                                8.00          10.60          -2.60  (VIOLATED)
   u_core/core_i/U5890/Y       16.00          18.60          -2.60  (VIOLATED)
   u_core/core_i/U5801/Y        8.00          10.57          -2.57  (VIOLATED)
   u_core/core_i/id_stage_i/U241/Y
                               16.00          18.47          -2.47  (VIOLATED)
   u_core/core_i/id_stage_i/U262/Y
                               16.00          18.47          -2.47  (VIOLATED)
   u_core/core_i/id_stage_i/U266/Y
                               16.00          18.47          -2.47  (VIOLATED)
   u_core/core_i/id_stage_i/U268/Y
                               16.00          18.47          -2.47  (VIOLATED)
   u_core/core_i/id_stage_i/U269/Y
                               16.00          18.47          -2.47  (VIOLATED)
   u_core/core_i/id_stage_i/U274/Y
                               16.00          18.47          -2.47  (VIOLATED)
   u_core/core_i/id_stage_i/U275/Y
                               16.00          18.47          -2.47  (VIOLATED)
   u_core/core_i/id_stage_i/U290/Y
                               16.00          18.47          -2.47  (VIOLATED)
   u_core/core_i/U877/Y         8.00          10.46          -2.46  (VIOLATED)
   u_core/core_i/cs_registers_i/U2195/Y
                                8.00          10.42          -2.42  (VIOLATED)
   u_core/core_i/id_stage_i/U233/Y
                               16.00          18.40          -2.40  (VIOLATED)
   u_core/core_i/id_stage_i/U1303/Y
                                8.00          10.35          -2.35  (VIOLATED)
   u_core/core_i/U2781/Y        8.00          10.31          -2.31  (VIOLATED)
   u_core/core_i/U5800/Y        8.00          10.20          -2.20  (VIOLATED)
   u_core/core_i/cs_registers_i/U70/Y
                                8.00          10.19          -2.19  (VIOLATED)
   u_core/core_i/U1637/Y        8.00          10.14          -2.14  (VIOLATED)
   u_core/core_i/id_stage_i/U3428/Y
                                8.00          10.13          -2.13  (VIOLATED)
   u_core/core_i/id_stage_i/U3631/Y
                                8.00          10.13          -2.13  (VIOLATED)
   u_core/core_i/id_stage_i/U3935/Y
                                8.00          10.13          -2.13  (VIOLATED)
   u_core/core_i/id_stage_i/U4187/Y
                                8.00          10.13          -2.13  (VIOLATED)
   u_core/core_i/id_stage_i/U4271/Y
                                8.00          10.13          -2.13  (VIOLATED)
   u_core/core_i/id_stage_i/U4355/Y
                                8.00          10.13          -2.13  (VIOLATED)
   u_core/core_i/id_stage_i/U4439/Y
                                8.00          10.13          -2.13  (VIOLATED)
   u_core/core_i/id_stage_i/U4523/Y
                                8.00          10.13          -2.13  (VIOLATED)
   u_core/core_i/id_stage_i/U1208/Y
                               16.00          18.13          -2.13  (VIOLATED)
   u_core/core_i/id_stage_i/U1283/Y
                               16.00          18.13          -2.13  (VIOLATED)
   u_core/core_i/id_stage_i/U1293/Y
                               16.00          18.13          -2.13  (VIOLATED)
   u_core/core_i/cs_registers_i/U75/Y
                               16.00          18.13          -2.13  (VIOLATED)
   u_core/core_i/id_stage_i/U367/Y
                               16.00          18.10          -2.10  (VIOLATED)
   u_core/core_i/id_stage_i/U765/Y
                               16.00          18.10          -2.10  (VIOLATED)
   u_core/core_i/id_stage_i/U767/Y
                               16.00          18.10          -2.10  (VIOLATED)
   u_core/core_i/id_stage_i/U771/Y
                               16.00          18.10          -2.10  (VIOLATED)
   u_core/core_i/id_stage_i/U776/Y
                               16.00          18.10          -2.10  (VIOLATED)
   u_core/core_i/id_stage_i/U780/Y
                               16.00          18.10          -2.10  (VIOLATED)
   u_core/core_i/id_stage_i/U826/Y
                               16.00          18.10          -2.10  (VIOLATED)
   u_core/core_i/id_stage_i/U83/Y
                                8.00          10.06          -2.06  (VIOLATED)
   u_core/core_i/U1416/Y        8.00          10.06          -2.06  (VIOLATED)
   u_core/core_i/cs_registers_i/U49/Y
                                8.00           9.91          -1.91  (VIOLATED)
   u_core/core_i/U4075/Y        8.00           9.91          -1.91  (VIOLATED)
   u_core/core_i/id_stage_i/U1271/Y
                                8.00           9.89          -1.89  (VIOLATED)
   u_core/core_i/id_stage_i/U1205/Y
                               16.00          17.83          -1.83  (VIOLATED)
   u_core/core_i/id_stage_i/U1207/Y
                               16.00          17.83          -1.83  (VIOLATED)
   u_core/core_i/id_stage_i/U1285/Y
                               16.00          17.83          -1.83  (VIOLATED)
   u_core/core_i/id_stage_i/U1290/Y
                               16.00          17.83          -1.83  (VIOLATED)
   u_core/core_i/id_stage_i/U1201/Y
                                8.00           9.78          -1.78  (VIOLATED)
   u_core/core_i/id_stage_i/U1203/Y
                                8.00           9.78          -1.78  (VIOLATED)
   u_core/core_i/id_stage_i/U1316/Y
                                8.00           9.78          -1.78  (VIOLATED)
   u_core/core_i/id_stage_i/U1329/Y
                                8.00           9.78          -1.78  (VIOLATED)
   u_core/core_i/id_stage_i/U281/Y
                                8.00           9.76          -1.76  (VIOLATED)
   u_core/core_i/cs_registers_i/U55/Y
                                8.00           9.74          -1.74  (VIOLATED)
   u_core/core_i/U4432/Y        8.00           9.62          -1.62  (VIOLATED)
   u_core/core_i/U1186/Y        8.00           9.58          -1.58  (VIOLATED)
   u_core/core_i/id_stage_i/U797/Y
                               16.00          17.57          -1.57  (VIOLATED)
   u_core/core_i/U1083/Y        8.00           9.56          -1.56  (VIOLATED)
   u_core/core_i/U1642/Y        8.00           9.53          -1.53  (VIOLATED)
   u_core/core_i/id_stage_i/U1286/Y
                               16.00          17.53          -1.53  (VIOLATED)
   u_core/core_i/id_stage_i/U1215/Y
                                8.00           9.52          -1.52  (VIOLATED)
   u_core/core_i/id_stage_i/U1220/Y
                                8.00           9.52          -1.52  (VIOLATED)
   u_core/core_i/id_stage_i/U1287/Y
                                8.00           9.52          -1.52  (VIOLATED)
   u_core/core_i/id_stage_i/U1288/Y
                                8.00           9.52          -1.52  (VIOLATED)
   u_core/core_i/id_stage_i/U3467/Y
                                8.00           9.52          -1.52  (VIOLATED)
   u_core/core_i/id_stage_i/U3592/Y
                                8.00           9.52          -1.52  (VIOLATED)
   u_core/core_i/id_stage_i/U432/Y
                               16.00          17.51          -1.51  (VIOLATED)
   u_core/core_i/id_stage_i/U785/Y
                               16.00          17.51          -1.51  (VIOLATED)
   u_core/core_i/id_stage_i/U851/Y
                               16.00          17.51          -1.51  (VIOLATED)
   u_core/core_i/id_stage_i/U1318/Y
                               16.00          17.51          -1.51  (VIOLATED)
   u_core/core_i/U2893/Y        8.00           9.48          -1.48  (VIOLATED)
   u_core/core_i/U1022/Y        8.00           9.45          -1.45  (VIOLATED)
   u_core/core_i/U1118/Y        8.00           9.44          -1.44  (VIOLATED)
   u_core/core_i/U1099/Y        8.00           9.41          -1.41  (VIOLATED)
   u_core/core_i/U1196/Y        8.00           9.41          -1.41  (VIOLATED)
   u_core/core_i/U1150/Y        8.00           9.41          -1.41  (VIOLATED)
   u_core/core_i/U1103/Y        8.00           9.40          -1.40  (VIOLATED)
   u_core/core_i/U1154/Y        8.00           9.40          -1.40  (VIOLATED)
   u_core/core_i/U1200/Y        8.00           9.40          -1.40  (VIOLATED)
   u_core/core_i/U11/Y         16.00          17.38          -1.38  (VIOLATED)
   u_core/core_i/U1030/Y        8.00           9.36          -1.36  (VIOLATED)
   u_core/core_i/if_stage_i/instr_rdata_id_o_reg[14]/Q
                                8.00           9.36          -1.36  (VIOLATED)
   u_core/core_i/id_stage_i/U265/Y
                               16.00          17.33          -1.33  (VIOLATED)
   u_core/core_i/id_stage_i/U292/Y
                               16.00          17.33          -1.33  (VIOLATED)
   u_core/core_i/cs_registers_i/U51/Y
                                8.00           9.33          -1.33  (VIOLATED)
   u_core/core_i/id_stage_i/U278/Y
                                8.00           9.30          -1.30  (VIOLATED)
   u_core/core_i/id_stage_i/U1252/Y
                                8.00           9.29          -1.29  (VIOLATED)
   u_core/core_i/id_stage_i/U1289/Y
                                8.00           9.29          -1.29  (VIOLATED)
   u_core/core_i/id_stage_i/U1294/Y
                                8.00           9.29          -1.29  (VIOLATED)
   u_core/core_i/id_stage_i/U1315/Y
                                8.00           9.29          -1.29  (VIOLATED)
   u_core/core_i/id_stage_i/U1326/Y
                                8.00           9.29          -1.29  (VIOLATED)
   u_core/core_i/U4201/Y        8.00           9.22          -1.22  (VIOLATED)
   u_core/core_i/U2746/Y        8.00           9.20          -1.20  (VIOLATED)
   u_core/core_i/U10/Y         16.00          17.20          -1.20  (VIOLATED)
   u_core/core_i/id_stage_i/U597/Y
                                8.00           9.19          -1.19  (VIOLATED)
   u_core/core_i/id_stage_i/U1234/Y
                                8.00           9.19          -1.19  (VIOLATED)
   u_core/core_i/id_stage_i/U1239/Y
                                8.00           9.19          -1.19  (VIOLATED)
   u_core/core_i/id_stage_i/U1241/Y
                                8.00           9.19          -1.19  (VIOLATED)
   u_core/core_i/id_stage_i/U1248/Y
                                8.00           9.19          -1.19  (VIOLATED)
   u_core/core_i/id_stage_i/U1264/Y
                                8.00           9.19          -1.19  (VIOLATED)
   u_core/core_i/id_stage_i/U1308/Y
                                8.00           9.19          -1.19  (VIOLATED)
   u_core/core_i/id_stage_i/U1325/Y
                                8.00           9.19          -1.19  (VIOLATED)
   u_core/core_i/id_stage_i/U214/Y
                                8.00           9.17          -1.17  (VIOLATED)
   u_core/core_i/id_stage_i/U247/Y
                                8.00           9.17          -1.17  (VIOLATED)
   u_core/core_i/id_stage_i/U1227/Y
                                8.00           9.17          -1.17  (VIOLATED)
   u_core/core_i/id_stage_i/U1233/Y
                                8.00           9.17          -1.17  (VIOLATED)
   u_core/core_i/id_stage_i/U1238/Y
                                8.00           9.17          -1.17  (VIOLATED)
   u_core/core_i/id_stage_i/U1247/Y
                                8.00           9.17          -1.17  (VIOLATED)
   u_core/core_i/id_stage_i/U1258/Y
                                8.00           9.17          -1.17  (VIOLATED)
   u_core/core_i/id_stage_i/U1263/Y
                                8.00           9.17          -1.17  (VIOLATED)
   u_core/core_i/id_stage_i/U1267/Y
                                8.00           9.17          -1.17  (VIOLATED)
   u_core/core_i/id_stage_i/U1309/Y
                                8.00           9.17          -1.17  (VIOLATED)
   u_core/core_i/U2647/Y       16.00          17.14          -1.14  (VIOLATED)
   u_core/core_i/id_stage_i/U1333/Y
                                8.00           9.13          -1.13  (VIOLATED)
   u_core/core_i/id_stage_i/U1270/Y
                                8.00           9.13          -1.13  (VIOLATED)
   u_core/core_i/U1121/Y        8.00           9.08          -1.08  (VIOLATED)
   u_core/core_i/cs_registers_i/U113/Y
                                8.00           9.07          -1.07  (VIOLATED)
   u_core/core_i/U1488/Y        8.00           9.06          -1.06  (VIOLATED)
   u_core/core_i/U5879/Y       16.00          16.98          -0.98  (VIOLATED)
   u_core/core_i/id_stage_i/U793/Y
                               16.00          16.98          -0.98  (VIOLATED)
   u_core/core_i/cs_registers_i/U62/Y
                                8.00           8.96          -0.96  (VIOLATED)
   u_core/core_i/id_stage_i/U1189/Y
                               16.00          16.92          -0.92  (VIOLATED)
   u_core/core_i/id_stage_i/U998/Y
                                8.00           8.91          -0.91  (VIOLATED)
   u_core/core_i/id_stage_i/U1000/Y
                                8.00           8.91          -0.91  (VIOLATED)
   u_core/core_i/id_stage_i/U1003/Y
                                8.00           8.91          -0.91  (VIOLATED)
   u_core/core_i/id_stage_i/U1029/Y
                                8.00           8.91          -0.91  (VIOLATED)
   u_core/core_i/id_stage_i/U1188/Y
                                8.00           8.91          -0.91  (VIOLATED)
   u_core/core_i/id_stage_i/U1194/Y
                                8.00           8.91          -0.91  (VIOLATED)
   u_core/core_i/id_stage_i/U1195/Y
                                8.00           8.91          -0.91  (VIOLATED)
   u_core/core_i/id_stage_i/U1200/Y
                                8.00           8.91          -0.91  (VIOLATED)
   u_core/core_i/id_stage_i/U1212/Y
                                8.00           8.91          -0.91  (VIOLATED)
   u_core/core_i/id_stage_i/U1214/Y
                                8.00           8.91          -0.91  (VIOLATED)
   u_core/core_i/id_stage_i/U1221/Y
                                8.00           8.91          -0.91  (VIOLATED)
   u_core/core_i/id_stage_i/U1191/Y
                                8.00           8.90          -0.90  (VIOLATED)
   u_core/core_i/U2851/Y        8.00           8.88          -0.88  (VIOLATED)
   u_core/core_i/U5885/Y       16.00          16.87          -0.87  (VIOLATED)
   u_core/core_i/id_stage_i/U2518/Y
                                8.00           8.86          -0.86  (VIOLATED)
   u_core/core_i/cs_registers_i/U84/Y
                                8.00           8.81          -0.81  (VIOLATED)
   u_core/core_i/id_stage_i/U1272/Y
                                8.00           8.78          -0.78  (VIOLATED)
   u_core/core_i/id_stage_i/U1274/Y
                                8.00           8.78          -0.78  (VIOLATED)
   u_core/core_i/id_stage_i/U211/Y
                                8.00           8.74          -0.74  (VIOLATED)
   u_core/core_i/id_stage_i/U225/Y
                                8.00           8.74          -0.74  (VIOLATED)
   u_core/core_i/id_stage_i/U244/Y
                                8.00           8.74          -0.74  (VIOLATED)
   u_core/core_i/id_stage_i/U251/Y
                                8.00           8.74          -0.74  (VIOLATED)
   u_core/core_i/id_stage_i/U1229/Y
                                8.00           8.74          -0.74  (VIOLATED)
   u_core/core_i/id_stage_i/U1235/Y
                                8.00           8.74          -0.74  (VIOLATED)
   u_core/core_i/id_stage_i/U1242/Y
                                8.00           8.74          -0.74  (VIOLATED)
   u_core/core_i/id_stage_i/U1255/Y
                                8.00           8.74          -0.74  (VIOLATED)
   u_core/core_i/id_stage_i/U1260/Y
                                8.00           8.74          -0.74  (VIOLATED)
   u_core/core_i/id_stage_i/U1279/Y
                                8.00           8.74          -0.74  (VIOLATED)
   u_core/core_i/id_stage_i/U1282/Y
                                8.00           8.74          -0.74  (VIOLATED)
   u_core/core_i/id_stage_i/U1297/Y
                                8.00           8.74          -0.74  (VIOLATED)
   u_core/core_i/id_stage_i/U1232/Y
                                8.00           8.73          -0.73  (VIOLATED)
   u_core/core_i/id_stage_i/U1236/Y
                                8.00           8.73          -0.73  (VIOLATED)
   u_core/core_i/id_stage_i/U1240/Y
                                8.00           8.73          -0.73  (VIOLATED)
   u_core/core_i/id_stage_i/U1243/Y
                                8.00           8.73          -0.73  (VIOLATED)
   u_core/core_i/id_stage_i/U1262/Y
                                8.00           8.73          -0.73  (VIOLATED)
   u_core/core_i/id_stage_i/U1300/Y
                                8.00           8.73          -0.73  (VIOLATED)
   u_core/core_i/id_stage_i/U1304/Y
                                8.00           8.73          -0.73  (VIOLATED)
   u_core/core_i/id_stage_i/U1323/Y
                                8.00           8.73          -0.73  (VIOLATED)
   u_core/core_i/id_stage_i/U309/Y
                                8.00           8.70          -0.70  (VIOLATED)
   u_core/core_i/U5807/Y        8.00           8.69          -0.69  (VIOLATED)
   u_core/core_i/id_stage_i/U974/Y
                               16.00          16.69          -0.69  (VIOLATED)
   u_core/core_i/id_stage_i/U237/Y
                               16.00          16.66          -0.66  (VIOLATED)
   u_core/core_i/if_stage_i/instr_rdata_id_o_reg[30]/Q
                                8.00           8.63          -0.63  (VIOLATED)
   u_core/core_i/U5808/Y        8.00           8.63          -0.63  (VIOLATED)
   u_core/core_i/id_stage_i/U1223/Y
                                8.00           8.63          -0.63  (VIOLATED)
   u_core/core_i/id_stage_i/U1228/Y
                                8.00           8.62          -0.62  (VIOLATED)
   u_core/core_i/id_stage_i/U232/Y
                                8.00           8.61          -0.61  (VIOLATED)
   u_core/core_i/id_stage_i/U1259/Y
                                8.00           8.61          -0.61  (VIOLATED)
   u_core/core_i/id_stage_i/U229/Y
                                8.00           8.60          -0.60  (VIOLATED)
   u_core/core_i/id_stage_i/U199/Y
                                8.00           8.58          -0.58  (VIOLATED)
   u_core/core_i/id_stage_i/U231/Y
                                8.00           8.58          -0.58  (VIOLATED)
   u_core/core_i/id_stage_i/U267/Y
                                8.00           8.58          -0.58  (VIOLATED)
   u_core/core_i/id_stage_i/U1295/Y
                                8.00           8.58          -0.58  (VIOLATED)
   u_core/core_i/id_stage_i/U1302/Y
                                8.00           8.58          -0.58  (VIOLATED)
   u_core/core_i/id_stage_i/U1343/Y
                                8.00           8.58          -0.58  (VIOLATED)
   u_core/core_i/id_stage_i/U1311/Y
                                8.00           8.55          -0.55  (VIOLATED)
   u_core/core_i/U472/Y         8.00           8.52          -0.52  (VIOLATED)
   u_core/core_i/U2633/Y       16.00          16.51          -0.51  (VIOLATED)
   u_core/core_i/U1041/Y        8.00           8.46          -0.46  (VIOLATED)
   u_core/core_i/cs_registers_i/U57/Y
                                8.00           8.46          -0.46  (VIOLATED)
   u_core/core_i/cs_registers_i/U354/Y
                                8.00           8.42          -0.42  (VIOLATED)
   u_core/core_i/id_stage_i/U1206/Y
                               16.00          16.34          -0.34  (VIOLATED)
   u_core/core_i/id_stage_i/U854/Y
                               16.00          16.31          -0.31  (VIOLATED)
   u_core/core_i/id_stage_i/U1152/Y
                               16.00          16.30          -0.30  (VIOLATED)
   u_core/core_i/U934/Y        16.00          16.29          -0.29  (VIOLATED)
   u_core/core_i/id_stage_i/U1312/Y
                               16.00          16.27          -0.27  (VIOLATED)
   u_core/core_i/id_stage_i/mult_operand_a_ex_o_reg[21]/Q
                                8.00           8.25          -0.25  (VIOLATED)
   u_core/core_i/U829/Y         8.00           8.20          -0.20  (VIOLATED)
   u_core/core_i/U4864/Y        8.00           8.18          -0.18  (VIOLATED)
   u_core/core_i/id_stage_i/U195/Y
                                8.00           8.18          -0.18  (VIOLATED)
   u_core/core_i/id_stage_i/U220/Y
                                8.00           8.18          -0.18  (VIOLATED)
   u_core/core_i/id_stage_i/U228/Y
                                8.00           8.18          -0.18  (VIOLATED)
   u_core/core_i/id_stage_i/U264/Y
                                8.00           8.18          -0.18  (VIOLATED)
   u_core/core_i/id_stage_i/U1292/Y
                                8.00           8.18          -0.18  (VIOLATED)
   u_core/core_i/id_stage_i/U1319/Y
                                8.00           8.17          -0.17  (VIOLATED)
   u_core/core_i/U323/Y         8.00           8.12          -0.12  (VIOLATED)
   u_core/core_i/id_stage_i/U306/Y
                                8.00           8.03          -0.03  (VIOLATED)


Warning: Transition times on not annotated delay arcs havebeen set to zero. Cannot perform max_transition checking. (PTE-057)
1
