****************************************
Report : clock timing
        -type skew
        -nworst 20
        -setup
Design : cv32e40p_synth_wrap
Version: W-2024.09-SP2
Date   : Sat May  9 12:19:48 2026
****************************************

  Mode: default
  Clock: clk_i

  Clock Pin                                          Latency      Skew             Corner
---------------------------------------------------------------------------------------------------
  u_core/core_i/if_stage_i/instr_rdata_id_o_reg[29]/CLK
                                                        0.36              rp-+    default
  u_core/core_i/sleep_unit_i/core_busy_q_reg/CLK        0.04      0.31    rp-+    default

  u_core/core_i/if_stage_i/instr_rdata_id_o_reg[30]/CLK
                                                        0.36              rp-+    default
  u_core/core_i/sleep_unit_i/core_busy_q_reg/CLK        0.04      0.31    rp-+    default

  u_core/core_i/if_stage_i/instr_rdata_id_o_reg[28]/CLK
                                                        0.36              rp-+    default
  u_core/core_i/sleep_unit_i/core_busy_q_reg/CLK        0.04      0.31    rp-+    default

  u_core/core_i/if_stage_i/instr_rdata_id_o_reg[31]/CLK
                                                        0.36              rp-+    default
  u_core/core_i/sleep_unit_i/core_busy_q_reg/CLK        0.04      0.31    rp-+    default

  u_core/core_i/if_stage_i/instr_rdata_id_o_reg[17]/CLK
                                                        0.36              rp-+    default
  u_core/core_i/sleep_unit_i/core_busy_q_reg/CLK        0.04      0.31    rp-+    default

  u_core/core_i/if_stage_i/instr_rdata_id_o_reg[25]/CLK
                                                        0.36              rp-+    default
  u_core/core_i/sleep_unit_i/core_busy_q_reg/CLK        0.04      0.31    rp-+    default

  u_core/core_i/if_stage_i/instr_rdata_id_o_reg[18]/CLK
                                                        0.36              rp-+    default
  u_core/core_i/sleep_unit_i/core_busy_q_reg/CLK        0.04      0.31    rp-+    default

  u_core/core_i/if_stage_i/instr_rdata_id_o_reg[20]/CLK
                                                        0.36              rp-+    default
  u_core/core_i/sleep_unit_i/core_busy_q_reg/CLK        0.04      0.31    rp-+    default

  u_core/core_i/if_stage_i/instr_rdata_id_o_reg[3]/CLK
                                                        0.36              rp-+    default
  u_core/core_i/sleep_unit_i/core_busy_q_reg/CLK        0.04      0.31    rp-+    default

  u_core/core_i/if_stage_i/instr_rdata_id_o_reg[7]/CLK
                                                        0.36              rp-+    default
  u_core/core_i/sleep_unit_i/core_busy_q_reg/CLK        0.04      0.31    rp-+    default

  u_core/core_i/if_stage_i/instr_rdata_id_o_reg[24]/CLK
                                                        0.36              rp-+    default
  u_core/core_i/sleep_unit_i/core_busy_q_reg/CLK        0.04      0.31    rp-+    default

  u_core/core_i/if_stage_i/instr_rdata_id_o_reg[12]/CLK
                                                        0.36              rp-+    default
  u_core/core_i/sleep_unit_i/core_busy_q_reg/CLK        0.04      0.31    rp-+    default

  u_core/core_i/if_stage_i/instr_rdata_id_o_reg[13]/CLK
                                                        0.36              rp-+    default
  u_core/core_i/sleep_unit_i/core_busy_q_reg/CLK        0.04      0.31    rp-+    default

  u_core/core_i/if_stage_i/instr_rdata_id_o_reg[9]/CLK
                                                        0.36              rp-+    default
  u_core/core_i/sleep_unit_i/core_busy_q_reg/CLK        0.04      0.31    rp-+    default

  u_core/core_i/if_stage_i/instr_rdata_id_o_reg[22]/CLK
                                                        0.36              rp-+    default
  u_core/core_i/sleep_unit_i/core_busy_q_reg/CLK        0.04      0.31    rp-+    default

  u_core/core_i/if_stage_i/instr_rdata_id_o_reg[10]/CLK
                                                        0.36              rp-+    default
  u_core/core_i/sleep_unit_i/core_busy_q_reg/CLK        0.04      0.31    rp-+    default

  u_core/core_i/if_stage_i/instr_rdata_id_o_reg[4]/CLK
                                                        0.36              rp-+    default
  u_core/core_i/sleep_unit_i/core_busy_q_reg/CLK        0.04      0.31    rp-+    default

  u_core/core_i/if_stage_i/instr_rdata_id_o_reg[19]/CLK
                                                        0.36              rp-+    default
  u_core/core_i/sleep_unit_i/core_busy_q_reg/CLK        0.04      0.31    rp-+    default

  u_core/core_i/if_stage_i/instr_rdata_id_o_reg[21]/CLK
                                                        0.36              rp-+    default
  u_core/core_i/sleep_unit_i/core_busy_q_reg/CLK        0.04      0.31    rp-+    default

  u_core/core_i/if_stage_i/instr_rdata_id_o_reg[16]/CLK
                                                        0.36              rp-+    default
  u_core/core_i/sleep_unit_i/core_busy_q_reg/CLK        0.04      0.31    rp-+    default

---------------------------------------------------------------------------------------------------
1
