DRC marker context report
marker_file=7_Backend_ICC2/4_Report/trials/route_combo_no012_a2_pin_swap/99_marker_context/representative_drc_markers.tsv

Marker Diff_net_spacing_M1_(11)_1
  error_id    : 75
  error_type  : Diff net spacing
  error_layer : M1 (11)
  center      : 259.48400000000004 225.808
  bbox        : {259.447 225.728} {259.521 225.888}
  search_box  : {259.197 225.478} {259.771 226.138}
  pins        : 2
    pin u_core/core_i/if_stage_i/instr_rdata_id_o_reg[6]/RSTB
      bbox     : {259.6030 225.7440} {260.7330 225.8630}
      layer    : M1 CO
      net      : u_core/core_i/ZBUF_4164_319
      cell     : u_core/core_i/if_stage_i/instr_rdata_id_o_reg[6]
      ref_name : SDFFARX1_RVT
      origin   : 256.6640 225.6560
    pin u_core/core_i/if_stage_i/instr_rdata_id_o_reg[6]/VSS
      bbox     : {256.6640 225.6260} {262.1360 226.1710}
      layer    : M1 CO
      net      : u_core/core_i/VSS
      cell     : u_core/core_i/if_stage_i/instr_rdata_id_o_reg[6]
      ref_name : SDFFARX1_RVT
      origin   : 256.6640 225.6560
  cells       : 1
    cell u_core/core_i/if_stage_i/instr_rdata_id_o_reg[6] ref=SDFFARX1_RVT origin=256.6640 225.6560
  shapes      : 8
    shape PATH_25_23
      layer : M8
      bbox  : {259.5000 10.0000} {260.5000 315.9120}
      net   : VSS
    shape PATH_19_57
      layer : M5
      bbox  : {254.6600 225.4760} {326.1560 225.5320}
      net   : hart_id_i[7]
    shape PATH_17_63
      layer : M4
      bbox  : {259.2200 153.1240} {259.2760 307.3080}
      net   : hart_id_i[31]
    shape PATH_11_123
      layer : M1
      bbox  : {20.0000 225.6260} {306.9760 225.6860}
      net   : VSS
    shape PATH_15_1623
      layer : M3
      bbox  : {242.1960 225.4760} {281.1640 225.5320}
      net   : u_core/core_i/if_stage_i/instr_decompressed[15]
    shape PATH_15_35955
      layer : M3
      bbox  : {258.0040 225.7800} {265.6600 225.8360}
      net   : u_core/core_i/ZBUF_510_322
    shape PATH_15_46939
      layer : M3
      bbox  : {257.0920 226.0840} {261.7080 226.1400}
      net   : u_core/core_i/HFSNET_26
    shape PATH_13_69856
      layer : M2
      bbox  : {259.3720 225.1720} {259.4280 225.8360}
      net   : u_core/core_i/ZBUF_4164_319

Marker Diff_net_spacing_M2_(13)_1
  error_id    : 76
  error_type  : Diff net spacing
  error_layer : M2 (13)
  center      : 259.56600000000003 225.732
  bbox        : {259.494 225.697} {259.638 225.767}
  search_box  : {259.244 225.447} {259.888 226.017}
  pins        : 2
    pin u_core/core_i/if_stage_i/instr_rdata_id_o_reg[6]/RSTB
      bbox     : {259.6030 225.7440} {260.7330 225.8630}
      layer    : M1 CO
      net      : u_core/core_i/ZBUF_4164_319
      cell     : u_core/core_i/if_stage_i/instr_rdata_id_o_reg[6]
      ref_name : SDFFARX1_RVT
      origin   : 256.6640 225.6560
    pin u_core/core_i/if_stage_i/instr_rdata_id_o_reg[6]/VSS
      bbox     : {256.6640 225.6260} {262.1360 226.1710}
      layer    : M1 CO
      net      : u_core/core_i/VSS
      cell     : u_core/core_i/if_stage_i/instr_rdata_id_o_reg[6]
      ref_name : SDFFARX1_RVT
      origin   : 256.6640 225.6560
  cells       : 1
    cell u_core/core_i/if_stage_i/instr_rdata_id_o_reg[6] ref=SDFFARX1_RVT origin=256.6640 225.6560
  shapes      : 8
    shape PATH_25_23
      layer : M8
      bbox  : {259.5000 10.0000} {260.5000 315.9120}
      net   : VSS
    shape PATH_19_57
      layer : M5
      bbox  : {254.6600 225.4760} {326.1560 225.5320}
      net   : hart_id_i[7]
    shape PATH_17_63
      layer : M4
      bbox  : {259.2200 153.1240} {259.2760 307.3080}
      net   : hart_id_i[31]
    shape PATH_11_123
      layer : M1
      bbox  : {20.0000 225.6260} {306.9760 225.6860}
      net   : VSS
    shape PATH_13_204
      layer : M2
      bbox  : {259.8000 10.0000} {260.2000 315.9120}
      net   : VSS
    shape PATH_15_1623
      layer : M3
      bbox  : {242.1960 225.4760} {281.1640 225.5320}
      net   : u_core/core_i/if_stage_i/instr_decompressed[15]
    shape PATH_15_35955
      layer : M3
      bbox  : {258.0040 225.7800} {265.6600 225.8360}
      net   : u_core/core_i/ZBUF_510_322
    shape PATH_13_69856
      layer : M2
      bbox  : {259.3720 225.1720} {259.4280 225.8360}
      net   : u_core/core_i/ZBUF_4164_319

Marker Off-grid_M1_(11)_1
  error_id    : 28
  error_type  : Off-grid
  error_layer : M1 (11)
  center      : 185.224 142.664
  bbox        : {185.169 142.634} {185.279 142.694}
  search_box  : {184.919 142.384} {185.529 142.944}
  pins        : 3
    pin u_core/core_i/id_stage_i/U1147/A
      bbox     : {184.6510 142.8630} {186.3890 143.3270}
      layer    : M1 CO
      net      : u_core/core_i/id_stage_i/n1435
      cell     : u_core/core_i/id_stage_i/U1147
      ref_name : FADDX2_HVT
      origin   : 184.3120 142.0560
    pin u_core/core_i/id_stage_i/U1147/B
      bbox     : {184.7130 142.6090} {186.2610 142.8290}
      layer    : M1 CO
      net      : u_core/core_i/id_stage_i/n1434
      cell     : u_core/core_i/id_stage_i/U1147
      ref_name : FADDX2_HVT
      origin   : 184.3120 142.0560
    pin u_core/core_i/id_stage_i/U1147/CI
      bbox     : {184.9540 142.5480} {186.1220 142.7190}
      layer    : M1 CO
      net      : u_core/core_i/id_stage_i/n1433
      cell     : u_core/core_i/id_stage_i/U1147
      ref_name : FADDX2_HVT
      origin   : 184.3120 142.0560
  cells       : 1
    cell u_core/core_i/id_stage_i/U1147 ref=FADDX2_HVT origin=184.3120 142.0560
  shapes      : 9
    shape PATH_25_83
      layer : M8
      bbox  : {185.3480 90.5000} {185.4040 144.0600}
      net   : u_core/core_i/ZBUF_149_279
    shape PATH_23_297
      layer : M7
      bbox  : {177.4440 142.7880} {196.3480 142.8440}
      net   : u_core/core_i/n2764
    shape PATH_21_2535
      layer : M6
      bbox  : {185.3480 113.6040} {185.4040 157.4360}
      net   : u_core/core_i/id_stage_i/ZBUF_5_92
    shape PATH_17_14024
      layer : M4
      bbox  : {185.3480 109.9560} {185.4040 154.7000}
      net   : u_core/core_i/ZBUF_22_45
    shape PATH_13_51019
      layer : M2
      bbox  : {185.1960 142.6360} {185.2520 143.1480}
      net   : u_core/core_i/id_stage_i/n1433
    shape PATH_13_53956
      layer : M2
      bbox  : {185.5000 135.3400} {185.5560 143.9080}
      net   : u_core/core_i/id_stage_i/n2433
    shape PATH_13_69557
      layer : M2
      bbox  : {184.8920 139.5960} {184.9480 144.6680}
      net   : u_core/core_i/ZBUF_432_310
    shape PATH_13_70340
      layer : M2
      bbox  : {185.0440 129.7160} {185.1000 163.8200}
      net   : u_core/core_i/ZBUF_135_330
    shape PATH_13_99387
      layer : M2
      bbox  : {185.3480 135.4920} {185.4040 162.9080}
      net   : u_core/core_i/ZBUF_22_47

Marker Off-grid_M1_(11)_2
  error_id    : 29
  error_type  : Off-grid
  error_layer : M1 (11)
  center      : 185.1655 142.66899999999998
  bbox        : {185.082 142.644} {185.249 142.694}
  search_box  : {184.832 142.394} {185.499 142.944}
  pins        : 3
    pin u_core/core_i/id_stage_i/U1147/A
      bbox     : {184.6510 142.8630} {186.3890 143.3270}
      layer    : M1 CO
      net      : u_core/core_i/id_stage_i/n1435
      cell     : u_core/core_i/id_stage_i/U1147
      ref_name : FADDX2_HVT
      origin   : 184.3120 142.0560
    pin u_core/core_i/id_stage_i/U1147/B
      bbox     : {184.7130 142.6090} {186.2610 142.8290}
      layer    : M1 CO
      net      : u_core/core_i/id_stage_i/n1434
      cell     : u_core/core_i/id_stage_i/U1147
      ref_name : FADDX2_HVT
      origin   : 184.3120 142.0560
    pin u_core/core_i/id_stage_i/U1147/CI
      bbox     : {184.9540 142.5480} {186.1220 142.7190}
      layer    : M1 CO
      net      : u_core/core_i/id_stage_i/n1433
      cell     : u_core/core_i/id_stage_i/U1147
      ref_name : FADDX2_HVT
      origin   : 184.3120 142.0560
  cells       : 1
    cell u_core/core_i/id_stage_i/U1147 ref=FADDX2_HVT origin=184.3120 142.0560
  shapes      : 8
    shape PATH_25_83
      layer : M8
      bbox  : {185.3480 90.5000} {185.4040 144.0600}
      net   : u_core/core_i/ZBUF_149_279
    shape PATH_23_297
      layer : M7
      bbox  : {177.4440 142.7880} {196.3480 142.8440}
      net   : u_core/core_i/n2764
    shape PATH_21_2535
      layer : M6
      bbox  : {185.3480 113.6040} {185.4040 157.4360}
      net   : u_core/core_i/id_stage_i/ZBUF_5_92
    shape PATH_17_14024
      layer : M4
      bbox  : {185.3480 109.9560} {185.4040 154.7000}
      net   : u_core/core_i/ZBUF_22_45
    shape PATH_13_51019
      layer : M2
      bbox  : {185.1960 142.6360} {185.2520 143.1480}
      net   : u_core/core_i/id_stage_i/n1433
    shape PATH_13_69557
      layer : M2
      bbox  : {184.8920 139.5960} {184.9480 144.6680}
      net   : u_core/core_i/ZBUF_432_310
    shape PATH_13_70340
      layer : M2
      bbox  : {185.0440 129.7160} {185.1000 163.8200}
      net   : u_core/core_i/ZBUF_135_330
    shape PATH_13_99387
      layer : M2
      bbox  : {185.3480 135.4920} {185.4040 162.9080}
      net   : u_core/core_i/ZBUF_22_47

Marker Off-grid_M2_(13)_1
  error_id    : 1
  error_type  : Off-grid
  error_layer : M2 (13)
  center      : 35.629 20.912
  bbox        : {35.574 20.806} {35.684 21.018}
  search_box  : {35.324 20.556} {35.934 21.268}
  pins        : 2
    pin u_core/core_i/U5633/A1
      bbox     : {35.2820 20.7050} {35.4540 21.0500}
      layer    : M1 CO
      net      : u_core/core_i/fetch_enable_i
      cell     : u_core/core_i/U5633
      ref_name : OR2X4_HVT
      origin   : 35.0480 21.6720
    pin u_core/core_i/U5633/VDD
      bbox     : {35.0480 19.9700} {36.7200 20.7040}
      layer    : M1 CO
      net      : u_core/core_i/VDD
      cell     : u_core/core_i/U5633
      ref_name : OR2X4_HVT
      origin   : 35.0480 21.6720
  cells       : 1
    cell u_core/core_i/U5633 ref=OR2X4_HVT origin=35.0480 21.6720
  shapes      : 3
    shape PATH_13_1478
      layer : M2
      bbox  : {35.3240 15.1080} {35.3800 20.7880}
      net   : fetch_enable_i
    shape PATH_15_53973
      layer : M3
      bbox  : {28.9400 21.1880} {51.9480 21.2440}
      net   : u_core/core_i/id_stage_i/ZBUF_73_90
    shape PATH_13_69214
      layer : M2
      bbox  : {35.6280 20.8840} {35.6840 21.5480}
      net   : u_core/core_i/ZBUF_19_307

Marker Off-grid_M2_(13)_2
  error_id    : 3
  error_type  : Off-grid
  error_layer : M2 (13)
  center      : 119.435 25.624000000000002
  bbox        : {119.38 25.518} {119.49 25.73}
  search_box  : {119.13 25.268} {119.74 25.98}
  pins        : 3
    pin u_core/core_i/id_stage_i/U2688/A1
      bbox     : {119.5950 25.6470} {119.7670 25.8310}
      layer    : M1 CO
      net      : u_core/core_i/id_stage_i/controller_i/debug_fsm_ns[0]
      cell     : u_core/core_i/id_stage_i/U2688
      ref_name : NOR2X4_HVT
      origin   : 120.0160 25.0160
    pin u_core/core_i/id_stage_i/U2688/VDD
      bbox     : {118.0400 25.9270} {120.0160 26.7180}
      layer    : M1 CO
      net      : u_core/core_i/id_stage_i/VDD
      cell     : u_core/core_i/id_stage_i/U2688
      ref_name : NOR2X4_HVT
      origin   : 120.0160 25.0160
    pin u_core/core_i/id_stage_i/U2688/VSS
      bbox     : {118.0400 24.9860} {120.0160 25.4270}
      layer    : M1 CO
      net      : u_core/core_i/id_stage_i/VSS
      cell     : u_core/core_i/id_stage_i/U2688
      ref_name : NOR2X4_HVT
      origin   : 120.0160 25.0160
  cells       : 1
    cell u_core/core_i/id_stage_i/U2688 ref=NOR2X4_HVT origin=120.0160 25.0160
  shapes      : 6
    shape PATH_25_16
      layer : M8
      bbox  : {119.5000 13.0000} {120.5000 312.9120}
      net   : VDD
    shape PATH_17_4455
      layer : M4
      bbox  : {119.0760 14.5000} {119.1320 53.4680}
      net   : u_core/core_i/id_stage_i/ZBUF_37_270
    shape PATH_11_5553
      layer : M1
      bbox  : {119.6870 25.7510} {120.3450 25.8010}
      net   : u_core/core_i/id_stage_i/controller_i/debug_fsm_ns[0]
    shape PATH_15_24263
      layer : M3
      bbox  : {118.4680 25.7480} {120.3480 25.8040}
      net   : u_core/core_i/id_stage_i/controller_i/debug_fsm_ns[0]
    shape PATH_13_48415
      layer : M2
      bbox  : {119.3800 24.8360} {119.4360 25.6520}
      net   : u_core/core_i/id_stage_i/controller_i/debug_mode_n
    shape PATH_13_62737
      layer : M2
      bbox  : {119.2280 14.5000} {119.2840 33.7080}
      net   : u_core/core_i/id_stage_i/n341

Marker Off-grid_M2_(13)_3
  error_id    : 5
  error_type  : Off-grid
  error_layer : M2 (13)
  center      : 61.773 45.688
  bbox        : {61.718 45.582} {61.828 45.794}
  search_box  : {61.468 45.332} {62.078 46.044}
  pins        : 3
    pin u_core/core_i/id_stage_i/U3375/A1
      bbox     : {61.4410 45.7110} {61.6130 45.8950}
      layer    : M1 CO
      net      : u_core/core_i/id_stage_i/ZBUF_1318_51
      cell     : u_core/core_i/id_stage_i/U3375
      ref_name : NOR2X4_HVT
      origin   : 61.1920 45.0800
    pin u_core/core_i/id_stage_i/U3375/VDD
      bbox     : {61.1920 45.9910} {63.1680 46.7820}
      layer    : M1 CO
      net      : u_core/core_i/id_stage_i/VDD
      cell     : u_core/core_i/id_stage_i/U3375
      ref_name : NOR2X4_HVT
      origin   : 61.1920 45.0800
    pin u_core/core_i/id_stage_i/U3375/VSS
      bbox     : {61.1920 45.0500} {63.1680 45.4910}
      layer    : M1 CO
      net      : u_core/core_i/id_stage_i/VSS
      cell     : u_core/core_i/id_stage_i/U3375
      ref_name : NOR2X4_HVT
      origin   : 61.1920 45.0800
  cells       : 1
    cell u_core/core_i/id_stage_i/U3375 ref=NOR2X4_HVT origin=61.1920 45.0800
  shapes      : 6
    shape PATH_23_787
      layer : M7
      bbox  : {52.8040 45.5080} {106.9720 45.5640}
      net   : u_core/core_i/id_stage_i/ZBUF_42_321
    shape PATH_17_10675
      layer : M4
      bbox  : {61.9240 9.0280} {61.9800 47.6920}
      net   : u_core/core_i/id_stage_i/ZBUF_54_396
    shape PATH_11_11876
      layer : M1
      bbox  : {61.0150 45.8150} {61.5210 45.8650}
      net   : u_core/core_i/id_stage_i/ZBUF_1318_51
    shape PATH_15_28205
      layer : M3
      bbox  : {54.0200 45.5080} {66.9960 45.5640}
      net   : u_core/core_i/id_stage_i/n3277
    shape PATH_13_90743
      layer : M2
      bbox  : {61.4680 37.6040} {61.5240 52.4040}
      net   : u_core/core_i/id_stage_i/HFSNET_36
    shape PATH_13_102930
      layer : M2
      bbox  : {61.7720 45.6600} {61.8280 49.3640}
      net   : u_core/core_i/id_stage_i/ZBUF_133_72

Marker Off-grid_VIA1_(12)_1
  error_id    : 0
  error_type  : Off-grid
  error_layer : VIA1 (12)
  center      : 35.629000000000005 20.912
  bbox        : {35.604 20.811} {35.654 21.013}
  search_box  : {35.354 20.561} {35.904 21.263}
  pins        : 2
    pin u_core/core_i/U5633/A1
      bbox     : {35.2820 20.7050} {35.4540 21.0500}
      layer    : M1 CO
      net      : u_core/core_i/fetch_enable_i
      cell     : u_core/core_i/U5633
      ref_name : OR2X4_HVT
      origin   : 35.0480 21.6720
    pin u_core/core_i/U5633/VDD
      bbox     : {35.0480 19.9700} {36.7200 20.7040}
      layer    : M1 CO
      net      : u_core/core_i/VDD
      cell     : u_core/core_i/U5633
      ref_name : OR2X4_HVT
      origin   : 35.0480 21.6720
  cells       : 1
    cell u_core/core_i/U5633 ref=OR2X4_HVT origin=35.0480 21.6720
  shapes      : 3
    shape PATH_13_1478
      layer : M2
      bbox  : {35.3240 15.1080} {35.3800 20.7880}
      net   : fetch_enable_i
    shape PATH_15_53973
      layer : M3
      bbox  : {28.9400 21.1880} {51.9480 21.2440}
      net   : u_core/core_i/id_stage_i/ZBUF_73_90
    shape PATH_13_69214
      layer : M2
      bbox  : {35.6280 20.8840} {35.6840 21.5480}
      net   : u_core/core_i/ZBUF_19_307

Marker Off-grid_VIA1_(12)_2
  error_id    : 2
  error_type  : Off-grid
  error_layer : VIA1 (12)
  center      : 119.435 25.624000000000002
  bbox        : {119.41 25.523} {119.46 25.725}
  search_box  : {119.16 25.273} {119.71 25.975}
  pins        : 3
    pin u_core/core_i/id_stage_i/U2688/A1
      bbox     : {119.5950 25.6470} {119.7670 25.8310}
      layer    : M1 CO
      net      : u_core/core_i/id_stage_i/controller_i/debug_fsm_ns[0]
      cell     : u_core/core_i/id_stage_i/U2688
      ref_name : NOR2X4_HVT
      origin   : 120.0160 25.0160
    pin u_core/core_i/id_stage_i/U2688/VDD
      bbox     : {118.0400 25.9270} {120.0160 26.7180}
      layer    : M1 CO
      net      : u_core/core_i/id_stage_i/VDD
      cell     : u_core/core_i/id_stage_i/U2688
      ref_name : NOR2X4_HVT
      origin   : 120.0160 25.0160
    pin u_core/core_i/id_stage_i/U2688/VSS
      bbox     : {118.0400 24.9860} {120.0160 25.4270}
      layer    : M1 CO
      net      : u_core/core_i/id_stage_i/VSS
      cell     : u_core/core_i/id_stage_i/U2688
      ref_name : NOR2X4_HVT
      origin   : 120.0160 25.0160
  cells       : 1
    cell u_core/core_i/id_stage_i/U2688 ref=NOR2X4_HVT origin=120.0160 25.0160
  shapes      : 5
    shape PATH_25_16
      layer : M8
      bbox  : {119.5000 13.0000} {120.5000 312.9120}
      net   : VDD
    shape PATH_11_5553
      layer : M1
      bbox  : {119.6870 25.7510} {120.3450 25.8010}
      net   : u_core/core_i/id_stage_i/controller_i/debug_fsm_ns[0]
    shape PATH_15_24263
      layer : M3
      bbox  : {118.4680 25.7480} {120.3480 25.8040}
      net   : u_core/core_i/id_stage_i/controller_i/debug_fsm_ns[0]
    shape PATH_13_48415
      layer : M2
      bbox  : {119.3800 24.8360} {119.4360 25.6520}
      net   : u_core/core_i/id_stage_i/controller_i/debug_mode_n
    shape PATH_13_62737
      layer : M2
      bbox  : {119.2280 14.5000} {119.2840 33.7080}
      net   : u_core/core_i/id_stage_i/n341

Marker Off-grid_VIA1_(12)_3
  error_id    : 4
  error_type  : Off-grid
  error_layer : VIA1 (12)
  center      : 61.772999999999996 45.688
  bbox        : {61.748 45.587} {61.798 45.789}
  search_box  : {61.498 45.337} {62.048 46.039}
  pins        : 3
    pin u_core/core_i/id_stage_i/U3375/A1
      bbox     : {61.4410 45.7110} {61.6130 45.8950}
      layer    : M1 CO
      net      : u_core/core_i/id_stage_i/ZBUF_1318_51
      cell     : u_core/core_i/id_stage_i/U3375
      ref_name : NOR2X4_HVT
      origin   : 61.1920 45.0800
    pin u_core/core_i/id_stage_i/U3375/VDD
      bbox     : {61.1920 45.9910} {63.1680 46.7820}
      layer    : M1 CO
      net      : u_core/core_i/id_stage_i/VDD
      cell     : u_core/core_i/id_stage_i/U3375
      ref_name : NOR2X4_HVT
      origin   : 61.1920 45.0800
    pin u_core/core_i/id_stage_i/U3375/VSS
      bbox     : {61.1920 45.0500} {63.1680 45.4910}
      layer    : M1 CO
      net      : u_core/core_i/id_stage_i/VSS
      cell     : u_core/core_i/id_stage_i/U3375
      ref_name : NOR2X4_HVT
      origin   : 61.1920 45.0800
  cells       : 1
    cell u_core/core_i/id_stage_i/U3375 ref=NOR2X4_HVT origin=61.1920 45.0800
  shapes      : 6
    shape PATH_23_787
      layer : M7
      bbox  : {52.8040 45.5080} {106.9720 45.5640}
      net   : u_core/core_i/id_stage_i/ZBUF_42_321
    shape PATH_17_10675
      layer : M4
      bbox  : {61.9240 9.0280} {61.9800 47.6920}
      net   : u_core/core_i/id_stage_i/ZBUF_54_396
    shape PATH_11_11876
      layer : M1
      bbox  : {61.0150 45.8150} {61.5210 45.8650}
      net   : u_core/core_i/id_stage_i/ZBUF_1318_51
    shape PATH_15_28205
      layer : M3
      bbox  : {54.0200 45.5080} {66.9960 45.5640}
      net   : u_core/core_i/id_stage_i/n3277
    shape PATH_13_90743
      layer : M2
      bbox  : {61.4680 37.6040} {61.5240 52.4040}
      net   : u_core/core_i/id_stage_i/HFSNET_36
    shape PATH_13_102930
      layer : M2
      bbox  : {61.7720 45.6600} {61.8280 49.3640}
      net   : u_core/core_i/id_stage_i/ZBUF_133_72

Marker Hotspot_220to240_200to220_1
  error_id    : 52
  error_type  : Off-grid
  error_layer : VIA1 (12)
  center      : 238.118 212.888
  bbox        : {238.093 212.787} {238.143 212.989}
  search_box  : {237.843 212.537} {238.393 213.239}
  pins        : 2
    pin u_core/core_i/U2548/A1
      bbox     : {237.7610 212.9110} {237.9330 213.0950}
      layer    : M1 CO
      net      : u_core/core_i/n5883
      cell     : u_core/core_i/U2548
      ref_name : NOR2X4_HVT
      origin   : 237.5120 212.2800
    pin u_core/core_i/U2548/VSS
      bbox     : {237.5120 212.2500} {239.4880 212.6910}
      layer    : M1 CO
      net      : u_core/core_i/VSS
      cell     : u_core/core_i/U2548
      ref_name : NOR2X4_HVT
      origin   : 237.5120 212.2800
  cells       : 1
    cell u_core/core_i/U2548 ref=NOR2X4_HVT origin=237.5120 212.2800
  shapes      : 5
    shape PATH_11_3308
      layer : M1
      bbox  : {237.6340 213.0100} {237.8770 213.0700}
      net   : u_core/core_i/n5883
    shape PATH_15_13498
      layer : M3
      bbox  : {236.8760 213.0120} {239.2120 213.0680}
      net   : u_core/core_i/n478
    shape PATH_13_33337
      layer : M2
      bbox  : {237.6360 212.8600} {237.8440 212.9160}
      net   : u_core/core_i/n4236
    shape PATH_13_33338
      layer : M2
      bbox  : {237.7880 212.8600} {238.1460 212.9160}
      net   : u_core/core_i/n4236
    shape PATH_13_33339
      layer : M2
      bbox  : {237.7880 212.8600} {237.8440 216.5640}
      net   : u_core/core_i/n4236

Marker Hotspot_220to240_200to220_2
  error_id    : 53
  error_type  : Off-grid
  error_layer : M2 (13)
  center      : 238.118 212.888
  bbox        : {238.088 212.757} {238.148 213.019}
  search_box  : {237.838 212.507} {238.398 213.269}
  pins        : 3
    pin u_core/core_i/U2548/A1
      bbox     : {237.7610 212.9110} {237.9330 213.0950}
      layer    : M1 CO
      net      : u_core/core_i/n5883
      cell     : u_core/core_i/U2548
      ref_name : NOR2X4_HVT
      origin   : 237.5120 212.2800
    pin u_core/core_i/U2548/VDD
      bbox     : {237.5120 213.1910} {239.4880 213.9820}
      layer    : M1 CO
      net      : u_core/core_i/VDD
      cell     : u_core/core_i/U2548
      ref_name : NOR2X4_HVT
      origin   : 237.5120 212.2800
    pin u_core/core_i/U2548/VSS
      bbox     : {237.5120 212.2500} {239.4880 212.6910}
      layer    : M1 CO
      net      : u_core/core_i/VSS
      cell     : u_core/core_i/U2548
      ref_name : NOR2X4_HVT
      origin   : 237.5120 212.2800
  cells       : 1
    cell u_core/core_i/U2548 ref=NOR2X4_HVT origin=237.5120 212.2800
  shapes      : 5
    shape PATH_11_3308
      layer : M1
      bbox  : {237.6340 213.0100} {237.8770 213.0700}
      net   : u_core/core_i/n5883
    shape PATH_15_13498
      layer : M3
      bbox  : {236.8760 213.0120} {239.2120 213.0680}
      net   : u_core/core_i/n478
    shape PATH_13_33337
      layer : M2
      bbox  : {237.6360 212.8600} {237.8440 212.9160}
      net   : u_core/core_i/n4236
    shape PATH_13_33338
      layer : M2
      bbox  : {237.7880 212.8600} {238.1460 212.9160}
      net   : u_core/core_i/n4236
    shape PATH_13_33339
      layer : M2
      bbox  : {237.7880 212.8600} {237.8440 216.5640}
      net   : u_core/core_i/n4236

Marker Hotspot_220to240_200to220_3
  error_id    : 54
  error_type  : Off-grid
  error_layer : VIA1 (12)
  center      : 232.773 204.984
  bbox        : {232.748 204.883} {232.798 205.085}
  search_box  : {232.498 204.633} {233.048 205.335}
  pins        : 3
    pin u_core/core_i/U4234/A1
      bbox     : {232.4410 204.7770} {232.6130 204.9610}
      layer    : M1 CO
      net      : u_core/core_i/n5922
      cell     : u_core/core_i/U4234
      ref_name : NOR2X4_HVT
      origin   : 232.1920 205.5920
    pin u_core/core_i/U4234/VDD
      bbox     : {232.1920 203.8900} {234.1680 204.6810}
      layer    : M1 CO
      net      : u_core/core_i/VDD
      cell     : u_core/core_i/U4234
      ref_name : NOR2X4_HVT
      origin   : 232.1920 205.5920
    pin u_core/core_i/U4234/VSS
      bbox     : {232.1920 205.1810} {234.1680 205.6220}
      layer    : M1 CO
      net      : u_core/core_i/VSS
      cell     : u_core/core_i/U4234
      ref_name : NOR2X4_HVT
      origin   : 232.1920 205.5920
  cells       : 1
    cell u_core/core_i/U4234 ref=NOR2X4_HVT origin=232.1920 205.5920
  shapes      : 5
    shape PATH_23_102
      layer : M7
      bbox  : {164.6760 204.8040} {234.0440 204.8600}
      net   : u_core/core_i/n860
    shape PATH_11_3340
      layer : M1
      bbox  : {232.3140 204.8020} {232.5570 204.8620}
      net   : u_core/core_i/n5922
    shape PATH_19_7291
      layer : M5
      bbox  : {215.7480 204.8040} {244.0760 204.8600}
      net   : u_core/core_i/ZBUF_1730_112
    shape PATH_15_12081
      layer : M3
      bbox  : {232.3160 204.8040} {238.9080 204.8600}
      net   : u_core/core_i/n5922
    shape PATH_13_103675
      layer : M2
      bbox  : {232.7720 204.9560} {232.8280 206.0760}
      net   : u_core/core_i/ZBUF_51_78

Marker Hotspot_240to260_200to220_1
  error_id    : 56
  error_type  : Off-grid
  error_layer : VIA1 (12)
  center      : 244.477 206.2
  bbox        : {244.452 206.099} {244.502 206.301}
  search_box  : {244.202 205.849} {244.752 206.551}
  pins        : 3
    pin u_core/core_i/U2033/A1
      bbox     : {244.1450 206.2230} {244.3170 206.4070}
      layer    : M1 CO
      net      : u_core/core_i/n5880
      cell     : u_core/core_i/U2033
      ref_name : NOR2X4_HVT
      origin   : 243.8960 205.5920
    pin u_core/core_i/U2033/VDD
      bbox     : {243.8960 206.5030} {245.8720 207.2940}
      layer    : M1 CO
      net      : u_core/core_i/VDD
      cell     : u_core/core_i/U2033
      ref_name : NOR2X4_HVT
      origin   : 243.8960 205.5920
    pin u_core/core_i/U2033/VSS
      bbox     : {243.8960 205.5620} {245.8720 206.0030}
      layer    : M1 CO
      net      : u_core/core_i/VSS
      cell     : u_core/core_i/U2033
      ref_name : NOR2X4_HVT
      origin   : 243.8960 205.5920
  cells       : 1
    cell u_core/core_i/U2033 ref=NOR2X4_HVT origin=243.8960 205.5920
  shapes      : 2
    shape PATH_13_25742
      layer : M2
      bbox  : {244.1720 205.4120} {244.2280 206.2280}
      net   : u_core/core_i/n5880
    shape PATH_13_33347
      layer : M2
      bbox  : {244.4760 206.1720} {244.5320 211.5480}
      net   : u_core/core_i/n4236

Marker Hotspot_240to260_200to220_2
  error_id    : 57
  error_type  : Off-grid
  error_layer : M2 (13)
  center      : 244.477 206.2
  bbox        : {244.422 206.094} {244.532 206.306}
  search_box  : {244.172 205.844} {244.782 206.556}
  pins        : 3
    pin u_core/core_i/U2033/A1
      bbox     : {244.1450 206.2230} {244.3170 206.4070}
      layer    : M1 CO
      net      : u_core/core_i/n5880
      cell     : u_core/core_i/U2033
      ref_name : NOR2X4_HVT
      origin   : 243.8960 205.5920
    pin u_core/core_i/U2033/VDD
      bbox     : {243.8960 206.5030} {245.8720 207.2940}
      layer    : M1 CO
      net      : u_core/core_i/VDD
      cell     : u_core/core_i/U2033
      ref_name : NOR2X4_HVT
      origin   : 243.8960 205.5920
    pin u_core/core_i/U2033/VSS
      bbox     : {243.8960 205.5620} {245.8720 206.0030}
      layer    : M1 CO
      net      : u_core/core_i/VSS
      cell     : u_core/core_i/U2033
      ref_name : NOR2X4_HVT
      origin   : 243.8960 205.5920
  cells       : 1
    cell u_core/core_i/U2033 ref=NOR2X4_HVT origin=243.8960 205.5920
  shapes      : 2
    shape PATH_13_25742
      layer : M2
      bbox  : {244.1720 205.4120} {244.2280 206.2280}
      net   : u_core/core_i/n5880
    shape PATH_13_33347
      layer : M2
      bbox  : {244.4760 206.1720} {244.5320 211.5480}
      net   : u_core/core_i/n4236

Marker Hotspot_240to260_200to220_3
  error_id    : 58
  error_type  : Off-grid
  error_layer : VIA1 (12)
  center      : 246.909 209.544
  bbox        : {246.884 209.443} {246.934 209.645}
  search_box  : {246.634 209.193} {247.184 209.895}
  pins        : 3
    pin u_core/core_i/U2150/A1
      bbox     : {246.5770 209.5670} {246.7490 209.7510}
      layer    : M1 CO
      net      : u_core/core_i/n5881
      cell     : u_core/core_i/U2150
      ref_name : NOR2X4_HVT
      origin   : 246.3280 208.9360
    pin u_core/core_i/U2150/VDD
      bbox     : {246.3280 209.8470} {248.3040 210.6380}
      layer    : M1 CO
      net      : u_core/core_i/VDD
      cell     : u_core/core_i/U2150
      ref_name : NOR2X4_HVT
      origin   : 246.3280 208.9360
    pin u_core/core_i/U2150/VSS
      bbox     : {246.3280 208.9060} {248.3040 209.3470}
      layer    : M1 CO
      net      : u_core/core_i/VSS
      cell     : u_core/core_i/U2150
      ref_name : NOR2X4_HVT
      origin   : 246.3280 208.9360
  cells       : 1
    cell u_core/core_i/U2150 ref=NOR2X4_HVT origin=246.3280 208.9360
  shapes      : 4
    shape PATH_13_2259
      layer : M2
      bbox  : {247.0600 206.9320} {247.1160 212.4600}
      net   : u_core/core_i/ZBUF_450_211
    shape PATH_15_5899
      layer : M3
      bbox  : {216.2040 209.3640} {247.8760 209.4200}
      net   : u_core/core_i/n1995
    shape PATH_13_25743
      layer : M2
      bbox  : {246.6040 208.7560} {246.6600 209.5720}
      net   : u_core/core_i/n5881
    shape PATH_13_33351
      layer : M2
      bbox  : {245.8440 209.8200} {246.9640 209.8760}
      net   : u_core/core_i/n4236

Marker Hotspot_240to260_220to240_1
  error_id    : 73
  error_type  : Off-grid
  error_layer : VIA1 (12)
  center      : 242.805 225.048
  bbox        : {242.78 224.947} {242.83 225.149}
  search_box  : {242.53 224.697} {243.08 225.399}
  pins        : 3
    pin u_core/core_i/U3879/A1
      bbox     : {242.4730 224.8410} {242.6450 225.0250}
      layer    : M1 CO
      net      : u_core/core_i/n5888
      cell     : u_core/core_i/U3879
      ref_name : NOR2X4_HVT
      origin   : 242.2240 225.6560
    pin u_core/core_i/U3879/VDD
      bbox     : {242.2240 223.9540} {244.2000 224.7450}
      layer    : M1 CO
      net      : u_core/core_i/VDD
      cell     : u_core/core_i/U3879
      ref_name : NOR2X4_HVT
      origin   : 242.2240 225.6560
    pin u_core/core_i/U3879/VSS
      bbox     : {242.2240 225.2450} {244.2000 225.6860}
      layer    : M1 CO
      net      : u_core/core_i/VSS
      cell     : u_core/core_i/U3879
      ref_name : NOR2X4_HVT
      origin   : 242.2240 225.6560
  cells       : 1
    cell u_core/core_i/U3879 ref=NOR2X4_HVT origin=242.2240 225.6560
  shapes      : 3
    shape PATH_13_25757
      layer : M2
      bbox  : {242.5000 224.7160} {243.7720 224.7720}
      net   : u_core/core_i/n5888
    shape PATH_13_25758
      layer : M2
      bbox  : {242.5000 224.7160} {242.5560 224.9240}
      net   : u_core/core_i/n5888
    shape PATH_13_33344
      layer : M2
      bbox  : {242.8040 225.0200} {242.8600 226.1400}
      net   : u_core/core_i/n4236

Marker Hotspot_240to260_220to240_2
  error_id    : 74
  error_type  : Off-grid
  error_layer : M2 (13)
  center      : 242.805 225.048
  bbox        : {242.75 224.942} {242.86 225.154}
  search_box  : {242.5 224.692} {243.11 225.404}
  pins        : 3
    pin u_core/core_i/U3879/A1
      bbox     : {242.4730 224.8410} {242.6450 225.0250}
      layer    : M1 CO
      net      : u_core/core_i/n5888
      cell     : u_core/core_i/U3879
      ref_name : NOR2X4_HVT
      origin   : 242.2240 225.6560
    pin u_core/core_i/U3879/VDD
      bbox     : {242.2240 223.9540} {244.2000 224.7450}
      layer    : M1 CO
      net      : u_core/core_i/VDD
      cell     : u_core/core_i/U3879
      ref_name : NOR2X4_HVT
      origin   : 242.2240 225.6560
    pin u_core/core_i/U3879/VSS
      bbox     : {242.2240 225.2450} {244.2000 225.6860}
      layer    : M1 CO
      net      : u_core/core_i/VSS
      cell     : u_core/core_i/U3879
      ref_name : NOR2X4_HVT
      origin   : 242.2240 225.6560
  cells       : 1
    cell u_core/core_i/U3879 ref=NOR2X4_HVT origin=242.2240 225.6560
  shapes      : 3
    shape PATH_13_25757
      layer : M2
      bbox  : {242.5000 224.7160} {243.7720 224.7720}
      net   : u_core/core_i/n5888
    shape PATH_13_25758
      layer : M2
      bbox  : {242.5000 224.7160} {242.5560 224.9240}
      net   : u_core/core_i/n5888
    shape PATH_13_33344
      layer : M2
      bbox  : {242.8040 225.0200} {242.8600 226.1400}
      net   : u_core/core_i/n4236

Marker Hotspot_240to260_220to240_3
  error_id    : 81
  error_type  : Off-grid
  error_layer : M2 (13)
  center      : 256.181 229.608
  bbox        : {256.126 229.502} {256.236 229.714}
  search_box  : {255.876 229.252} {256.486 229.964}
  pins        : 3
    pin u_core/core_i/id_stage_i/U178/A1
      bbox     : {255.8490 229.6310} {256.0210 229.8150}
      layer    : M1 CO
      net      : u_core/core_i/id_stage_i/n532
      cell     : u_core/core_i/id_stage_i/U178
      ref_name : NOR2X4_HVT
      origin   : 255.6000 229.0000
    pin u_core/core_i/id_stage_i/U178/VDD
      bbox     : {255.6000 229.9110} {257.5760 230.7020}
      layer    : M1 CO
      net      : u_core/core_i/id_stage_i/VDD
      cell     : u_core/core_i/id_stage_i/U178
      ref_name : NOR2X4_HVT
      origin   : 255.6000 229.0000
    pin u_core/core_i/id_stage_i/U178/VSS
      bbox     : {255.6000 228.9700} {257.5760 229.4110}
      layer    : M1 CO
      net      : u_core/core_i/id_stage_i/VSS
      cell     : u_core/core_i/id_stage_i/U178
      ref_name : NOR2X4_HVT
      origin   : 255.6000 229.0000
  cells       : 1
    cell u_core/core_i/id_stage_i/U178 ref=NOR2X4_HVT origin=255.6000 229.0000
  shapes      : 5
    shape PATH_17_982
      layer : M4
      bbox  : {256.1800 205.4120} {256.2360 230.3960}
      net   : u_core/core_i/n860
    shape PATH_15_1624
      layer : M3
      bbox  : {253.4440 229.7320} {282.9880 229.7880}
      net   : u_core/core_i/if_stage_i/instr_decompressed[14]
    shape PATH_13_48522
      layer : M2
      bbox  : {255.8760 229.2760} {257.4520 229.3320}
      net   : u_core/core_i/id_stage_i/n532
    shape PATH_13_48523
      layer : M2
      bbox  : {255.8760 229.2760} {255.9320 229.6360}
      net   : u_core/core_i/id_stage_i/n532
    shape PATH_13_48525
      layer : M2
      bbox  : {256.1530 229.5800} {257.9080 229.6360}
      net   : u_core/core_i/id_stage_i/n533

Marker Hotspot_240to260_240to260_1
  error_id    : 89
  error_type  : Off-grid
  error_layer : VIA1 (12)
  center      : 247.213 243.136
  bbox        : {247.188 243.035} {247.238 243.237}
  search_box  : {246.938 242.785} {247.488 243.487}
  pins        : 2
    pin u_core/core_i/U1065/A1
      bbox     : {246.8660 242.9980} {247.0380 243.3430}
      layer    : M1 CO
      net      : u_core/core_i/n849
      cell     : u_core/core_i/U1065
      ref_name : OR2X4_HVT
      origin   : 246.6320 242.3760
    pin u_core/core_i/U1065/VDD
      bbox     : {246.6320 243.3440} {248.3040 244.0780}
      layer    : M1 CO
      net      : u_core/core_i/VDD
      cell     : u_core/core_i/U1065
      ref_name : OR2X4_HVT
      origin   : 246.6320 242.3760
  cells       : 1
    cell u_core/core_i/U1065 ref=OR2X4_HVT origin=246.6320 242.3760
  shapes      : 3
    shape PATH_11_1068
      layer : M1
      bbox  : {246.7540 243.2580} {246.9510 243.3180}
      net   : u_core/core_i/n849
    shape PATH_13_7932
      layer : M2
      bbox  : {247.2120 240.3720} {247.2680 243.1640}
      net   : u_core/core_i/n850
    shape PATH_15_52371
      layer : M3
      bbox  : {245.5400 243.1080} {249.3960 243.1640}
      net   : u_core/core_i/ZBUF_32_56

Marker Hotspot_240to260_240to260_2
  error_id    : 90
  error_type  : Off-grid
  error_layer : M2 (13)
  center      : 247.213 243.136
  bbox        : {247.158 243.03} {247.268 243.242}
  search_box  : {246.908 242.78} {247.518 243.492}
  pins        : 2
    pin u_core/core_i/U1065/A1
      bbox     : {246.8660 242.9980} {247.0380 243.3430}
      layer    : M1 CO
      net      : u_core/core_i/n849
      cell     : u_core/core_i/U1065
      ref_name : OR2X4_HVT
      origin   : 246.6320 242.3760
    pin u_core/core_i/U1065/VDD
      bbox     : {246.6320 243.3440} {248.3040 244.0780}
      layer    : M1 CO
      net      : u_core/core_i/VDD
      cell     : u_core/core_i/U1065
      ref_name : OR2X4_HVT
      origin   : 246.6320 242.3760
  cells       : 1
    cell u_core/core_i/U1065 ref=OR2X4_HVT origin=246.6320 242.3760
  shapes      : 3
    shape PATH_11_1068
      layer : M1
      bbox  : {246.7540 243.2580} {246.9510 243.3180}
      net   : u_core/core_i/n849
    shape PATH_13_7932
      layer : M2
      bbox  : {247.2120 240.3720} {247.2680 243.1640}
      net   : u_core/core_i/n850
    shape PATH_15_52371
      layer : M3
      bbox  : {245.5400 243.1080} {249.3960 243.1640}
      net   : u_core/core_i/ZBUF_32_56

Marker Hotspot_240to260_240to260_3
  error_id    : 91
  error_type  : Off-grid
  error_layer : VIA1 (12)
  center      : 255.75 244.96
  bbox        : {255.725 244.859} {255.775 245.061}
  search_box  : {255.475 244.609} {256.025 245.311}
  pins        : 2
    pin u_core/core_i/U1091/A1
      bbox     : {255.3780 244.7530} {255.5500 245.0980}
      layer    : M1 CO
      net      : u_core/core_i/n864
      cell     : u_core/core_i/U1091
      ref_name : OR2X4_HVT
      origin   : 255.1440 245.7200
    pin u_core/core_i/U1091/VDD
      bbox     : {255.1440 244.0180} {256.8160 244.7520}
      layer    : M1 CO
      net      : u_core/core_i/VDD
      cell     : u_core/core_i/U1091
      ref_name : OR2X4_HVT
      origin   : 255.1440 245.7200
  cells       : 1
    cell u_core/core_i/U1091 ref=OR2X4_HVT origin=255.1440 245.7200
  shapes      : 6
    shape PATH_19_49
      layer : M5
      bbox  : {248.5800 244.9320} {326.1560 244.9880}
      net   : hart_id_i[13]
    shape PATH_17_65
      layer : M4
      bbox  : {255.5720 163.7640} {255.6280 303.9640}
      net   : hart_id_i[30]
    shape PATH_15_4119
      layer : M3
      bbox  : {255.2680 244.9320} {257.9080 244.9880}
      net   : u_core/core_i/n864
    shape PATH_15_4967
      layer : M3
      bbox  : {244.6280 244.6280} {266.4200 244.6840}
      net   : u_core/core_i/n1501
    shape PATH_13_8001
      layer : M2
      bbox  : {255.7220 244.9320} {256.8440 244.9880}
      net   : u_core/core_i/n865
    shape PATH_13_8251
      layer : M2
      bbox  : {255.5720 237.9400} {255.6280 254.7160}
      net   : u_core/core_i/n966

Marker Hotspot_220to240_220to240_1
  error_id    : 68
  error_type  : Off-grid
  error_layer : VIA1 (12)
  center      : 237.20600000000002 226.264
  bbox        : {237.181 226.163} {237.231 226.365}
  search_box  : {236.931 225.913} {237.481 226.615}
  pins        : 2
    pin u_core/core_i/U1778/A1
      bbox     : {236.8490 226.2870} {237.0210 226.4710}
      layer    : M1 CO
      net      : u_core/core_i/n5878
      cell     : u_core/core_i/U1778
      ref_name : NOR2X4_HVT
      origin   : 236.6000 225.6560
    pin u_core/core_i/U1778/VSS
      bbox     : {236.6000 225.6260} {238.5760 226.0670}
      layer    : M1 CO
      net      : u_core/core_i/VSS
      cell     : u_core/core_i/U1778
      ref_name : NOR2X4_HVT
      origin   : 236.6000 225.6560
  cells       : 1
    cell u_core/core_i/U1778 ref=NOR2X4_HVT origin=236.6000 225.6560
  shapes      : 6
    shape PATH_19_1667
      layer : M5
      bbox  : {224.2600 226.0840} {249.5480 226.1400}
      net   : u_core/core_i/n4157
    shape PATH_21_2084
      layer : M6
      bbox  : {237.0280 224.2600} {237.0840 227.3560}
      net   : u_core/core_i/ZCTSNET_1
    shape PATH_15_16159
      layer : M3
      bbox  : {234.2920 226.0840} {237.3880 226.1400}
      net   : u_core/core_i/n4236
    shape PATH_15_16160
      layer : M3
      bbox  : {237.3320 226.0840} {238.3000 226.1400}
      net   : u_core/core_i/n4236
    shape PATH_13_25740
      layer : M2
      bbox  : {236.8760 225.7800} {236.9320 226.2920}
      net   : u_core/core_i/n5878
    shape PATH_13_98559
      layer : M2
      bbox  : {237.0280 209.6680} {237.0840 227.6600}
      net   : u_core/core_i/ZBUF_112_38

Marker Hotspot_220to240_220to240_2
  error_id    : 69
  error_type  : Off-grid
  error_layer : M2 (13)
  center      : 237.206 226.264
  bbox        : {237.176 226.133} {237.236 226.395}
  search_box  : {236.926 225.883} {237.486 226.645}
  pins        : 3
    pin u_core/core_i/U1778/A1
      bbox     : {236.8490 226.2870} {237.0210 226.4710}
      layer    : M1 CO
      net      : u_core/core_i/n5878
      cell     : u_core/core_i/U1778
      ref_name : NOR2X4_HVT
      origin   : 236.6000 225.6560
    pin u_core/core_i/U1778/VDD
      bbox     : {236.6000 226.5670} {238.5760 227.3580}
      layer    : M1 CO
      net      : u_core/core_i/VDD
      cell     : u_core/core_i/U1778
      ref_name : NOR2X4_HVT
      origin   : 236.6000 225.6560
    pin u_core/core_i/U1778/VSS
      bbox     : {236.6000 225.6260} {238.5760 226.0670}
      layer    : M1 CO
      net      : u_core/core_i/VSS
      cell     : u_core/core_i/U1778
      ref_name : NOR2X4_HVT
      origin   : 236.6000 225.6560
  cells       : 1
    cell u_core/core_i/U1778 ref=NOR2X4_HVT origin=236.6000 225.6560
  shapes      : 6
    shape PATH_19_1667
      layer : M5
      bbox  : {224.2600 226.0840} {249.5480 226.1400}
      net   : u_core/core_i/n4157
    shape PATH_21_2084
      layer : M6
      bbox  : {237.0280 224.2600} {237.0840 227.3560}
      net   : u_core/core_i/ZCTSNET_1
    shape PATH_15_16159
      layer : M3
      bbox  : {234.2920 226.0840} {237.3880 226.1400}
      net   : u_core/core_i/n4236
    shape PATH_15_16160
      layer : M3
      bbox  : {237.3320 226.0840} {238.3000 226.1400}
      net   : u_core/core_i/n4236
    shape PATH_13_25740
      layer : M2
      bbox  : {236.8760 225.7800} {236.9320 226.2920}
      net   : u_core/core_i/n5878
    shape PATH_13_98559
      layer : M2
      bbox  : {237.0280 209.6680} {237.0840 227.6600}
      net   : u_core/core_i/ZBUF_112_38

Marker Hotspot_220to240_220to240_3
  error_id    : 78
  error_type  : Off-grid
  error_layer : VIA1 (12)
  center      : 224.74200000000002 228.392
  bbox        : {224.717 228.291} {224.767 228.493}
  search_box  : {224.467 228.041} {225.017 228.743}
  pins        : 2
    pin u_core/core_i/U4279/A1
      bbox     : {224.3850 228.1850} {224.5570 228.3690}
      layer    : M1 CO
      net      : u_core/core_i/n5914
      cell     : u_core/core_i/U4279
      ref_name : NOR2X4_HVT
      origin   : 224.1360 229.0000
    pin u_core/core_i/U4279/VSS
      bbox     : {224.1360 228.5890} {226.1120 229.0300}
      layer    : M1 CO
      net      : u_core/core_i/VSS
      cell     : u_core/core_i/U4279
      ref_name : NOR2X4_HVT
      origin   : 224.1360 229.0000
  cells       : 1
    cell u_core/core_i/U4279 ref=NOR2X4_HVT origin=224.1360 229.0000
  shapes      : 7
    shape PATH_23_21
      layer : M7
      bbox  : {10.0000 227.5000} {316.9760 228.5000}
      net   : VSS
    shape PATH_17_60
      layer : M4
      bbox  : {224.5640 150.3880} {224.6200 320.9880}
      net   : dm_halt_addr_i[3]
    shape PATH_15_3397
      layer : M3
      bbox  : {224.2600 228.2120} {226.9000 228.2680}
      net   : u_core/core_i/n318
    shape PATH_13_5329
      layer : M2
      bbox  : {224.1080 228.5160} {224.7700 228.5720}
      net   : u_core/core_i/ex_stage_i/alu_i/alu_div_i/AReg_DP[27]
    shape PATH_13_5331
      layer : M2
      bbox  : {224.8680 223.8040} {224.9240 228.5720}
      net   : u_core/core_i/ex_stage_i/alu_i/alu_div_i/AReg_DP[27]
    shape PATH_13_30494
      layer : M2
      bbox  : {224.5640 228.6680} {224.6200 249.0920}
      net   : u_core/core_i/n1711
    shape PATH_13_30495
      layer : M2
      bbox  : {224.5640 228.6680} {225.3800 228.7240}
      net   : u_core/core_i/n1711

