DRC representative marker summary

drc_marker_count=103
representative_count=25

By type/layer:
  Off-grid | VIA1 (12): 51
  Off-grid | M2 (13): 48
  Off-grid | M1 (11): 2
  Diff net spacing | M1 (11): 1
  Diff net spacing | M2 (13): 1

Top 20um buckets:
  220-240,200-220: 7
  240-260,200-220: 6
  240-260,220-240: 6
  240-260,240-260: 6
  220-240,220-240: 5
  060-080,040-060: 4
  140-160,020-040: 4
  020-040,060-080: 4
  040-060,060-080: 4
  180-200,140-160: 4
  200-220,160-180: 4
  160-180,160-180: 4
  200-220,200-220: 4
  160-180,220-240: 3
  020-040,020-040: 2
  100-120,020-040: 2
  180-200,040-060: 2
  060-080,060-080: 2
  280-300,060-080: 2
  260-280,100-120: 2
