****************************************
Report : clock timing
        -type latency
        -launch
        -nworst 20
        -setup
Design : cv32e40p_synth_wrap
Version: W-2024.09-SP2
Date   : Fri May  8 12:49:00 2026
****************************************

  Mode: default
  Clock: clk_i

                                                 --- Latency ---
  Clock Pin                             Trans   Source   Offset  Network    Total            Corner
---------------------------------------------------------------------------------------------------
  u_core/core_i/id_stage_i/mult_operand_a_ex_o_reg[20]/CLK
                                         0.04     0.00       --     0.37     0.37 rp-+      default
  u_core/core_i/id_stage_i/mult_operand_a_ex_o_reg[12]/CLK
                                         0.04     0.00       --     0.37     0.37 rp-+      default
  u_core/core_i/id_stage_i/mult_operand_a_ex_o_reg[11]/CLK
                                         0.04     0.00       --     0.37     0.37 rp-+      default
  u_core/core_i/id_stage_i/mult_operand_a_ex_o_reg[15]/CLK
                                         0.04     0.00       --     0.37     0.37 rp-+      default
  u_core/core_i/id_stage_i/mult_operand_a_ex_o_reg[16]/CLK
                                         0.04     0.00       --     0.37     0.37 rp-+      default
  u_core/core_i/id_stage_i/mult_operand_a_ex_o_reg[13]/CLK
                                         0.04     0.00       --     0.37     0.37 rp-+      default
  u_core/core_i/id_stage_i/mult_operand_a_ex_o_reg[8]/CLK
                                         0.04     0.00       --     0.37     0.37 rp-+      default
  u_core/core_i/id_stage_i/mult_operand_a_ex_o_reg[18]/CLK
                                         0.04     0.00       --     0.37     0.37 rp-+      default
  u_core/core_i/id_stage_i/mult_operand_a_ex_o_reg[21]/CLK
                                         0.04     0.00       --     0.37     0.37 rp-+      default
  u_core/core_i/id_stage_i/mult_operand_a_ex_o_reg[17]/CLK
                                         0.04     0.00       --     0.37     0.37 rp-+      default
  u_core/core_i/id_stage_i/mult_operand_b_ex_o_reg[18]/CLK
                                         0.04     0.00       --     0.37     0.37 rp-+      default
  u_core/core_i/id_stage_i/mult_operand_b_ex_o_reg[19]/CLK
                                         0.04     0.00       --     0.37     0.37 rp-+      default
  u_core/core_i/id_stage_i/mult_operand_a_ex_o_reg[19]/CLK
                                         0.04     0.00       --     0.37     0.37 rp-+      default
  u_core/core_i/id_stage_i/mult_operand_a_ex_o_reg[9]/CLK
                                         0.04     0.00       --     0.37     0.37 rp-+      default
  u_core/core_i/id_stage_i/mult_operand_b_ex_o_reg[12]/CLK
                                         0.04     0.00       --     0.37     0.37 rp-+      default
  u_core/core_i/id_stage_i/mult_operand_a_ex_o_reg[14]/CLK
                                         0.04     0.00       --     0.37     0.37 rp-+      default
  u_core/core_i/id_stage_i/mult_operand_a_ex_o_reg[10]/CLK
                                         0.04     0.00       --     0.37     0.37 rp-+      default
  u_core/core_i/id_stage_i/mult_operand_b_ex_o_reg[10]/CLK
                                         0.04     0.00       --     0.37     0.37 rp-+      default
  u_core/core_i/id_stage_i/mult_operand_b_ex_o_reg[11]/CLK
                                         0.04     0.00       --     0.37     0.37 rp-+      default
  u_core/core_i/id_stage_i/mult_operand_a_ex_o_reg[22]/CLK
                                         0.04     0.00       --     0.37     0.37 rp-+      default
---------------------------------------------------------------------------------------------------
1
