Warning: Cell contains tie connections which are not connected to real PG. (ZRT-511)
Cell Min-Routing-Layer = M1
Cell Max-Routing-Layer = M8
Turn off antenna since no rule is specified
Information: Option route.detail.force_end_on_preferred_grid will be ignored since none of the layers have preferred grid. (ZRT-703)
Warning: Cannot find a default contact code for layer CO. (ZRT-022)
Warning: Port VDD of cell cv32e40p_synth_wrap is unplaced.  This may impact routing result. (ZRT-740)
Warning: Port VSS of cell cv32e40p_synth_wrap is unplaced.  This may impact routing result. (ZRT-740)
Warning: Ignore 2 top cell ports with no pins. (ZRT-027)
Skipping 6 internal pins that are not physical. Set route.common.verbose_level to > 0 and run routing command to get skipped pin names.
Info: number of net_type_blockage: 0 
Information: Via ladder engine would be activated for pattern must join connection in certain commands. Please refer to man-page for the command list. (ZRT-619)
Information: When applicable Min-max layer allow_pin_connection mode will allow paths of length 5.32 outside the layer range. (ZRT-707)
Information: When applicable Min-max layer allow_pin_connection mode will allow paths of length 5.32 outside the layer range on clock nets. (ZRT-718)
Information: When applicable layer based tapering will taper up to 0.00 in distance from the pin. (ZRT-706)
Warning: Standard cell pin MUX41X2_HVT/S0 has no valid via regions. (ZRT-044)


Start checking for open nets ... 

Total number of nets = 18481, of which 0 are not extracted
Total number of open nets = 0, of which 0 are frozen

Check 18481 nets, 0 have Errors

[CHECK OPEN NETS] Elapsed real time: 0:00:00 
[CHECK OPEN NETS] Elapsed cpu  time: sys=0:00:00 usr=0:00:00 total=0:00:00
[CHECK OPEN NETS] Stage (MB): Used    0  Alloctr    0  Proc    0 
[CHECK OPEN NETS] Total (MB): Used   62  Alloctr   63  Proc 5251 
Printing options for 'route.common.*'

Printing options for 'route.detail.*'
detail.drc_convergence_effort_level                     :	 high                
detail.generate_extra_off_grid_pin_tracks               :	 true                
detail.optimize_wire_via_effort_level                   :	 high                

Printing options for 'route.auto_via_ladder.*'


Begin full DRC check ...

Information: Using 1 threads for routing. (ZRT-444)
Checked	1/25 Partitions, Violations =	18
Checked	2/25 Partitions, Violations =	18
Checked	3/25 Partitions, Violations =	19
Checked	4/25 Partitions, Violations =	33
Checked	5/25 Partitions, Violations =	49
Checked	6/25 Partitions, Violations =	57
Checked	7/25 Partitions, Violations =	68
Checked	8/25 Partitions, Violations =	102
Checked	9/25 Partitions, Violations =	102
Checked	10/25 Partitions, Violations =	103
Checked	11/25 Partitions, Violations =	110
Checked	12/25 Partitions, Violations =	118
Checked	13/25 Partitions, Violations =	121
Checked	14/25 Partitions, Violations =	129
Checked	15/25 Partitions, Violations =	271
Checked	16/25 Partitions, Violations =	282
Checked	17/25 Partitions, Violations =	307
Checked	18/25 Partitions, Violations =	307
Checked	19/25 Partitions, Violations =	310
Checked	20/25 Partitions, Violations =	314
Checked	21/25 Partitions, Violations =	315
Checked	22/25 Partitions, Violations =	315
Checked	23/25 Partitions, Violations =	342
Checked	24/25 Partitions, Violations =	363
Checked	25/25 Partitions, Violations =	377
[DRC CHECK] Elapsed real time: 0:00:07 
[DRC CHECK] Elapsed cpu  time: sys=0:00:00 usr=0:00:07 total=0:00:07
[DRC CHECK] Stage (MB): Used    0  Alloctr    0  Proc    0 
[DRC CHECK] Total (MB): Used  155  Alloctr  157  Proc 5251 
Warning: No antenna rules defined, Skip antenna analysis. (ZRT-309)
Information: Merged away 1 aligned/redundant DRCs. (ZRT-305)

DRC-SUMMARY:
	@@@@@@@ TOTAL VIOLATIONS =	376
	Diff net spacing : 125
	Less than minimum area : 4
	Needs fat contact : 84
	Off-grid : 160
	Same net spacing : 1
	Short : 2


Total Wire Length =                    690351 micron
Total Number of Contacts =             179235
Total Number of Wires =                188981
Total Number of PtConns =              22144
Total Number of Routed Wires =       188908
Total Routed Wire Length =           687817 micron
Total Number of Routed Contacts =       179235
	Layer                 M1 :      30912 micron
	Layer                 M2 :     200408 micron
	Layer                 M3 :     167486 micron
	Layer                 M4 :     124483 micron
	Layer                 M5 :      83865 micron
	Layer                 M6 :      42510 micron
	Layer                 M7 :      29922 micron
	Layer                 M8 :       8232 micron
	Layer                 M9 :          0 micron
	Layer               MRDL :          0 micron
	Via            VIA78SQ_C :        358
	Via       VIA67SQ_C(rot) :       2122
	Via            VIA56SQ_C :       3465
	Via       VIA45SQ_C(rot) :      10487
	Via            VIA34SQ_C :      17560
	Via       VIA34SQ_C(rot) :        141
	Via            VIA23SQ_C :       1091
	Via       VIA23SQ_C(rot) :      70179
	Via            VIA12SQ_C :      68664
	Via       VIA12SQ_C(rot) :       3137
	Via        VIA12SQ_C_2x1 :       1511
	Via   VIA12SQ_C(rot)_1x2 :        125
	Via   VIA12SQ_C(rot)_2x1 :          6
	Via        VIA12SQ_C_1x2 :        284
	Via          VIA12SQ_2x1 :          5
	Via     VIA12SQ(rot)_2x1 :         15
	Via          VIA12SQ_1x2 :         85

 
Redundant via conversion report:
--------------------------------

  Total optimized via conversion rate =  1.13% (2031 / 179235 vias)
 
    Layer VIA1       =  2.75% (2031   / 73832   vias)
        Weight 1     =  2.75% (2031    vias)
        Un-optimized =  0.00% (0       vias)
        Un-mapped    = 97.25% (71801   vias)
    Layer VIA2       =  0.00% (0      / 71270   vias)
        Un-optimized =  0.00% (0       vias)
        Un-mapped    = 100.00% (71270   vias)
    Layer VIA3       =  0.00% (0      / 17701   vias)
        Un-optimized =  0.00% (0       vias)
        Un-mapped    = 100.00% (17701   vias)
    Layer VIA4       =  0.00% (0      / 10487   vias)
        Un-optimized =  0.00% (0       vias)
        Un-mapped    = 100.00% (10487   vias)
    Layer VIA5       =  0.00% (0      / 3465    vias)
        Un-optimized =  0.00% (0       vias)
        Un-mapped    = 100.00% (3465    vias)
    Layer VIA6       =  0.00% (0      / 2122    vias)
        Un-optimized =  0.00% (0       vias)
        Un-mapped    = 100.00% (2122    vias)
    Layer VIA7       =  0.00% (0      / 358     vias)
        Un-optimized =  0.00% (0       vias)
        Un-mapped    = 100.00% (358     vias)
 
  Total double via conversion rate    =  1.13% (2031 / 179235 vias)
 
    Layer VIA1       =  2.75% (2031   / 73832   vias)
    Layer VIA2       =  0.00% (0      / 71270   vias)
    Layer VIA3       =  0.00% (0      / 17701   vias)
    Layer VIA4       =  0.00% (0      / 10487   vias)
    Layer VIA5       =  0.00% (0      / 3465    vias)
    Layer VIA6       =  0.00% (0      / 2122    vias)
    Layer VIA7       =  0.00% (0      / 358     vias)
 
  The optimized via conversion rate based on total routed via count =  1.13% (2031 / 179235 vias)
 
    Layer VIA1       =  2.75% (2031   / 73832   vias)
        Weight 1     =  2.75% (2031    vias)
        Un-optimized =  0.00% (0       vias)
        Un-mapped    = 97.25% (71801   vias)
    Layer VIA2       =  0.00% (0      / 71270   vias)
        Un-optimized =  0.00% (0       vias)
        Un-mapped    = 100.00% (71270   vias)
    Layer VIA3       =  0.00% (0      / 17701   vias)
        Un-optimized =  0.00% (0       vias)
        Un-mapped    = 100.00% (17701   vias)
    Layer VIA4       =  0.00% (0      / 10487   vias)
        Un-optimized =  0.00% (0       vias)
        Un-mapped    = 100.00% (10487   vias)
    Layer VIA5       =  0.00% (0      / 3465    vias)
        Un-optimized =  0.00% (0       vias)
        Un-mapped    = 100.00% (3465    vias)
    Layer VIA6       =  0.00% (0      / 2122    vias)
        Un-optimized =  0.00% (0       vias)
        Un-mapped    = 100.00% (2122    vias)
    Layer VIA7       =  0.00% (0      / 358     vias)
        Un-optimized =  0.00% (0       vias)
        Un-mapped    = 100.00% (358     vias)
 


Verify Summary:

Total number of nets = 18481, of which 0 are not extracted
Total number of open nets = 0, of which 0 are frozen
Total number of excluded ports = 0 ports of 0 unplaced cells connected to 0 nets
                                 0 ports without pins of 0 cells connected to 0 nets
                                 0 ports of 0 cover cells connected to 0 non-pg nets
Total number of DRCs = 376
Total number of antenna violations = no antenna rules defined
Total number of tie to rail violations = not checked
Total number of tie to rail directly violations = not checked


