Warning: Cell contains tie connections which are not connected to real PG. (ZRT-511)
Cell Min-Routing-Layer = M1
Cell Max-Routing-Layer = MRDL
Turn off antenna since no rule is specified
Information: Option route.detail.force_end_on_preferred_grid will be ignored since none of the layers have preferred grid. (ZRT-703)
Warning: Cannot find a default contact code for layer CO. (ZRT-022)
Warning: Port VDD of cell cv32e40p_synth_wrap is unplaced.  This may impact routing result. (ZRT-740)
Warning: Port VSS of cell cv32e40p_synth_wrap is unplaced.  This may impact routing result. (ZRT-740)
Warning: Ignore 2 top cell ports with no pins. (ZRT-027)
Skipping 6 internal pins that are not physical. Set route.common.verbose_level to > 0 and run routing command to get skipped pin names.
Info: number of net_type_blockage: 0 
Information: Via ladder engine would be activated for pattern must join connection in certain commands. Please refer to man-page for the command list. (ZRT-619)
Information: When applicable Min-max layer allow_pin_connection mode will allow paths of length 5.32 outside the layer range. (ZRT-707)
Information: When applicable Min-max layer allow_pin_connection mode will allow paths of length 5.32 outside the layer range on clock nets. (ZRT-718)
Information: When applicable layer based tapering will taper up to 0.00 in distance from the pin. (ZRT-706)


Start checking for open nets ... 

Total number of nets = 18936, of which 0 are not extracted
Total number of open nets = 0, of which 0 are frozen

Check 18936 nets, 0 have Errors

[CHECK OPEN NETS] Elapsed real time: 0:00:00 
[CHECK OPEN NETS] Elapsed cpu  time: sys=0:00:00 usr=0:00:00 total=0:00:00
[CHECK OPEN NETS] Stage (MB): Used    0  Alloctr    0  Proc    0 
[CHECK OPEN NETS] Total (MB): Used   64  Alloctr   65  Proc 5223 
Printing options for 'route.common.*'

Printing options for 'route.detail.*'

Printing options for 'route.auto_via_ladder.*'


Begin full DRC check ...

Information: Using 1 threads for routing. (ZRT-444)
Checked	1/25 Partitions, Violations =	4
Checked	2/25 Partitions, Violations =	9
Checked	3/25 Partitions, Violations =	15
Checked	4/25 Partitions, Violations =	18
Checked	5/25 Partitions, Violations =	32
Checked	6/25 Partitions, Violations =	95
Checked	7/25 Partitions, Violations =	95
Checked	8/25 Partitions, Violations =	114
Checked	9/25 Partitions, Violations =	135
Checked	10/25 Partitions, Violations =	164
Checked	11/25 Partitions, Violations =	171
Checked	12/25 Partitions, Violations =	182
Checked	13/25 Partitions, Violations =	186
Checked	14/25 Partitions, Violations =	191
Checked	15/25 Partitions, Violations =	261
Checked	16/25 Partitions, Violations =	270
Checked	17/25 Partitions, Violations =	292
Checked	18/25 Partitions, Violations =	306
Checked	19/25 Partitions, Violations =	311
Checked	20/25 Partitions, Violations =	311
Checked	21/25 Partitions, Violations =	311
Checked	22/25 Partitions, Violations =	330
Checked	23/25 Partitions, Violations =	349
Checked	24/25 Partitions, Violations =	396
Checked	25/25 Partitions, Violations =	411
[DRC CHECK] Elapsed real time: 0:00:08 
[DRC CHECK] Elapsed cpu  time: sys=0:00:00 usr=0:00:08 total=0:00:08
[DRC CHECK] Stage (MB): Used    0  Alloctr    0  Proc    0 
[DRC CHECK] Total (MB): Used  157  Alloctr  158  Proc 5223 
Warning: No antenna rules defined, Skip antenna analysis. (ZRT-309)
Information: Merged away 4 aligned/redundant DRCs. (ZRT-305)

DRC-SUMMARY:
	@@@@@@@ TOTAL VIOLATIONS =	407
	Diff net spacing : 102
	Less than minimum area : 8
	Needs fat contact : 128
	Off-grid : 166
	Same net spacing : 1
	Short : 2


Total Wire Length =                    886557 micron
Total Number of Contacts =             207939
Total Number of Wires =                219538
Total Number of PtConns =              24029
Total Number of Routed Wires =       219499
Total Routed Wire Length =           883800 micron
Total Number of Routed Contacts =       207939
	Layer                 M1 :      55529 micron
	Layer                 M2 :     241035 micron
	Layer                 M3 :     199969 micron
	Layer                 M4 :     155541 micron
	Layer                 M5 :     100281 micron
	Layer                 M6 :      60288 micron
	Layer                 M7 :      40396 micron
	Layer                 M8 :      13241 micron
	Layer                 M9 :      17471 micron
	Layer               MRDL :         49 micron
	Via              VIA9RDL :          6
	Via         VIA89_C(rot) :        924
	Via                VIA89 :          4
	Via           VIA89(rot) :          1
	Via            VIA78SQ_C :        943
	Via           VIA78BAR_C :         16
	Via        VIA78SQ_C_2x1 :        213
	Via   VIA78SQ_C(rot)_1x2 :          3
	Via       VIA67SQ_C(rot) :       3238
	Via            VIA56SQ_C :       5142
	Via            VIA45SQ_C :          1
	Via       VIA45SQ_C(rot) :      13605
	Via            VIA34SQ_C :      22028
	Via       VIA34SQ_C(rot) :        327
	Via            VIA23SQ_C :       1625
	Via       VIA23SQ_C(rot) :      78687
	Via            VIA12SQ_C :      75653
	Via       VIA12SQ_C(rot) :       3534
	Via       VIA12LG_C(rot) :          1
	Via        VIA12SQ_C_2x1 :       1299
	Via   VIA12SQ_C(rot)_1x2 :         96
	Via   VIA12SQ_C(rot)_2x1 :         12
	Via        VIA12SQ_C_1x2 :        420
	Via          VIA12SQ_2x1 :         21
	Via     VIA12SQ(rot)_2x1 :         46
	Via          VIA12SQ_1x2 :         94

 
Redundant via conversion report:
--------------------------------

  Total optimized via conversion rate =  1.06% (2204 / 207939 vias)
 
    Layer VIA1       =  2.45% (1988   / 81176   vias)
        Weight 1     =  2.45% (1988    vias)
        Un-optimized =  0.00% (0       vias)
        Un-mapped    = 97.55% (79188   vias)
    Layer VIA2       =  0.00% (0      / 80312   vias)
        Un-optimized =  0.00% (0       vias)
        Un-mapped    = 100.00% (80312   vias)
    Layer VIA3       =  0.00% (0      / 22355   vias)
        Un-optimized =  0.00% (0       vias)
        Un-mapped    = 100.00% (22355   vias)
    Layer VIA4       =  0.00% (0      / 13606   vias)
        Un-optimized =  0.00% (0       vias)
        Un-mapped    = 100.00% (13606   vias)
    Layer VIA5       =  0.00% (0      / 5142    vias)
        Un-optimized =  0.00% (0       vias)
        Un-mapped    = 100.00% (5142    vias)
    Layer VIA6       =  0.00% (0      / 3238    vias)
        Un-optimized =  0.00% (0       vias)
        Un-mapped    = 100.00% (3238    vias)
    Layer VIA7       = 18.38% (216    / 1175    vias)
        Weight 1     = 18.38% (216     vias)
        Un-optimized =  0.00% (0       vias)
        Un-mapped    = 81.62% (959     vias)
    Layer VIA8       =  0.00% (0      / 929     vias)
        Un-optimized =  0.00% (0       vias)
        Un-mapped    = 100.00% (929     vias)
    Layer VIARDL     =  0.00% (0      / 6       vias)
        Un-optimized =  0.00% (0       vias)
        Un-mapped    = 100.00% (6       vias)
 
  Total double via conversion rate    =  1.06% (2204 / 207939 vias)
 
    Layer VIA1       =  2.45% (1988   / 81176   vias)
    Layer VIA2       =  0.00% (0      / 80312   vias)
    Layer VIA3       =  0.00% (0      / 22355   vias)
    Layer VIA4       =  0.00% (0      / 13606   vias)
    Layer VIA5       =  0.00% (0      / 5142    vias)
    Layer VIA6       =  0.00% (0      / 3238    vias)
    Layer VIA7       = 18.38% (216    / 1175    vias)
    Layer VIA8       =  0.00% (0      / 929     vias)
    Layer VIARDL     =  0.00% (0      / 6       vias)
 
  The optimized via conversion rate based on total routed via count =  1.06% (2204 / 207939 vias)
 
    Layer VIA1       =  2.45% (1988   / 81176   vias)
        Weight 1     =  2.45% (1988    vias)
        Un-optimized =  0.00% (0       vias)
        Un-mapped    = 97.55% (79188   vias)
    Layer VIA2       =  0.00% (0      / 80312   vias)
        Un-optimized =  0.00% (0       vias)
        Un-mapped    = 100.00% (80312   vias)
    Layer VIA3       =  0.00% (0      / 22355   vias)
        Un-optimized =  0.00% (0       vias)
        Un-mapped    = 100.00% (22355   vias)
    Layer VIA4       =  0.00% (0      / 13606   vias)
        Un-optimized =  0.00% (0       vias)
        Un-mapped    = 100.00% (13606   vias)
    Layer VIA5       =  0.00% (0      / 5142    vias)
        Un-optimized =  0.00% (0       vias)
        Un-mapped    = 100.00% (5142    vias)
    Layer VIA6       =  0.00% (0      / 3238    vias)
        Un-optimized =  0.00% (0       vias)
        Un-mapped    = 100.00% (3238    vias)
    Layer VIA7       = 18.38% (216    / 1175    vias)
        Weight 1     = 18.38% (216     vias)
        Un-optimized =  0.00% (0       vias)
        Un-mapped    = 81.62% (959     vias)
    Layer VIA8       =  0.00% (0      / 929     vias)
        Un-optimized =  0.00% (0       vias)
        Un-mapped    = 100.00% (929     vias)
    Layer VIARDL     =  0.00% (0      / 6       vias)
        Un-optimized =  0.00% (0       vias)
        Un-mapped    = 100.00% (6       vias)
 


Verify Summary:

Total number of nets = 18936, of which 0 are not extracted
Total number of open nets = 0, of which 0 are frozen
Total number of excluded ports = 0 ports of 0 unplaced cells connected to 0 nets
                                 0 ports without pins of 0 cells connected to 0 nets
                                 0 ports of 0 cover cells connected to 0 non-pg nets
Total number of DRCs = 407
Total number of antenna violations = no antenna rules defined
Total number of tie to rail violations = not checked
Total number of tie to rail directly violations = not checked


