Preferred grid / routing track probe

Command availability:
  set_preferred_routing_direction: 
  report_preferred_routing_direction: 
  create_track: create_track
  report_tracks: report_tracks

Layer attributes before any trial command:
  M1:
    pitch = 0.1520
    default_width = 0.0500
    min_width = 0.0500
    min_spacing = 0.0500
    routing_direction = horizontal
    preferred_direction = 
    direction = 
    on_wire_track = 
    on_grid = 
  M2:
    pitch = 0.1520
    default_width = 0.0560
    min_width = 0.0560
    min_spacing = 0.0560
    routing_direction = vertical
    preferred_direction = 
    direction = 
    on_wire_track = 
    on_grid = 
  M3:
    pitch = 0.3040
    default_width = 0.0560
    min_width = 0.0560
    min_spacing = 0.0560
    routing_direction = horizontal
    preferred_direction = 
    direction = 
    on_wire_track = 
    on_grid = 
  M4:
    pitch = 0.3040
    default_width = 0.0560
    min_width = 0.0560
    min_spacing = 0.0560
    routing_direction = vertical
    preferred_direction = 
    direction = 
    on_wire_track = 
    on_grid = 
  M5:
    pitch = 0.6080
    default_width = 0.0560
    min_width = 0.0560
    min_spacing = 0.0560
    routing_direction = horizontal
    preferred_direction = 
    direction = 
    on_wire_track = 
    on_grid = 
  M6:
    pitch = 0.6080
    default_width = 0.0560
    min_width = 0.0560
    min_spacing = 0.0560
    routing_direction = vertical
    preferred_direction = 
    direction = 
    on_wire_track = 
    on_grid = 
  M7:
    pitch = 1.2160
    default_width = 0.0560
    min_width = 0.0560
    min_spacing = 0.0560
    routing_direction = horizontal
    preferred_direction = 
    direction = 
    on_wire_track = 
    on_grid = 
  M8:
    pitch = 1.2160
    default_width = 0.0560
    min_width = 0.0560
    min_spacing = 0.0560
    routing_direction = vertical
    preferred_direction = 
    direction = 
    on_wire_track = 
    on_grid = 
  M9:
    pitch = 2.4320
    default_width = 0.1600
    min_width = 0.1600
    min_spacing = 0.1600
    routing_direction = horizontal
    preferred_direction = 
    direction = 
    on_wire_track = 
    on_grid = 
  MRDL:
    pitch = 4.8640
    default_width = 2.0000
    min_width = 2.0000
    min_spacing = 2.0000
    routing_direction = vertical
    preferred_direction = 
    direction = 
    on_wire_track = 
    on_grid = 
  VIA1:
    pitch = -0.0001
    default_width = 0.0500
    min_width = 0.0500
    min_spacing = 0.0700
    routing_direction = unknown
    preferred_direction = 
    direction = 
    on_wire_track = 
    on_grid = 
  VIA2:
    pitch = -0.0001
    default_width = 0.0500
    min_width = 0.0500
    min_spacing = 0.0700
    routing_direction = unknown
    preferred_direction = 
    direction = 
    on_wire_track = 
    on_grid = 

set_preferred_routing_direction trial status=1


Layer attributes after set_preferred_routing_direction trial:
  M1:
    routing_direction = horizontal
    preferred_direction = 
    direction = 
  M2:
    routing_direction = vertical
    preferred_direction = 
    direction = 
  M3:
    routing_direction = horizontal
    preferred_direction = 
    direction = 
  M4:
    routing_direction = vertical
    preferred_direction = 
    direction = 
  M5:
    routing_direction = horizontal
    preferred_direction = 
    direction = 
  M6:
    routing_direction = vertical
    preferred_direction = 
    direction = 
  M7:
    routing_direction = horizontal
    preferred_direction = 
    direction = 
  M8:
    routing_direction = vertical
    preferred_direction = 
    direction = 
  M9:
    routing_direction = horizontal
    preferred_direction = 
    direction = 
  MRDL:
    routing_direction = vertical
    preferred_direction = 
    direction = 
