****************************************
Report : report_tracks
Design : cv32e40p_synth_wrap
Version: W-2024.09-SP2
Date   : Sat May  9 17:59:18 2026
****************************************
Layer          Direction     Start         Tracks    Pitch       Attr
---------------------------------------------------------------------------
M1             X             0.088000      2150      0.152000    default
M1             Y             0.088000      2144      0.152000    default
M2             X             0.088000      2150      0.152000    default
M2             Y             0.088000      2144      0.152000    default
M3             X             0.240000      1075      0.304000    default
M3             Y             0.240000      1072      0.304000    default
M4             X             0.240000      1075      0.304000    default
M4             Y             0.240000      1072      0.304000    default
M5             X             0.544000      537       0.608000    default
M5             Y             0.544000      536       0.608000    default
M6             X             0.544000      537       0.608000    default
M6             Y             0.544000      536       0.608000    default
M7             X             0.544000      269       1.216000    default
M7             Y             0.544000      268       1.216000    default
M8             X             0.544000      269       1.216000    default
M8             Y             0.544000      268       1.216000    default
M9             X             0.544000      135       2.432000    default
M9             Y             0.544000      134       2.432000    default
MRDL           X             0.544000      68        4.864000    default
MRDL           Y             0.544000      67        4.864000    default
1
