****************************************
Report : qor
Design : cv32e40p_synth_wrap
Version: W-2024.09-SP2
Date   : Sat May  9 15:04:37 2026
****************************************


Scenario           'default'
Timing Path Group  '**in2reg_default**'
----------------------------------------
Levels of Logic:                     37
Critical Path Length:              4.04
Critical Path Slack:               5.78
Critical Path Clk Period:         10.00
Total Negative Slack:              0.00
No. of Violating Paths:               0
Worst Hold Violation:              0.00
Total Hold Violation:              0.00
No. of Hold Violations:               0
----------------------------------------

Scenario           'default'
Timing Path Group  '**reg2out_default**'
----------------------------------------
Levels of Logic:                     54
Critical Path Length:              5.62
Critical Path Slack:               3.19
Critical Path Clk Period:         10.00
Total Negative Slack:              0.00
No. of Violating Paths:               0
Worst Hold Violation:              0.00
Total Hold Violation:              0.00
No. of Hold Violations:               0
----------------------------------------

Scenario           'default'
Timing Path Group  '**in2out_default**'
----------------------------------------
Levels of Logic:                     23
Critical Path Length:              3.53
Critical Path Slack:               5.36
Critical Path Clk Period:         10.00
Total Negative Slack:              0.00
No. of Violating Paths:               0
Worst Hold Violation:              0.00
Total Hold Violation:              0.00
No. of Hold Violations:               0
----------------------------------------

Scenario           'default'
Timing Path Group  'clk_i'
----------------------------------------
Levels of Logic:                    122
Critical Path Length:              7.63
Critical Path Slack:               2.19
Critical Path Clk Period:         10.00
Total Negative Slack:              0.00
No. of Violating Paths:               0
Worst Hold Violation:             -0.01
Total Hold Violation:             -0.01
No. of Hold Violations:               1
----------------------------------------


Cell Count
----------------------------------------
Hierarchical Cell Count:             76
Hierarchical Port Count:           3921
Leaf Cell Count:                  17344
Buf/Inv Cell Count:                5114
Buf Cell Count:                    3937
Inv Cell Count:                    1177
Combinational Cell Count:         15140
   Single-bit Isolation Cell Count:                        0
   Multi-bit Isolation Cell Count:                         0
   Isolation Cell Banking Ratio:                           0.00%
   Single-bit Level Shifter Cell Count:                    0
   Multi-bit Level Shifter Cell Count:                     0
   Level Shifter Cell Banking Ratio:                       0.00%
   Single-bit ELS Cell Count:                              0
   Multi-bit ELS Cell Count:                               0
   ELS Cell Banking Ratio:                                 0.00%
Sequential Cell Count:             2204
   Integrated Clock-Gating Cell Count:                     74
   Sequential Macro Cell Count:                            0
   Single-bit Sequential Cell Count:                       2130
   Multi-bit Sequential Cell Count:                        0
   Sequential Cell Banking Ratio:                          0.00%
   BitsPerflop:                                            1.00
Macro Count:                          0
----------------------------------------


Area
----------------------------------------
Combinational Area:            38919.36
Noncombinational Area:         20005.71
Buf/Inv Area:                  11342.96
Total Buffer Area:              9497.36
Total Inverter Area:            1845.59
Macro/Black Box Area:              0.00
Net Area:                             0
Net XLength:                  320530.36
Net YLength:                  318981.73
----------------------------------------
Cell Area (netlist):                          58925.07
Cell Area (netlist and physical only):        58925.07
Net Length:                   639512.09


Design Rules
----------------------------------------
Total Number of Nets:             19727
Nets with Violations:               147
Max Trans Violations:                 1
Max Cap Violations:                 147
----------------------------------------

1
