****************************************
Report : timing
	-path_type full
	-delay_type min
	-slack_lesser_than 100.00
	-max_paths 20
	-sort_by slack
Design : cv32e40p_synth_wrap
Version: W-2024.09-SP5-3
Date   : Sun May 10 11:19:55 2026
****************************************


  Startpoint: u_core/core_i/cs_registers_i/mhpmcounter_q_reg[2][0]
               (rising edge-triggered flip-flop clocked by clk_i)
  Endpoint: u_core/core_i/cs_registers_i/mhpmcounter_q_reg[2][0]
               (rising edge-triggered flip-flop clocked by clk_i)
  Path Group: clk_i
  Path Type: min

  Point                                                   Incr       Path
  ------------------------------------------------------------------------------
  clock clk_i (rise edge)                                 0.00       0.00
  clock network delay (ideal)                             0.00       0.00
  u_core/core_i/cs_registers_i/mhpmcounter_q_reg[2][0]/CLK (SDFFARX1_RVT)
                                                          0.00       0.00 r
  u_core/core_i/cs_registers_i/mhpmcounter_q_reg[2][0]/QN (SDFFARX1_RVT)
                                                          0.11 &     0.11 f
  u_core/core_i/cs_registers_i/U1860/Y (AO22X1_HVT)       0.08 &     0.19 f
  u_core/core_i/cs_registers_i/mhpmcounter_q_reg[2][0]/D (SDFFARX1_RVT)
                                                          0.00 &     0.19 f
  data arrival time                                                  0.19

  clock clk_i (rise edge)                                 0.00       0.00
  clock network delay (ideal)                             0.00       0.00
  u_core/core_i/cs_registers_i/mhpmcounter_q_reg[2][0]/CLK (SDFFARX1_RVT)
                                                                     0.00 r
  clock reconvergence pessimism                           0.00       0.00
  clock uncertainty                                       0.10       0.10
  library hold time                                      -0.07       0.03
  data required time                                                 0.03
  ------------------------------------------------------------------------------
  data required time                                                 0.03
  data arrival time                                                 -0.19
  ------------------------------------------------------------------------------
  slack (MET)                                                        0.15


  Startpoint: u_core/core_i/cs_registers_i/mhpmcounter_q_reg[3][0]
               (rising edge-triggered flip-flop clocked by clk_i)
  Endpoint: u_core/core_i/cs_registers_i/mhpmcounter_q_reg[3][0]
               (rising edge-triggered flip-flop clocked by clk_i)
  Path Group: clk_i
  Path Type: min

  Point                                                   Incr       Path
  ------------------------------------------------------------------------------
  clock clk_i (rise edge)                                 0.00       0.00
  clock network delay (ideal)                             0.00       0.00
  u_core/core_i/cs_registers_i/mhpmcounter_q_reg[3][0]/CLK (SDFFARX1_RVT)
                                                          0.00       0.00 r
  u_core/core_i/cs_registers_i/mhpmcounter_q_reg[3][0]/QN (SDFFARX1_RVT)
                                                          0.11 &     0.11 f
  u_core/core_i/cs_registers_i/U1597/Y (AO22X1_HVT)       0.08 &     0.19 f
  u_core/core_i/cs_registers_i/mhpmcounter_q_reg[3][0]/D (SDFFARX1_RVT)
                                                          0.00 &     0.19 f
  data arrival time                                                  0.19

  clock clk_i (rise edge)                                 0.00       0.00
  clock network delay (ideal)                             0.00       0.00
  u_core/core_i/cs_registers_i/mhpmcounter_q_reg[3][0]/CLK (SDFFARX1_RVT)
                                                                     0.00 r
  clock reconvergence pessimism                           0.00       0.00
  clock uncertainty                                       0.10       0.10
  library hold time                                      -0.07       0.03
  data required time                                                 0.03
  ------------------------------------------------------------------------------
  data required time                                                 0.03
  data arrival time                                                 -0.19
  ------------------------------------------------------------------------------
  slack (MET)                                                        0.16


  Startpoint: u_core/core_i/cs_registers_i/mhpmcounter_q_reg[0][0]
               (rising edge-triggered flip-flop clocked by clk_i)
  Endpoint: u_core/core_i/cs_registers_i/mhpmcounter_q_reg[0][0]
               (rising edge-triggered flip-flop clocked by clk_i)
  Path Group: clk_i
  Path Type: min

  Point                                                   Incr       Path
  ------------------------------------------------------------------------------
  clock clk_i (rise edge)                                 0.00       0.00
  clock network delay (ideal)                             0.00       0.00
  u_core/core_i/cs_registers_i/mhpmcounter_q_reg[0][0]/CLK (SDFFARX1_RVT)
                                                          0.00       0.00 r
  u_core/core_i/cs_registers_i/mhpmcounter_q_reg[0][0]/QN (SDFFARX1_RVT)
                                                          0.11 &     0.11 f
  u_core/core_i/cs_registers_i/U2121/Y (AO22X1_HVT)       0.08 &     0.19 f
  u_core/core_i/cs_registers_i/mhpmcounter_q_reg[0][0]/D (SDFFARX1_RVT)
                                                          0.00 &     0.19 f
  data arrival time                                                  0.19

  clock clk_i (rise edge)                                 0.00       0.00
  clock network delay (ideal)                             0.00       0.00
  u_core/core_i/cs_registers_i/mhpmcounter_q_reg[0][0]/CLK (SDFFARX1_RVT)
                                                                     0.00 r
  clock reconvergence pessimism                           0.00       0.00
  clock uncertainty                                       0.10       0.10
  library hold time                                      -0.07       0.03
  data required time                                                 0.03
  ------------------------------------------------------------------------------
  data required time                                                 0.03
  data arrival time                                                 -0.19
  ------------------------------------------------------------------------------
  slack (MET)                                                        0.16


  Startpoint: u_core/core_i/id_stage_i/controller_i/debug_force_wakeup_q_reg
               (rising edge-triggered flip-flop clocked by clk_i)
  Endpoint: u_core/core_i/cs_registers_i/dcsr_q_reg[cause][8]
               (rising edge-triggered flip-flop clocked by clk_i)
  Path Group: clk_i
  Path Type: min

  Point                                                   Incr       Path
  ------------------------------------------------------------------------------
  clock clk_i (rise edge)                                 0.00       0.00
  clock network delay (ideal)                             0.00       0.00
  u_core/core_i/id_stage_i/controller_i/debug_force_wakeup_q_reg/CLK (SDFFARX1_RVT)
                                                          0.00       0.00 r
  u_core/core_i/id_stage_i/controller_i/debug_force_wakeup_q_reg/QN (SDFFARX1_RVT)
                                                          0.11 &     0.11 f
  u_core/core_i/id_stage_i/U3117/Y (AND3X1_HVT)           0.11 &     0.22 f
  u_core/core_i/cs_registers_i/dcsr_q_reg[cause][8]/D (SDFFARX1_RVT)
                                                          0.00 &     0.22 f
  data arrival time                                                  0.22

  clock clk_i (rise edge)                                 0.00       0.00
  clock network delay (ideal)                             0.00       0.00
  u_core/core_i/cs_registers_i/dcsr_q_reg[cause][8]/CLK (SDFFARX1_RVT)
                                                                     0.00 r
  clock reconvergence pessimism                           0.00       0.00
  clock uncertainty                                       0.10       0.10
  library hold time                                      -0.07       0.03
  data required time                                                 0.03
  ------------------------------------------------------------------------------
  data required time                                                 0.03
  data arrival time                                                 -0.22
  ------------------------------------------------------------------------------
  slack (MET)                                                        0.19


  Startpoint: u_core/core_i/id_stage_i/regfile_waddr_ex_o_reg[0]
               (rising edge-triggered flip-flop clocked by clk_i)
  Endpoint: u_core/core_i/ex_stage_i/regfile_waddr_lsu_reg[0]
               (rising edge-triggered flip-flop clocked by clk_i)
  Path Group: clk_i
  Path Type: min

  Point                                                   Incr       Path
  ------------------------------------------------------------------------------
  clock clk_i (rise edge)                                 0.00       0.00
  clock network delay (ideal)                             0.00       0.00
  u_core/core_i/id_stage_i/regfile_waddr_ex_o_reg[0]/CLK (SDFFARX1_RVT)
                                                          0.00       0.00 r
  u_core/core_i/id_stage_i/regfile_waddr_ex_o_reg[0]/QN (SDFFARX1_RVT)
                                                          0.15 &     0.15 f
  u_core/core_i/U5095/Y (INVX1_HVT)                       0.06 &     0.21 r
  u_core/core_i/ex_stage_i/regfile_waddr_lsu_reg[0]/D (SDFFARX1_RVT)
                                                          0.00 &     0.21 r
  data arrival time                                                  0.21

  clock clk_i (rise edge)                                 0.00       0.00
  clock network delay (ideal)                             0.00       0.00
  u_core/core_i/ex_stage_i/regfile_waddr_lsu_reg[0]/CLK (SDFFARX1_RVT)
                                                                     0.00 r
  clock reconvergence pessimism                           0.00       0.00
  clock uncertainty                                       0.10       0.10
  library hold time                                      -0.08       0.02
  data required time                                                 0.02
  ------------------------------------------------------------------------------
  data required time                                                 0.02
  data arrival time                                                 -0.21
  ------------------------------------------------------------------------------
  slack (MET)                                                        0.19


  Startpoint: u_core/core_i/if_stage_i/prefetch_buffer_i/prefetch_controller_i/trans_addr_q_reg[29]
               (rising edge-triggered flip-flop clocked by clk_i)
  Endpoint: u_core/core_i/if_stage_i/prefetch_buffer_i/prefetch_controller_i/trans_addr_q_reg[29]
               (rising edge-triggered flip-flop clocked by clk_i)
  Path Group: clk_i
  Path Type: min

  Point                                                   Incr       Path
  ------------------------------------------------------------------------------
  clock clk_i (rise edge)                                 0.00       0.00
  clock network delay (ideal)                             0.00       0.00
  u_core/core_i/if_stage_i/prefetch_buffer_i/prefetch_controller_i/trans_addr_q_reg[29]/CLK (SDFFARX1_RVT)
                                                          0.00       0.00 r
  u_core/core_i/if_stage_i/prefetch_buffer_i/prefetch_controller_i/trans_addr_q_reg[29]/QN (SDFFARX1_RVT)
                                                          0.10 &     0.10 f
  u_core/core_i/U5471/Y (AO221X1_HVT)                     0.12 &     0.22 f
  u_core/core_i/if_stage_i/prefetch_buffer_i/prefetch_controller_i/trans_addr_q_reg[29]/D (SDFFARX1_RVT)
                                                          0.00 &     0.22 f
  data arrival time                                                  0.22

  clock clk_i (rise edge)                                 0.00       0.00
  clock network delay (ideal)                             0.00       0.00
  u_core/core_i/if_stage_i/prefetch_buffer_i/prefetch_controller_i/trans_addr_q_reg[29]/CLK (SDFFARX1_RVT)
                                                                     0.00 r
  clock reconvergence pessimism                           0.00       0.00
  clock uncertainty                                       0.10       0.10
  library hold time                                      -0.07       0.03
  data required time                                                 0.03
  ------------------------------------------------------------------------------
  data required time                                                 0.03
  data arrival time                                                 -0.22
  ------------------------------------------------------------------------------
  slack (MET)                                                        0.20


  Startpoint: u_core/core_i/id_stage_i/regfile_waddr_ex_o_reg[1]
               (rising edge-triggered flip-flop clocked by clk_i)
  Endpoint: u_core/core_i/ex_stage_i/regfile_waddr_lsu_reg[1]
               (rising edge-triggered flip-flop clocked by clk_i)
  Path Group: clk_i
  Path Type: min

  Point                                                   Incr       Path
  ------------------------------------------------------------------------------
  clock clk_i (rise edge)                                 0.00       0.00
  clock network delay (ideal)                             0.00       0.00
  u_core/core_i/id_stage_i/regfile_waddr_ex_o_reg[1]/CLK (SDFFARX1_RVT)
                                                          0.00       0.00 r
  u_core/core_i/id_stage_i/regfile_waddr_ex_o_reg[1]/QN (SDFFARX1_RVT)
                                                          0.15 &     0.15 f
  u_core/core_i/U5096/Y (INVX1_HVT)                       0.06 &     0.21 r
  u_core/core_i/ex_stage_i/regfile_waddr_lsu_reg[1]/D (SDFFARX1_RVT)
                                                          0.00 &     0.21 r
  data arrival time                                                  0.21

  clock clk_i (rise edge)                                 0.00       0.00
  clock network delay (ideal)                             0.00       0.00
  u_core/core_i/ex_stage_i/regfile_waddr_lsu_reg[1]/CLK (SDFFARX1_RVT)
                                                                     0.00 r
  clock reconvergence pessimism                           0.00       0.00
  clock uncertainty                                       0.10       0.10
  library hold time                                      -0.08       0.02
  data required time                                                 0.02
  ------------------------------------------------------------------------------
  data required time                                                 0.02
  data arrival time                                                 -0.21
  ------------------------------------------------------------------------------
  slack (MET)                                                        0.20


  Startpoint: u_core/core_i/if_stage_i/aligner_i/pc_q_reg[15]
               (rising edge-triggered flip-flop clocked by clk_i)
  Endpoint: u_core/core_i/if_stage_i/pc_id_o_reg[15]
               (rising edge-triggered flip-flop clocked by clk_i)
  Path Group: clk_i
  Path Type: min

  Point                                                   Incr       Path
  ------------------------------------------------------------------------------
  clock clk_i (rise edge)                                 0.00       0.00
  clock network delay (ideal)                             0.00       0.00
  u_core/core_i/if_stage_i/aligner_i/pc_q_reg[15]/CLK (SDFFARX1_RVT)
                                                          0.00       0.00 r
  u_core/core_i/if_stage_i/aligner_i/pc_q_reg[15]/Q (SDFFARX1_RVT)
                                                          0.17 &     0.17 f
  u_core/core_i/ZBUF_102_inst_2871/Y (NBUFFX2_HVT)        0.06 &     0.24 f
  u_core/core_i/if_stage_i/pc_id_o_reg[15]/D (SDFFARX1_RVT)
                                                          0.00 &     0.24 f
  data arrival time                                                  0.24

  clock clk_i (rise edge)                                 0.00       0.00
  clock network delay (ideal)                             0.00       0.00
  u_core/core_i/if_stage_i/pc_id_o_reg[15]/CLK (SDFFARX1_RVT)        0.00 r
  clock reconvergence pessimism                           0.00       0.00
  clock uncertainty                                       0.10       0.10
  library hold time                                      -0.06       0.04
  data required time                                                 0.04
  ------------------------------------------------------------------------------
  data required time                                                 0.04
  data arrival time                                                 -0.24
  ------------------------------------------------------------------------------
  slack (MET)                                                        0.20


  Startpoint: u_core/core_i/ex_stage_i/alu_i/alu_div_i/ResReg_DP_reg[29]
               (rising edge-triggered flip-flop clocked by clk_i)
  Endpoint: u_core/core_i/ex_stage_i/alu_i/alu_div_i/ResReg_DP_reg[28]
               (rising edge-triggered flip-flop clocked by clk_i)
  Path Group: clk_i
  Path Type: min

  Point                                                   Incr       Path
  ------------------------------------------------------------------------------
  clock clk_i (rise edge)                                 0.00       0.00
  clock network delay (ideal)                             0.00       0.00
  u_core/core_i/ex_stage_i/alu_i/alu_div_i/ResReg_DP_reg[29]/CLK (SDFFARX1_RVT)
                                                          0.00       0.00 r
  u_core/core_i/ex_stage_i/alu_i/alu_div_i/ResReg_DP_reg[29]/Q (SDFFARX1_RVT)
                                                          0.16 &     0.16 f
  u_core/core_i/U4347/Y (AND2X1_HVT)                      0.07 &     0.24 f
  u_core/core_i/ex_stage_i/alu_i/alu_div_i/ResReg_DP_reg[28]/D (SDFFARX1_RVT)
                                                          0.00 &     0.24 f
  data arrival time                                                  0.24

  clock clk_i (rise edge)                                 0.00       0.00
  clock network delay (ideal)                             0.00       0.00
  u_core/core_i/ex_stage_i/alu_i/alu_div_i/ResReg_DP_reg[28]/CLK (SDFFARX1_RVT)
                                                                     0.00 r
  clock reconvergence pessimism                           0.00       0.00
  clock uncertainty                                       0.10       0.10
  library hold time                                      -0.07       0.03
  data required time                                                 0.03
  ------------------------------------------------------------------------------
  data required time                                                 0.03
  data arrival time                                                 -0.24
  ------------------------------------------------------------------------------
  slack (MET)                                                        0.20


  Startpoint: u_core/core_i/ex_stage_i/alu_i/alu_div_i/ResReg_DP_reg[11]
               (rising edge-triggered flip-flop clocked by clk_i)
  Endpoint: u_core/core_i/ex_stage_i/alu_i/alu_div_i/ResReg_DP_reg[10]
               (rising edge-triggered flip-flop clocked by clk_i)
  Path Group: clk_i
  Path Type: min

  Point                                                   Incr       Path
  ------------------------------------------------------------------------------
  clock clk_i (rise edge)                                 0.00       0.00
  clock network delay (ideal)                             0.00       0.00
  u_core/core_i/ex_stage_i/alu_i/alu_div_i/ResReg_DP_reg[11]/CLK (SDFFARX1_RVT)
                                                          0.00       0.00 r
  u_core/core_i/ex_stage_i/alu_i/alu_div_i/ResReg_DP_reg[11]/Q (SDFFARX1_RVT)
                                                          0.16 &     0.16 f
  u_core/core_i/U4365/Y (AND2X1_HVT)                      0.07 &     0.24 f
  u_core/core_i/ex_stage_i/alu_i/alu_div_i/ResReg_DP_reg[10]/D (SDFFARX1_RVT)
                                                          0.00 &     0.24 f
  data arrival time                                                  0.24

  clock clk_i (rise edge)                                 0.00       0.00
  clock network delay (ideal)                             0.00       0.00
  u_core/core_i/ex_stage_i/alu_i/alu_div_i/ResReg_DP_reg[10]/CLK (SDFFARX1_RVT)
                                                                     0.00 r
  clock reconvergence pessimism                           0.00       0.00
  clock uncertainty                                       0.10       0.10
  library hold time                                      -0.07       0.03
  data required time                                                 0.03
  ------------------------------------------------------------------------------
  data required time                                                 0.03
  data arrival time                                                 -0.24
  ------------------------------------------------------------------------------
  slack (MET)                                                        0.20


  Startpoint: u_core/core_i/ex_stage_i/alu_i/alu_div_i/ResReg_DP_reg[28]
               (rising edge-triggered flip-flop clocked by clk_i)
  Endpoint: u_core/core_i/ex_stage_i/alu_i/alu_div_i/ResReg_DP_reg[27]
               (rising edge-triggered flip-flop clocked by clk_i)
  Path Group: clk_i
  Path Type: min

  Point                                                   Incr       Path
  ------------------------------------------------------------------------------
  clock clk_i (rise edge)                                 0.00       0.00
  clock network delay (ideal)                             0.00       0.00
  u_core/core_i/ex_stage_i/alu_i/alu_div_i/ResReg_DP_reg[28]/CLK (SDFFARX1_RVT)
                                                          0.00       0.00 r
  u_core/core_i/ex_stage_i/alu_i/alu_div_i/ResReg_DP_reg[28]/Q (SDFFARX1_RVT)
                                                          0.16 &     0.16 f
  u_core/core_i/U4348/Y (AND2X1_HVT)                      0.07 &     0.24 f
  u_core/core_i/ex_stage_i/alu_i/alu_div_i/ResReg_DP_reg[27]/D (SDFFARX1_RVT)
                                                          0.00 &     0.24 f
  data arrival time                                                  0.24

  clock clk_i (rise edge)                                 0.00       0.00
  clock network delay (ideal)                             0.00       0.00
  u_core/core_i/ex_stage_i/alu_i/alu_div_i/ResReg_DP_reg[27]/CLK (SDFFARX1_RVT)
                                                                     0.00 r
  clock reconvergence pessimism                           0.00       0.00
  clock uncertainty                                       0.10       0.10
  library hold time                                      -0.07       0.03
  data required time                                                 0.03
  ------------------------------------------------------------------------------
  data required time                                                 0.03
  data arrival time                                                 -0.24
  ------------------------------------------------------------------------------
  slack (MET)                                                        0.20


  Startpoint: u_core/core_i/ex_stage_i/alu_i/alu_div_i/ResReg_DP_reg[21]
               (rising edge-triggered flip-flop clocked by clk_i)
  Endpoint: u_core/core_i/ex_stage_i/alu_i/alu_div_i/ResReg_DP_reg[20]
               (rising edge-triggered flip-flop clocked by clk_i)
  Path Group: clk_i
  Path Type: min

  Point                                                   Incr       Path
  ------------------------------------------------------------------------------
  clock clk_i (rise edge)                                 0.00       0.00
  clock network delay (ideal)                             0.00       0.00
  u_core/core_i/ex_stage_i/alu_i/alu_div_i/ResReg_DP_reg[21]/CLK (SDFFARX1_RVT)
                                                          0.00       0.00 r
  u_core/core_i/ex_stage_i/alu_i/alu_div_i/ResReg_DP_reg[21]/Q (SDFFARX1_RVT)
                                                          0.16 &     0.16 f
  u_core/core_i/U4355/Y (AND2X1_HVT)                      0.07 &     0.24 f
  u_core/core_i/ex_stage_i/alu_i/alu_div_i/ResReg_DP_reg[20]/D (SDFFARX1_RVT)
                                                          0.00 &     0.24 f
  data arrival time                                                  0.24

  clock clk_i (rise edge)                                 0.00       0.00
  clock network delay (ideal)                             0.00       0.00
  u_core/core_i/ex_stage_i/alu_i/alu_div_i/ResReg_DP_reg[20]/CLK (SDFFARX1_RVT)
                                                                     0.00 r
  clock reconvergence pessimism                           0.00       0.00
  clock uncertainty                                       0.10       0.10
  library hold time                                      -0.07       0.03
  data required time                                                 0.03
  ------------------------------------------------------------------------------
  data required time                                                 0.03
  data arrival time                                                 -0.24
  ------------------------------------------------------------------------------
  slack (MET)                                                        0.20


  Startpoint: u_core/core_i/ex_stage_i/alu_i/alu_div_i/ResReg_DP_reg[20]
               (rising edge-triggered flip-flop clocked by clk_i)
  Endpoint: u_core/core_i/ex_stage_i/alu_i/alu_div_i/ResReg_DP_reg[19]
               (rising edge-triggered flip-flop clocked by clk_i)
  Path Group: clk_i
  Path Type: min

  Point                                                   Incr       Path
  ------------------------------------------------------------------------------
  clock clk_i (rise edge)                                 0.00       0.00
  clock network delay (ideal)                             0.00       0.00
  u_core/core_i/ex_stage_i/alu_i/alu_div_i/ResReg_DP_reg[20]/CLK (SDFFARX1_RVT)
                                                          0.00       0.00 r
  u_core/core_i/ex_stage_i/alu_i/alu_div_i/ResReg_DP_reg[20]/Q (SDFFARX1_RVT)
                                                          0.17 &     0.17 f
  u_core/core_i/U4356/Y (AND2X1_HVT)                      0.07 &     0.24 f
  u_core/core_i/ex_stage_i/alu_i/alu_div_i/ResReg_DP_reg[19]/D (SDFFARX1_RVT)
                                                          0.00 &     0.24 f
  data arrival time                                                  0.24

  clock clk_i (rise edge)                                 0.00       0.00
  clock network delay (ideal)                             0.00       0.00
  u_core/core_i/ex_stage_i/alu_i/alu_div_i/ResReg_DP_reg[19]/CLK (SDFFARX1_RVT)
                                                                     0.00 r
  clock reconvergence pessimism                           0.00       0.00
  clock uncertainty                                       0.10       0.10
  library hold time                                      -0.06       0.04
  data required time                                                 0.04
  ------------------------------------------------------------------------------
  data required time                                                 0.04
  data arrival time                                                 -0.24
  ------------------------------------------------------------------------------
  slack (MET)                                                        0.20


  Startpoint: u_core/core_i/if_stage_i/prefetch_buffer_i/fifo_i/mem_q_reg[0][23]
               (rising edge-triggered flip-flop clocked by clk_i)
  Endpoint: u_core/core_i/if_stage_i/prefetch_buffer_i/fifo_i/mem_q_reg[0][23]
               (rising edge-triggered flip-flop clocked by clk_i)
  Path Group: clk_i
  Path Type: min

  Point                                                   Incr       Path
  ------------------------------------------------------------------------------
  clock clk_i (rise edge)                                 0.00       0.00
  clock network delay (ideal)                             0.00       0.00
  u_core/core_i/if_stage_i/prefetch_buffer_i/fifo_i/mem_q_reg[0][23]/CLK (SDFFARX1_RVT)
                                                          0.00       0.00 r
  u_core/core_i/if_stage_i/prefetch_buffer_i/fifo_i/mem_q_reg[0][23]/Q (SDFFARX1_RVT)
                                                          0.17 &     0.17 f
  u_core/core_i/U5522/Y (AO22X1_HVT)                      0.08 &     0.24 f
  u_core/core_i/if_stage_i/prefetch_buffer_i/fifo_i/mem_q_reg[0][23]/D (SDFFARX1_RVT)
                                                          0.00 &     0.24 f
  data arrival time                                                  0.24

  clock clk_i (rise edge)                                 0.00       0.00
  clock network delay (ideal)                             0.00       0.00
  u_core/core_i/if_stage_i/prefetch_buffer_i/fifo_i/mem_q_reg[0][23]/CLK (SDFFARX1_RVT)
                                                                     0.00 r
  clock reconvergence pessimism                           0.00       0.00
  clock uncertainty                                       0.10       0.10
  library hold time                                      -0.07       0.03
  data required time                                                 0.03
  ------------------------------------------------------------------------------
  data required time                                                 0.03
  data arrival time                                                 -0.24
  ------------------------------------------------------------------------------
  slack (MET)                                                        0.21


  Startpoint: u_core/core_i/if_stage_i/prefetch_buffer_i/fifo_i/mem_q_reg[0][7]
               (rising edge-triggered flip-flop clocked by clk_i)
  Endpoint: u_core/core_i/if_stage_i/prefetch_buffer_i/fifo_i/mem_q_reg[0][7]
               (rising edge-triggered flip-flop clocked by clk_i)
  Path Group: clk_i
  Path Type: min

  Point                                                   Incr       Path
  ------------------------------------------------------------------------------
  clock clk_i (rise edge)                                 0.00       0.00
  clock network delay (ideal)                             0.00       0.00
  u_core/core_i/if_stage_i/prefetch_buffer_i/fifo_i/mem_q_reg[0][7]/CLK (SDFFARX1_RVT)
                                                          0.00       0.00 r
  u_core/core_i/if_stage_i/prefetch_buffer_i/fifo_i/mem_q_reg[0][7]/Q (SDFFARX1_RVT)
                                                          0.17 &     0.17 f
  u_core/core_i/U5505/Y (AO22X1_HVT)                      0.07 &     0.24 f
  u_core/core_i/if_stage_i/prefetch_buffer_i/fifo_i/mem_q_reg[0][7]/D (SDFFARX1_RVT)
                                                          0.00 &     0.24 f
  data arrival time                                                  0.24

  clock clk_i (rise edge)                                 0.00       0.00
  clock network delay (ideal)                             0.00       0.00
  u_core/core_i/if_stage_i/prefetch_buffer_i/fifo_i/mem_q_reg[0][7]/CLK (SDFFARX1_RVT)
                                                                     0.00 r
  clock reconvergence pessimism                           0.00       0.00
  clock uncertainty                                       0.10       0.10
  library hold time                                      -0.06       0.04
  data required time                                                 0.04
  ------------------------------------------------------------------------------
  data required time                                                 0.04
  data arrival time                                                 -0.24
  ------------------------------------------------------------------------------
  slack (MET)                                                        0.21


  Startpoint: u_core/core_i/if_stage_i/prefetch_buffer_i/fifo_i/mem_q_reg[0][1]
               (rising edge-triggered flip-flop clocked by clk_i)
  Endpoint: u_core/core_i/if_stage_i/prefetch_buffer_i/fifo_i/mem_q_reg[0][1]
               (rising edge-triggered flip-flop clocked by clk_i)
  Path Group: clk_i
  Path Type: min

  Point                                                   Incr       Path
  ------------------------------------------------------------------------------
  clock clk_i (rise edge)                                 0.00       0.00
  clock network delay (ideal)                             0.00       0.00
  u_core/core_i/if_stage_i/prefetch_buffer_i/fifo_i/mem_q_reg[0][1]/CLK (SDFFARX1_RVT)
                                                          0.00       0.00 r
  u_core/core_i/if_stage_i/prefetch_buffer_i/fifo_i/mem_q_reg[0][1]/Q (SDFFARX1_RVT)
                                                          0.17 &     0.17 f
  u_core/core_i/U5499/Y (AO22X1_HVT)                      0.07 &     0.24 f
  u_core/core_i/if_stage_i/prefetch_buffer_i/fifo_i/mem_q_reg[0][1]/D (SDFFARX1_RVT)
                                                          0.00 &     0.24 f
  data arrival time                                                  0.24

  clock clk_i (rise edge)                                 0.00       0.00
  clock network delay (ideal)                             0.00       0.00
  u_core/core_i/if_stage_i/prefetch_buffer_i/fifo_i/mem_q_reg[0][1]/CLK (SDFFARX1_RVT)
                                                                     0.00 r
  clock reconvergence pessimism                           0.00       0.00
  clock uncertainty                                       0.10       0.10
  library hold time                                      -0.06       0.04
  data required time                                                 0.04
  ------------------------------------------------------------------------------
  data required time                                                 0.04
  data arrival time                                                 -0.24
  ------------------------------------------------------------------------------
  slack (MET)                                                        0.21


  Startpoint: u_core/core_i/cs_registers_i/dscratch1_q_reg[18]
               (rising edge-triggered flip-flop clocked by clk_i)
  Endpoint: u_core/core_i/cs_registers_i/dscratch1_q_reg[18]
               (rising edge-triggered flip-flop clocked by clk_i)
  Path Group: clk_i
  Path Type: min

  Point                                                   Incr       Path
  ------------------------------------------------------------------------------
  clock clk_i (rise edge)                                 0.00       0.00
  clock network delay (ideal)                             0.00       0.00
  u_core/core_i/cs_registers_i/dscratch1_q_reg[18]/CLK (SDFFARX1_RVT)
                                                          0.00       0.00 r
  u_core/core_i/cs_registers_i/dscratch1_q_reg[18]/Q (SDFFARX1_RVT)
                                                          0.17 &     0.17 f
  u_core/core_i/cs_registers_i/U912/Y (AO22X1_HVT)        0.07 &     0.24 f
  u_core/core_i/cs_registers_i/dscratch1_q_reg[18]/D (SDFFARX1_RVT)
                                                          0.00 &     0.24 f
  data arrival time                                                  0.24

  clock clk_i (rise edge)                                 0.00       0.00
  clock network delay (ideal)                             0.00       0.00
  u_core/core_i/cs_registers_i/dscratch1_q_reg[18]/CLK (SDFFARX1_RVT)
                                                                     0.00 r
  clock reconvergence pessimism                           0.00       0.00
  clock uncertainty                                       0.10       0.10
  library hold time                                      -0.07       0.03
  data required time                                                 0.03
  ------------------------------------------------------------------------------
  data required time                                                 0.03
  data arrival time                                                 -0.24
  ------------------------------------------------------------------------------
  slack (MET)                                                        0.21


  Startpoint: u_core/core_i/if_stage_i/prefetch_buffer_i/fifo_i/mem_q_reg[1][10]
               (rising edge-triggered flip-flop clocked by clk_i)
  Endpoint: u_core/core_i/if_stage_i/prefetch_buffer_i/fifo_i/mem_q_reg[1][10]
               (rising edge-triggered flip-flop clocked by clk_i)
  Path Group: clk_i
  Path Type: min

  Point                                                   Incr       Path
  ------------------------------------------------------------------------------
  clock clk_i (rise edge)                                 0.00       0.00
  clock network delay (ideal)                             0.00       0.00
  u_core/core_i/if_stage_i/prefetch_buffer_i/fifo_i/mem_q_reg[1][10]/CLK (SDFFARX1_RVT)
                                                          0.00       0.00 r
  u_core/core_i/if_stage_i/prefetch_buffer_i/fifo_i/mem_q_reg[1][10]/Q (SDFFARX1_RVT)
                                                          0.17 &     0.17 f
  u_core/core_i/U5546/Y (AO22X1_HVT)                      0.07 &     0.24 f
  u_core/core_i/if_stage_i/prefetch_buffer_i/fifo_i/mem_q_reg[1][10]/D (SDFFARX1_RVT)
                                                          0.00 &     0.24 f
  data arrival time                                                  0.24

  clock clk_i (rise edge)                                 0.00       0.00
  clock network delay (ideal)                             0.00       0.00
  u_core/core_i/if_stage_i/prefetch_buffer_i/fifo_i/mem_q_reg[1][10]/CLK (SDFFARX1_RVT)
                                                                     0.00 r
  clock reconvergence pessimism                           0.00       0.00
  clock uncertainty                                       0.10       0.10
  library hold time                                      -0.06       0.04
  data required time                                                 0.04
  ------------------------------------------------------------------------------
  data required time                                                 0.04
  data arrival time                                                 -0.24
  ------------------------------------------------------------------------------
  slack (MET)                                                        0.21


  Startpoint: u_core/core_i/cs_registers_i/dscratch0_q_reg[13]
               (rising edge-triggered flip-flop clocked by clk_i)
  Endpoint: u_core/core_i/cs_registers_i/dscratch0_q_reg[13]
               (rising edge-triggered flip-flop clocked by clk_i)
  Path Group: clk_i
  Path Type: min

  Point                                                   Incr       Path
  ------------------------------------------------------------------------------
  clock clk_i (rise edge)                                 0.00       0.00
  clock network delay (ideal)                             0.00       0.00
  u_core/core_i/cs_registers_i/dscratch0_q_reg[13]/CLK (SDFFARX1_RVT)
                                                          0.00       0.00 r
  u_core/core_i/cs_registers_i/dscratch0_q_reg[13]/Q (SDFFARX1_RVT)
                                                          0.17 &     0.17 f
  u_core/core_i/cs_registers_i/U604/Y (AO22X1_HVT)        0.07 &     0.24 f
  u_core/core_i/cs_registers_i/dscratch0_q_reg[13]/D (SDFFARX1_RVT)
                                                          0.00 &     0.24 f
  data arrival time                                                  0.24

  clock clk_i (rise edge)                                 0.00       0.00
  clock network delay (ideal)                             0.00       0.00
  u_core/core_i/cs_registers_i/dscratch0_q_reg[13]/CLK (SDFFARX1_RVT)
                                                                     0.00 r
  clock reconvergence pessimism                           0.00       0.00
  clock uncertainty                                       0.10       0.10
  library hold time                                      -0.06       0.04
  data required time                                                 0.04
  ------------------------------------------------------------------------------
  data required time                                                 0.04
  data arrival time                                                 -0.24
  ------------------------------------------------------------------------------
  slack (MET)                                                        0.21


  Startpoint: u_core/core_i/if_stage_i/prefetch_buffer_i/fifo_i/mem_q_reg[0][16]
               (rising edge-triggered flip-flop clocked by clk_i)
  Endpoint: u_core/core_i/if_stage_i/prefetch_buffer_i/fifo_i/mem_q_reg[0][16]
               (rising edge-triggered flip-flop clocked by clk_i)
  Path Group: clk_i
  Path Type: min

  Point                                                   Incr       Path
  ------------------------------------------------------------------------------
  clock clk_i (rise edge)                                 0.00       0.00
  clock network delay (ideal)                             0.00       0.00
  u_core/core_i/if_stage_i/prefetch_buffer_i/fifo_i/mem_q_reg[0][16]/CLK (SDFFARX1_RVT)
                                                          0.00       0.00 r
  u_core/core_i/if_stage_i/prefetch_buffer_i/fifo_i/mem_q_reg[0][16]/Q (SDFFARX1_RVT)
                                                          0.17 &     0.17 f
  u_core/core_i/U5515/Y (AO22X1_HVT)                      0.08 &     0.24 f
  u_core/core_i/if_stage_i/prefetch_buffer_i/fifo_i/mem_q_reg[0][16]/D (SDFFARX1_RVT)
                                                          0.00 &     0.24 f
  data arrival time                                                  0.24

  clock clk_i (rise edge)                                 0.00       0.00
  clock network delay (ideal)                             0.00       0.00
  u_core/core_i/if_stage_i/prefetch_buffer_i/fifo_i/mem_q_reg[0][16]/CLK (SDFFARX1_RVT)
                                                                     0.00 r
  clock reconvergence pessimism                           0.00       0.00
  clock uncertainty                                       0.10       0.10
  library hold time                                      -0.07       0.03
  data required time                                                 0.03
  ------------------------------------------------------------------------------
  data required time                                                 0.03
  data arrival time                                                 -0.24
  ------------------------------------------------------------------------------
  slack (MET)                                                        0.21

Warning: report_timing has satisfied the max_paths criteria. There are 2295 further endpoints which have paths of interest with slack less than   100.00 that were not considered when generating this report. (UITE-502)

1
