Information: The value of option cts.compile.enable_cell_relocation has been overridden to "leaf_only" to support latency-driven placement. (CTS-973)
****************************************
Report : report clock qor
        -type area
Design : cv32e40p_synth_wrap
Version: W-2024.09-SP2
Date   : Fri May  8 23:45:58 2026
****************************************


==========================
==== Area (per clock) ====
==========================

Clock                                 Sinks          Clock          Clock          Clock          Clock          Sinks           Sink
                                 (balanced)     Cell Count        Stdcell       Repeater       Repeater     (physical)        Stdcell          Macro
                                                (non sink)           Area          Count           Area                          Area           Area
------------------------------------------------------------------------------------------------------------------------------------------------------
clk_i                                  2130             86         592.16             12          74.21           2130       19487.76           0.00
------------------------------------------------------------------------------------------------------------------------------------------------------
Total                                  2130             86         592.16             12          74.21           2130       19487.76           0.00

Type                               Instance           Unit          Total           Cell             Vt             Vt
                                      Count           Area           Area           Type          Group           Type


=================================
==== Area (per library cell) ====
=================================

===== Summary =====
Type                               Instance           Unit          Total           Cell             Vt             Vt
                                      Count           Area           Area           Type          Group           Type
------------------------------------------------------------------------------------------------------------------------
Clock Repeaters                          12              -          74.21              -              -              -
Other Network Cells                      74              -         517.95              -              -              -
Standard Cell Sinks                    2130              -       19487.76              -              -              -
Macro Cells                               0              -           0.00              -              -              -

===== Clock Repeaters =====
Type                               Instance           Unit          Total           Cell             Vt             Vt
                                      Count           Area           Area           Type          Group           Type
------------------------------------------------------------------------------------------------------------------------
INVX4_LVT                                 1           2.03           2.03       Inverter saed32cell_lvt              -
INVX8_RVT                                 1           3.05           3.05       Inverter saed32cell_svt              -
INVX16_LVT                                1           5.08           5.08       Inverter saed32cell_lvt              -
INVX32_LVT                                1           9.15           9.15       Inverter saed32cell_lvt              -
NBUFFX2_HVT                               1           2.03           2.03         Buffer saed32cell_hvt              -
NBUFFX4_RVT                               1           2.54           2.54         Buffer saed32cell_svt              -
NBUFFX16_HVT                              3           6.10          18.30         Buffer saed32cell_hvt              -
NBUFFX32_HVT                              1          10.67          10.67         Buffer saed32cell_hvt              -
NBUFFX32_RVT                              2          10.67          21.35         Buffer saed32cell_svt              -
------------------------------------------------------------------------------------------------------------------------
Total                                    12              -          74.21              -              -              -

===== Other Network Cells =====
Type                               Instance           Unit          Total           Cell             Vt             Vt
                                      Count           Area           Area           Type          Group           Type
------------------------------------------------------------------------------------------------------------------------
CGLPPRX2_HVT                              1           5.85           5.85            ICG saed32cell_hvt              -
CGLPPRX2_HVT                             13           5.85          75.99            ICG saed32cell_hvt              -
CGLPPRX2_LVT                              3           5.85          17.54            ICG saed32cell_lvt              -
CGLPPRX2_RVT                              1           5.85           5.85            ICG saed32cell_svt              -
CGLPPRX8_HVT                             12           7.37          88.44            ICG saed32cell_hvt              -
CGLPPRX8_HVT                              1           7.37           7.37            ICG saed32cell_hvt              -
CGLPPRX8_LVT                             19           7.37         140.03            ICG saed32cell_lvt              -
CGLPPRX8_RVT                             24           7.37         176.88            ICG saed32cell_svt              -
------------------------------------------------------------------------------------------------------------------------
Total                                    74              -         517.95              -              -              -

===== Standard Cell Sinks =====
Type                               Instance           Unit          Total           Cell             Vt             Vt
                                      Count           Area           Area           Type          Group           Type
------------------------------------------------------------------------------------------------------------------------
SDFFARX1_RVT                           2122           9.15       19414.57           Flop saed32cell_svt              -
SDFFASX1_RVT                              8           9.15          73.19           Flop saed32cell_svt              -
------------------------------------------------------------------------------------------------------------------------
Total                                  2130              -       19487.76              -              -              -

===== Macro Cells =====
Type                               Instance           Unit          Total           Cell             Vt             Vt
                                      Count           Area           Area           Type          Group           Type
------------------------------------------------------------------------------------------------------------------------
------------------------------------------------------------------------------------------------------------------------
Total                                     0              -           0.00              -              -              -



==============================
==== Area (per hierarchy) ====
==============================

Hierarchy                             Sinks          Clock          Clock          Clock          Clock          Sinks           Sink
                                 (balanced)     Cell Count        Stdcell       Repeater       Repeater     (physical)        Stdcell          Macro
                                                (non sink)           Area          Count           Area                          Area           Area
------------------------------------------------------------------------------------------------------------------------------------------------------
cv32e40p_synth_wrap                    2130             86         592.16             12          74.21           2130       19487.76           0.00
------------------------------------------------------------------------------------------------------------------------------------------------------
Total                                  2130             86         592.16             12          74.21           2130       19487.76           0.00

1
