****************************************
Report : qor
Design : cv32e40p_synth_wrap
Version: W-2024.09-SP2
Date   : Sat May  9 23:47:29 2026
****************************************
Information: The RC mode used is VR for design 'cv32e40p_synth_wrap'. (NEX-022)


Scenario           'default'
Timing Path Group  '**in2reg_default**'
----------------------------------------
Levels of Logic:                     37
Critical Path Length:              3.71
Critical Path Slack:               4.61
Critical Path Clk Period:          8.50
Total Negative Slack:              0.00
No. of Violating Paths:               0
Worst Hold Violation:              0.00
Total Hold Violation:              0.00
No. of Hold Violations:               0
----------------------------------------

Scenario           'default'
Timing Path Group  '**reg2out_default**'
----------------------------------------
Levels of Logic:                     46
Critical Path Length:              4.84
Critical Path Slack:               2.56
Critical Path Clk Period:          8.50
Total Negative Slack:              0.00
No. of Violating Paths:               0
Worst Hold Violation:              0.00
Total Hold Violation:              0.00
No. of Hold Violations:               0
----------------------------------------

Scenario           'default'
Timing Path Group  '**in2out_default**'
----------------------------------------
Levels of Logic:                     19
Critical Path Length:              2.92
Critical Path Slack:               4.48
Critical Path Clk Period:          8.50
Total Negative Slack:              0.00
No. of Violating Paths:               0
Worst Hold Violation:              0.00
Total Hold Violation:              0.00
No. of Hold Violations:               0
----------------------------------------

Scenario           'default'
Timing Path Group  'clk_i'
----------------------------------------
Levels of Logic:                     64
Critical Path Length:              6.58
Critical Path Slack:               1.75
Critical Path Clk Period:          8.50
Total Negative Slack:              0.00
No. of Violating Paths:               0
Worst Hold Violation:              0.00
Total Hold Violation:              0.00
No. of Hold Violations:               0
----------------------------------------


Cell Count
----------------------------------------
Hierarchical Cell Count:             76
Hierarchical Port Count:           3636
Leaf Cell Count:                  14060
Buf/Inv Cell Count:                1716
Buf Cell Count:                     508
Inv Cell Count:                    1208
Combinational Cell Count:         11856
   Single-bit Isolation Cell Count:                        0
   Multi-bit Isolation Cell Count:                         0
   Isolation Cell Banking Ratio:                           0.00%
   Single-bit Level Shifter Cell Count:                    0
   Multi-bit Level Shifter Cell Count:                     0
   Level Shifter Cell Banking Ratio:                       0.00%
   Single-bit ELS Cell Count:                              0
   Multi-bit ELS Cell Count:                               0
   ELS Cell Banking Ratio:                                 0.00%
Sequential Cell Count:             2204
   Integrated Clock-Gating Cell Count:                     74
   Sequential Macro Cell Count:                            0
   Single-bit Sequential Cell Count:                       2130
   Multi-bit Sequential Cell Count:                        0
   Sequential Cell Banking Ratio:                          0.00%
   BitsPerflop:                                            1.00
Macro Count:                          0
----------------------------------------


Area
----------------------------------------
Combinational Area:            29572.20
Noncombinational Area:         19920.32
Buf/Inv Area:                   2679.44
Total Buffer Area:              1123.32
Total Inverter Area:            1556.12
Macro/Black Box Area:              0.00
Net Area:                             0
Net XLength:                   85610.10
Net YLength:                   64001.03
----------------------------------------
Cell Area (netlist):                          49492.51
Cell Area (netlist and physical only):        49492.51
Net Length:                   149611.13


Design Rules
----------------------------------------
Total Number of Nets:             16688
Nets with Violations:               538
Max Trans Violations:               119
Max Cap Violations:                 538
----------------------------------------

1
