Warning: Cell contains tie connections which are not connected to real PG. (ZRT-511)
Cell Min-Routing-Layer = M1
Cell Max-Routing-Layer = M8
Turn off antenna since no rule is specified
Information: Option route.detail.force_end_on_preferred_grid will be ignored since none of the layers have preferred grid. (ZRT-703)
Warning: Cannot find a default contact code for layer CO. (ZRT-022)
Warning: Port VDD of cell cv32e40p_synth_wrap is unplaced.  This may impact routing result. (ZRT-740)
Warning: Port VSS of cell cv32e40p_synth_wrap is unplaced.  This may impact routing result. (ZRT-740)
Warning: Ignore 2 top cell ports with no pins. (ZRT-027)
Skipping 6 internal pins that are not physical. Set route.common.verbose_level to > 0 and run routing command to get skipped pin names.
Info: number of net_type_blockage: 0 
Information: Via ladder engine would be activated for pattern must join connection in certain commands. Please refer to man-page for the command list. (ZRT-619)
Information: When applicable Min-max layer allow_pin_connection mode will allow paths of length 5.32 outside the layer range. (ZRT-707)
Information: When applicable Min-max layer allow_pin_connection mode will allow paths of length 5.32 outside the layer range on clock nets. (ZRT-718)
Information: When applicable layer based tapering will taper up to 0.00 in distance from the pin. (ZRT-706)
Warning: Standard cell pin MUX41X2_HVT/S0 has no valid via regions. (ZRT-044)


Start checking for open nets ... 

Total number of nets = 18476, of which 0 are not extracted
Total number of open nets = 0, of which 0 are frozen

Check 18476 nets, 0 have Errors

[CHECK OPEN NETS] Elapsed real time: 0:00:00 
[CHECK OPEN NETS] Elapsed cpu  time: sys=0:00:00 usr=0:00:00 total=0:00:00
[CHECK OPEN NETS] Stage (MB): Used    0  Alloctr    0  Proc    0 
[CHECK OPEN NETS] Total (MB): Used   62  Alloctr   63  Proc 5234 
Printing options for 'route.common.*'

Printing options for 'route.detail.*'
detail.drc_convergence_effort_level                     :	 high                
detail.generate_extra_off_grid_pin_tracks               :	 true                
detail.optimize_wire_via_effort_level                   :	 high                

Printing options for 'route.auto_via_ladder.*'


Begin full DRC check ...

Information: Using 1 threads for routing. (ZRT-444)
Checked	1/25 Partitions, Violations =	21
Checked	2/25 Partitions, Violations =	21
Checked	3/25 Partitions, Violations =	21
Checked	4/25 Partitions, Violations =	34
Checked	5/25 Partitions, Violations =	49
Checked	6/25 Partitions, Violations =	58
Checked	7/25 Partitions, Violations =	67
Checked	8/25 Partitions, Violations =	100
Checked	9/25 Partitions, Violations =	100
Checked	10/25 Partitions, Violations =	100
Checked	11/25 Partitions, Violations =	108
Checked	12/25 Partitions, Violations =	114
Checked	13/25 Partitions, Violations =	117
Checked	14/25 Partitions, Violations =	123
Checked	15/25 Partitions, Violations =	266
Checked	16/25 Partitions, Violations =	278
Checked	17/25 Partitions, Violations =	302
Checked	18/25 Partitions, Violations =	302
Checked	19/25 Partitions, Violations =	305
Checked	20/25 Partitions, Violations =	309
Checked	21/25 Partitions, Violations =	310
Checked	22/25 Partitions, Violations =	310
Checked	23/25 Partitions, Violations =	345
Checked	24/25 Partitions, Violations =	367
Checked	25/25 Partitions, Violations =	381
[DRC CHECK] Elapsed real time: 0:00:07 
[DRC CHECK] Elapsed cpu  time: sys=0:00:00 usr=0:00:07 total=0:00:07
[DRC CHECK] Stage (MB): Used    0  Alloctr    0  Proc    0 
[DRC CHECK] Total (MB): Used  155  Alloctr  157  Proc 5234 
Warning: No antenna rules defined, Skip antenna analysis. (ZRT-309)

DRC-SUMMARY:
	@@@@@@@ TOTAL VIOLATIONS =	381
	Diff net spacing : 127
	Less than minimum area : 3
	Needs fat contact : 91
	Off-grid : 157
	Same net spacing : 1
	Short : 2


Total Wire Length =                    693440 micron
Total Number of Contacts =             180122
Total Number of Wires =                190521
Total Number of PtConns =              21669
Total Number of Routed Wires =       190448
Total Routed Wire Length =           690952 micron
Total Number of Routed Contacts =       180122
	Layer                 M1 :      30735 micron
	Layer                 M2 :     202355 micron
	Layer                 M3 :     167269 micron
	Layer                 M4 :     125964 micron
	Layer                 M5 :      83433 micron
	Layer                 M6 :      43295 micron
	Layer                 M7 :      30075 micron
	Layer                 M8 :       7825 micron
	Layer                 M9 :          0 micron
	Layer               MRDL :          0 micron
	Via            VIA78SQ_C :        323
	Via       VIA67SQ_C(rot) :       2178
	Via            VIA56SQ_C :       3627
	Via       VIA45SQ_C(rot) :      10588
	Via            VIA34SQ_C :      17832
	Via       VIA34SQ_C(rot) :        129
	Via            VIA23SQ_C :       1076
	Via       VIA23SQ_C(rot) :      70417
	Via            VIA12SQ_C :      68822
	Via       VIA12SQ_C(rot) :       3108
	Via       VIA12LG_C(rot) :          1
	Via        VIA12SQ_C_2x1 :       1487
	Via   VIA12SQ_C(rot)_1x2 :        119
	Via   VIA12SQ_C(rot)_2x1 :          4
	Via        VIA12SQ_C_1x2 :        302
	Via          VIA12SQ_2x1 :          4
	Via     VIA12SQ(rot)_1x2 :          1
	Via     VIA12SQ(rot)_2x1 :         15
	Via          VIA12SQ_1x2 :         89

 
Redundant via conversion report:
--------------------------------

  Total optimized via conversion rate =  1.12% (2021 / 180122 vias)
 
    Layer VIA1       =  2.73% (2021   / 73952   vias)
        Weight 1     =  2.73% (2021    vias)
        Un-optimized =  0.00% (0       vias)
        Un-mapped    = 97.27% (71931   vias)
    Layer VIA2       =  0.00% (0      / 71493   vias)
        Un-optimized =  0.00% (0       vias)
        Un-mapped    = 100.00% (71493   vias)
    Layer VIA3       =  0.00% (0      / 17961   vias)
        Un-optimized =  0.00% (0       vias)
        Un-mapped    = 100.00% (17961   vias)
    Layer VIA4       =  0.00% (0      / 10588   vias)
        Un-optimized =  0.00% (0       vias)
        Un-mapped    = 100.00% (10588   vias)
    Layer VIA5       =  0.00% (0      / 3627    vias)
        Un-optimized =  0.00% (0       vias)
        Un-mapped    = 100.00% (3627    vias)
    Layer VIA6       =  0.00% (0      / 2178    vias)
        Un-optimized =  0.00% (0       vias)
        Un-mapped    = 100.00% (2178    vias)
    Layer VIA7       =  0.00% (0      / 323     vias)
        Un-optimized =  0.00% (0       vias)
        Un-mapped    = 100.00% (323     vias)
 
  Total double via conversion rate    =  1.12% (2021 / 180122 vias)
 
    Layer VIA1       =  2.73% (2021   / 73952   vias)
    Layer VIA2       =  0.00% (0      / 71493   vias)
    Layer VIA3       =  0.00% (0      / 17961   vias)
    Layer VIA4       =  0.00% (0      / 10588   vias)
    Layer VIA5       =  0.00% (0      / 3627    vias)
    Layer VIA6       =  0.00% (0      / 2178    vias)
    Layer VIA7       =  0.00% (0      / 323     vias)
 
  The optimized via conversion rate based on total routed via count =  1.12% (2021 / 180122 vias)
 
    Layer VIA1       =  2.73% (2021   / 73952   vias)
        Weight 1     =  2.73% (2021    vias)
        Un-optimized =  0.00% (0       vias)
        Un-mapped    = 97.27% (71931   vias)
    Layer VIA2       =  0.00% (0      / 71493   vias)
        Un-optimized =  0.00% (0       vias)
        Un-mapped    = 100.00% (71493   vias)
    Layer VIA3       =  0.00% (0      / 17961   vias)
        Un-optimized =  0.00% (0       vias)
        Un-mapped    = 100.00% (17961   vias)
    Layer VIA4       =  0.00% (0      / 10588   vias)
        Un-optimized =  0.00% (0       vias)
        Un-mapped    = 100.00% (10588   vias)
    Layer VIA5       =  0.00% (0      / 3627    vias)
        Un-optimized =  0.00% (0       vias)
        Un-mapped    = 100.00% (3627    vias)
    Layer VIA6       =  0.00% (0      / 2178    vias)
        Un-optimized =  0.00% (0       vias)
        Un-mapped    = 100.00% (2178    vias)
    Layer VIA7       =  0.00% (0      / 323     vias)
        Un-optimized =  0.00% (0       vias)
        Un-mapped    = 100.00% (323     vias)
 


Verify Summary:

Total number of nets = 18476, of which 0 are not extracted
Total number of open nets = 0, of which 0 are frozen
Total number of excluded ports = 0 ports of 0 unplaced cells connected to 0 nets
                                 0 ports without pins of 0 cells connected to 0 nets
                                 0 ports of 0 cover cells connected to 0 non-pg nets
Total number of DRCs = 381
Total number of antenna violations = no antenna rules defined
Total number of tie to rail violations = not checked
Total number of tie to rail directly violations = not checked


