****************************************
Report : clock timing
        -type latency
        -launch
        -nworst 20
        -setup
Design : cv32e40p_synth_wrap
Version: W-2024.09-SP2
Date   : Sat May  9 17:37:12 2026
****************************************

  Mode: default
  Clock: clk_i

                                                 --- Latency ---
  Clock Pin                             Trans   Source   Offset  Network    Total            Corner
---------------------------------------------------------------------------------------------------
  u_core/core_i/id_stage_i/mult_operator_ex_o_reg[1]/CLK
                                         0.04     0.00       --     0.36     0.36 rp-+      default
  u_core/core_i/id_stage_i/mult_operator_ex_o_reg[2]/CLK
                                         0.04     0.00       --     0.36     0.36 rp-+      default
  u_core/core_i/id_stage_i/mult_signed_mode_ex_o_reg[1]/CLK
                                         0.04     0.00       --     0.36     0.36 rp-+      default
  u_core/core_i/id_stage_i/mult_signed_mode_ex_o_reg[0]/CLK
                                         0.04     0.00       --     0.36     0.36 rp-+      default
  u_core/core_i/id_stage_i/mult_operand_a_ex_o_reg[31]/CLK
                                         0.04     0.00       --     0.36     0.36 rp-+      default
  u_core/core_i/id_stage_i/mult_operand_a_ex_o_reg[28]/CLK
                                         0.04     0.00       --     0.36     0.36 rp-+      default
  u_core/core_i/id_stage_i/mult_operand_a_ex_o_reg[29]/CLK
                                         0.04     0.00       --     0.36     0.36 rp-+      default
  u_core/core_i/id_stage_i/mult_operand_a_ex_o_reg[5]/CLK
                                         0.04     0.00       --     0.35     0.35 rp-+      default
  u_core/core_i/id_stage_i/mult_operand_a_ex_o_reg[13]/CLK
                                         0.04     0.00       --     0.35     0.35 rp-+      default
  u_core/core_i/id_stage_i/mult_operand_a_ex_o_reg[30]/CLK
                                         0.04     0.00       --     0.35     0.35 rp-+      default
  u_core/core_i/id_stage_i/mult_operand_a_ex_o_reg[1]/CLK
                                         0.04     0.00       --     0.35     0.35 rp-+      default
  u_core/core_i/id_stage_i/mult_operand_a_ex_o_reg[2]/CLK
                                         0.04     0.00       --     0.35     0.35 rp-+      default
  u_core/core_i/id_stage_i/mult_operand_a_ex_o_reg[4]/CLK
                                         0.04     0.00       --     0.35     0.35 rp-+      default
  u_core/core_i/id_stage_i/mult_operand_a_ex_o_reg[15]/CLK
                                         0.04     0.00       --     0.35     0.35 rp-+      default
  u_core/core_i/id_stage_i/mult_operand_a_ex_o_reg[16]/CLK
                                         0.04     0.00       --     0.35     0.35 rp-+      default
  u_core/core_i/id_stage_i/mult_operand_a_ex_o_reg[3]/CLK
                                         0.04     0.00       --     0.35     0.35 rp-+      default
  u_core/core_i/id_stage_i/mult_operand_a_ex_o_reg[10]/CLK
                                         0.04     0.00       --     0.35     0.35 rp-+      default
  u_core/core_i/id_stage_i/mult_operand_a_ex_o_reg[9]/CLK
                                         0.04     0.00       --     0.35     0.35 rp-+      default
  u_core/core_i/id_stage_i/mult_operand_a_ex_o_reg[20]/CLK
                                         0.04     0.00       --     0.35     0.35 rp-+      default
  u_core/core_i/id_stage_i/mult_operand_a_ex_o_reg[24]/CLK
                                         0.04     0.00       --     0.35     0.35 rp-+      default
---------------------------------------------------------------------------------------------------
1
