****************************************
Report : timing
	-path_type full
	-delay_type min
	-slack_lesser_than 100.00
	-max_paths 20
	-sort_by slack
Design : cv32e40p_synth_wrap
Version: W-2024.09-SP5-3
Date   : Sun May 10 11:12:39 2026
****************************************


  Startpoint: u_core/core_i/cs_registers_i/mhpmcounter_q_reg[2][0]
               (rising edge-triggered flip-flop clocked by clk_i)
  Endpoint: u_core/core_i/cs_registers_i/mhpmcounter_q_reg[2][0]
               (rising edge-triggered flip-flop clocked by clk_i)
  Path Group: clk_i
  Path Type: min

  Point                                                   Incr       Path
  ------------------------------------------------------------------------------
  clock clk_i (rise edge)                                 0.00       0.00
  clock network delay (ideal)                             0.00       0.00
  u_core/core_i/cs_registers_i/mhpmcounter_q_reg[2][0]/CLK (SDFFARX1_RVT)
                                                          0.00       0.00 r
  u_core/core_i/cs_registers_i/mhpmcounter_q_reg[2][0]/QN (SDFFARX1_RVT)
                                                          0.06 &     0.06 f
  u_core/core_i/cs_registers_i/U1860/Y (AO22X1_HVT)       0.05 &     0.11 f
  u_core/core_i/cs_registers_i/mhpmcounter_q_reg[2][0]/D (SDFFARX1_RVT)
                                                          0.00 &     0.11 f
  data arrival time                                                  0.11

  clock clk_i (rise edge)                                 0.00       0.00
  clock network delay (ideal)                             0.00       0.00
  u_core/core_i/cs_registers_i/mhpmcounter_q_reg[2][0]/CLK (SDFFARX1_RVT)
                                                                     0.00 r
  clock reconvergence pessimism                           0.00       0.00
  clock uncertainty                                       0.10       0.10
  library hold time                                      -0.04       0.06
  data required time                                                 0.06
  ------------------------------------------------------------------------------
  data required time                                                 0.06
  data arrival time                                                 -0.11
  ------------------------------------------------------------------------------
  slack (MET)                                                        0.05


  Startpoint: u_core/core_i/cs_registers_i/mhpmcounter_q_reg[3][0]
               (rising edge-triggered flip-flop clocked by clk_i)
  Endpoint: u_core/core_i/cs_registers_i/mhpmcounter_q_reg[3][0]
               (rising edge-triggered flip-flop clocked by clk_i)
  Path Group: clk_i
  Path Type: min

  Point                                                   Incr       Path
  ------------------------------------------------------------------------------
  clock clk_i (rise edge)                                 0.00       0.00
  clock network delay (ideal)                             0.00       0.00
  u_core/core_i/cs_registers_i/mhpmcounter_q_reg[3][0]/CLK (SDFFARX1_RVT)
                                                          0.00       0.00 r
  u_core/core_i/cs_registers_i/mhpmcounter_q_reg[3][0]/QN (SDFFARX1_RVT)
                                                          0.07 &     0.07 f
  u_core/core_i/cs_registers_i/U1597/Y (AO22X1_HVT)       0.05 &     0.11 f
  u_core/core_i/cs_registers_i/mhpmcounter_q_reg[3][0]/D (SDFFARX1_RVT)
                                                          0.00 &     0.11 f
  data arrival time                                                  0.11

  clock clk_i (rise edge)                                 0.00       0.00
  clock network delay (ideal)                             0.00       0.00
  u_core/core_i/cs_registers_i/mhpmcounter_q_reg[3][0]/CLK (SDFFARX1_RVT)
                                                                     0.00 r
  clock reconvergence pessimism                           0.00       0.00
  clock uncertainty                                       0.10       0.10
  library hold time                                      -0.04       0.06
  data required time                                                 0.06
  ------------------------------------------------------------------------------
  data required time                                                 0.06
  data arrival time                                                 -0.11
  ------------------------------------------------------------------------------
  slack (MET)                                                        0.05


  Startpoint: u_core/core_i/cs_registers_i/mhpmcounter_q_reg[0][0]
               (rising edge-triggered flip-flop clocked by clk_i)
  Endpoint: u_core/core_i/cs_registers_i/mhpmcounter_q_reg[0][0]
               (rising edge-triggered flip-flop clocked by clk_i)
  Path Group: clk_i
  Path Type: min

  Point                                                   Incr       Path
  ------------------------------------------------------------------------------
  clock clk_i (rise edge)                                 0.00       0.00
  clock network delay (ideal)                             0.00       0.00
  u_core/core_i/cs_registers_i/mhpmcounter_q_reg[0][0]/CLK (SDFFARX1_RVT)
                                                          0.00       0.00 r
  u_core/core_i/cs_registers_i/mhpmcounter_q_reg[0][0]/QN (SDFFARX1_RVT)
                                                          0.07 &     0.07 f
  u_core/core_i/cs_registers_i/U2121/Y (AO22X1_HVT)       0.05 &     0.12 f
  u_core/core_i/cs_registers_i/mhpmcounter_q_reg[0][0]/D (SDFFARX1_RVT)
                                                          0.00 &     0.12 f
  data arrival time                                                  0.12

  clock clk_i (rise edge)                                 0.00       0.00
  clock network delay (ideal)                             0.00       0.00
  u_core/core_i/cs_registers_i/mhpmcounter_q_reg[0][0]/CLK (SDFFARX1_RVT)
                                                                     0.00 r
  clock reconvergence pessimism                           0.00       0.00
  clock uncertainty                                       0.10       0.10
  library hold time                                      -0.04       0.06
  data required time                                                 0.06
  ------------------------------------------------------------------------------
  data required time                                                 0.06
  data arrival time                                                 -0.12
  ------------------------------------------------------------------------------
  slack (MET)                                                        0.05


  Startpoint: u_core/core_i/id_stage_i/controller_i/debug_force_wakeup_q_reg
               (rising edge-triggered flip-flop clocked by clk_i)
  Endpoint: u_core/core_i/cs_registers_i/dcsr_q_reg[cause][8]
               (rising edge-triggered flip-flop clocked by clk_i)
  Path Group: clk_i
  Path Type: min

  Point                                                   Incr       Path
  ------------------------------------------------------------------------------
  clock clk_i (rise edge)                                 0.00       0.00
  clock network delay (ideal)                             0.00       0.00
  u_core/core_i/id_stage_i/controller_i/debug_force_wakeup_q_reg/CLK (SDFFARX1_RVT)
                                                          0.00       0.00 r
  u_core/core_i/id_stage_i/controller_i/debug_force_wakeup_q_reg/QN (SDFFARX1_RVT)
                                                          0.06 &     0.06 f
  u_core/core_i/id_stage_i/U3117/Y (AND3X1_HVT)           0.07 &     0.13 f
  u_core/core_i/cs_registers_i/dcsr_q_reg[cause][8]/D (SDFFARX1_RVT)
                                                          0.00 &     0.13 f
  data arrival time                                                  0.13

  clock clk_i (rise edge)                                 0.00       0.00
  clock network delay (ideal)                             0.00       0.00
  u_core/core_i/cs_registers_i/dcsr_q_reg[cause][8]/CLK (SDFFARX1_RVT)
                                                                     0.00 r
  clock reconvergence pessimism                           0.00       0.00
  clock uncertainty                                       0.10       0.10
  library hold time                                      -0.04       0.06
  data required time                                                 0.06
  ------------------------------------------------------------------------------
  data required time                                                 0.06
  data arrival time                                                 -0.13
  ------------------------------------------------------------------------------
  slack (MET)                                                        0.07


  Startpoint: u_core/core_i/id_stage_i/regfile_waddr_ex_o_reg[0]
               (rising edge-triggered flip-flop clocked by clk_i)
  Endpoint: u_core/core_i/ex_stage_i/regfile_waddr_lsu_reg[0]
               (rising edge-triggered flip-flop clocked by clk_i)
  Path Group: clk_i
  Path Type: min

  Point                                                   Incr       Path
  ------------------------------------------------------------------------------
  clock clk_i (rise edge)                                 0.00       0.00
  clock network delay (ideal)                             0.00       0.00
  u_core/core_i/id_stage_i/regfile_waddr_ex_o_reg[0]/CLK (SDFFARX1_RVT)
                                                          0.00       0.00 r
  u_core/core_i/id_stage_i/regfile_waddr_ex_o_reg[0]/QN (SDFFARX1_RVT)
                                                          0.08 &     0.08 f
  u_core/core_i/U5095/Y (INVX1_HVT)                       0.04 &     0.12 r
  u_core/core_i/ex_stage_i/regfile_waddr_lsu_reg[0]/D (SDFFARX1_RVT)
                                                          0.00 &     0.12 r
  data arrival time                                                  0.12

  clock clk_i (rise edge)                                 0.00       0.00
  clock network delay (ideal)                             0.00       0.00
  u_core/core_i/ex_stage_i/regfile_waddr_lsu_reg[0]/CLK (SDFFARX1_RVT)
                                                                     0.00 r
  clock reconvergence pessimism                           0.00       0.00
  clock uncertainty                                       0.10       0.10
  library hold time                                      -0.05       0.05
  data required time                                                 0.05
  ------------------------------------------------------------------------------
  data required time                                                 0.05
  data arrival time                                                 -0.12
  ------------------------------------------------------------------------------
  slack (MET)                                                        0.07


  Startpoint: u_core/core_i/id_stage_i/regfile_waddr_ex_o_reg[1]
               (rising edge-triggered flip-flop clocked by clk_i)
  Endpoint: u_core/core_i/ex_stage_i/regfile_waddr_lsu_reg[1]
               (rising edge-triggered flip-flop clocked by clk_i)
  Path Group: clk_i
  Path Type: min

  Point                                                   Incr       Path
  ------------------------------------------------------------------------------
  clock clk_i (rise edge)                                 0.00       0.00
  clock network delay (ideal)                             0.00       0.00
  u_core/core_i/id_stage_i/regfile_waddr_ex_o_reg[1]/CLK (SDFFARX1_RVT)
                                                          0.00       0.00 r
  u_core/core_i/id_stage_i/regfile_waddr_ex_o_reg[1]/QN (SDFFARX1_RVT)
                                                          0.09 &     0.09 f
  u_core/core_i/U5096/Y (INVX1_HVT)                       0.04 &     0.12 r
  u_core/core_i/ex_stage_i/regfile_waddr_lsu_reg[1]/D (SDFFARX1_RVT)
                                                          0.00 &     0.12 r
  data arrival time                                                  0.12

  clock clk_i (rise edge)                                 0.00       0.00
  clock network delay (ideal)                             0.00       0.00
  u_core/core_i/ex_stage_i/regfile_waddr_lsu_reg[1]/CLK (SDFFARX1_RVT)
                                                                     0.00 r
  clock reconvergence pessimism                           0.00       0.00
  clock uncertainty                                       0.10       0.10
  library hold time                                      -0.05       0.05
  data required time                                                 0.05
  ------------------------------------------------------------------------------
  data required time                                                 0.05
  data arrival time                                                 -0.12
  ------------------------------------------------------------------------------
  slack (MET)                                                        0.07


  Startpoint: u_core/core_i/ex_stage_i/mult_i/mulh_CS_reg[2]
               (rising edge-triggered flip-flop clocked by clk_i)
  Endpoint: u_core/core_i/ex_stage_i/mult_i/clk_gate_mulh_CS_reg/latch
               (rising clock gating-check end-point clocked by clk_i)
  Path Group: **clock_gating_default**
  Path Type: min

  Point                                                   Incr       Path
  ------------------------------------------------------------------------------
  clock clk_i (rise edge)                                 0.00       0.00
  clock network delay (ideal)                             0.00       0.00
  u_core/core_i/ex_stage_i/mult_i/mulh_CS_reg[2]/CLK (SDFFARX1_RVT)
                                                          0.00       0.00 r
  u_core/core_i/ex_stage_i/mult_i/mulh_CS_reg[2]/Q (SDFFARX1_RVT)
                                                          0.10 &     0.10 f
  u_core/core_i/U5122/Y (NAND3X0_HVT)                     0.03 &     0.14 r
  u_core/core_i/ex_stage_i/mult_i/clk_gate_mulh_CS_reg/latch/EN (CGLPPRX2_HVT)
                                                          0.00 &     0.14 r
  data arrival time                                                  0.14

  clock clk_i (rise edge)                                 0.00       0.00
  clock network delay (ideal)                             0.00       0.00
  u_core/core_i/ex_stage_i/mult_i/clk_gate_mulh_CS_reg/latch/CLK (CGLPPRX2_HVT)
                                                                     0.00 r
  clock reconvergence pessimism                           0.00       0.00
  clock uncertainty                                       0.10       0.10
  clock gating hold time                                 -0.04       0.06
  data required time                                                 0.06
  ------------------------------------------------------------------------------
  data required time                                                 0.06
  data arrival time                                                 -0.14
  ------------------------------------------------------------------------------
  slack (MET)                                                        0.07


  Startpoint: u_core/core_i/if_stage_i/prefetch_buffer_i/prefetch_controller_i/trans_addr_q_reg[29]
               (rising edge-triggered flip-flop clocked by clk_i)
  Endpoint: u_core/core_i/if_stage_i/prefetch_buffer_i/prefetch_controller_i/trans_addr_q_reg[29]
               (rising edge-triggered flip-flop clocked by clk_i)
  Path Group: clk_i
  Path Type: min

  Point                                                   Incr       Path
  ------------------------------------------------------------------------------
  clock clk_i (rise edge)                                 0.00       0.00
  clock network delay (ideal)                             0.00       0.00
  u_core/core_i/if_stage_i/prefetch_buffer_i/prefetch_controller_i/trans_addr_q_reg[29]/CLK (SDFFARX1_RVT)
                                                          0.00       0.00 r
  u_core/core_i/if_stage_i/prefetch_buffer_i/prefetch_controller_i/trans_addr_q_reg[29]/QN (SDFFARX1_RVT)
                                                          0.06 &     0.06 f
  u_core/core_i/U5471/Y (AO221X1_HVT)                     0.08 &     0.14 f
  u_core/core_i/if_stage_i/prefetch_buffer_i/prefetch_controller_i/trans_addr_q_reg[29]/D (SDFFARX1_RVT)
                                                          0.00 &     0.14 f
  data arrival time                                                  0.14

  clock clk_i (rise edge)                                 0.00       0.00
  clock network delay (ideal)                             0.00       0.00
  u_core/core_i/if_stage_i/prefetch_buffer_i/prefetch_controller_i/trans_addr_q_reg[29]/CLK (SDFFARX1_RVT)
                                                                     0.00 r
  clock reconvergence pessimism                           0.00       0.00
  clock uncertainty                                       0.10       0.10
  library hold time                                      -0.04       0.06
  data required time                                                 0.06
  ------------------------------------------------------------------------------
  data required time                                                 0.06
  data arrival time                                                 -0.14
  ------------------------------------------------------------------------------
  slack (MET)                                                        0.07


  Startpoint: u_core/core_i/ex_stage_i/alu_i/alu_div_i/ResReg_DP_reg[11]
               (rising edge-triggered flip-flop clocked by clk_i)
  Endpoint: u_core/core_i/ex_stage_i/alu_i/alu_div_i/ResReg_DP_reg[10]
               (rising edge-triggered flip-flop clocked by clk_i)
  Path Group: clk_i
  Path Type: min

  Point                                                   Incr       Path
  ------------------------------------------------------------------------------
  clock clk_i (rise edge)                                 0.00       0.00
  clock network delay (ideal)                             0.00       0.00
  u_core/core_i/ex_stage_i/alu_i/alu_div_i/ResReg_DP_reg[11]/CLK (SDFFARX1_RVT)
                                                          0.00       0.00 r
  u_core/core_i/ex_stage_i/alu_i/alu_div_i/ResReg_DP_reg[11]/Q (SDFFARX1_RVT)
                                                          0.10 &     0.10 f
  u_core/core_i/U4365/Y (AND2X1_HVT)                      0.05 &     0.14 f
  u_core/core_i/ex_stage_i/alu_i/alu_div_i/ResReg_DP_reg[10]/D (SDFFARX1_RVT)
                                                          0.00 &     0.14 f
  data arrival time                                                  0.14

  clock clk_i (rise edge)                                 0.00       0.00
  clock network delay (ideal)                             0.00       0.00
  u_core/core_i/ex_stage_i/alu_i/alu_div_i/ResReg_DP_reg[10]/CLK (SDFFARX1_RVT)
                                                                     0.00 r
  clock reconvergence pessimism                           0.00       0.00
  clock uncertainty                                       0.10       0.10
  library hold time                                      -0.04       0.06
  data required time                                                 0.06
  ------------------------------------------------------------------------------
  data required time                                                 0.06
  data arrival time                                                 -0.14
  ------------------------------------------------------------------------------
  slack (MET)                                                        0.08


  Startpoint: u_core/core_i/ex_stage_i/alu_i/alu_div_i/ResReg_DP_reg[29]
               (rising edge-triggered flip-flop clocked by clk_i)
  Endpoint: u_core/core_i/ex_stage_i/alu_i/alu_div_i/ResReg_DP_reg[28]
               (rising edge-triggered flip-flop clocked by clk_i)
  Path Group: clk_i
  Path Type: min

  Point                                                   Incr       Path
  ------------------------------------------------------------------------------
  clock clk_i (rise edge)                                 0.00       0.00
  clock network delay (ideal)                             0.00       0.00
  u_core/core_i/ex_stage_i/alu_i/alu_div_i/ResReg_DP_reg[29]/CLK (SDFFARX1_RVT)
                                                          0.00       0.00 r
  u_core/core_i/ex_stage_i/alu_i/alu_div_i/ResReg_DP_reg[29]/Q (SDFFARX1_RVT)
                                                          0.10 &     0.10 f
  u_core/core_i/U4347/Y (AND2X1_HVT)                      0.05 &     0.14 f
  u_core/core_i/ex_stage_i/alu_i/alu_div_i/ResReg_DP_reg[28]/D (SDFFARX1_RVT)
                                                          0.00 &     0.14 f
  data arrival time                                                  0.14

  clock clk_i (rise edge)                                 0.00       0.00
  clock network delay (ideal)                             0.00       0.00
  u_core/core_i/ex_stage_i/alu_i/alu_div_i/ResReg_DP_reg[28]/CLK (SDFFARX1_RVT)
                                                                     0.00 r
  clock reconvergence pessimism                           0.00       0.00
  clock uncertainty                                       0.10       0.10
  library hold time                                      -0.04       0.06
  data required time                                                 0.06
  ------------------------------------------------------------------------------
  data required time                                                 0.06
  data arrival time                                                 -0.14
  ------------------------------------------------------------------------------
  slack (MET)                                                        0.08


  Startpoint: u_core/core_i/ex_stage_i/alu_i/alu_div_i/ResReg_DP_reg[28]
               (rising edge-triggered flip-flop clocked by clk_i)
  Endpoint: u_core/core_i/ex_stage_i/alu_i/alu_div_i/ResReg_DP_reg[27]
               (rising edge-triggered flip-flop clocked by clk_i)
  Path Group: clk_i
  Path Type: min

  Point                                                   Incr       Path
  ------------------------------------------------------------------------------
  clock clk_i (rise edge)                                 0.00       0.00
  clock network delay (ideal)                             0.00       0.00
  u_core/core_i/ex_stage_i/alu_i/alu_div_i/ResReg_DP_reg[28]/CLK (SDFFARX1_RVT)
                                                          0.00       0.00 r
  u_core/core_i/ex_stage_i/alu_i/alu_div_i/ResReg_DP_reg[28]/Q (SDFFARX1_RVT)
                                                          0.10 &     0.10 f
  u_core/core_i/U4348/Y (AND2X1_HVT)                      0.05 &     0.14 f
  u_core/core_i/ex_stage_i/alu_i/alu_div_i/ResReg_DP_reg[27]/D (SDFFARX1_RVT)
                                                          0.00 &     0.14 f
  data arrival time                                                  0.14

  clock clk_i (rise edge)                                 0.00       0.00
  clock network delay (ideal)                             0.00       0.00
  u_core/core_i/ex_stage_i/alu_i/alu_div_i/ResReg_DP_reg[27]/CLK (SDFFARX1_RVT)
                                                                     0.00 r
  clock reconvergence pessimism                           0.00       0.00
  clock uncertainty                                       0.10       0.10
  library hold time                                      -0.04       0.06
  data required time                                                 0.06
  ------------------------------------------------------------------------------
  data required time                                                 0.06
  data arrival time                                                 -0.14
  ------------------------------------------------------------------------------
  slack (MET)                                                        0.08


  Startpoint: u_core/core_i/ex_stage_i/alu_i/alu_div_i/ResReg_DP_reg[21]
               (rising edge-triggered flip-flop clocked by clk_i)
  Endpoint: u_core/core_i/ex_stage_i/alu_i/alu_div_i/ResReg_DP_reg[20]
               (rising edge-triggered flip-flop clocked by clk_i)
  Path Group: clk_i
  Path Type: min

  Point                                                   Incr       Path
  ------------------------------------------------------------------------------
  clock clk_i (rise edge)                                 0.00       0.00
  clock network delay (ideal)                             0.00       0.00
  u_core/core_i/ex_stage_i/alu_i/alu_div_i/ResReg_DP_reg[21]/CLK (SDFFARX1_RVT)
                                                          0.00       0.00 r
  u_core/core_i/ex_stage_i/alu_i/alu_div_i/ResReg_DP_reg[21]/Q (SDFFARX1_RVT)
                                                          0.10 &     0.10 f
  u_core/core_i/U4355/Y (AND2X1_HVT)                      0.05 &     0.14 f
  u_core/core_i/ex_stage_i/alu_i/alu_div_i/ResReg_DP_reg[20]/D (SDFFARX1_RVT)
                                                          0.00 &     0.14 f
  data arrival time                                                  0.14

  clock clk_i (rise edge)                                 0.00       0.00
  clock network delay (ideal)                             0.00       0.00
  u_core/core_i/ex_stage_i/alu_i/alu_div_i/ResReg_DP_reg[20]/CLK (SDFFARX1_RVT)
                                                                     0.00 r
  clock reconvergence pessimism                           0.00       0.00
  clock uncertainty                                       0.10       0.10
  library hold time                                      -0.04       0.06
  data required time                                                 0.06
  ------------------------------------------------------------------------------
  data required time                                                 0.06
  data arrival time                                                 -0.14
  ------------------------------------------------------------------------------
  slack (MET)                                                        0.08


  Startpoint: u_core/core_i/if_stage_i/aligner_i/pc_q_reg[15]
               (rising edge-triggered flip-flop clocked by clk_i)
  Endpoint: u_core/core_i/if_stage_i/pc_id_o_reg[15]
               (rising edge-triggered flip-flop clocked by clk_i)
  Path Group: clk_i
  Path Type: min

  Point                                                   Incr       Path
  ------------------------------------------------------------------------------
  clock clk_i (rise edge)                                 0.00       0.00
  clock network delay (ideal)                             0.00       0.00
  u_core/core_i/if_stage_i/aligner_i/pc_q_reg[15]/CLK (SDFFARX1_RVT)
                                                          0.00       0.00 r
  u_core/core_i/if_stage_i/aligner_i/pc_q_reg[15]/Q (SDFFARX1_RVT)
                                                          0.10 &     0.10 f
  u_core/core_i/ZBUF_102_inst_2871/Y (NBUFFX2_HVT)        0.04 &     0.14 f
  u_core/core_i/if_stage_i/pc_id_o_reg[15]/D (SDFFARX1_RVT)
                                                          0.00 &     0.14 f
  data arrival time                                                  0.14

  clock clk_i (rise edge)                                 0.00       0.00
  clock network delay (ideal)                             0.00       0.00
  u_core/core_i/if_stage_i/pc_id_o_reg[15]/CLK (SDFFARX1_RVT)        0.00 r
  clock reconvergence pessimism                           0.00       0.00
  clock uncertainty                                       0.10       0.10
  library hold time                                      -0.04       0.06
  data required time                                                 0.06
  ------------------------------------------------------------------------------
  data required time                                                 0.06
  data arrival time                                                 -0.14
  ------------------------------------------------------------------------------
  slack (MET)                                                        0.08


  Startpoint: u_core/core_i/ex_stage_i/alu_i/alu_div_i/ResReg_DP_reg[20]
               (rising edge-triggered flip-flop clocked by clk_i)
  Endpoint: u_core/core_i/ex_stage_i/alu_i/alu_div_i/ResReg_DP_reg[19]
               (rising edge-triggered flip-flop clocked by clk_i)
  Path Group: clk_i
  Path Type: min

  Point                                                   Incr       Path
  ------------------------------------------------------------------------------
  clock clk_i (rise edge)                                 0.00       0.00
  clock network delay (ideal)                             0.00       0.00
  u_core/core_i/ex_stage_i/alu_i/alu_div_i/ResReg_DP_reg[20]/CLK (SDFFARX1_RVT)
                                                          0.00       0.00 r
  u_core/core_i/ex_stage_i/alu_i/alu_div_i/ResReg_DP_reg[20]/Q (SDFFARX1_RVT)
                                                          0.10 &     0.10 f
  u_core/core_i/U4356/Y (AND2X1_HVT)                      0.05 &     0.14 f
  u_core/core_i/ex_stage_i/alu_i/alu_div_i/ResReg_DP_reg[19]/D (SDFFARX1_RVT)
                                                          0.00 &     0.14 f
  data arrival time                                                  0.14

  clock clk_i (rise edge)                                 0.00       0.00
  clock network delay (ideal)                             0.00       0.00
  u_core/core_i/ex_stage_i/alu_i/alu_div_i/ResReg_DP_reg[19]/CLK (SDFFARX1_RVT)
                                                                     0.00 r
  clock reconvergence pessimism                           0.00       0.00
  clock uncertainty                                       0.10       0.10
  library hold time                                      -0.04       0.06
  data required time                                                 0.06
  ------------------------------------------------------------------------------
  data required time                                                 0.06
  data arrival time                                                 -0.14
  ------------------------------------------------------------------------------
  slack (MET)                                                        0.08


  Startpoint: u_core/core_i/if_stage_i/prefetch_buffer_i/fifo_i/mem_q_reg[0][23]
               (rising edge-triggered flip-flop clocked by clk_i)
  Endpoint: u_core/core_i/if_stage_i/prefetch_buffer_i/fifo_i/mem_q_reg[0][23]
               (rising edge-triggered flip-flop clocked by clk_i)
  Path Group: clk_i
  Path Type: min

  Point                                                   Incr       Path
  ------------------------------------------------------------------------------
  clock clk_i (rise edge)                                 0.00       0.00
  clock network delay (ideal)                             0.00       0.00
  u_core/core_i/if_stage_i/prefetch_buffer_i/fifo_i/mem_q_reg[0][23]/CLK (SDFFARX1_RVT)
                                                          0.00       0.00 r
  u_core/core_i/if_stage_i/prefetch_buffer_i/fifo_i/mem_q_reg[0][23]/Q (SDFFARX1_RVT)
                                                          0.10 &     0.10 f
  u_core/core_i/U5522/Y (AO22X1_HVT)                      0.05 &     0.15 f
  u_core/core_i/if_stage_i/prefetch_buffer_i/fifo_i/mem_q_reg[0][23]/D (SDFFARX1_RVT)
                                                          0.00 &     0.15 f
  data arrival time                                                  0.15

  clock clk_i (rise edge)                                 0.00       0.00
  clock network delay (ideal)                             0.00       0.00
  u_core/core_i/if_stage_i/prefetch_buffer_i/fifo_i/mem_q_reg[0][23]/CLK (SDFFARX1_RVT)
                                                                     0.00 r
  clock reconvergence pessimism                           0.00       0.00
  clock uncertainty                                       0.10       0.10
  library hold time                                      -0.04       0.06
  data required time                                                 0.06
  ------------------------------------------------------------------------------
  data required time                                                 0.06
  data arrival time                                                 -0.15
  ------------------------------------------------------------------------------
  slack (MET)                                                        0.08


  Startpoint: u_core/core_i/cs_registers_i/dscratch1_q_reg[18]
               (rising edge-triggered flip-flop clocked by clk_i)
  Endpoint: u_core/core_i/cs_registers_i/dscratch1_q_reg[18]
               (rising edge-triggered flip-flop clocked by clk_i)
  Path Group: clk_i
  Path Type: min

  Point                                                   Incr       Path
  ------------------------------------------------------------------------------
  clock clk_i (rise edge)                                 0.00       0.00
  clock network delay (ideal)                             0.00       0.00
  u_core/core_i/cs_registers_i/dscratch1_q_reg[18]/CLK (SDFFARX1_RVT)
                                                          0.00       0.00 r
  u_core/core_i/cs_registers_i/dscratch1_q_reg[18]/Q (SDFFARX1_RVT)
                                                          0.10 &     0.10 f
  u_core/core_i/cs_registers_i/U912/Y (AO22X1_HVT)        0.05 &     0.15 f
  u_core/core_i/cs_registers_i/dscratch1_q_reg[18]/D (SDFFARX1_RVT)
                                                          0.00 &     0.15 f
  data arrival time                                                  0.15

  clock clk_i (rise edge)                                 0.00       0.00
  clock network delay (ideal)                             0.00       0.00
  u_core/core_i/cs_registers_i/dscratch1_q_reg[18]/CLK (SDFFARX1_RVT)
                                                                     0.00 r
  clock reconvergence pessimism                           0.00       0.00
  clock uncertainty                                       0.10       0.10
  library hold time                                      -0.04       0.06
  data required time                                                 0.06
  ------------------------------------------------------------------------------
  data required time                                                 0.06
  data arrival time                                                 -0.15
  ------------------------------------------------------------------------------
  slack (MET)                                                        0.09


  Startpoint: u_core/core_i/if_stage_i/prefetch_buffer_i/fifo_i/mem_q_reg[0][7]
               (rising edge-triggered flip-flop clocked by clk_i)
  Endpoint: u_core/core_i/if_stage_i/prefetch_buffer_i/fifo_i/mem_q_reg[0][7]
               (rising edge-triggered flip-flop clocked by clk_i)
  Path Group: clk_i
  Path Type: min

  Point                                                   Incr       Path
  ------------------------------------------------------------------------------
  clock clk_i (rise edge)                                 0.00       0.00
  clock network delay (ideal)                             0.00       0.00
  u_core/core_i/if_stage_i/prefetch_buffer_i/fifo_i/mem_q_reg[0][7]/CLK (SDFFARX1_RVT)
                                                          0.00       0.00 r
  u_core/core_i/if_stage_i/prefetch_buffer_i/fifo_i/mem_q_reg[0][7]/Q (SDFFARX1_RVT)
                                                          0.10 &     0.10 f
  u_core/core_i/U5505/Y (AO22X1_HVT)                      0.05 &     0.15 f
  u_core/core_i/if_stage_i/prefetch_buffer_i/fifo_i/mem_q_reg[0][7]/D (SDFFARX1_RVT)
                                                          0.00 &     0.15 f
  data arrival time                                                  0.15

  clock clk_i (rise edge)                                 0.00       0.00
  clock network delay (ideal)                             0.00       0.00
  u_core/core_i/if_stage_i/prefetch_buffer_i/fifo_i/mem_q_reg[0][7]/CLK (SDFFARX1_RVT)
                                                                     0.00 r
  clock reconvergence pessimism                           0.00       0.00
  clock uncertainty                                       0.10       0.10
  library hold time                                      -0.04       0.06
  data required time                                                 0.06
  ------------------------------------------------------------------------------
  data required time                                                 0.06
  data arrival time                                                 -0.15
  ------------------------------------------------------------------------------
  slack (MET)                                                        0.09


  Startpoint: u_core/core_i/ex_stage_i/alu_i/alu_div_i/ResReg_DP_reg[26]
               (rising edge-triggered flip-flop clocked by clk_i)
  Endpoint: u_core/core_i/ex_stage_i/alu_i/alu_div_i/ResReg_DP_reg[25]
               (rising edge-triggered flip-flop clocked by clk_i)
  Path Group: clk_i
  Path Type: min

  Point                                                   Incr       Path
  ------------------------------------------------------------------------------
  clock clk_i (rise edge)                                 0.00       0.00
  clock network delay (ideal)                             0.00       0.00
  u_core/core_i/ex_stage_i/alu_i/alu_div_i/ResReg_DP_reg[26]/CLK (SDFFARX1_RVT)
                                                          0.00       0.00 r
  u_core/core_i/ex_stage_i/alu_i/alu_div_i/ResReg_DP_reg[26]/Q (SDFFARX1_RVT)
                                                          0.09 &     0.09 f
  u_core/core_i/U4350/Y (AND2X1_HVT)                      0.05 &     0.15 f
  u_core/core_i/ex_stage_i/alu_i/alu_div_i/ResReg_DP_reg[25]/D (SDFFARX1_RVT)
                                                          0.00 &     0.15 f
  data arrival time                                                  0.15

  clock clk_i (rise edge)                                 0.00       0.00
  clock network delay (ideal)                             0.00       0.00
  u_core/core_i/ex_stage_i/alu_i/alu_div_i/ResReg_DP_reg[25]/CLK (SDFFARX1_RVT)
                                                                     0.00 r
  clock reconvergence pessimism                           0.00       0.00
  clock uncertainty                                       0.10       0.10
  library hold time                                      -0.04       0.06
  data required time                                                 0.06
  ------------------------------------------------------------------------------
  data required time                                                 0.06
  data arrival time                                                 -0.15
  ------------------------------------------------------------------------------
  slack (MET)                                                        0.09


  Startpoint: u_core/core_i/cs_registers_i/dscratch0_q_reg[13]
               (rising edge-triggered flip-flop clocked by clk_i)
  Endpoint: u_core/core_i/cs_registers_i/dscratch0_q_reg[13]
               (rising edge-triggered flip-flop clocked by clk_i)
  Path Group: clk_i
  Path Type: min

  Point                                                   Incr       Path
  ------------------------------------------------------------------------------
  clock clk_i (rise edge)                                 0.00       0.00
  clock network delay (ideal)                             0.00       0.00
  u_core/core_i/cs_registers_i/dscratch0_q_reg[13]/CLK (SDFFARX1_RVT)
                                                          0.00       0.00 r
  u_core/core_i/cs_registers_i/dscratch0_q_reg[13]/Q (SDFFARX1_RVT)
                                                          0.10 &     0.10 f
  u_core/core_i/cs_registers_i/U604/Y (AO22X1_HVT)        0.05 &     0.15 f
  u_core/core_i/cs_registers_i/dscratch0_q_reg[13]/D (SDFFARX1_RVT)
                                                          0.00 &     0.15 f
  data arrival time                                                  0.15

  clock clk_i (rise edge)                                 0.00       0.00
  clock network delay (ideal)                             0.00       0.00
  u_core/core_i/cs_registers_i/dscratch0_q_reg[13]/CLK (SDFFARX1_RVT)
                                                                     0.00 r
  clock reconvergence pessimism                           0.00       0.00
  clock uncertainty                                       0.10       0.10
  library hold time                                      -0.04       0.06
  data required time                                                 0.06
  ------------------------------------------------------------------------------
  data required time                                                 0.06
  data arrival time                                                 -0.15
  ------------------------------------------------------------------------------
  slack (MET)                                                        0.09


  Startpoint: u_core/core_i/if_stage_i/prefetch_buffer_i/fifo_i/mem_q_reg[0][1]
               (rising edge-triggered flip-flop clocked by clk_i)
  Endpoint: u_core/core_i/if_stage_i/prefetch_buffer_i/fifo_i/mem_q_reg[0][1]
               (rising edge-triggered flip-flop clocked by clk_i)
  Path Group: clk_i
  Path Type: min

  Point                                                   Incr       Path
  ------------------------------------------------------------------------------
  clock clk_i (rise edge)                                 0.00       0.00
  clock network delay (ideal)                             0.00       0.00
  u_core/core_i/if_stage_i/prefetch_buffer_i/fifo_i/mem_q_reg[0][1]/CLK (SDFFARX1_RVT)
                                                          0.00       0.00 r
  u_core/core_i/if_stage_i/prefetch_buffer_i/fifo_i/mem_q_reg[0][1]/Q (SDFFARX1_RVT)
                                                          0.10 &     0.10 f
  u_core/core_i/U5499/Y (AO22X1_HVT)                      0.05 &     0.15 f
  u_core/core_i/if_stage_i/prefetch_buffer_i/fifo_i/mem_q_reg[0][1]/D (SDFFARX1_RVT)
                                                          0.00 &     0.15 f
  data arrival time                                                  0.15

  clock clk_i (rise edge)                                 0.00       0.00
  clock network delay (ideal)                             0.00       0.00
  u_core/core_i/if_stage_i/prefetch_buffer_i/fifo_i/mem_q_reg[0][1]/CLK (SDFFARX1_RVT)
                                                                     0.00 r
  clock reconvergence pessimism                           0.00       0.00
  clock uncertainty                                       0.10       0.10
  library hold time                                      -0.04       0.06
  data required time                                                 0.06
  ------------------------------------------------------------------------------
  data required time                                                 0.06
  data arrival time                                                 -0.15
  ------------------------------------------------------------------------------
  slack (MET)                                                        0.09

Warning: report_timing has satisfied the max_paths criteria. There are 2295 further endpoints which have paths of interest with slack less than   100.00 that were not considered when generating this report. (UITE-502)

1
