SKIP_INCLUDE_FILTER u_core/core_i/cs_registers_i/dcsr_q_reg[cause][8]/D
SKIP_INCLUDE_FILTER u_core/core_i/ex_stage_i/alu_i/alu_div_i/Cnt_DP_reg[1]/D
SKIP_INCLUDE_FILTER u_core/core_i/cs_registers_i/dcsr_q_reg[cause][7]/D
SKIP_INCLUDE_FILTER u_core/core_i/if_stage_i/prefetch_buffer_i/instruction_obi_i/gen_no_trans_stable.obi_addr_q_reg[20]/D
SKIP_INCLUDE_FILTER u_core/core_i/if_stage_i/prefetch_buffer_i/instruction_obi_i/gen_no_trans_stable.obi_addr_q_reg[27]/D
SKIP_INCLUDE_FILTER u_core/core_i/if_stage_i/prefetch_buffer_i/instruction_obi_i/gen_no_trans_stable.obi_addr_q_reg[21]/D
SKIP_INCLUDE_FILTER u_core/core_i/if_stage_i/prefetch_buffer_i/instruction_obi_i/gen_no_trans_stable.obi_addr_q_reg[23]/D
SKIP_INCLUDE_FILTER u_core/core_i/if_stage_i/prefetch_buffer_i/instruction_obi_i/gen_no_trans_stable.obi_addr_q_reg[19]/D
SKIP_INCLUDE_FILTER u_core/core_i/if_stage_i/prefetch_buffer_i/instruction_obi_i/gen_no_trans_stable.obi_addr_q_reg[18]/D
SKIP_INCLUDE_FILTER u_core/core_i/if_stage_i/prefetch_buffer_i/instruction_obi_i/gen_no_trans_stable.obi_addr_q_reg[22]/D
SKIP_INCLUDE_FILTER u_core/core_i/if_stage_i/prefetch_buffer_i/instruction_obi_i/gen_no_trans_stable.obi_addr_q_reg[25]/D
SKIP_INCLUDE_FILTER u_core/core_i/if_stage_i/prefetch_buffer_i/instruction_obi_i/gen_no_trans_stable.obi_addr_q_reg[26]/D
SKIP_INCLUDE_FILTER u_core/core_i/if_stage_i/prefetch_buffer_i/instruction_obi_i/gen_no_trans_stable.obi_addr_q_reg[24]/D
SKIP_INCLUDE_FILTER u_core/core_i/if_stage_i/prefetch_buffer_i/instruction_obi_i/gen_no_trans_stable.obi_addr_q_reg[29]/D
SKIP_INCLUDE_FILTER u_core/core_i/if_stage_i/prefetch_buffer_i/instruction_obi_i/gen_no_trans_stable.obi_addr_q_reg[31]/D
SKIP_INCLUDE_FILTER u_core/core_i/if_stage_i/prefetch_buffer_i/instruction_obi_i/gen_no_trans_stable.obi_addr_q_reg[28]/D
SKIP_INCLUDE_FILTER u_core/core_i/if_stage_i/prefetch_buffer_i/instruction_obi_i/gen_no_trans_stable.obi_addr_q_reg[30]/D
SKIP_INCLUDE_FILTER u_core/core_i/if_stage_i/prefetch_buffer_i/instruction_obi_i/gen_no_trans_stable.obi_addr_q_reg[14]/D
SKIP_INCLUDE_FILTER u_core/core_i/if_stage_i/prefetch_buffer_i/instruction_obi_i/gen_no_trans_stable.obi_addr_q_reg[16]/D
SKIP_INCLUDE_FILTER u_core/core_i/if_stage_i/prefetch_buffer_i/instruction_obi_i/gen_no_trans_stable.obi_addr_q_reg[15]/D
SKIP_INCLUDE_FILTER u_core/core_i/ex_stage_i/regfile_waddr_lsu_reg[0]/D
SKIP_INCLUDE_FILTER u_core/core_i/if_stage_i/prefetch_buffer_i/instruction_obi_i/gen_no_trans_stable.obi_addr_q_reg[13]/D
SKIP_INCLUDE_FILTER u_core/core_i/ex_stage_i/regfile_waddr_lsu_reg[1]/D
SKIP_INCLUDE_FILTER u_core/core_i/if_stage_i/prefetch_buffer_i/instruction_obi_i/gen_no_trans_stable.obi_addr_q_reg[17]/D
SKIP_INCLUDE_FILTER u_core/core_i/if_stage_i/prefetch_buffer_i/instruction_obi_i/gen_no_trans_stable.obi_addr_q_reg[12]/D
SKIP_INCLUDE_FILTER u_core/core_i/if_stage_i/prefetch_buffer_i/instruction_obi_i/gen_no_trans_stable.obi_addr_q_reg[11]/D
SKIP_INCLUDE_FILTER u_core/core_i/if_stage_i/prefetch_buffer_i/instruction_obi_i/gen_no_trans_stable.obi_addr_q_reg[10]/D
ADD_OK u_core/core_i/cs_registers_i/mhpmcounter_q_reg[2][0]/D _sel7
ADD_OK u_core/core_i/cs_registers_i/mhpmcounter_q_reg[3][0]/D _sel9
ADD_OK u_core/core_i/cs_registers_i/mhpmcounter_q_reg[0][0]/D _sel11
SKIP_INCLUDE_FILTER u_core/core_i/if_stage_i/prefetch_buffer_i/instruction_obi_i/gen_no_trans_stable.obi_addr_q_reg[8]/D
SKIP_INCLUDE_FILTER u_core/core_i/cs_registers_i/mcause_q_reg[0]/D
SKIP_INCLUDE_FILTER u_core/core_i/if_stage_i/prefetch_buffer_i/instruction_obi_i/gen_no_trans_stable.obi_addr_q_reg[9]/D
SKIP_INCLUDE_FILTER u_core/core_i/ex_stage_i/regfile_waddr_lsu_reg[3]/D
ADD_OK u_core/core_i/cs_registers_i/mhpmcounter_q_reg[2][33]/D _sel13
SKIP_INCLUDE_FILTER u_core/core_i/ex_stage_i/regfile_waddr_lsu_reg[4]/D
ADD_OK u_core/core_i/cs_registers_i/mhpmcounter_q_reg[2][36]/D _sel15
ADD_OK u_core/core_i/cs_registers_i/mhpmcounter_q_reg[2][34]/D _sel17
ADD_OK u_core/core_i/cs_registers_i/mhpmcounter_q_reg[2][55]/D _sel19
ADD_OK u_core/core_i/cs_registers_i/mhpmcounter_q_reg[2][35]/D _sel21
ADD_OK u_core/core_i/cs_registers_i/mhpmcounter_q_reg[2][32]/D _sel23
ADD_OK u_core/core_i/cs_registers_i/mhpmcounter_q_reg[2][63]/D _sel25
ADD_OK u_core/core_i/cs_registers_i/mhpmcounter_q_reg[2][57]/D _sel27
ADD_OK u_core/core_i/cs_registers_i/mhpmcounter_q_reg[2][56]/D _sel29
ADD_OK u_core/core_i/cs_registers_i/mhpmcounter_q_reg[2][58]/D _sel31
ADD_OK u_core/core_i/cs_registers_i/mhpmcounter_q_reg[2][59]/D _sel33
ADD_OK u_core/core_i/cs_registers_i/mhpmcounter_q_reg[2][54]/D _sel35
ADD_OK u_core/core_i/cs_registers_i/mhpmcounter_q_reg[2][62]/D _sel37
SKIP_INCLUDE_FILTER u_core/core_i/ex_stage_i/regfile_waddr_lsu_reg[2]/D
ADD_OK u_core/core_i/cs_registers_i/mhpmcounter_q_reg[2][60]/D _sel39
SKIP_INCLUDE_FILTER u_core/core_i/id_stage_i/mult_operand_a_ex_o_reg[31]/D
SKIP_INCLUDE_FILTER u_core/core_i/if_stage_i/prefetch_buffer_i/prefetch_controller_i/trans_addr_q_reg[29]/D
SKIP_INCLUDE_FILTER u_core/core_i/id_stage_i/mult_operand_a_ex_o_reg[5]/D
ADD_OK u_core/core_i/cs_registers_i/mhpmcounter_q_reg[2][61]/D _sel41
SKIP_INCLUDE_FILTER u_core/core_i/ex_stage_i/alu_i/alu_div_i/Cnt_DP_reg[2]/D
ADD_OK u_core/core_i/cs_registers_i/mhpmcounter_q_reg[0][1]/D _sel43
SKIP_INCLUDE_FILTER u_core/core_i/cs_registers_i/depc_q_reg[26]/D
SKIP_INCLUDE_FILTER u_core/core_i/cs_registers_i/depc_q_reg[23]/D
ADD_OK u_core/core_i/cs_registers_i/mhpmcounter_q_reg[2][1]/D _sel45
ADD_OK u_core/core_i/cs_registers_i/mhpmcounter_q_reg[3][1]/D _sel47
SKIP_INCLUDE_FILTER u_core/core_i/cs_registers_i/dcsr_q_reg[cause][6]/D
SKIP_INCLUDE_FILTER u_core/core_i/id_stage_i/mult_operand_a_ex_o_reg[16]/D
SKIP_INCLUDE_FILTER u_core/core_i/ex_stage_i/mult_i/mulh_CS_reg[0]/D
SKIP_INCLUDE_FILTER u_core/core_i/id_stage_i/mult_operand_a_ex_o_reg[19]/D
SKIP_INCLUDE_FILTER u_core/core_i/if_stage_i/prefetch_buffer_i/fifo_i/mem_q_reg[0][7]/D
SKIP_INCLUDE_FILTER u_core/core_i/if_stage_i/prefetch_buffer_i/fifo_i/mem_q_reg[0][1]/D
SKIP_INCLUDE_FILTER u_core/core_i/if_stage_i/prefetch_buffer_i/fifo_i/mem_q_reg[1][10]/D
SKIP_INCLUDE_FILTER u_core/core_i/if_stage_i/prefetch_buffer_i/fifo_i/mem_q_reg[0][23]/D
SKIP_INCLUDE_FILTER u_core/core_i/if_stage_i/prefetch_buffer_i/fifo_i/mem_q_reg[1][23]/D
SKIP_INCLUDE_FILTER u_core/core_i/if_stage_i/prefetch_buffer_i/fifo_i/mem_q_reg[1][14]/D
SKIP_INCLUDE_FILTER u_core/core_i/ex_stage_i/alu_i/alu_div_i/ResReg_DP_reg[10]/D
SKIP_INCLUDE_FILTER u_core/core_i/ex_stage_i/alu_i/alu_div_i/ResReg_DP_reg[28]/D
SKIP_INCLUDE_FILTER u_core/core_i/if_stage_i/prefetch_buffer_i/fifo_i/mem_q_reg[0][16]/D
ADD_OK u_core/core_i/cs_registers_i/mhpmcounter_q_reg[2][53]/D _sel49
SKIP_INCLUDE_FILTER u_core/core_i/ex_stage_i/alu_i/alu_div_i/ResReg_DP_reg[27]/D
SKIP_INCLUDE_FILTER u_core/core_i/if_stage_i/prefetch_buffer_i/fifo_i/mem_q_reg[0][6]/D
SKIP_INCLUDE_FILTER u_core/core_i/if_stage_i/prefetch_buffer_i/fifo_i/mem_q_reg[1][19]/D
SKIP_INCLUDE_FILTER u_core/core_i/if_stage_i/prefetch_buffer_i/fifo_i/mem_q_reg[0][8]/D
SKIP_INCLUDE_FILTER u_core/core_i/ex_stage_i/alu_i/alu_div_i/ResReg_DP_reg[19]/D
SKIP_INCLUDE_FILTER u_core/core_i/if_stage_i/prefetch_buffer_i/fifo_i/mem_q_reg[0][13]/D
SKIP_INCLUDE_FILTER u_core/core_i/if_stage_i/prefetch_buffer_i/fifo_i/mem_q_reg[1][31]/D
SKIP_INCLUDE_FILTER u_core/core_i/if_stage_i/prefetch_buffer_i/fifo_i/mem_q_reg[0][0]/D
SKIP_INCLUDE_FILTER u_core/core_i/if_stage_i/prefetch_buffer_i/fifo_i/mem_q_reg[1][6]/D
SKIP_INCLUDE_FILTER u_core/core_i/if_stage_i/prefetch_buffer_i/fifo_i/mem_q_reg[1][9]/D
SKIP_INCLUDE_FILTER u_core/core_i/if_stage_i/prefetch_buffer_i/instruction_obi_i/gen_no_trans_stable.obi_addr_q_reg[3]/D
SKIP_INCLUDE_FILTER u_core/core_i/if_stage_i/prefetch_buffer_i/prefetch_controller_i/state_q_reg/D
SKIP_INCLUDE_FILTER u_core/core_i/if_stage_i/prefetch_buffer_i/instruction_obi_i/gen_no_trans_stable.obi_addr_q_reg[4]/D
SKIP_INCLUDE_FILTER u_core/core_i/ex_stage_i/alu_i/alu_div_i/Cnt_DP_reg[0]/D
SKIP_INCLUDE_FILTER u_core/core_i/cs_registers_i/dscratch0_q_reg[13]/D
SKIP_INCLUDE_FILTER u_core/core_i/ex_stage_i/alu_i/alu_div_i/ResReg_DP_reg[20]/D
SKIP_INCLUDE_FILTER u_core/core_i/if_stage_i/prefetch_buffer_i/fifo_i/mem_q_reg[1][16]/D
SKIP_INCLUDE_FILTER u_core/core_i/if_stage_i/prefetch_buffer_i/fifo_i/mem_q_reg[0][5]/D
SKIP_INCLUDE_FILTER u_core/core_i/if_stage_i/prefetch_buffer_i/fifo_i/mem_q_reg[0][11]/D
SKIP_INCLUDE_FILTER u_core/core_i/if_stage_i/prefetch_buffer_i/fifo_i/mem_q_reg[1][21]/D
SKIP_INCLUDE_FILTER u_core/core_i/if_stage_i/prefetch_buffer_i/fifo_i/mem_q_reg[1][15]/D
SKIP_INCLUDE_FILTER u_core/core_i/if_stage_i/prefetch_buffer_i/fifo_i/mem_q_reg[0][9]/D
SKIP_INCLUDE_FILTER u_core/core_i/if_stage_i/prefetch_buffer_i/instruction_obi_i/gen_no_trans_stable.obi_addr_q_reg[5]/D
SKIP_INCLUDE_FILTER u_core/core_i/if_stage_i/prefetch_buffer_i/instruction_obi_i/gen_no_trans_stable.obi_addr_q_reg[2]/D
SKIP_INCLUDE_FILTER u_core/core_i/if_stage_i/prefetch_buffer_i/fifo_i/mem_q_reg[1][22]/D
SKIP_INCLUDE_FILTER u_core/core_i/cs_registers_i/dscratch1_q_reg[18]/D
SKIP_INCLUDE_FILTER u_core/core_i/if_stage_i/prefetch_buffer_i/fifo_i/mem_q_reg[0][10]/D
SKIP_INCLUDE_FILTER u_core/core_i/cs_registers_i/dscratch0_q_reg[14]/D
SKIP_INCLUDE_FILTER u_core/core_i/if_stage_i/prefetch_buffer_i/instruction_obi_i/gen_no_trans_stable.obi_addr_q_reg[6]/D
SKIP_INCLUDE_FILTER u_core/core_i/cs_registers_i/mscratch_q_reg[20]/D
SKIP_INCLUDE_FILTER u_core/core_i/if_stage_i/prefetch_buffer_i/fifo_i/mem_q_reg[1][7]/D
SKIP_INCLUDE_FILTER u_core/core_i/if_stage_i/prefetch_buffer_i/fifo_i/mem_q_reg[0][19]/D
ADD_OK u_core/core_i/cs_registers_i/mhpmcounter_q_reg[2][51]/D _sel51
SKIP_INCLUDE_FILTER u_core/core_i/if_stage_i/prefetch_buffer_i/fifo_i/mem_q_reg[0][3]/D
SKIP_INCLUDE_FILTER u_core/core_i/if_stage_i/prefetch_buffer_i/fifo_i/mem_q_reg[1][2]/D
SKIP_INCLUDE_FILTER u_core/core_i/if_stage_i/prefetch_buffer_i/fifo_i/mem_q_reg[0][25]/D
SKIP_INCLUDE_FILTER u_core/core_i/id_stage_i/mult_operand_a_ex_o_reg[25]/D
SKIP_INCLUDE_FILTER u_core/core_i/cs_registers_i/dscratch1_q_reg[28]/D
ADD_OK u_core/core_i/cs_registers_i/mhpmcounter_q_reg[2][50]/D _sel53
SKIP_INCLUDE_FILTER u_core/core_i/if_stage_i/prefetch_buffer_i/fifo_i/mem_q_reg[0][20]/D
ADD_OK u_core/core_i/cs_registers_i/mhpmcounter_q_reg[2][49]/D _sel55
ADD_OK u_core/core_i/cs_registers_i/mhpmcounter_q_reg[2][37]/D _sel57
SKIP_INCLUDE_FILTER u_core/core_i/if_stage_i/prefetch_buffer_i/instruction_obi_i/gen_no_trans_stable.obi_addr_q_reg[7]/D
ADD_OK u_core/core_i/cs_registers_i/mhpmcounter_q_reg[2][46]/D _sel59
SKIP_INCLUDE_FILTER u_core/core_i/cs_registers_i/dscratch1_q_reg[26]/D
SKIP_INCLUDE_FILTER u_core/core_i/if_stage_i/prefetch_buffer_i/fifo_i/mem_q_reg[0][24]/D
SKIP_INCLUDE_FILTER u_core/core_i/if_stage_i/prefetch_buffer_i/fifo_i/mem_q_reg[1][4]/D
SKIP_INCLUDE_FILTER u_core/core_i/cs_registers_i/mscratch_q_reg[18]/D
ADD_OK u_core/core_i/cs_registers_i/mhpmcounter_q_reg[2][40]/D _sel61
ADD_OK u_core/core_i/cs_registers_i/mhpmcounter_q_reg[2][31]/D _sel63
SKIP_INCLUDE_FILTER u_core/core_i/if_stage_i/prefetch_buffer_i/fifo_i/mem_q_reg[0][18]/D
SKIP_INCLUDE_FILTER u_core/core_i/cs_registers_i/depc_q_reg[22]/D
SKIP_INCLUDE_FILTER u_core/core_i/if_stage_i/prefetch_buffer_i/fifo_i/mem_q_reg[1][29]/D
SKIP_INCLUDE_FILTER u_core/core_i/cs_registers_i/dscratch1_q_reg[27]/D
SKIP_INCLUDE_FILTER u_core/core_i/if_stage_i/prefetch_buffer_i/fifo_i/mem_q_reg[1][25]/D
SKIP_INCLUDE_FILTER u_core/core_i/cs_registers_i/dscratch1_q_reg[8]/D
SKIP_INCLUDE_FILTER u_core/core_i/id_stage_i/mult_operand_a_ex_o_reg[22]/D
SKIP_INCLUDE_FILTER u_core/core_i/if_stage_i/prefetch_buffer_i/fifo_i/mem_q_reg[0][26]/D
SKIP_INCLUDE_FILTER u_core/core_i/if_stage_i/prefetch_buffer_i/fifo_i/mem_q_reg[0][22]/D
SKIP_INCLUDE_FILTER u_core/core_i/if_stage_i/prefetch_buffer_i/fifo_i/mem_q_reg[0][12]/D
SKIP_INCLUDE_FILTER u_core/core_i/cs_registers_i/depc_q_reg[19]/D
SKIP_INCLUDE_FILTER u_core/core_i/if_stage_i/prefetch_buffer_i/fifo_i/mem_q_reg[0][28]/D
SKIP_INCLUDE_FILTER u_core/core_i/ex_stage_i/alu_i/alu_div_i/ResReg_DP_reg[25]/D
SKIP_INCLUDE_FILTER u_core/core_i/if_stage_i/prefetch_buffer_i/fifo_i/mem_q_reg[1][30]/D
SKIP_INCLUDE_FILTER u_core/core_i/if_stage_i/prefetch_buffer_i/fifo_i/mem_q_reg[0][30]/D
SKIP_INCLUDE_FILTER u_core/core_i/if_stage_i/prefetch_buffer_i/fifo_i/mem_q_reg[1][0]/D
SKIP_INCLUDE_FILTER u_core/core_i/if_stage_i/prefetch_buffer_i/fifo_i/mem_q_reg[1][28]/D
SKIP_INCLUDE_FILTER u_core/core_i/if_stage_i/prefetch_buffer_i/fifo_i/mem_q_reg[1][13]/D
SKIP_INCLUDE_FILTER u_core/core_i/cs_registers_i/dscratch0_q_reg[31]/D
SKIP_INCLUDE_FILTER u_core/core_i/id_stage_i/mult_operand_a_ex_o_reg[23]/D
SKIP_INCLUDE_FILTER u_core/core_i/if_stage_i/prefetch_buffer_i/fifo_i/mem_q_reg[1][24]/D
SKIP_INCLUDE_FILTER u_core/core_i/if_stage_i/prefetch_buffer_i/fifo_i/mem_q_reg[1][26]/D
ADD_OK u_core/core_i/cs_registers_i/mhpmcounter_q_reg[2][38]/D _sel65
ADD_OK u_core/core_i/cs_registers_i/mhpmcounter_q_reg[2][43]/D _sel67
SKIP_INCLUDE_FILTER u_core/core_i/cs_registers_i/dscratch0_q_reg[17]/D
SKIP_INCLUDE_FILTER u_core/core_i/if_stage_i/prefetch_buffer_i/fifo_i/mem_q_reg[0][14]/D
SKIP_INCLUDE_FILTER u_core/core_i/ex_stage_i/alu_i/alu_div_i/ResReg_DP_reg[13]/D
SKIP_INCLUDE_FILTER u_core/core_i/cs_registers_i/dscratch1_q_reg[21]/D
SKIP_INCLUDE_FILTER u_core/core_i/id_stage_i/controller_i/debug_force_wakeup_q_reg/D
SKIP_INCLUDE_FILTER u_core/core_i/cs_registers_i/dscratch0_q_reg[12]/D
SKIP_INCLUDE_FILTER u_core/core_i/if_stage_i/prefetch_buffer_i/fifo_i/status_cnt_q_reg[0]/D
SKIP_INCLUDE_FILTER u_core/core_i/if_stage_i/prefetch_buffer_i/fifo_i/mem_q_reg[1][11]/D
SKIP_INCLUDE_FILTER u_core/core_i/ex_stage_i/alu_i/alu_div_i/ResReg_DP_reg[18]/D
SKIP_INCLUDE_FILTER u_core/core_i/if_stage_i/prefetch_buffer_i/fifo_i/mem_q_reg[0][15]/D
ADD_OK u_core/core_i/cs_registers_i/mhpmcounter_q_reg[2][26]/D _sel69
SKIP_INCLUDE_FILTER u_core/core_i/cs_registers_i/dscratch0_q_reg[5]/D
SKIP_INCLUDE_FILTER u_core/core_i/cs_registers_i/dscratch1_q_reg[24]/D
ADD_OK u_core/core_i/cs_registers_i/mhpmcounter_q_reg[2][48]/D _sel71
SKIP_INCLUDE_FILTER u_core/core_i/cs_registers_i/mscratch_q_reg[24]/D
SKIP_INCLUDE_FILTER u_core/core_i/ex_stage_i/alu_i/alu_div_i/ResReg_DP_reg[14]/D
SKIP_INCLUDE_FILTER u_core/core_i/id_stage_i/mult_operand_a_ex_o_reg[30]/D
SKIP_INCLUDE_FILTER u_core/core_i/cs_registers_i/depc_q_reg[14]/D
SKIP_INCLUDE_FILTER u_core/core_i/if_stage_i/prefetch_buffer_i/fifo_i/mem_q_reg[0][21]/D
ADD_OK u_core/core_i/cs_registers_i/mhpmcounter_q_reg[2][28]/D _sel73
SKIP_INCLUDE_FILTER u_core/core_i/cs_registers_i/dscratch1_q_reg[29]/D
ADD_OK u_core/core_i/cs_registers_i/mhpmcounter_q_reg[2][44]/D _sel75
SKIP_INCLUDE_FILTER u_core/core_i/if_stage_i/prefetch_buffer_i/fifo_i/mem_q_reg[1][1]/D
SKIP_INCLUDE_FILTER u_core/core_i/id_stage_i/mult_operand_a_ex_o_reg[27]/D
ADD_OK u_core/core_i/cs_registers_i/mhpmcounter_q_reg[2][30]/D _sel77
SKIP_INCLUDE_FILTER u_core/core_i/if_stage_i/prefetch_buffer_i/fifo_i/mem_q_reg[0][31]/D
SKIP_INCLUDE_FILTER u_core/core_i/cs_registers_i/mcause_q_reg[1]/D
SKIP_INCLUDE_FILTER u_core/core_i/if_stage_i/prefetch_buffer_i/fifo_i/mem_q_reg[1][3]/D
ADD_OK u_core/core_i/cs_registers_i/mhpmcounter_q_reg[2][23]/D _sel79
SKIP_INCLUDE_FILTER u_core/core_i/if_stage_i/prefetch_buffer_i/fifo_i/mem_q_reg[1][5]/D
ADD_OK u_core/core_i/cs_registers_i/mhpmcounter_q_reg[2][21]/D _sel81
SKIP_INCLUDE_FILTER u_core/core_i/cs_registers_i/dscratch1_q_reg[17]/D
SKIP_INCLUDE_FILTER u_core/core_i/ex_stage_i/alu_i/alu_div_i/ResReg_DP_reg[3]/D
SKIP_INCLUDE_FILTER u_core/core_i/cs_registers_i/dscratch1_q_reg[12]/D
SKIP_INCLUDE_FILTER u_core/core_i/cs_registers_i/mscratch_q_reg[28]/D
SKIP_INCLUDE_FILTER u_core/core_i/cs_registers_i/dscratch0_q_reg[25]/D
SKIP_INCLUDE_FILTER u_core/core_i/cs_registers_i/depc_q_reg[25]/D
SKIP_INCLUDE_FILTER u_core/core_i/cs_registers_i/dscratch1_q_reg[7]/D
SKIP_INCLUDE_FILTER u_core/core_i/if_stage_i/prefetch_buffer_i/fifo_i/mem_q_reg[0][27]/D
SKIP_INCLUDE_FILTER u_core/core_i/cs_registers_i/dscratch1_q_reg[16]/D
SKIP_INCLUDE_FILTER u_core/core_i/if_stage_i/prefetch_buffer_i/fifo_i/mem_q_reg[1][17]/D
SKIP_INCLUDE_FILTER u_core/core_i/cs_registers_i/mscratch_q_reg[13]/D
SKIP_INCLUDE_FILTER u_core/core_i/if_stage_i/prefetch_buffer_i/fifo_i/mem_q_reg[0][17]/D
SKIP_INCLUDE_FILTER u_core/core_i/cs_registers_i/mscratch_q_reg[26]/D
SKIP_INCLUDE_FILTER u_core/core_i/if_stage_i/prefetch_buffer_i/fifo_i/mem_q_reg[0][29]/D
SKIP_INCLUDE_FILTER u_core/core_i/if_stage_i/prefetch_buffer_i/fifo_i/mem_q_reg[1][12]/D
SKIP_INCLUDE_FILTER u_core/core_i/if_stage_i/prefetch_buffer_i/fifo_i/mem_q_reg[0][4]/D
ADD_OK u_core/core_i/cs_registers_i/mhpmcounter_q_reg[2][39]/D _sel83
SKIP_INCLUDE_FILTER u_core/core_i/cs_registers_i/dscratch0_q_reg[9]/D
SKIP_INCLUDE_FILTER u_core/core_i/ex_stage_i/alu_i/alu_div_i/ResReg_DP_reg[6]/D
ADD_OK u_core/core_i/cs_registers_i/mhpmcounter_q_reg[2][29]/D _sel85
SKIP_INCLUDE_FILTER u_core/core_i/ex_stage_i/alu_i/alu_div_i/ResReg_DP_reg[4]/D
SKIP_INCLUDE_FILTER u_core/core_i/cs_registers_i/dscratch1_q_reg[1]/D
SKIP_INCLUDE_FILTER u_core/core_i/cs_registers_i/dscratch0_q_reg[21]/D
ADD_OK u_core/core_i/cs_registers_i/mhpmcounter_q_reg[2][42]/D _sel87
SKIP_INCLUDE_FILTER u_core/core_i/if_stage_i/prefetch_buffer_i/fifo_i/mem_q_reg[1][18]/D
SKIP_INCLUDE_FILTER u_core/core_i/cs_registers_i/dscratch1_q_reg[0]/D
SKIP_INCLUDE_FILTER u_core/core_i/cs_registers_i/depc_q_reg[31]/D
SKIP_INCLUDE_FILTER u_core/core_i/if_stage_i/prefetch_buffer_i/fifo_i/mem_q_reg[1][8]/D
ADD_OK u_core/core_i/cs_registers_i/mhpmcounter_q_reg[2][22]/D _sel89
SKIP_INCLUDE_FILTER u_core/core_i/if_stage_i/prefetch_buffer_i/fifo_i/mem_q_reg[0][2]/D
SKIP_INCLUDE_FILTER u_core/core_i/cs_registers_i/dscratch1_q_reg[13]/D
SKIP_INCLUDE_FILTER u_core/core_i/cs_registers_i/dscratch0_q_reg[11]/D
ADD_OK u_core/core_i/cs_registers_i/mhpmcounter_q_reg[2][47]/D _sel91
SKIP_INCLUDE_FILTER u_core/core_i/cs_registers_i/dscratch0_q_reg[6]/D
SKIP_INCLUDE_FILTER u_core/core_i/cs_registers_i/dscratch1_q_reg[25]/D
SKIP_INCLUDE_FILTER u_core/core_i/cs_registers_i/dscratch0_q_reg[3]/D
SKIP_INCLUDE_FILTER u_core/core_i/id_stage_i/mult_operand_a_ex_o_reg[28]/D
SKIP_INCLUDE_FILTER u_core/core_i/cs_registers_i/dscratch0_q_reg[22]/D
SKIP_INCLUDE_FILTER u_core/core_i/cs_registers_i/depc_q_reg[24]/D
SKIP_INCLUDE_FILTER u_core/core_i/ex_stage_i/alu_i/alu_div_i/ResReg_DP_reg[7]/D
SKIP_INCLUDE_FILTER u_core/core_i/cs_registers_i/dscratch0_q_reg[4]/D
SKIP_INCLUDE_FILTER u_core/core_i/cs_registers_i/dscratch1_q_reg[9]/D
ADD_OK u_core/core_i/cs_registers_i/mhpmcounter_q_reg[2][52]/D _sel93
SKIP_INCLUDE_FILTER u_core/core_i/ex_stage_i/mult_i/mulh_CS_reg[2]/D
SKIP_INCLUDE_FILTER u_core/core_i/cs_registers_i/dscratch0_q_reg[15]/D
SKIP_INCLUDE_FILTER u_core/core_i/cs_registers_i/dscratch1_q_reg[6]/D
SKIP_INCLUDE_FILTER u_core/core_i/ex_stage_i/alu_i/alu_div_i/ResReg_DP_reg[17]/D
SKIP_INCLUDE_FILTER u_core/core_i/cs_registers_i/mscratch_q_reg[29]/D
SKIP_INCLUDE_FILTER u_core/core_i/cs_registers_i/depc_q_reg[16]/D
SKIP_INCLUDE_FILTER u_core/core_i/cs_registers_i/depc_q_reg[29]/D
SKIP_INCLUDE_FILTER u_core/core_i/ex_stage_i/alu_i/alu_div_i/ResReg_DP_reg[24]/D
SKIP_INCLUDE_FILTER u_core/core_i/cs_registers_i/dscratch1_q_reg[31]/D
SKIP_INCLUDE_FILTER u_core/core_i/if_stage_i/prefetch_buffer_i/fifo_i/mem_q_reg[1][20]/D
SKIP_INCLUDE_FILTER u_core/core_i/ex_stage_i/alu_i/alu_div_i/ResReg_DP_reg[15]/D
SKIP_INCLUDE_FILTER u_core/core_i/cs_registers_i/dscratch1_q_reg[14]/D
SKIP_INCLUDE_FILTER u_core/core_i/cs_registers_i/depc_q_reg[21]/D
SKIP_INCLUDE_FILTER u_core/core_i/cs_registers_i/depc_q_reg[28]/D
ADD_OK u_core/core_i/cs_registers_i/mhpmcounter_q_reg[2][27]/D _sel95
ADD_OK u_core/core_i/cs_registers_i/mhpmcounter_q_reg[2][24]/D _sel97
SKIP_INCLUDE_FILTER u_core/core_i/cs_registers_i/dscratch1_q_reg[10]/D
ADD_OK u_core/core_i/cs_registers_i/mhpmcounter_q_reg[2][45]/D _sel99
SKIP_INCLUDE_FILTER u_core/core_i/cs_registers_i/dscratch0_q_reg[1]/D
SKIP_INCLUDE_FILTER u_core/core_i/cs_registers_i/dscratch0_q_reg[10]/D
SKIP_INCLUDE_FILTER u_core/core_i/cs_registers_i/mscratch_q_reg[27]/D
SKIP_INCLUDE_FILTER u_core/core_i/cs_registers_i/mscratch_q_reg[21]/D
SKIP_INCLUDE_FILTER u_core/core_i/cs_registers_i/depc_q_reg[30]/D
SKIP_INCLUDE_FILTER u_core/core_i/cs_registers_i/dscratch1_q_reg[20]/D
ADD_OK u_core/core_i/cs_registers_i/mhpmcounter_q_reg[2][41]/D _sel101
SKIP_INCLUDE_FILTER u_core/core_i/cs_registers_i/dscratch0_q_reg[8]/D
SKIP_INCLUDE_FILTER u_core/core_i/cs_registers_i/dscratch0_q_reg[20]/D
SKIP_INCLUDE_FILTER u_core/core_i/if_stage_i/prefetch_buffer_i/fifo_i/mem_q_reg[1][27]/D
SKIP_INCLUDE_FILTER u_core/core_i/if_stage_i/prefetch_buffer_i/prefetch_controller_i/trans_addr_q_reg[31]/D
SKIP_INCLUDE_FILTER u_core/core_i/cs_registers_i/dscratch1_q_reg[23]/D
SKIP_INCLUDE_FILTER u_core/core_i/id_stage_i/mult_operand_a_ex_o_reg[29]/D
SKIP_INCLUDE_FILTER u_core/core_i/ex_stage_i/alu_i/alu_div_i/ResReg_DP_reg[2]/D
SKIP_INCLUDE_FILTER u_core/core_i/id_stage_i/mult_operand_a_ex_o_reg[24]/D
SKIP_INCLUDE_FILTER u_core/core_i/cs_registers_i/dscratch0_q_reg[28]/D
SKIP_INCLUDE_FILTER u_core/core_i/cs_registers_i/dscratch1_q_reg[19]/D
SKIP_INCLUDE_FILTER u_core/core_i/cs_registers_i/mtvec_q_reg[12]/D
ADD_OK u_core/core_i/cs_registers_i/mhpmcounter_q_reg[2][3]/D _sel103
SKIP_INCLUDE_FILTER u_core/core_i/cs_registers_i/dscratch0_q_reg[16]/D
SKIP_INCLUDE_FILTER u_core/core_i/cs_registers_i/dscratch1_q_reg[30]/D
SKIP_INCLUDE_FILTER u_core/core_i/cs_registers_i/dscratch0_q_reg[30]/D
SKIP_INCLUDE_FILTER u_core/core_i/cs_registers_i/depc_q_reg[27]/D
SKIP_INCLUDE_FILTER u_core/core_i/ex_stage_i/alu_i/alu_div_i/ResReg_DP_reg[16]/D
SKIP_INCLUDE_FILTER u_core/core_i/id_stage_i/controller_i/jump_done_q_reg/D
ADD_OK u_core/core_i/cs_registers_i/mhpmcounter_q_reg[2][2]/D _sel105
SKIP_INCLUDE_FILTER u_core/core_i/cs_registers_i/depc_q_reg[17]/D
SKIP_INCLUDE_FILTER u_core/core_i/id_stage_i/mult_operand_a_ex_o_reg[13]/D
