****************************************
Report : clock timing
        -type latency
        -launch
        -nworst 20
        -hold
Design : cv32e40p_synth_wrap
Version: W-2024.09-SP2
Date   : Fri May  8 15:22:18 2026
****************************************

  Mode: default
  Clock: clk_i

                                                 --- Latency ---
  Clock Pin                             Trans   Source   Offset  Network    Total            Corner
---------------------------------------------------------------------------------------------------
  u_core/core_i/sleep_unit_i/fetch_enable_q_reg/CLK
                                         0.03     0.00       --     0.05     0.05 rp-+      default
  u_core/core_i/id_stage_i/controller_i/debug_req_q_reg/CLK
                                         0.03     0.00       --     0.05     0.05 rp-+      default
  u_core/core_i/sleep_unit_i/core_busy_q_reg/CLK
                                         0.03     0.00       --     0.05     0.05 rp-+      default
  u_core/core_i/cs_registers_i/mstatus_q_reg[mpie]/CLK
                                         0.04     0.00       --     0.16     0.16 rp-+      default
  u_core/core_i/cs_registers_i/mstatus_q_reg[mie]/CLK
                                         0.04     0.00       --     0.16     0.16 rp-+      default
  u_core/core_i/id_stage_i/mhpmevent_branch_o_reg/CLK
                                         0.04     0.00       --     0.16     0.16 rp-+      default
  u_core/core_i/id_stage_i/regfile_alu_we_ex_o_reg/CLK
                                         0.04     0.00       --     0.16     0.16 rp-+      default
  u_core/core_i/if_stage_i/instr_valid_id_o_reg/CLK
                                         0.04     0.00       --     0.16     0.16 rp-+      default
  u_core/core_i/ex_stage_i/regfile_we_lsu_reg/CLK
                                         0.04     0.00       --     0.16     0.16 rp-+      default
  u_core/core_i/id_stage_i/mhpmevent_minstret_o_reg/CLK
                                         0.04     0.00       --     0.16     0.16 rp-+      default
  u_core/core_i/id_stage_i/mhpmevent_load_o_reg/CLK
                                         0.04     0.00       --     0.16     0.16 rp-+      default
  u_core/core_i/ex_stage_i/alu_i/alu_div_i/State_SP_reg[1]/CLK
                                         0.04     0.00       --     0.16     0.16 rp-+      default
  u_core/core_i/id_stage_i/mhpmevent_store_o_reg/CLK
                                         0.04     0.00       --     0.16     0.16 rp-+      default
  u_core/core_i/if_stage_i/prefetch_buffer_i/instruction_obi_i/state_q_reg/CLK
                                         0.04     0.00       --     0.16     0.16 rp-+      default
  u_core/core_i/id_stage_i/mhpmevent_ld_stall_o_reg/CLK
                                         0.04     0.00       --     0.16     0.16 rp-+      default
  u_core/core_i/id_stage_i/mhpmevent_jr_stall_o_reg/CLK
                                         0.04     0.00       --     0.16     0.16 rp-+      default
  u_core/core_i/id_stage_i/mhpmevent_jump_o_reg/CLK
                                         0.04     0.00       --     0.16     0.16 rp-+      default
  u_core/core_i/id_stage_i/mhpmevent_imiss_o_reg/CLK
                                         0.04     0.00       --     0.16     0.16 rp-+      default
  u_core/core_i/id_stage_i/mhpmevent_branch_taken_o_reg/CLK
                                         0.04     0.00       --     0.16     0.16 rp-+      default
  u_core/core_i/id_stage_i/mhpmevent_compressed_o_reg/CLK
                                         0.04     0.00       --     0.16     0.16 rp-+      default
---------------------------------------------------------------------------------------------------
1
