26 200-250,250-300 | Diff net spacing         | M1 (11)
23 100-150,050-100 | Needs fat contact        | M1 (11)-M2 (13)
20 200-250,200-250 | Off-grid                 | VIA1 (12)
20 200-250,200-250 | Off-grid                 | M2 (13)
15 200-250,250-300 | Needs fat contact        | M1 (11)-M2 (13)
14 150-200,200-250 | Off-grid                 | VIA1 (12)
13 150-200,200-250 | Off-grid                 | M2 (13)
12 150-200,250-300 | Needs fat contact        | M1 (11)-M2 (13)
11 250-300,100-150 | Diff net spacing         | M1 (11)
10 000-050,000-050 | Diff net spacing         | M1 (11)
9 250-300,250-300 | Needs fat contact        | M1 (11)-M2 (13)
9 250-300,150-200 | Diff net spacing         | M1 (11)
9 100-150,250-300 | Needs fat contact        | M1 (11)-M2 (13)
9 100-150,250-300 | Diff net spacing         | M1 (11)
9 100-150,050-100 | Diff net spacing         | M1 (11)
8 250-300,250-300 | Diff net spacing         | M1 (11)
8 100-150,200-250 | Off-grid                 | VIA1 (12)
8 100-150,200-250 | Off-grid                 | M2 (13)
6 250-300,200-250 | Needs fat contact        | M1 (11)-M2 (13)
6 200-250,200-250 | Diff net spacing         | M1 (11)
6 150-200,250-300 | Diff net spacing         | M1 (11)
6 000-050,250-300 | Needs fat contact        | M1 (11)-M2 (13)
6 000-050,050-100 | Needs fat contact        | M1 (11)-M2 (13)
5 250-300,100-150 | Off-grid                 | VIA1 (12)
5 250-300,100-150 | Off-grid                 | M2 (13)
4 250-300,250-300 | Off-grid                 | VIA1 (12)
4 200-250,000-050 | Off-grid                 | VIA1 (12)
4 200-250,000-050 | Off-grid                 | M2 (13)
4 150-200,200-250 | Needs fat contact        | M1 (11)-M2 (13)
4 000-050,250-300 | Off-grid                 | VIA1 (12)
4 000-050,250-300 | Off-grid                 | M2 (13)
4 000-050,150-200 | Needs fat contact        | M1 (11)-M2 (13)
3 250-300,250-300 | Off-grid                 | M2 (13)
3 250-300,200-250 | Less than minimum area   | M2 (13)
3 200-250,250-300 | Off-grid                 | VIA1 (12)
3 200-250,250-300 | Off-grid                 | M2 (13)
3 100-150,300-350 | Diff net spacing         | M1 (11)
3 100-150,250-300 | Less than minimum area   | M2 (13)
3 050-100,150-200 | Needs fat contact        | M1 (11)-M2 (13)
3 000-050,200-250 | Needs fat contact        | M1 (11)-M2 (13)
3 000-050,150-200 | Off-grid                 | VIA1 (12)
3 000-050,150-200 | Diff net spacing         | M1 (11)
2 250-300,200-250 | Diff net spacing         | M1 (11)
2 250-300,050-100 | Diff net spacing         | M2 (13)
2 250-300,050-100 | Diff net spacing         | M1 (11)
2 200-250,300-350 | Diff net spacing         | M1 (11)
2 200-250,250-300 | Short                    | M2 (13)
2 200-250,200-250 | Off-grid                 | M1 (11)
2 200-250,150-200 | Off-grid                 | VIA1 (12)
2 200-250,150-200 | Off-grid                 | M2 (13)
2 200-250,150-200 | Needs fat contact        | M1 (11)-M2 (13)
2 200-250,050-100 | Diff net spacing         | M1 (11)
2 150-200,200-250 | Diff net spacing         | M1 (11)
2 100-150,150-200 | Off-grid                 | VIA1 (12)
2 100-150,150-200 | Off-grid                 | M2 (13)
2 050-100,250-300 | Off-grid                 | VIA1 (12)
2 050-100,250-300 | Off-grid                 | M2 (13)
2 050-100,150-200 | Off-grid                 | VIA1 (12)
2 050-100,150-200 | Off-grid                 | M2 (13)
2 050-100,150-200 | Diff net spacing         | M1 (11)
2 000-050,250-300 | Diff net spacing         | M1 (11)
2 000-050,150-200 | Off-grid                 | M2 (13)
2 000-050,100-150 | Needs fat contact        | M1 (11)-M2 (13)
2 000-050,050-100 | Diff net spacing         | M1 (11)
1 300-350,200-250 | Short                    | M1 (11)
1 300-350,050-100 | Off-grid                 | VIA1 (12)
1 300-350,050-100 | Off-grid                 | M2 (13)
1 250-300,250-300 | Diff net spacing         | M2 (13)
1 250-300,200-250 | Off-grid                 | VIA1 (12)
1 250-300,200-250 | Off-grid                 | M2 (13)
1 250-300,100-150 | Needs fat contact        | M1 (11)-M2 (13)
1 250-300,050-100 | Needs fat contact        | M1 (11)-M2 (13)
1 200-250,250-300 | Less than minimum area   | M2 (13)
1 200-250,200-250 | Needs fat contact        | M1 (11)-M2 (13)
1 200-250,100-150 | Diff net spacing         | M1 (11)
1 200-250,050-100 | Off-grid                 | VIA1 (12)
1 200-250,050-100 | Off-grid                 | M2 (13)
1 150-200,300-350 | Diff net spacing         | M1 (11)
1 150-200,200-250 | Off-grid                 | M1 (11)
1 100-150,300-350 | Off-grid                 | VIA1 (12)
1 100-150,300-350 | Off-grid                 | M2 (13)
1 100-150,200-250 | Off-grid                 | M1 (11)
1 050-100,150-200 | Off-grid                 | M1 (11)
1 000-050,100-150 | Off-grid                 | VIA1 (12)
1 000-050,100-150 | Off-grid                 | M2 (13)
1 000-050,100-150 | Diff net spacing         | M1 (11)
1 000-050,000-050 | Off-grid                 | VIA1 (12)
1 000-050,000-050 | Off-grid                 | M2 (13)
1 000-050,000-050 | Needs fat contact        | M1 (11)-M2 (13)
