This files generated automatically by the ICC2 command check_pg_drc
=================
Error type:      insufficient space between two same-net metal-shapes
Violated rule:   Min-Spacing-On-Layer
Layer:           M1
Minimal spacing: 0.05
Actual  spacing: 0.032(west - east)
Spacing box:     {88.191 19.97} {88.223 20.055}
Shape #1:        box = {87.809 19.945} {88.191 20.055}
                 net = VDD
Shape #2:        box = {88.223 19.97} {88.273 20.68}
                 net = VDD
=================
Error type:      insufficient space between two same-net metal-shapes
Violated rule:   Min-Spacing-On-Layer
Layer:           M1
Minimal spacing: 0.05
Actual  spacing: 0.048(west - east)
Spacing box:     {188.191 21.642} {188.239 21.727}
Shape #1:        box = {187.809 21.617} {188.191 21.727}
                 net = VSS
Shape #2:        box = {188.239 21.642} {188.289 21.905}
                 net = VSS
=================
Error type:      insufficient space between two same-net metal-shapes
Violated rule:   Min-Spacing-On-Layer
Layer:           M1
Minimal spacing: 0.05
Actual  spacing: 0.016(west - east)
Spacing box:     {127.793 23.289} {127.809 23.374}
Shape #1:        box = {127.743 22.664} {127.793 23.374}
                 net = VDD
Shape #2:        box = {127.809 23.289} {128.191 23.399}
                 net = VDD
=================
Error type:      insufficient space between two same-net metal-shapes
Violated rule:   Min-Spacing-On-Layer
Layer:           M1
Minimal spacing: 0.05
Actual  spacing: 0.008(west - east)
Spacing box:     {47.801 33.321} {47.809 33.406}
Shape #1:        box = {47.751 33.012} {47.801 33.406}
                 net = VDD
Shape #2:        box = {47.809 33.321} {48.191 33.431}
                 net = VDD
=================
Error type:      insufficient space between two same-net metal-shapes
Violated rule:   Min-Spacing-On-Layer
Layer:           M1
Minimal spacing: 0.05
Actual  spacing: 0.016(west - east)
Spacing box:     {127.793 33.321} {127.809 33.406}
Shape #1:        box = {127.743 32.521} {127.793 33.406}
                 net = VDD
Shape #2:        box = {127.809 33.321} {128.191 33.431}
                 net = VDD
=================
Error type:      insufficient space between two same-net metal-shapes
Violated rule:   Min-Spacing-On-Layer
Layer:           M1
Minimal spacing: 0.05
Actual  spacing: 0.04(west - east)
Spacing box:     {167.769 33.321} {167.809 33.406}
Shape #1:        box = {167.719 32.696} {167.769 33.406}
                 net = VDD
Shape #2:        box = {167.809 33.321} {168.191 33.431}
                 net = VDD
=================
Error type:      insufficient space between two same-net metal-shapes
Violated rule:   Min-Spacing-On-Layer
Layer:           M1
Minimal spacing: 0.05
Actual  spacing: 0.008(west - east)
Spacing box:     {47.801 33.321} {47.809 33.431}
Shape #1:        box = {47.791 33.012} {47.801 34.056}
                 net = VDD
Shape #2:        box = {47.809 33.321} {48.191 33.431}
                 net = VDD
=================
Error type:      insufficient space between two same-net metal-shapes
Violated rule:   Min-Spacing-On-Layer
Layer:           M1
Minimal spacing: 0.05
Actual  spacing: 0.008(west - east)
Spacing box:     {47.801 33.321} {47.809 33.406}
Shape #1:        box = {47.751 33.012} {47.801 33.406}
                 net = VDD
Shape #2:        box = {47.809 33.321} {47.841 34.056}
                 net = VDD
=================
Error type:      insufficient space between two same-net metal-shapes
Violated rule:   Min-Spacing-On-Layer
Layer:           M1
Minimal spacing: 0.05
Actual  spacing: 0.008(west - east)
Spacing box:     {47.801 33.321} {47.809 34.056}
Shape #1:        box = {47.791 33.012} {47.801 34.056}
                 net = VDD
Shape #2:        box = {47.809 33.321} {47.841 34.056}
                 net = VDD
=================
Error type:      insufficient space between two same-net metal-shapes
Violated rule:   Min-Spacing-On-Layer
Layer:           M1
Minimal spacing: 0.05
Actual  spacing: 0.048(west - east)
Spacing box:     {188.191 41.681} {188.239 41.766}
Shape #1:        box = {187.809 41.681} {188.191 41.791}
                 net = VSS
Shape #2:        box = {188.239 41.326} {188.289 41.766}
                 net = VSS
=================
Error type:      insufficient space between two same-net metal-shapes
Violated rule:   Min-Spacing-On-Layer
Layer:           M1
Minimal spacing: 0.05
Actual  spacing: 0.008(west - east)
Spacing box:     {128.191 43.378} {128.199 43.463}
Shape #1:        box = {127.809 43.353} {128.191 43.463}
                 net = VDD
Shape #2:        box = {128.199 43.378} {128.249 44.088}
                 net = VDD
=================
Error type:      insufficient space between two same-net metal-shapes
Violated rule:   Min-Spacing-On-Layer
Layer:           M1
Minimal spacing: 0.05
Actual  spacing: 0.032(west - east)
Spacing box:     {88.191 46.697} {88.223 46.782}
Shape #1:        box = {87.809 46.697} {88.191 46.807}
                 net = VDD
Shape #2:        box = {88.223 46.072} {88.273 46.782}
                 net = VDD
=================
Error type:      insufficient space between two same-net metal-shapes
Violated rule:   Min-Spacing-On-Layer
Layer:           M1
Minimal spacing: 0.05
Actual  spacing: 0.04(west - east)
Spacing box:     {167.769 46.697} {167.809 46.782}
Shape #1:        box = {167.719 46.072} {167.769 46.782}
                 net = VDD
Shape #2:        box = {167.809 46.697} {168.191 46.807}
                 net = VDD
=================
Error type:      insufficient space between two same-net metal-shapes
Violated rule:   Min-Spacing-On-Layer
Layer:           M1
Minimal spacing: 0.05
Actual  spacing: 0.016(west - east)
Spacing box:     {127.793 50.041} {127.809 50.151}
Shape #1:        box = {127.743 49.664} {127.793 50.776}
                 net = VDD
Shape #2:        box = {127.809 50.041} {128.191 50.151}
                 net = VDD
=================
Error type:      insufficient space between two same-net metal-shapes
Violated rule:   Min-Spacing-On-Layer
Layer:           M1
Minimal spacing: 0.05
Actual  spacing: 0.016(west - east)
Spacing box:     {127.793 63.442} {127.809 63.527}
Shape #1:        box = {127.743 63.442} {127.793 64.152}
                 net = VDD
Shape #2:        box = {127.809 63.417} {128.191 63.527}
                 net = VDD
=================
Error type:      insufficient space between two same-net metal-shapes
Violated rule:   Min-Spacing-On-Layer
Layer:           M1
Minimal spacing: 0.05
Actual  spacing: 0.008(west - east)
Spacing box:     {128.191 70.13} {128.199 70.215}
Shape #1:        box = {127.809 70.105} {128.191 70.215}
                 net = VDD
Shape #2:        box = {128.199 70.13} {128.249 70.736}
                 net = VDD
=================
Error type:      insufficient space between two same-net metal-shapes
Violated rule:   Min-Spacing-On-Layer
Layer:           M1
Minimal spacing: 0.05
Actual  spacing: 0.008(west - east)
Spacing box:     {128.191 73.474} {128.199 73.559}
Shape #1:        box = {127.809 73.449} {128.191 73.559}
                 net = VDD
Shape #2:        box = {128.199 73.474} {128.249 74.08}
                 net = VDD
=================
Error type:      insufficient space between two same-net metal-shapes
Violated rule:   Min-Spacing-On-Layer
Layer:           M1
Minimal spacing: 0.05
Actual  spacing: 0.048(west - east)
Spacing box:     {188.191 78.465} {188.239 78.55}
Shape #1:        box = {187.809 78.465} {188.191 78.575}
                 net = VSS
Shape #2:        box = {188.239 78.11} {188.289 78.55}
                 net = VSS
=================
Error type:      insufficient space between two same-net metal-shapes
Violated rule:   Min-Spacing-On-Layer
Layer:           M1
Minimal spacing: 0.05
Actual  spacing: 0.048(west - east)
Spacing box:     {188.191 88.522} {188.239 88.607}
Shape #1:        box = {187.809 88.497} {188.191 88.607}
                 net = VSS
Shape #2:        box = {188.239 88.522} {188.289 88.965}
                 net = VSS
=================
Error type:      insufficient space between two same-net metal-shapes
Violated rule:   Min-Spacing-On-Layer
Layer:           M1
Minimal spacing: 0.05
Actual  spacing: 0.048(west - east)
Spacing box:     {188.191 91.866} {188.239 91.951}
Shape #1:        box = {187.809 91.841} {188.191 91.951}
                 net = VSS
Shape #2:        box = {188.239 91.866} {188.289 92.306}
                 net = VSS
=================
Error type:      insufficient space between two same-net metal-shapes
Violated rule:   Min-Spacing-On-Layer
Layer:           M1
Minimal spacing: 0.05
Actual  spacing: 0.016(west - east)
Spacing box:     {127.793 93.513} {127.809 93.598}
Shape #1:        box = {127.743 92.873} {127.793 93.598}
                 net = VDD
Shape #2:        box = {127.809 93.513} {128.191 93.623}
                 net = VDD
=================
Error type:      insufficient space between two same-net metal-shapes
Violated rule:   Min-Spacing-On-Layer
Layer:           M1
Minimal spacing: 0.05
Actual  spacing: 0.032(west - east)
Spacing box:     {88.191 93.538} {88.223 93.623}
Shape #1:        box = {87.809 93.513} {88.191 93.623}
                 net = VDD
Shape #2:        box = {88.223 93.538} {88.273 94.144}
                 net = VDD
=================
Error type:      insufficient space between two same-net metal-shapes
Violated rule:   Min-Spacing-On-Layer
Layer:           M1
Minimal spacing: 0.05
Actual  spacing: 0.048(west - east)
Spacing box:     {188.191 98.529} {188.239 98.614}
Shape #1:        box = {187.809 98.529} {188.191 98.639}
                 net = VSS
Shape #2:        box = {188.239 98.174} {188.289 98.614}
                 net = VSS
=================
Error type:      insufficient space between two same-net metal-shapes
Violated rule:   Min-Spacing-On-Layer
Layer:           M1
Minimal spacing: 0.05
Actual  spacing: 0.04(west - east)
Spacing box:     {167.769 123.609} {167.809 123.694}
Shape #1:        box = {167.719 122.969} {167.769 123.694}
                 net = VDD
Shape #2:        box = {167.809 123.609} {168.191 123.719}
                 net = VDD
=================
Error type:      insufficient space between two same-net metal-shapes
Violated rule:   Min-Spacing-On-Layer
Layer:           M1
Minimal spacing: 0.05
Actual  spacing: 0.04(west - east)
Spacing box:     {167.769 133.666} {167.809 133.751}
Shape #1:        box = {167.719 133.666} {167.769 134.36}
                 net = VDD
Shape #2:        box = {167.809 133.641} {168.191 133.751}
                 net = VDD
=================
Error type:      insufficient space between two same-net metal-shapes
Violated rule:   Min-Spacing-On-Layer
Layer:           M1
Minimal spacing: 0.05
Actual  spacing: 0.008(west - east)
Spacing box:     {128.191 136.985} {128.199 137.07}
Shape #1:        box = {127.809 136.985} {128.191 137.095}
                 net = VDD
Shape #2:        box = {128.199 136.345} {128.249 137.07}
                 net = VDD
=================
Error type:      insufficient space between two same-net metal-shapes
Violated rule:   Min-Spacing-On-Layer
Layer:           M1
Minimal spacing: 0.05
Actual  spacing: 0.048(west - east)
Spacing box:     {188.191 138.682} {188.239 138.767}
Shape #1:        box = {187.809 138.657} {188.191 138.767}
                 net = VSS
Shape #2:        box = {188.239 138.682} {188.289 139.122}
                 net = VSS
=================
Error type:      insufficient space between two same-net metal-shapes
Violated rule:   Min-Spacing-On-Layer
Layer:           M1
Minimal spacing: 0.05
Actual  spacing: 0.032(west - east)
Spacing box:     {88.191 147.017} {88.223 147.102}
Shape #1:        box = {87.809 147.017} {88.191 147.127}
                 net = VDD
Shape #2:        box = {88.223 146.377} {88.273 147.102}
                 net = VDD
=================
Error type:      insufficient space between two same-net metal-shapes
Violated rule:   Min-Spacing-On-Layer
Layer:           M1
Minimal spacing: 0.05
Actual  spacing: 0.032(west - east)
Spacing box:     {88.191 157.074} {88.223 157.159}
Shape #1:        box = {87.809 157.049} {88.191 157.159}
                 net = VDD
Shape #2:        box = {88.223 157.074} {88.273 157.784}
                 net = VDD
=================
Error type:      insufficient space between two same-net metal-shapes
Violated rule:   Min-Spacing-On-Layer
Layer:           M1
Minimal spacing: 0.05
Actual  spacing: 0.048(west - east)
Spacing box:     {188.191 162.09} {188.239 162.175}
Shape #1:        box = {187.809 162.065} {188.191 162.175}
                 net = VSS
Shape #2:        box = {188.239 162.09} {188.289 162.53}
                 net = VSS
=================
Error type:      insufficient space between two same-net metal-shapes
Violated rule:   Min-Spacing-On-Layer
Layer:           M1
Minimal spacing: 0.05
Actual  spacing: 0.032(west - east)
Spacing box:     {87.777 163.762} {87.809 163.847}
Shape #1:        box = {87.727 163.762} {87.777 164.156}
                 net = VDD
Shape #2:        box = {87.809 163.737} {88.191 163.847}
                 net = VDD
=================
Error type:      insufficient space between two same-net metal-shapes
Violated rule:   Min-Spacing-On-Layer
Layer:           M1
Minimal spacing: 0.05
Actual  spacing: 0.04(west - east)
Spacing box:     {167.769 167.081} {167.809 167.166}
Shape #1:        box = {167.719 166.281} {167.769 167.166}
                 net = VDD
Shape #2:        box = {167.809 167.081} {168.191 167.191}
                 net = VDD
=================
Error type:      insufficient space between two same-net metal-shapes
Violated rule:   Min-Spacing-On-Layer
Layer:           M1
Minimal spacing: 0.05
Actual  spacing: 0.048(west - east)
Spacing box:     {188.191 172.097} {188.239 172.182}
Shape #1:        box = {187.809 172.097} {188.191 172.207}
                 net = VSS
Shape #2:        box = {188.239 171.742} {188.289 172.182}
                 net = VSS
=================
Error type:      insufficient space between two same-net metal-shapes
Violated rule:   Min-Spacing-On-Layer
Layer:           M1
Minimal spacing: 0.05
Actual  spacing: 0.039(west - east)
Spacing box:     {167.77 173.769} {167.809 173.854}
Shape #1:        box = {167.72 173.313} {167.77 173.854}
                 net = VDD
Shape #2:        box = {167.809 173.769} {168.191 173.879}
                 net = VDD
=================
Error type:      insufficient space between two same-net metal-shapes
Violated rule:   Min-Spacing-On-Layer
Layer:           M1
Minimal spacing: 0.05
Actual  spacing: 0.016(west - east)
Spacing box:     {127.793 177.113} {127.809 177.198}
Shape #1:        box = {127.743 176.592} {127.793 177.198}
                 net = VDD
Shape #2:        box = {127.809 177.113} {128.191 177.223}
                 net = VDD
=================
Error type:      insufficient space between two same-net metal-shapes
Violated rule:   Min-Spacing-On-Layer
Layer:           M1
Minimal spacing: 0.05
Actual  spacing: 0.008(west - east)
Spacing box:     {188.191 182.129} {188.199 182.214}
Shape #1:        box = {187.809 182.129} {188.191 182.239}
                 net = VSS
Shape #2:        box = {188.199 181.936} {188.249 182.214}
                 net = VSS
=================
Error type:      insufficient space between two same-net metal-shapes
Violated rule:   Min-Spacing-On-Layer
Layer:           M1
Minimal spacing: 0.05
Actual  spacing: 0.008(west - east)
Spacing box:     {128.191 187.145} {128.199 187.23}
Shape #1:        box = {127.809 187.145} {128.191 187.255}
                 net = VDD
Shape #2:        box = {128.199 186.52} {128.249 187.23}
                 net = VDD
=================
Error type:      insufficient space between two same-net metal-shapes
Violated rule:   Min-Spacing-On-Layer
Layer:           M1
Minimal spacing: 0.05
Actual  spacing: 0.032(west - east)
Spacing box:     {88.191 203.865} {88.223 203.95}
Shape #1:        box = {87.809 203.865} {88.191 203.975}
                 net = VDD
Shape #2:        box = {88.223 203.344} {88.273 203.95}
                 net = VDD
=================
Error type:      insufficient space between two same-net metal-shapes
Violated rule:   Min-Spacing-On-Layer
Layer:           M1
Minimal spacing: 0.05
Actual  spacing: 0.016(west - east)
Spacing box:     {127.793 210.553} {127.809 210.638}
Shape #1:        box = {127.743 210.374} {127.793 210.638}
                 net = VDD
Shape #2:        box = {127.809 210.553} {128.191 210.663}
                 net = VDD
=================
Error type:      insufficient space between two same-net metal-shapes
Violated rule:   Min-Spacing-On-Layer
Layer:           M1
Minimal spacing: 0.05
Actual  spacing: 0.016(west - east)
Spacing box:     {127.793 217.241} {127.809 217.326}
Shape #1:        box = {127.743 217.064} {127.793 217.326}
                 net = VDD
Shape #2:        box = {127.809 217.241} {128.191 217.351}
                 net = VDD
=================
Error type:      insufficient space between two same-net metal-shapes
Violated rule:   Min-Spacing-On-Layer
Layer:           M1
Minimal spacing: 0.05
Actual  spacing: 0.008(west - east)
Spacing box:     {47.801 217.266} {47.809 217.351}
Shape #1:        box = {47.751 217.266} {47.801 217.66}
                 net = VDD
Shape #2:        box = {47.809 217.241} {48.191 217.351}
                 net = VDD
=================
Error type:      insufficient space between two same-net metal-shapes
Violated rule:   Min-Spacing-On-Layer
Layer:           M1
Minimal spacing: 0.05
Actual  spacing: 0.032(west - east)
Spacing box:     {88.191 223.954} {88.223 224.039}
Shape #1:        box = {87.809 223.929} {88.191 224.039}
                 net = VDD
Shape #2:        box = {88.223 223.954} {88.273 224.664}
                 net = VDD
=================
Error type:      insufficient space between two same-net metal-shapes
Violated rule:   Min-Spacing-On-Layer
Layer:           M1
Minimal spacing: 0.05
Actual  spacing: 0.048(west - east)
Spacing box:     {188.191 232.314} {188.239 232.399}
Shape #1:        box = {187.809 232.289} {188.191 232.399}
                 net = VSS
Shape #2:        box = {188.239 232.314} {188.289 232.547}
                 net = VSS
=================
Error type:      insufficient space between two same-net metal-shapes
Violated rule:   Min-Spacing-On-Layer
Layer:           M1
Minimal spacing: 0.05
Actual  spacing: 0.048(west - east)
Spacing box:     {188.191 242.321} {188.239 242.406}
Shape #1:        box = {187.809 242.321} {188.191 242.431}
                 net = VSS
Shape #2:        box = {188.239 241.966} {188.289 242.406}
                 net = VSS
=================
Error type:      insufficient space between two same-net metal-shapes
Violated rule:   Min-Spacing-On-Layer
Layer:           M1
Minimal spacing: 0.05
Actual  spacing: 0.048(west - east)
Spacing box:     {188.191 249.009} {188.239 249.094}
Shape #1:        box = {187.809 249.009} {188.191 249.119}
                 net = VSS
Shape #2:        box = {188.239 248.591} {188.289 249.094}
                 net = VSS
=================
Error type:      insufficient space between two same-net metal-shapes
Violated rule:   Min-Spacing-On-Layer
Layer:           M1
Minimal spacing: 0.05
Actual  spacing: 0.008(west - east)
Spacing box:     {128.191 264.082} {128.199 264.167}
Shape #1:        box = {127.809 264.057} {128.191 264.167}
                 net = VDD
Shape #2:        box = {128.199 264.082} {128.249 264.344}
                 net = VDD
=================
Error type:      insufficient space between two same-net metal-shapes
Violated rule:   Min-Spacing-On-Layer
Layer:           M1
Minimal spacing: 0.05
Actual  spacing: 0.044(west - east)
Spacing box:     {147.765 265.754} {147.809 265.839}
Shape #1:        box = {147.715 265.754} {147.765 265.971}
                 net = VSS
Shape #2:        box = {147.809 265.729} {148.191 265.839}
                 net = VSS
=================
Error type:      insufficient space between two same-net metal-shapes
Violated rule:   Min-Spacing-On-Layer
Layer:           M1
Minimal spacing: 0.05
Actual  spacing: 0.008(west - east)
Spacing box:     {128.191 267.426} {128.199 267.511}
Shape #1:        box = {127.809 267.401} {128.191 267.511}
                 net = VDD
Shape #2:        box = {128.199 267.426} {128.249 267.885}
                 net = VDD
=================
Error type:      insufficient space between two same-net metal-shapes
Violated rule:   Min-Spacing-On-Layer
Layer:           M1
Minimal spacing: 0.05
Actual  spacing: 0.016(west - east)
Spacing box:     {127.793 267.426} {127.809 267.511}
Shape #1:        box = {127.743 267.426} {127.793 267.995}
                 net = VDD
Shape #2:        box = {127.809 267.401} {128.191 267.511}
                 net = VDD
=================
Error type:      insufficient space between two same-net metal-shapes
Violated rule:   Min-Spacing-On-Layer
Layer:           M1
Minimal spacing: 0.05
Actual  spacing: 0.016(west - east)
Spacing box:     {127.793 270.77} {127.809 270.855}
Shape #1:        box = {127.743 270.77} {127.793 271.032}
                 net = VDD
Shape #2:        box = {127.809 270.745} {128.191 270.855}
                 net = VDD
=================
Error type:      insufficient space between two same-net metal-shapes
Violated rule:   Min-Spacing-On-Layer
Layer:           M1
Minimal spacing: 0.05
Actual  spacing: 0.008(west - east)
Spacing box:     {128.191 277.433} {128.199 277.518}
Shape #1:        box = {127.809 277.433} {128.191 277.543}
                 net = VDD
Shape #2:        box = {128.199 277.256} {128.249 277.518}
                 net = VDD
=================
Error type:      insufficient space between two same-net metal-shapes
Violated rule:   Min-Spacing-On-Layer
Layer:           M1
Minimal spacing: 0.05
Actual  spacing: 0.0437(northwest - southeast)
Spacing box:     {148.191 279.062} {148.199 279.105}
Shape #1:        box = {147.809 279.105} {148.191 279.215}
                 net = VSS
Shape #2:        box = {148.199 278.84} {148.249 279.062}
                 net = VSS
=================
Error type:      insufficient space between two same-net metal-shapes
Violated rule:   Min-Spacing-On-Layer
Layer:           M1
Minimal spacing: 0.05
Actual  spacing: 0.0437(northwest - southeast)
Spacing box:     {148.191 279.062} {148.199 279.105}
Shape #1:        box = {147.809 279.105} {148.191 279.215}
                 net = VSS
Shape #2:        box = {148.199 279.012} {148.617 279.062}
                 net = VSS
=================
Error type:      insufficient space between two same-net metal-shapes
Violated rule:   Min-Spacing-On-Layer
Layer:           M1
Minimal spacing: 0.05
Actual  spacing: 0.016(west - east)
Spacing box:     {127.793 280.777} {127.809 280.862}
Shape #1:        box = {127.743 280.6} {127.793 280.862}
                 net = VDD
Shape #2:        box = {127.809 280.777} {128.191 280.887}
                 net = VDD
=================
Error type:      insufficient space between two same-net metal-shapes
Violated rule:   Min-Spacing-On-Layer
Layer:           M1
Minimal spacing: 0.05
Actual  spacing: 0.016(west - east)
Spacing box:     {127.793 287.49} {127.809 287.575}
Shape #1:        box = {127.743 287.49} {127.793 287.869}
                 net = VDD
Shape #2:        box = {127.809 287.465} {128.191 287.575}
                 net = VDD
=================
Error type:      insufficient space between two same-net metal-shapes
Violated rule:   Min-Spacing-On-Layer
Layer:           M1
Minimal spacing: 0.05
Actual  spacing: 0.016(west - east)
Spacing box:     {127.793 294.153} {127.809 294.238}
Shape #1:        box = {127.743 293.97} {127.793 294.238}
                 net = VDD
Shape #2:        box = {127.809 294.153} {128.191 294.263}
                 net = VDD
=================
Error type:      insufficient space between two same-net metal-shapes
Violated rule:   Min-Spacing-On-Layer
Layer:           M1
Minimal spacing: 0.05
Actual  spacing: 0.04(west - east)
Spacing box:     {167.769 297.497} {167.809 297.582}
Shape #1:        box = {167.719 296.872} {167.769 297.582}
                 net = VDD
Shape #2:        box = {167.809 297.497} {168.191 297.607}
                 net = VDD
=================
Error type:      insufficient space between two same-net metal-shapes
Violated rule:   Min-Spacing-On-Layer
Layer:           M1
Minimal spacing: 0.05
Actual  spacing: 0.024(west - east)
Spacing box:     {267.785 34.993} {267.809 35.078}
Shape #1:        box = {267.735 34.815} {267.785 35.078}
                 net = VSS
Shape #2:        box = {267.809 34.993} {268.191 35.103}
                 net = VSS
=================
Error type:      insufficient space between two same-net metal-shapes
Violated rule:   Min-Spacing-On-Layer
Layer:           M1
Minimal spacing: 0.05
Actual  spacing: 0.024(west - east)
Spacing box:     {267.785 41.681} {267.809 41.766}
Shape #1:        box = {267.735 41.326} {267.785 41.766}
                 net = VSS
Shape #2:        box = {267.809 41.681} {268.191 41.791}
                 net = VSS
=================
Error type:      insufficient space between two same-net metal-shapes
Violated rule:   Min-Spacing-On-Layer
Layer:           M1
Minimal spacing: 0.05
Actual  spacing: 0.024(west - east)
Spacing box:     {267.785 55.082} {267.809 55.167}
Shape #1:        box = {267.735 55.082} {267.785 55.345}
                 net = VSS
Shape #2:        box = {267.809 55.057} {268.191 55.167}
                 net = VSS
=================
Error type:      insufficient space between two same-net metal-shapes
Violated rule:   Min-Spacing-On-Layer
Layer:           M1
Minimal spacing: 0.05
Actual  spacing: 0.024(west - east)
Spacing box:     {228.191 78.465} {228.215 78.55}
Shape #1:        box = {227.809 78.465} {228.191 78.575}
                 net = VSS
Shape #2:        box = {228.215 78.287} {228.265 78.55}
                 net = VSS
=================
Error type:      insufficient space between two same-net metal-shapes
Violated rule:   Min-Spacing-On-Layer
Layer:           M1
Minimal spacing: 0.05
Actual  spacing: 0.024(west - east)
Spacing box:     {267.785 101.898} {267.809 101.983}
Shape #1:        box = {267.735 101.898} {267.785 102.161}
                 net = VSS
Shape #2:        box = {267.809 101.873} {268.191 101.983}
                 net = VSS
=================
Error type:      insufficient space between two same-net metal-shapes
Violated rule:   Min-Spacing-On-Layer
Layer:           M1
Minimal spacing: 0.05
Actual  spacing: 0.024(west - east)
Spacing box:     {267.785 108.586} {267.809 108.671}
Shape #1:        box = {267.735 108.586} {267.785 109.026}
                 net = VSS
Shape #2:        box = {267.809 108.561} {268.191 108.671}
                 net = VSS
=================
Error type:      insufficient space between two same-net metal-shapes
Violated rule:   Min-Spacing-On-Layer
Layer:           M1
Minimal spacing: 0.05
Actual  spacing: 0.024(west - east)
Spacing box:     {267.785 125.306} {267.809 125.391}
Shape #1:        box = {267.735 125.306} {267.785 125.569}
                 net = VSS
Shape #2:        box = {267.809 125.281} {268.191 125.391}
                 net = VSS
=================
Error type:      insufficient space between two same-net metal-shapes
Violated rule:   Min-Spacing-On-Layer
Layer:           M1
Minimal spacing: 0.05
Actual  spacing: 0.024(west - east)
Spacing box:     {228.191 138.682} {228.215 138.767}
Shape #1:        box = {227.809 138.657} {228.191 138.767}
                 net = VSS
Shape #2:        box = {228.215 138.682} {228.265 139.122}
                 net = VSS
=================
Error type:      insufficient space between two same-net metal-shapes
Violated rule:   Min-Spacing-On-Layer
Layer:           M1
Minimal spacing: 0.05
Actual  spacing: 0.024(west - east)
Spacing box:     {228.191 142.026} {228.215 142.111}
Shape #1:        box = {227.809 142.001} {228.191 142.111}
                 net = VSS
Shape #2:        box = {228.215 142.026} {228.265 142.289}
                 net = VSS
=================
Error type:      insufficient space between two same-net metal-shapes
Violated rule:   Min-Spacing-On-Layer
Layer:           M1
Minimal spacing: 0.05
Actual  spacing: 0.024(west - east)
Spacing box:     {228.191 152.033} {228.215 152.118}
Shape #1:        box = {227.809 152.033} {228.191 152.143}
                 net = VSS
Shape #2:        box = {228.215 151.855} {228.265 152.118}
                 net = VSS
=================
Error type:      insufficient space between two same-net metal-shapes
Violated rule:   Min-Spacing-On-Layer
Layer:           M1
Minimal spacing: 0.05
Actual  spacing: 0.024(west - east)
Spacing box:     {228.191 162.09} {228.215 162.175}
Shape #1:        box = {227.809 162.065} {228.191 162.175}
                 net = VSS
Shape #2:        box = {228.215 162.09} {228.265 162.353}
                 net = VSS
=================
Error type:      insufficient space between two same-net metal-shapes
Violated rule:   Min-Spacing-On-Layer
Layer:           M1
Minimal spacing: 0.05
Actual  spacing: 0.024(west - east)
Spacing box:     {267.785 168.778} {267.809 168.863}
Shape #1:        box = {267.735 168.778} {267.785 169.041}
                 net = VSS
Shape #2:        box = {267.809 168.753} {268.191 168.863}
                 net = VSS
=================
Error type:      insufficient space between two same-net metal-shapes
Violated rule:   Min-Spacing-On-Layer
Layer:           M1
Minimal spacing: 0.05
Actual  spacing: 0.024(west - east)
Spacing box:     {267.785 175.441} {267.809 175.526}
Shape #1:        box = {267.735 175.263} {267.785 175.526}
                 net = VSS
Shape #2:        box = {267.809 175.441} {268.191 175.551}
                 net = VSS
=================
Error type:      insufficient space between two same-net metal-shapes
Violated rule:   Min-Spacing-On-Layer
Layer:           M1
Minimal spacing: 0.05
Actual  spacing: 0.024(west - east)
Spacing box:     {228.191 178.81} {228.215 178.895}
Shape #1:        box = {227.809 178.785} {228.191 178.895}
                 net = VSS
Shape #2:        box = {228.215 178.81} {228.265 179.25}
                 net = VSS
=================
Error type:      insufficient space between two same-net metal-shapes
Violated rule:   Min-Spacing-On-Layer
Layer:           M1
Minimal spacing: 0.05
Actual  spacing: 0.024(west - east)
Spacing box:     {228.191 215.594} {228.215 215.679}
Shape #1:        box = {227.809 215.569} {228.191 215.679}
                 net = VSS
Shape #2:        box = {228.215 215.594} {228.265 215.857}
                 net = VSS
=================
Error type:      insufficient space between two same-net metal-shapes
Violated rule:   Min-Spacing-On-Layer
Layer:           M1
Minimal spacing: 0.05
Actual  spacing: 0.024(west - east)
Spacing box:     {228.191 222.257} {228.215 222.342}
Shape #1:        box = {227.809 222.257} {228.191 222.367}
                 net = VSS
Shape #2:        box = {228.215 222.079} {228.265 222.342}
                 net = VSS
=================
Error type:      insufficient space between two same-net metal-shapes
Violated rule:   Min-Spacing-On-Layer
Layer:           M1
Minimal spacing: 0.05
Actual  spacing: 0.024(west - east)
Spacing box:     {267.785 222.257} {267.809 222.342}
Shape #1:        box = {267.735 221.86} {267.785 222.342}
                 net = VSS
Shape #2:        box = {267.809 222.257} {268.191 222.367}
                 net = VSS
=================
Error type:      insufficient space between two same-net metal-shapes
Violated rule:   Min-Spacing-On-Layer
Layer:           M1
Minimal spacing: 0.05
Actual  spacing: 0.024(west - east)
Spacing box:     {228.191 225.601} {228.215 225.686}
Shape #1:        box = {227.809 225.601} {228.191 225.711}
                 net = VSS
Shape #2:        box = {228.215 225.423} {228.265 225.686}
                 net = VSS
=================
Error type:      insufficient space between two same-net metal-shapes
Violated rule:   Min-Spacing-On-Layer
Layer:           M1
Minimal spacing: 0.05
Actual  spacing: 0.024(west - east)
Spacing box:     {267.785 245.69} {267.809 245.775}
Shape #1:        box = {267.735 245.69} {267.785 246.007}
                 net = VSS
Shape #2:        box = {267.809 245.665} {268.191 245.775}
                 net = VSS
=================
Error type:      insufficient space between two same-net metal-shapes
Violated rule:   Min-Spacing-On-Layer
Layer:           M1
Minimal spacing: 0.05
Actual  spacing: 0.043(north - south)
Spacing box:     {267.809 269.183} {268.001 269.226}
Shape #1:        box = {267.583 269.226} {268.001 269.276}
                 net = VSS
Shape #2:        box = {267.809 269.073} {268.191 269.183}
                 net = VSS
=================
Error type:      insufficient space between two same-net metal-shapes
Violated rule:   Min-Spacing-On-Layer
Layer:           M1
Minimal spacing: 0.05
Actual  spacing: 0.043(south - north)
Spacing box:     {267.951 269.183} {268.001 269.226}
Shape #1:        box = {267.809 269.073} {268.191 269.183}
                 net = VSS
Shape #2:        box = {267.951 269.226} {268.001 269.448}
                 net = VSS
=================
Error type:      insufficient space between two same-net metal-shapes
Violated rule:   Min-Spacing-On-Layer
Layer:           M1
Minimal spacing: 0.05
Actual  spacing: 0.004(west - east)
Spacing box:     {227.805 282.449} {227.809 282.534}
Shape #1:        box = {227.755 282.042} {227.805 282.534}
                 net = VSS
Shape #2:        box = {227.809 282.449} {228.191 282.559}
                 net = VSS
=================
Error type:      insufficient space between two same-net metal-shapes
Violated rule:   Min-Spacing-On-Layer
Layer:           M1
Minimal spacing: 0.05
Actual  spacing: 0.028(west - east)
Spacing box:     {228.191 285.793} {228.219 285.878}
Shape #1:        box = {227.809 285.793} {228.191 285.903}
                 net = VSS
Shape #2:        box = {228.219 285.386} {228.269 285.878}
                 net = VSS
=================
Error type:      insufficient space between two same-net metal-shapes
Violated rule:   Min-Spacing-On-Layer
Layer:           M1
Minimal spacing: 0.05
Actual  spacing: 0.004(west - east)
Spacing box:     {227.805 289.137} {227.809 289.222}
Shape #1:        box = {227.755 288.73} {227.805 289.222}
                 net = VSS
Shape #2:        box = {227.809 289.137} {228.191 289.247}
                 net = VSS
=================
Error type:      insufficient space between two same-net metal-shapes
Violated rule:   Min-Spacing-On-Layer
Layer:           M1
Minimal spacing: 0.05
Actual  spacing: 0.024(west - east)
Spacing box:     {228.191 295.85} {228.215 295.935}
Shape #1:        box = {227.809 295.825} {228.191 295.935}
                 net = VSS
Shape #2:        box = {228.215 295.85} {228.265 296.366}
                 net = VSS
=================
Error type:      insufficient space between two same-net metal-shapes
Violated rule:   Min-Spacing-On-Layer
Layer:           M1
Minimal spacing: 0.05
Actual  spacing: 0.024(west - east)
Spacing box:     {267.785 302.513} {267.809 302.598}
Shape #1:        box = {267.735 302.335} {267.785 302.598}
                 net = VSS
Shape #2:        box = {267.809 302.513} {268.191 302.623}
                 net = VSS
==============================================================
