****************************************
Report : timing
        -path_type full
        -delay_type min
        -max_paths 20
        -report_by design
Design : cv32e40p_synth_wrap
Version: W-2024.09-SP2
Date   : Fri May  8 23:54:11 2026
****************************************

  Startpoint: u_core/core_i/id_stage_i/controller_i/debug_force_wakeup_q_reg (rising edge-triggered flip-flop clocked by clk_i)
  Endpoint: u_core/core_i/cs_registers_i/dcsr_q_reg[cause][7] (rising edge-triggered flip-flop clocked by clk_i)
  Mode: default
  Corner: default
  Scenario: default
  Path Group: clk_i
  Path Type: min

  Point                                            Incr      Path  
  ------------------------------------------------------------------------
  clock clk_i (rise edge)                          0.00      0.00
  clock network delay (propagated)                 0.16      0.16

  u_core/core_i/id_stage_i/controller_i/debug_force_wakeup_q_reg/CLK (SDFFARX1_RVT)
                                                   0.00      0.16 r
  u_core/core_i/id_stage_i/controller_i/debug_force_wakeup_q_reg/Q (SDFFARX1_RVT)
                                                   0.12      0.28 f
  u_core/core_i/id_stage_i/U3199/Y (AO22X1_HVT)    0.08      0.36 f
  u_core/core_i/cs_registers_i/dcsr_q_reg[cause][7]/D (SDFFARX1_RVT)
                                                   0.00      0.36 f
  data arrival time                                          0.36

  clock clk_i (rise edge)                          0.00      0.00
  clock network delay (propagated)                 0.27      0.27
  u_core/core_i/cs_registers_i/dcsr_q_reg[cause][7]/CLK (SDFFARX1_RVT)
                                                   0.00      0.27 r
  clock uncertainty                                0.10      0.37
  library hold time                               -0.04      0.33
  data required time                                         0.33
  ------------------------------------------------------------------------
  data required time                                         0.33
  data arrival time                                         -0.36
  ------------------------------------------------------------------------
  slack (MET)                                                0.03



  Startpoint: u_core/core_i/id_stage_i/regfile_waddr_ex_o_reg[3] (rising edge-triggered flip-flop clocked by clk_i)
  Endpoint: u_core/core_i/ex_stage_i/regfile_waddr_lsu_reg[3] (rising edge-triggered flip-flop clocked by clk_i)
  Mode: default
  Corner: default
  Scenario: default
  Path Group: clk_i
  Path Type: min

  Point                                            Incr      Path  
  ------------------------------------------------------------------------
  clock clk_i (rise edge)                          0.00      0.00
  clock network delay (propagated)                 0.26      0.26

  u_core/core_i/id_stage_i/regfile_waddr_ex_o_reg[3]/CLK (SDFFARX1_RVT)
                                                   0.00      0.26 r
  u_core/core_i/id_stage_i/regfile_waddr_ex_o_reg[3]/QN (SDFFARX1_RVT)
                                                   0.09      0.35 f
  u_core/core_i/U5027/Y (INVX1_HVT)                0.03      0.38 r
  u_core/core_i/ex_stage_i/regfile_waddr_lsu_reg[3]/D (SDFFARX1_RVT)
                                                   0.00      0.38 r
  data arrival time                                          0.38

  clock clk_i (rise edge)                          0.00      0.00
  clock network delay (propagated)                 0.27      0.27
  u_core/core_i/ex_stage_i/regfile_waddr_lsu_reg[3]/CLK (SDFFARX1_RVT)
                                                   0.00      0.27 r
  clock uncertainty                                0.10      0.37
  library hold time                               -0.04      0.33
  data required time                                         0.33
  ------------------------------------------------------------------------
  data required time                                         0.33
  data arrival time                                         -0.38
  ------------------------------------------------------------------------
  slack (MET)                                                0.05



  Startpoint: u_core/core_i/if_stage_i/aligner_i/pc_q_reg[26] (rising edge-triggered flip-flop clocked by clk_i)
  Endpoint: u_core/core_i/if_stage_i/pc_id_o_reg[26] (rising edge-triggered flip-flop clocked by clk_i)
  Mode: default
  Corner: default
  Scenario: default
  Path Group: clk_i
  Path Type: min

  Point                                            Incr      Path  
  ------------------------------------------------------------------------
  clock clk_i (rise edge)                          0.00      0.00
  clock network delay (propagated)                 0.26      0.26

  u_core/core_i/if_stage_i/aligner_i/pc_q_reg[26]/CLK (SDFFARX1_RVT)
                                                   0.00      0.26 r
  u_core/core_i/if_stage_i/aligner_i/pc_q_reg[26]/Q (SDFFARX1_RVT)
                                                   0.13      0.39 f
  u_core/core_i/if_stage_i/pc_id_o_reg[26]/D (SDFFARX1_RVT)
                                                   0.00      0.39 f
  data arrival time                                          0.39

  clock clk_i (rise edge)                          0.00      0.00
  clock network delay (propagated)                 0.29      0.29
  u_core/core_i/if_stage_i/pc_id_o_reg[26]/CLK (SDFFARX1_RVT)
                                                   0.00      0.29 r
  clock uncertainty                                0.10      0.39
  library hold time                               -0.04      0.34
  data required time                                         0.34
  ------------------------------------------------------------------------
  data required time                                         0.34
  data arrival time                                         -0.39
  ------------------------------------------------------------------------
  slack (MET)                                                0.05



  Startpoint: u_core/core_i/if_stage_i/aligner_i/pc_q_reg[14] (rising edge-triggered flip-flop clocked by clk_i)
  Endpoint: u_core/core_i/if_stage_i/pc_id_o_reg[14] (rising edge-triggered flip-flop clocked by clk_i)
  Mode: default
  Corner: default
  Scenario: default
  Path Group: clk_i
  Path Type: min

  Point                                            Incr      Path  
  ------------------------------------------------------------------------
  clock clk_i (rise edge)                          0.00      0.00
  clock network delay (propagated)                 0.26      0.26

  u_core/core_i/if_stage_i/aligner_i/pc_q_reg[14]/CLK (SDFFARX1_RVT)
                                                   0.00      0.26 r
  u_core/core_i/if_stage_i/aligner_i/pc_q_reg[14]/Q (SDFFARX1_RVT)
                                                   0.13      0.39 f
  u_core/core_i/if_stage_i/pc_id_o_reg[14]/D (SDFFARX1_RVT)
                                                   0.00      0.39 f
  data arrival time                                          0.39

  clock clk_i (rise edge)                          0.00      0.00
  clock network delay (propagated)                 0.29      0.29
  u_core/core_i/if_stage_i/pc_id_o_reg[14]/CLK (SDFFARX1_RVT)
                                                   0.00      0.29 r
  clock uncertainty                                0.10      0.39
  library hold time                               -0.04      0.34
  data required time                                         0.34
  ------------------------------------------------------------------------
  data required time                                         0.34
  data arrival time                                         -0.39
  ------------------------------------------------------------------------
  slack (MET)                                                0.05



  Startpoint: u_core/core_i/id_stage_i/controller_i/debug_force_wakeup_q_reg (rising edge-triggered flip-flop clocked by clk_i)
  Endpoint: u_core/core_i/cs_registers_i/dcsr_q_reg[cause][8] (rising edge-triggered flip-flop clocked by clk_i)
  Mode: default
  Corner: default
  Scenario: default
  Path Group: clk_i
  Path Type: min

  Point                                            Incr      Path  
  ------------------------------------------------------------------------
  clock clk_i (rise edge)                          0.00      0.00
  clock network delay (propagated)                 0.16      0.16

  u_core/core_i/id_stage_i/controller_i/debug_force_wakeup_q_reg/CLK (SDFFARX1_RVT)
                                                   0.00      0.16 r
  u_core/core_i/id_stage_i/controller_i/debug_force_wakeup_q_reg/Q (SDFFARX1_RVT)
                                                   0.12      0.28 r
  u_core/core_i/id_stage_i/U2639/Y (INVX1_HVT)     0.03      0.32 f
  u_core/core_i/id_stage_i/U3200/Y (AND3X1_HVT)    0.06      0.38 f
  u_core/core_i/cs_registers_i/dcsr_q_reg[cause][8]/D (SDFFARX1_RVT)
                                                   0.00      0.38 f
  data arrival time                                          0.38

  clock clk_i (rise edge)                          0.00      0.00
  clock network delay (propagated)                 0.27      0.27
  u_core/core_i/cs_registers_i/dcsr_q_reg[cause][8]/CLK (SDFFARX1_RVT)
                                                   0.00      0.27 r
  clock uncertainty                                0.10      0.37
  library hold time                               -0.04      0.33
  data required time                                         0.33
  ------------------------------------------------------------------------
  data required time                                         0.33
  data arrival time                                         -0.38
  ------------------------------------------------------------------------
  slack (MET)                                                0.05



  Startpoint: u_core/core_i/id_stage_i/regfile_waddr_ex_o_reg[0] (rising edge-triggered flip-flop clocked by clk_i)
  Endpoint: u_core/core_i/ex_stage_i/regfile_waddr_lsu_reg[0] (rising edge-triggered flip-flop clocked by clk_i)
  Mode: default
  Corner: default
  Scenario: default
  Path Group: clk_i
  Path Type: min

  Point                                            Incr      Path  
  ------------------------------------------------------------------------
  clock clk_i (rise edge)                          0.00      0.00
  clock network delay (propagated)                 0.26      0.26

  u_core/core_i/id_stage_i/regfile_waddr_ex_o_reg[0]/CLK (SDFFARX1_RVT)
                                                   0.00      0.26 r
  u_core/core_i/id_stage_i/regfile_waddr_ex_o_reg[0]/QN (SDFFARX1_RVT)
                                                   0.09      0.36 f
  u_core/core_i/U5024/Y (INVX1_HVT)                0.02      0.38 r
  u_core/core_i/ex_stage_i/regfile_waddr_lsu_reg[0]/D (SDFFARX1_RVT)
                                                   0.00      0.38 r
  data arrival time                                          0.38

  clock clk_i (rise edge)                          0.00      0.00
  clock network delay (propagated)                 0.27      0.27
  u_core/core_i/ex_stage_i/regfile_waddr_lsu_reg[0]/CLK (SDFFARX1_RVT)
                                                   0.00      0.27 r
  clock uncertainty                                0.10      0.37
  library hold time                               -0.04      0.33
  data required time                                         0.33
  ------------------------------------------------------------------------
  data required time                                         0.33
  data arrival time                                         -0.38
  ------------------------------------------------------------------------
  slack (MET)                                                0.05



  Startpoint: u_core/core_i/ex_stage_i/alu_i/alu_div_i/ResReg_DP_reg[28] (rising edge-triggered flip-flop clocked by clk_i)
  Endpoint: u_core/core_i/ex_stage_i/alu_i/alu_div_i/ResReg_DP_reg[27] (rising edge-triggered flip-flop clocked by clk_i)
  Mode: default
  Corner: default
  Scenario: default
  Path Group: clk_i
  Path Type: min

  Point                                            Incr      Path  
  ------------------------------------------------------------------------
  clock clk_i (rise edge)                          0.00      0.00
  clock network delay (propagated)                 0.27      0.27

  u_core/core_i/ex_stage_i/alu_i/alu_div_i/ResReg_DP_reg[28]/CLK (SDFFARX1_RVT)
                                                   0.00      0.27 r
  u_core/core_i/ex_stage_i/alu_i/alu_div_i/ResReg_DP_reg[28]/Q (SDFFARX1_RVT)
                                                   0.11      0.38 f
  u_core/core_i/U5112/Y (AND2X1_HVT)               0.05      0.42 f
  u_core/core_i/ex_stage_i/alu_i/alu_div_i/ResReg_DP_reg[27]/D (SDFFARX1_RVT)
                                                   0.00      0.42 f
  data arrival time                                          0.42

  clock clk_i (rise edge)                          0.00      0.00
  clock network delay (propagated)                 0.28      0.28
  u_core/core_i/ex_stage_i/alu_i/alu_div_i/ResReg_DP_reg[27]/CLK (SDFFARX1_RVT)
                                                   0.00      0.28 r
  clock uncertainty                                0.10      0.38
  library hold time                               -0.03      0.35
  data required time                                         0.35
  ------------------------------------------------------------------------
  data required time                                         0.35
  data arrival time                                         -0.42
  ------------------------------------------------------------------------
  slack (MET)                                                0.07



  Startpoint: u_core/core_i/if_stage_i/prefetch_buffer_i/fifo_i/mem_q_reg[0][30] (rising edge-triggered flip-flop clocked by clk_i)
  Endpoint: u_core/core_i/if_stage_i/prefetch_buffer_i/fifo_i/mem_q_reg[0][30] (rising edge-triggered flip-flop clocked by clk_i)
  Mode: default
  Corner: default
  Scenario: default
  Path Group: clk_i
  Path Type: min

  Point                                            Incr      Path  
  ------------------------------------------------------------------------
  clock clk_i (rise edge)                          0.00      0.00
  clock network delay (propagated)                 0.29      0.29

  u_core/core_i/if_stage_i/prefetch_buffer_i/fifo_i/mem_q_reg[0][30]/CLK (SDFFARX1_RVT)
                                                   0.00      0.29 r
  u_core/core_i/if_stage_i/prefetch_buffer_i/fifo_i/mem_q_reg[0][30]/Q (SDFFARX1_RVT)
                                                   0.11      0.40 f
  u_core/core_i/U5709/Y (AO22X1_HVT)               0.05      0.45 f
  u_core/core_i/if_stage_i/prefetch_buffer_i/fifo_i/mem_q_reg[0][30]/D (SDFFARX1_RVT)
                                                   0.00      0.45 f
  data arrival time                                          0.45

  clock clk_i (rise edge)                          0.00      0.00
  clock network delay (propagated)                 0.31      0.31
  u_core/core_i/if_stage_i/prefetch_buffer_i/fifo_i/mem_q_reg[0][30]/CLK (SDFFARX1_RVT)
                                                   0.00      0.31 r
  clock uncertainty                                0.10      0.41
  library hold time                               -0.03      0.38
  data required time                                         0.38
  ------------------------------------------------------------------------
  data required time                                         0.38
  data arrival time                                         -0.45
  ------------------------------------------------------------------------
  slack (MET)                                                0.07



  Startpoint: u_core/core_i/if_stage_i/prefetch_buffer_i/fifo_i/mem_q_reg[0][0] (rising edge-triggered flip-flop clocked by clk_i)
  Endpoint: u_core/core_i/if_stage_i/prefetch_buffer_i/fifo_i/mem_q_reg[0][0] (rising edge-triggered flip-flop clocked by clk_i)
  Mode: default
  Corner: default
  Scenario: default
  Path Group: clk_i
  Path Type: min

  Point                                            Incr      Path  
  ------------------------------------------------------------------------
  clock clk_i (rise edge)                          0.00      0.00
  clock network delay (propagated)                 0.29      0.29

  u_core/core_i/if_stage_i/prefetch_buffer_i/fifo_i/mem_q_reg[0][0]/CLK (SDFFARX1_RVT)
                                                   0.00      0.29 r
  u_core/core_i/if_stage_i/prefetch_buffer_i/fifo_i/mem_q_reg[0][0]/Q (SDFFARX1_RVT)
                                                   0.11      0.40 f
  u_core/core_i/U5677/Y (AO22X1_HVT)               0.05      0.45 f
  u_core/core_i/if_stage_i/prefetch_buffer_i/fifo_i/mem_q_reg[0][0]/D (SDFFARX1_RVT)
                                                   0.00      0.45 f
  data arrival time                                          0.45

  clock clk_i (rise edge)                          0.00      0.00
  clock network delay (propagated)                 0.31      0.31
  u_core/core_i/if_stage_i/prefetch_buffer_i/fifo_i/mem_q_reg[0][0]/CLK (SDFFARX1_RVT)
                                                   0.00      0.31 r
  clock uncertainty                                0.10      0.41
  library hold time                               -0.03      0.38
  data required time                                         0.38
  ------------------------------------------------------------------------
  data required time                                         0.38
  data arrival time                                         -0.45
  ------------------------------------------------------------------------
  slack (MET)                                                0.07



  Startpoint: u_core/core_i/ex_stage_i/alu_i/alu_div_i/ResReg_DP_reg[8] (rising edge-triggered flip-flop clocked by clk_i)
  Endpoint: u_core/core_i/ex_stage_i/alu_i/alu_div_i/ResReg_DP_reg[7] (rising edge-triggered flip-flop clocked by clk_i)
  Mode: default
  Corner: default
  Scenario: default
  Path Group: clk_i
  Path Type: min

  Point                                            Incr      Path  
  ------------------------------------------------------------------------
  clock clk_i (rise edge)                          0.00      0.00
  clock network delay (propagated)                 0.27      0.27

  u_core/core_i/ex_stage_i/alu_i/alu_div_i/ResReg_DP_reg[8]/CLK (SDFFARX1_RVT)
                                                   0.00      0.27 r
  u_core/core_i/ex_stage_i/alu_i/alu_div_i/ResReg_DP_reg[8]/Q (SDFFARX1_RVT)
                                                   0.11      0.38 f
  u_core/core_i/U5092/Y (AND2X1_HVT)               0.05      0.42 f
  u_core/core_i/ex_stage_i/alu_i/alu_div_i/ResReg_DP_reg[7]/D (SDFFARX1_RVT)
                                                   0.00      0.42 f
  data arrival time                                          0.42

  clock clk_i (rise edge)                          0.00      0.00
  clock network delay (propagated)                 0.28      0.28
  u_core/core_i/ex_stage_i/alu_i/alu_div_i/ResReg_DP_reg[7]/CLK (SDFFARX1_RVT)
                                                   0.00      0.28 r
  clock uncertainty                                0.10      0.38
  library hold time                               -0.03      0.35
  data required time                                         0.35
  ------------------------------------------------------------------------
  data required time                                         0.35
  data arrival time                                         -0.42
  ------------------------------------------------------------------------
  slack (MET)                                                0.07



  Startpoint: u_core/core_i/if_stage_i/prefetch_buffer_i/fifo_i/mem_q_reg[1][26] (rising edge-triggered flip-flop clocked by clk_i)
  Endpoint: u_core/core_i/if_stage_i/prefetch_buffer_i/fifo_i/mem_q_reg[1][26] (rising edge-triggered flip-flop clocked by clk_i)
  Mode: default
  Corner: default
  Scenario: default
  Path Group: clk_i
  Path Type: min

  Point                                            Incr      Path  
  ------------------------------------------------------------------------
  clock clk_i (rise edge)                          0.00      0.00
  clock network delay (propagated)                 0.29      0.29

  u_core/core_i/if_stage_i/prefetch_buffer_i/fifo_i/mem_q_reg[1][26]/CLK (SDFFARX1_RVT)
                                                   0.00      0.29 r
  u_core/core_i/if_stage_i/prefetch_buffer_i/fifo_i/mem_q_reg[1][26]/Q (SDFFARX1_RVT)
                                                   0.11      0.40 f
  u_core/core_i/U5742/Y (AO22X1_HVT)               0.05      0.45 f
  u_core/core_i/if_stage_i/prefetch_buffer_i/fifo_i/mem_q_reg[1][26]/D (SDFFARX1_RVT)
                                                   0.00      0.45 f
  data arrival time                                          0.45

  clock clk_i (rise edge)                          0.00      0.00
  clock network delay (propagated)                 0.31      0.31
  u_core/core_i/if_stage_i/prefetch_buffer_i/fifo_i/mem_q_reg[1][26]/CLK (SDFFARX1_RVT)
                                                   0.00      0.31 r
  clock uncertainty                                0.10      0.41
  library hold time                               -0.03      0.38
  data required time                                         0.38
  ------------------------------------------------------------------------
  data required time                                         0.38
  data arrival time                                         -0.45
  ------------------------------------------------------------------------
  slack (MET)                                                0.07



  Startpoint: u_core/core_i/if_stage_i/prefetch_buffer_i/fifo_i/mem_q_reg[0][21] (rising edge-triggered flip-flop clocked by clk_i)
  Endpoint: u_core/core_i/if_stage_i/prefetch_buffer_i/fifo_i/mem_q_reg[0][21] (rising edge-triggered flip-flop clocked by clk_i)
  Mode: default
  Corner: default
  Scenario: default
  Path Group: clk_i
  Path Type: min

  Point                                            Incr      Path  
  ------------------------------------------------------------------------
  clock clk_i (rise edge)                          0.00      0.00
  clock network delay (propagated)                 0.29      0.29

  u_core/core_i/if_stage_i/prefetch_buffer_i/fifo_i/mem_q_reg[0][21]/CLK (SDFFARX1_RVT)
                                                   0.00      0.29 r
  u_core/core_i/if_stage_i/prefetch_buffer_i/fifo_i/mem_q_reg[0][21]/Q (SDFFARX1_RVT)
                                                   0.11      0.40 f
  u_core/core_i/U5699/Y (AO22X1_HVT)               0.05      0.45 f
  u_core/core_i/if_stage_i/prefetch_buffer_i/fifo_i/mem_q_reg[0][21]/D (SDFFARX1_RVT)
                                                   0.00      0.45 f
  data arrival time                                          0.45

  clock clk_i (rise edge)                          0.00      0.00
  clock network delay (propagated)                 0.31      0.31
  u_core/core_i/if_stage_i/prefetch_buffer_i/fifo_i/mem_q_reg[0][21]/CLK (SDFFARX1_RVT)
                                                   0.00      0.31 r
  clock uncertainty                                0.10      0.41
  library hold time                               -0.03      0.38
  data required time                                         0.38
  ------------------------------------------------------------------------
  data required time                                         0.38
  data arrival time                                         -0.45
  ------------------------------------------------------------------------
  slack (MET)                                                0.07



  Startpoint: u_core/core_i/if_stage_i/prefetch_buffer_i/fifo_i/mem_q_reg[1][15] (rising edge-triggered flip-flop clocked by clk_i)
  Endpoint: u_core/core_i/if_stage_i/prefetch_buffer_i/fifo_i/mem_q_reg[1][15] (rising edge-triggered flip-flop clocked by clk_i)
  Mode: default
  Corner: default
  Scenario: default
  Path Group: clk_i
  Path Type: min

  Point                                            Incr      Path  
  ------------------------------------------------------------------------
  clock clk_i (rise edge)                          0.00      0.00
  clock network delay (propagated)                 0.29      0.29

  u_core/core_i/if_stage_i/prefetch_buffer_i/fifo_i/mem_q_reg[1][15]/CLK (SDFFARX1_RVT)
                                                   0.00      0.29 r
  u_core/core_i/if_stage_i/prefetch_buffer_i/fifo_i/mem_q_reg[1][15]/Q (SDFFARX1_RVT)
                                                   0.11      0.40 f
  u_core/core_i/U5731/Y (AO22X1_HVT)               0.05      0.45 f
  u_core/core_i/if_stage_i/prefetch_buffer_i/fifo_i/mem_q_reg[1][15]/D (SDFFARX1_RVT)
                                                   0.00      0.45 f
  data arrival time                                          0.45

  clock clk_i (rise edge)                          0.00      0.00
  clock network delay (propagated)                 0.31      0.31
  u_core/core_i/if_stage_i/prefetch_buffer_i/fifo_i/mem_q_reg[1][15]/CLK (SDFFARX1_RVT)
                                                   0.00      0.31 r
  clock uncertainty                                0.10      0.41
  library hold time                               -0.03      0.38
  data required time                                         0.38
  ------------------------------------------------------------------------
  data required time                                         0.38
  data arrival time                                         -0.45
  ------------------------------------------------------------------------
  slack (MET)                                                0.07



  Startpoint: u_core/core_i/if_stage_i/prefetch_buffer_i/fifo_i/mem_q_reg[1][10] (rising edge-triggered flip-flop clocked by clk_i)
  Endpoint: u_core/core_i/if_stage_i/prefetch_buffer_i/fifo_i/mem_q_reg[1][10] (rising edge-triggered flip-flop clocked by clk_i)
  Mode: default
  Corner: default
  Scenario: default
  Path Group: clk_i
  Path Type: min

  Point                                            Incr      Path  
  ------------------------------------------------------------------------
  clock clk_i (rise edge)                          0.00      0.00
  clock network delay (propagated)                 0.29      0.29

  u_core/core_i/if_stage_i/prefetch_buffer_i/fifo_i/mem_q_reg[1][10]/CLK (SDFFARX1_RVT)
                                                   0.00      0.29 r
  u_core/core_i/if_stage_i/prefetch_buffer_i/fifo_i/mem_q_reg[1][10]/Q (SDFFARX1_RVT)
                                                   0.11      0.40 f
  u_core/core_i/U5725/Y (AO22X1_HVT)               0.05      0.45 f
  u_core/core_i/if_stage_i/prefetch_buffer_i/fifo_i/mem_q_reg[1][10]/D (SDFFARX1_RVT)
                                                   0.00      0.45 f
  data arrival time                                          0.45

  clock clk_i (rise edge)                          0.00      0.00
  clock network delay (propagated)                 0.31      0.31
  u_core/core_i/if_stage_i/prefetch_buffer_i/fifo_i/mem_q_reg[1][10]/CLK (SDFFARX1_RVT)
                                                   0.00      0.31 r
  clock uncertainty                                0.10      0.41
  library hold time                               -0.03      0.38
  data required time                                         0.38
  ------------------------------------------------------------------------
  data required time                                         0.38
  data arrival time                                         -0.45
  ------------------------------------------------------------------------
  slack (MET)                                                0.07



  Startpoint: u_core/core_i/if_stage_i/prefetch_buffer_i/fifo_i/mem_q_reg[1][20] (rising edge-triggered flip-flop clocked by clk_i)
  Endpoint: u_core/core_i/if_stage_i/prefetch_buffer_i/fifo_i/mem_q_reg[1][20] (rising edge-triggered flip-flop clocked by clk_i)
  Mode: default
  Corner: default
  Scenario: default
  Path Group: clk_i
  Path Type: min

  Point                                            Incr      Path  
  ------------------------------------------------------------------------
  clock clk_i (rise edge)                          0.00      0.00
  clock network delay (propagated)                 0.29      0.29

  u_core/core_i/if_stage_i/prefetch_buffer_i/fifo_i/mem_q_reg[1][20]/CLK (SDFFARX1_RVT)
                                                   0.00      0.29 r
  u_core/core_i/if_stage_i/prefetch_buffer_i/fifo_i/mem_q_reg[1][20]/Q (SDFFARX1_RVT)
                                                   0.11      0.40 f
  u_core/core_i/U5736/Y (AO22X1_HVT)               0.05      0.45 f
  u_core/core_i/if_stage_i/prefetch_buffer_i/fifo_i/mem_q_reg[1][20]/D (SDFFARX1_RVT)
                                                   0.00      0.45 f
  data arrival time                                          0.45

  clock clk_i (rise edge)                          0.00      0.00
  clock network delay (propagated)                 0.31      0.31
  u_core/core_i/if_stage_i/prefetch_buffer_i/fifo_i/mem_q_reg[1][20]/CLK (SDFFARX1_RVT)
                                                   0.00      0.31 r
  clock uncertainty                                0.10      0.41
  library hold time                               -0.03      0.38
  data required time                                         0.38
  ------------------------------------------------------------------------
  data required time                                         0.38
  data arrival time                                         -0.45
  ------------------------------------------------------------------------
  slack (MET)                                                0.07



  Startpoint: u_core/core_i/ex_stage_i/alu_i/alu_div_i/ResReg_DP_reg[23] (rising edge-triggered flip-flop clocked by clk_i)
  Endpoint: u_core/core_i/ex_stage_i/alu_i/alu_div_i/ResReg_DP_reg[22] (rising edge-triggered flip-flop clocked by clk_i)
  Mode: default
  Corner: default
  Scenario: default
  Path Group: clk_i
  Path Type: min

  Point                                            Incr      Path  
  ------------------------------------------------------------------------
  clock clk_i (rise edge)                          0.00      0.00
  clock network delay (propagated)                 0.27      0.27

  u_core/core_i/ex_stage_i/alu_i/alu_div_i/ResReg_DP_reg[23]/CLK (SDFFARX1_RVT)
                                                   0.00      0.27 r
  u_core/core_i/ex_stage_i/alu_i/alu_div_i/ResReg_DP_reg[23]/Q (SDFFARX1_RVT)
                                                   0.11      0.38 f
  u_core/core_i/U5107/Y (AND2X1_HVT)               0.05      0.43 f
  u_core/core_i/ex_stage_i/alu_i/alu_div_i/ResReg_DP_reg[22]/D (SDFFARX1_RVT)
                                                   0.00      0.43 f
  data arrival time                                          0.43

  clock clk_i (rise edge)                          0.00      0.00
  clock network delay (propagated)                 0.29      0.29
  u_core/core_i/ex_stage_i/alu_i/alu_div_i/ResReg_DP_reg[22]/CLK (SDFFARX1_RVT)
                                                   0.00      0.29 r
  clock uncertainty                                0.10      0.39
  library hold time                               -0.03      0.35
  data required time                                         0.35
  ------------------------------------------------------------------------
  data required time                                         0.35
  data arrival time                                         -0.43
  ------------------------------------------------------------------------
  slack (MET)                                                0.07



  Startpoint: u_core/core_i/if_stage_i/prefetch_buffer_i/fifo_i/mem_q_reg[0][27] (rising edge-triggered flip-flop clocked by clk_i)
  Endpoint: u_core/core_i/if_stage_i/prefetch_buffer_i/fifo_i/mem_q_reg[0][27] (rising edge-triggered flip-flop clocked by clk_i)
  Mode: default
  Corner: default
  Scenario: default
  Path Group: clk_i
  Path Type: min

  Point                                            Incr      Path  
  ------------------------------------------------------------------------
  clock clk_i (rise edge)                          0.00      0.00
  clock network delay (propagated)                 0.29      0.29

  u_core/core_i/if_stage_i/prefetch_buffer_i/fifo_i/mem_q_reg[0][27]/CLK (SDFFARX1_RVT)
                                                   0.00      0.29 r
  u_core/core_i/if_stage_i/prefetch_buffer_i/fifo_i/mem_q_reg[0][27]/Q (SDFFARX1_RVT)
                                                   0.11      0.40 f
  u_core/core_i/U5705/Y (AO22X1_HVT)               0.05      0.45 f
  u_core/core_i/if_stage_i/prefetch_buffer_i/fifo_i/mem_q_reg[0][27]/D (SDFFARX1_RVT)
                                                   0.00      0.45 f
  data arrival time                                          0.45

  clock clk_i (rise edge)                          0.00      0.00
  clock network delay (propagated)                 0.31      0.31
  u_core/core_i/if_stage_i/prefetch_buffer_i/fifo_i/mem_q_reg[0][27]/CLK (SDFFARX1_RVT)
                                                   0.00      0.31 r
  clock uncertainty                                0.10      0.41
  library hold time                               -0.03      0.38
  data required time                                         0.38
  ------------------------------------------------------------------------
  data required time                                         0.38
  data arrival time                                         -0.45
  ------------------------------------------------------------------------
  slack (MET)                                                0.07



  Startpoint: u_core/core_i/if_stage_i/prefetch_buffer_i/fifo_i/mem_q_reg[0][4] (rising edge-triggered flip-flop clocked by clk_i)
  Endpoint: u_core/core_i/if_stage_i/prefetch_buffer_i/fifo_i/mem_q_reg[0][4] (rising edge-triggered flip-flop clocked by clk_i)
  Mode: default
  Corner: default
  Scenario: default
  Path Group: clk_i
  Path Type: min

  Point                                            Incr      Path  
  ------------------------------------------------------------------------
  clock clk_i (rise edge)                          0.00      0.00
  clock network delay (propagated)                 0.29      0.29

  u_core/core_i/if_stage_i/prefetch_buffer_i/fifo_i/mem_q_reg[0][4]/CLK (SDFFARX1_RVT)
                                                   0.00      0.29 r
  u_core/core_i/if_stage_i/prefetch_buffer_i/fifo_i/mem_q_reg[0][4]/Q (SDFFARX1_RVT)
                                                   0.11      0.40 f
  u_core/core_i/U5681/Y (AO22X1_HVT)               0.05      0.45 f
  u_core/core_i/if_stage_i/prefetch_buffer_i/fifo_i/mem_q_reg[0][4]/D (SDFFARX1_RVT)
                                                   0.00      0.45 f
  data arrival time                                          0.45

  clock clk_i (rise edge)                          0.00      0.00
  clock network delay (propagated)                 0.31      0.31
  u_core/core_i/if_stage_i/prefetch_buffer_i/fifo_i/mem_q_reg[0][4]/CLK (SDFFARX1_RVT)
                                                   0.00      0.31 r
  clock uncertainty                                0.10      0.41
  library hold time                               -0.03      0.38
  data required time                                         0.38
  ------------------------------------------------------------------------
  data required time                                         0.38
  data arrival time                                         -0.45
  ------------------------------------------------------------------------
  slack (MET)                                                0.07



  Startpoint: u_core/core_i/if_stage_i/prefetch_buffer_i/fifo_i/mem_q_reg[1][25] (rising edge-triggered flip-flop clocked by clk_i)
  Endpoint: u_core/core_i/if_stage_i/prefetch_buffer_i/fifo_i/mem_q_reg[1][25] (rising edge-triggered flip-flop clocked by clk_i)
  Mode: default
  Corner: default
  Scenario: default
  Path Group: clk_i
  Path Type: min

  Point                                            Incr      Path  
  ------------------------------------------------------------------------
  clock clk_i (rise edge)                          0.00      0.00
  clock network delay (propagated)                 0.29      0.29

  u_core/core_i/if_stage_i/prefetch_buffer_i/fifo_i/mem_q_reg[1][25]/CLK (SDFFARX1_RVT)
                                                   0.00      0.29 r
  u_core/core_i/if_stage_i/prefetch_buffer_i/fifo_i/mem_q_reg[1][25]/Q (SDFFARX1_RVT)
                                                   0.11      0.40 f
  u_core/core_i/U5741/Y (AO22X1_HVT)               0.05      0.45 f
  u_core/core_i/if_stage_i/prefetch_buffer_i/fifo_i/mem_q_reg[1][25]/D (SDFFARX1_RVT)
                                                   0.00      0.45 f
  data arrival time                                          0.45

  clock clk_i (rise edge)                          0.00      0.00
  clock network delay (propagated)                 0.31      0.31
  u_core/core_i/if_stage_i/prefetch_buffer_i/fifo_i/mem_q_reg[1][25]/CLK (SDFFARX1_RVT)
                                                   0.00      0.31 r
  clock uncertainty                                0.10      0.41
  library hold time                               -0.03      0.38
  data required time                                         0.38
  ------------------------------------------------------------------------
  data required time                                         0.38
  data arrival time                                         -0.45
  ------------------------------------------------------------------------
  slack (MET)                                                0.07



  Startpoint: u_core/core_i/if_stage_i/prefetch_buffer_i/fifo_i/mem_q_reg[0][22] (rising edge-triggered flip-flop clocked by clk_i)
  Endpoint: u_core/core_i/if_stage_i/prefetch_buffer_i/fifo_i/mem_q_reg[0][22] (rising edge-triggered flip-flop clocked by clk_i)
  Mode: default
  Corner: default
  Scenario: default
  Path Group: clk_i
  Path Type: min

  Point                                            Incr      Path  
  ------------------------------------------------------------------------
  clock clk_i (rise edge)                          0.00      0.00
  clock network delay (propagated)                 0.29      0.29

  u_core/core_i/if_stage_i/prefetch_buffer_i/fifo_i/mem_q_reg[0][22]/CLK (SDFFARX1_RVT)
                                                   0.00      0.29 r
  u_core/core_i/if_stage_i/prefetch_buffer_i/fifo_i/mem_q_reg[0][22]/Q (SDFFARX1_RVT)
                                                   0.11      0.40 f
  u_core/core_i/U5700/Y (AO22X1_HVT)               0.05      0.45 f
  u_core/core_i/if_stage_i/prefetch_buffer_i/fifo_i/mem_q_reg[0][22]/D (SDFFARX1_RVT)
                                                   0.00      0.45 f
  data arrival time                                          0.45

  clock clk_i (rise edge)                          0.00      0.00
  clock network delay (propagated)                 0.31      0.31
  u_core/core_i/if_stage_i/prefetch_buffer_i/fifo_i/mem_q_reg[0][22]/CLK (SDFFARX1_RVT)
                                                   0.00      0.31 r
  clock uncertainty                                0.10      0.41
  library hold time                               -0.03      0.38
  data required time                                         0.38
  ------------------------------------------------------------------------
  data required time                                         0.38
  data arrival time                                         -0.45
  ------------------------------------------------------------------------
  slack (MET)                                                0.07


1
