****************************************
Report : Report drc errors
Design : cv32e40p_synth_wrap
Data   : zroute.err
Type   : detailed
Version: W-2024.09-SP2
Date   : Sat May  9 01:42:38 2026
****************************************

Error ID          : 0
Error Type        : Diff net spacing
Error Layer       : M1 (11)
Number of errors  : 125
Description       :  -- 
Status            : error
Bbox              : {126.0160 22.1750} {126.1760 22.2580}

Error ID          : 1
Error Type        : Diff net spacing
Error Layer       : M1 (11)
Number of errors  : 125
Description       :  -- 
Status            : error
Bbox              : {219.1920 31.1180} {219.3520 31.2010}

Error ID          : 15
Error Type        : Diff net spacing
Error Layer       : M1 (11)
Number of errors  : 125
Description       :  -- 
Status            : error
Bbox              : {100.6320 47.8380} {100.7920 47.9210}

Error ID          : 16
Error Type        : Diff net spacing
Error Layer       : M1 (11)
Number of errors  : 125
Description       :  -- 
Status            : error
Bbox              : {119.3280 55.6150} {119.4880 55.6980}

Error ID          : 27
Error Type        : Diff net spacing
Error Layer       : M1 (11)
Number of errors  : 125
Description       :  -- 
Status            : error
Bbox              : {42.5680 81.2780} {42.7280 81.3610}

Error ID          : 28
Error Type        : Diff net spacing
Error Layer       : M1 (11)
Number of errors  : 125
Description       :  -- 
Status            : error
Bbox              : {159.3040 81.2780} {159.4640 81.3610}

Error ID          : 32
Error Type        : Diff net spacing
Error Layer       : M1 (11)
Number of errors  : 125
Description       :  -- 
Status            : error
Bbox              : {216.1520 79.0230} {216.3120 79.1060}

Error ID          : 33
Error Type        : Diff net spacing
Error Layer       : M1 (11)
Number of errors  : 125
Description       :  -- 
Status            : error
Bbox              : {221.4720 79.0230} {221.6320 79.1060}

Error ID          : 34
Error Type        : Diff net spacing
Error Layer       : M1 (11)
Number of errors  : 125
Description       :  -- 
Status            : error
Bbox              : {92.4240 91.3100} {92.5840 91.3930}

Error ID          : 35
Error Type        : Diff net spacing
Error Layer       : M1 (11)
Number of errors  : 125
Description       :  -- 
Status            : error
Bbox              : {151.2480 85.7110} {151.4080 85.7940}

Error ID          : 37
Error Type        : Diff net spacing
Error Layer       : M1 (11)
Number of errors  : 125
Description       :  -- 
Status            : error
Bbox              : {156.5680 89.0550} {156.7280 89.1380}

Error ID          : 44
Error Type        : Diff net spacing
Error Layer       : M1 (11)
Number of errors  : 125
Description       :  -- 
Status            : error
Bbox              : {250.9600 91.3100} {251.1200 91.3930}

Error ID          : 47
Error Type        : Diff net spacing
Error Layer       : M1 (11)
Number of errors  : 125
Description       :  -- 
Status            : error
Bbox              : {295.0400 92.3990} {295.2000 92.4820}

Error ID          : 50
Error Type        : Diff net spacing
Error Layer       : M1 (11)
Number of errors  : 125
Description       :  -- 
Status            : error
Bbox              : {38.7680 101.3420} {38.9280 101.4250}

Error ID          : 52
Error Type        : Diff net spacing
Error Layer       : M1 (11)
Number of errors  : 125
Description       :  -- 
Status            : error
Bbox              : {238.3440 105.7750} {238.5040 105.8580}

Error ID          : 53
Error Type        : Diff net spacing
Error Layer       : M1 (11)
Number of errors  : 125
Description       :  -- 
Status            : error
Bbox              : {237.2800 101.3420} {237.4400 101.4250}

Error ID          : 54
Error Type        : Diff net spacing
Error Layer       : M1 (11)
Number of errors  : 125
Description       :  -- 
Status            : error
Bbox              : {247.7680 97.9980} {247.9280 98.0810}

Error ID          : 55
Error Type        : Diff net spacing
Error Layer       : M1 (11)
Number of errors  : 125
Description       :  -- 
Status            : error
Bbox              : {243.5120 99.0870} {243.6720 99.1700}

Error ID          : 56
Error Type        : Diff net spacing
Error Layer       : M1 (11)
Number of errors  : 125
Description       :  -- 
Status            : error
Bbox              : {241.3840 97.9980} {241.5440 98.0810}

Error ID          : 60
Error Type        : Diff net spacing
Error Layer       : M1 (11)
Number of errors  : 125
Description       :  -- 
Status            : error
Bbox              : {223.2960 109.1190} {223.4560 109.2020}

Error ID          : 63
Error Type        : Diff net spacing
Error Layer       : M1 (11)
Number of errors  : 125
Description       :  -- 
Status            : error
Bbox              : {225.7280 108.0300} {225.8880 108.1130}

Error ID          : 65
Error Type        : Diff net spacing
Error Layer       : M1 (11)
Number of errors  : 125
Description       :  -- 
Status            : error
Bbox              : {233.4800 109.1190} {233.6400 109.2020}

Error ID          : 66
Error Type        : Diff net spacing
Error Layer       : M1 (11)
Number of errors  : 125
Description       :  -- 
Status            : error
Bbox              : {228.0080 108.0300} {228.1680 108.1130}

Error ID          : 79
Error Type        : Diff net spacing
Error Layer       : M1 (11)
Number of errors  : 125
Description       :  -- 
Status            : error
Bbox              : {193.9600 135.8710} {194.1200 135.9540}

Error ID          : 86
Error Type        : Diff net spacing
Error Layer       : M1 (11)
Number of errors  : 125
Description       :  -- 
Status            : error
Bbox              : {190.9200 148.1580} {191.0800 148.2410}

Error ID          : 89
Error Type        : Diff net spacing
Error Layer       : M1 (11)
Number of errors  : 125
Description       :  -- 
Status            : error
Bbox              : {199.2800 154.8460} {199.4400 154.9290}

Error ID          : 90
Error Type        : Diff net spacing
Error Layer       : M1 (11)
Number of errors  : 125
Description       :  -- 
Status            : error
Bbox              : {200.6480 144.8140} {200.8080 144.8970}

Error ID          : 93
Error Type        : Diff net spacing
Error Layer       : M1 (11)
Number of errors  : 125
Description       :  -- 
Status            : error
Bbox              : {239.2560 151.5020} {239.4160 151.5850}

Error ID          : 94
Error Type        : Diff net spacing
Error Layer       : M1 (11)
Number of errors  : 125
Description       :  -- 
Status            : error
Bbox              : {237.7360 144.8140} {237.8960 144.8970}

Error ID          : 95
Error Type        : Diff net spacing
Error Layer       : M1 (11)
Number of errors  : 125
Description       :  -- 
Status            : error
Bbox              : {243.3600 154.8460} {243.5200 154.9290}

Error ID          : 96
Error Type        : Diff net spacing
Error Layer       : M1 (11)
Number of errors  : 125
Description       :  -- 
Status            : error
Bbox              : {248.9840 152.5910} {249.1440 152.6740}

Error ID          : 97
Error Type        : Diff net spacing
Error Layer       : M1 (11)
Number of errors  : 125
Description       :  -- 
Status            : error
Bbox              : {246.7040 149.2470} {246.8640 149.3300}

Error ID          : 98
Error Type        : Diff net spacing
Error Layer       : M1 (11)
Number of errors  : 125
Description       :  -- 
Status            : error
Bbox              : {248.2240 154.8460} {248.3840 154.9290}

Error ID          : 99
Error Type        : Diff net spacing
Error Layer       : M1 (11)
Number of errors  : 125
Description       :  -- 
Status            : error
Bbox              : {247.0080 154.8460} {247.1680 154.9290}

Error ID          : 100
Error Type        : Diff net spacing
Error Layer       : M1 (11)
Number of errors  : 125
Description       :  -- 
Status            : error
Bbox              : {250.2000 154.8460} {250.3600 154.9290}

Error ID          : 101
Error Type        : Diff net spacing
Error Layer       : M1 (11)
Number of errors  : 125
Description       :  -- 
Status            : error
Bbox              : {246.0960 152.5910} {246.2560 152.6740}

Error ID          : 110
Error Type        : Diff net spacing
Error Layer       : M1 (11)
Number of errors  : 125
Description       :  -- 
Status            : error
Bbox              : {193.3520 155.9350} {193.5120 156.0180}

Error ID          : 111
Error Type        : Diff net spacing
Error Layer       : M1 (11)
Number of errors  : 125
Description       :  -- 
Status            : error
Bbox              : {251.7200 158.1900} {251.8800 158.2730}

Error ID          : 112
Error Type        : Diff net spacing
Error Layer       : M1 (11)
Number of errors  : 125
Description       :  -- 
Status            : error
Bbox              : {245.0320 158.1900} {245.1920 158.2730}

Error ID          : 113
Error Type        : Diff net spacing
Error Layer       : M1 (11)
Number of errors  : 125
Description       :  -- 
Status            : error
Bbox              : {244.4240 162.6230} {244.5840 162.7060}

Error ID          : 114
Error Type        : Diff net spacing
Error Layer       : M1 (11)
Number of errors  : 125
Description       :  -- 
Status            : error
Bbox              : {244.2720 165.9670} {244.4320 166.0500}

Error ID          : 115
Error Type        : Diff net spacing
Error Layer       : M1 (11)
Number of errors  : 125
Description       :  -- 
Status            : error
Bbox              : {246.0960 159.2790} {246.2560 159.3620}

Error ID          : 116
Error Type        : Diff net spacing
Error Layer       : M1 (11)
Number of errors  : 125
Description       :  -- 
Status            : error
Bbox              : {171.9200 171.5660} {172.0800 171.6490}

Error ID          : 117
Error Type        : Diff net spacing
Error Layer       : M1 (11)
Number of errors  : 125
Description       :  -- 
Status            : error
Bbox              : {177.6960 168.2220} {177.8560 168.3050}

Error ID          : 118
Error Type        : Diff net spacing
Error Layer       : M1 (11)
Number of errors  : 125
Description       :  -- 
Status            : error
Bbox              : {186.5120 168.2220} {186.6720 168.3050}

Error ID          : 124
Error Type        : Diff net spacing
Error Layer       : M1 (11)
Number of errors  : 125
Description       :  -- 
Status            : error
Bbox              : {202.0160 192.7190} {202.1760 192.8020}

Error ID          : 125
Error Type        : Diff net spacing
Error Layer       : M1 (11)
Number of errors  : 125
Description       :  -- 
Status            : error
Bbox              : {212.3520 199.4070} {212.5120 199.4900}

Error ID          : 126
Error Type        : Diff net spacing
Error Layer       : M1 (11)
Number of errors  : 125
Description       :  -- 
Status            : error
Bbox              : {208.5520 199.4070} {208.7120 199.4900}

Error ID          : 127
Error Type        : Diff net spacing
Error Layer       : M1 (11)
Number of errors  : 125
Description       :  -- 
Status            : error
Bbox              : {208.7040 194.9740} {208.8640 195.0570}

Error ID          : 142
Error Type        : Diff net spacing
Error Layer       : M1 (11)
Number of errors  : 125
Description       :  -- 
Status            : error
Bbox              : {20.6800 212.7830} {20.8400 212.8660}

Error ID          : 143
Error Type        : Diff net spacing
Error Layer       : M1 (11)
Number of errors  : 125
Description       :  -- 
Status            : error
Bbox              : {206.7280 212.7830} {206.8880 212.8660}

Error ID          : 150
Error Type        : Diff net spacing
Error Layer       : M1 (11)
Number of errors  : 125
Description       :  -- 
Status            : error
Bbox              : {20.8320 216.1270} {20.9920 216.2100}

Error ID          : 152
Error Type        : Diff net spacing
Error Layer       : M1 (11)
Number of errors  : 125
Description       :  -- 
Status            : error
Bbox              : {24.7840 219.4710} {24.9440 219.5540}

Error ID          : 153
Error Type        : Diff net spacing
Error Layer       : M1 (11)
Number of errors  : 125
Description       :  -- 
Status            : error
Bbox              : {25.2400 216.1270} {25.4000 216.2100}

Error ID          : 154
Error Type        : Diff net spacing
Error Layer       : M1 (11)
Number of errors  : 125
Description       :  -- 
Status            : error
Bbox              : {23.5680 219.4710} {23.7280 219.5540}

Error ID          : 173
Error Type        : Diff net spacing
Error Layer       : M1 (11)
Number of errors  : 125
Description       :  -- 
Status            : error
Bbox              : {260.5360 222.8150} {260.6960 222.8980}

Error ID          : 183
Error Type        : Diff net spacing
Error Layer       : M1 (11)
Number of errors  : 125
Description       :  -- 
Status            : error
Bbox              : {212.5040 232.8470} {212.6640 232.9300}

Error ID          : 184
Error Type        : Diff net spacing
Error Layer       : M1 (11)
Number of errors  : 125
Description       :  -- 
Status            : error
Bbox              : {213.7200 231.7580} {213.8800 231.8410}

Error ID          : 185
Error Type        : Diff net spacing
Error Layer       : M1 (11)
Number of errors  : 125
Description       :  -- 
Status            : error
Bbox              : {214.9360 235.1020} {215.0960 235.1850}

Error ID          : 186
Error Type        : Diff net spacing
Error Layer       : M1 (11)
Number of errors  : 125
Description       :  -- 
Status            : error
Bbox              : {223.7520 238.4460} {223.9120 238.5290}

Error ID          : 188
Error Type        : Diff net spacing
Error Layer       : M1 (11)
Number of errors  : 125
Description       :  -- 
Status            : error
Bbox              : {221.1680 239.5350} {221.3280 239.6180}

Error ID          : 189
Error Type        : Diff net spacing
Error Layer       : M1 (11)
Number of errors  : 125
Description       :  -- 
Status            : error
Bbox              : {223.6000 239.5350} {223.7600 239.6180}

Error ID          : 190
Error Type        : Diff net spacing
Error Layer       : M1 (11)
Number of errors  : 125
Description       :  -- 
Status            : error
Bbox              : {224.6640 236.1910} {224.8240 236.2740}

Error ID          : 192
Error Type        : Diff net spacing
Error Layer       : M1 (11)
Number of errors  : 125
Description       :  -- 
Status            : error
Bbox              : {221.7760 236.1910} {221.9360 236.2740}

Error ID          : 195
Error Type        : Diff net spacing
Error Layer       : M1 (11)
Number of errors  : 125
Description       :  -- 
Status            : error
Bbox              : {216.3040 236.1910} {216.4640 236.2740}

Error ID          : 222
Error Type        : Diff net spacing
Error Layer       : M1 (11)
Number of errors  : 125
Description       :  -- 
Status            : error
Bbox              : {262.9680 235.1020} {263.1280 235.1850}

Error ID          : 223
Error Type        : Diff net spacing
Error Layer       : M1 (11)
Number of errors  : 125
Description       :  -- 
Status            : error
Bbox              : {282.8800 235.1020} {283.0400 235.1850}

Error ID          : 224
Error Type        : Diff net spacing
Error Layer       : M1 (11)
Number of errors  : 125
Description       :  -- 
Status            : error
Bbox              : {278.3200 238.4460} {278.4800 238.5290}

Error ID          : 227
Error Type        : Diff net spacing
Error Layer       : M1 (11)
Number of errors  : 125
Description       :  -- 
Status            : error
Bbox              : {20.5280 246.2230} {20.6880 246.3060}

Error ID          : 228
Error Type        : Diff net spacing
Error Layer       : M1 (11)
Number of errors  : 125
Description       :  -- 
Status            : error
Bbox              : {21.7440 248.4780} {21.9040 248.5610}

Error ID          : 229
Error Type        : Diff net spacing
Error Layer       : M1 (11)
Number of errors  : 125
Description       :  -- 
Status            : error
Bbox              : {31.4720 249.5670} {31.6320 249.6500}

Error ID          : 230
Error Type        : Diff net spacing
Error Layer       : M1 (11)
Number of errors  : 125
Description       :  -- 
Status            : error
Bbox              : {32.6880 246.2230} {32.8480 246.3060}

Error ID          : 232
Error Type        : Diff net spacing
Error Layer       : M1 (11)
Number of errors  : 125
Description       :  -- 
Status            : error
Bbox              : {203.0800 245.1340} {203.2400 245.2170}

Error ID          : 233
Error Type        : Diff net spacing
Error Layer       : M1 (11)
Number of errors  : 125
Description       :  -- 
Status            : error
Bbox              : {215.6960 242.8790} {215.8560 242.9620}

Error ID          : 234
Error Type        : Diff net spacing
Error Layer       : M1 (11)
Number of errors  : 125
Description       :  -- 
Status            : error
Bbox              : {210.0720 248.4780} {210.2320 248.5610}

Error ID          : 235
Error Type        : Diff net spacing
Error Layer       : M1 (11)
Number of errors  : 125
Description       :  -- 
Status            : error
Bbox              : {215.0880 245.1340} {215.2480 245.2170}

Error ID          : 236
Error Type        : Diff net spacing
Error Layer       : M1 (11)
Number of errors  : 125
Description       :  -- 
Status            : error
Bbox              : {207.4880 242.8790} {207.6480 242.9620}

Error ID          : 237
Error Type        : Diff net spacing
Error Layer       : M1 (11)
Number of errors  : 125
Description       :  -- 
Status            : error
Bbox              : {208.5520 241.7900} {208.7120 241.8730}

Error ID          : 240
Error Type        : Diff net spacing
Error Layer       : M1 (11)
Number of errors  : 125
Description       :  -- 
Status            : error
Bbox              : {217.6720 242.8790} {217.8320 242.9620}

Error ID          : 241
Error Type        : Diff net spacing
Error Layer       : M1 (11)
Number of errors  : 125
Description       :  -- 
Status            : error
Bbox              : {220.7120 241.7900} {220.8720 241.8730}

Error ID          : 242
Error Type        : Diff net spacing
Error Layer       : M1 (11)
Number of errors  : 125
Description       :  -- 
Status            : error
Bbox              : {217.6720 245.1340} {217.8320 245.2170}

Error ID          : 243
Error Type        : Diff net spacing
Error Layer       : M1 (11)
Number of errors  : 125
Description       :  -- 
Status            : error
Bbox              : {216.4560 249.5670} {216.6160 249.6500}

Error ID          : 244
Error Type        : Diff net spacing
Error Layer       : M1 (11)
Number of errors  : 125
Description       :  -- 
Status            : error
Bbox              : {226.7920 242.8790} {226.9520 242.9620}

Error ID          : 247
Error Type        : Diff net spacing
Error Layer       : M1 (11)
Number of errors  : 125
Description       :  -- 
Status            : error
Bbox              : {232.2640 248.4780} {232.4240 248.5610}

Error ID          : 248
Error Type        : Diff net spacing
Error Layer       : M1 (11)
Number of errors  : 125
Description       :  -- 
Status            : error
Bbox              : {231.5040 246.2230} {231.6640 246.3060}

Error ID          : 249
Error Type        : Diff net spacing
Error Layer       : M1 (11)
Number of errors  : 125
Description       :  -- 
Status            : error
Bbox              : {230.7440 242.8790} {230.9040 242.9620}

Error ID          : 252
Error Type        : Diff net spacing
Error Layer       : M1 (11)
Number of errors  : 125
Description       :  -- 
Status            : error
Bbox              : {231.9600 249.5670} {232.1200 249.6500}

Error ID          : 253
Error Type        : Diff net spacing
Error Layer       : M1 (11)
Number of errors  : 125
Description       :  -- 
Status            : error
Bbox              : {229.3760 242.8790} {229.5360 242.9620}

Error ID          : 254
Error Type        : Diff net spacing
Error Layer       : M1 (11)
Number of errors  : 125
Description       :  -- 
Status            : error
Bbox              : {232.5680 245.1340} {232.7280 245.2170}

Error ID          : 270
Error Type        : Diff net spacing
Error Layer       : M1 (11)
Number of errors  : 125
Description       :  -- 
Status            : error
Bbox              : {276.0400 251.8220} {276.2000 251.9050}

Error ID          : 271
Error Type        : Diff net spacing
Error Layer       : M1 (11)
Number of errors  : 125
Description       :  -- 
Status            : error
Bbox              : {276.8000 249.5670} {276.9600 249.6500}

Error ID          : 272
Error Type        : Diff net spacing
Error Layer       : M1 (11)
Number of errors  : 125
Description       :  -- 
Status            : error
Bbox              : {281.0560 242.8790} {281.2160 242.9620}

Error ID          : 276
Error Type        : Diff net spacing
Error Layer       : M1 (11)
Number of errors  : 125
Description       :  -- 
Status            : error
Bbox              : {295.9520 249.5670} {296.1120 249.6500}

Error ID          : 279
Error Type        : Diff net spacing
Error Layer       : M1 (11)
Number of errors  : 125
Description       :  -- 
Status            : error
Bbox              : {305.5280 245.1340} {305.6880 245.2170}

Error ID          : 280
Error Type        : Diff net spacing
Error Layer       : M1 (11)
Number of errors  : 125
Description       :  -- 
Status            : error
Bbox              : {305.5280 246.2230} {305.6880 246.3060}

Error ID          : 288
Error Type        : Diff net spacing
Error Layer       : M1 (11)
Number of errors  : 125
Description       :  -- 
Status            : error
Bbox              : {198.2160 255.1660} {198.3760 255.2490}

Error ID          : 289
Error Type        : Diff net spacing
Error Layer       : M1 (11)
Number of errors  : 125
Description       :  -- 
Status            : error
Bbox              : {200.6480 252.9110} {200.8080 252.9940}

Error ID          : 292
Error Type        : Diff net spacing
Error Layer       : M1 (11)
Number of errors  : 125
Description       :  -- 
Status            : error
Bbox              : {205.0560 259.5990} {205.2160 259.6820}

Error ID          : 293
Error Type        : Diff net spacing
Error Layer       : M1 (11)
Number of errors  : 125
Description       :  -- 
Status            : error
Bbox              : {208.4000 262.9430} {208.5600 263.0260}

Error ID          : 303
Error Type        : Diff net spacing
Error Layer       : M1 (11)
Number of errors  : 125
Description       :  -- 
Status            : error
Bbox              : {233.4800 252.9110} {233.6400 252.9940}

Error ID          : 310
Error Type        : Diff net spacing
Error Layer       : M1 (11)
Number of errors  : 125
Description       :  -- 
Status            : error
Bbox              : {277.7120 256.2550} {277.8720 256.3380}

Error ID          : 311
Error Type        : Diff net spacing
Error Layer       : M1 (11)
Number of errors  : 125
Description       :  -- 
Status            : error
Bbox              : {277.7120 261.8540} {277.8720 261.9370}

Error ID          : 312
Error Type        : Diff net spacing
Error Layer       : M1 (11)
Number of errors  : 125
Description       :  -- 
Status            : error
Bbox              : {277.7120 258.5100} {277.8720 258.5930}

Error ID          : 313
Error Type        : Diff net spacing
Error Layer       : M1 (11)
Number of errors  : 125
Description       :  -- 
Status            : error
Bbox              : {283.9440 259.5990} {284.1040 259.6820}

Error ID          : 314
Error Type        : Diff net spacing
Error Layer       : M1 (11)
Number of errors  : 125
Description       :  -- 
Status            : error
Bbox              : {282.5760 259.5990} {282.7360 259.6820}

Error ID          : 315
Error Type        : Diff net spacing
Error Layer       : M1 (11)
Number of errors  : 125
Description       :  -- 
Status            : error
Bbox              : {296.2560 258.5100} {296.4160 258.5930}

Error ID          : 316
Error Type        : Diff net spacing
Error Layer       : M1 (11)
Number of errors  : 125
Description       :  -- 
Status            : error
Bbox              : {299.2960 255.1660} {299.4560 255.2490}

Error ID          : 317
Error Type        : Diff net spacing
Error Layer       : M1 (11)
Number of errors  : 125
Description       :  -- 
Status            : error
Bbox              : {303.0960 252.9110} {303.2560 252.9940}

Error ID          : 328
Error Type        : Diff net spacing
Error Layer       : M1 (11)
Number of errors  : 125
Description       :  -- 
Status            : error
Bbox              : {167.8160 276.3190} {167.9760 276.4020}

Error ID          : 337
Error Type        : Diff net spacing
Error Layer       : M1 (11)
Number of errors  : 125
Description       :  -- 
Status            : error
Bbox              : {203.0800 268.5420} {203.2400 268.6250}

Error ID          : 338
Error Type        : Diff net spacing
Error Layer       : M1 (11)
Number of errors  : 125
Description       :  -- 
Status            : error
Bbox              : {201.1040 271.8860} {201.2640 271.9690}

Error ID          : 339
Error Type        : Diff net spacing
Error Layer       : M1 (11)
Number of errors  : 125
Description       :  -- 
Status            : error
Bbox              : {209.7680 266.2870} {209.9280 266.3700}

Error ID          : 340
Error Type        : Diff net spacing
Error Layer       : M1 (11)
Number of errors  : 125
Description       :  -- 
Status            : error
Bbox              : {210.0720 265.1980} {210.2320 265.2810}

Error ID          : 342
Error Type        : Diff net spacing
Error Layer       : M1 (11)
Number of errors  : 125
Description       :  -- 
Status            : error
Bbox              : {220.5600 272.9750} {220.7200 273.0580}

Error ID          : 343
Error Type        : Diff net spacing
Error Layer       : M1 (11)
Number of errors  : 125
Description       :  -- 
Status            : error
Bbox              : {231.0480 272.9750} {231.2080 273.0580}

Error ID          : 355
Error Type        : Diff net spacing
Error Layer       : M1 (11)
Number of errors  : 125
Description       :  -- 
Status            : error
Bbox              : {164.0160 279.6630} {164.1760 279.7460}

Error ID          : 358
Error Type        : Diff net spacing
Error Layer       : M1 (11)
Number of errors  : 125
Description       :  -- 
Status            : error
Bbox              : {216.4560 279.6630} {216.6160 279.7460}

Error ID          : 359
Error Type        : Diff net spacing
Error Layer       : M1 (11)
Number of errors  : 125
Description       :  -- 
Status            : error
Bbox              : {219.0400 278.5740} {219.2000 278.6570}

Error ID          : 361
Error Type        : Diff net spacing
Error Layer       : M1 (11)
Number of errors  : 125
Description       :  -- 
Status            : error
Bbox              : {259.3200 286.3510} {259.4800 286.4340}

Error ID          : 362
Error Type        : Diff net spacing
Error Layer       : M1 (11)
Number of errors  : 125
Description       :  -- 
Status            : error
Bbox              : {255.2160 281.9180} {255.3760 282.0010}

Error ID          : 363
Error Type        : Diff net spacing
Error Layer       : M1 (11)
Number of errors  : 125
Description       :  -- 
Status            : error
Bbox              : {255.5200 288.6060} {255.6800 288.6890}

Error ID          : 364
Error Type        : Diff net spacing
Error Layer       : M1 (11)
Number of errors  : 125
Description       :  -- 
Status            : error
Bbox              : {257.6480 281.9180} {257.8080 282.0010}

Error ID          : 371
Error Type        : Diff net spacing
Error Layer       : M1 (11)
Number of errors  : 125
Description       :  -- 
Status            : error
Bbox              : {248.6800 293.0390} {248.8400 293.1220}

Error ID          : 372
Error Type        : Diff net spacing
Error Layer       : M1 (11)
Number of errors  : 125
Description       :  -- 
Status            : error
Bbox              : {249.8960 293.0390} {250.0560 293.1220}

Error ID          : 373
Error Type        : Diff net spacing
Error Layer       : M1 (11)
Number of errors  : 125
Description       :  -- 
Status            : error
Bbox              : {257.6480 289.6950} {257.8080 289.7780}

Error ID          : 2
Error Type        : Needs fat contact
Error Layer       : M1 (11)-M2 (13)
Number of errors  : 84
Description       :  -- 
Status            : error
Bbox              : {74.8420 34.2330} {74.9020 34.3430}

Error ID          : 3
Error Type        : Needs fat contact
Error Layer       : M1 (11)-M2 (13)
Number of errors  : 84
Description       :  -- 
Status            : error
Bbox              : {191.1220 42.4410} {191.1820 42.5510}

Error ID          : 4
Error Type        : Needs fat contact
Error Layer       : M1 (11)-M2 (13)
Number of errors  : 84
Description       :  -- 
Status            : error
Bbox              : {194.0100 34.2330} {194.0700 34.3430}

Error ID          : 5
Error Type        : Needs fat contact
Error Layer       : M1 (11)-M2 (13)
Number of errors  : 84
Description       :  -- 
Status            : error
Bbox              : {193.0980 39.0970} {193.1580 39.2070}

Error ID          : 7
Error Type        : Needs fat contact
Error Layer       : M1 (11)-M2 (13)
Number of errors  : 84
Description       :  -- 
Status            : error
Bbox              : {197.8100 37.5770} {197.8700 37.6870}

Error ID          : 10
Error Type        : Needs fat contact
Error Layer       : M1 (11)-M2 (13)
Number of errors  : 84
Description       :  -- 
Status            : error
Bbox              : {203.5860 44.2650} {203.6460 44.3750}

Error ID          : 17
Error Type        : Needs fat contact
Error Layer       : M1 (11)-M2 (13)
Number of errors  : 84
Description       :  -- 
Status            : error
Bbox              : {198.5700 47.6090} {198.6300 47.7190}

Error ID          : 18
Error Type        : Needs fat contact
Error Layer       : M1 (11)-M2 (13)
Number of errors  : 84
Description       :  -- 
Status            : error
Bbox              : {192.7940 57.6410} {192.8540 57.7510}

Error ID          : 23
Error Type        : Needs fat contact
Error Layer       : M1 (11)-M2 (13)
Number of errors  : 84
Description       :  -- 
Status            : error
Bbox              : {205.8660 54.2970} {205.9260 54.4070}

Error ID          : 24
Error Type        : Needs fat contact
Error Layer       : M1 (11)-M2 (13)
Number of errors  : 84
Description       :  -- 
Status            : error
Bbox              : {192.6420 60.9850} {192.7020 61.0950}

Error ID          : 25
Error Type        : Needs fat contact
Error Layer       : M1 (11)-M2 (13)
Number of errors  : 84
Description       :  -- 
Status            : error
Bbox              : {197.8100 59.1610} {197.8700 59.2710}

Error ID          : 26
Error Type        : Needs fat contact
Error Layer       : M1 (11)-M2 (13)
Number of errors  : 84
Description       :  -- 
Status            : error
Bbox              : {290.6820 64.3290} {290.7420 64.4390}

Error ID          : 29
Error Type        : Needs fat contact
Error Layer       : M1 (11)-M2 (13)
Number of errors  : 84
Description       :  -- 
Status            : error
Bbox              : {173.6420 81.0490} {173.7020 81.1590}

Error ID          : 30
Error Type        : Needs fat contact
Error Layer       : M1 (11)-M2 (13)
Number of errors  : 84
Description       :  -- 
Status            : error
Bbox              : {195.2260 81.0490} {195.2860 81.1590}

Error ID          : 31
Error Type        : Needs fat contact
Error Layer       : M1 (11)-M2 (13)
Number of errors  : 84
Description       :  -- 
Status            : error
Bbox              : {198.1140 81.0490} {198.1740 81.1590}

Error ID          : 38
Error Type        : Needs fat contact
Error Layer       : M1 (11)-M2 (13)
Number of errors  : 84
Description       :  -- 
Status            : error
Bbox              : {169.8420 82.5690} {169.9020 82.6790}

Error ID          : 40
Error Type        : Needs fat contact
Error Layer       : M1 (11)-M2 (13)
Number of errors  : 84
Description       :  -- 
Status            : error
Bbox              : {174.0980 85.9130} {174.1580 86.0230}

Error ID          : 41
Error Type        : Needs fat contact
Error Layer       : M1 (11)-M2 (13)
Number of errors  : 84
Description       :  -- 
Status            : error
Bbox              : {169.6900 87.7370} {169.7500 87.8470}

Error ID          : 43
Error Type        : Needs fat contact
Error Layer       : M1 (11)-M2 (13)
Number of errors  : 84
Description       :  -- 
Status            : error
Bbox              : {229.1220 89.2570} {229.1820 89.3670}

Error ID          : 51
Error Type        : Needs fat contact
Error Layer       : M1 (11)-M2 (13)
Number of errors  : 84
Description       :  -- 
Status            : error
Bbox              : {235.2020 95.9450} {235.2620 96.0550}

Error ID          : 59
Error Type        : Needs fat contact
Error Layer       : M1 (11)-M2 (13)
Number of errors  : 84
Description       :  -- 
Status            : error
Bbox              : {192.0340 114.4890} {192.0940 114.5990}

Error ID          : 64
Error Type        : Needs fat contact
Error Layer       : M1 (11)-M2 (13)
Number of errors  : 84
Description       :  -- 
Status            : error
Bbox              : {234.2900 117.8330} {234.3500 117.9430}

Error ID          : 67
Error Type        : Needs fat contact
Error Layer       : M1 (11)-M2 (13)
Number of errors  : 84
Description       :  -- 
Status            : error
Bbox              : {37.9060 126.0410} {37.9660 126.1510}

Error ID          : 70
Error Type        : Needs fat contact
Error Layer       : M1 (11)-M2 (13)
Number of errors  : 84
Description       :  -- 
Status            : error
Bbox              : {201.0020 119.3530} {201.0620 119.4630}

Error ID          : 71
Error Type        : Needs fat contact
Error Layer       : M1 (11)-M2 (13)
Number of errors  : 84
Description       :  -- 
Status            : error
Bbox              : {238.5460 124.5210} {238.6060 124.6310}

Error ID          : 72
Error Type        : Needs fat contact
Error Layer       : M1 (11)-M2 (13)
Number of errors  : 84
Description       :  -- 
Status            : error
Bbox              : {231.8580 121.1770} {231.9180 121.2870}

Error ID          : 75
Error Type        : Needs fat contact
Error Layer       : M1 (11)-M2 (13)
Number of errors  : 84
Description       :  -- 
Status            : error
Bbox              : {248.2740 126.0410} {248.3340 126.1510}

Error ID          : 78
Error Type        : Needs fat contact
Error Layer       : M1 (11)-M2 (13)
Number of errors  : 84
Description       :  -- 
Status            : error
Bbox              : {255.2660 127.8650} {255.3260 127.9750}

Error ID          : 80
Error Type        : Needs fat contact
Error Layer       : M1 (11)-M2 (13)
Number of errors  : 84
Description       :  -- 
Status            : error
Bbox              : {213.1620 142.7610} {213.2220 142.8710}

Error ID          : 81
Error Type        : Needs fat contact
Error Layer       : M1 (11)-M2 (13)
Number of errors  : 84
Description       :  -- 
Status            : error
Bbox              : {252.5300 136.0730} {252.5900 136.1830}

Error ID          : 107
Error Type        : Needs fat contact
Error Layer       : M1 (11)-M2 (13)
Number of errors  : 84
Description       :  -- 
Status            : error
Bbox              : {186.1060 157.9610} {186.1660 158.0710}

Error ID          : 108
Error Type        : Needs fat contact
Error Layer       : M1 (11)-M2 (13)
Number of errors  : 84
Description       :  -- 
Status            : error
Bbox              : {190.2100 162.8250} {190.2700 162.9350}

Error ID          : 109
Error Type        : Needs fat contact
Error Layer       : M1 (11)-M2 (13)
Number of errors  : 84
Description       :  -- 
Status            : error
Bbox              : {184.5860 159.4810} {184.6460 159.5910}

Error ID          : 121
Error Type        : Needs fat contact
Error Layer       : M1 (11)-M2 (13)
Number of errors  : 84
Description       :  -- 
Status            : error
Bbox              : {242.4980 174.6810} {242.5580 174.7910}

Error ID          : 122
Error Type        : Needs fat contact
Error Layer       : M1 (11)-M2 (13)
Number of errors  : 84
Description       :  -- 
Status            : error
Bbox              : {242.1940 172.8570} {242.2540 172.9670}

Error ID          : 123
Error Type        : Needs fat contact
Error Layer       : M1 (11)-M2 (13)
Number of errors  : 84
Description       :  -- 
Status            : error
Bbox              : {247.2100 172.8570} {247.2700 172.9670}

Error ID          : 151
Error Type        : Needs fat contact
Error Layer       : M1 (11)-M2 (13)
Number of errors  : 84
Description       :  -- 
Status            : error
Bbox              : {20.5780 224.8410} {20.6380 224.9510}

Error ID          : 155
Error Type        : Needs fat contact
Error Layer       : M1 (11)-M2 (13)
Number of errors  : 84
Description       :  -- 
Status            : error
Bbox              : {63.1380 218.1530} {63.1980 218.2630}

Error ID          : 174
Error Type        : Needs fat contact
Error Layer       : M1 (11)-M2 (13)
Number of errors  : 84
Description       :  -- 
Status            : error
Bbox              : {21.1860 231.5290} {21.2460 231.6390}

Error ID          : 178
Error Type        : Needs fat contact
Error Layer       : M1 (11)-M2 (13)
Number of errors  : 84
Description       :  -- 
Status            : error
Bbox              : {193.4020 238.2170} {193.4620 238.3270}

Error ID          : 179
Error Type        : Needs fat contact
Error Layer       : M1 (11)-M2 (13)
Number of errors  : 84
Description       :  -- 
Status            : error
Bbox              : {201.3060 228.1850} {201.3660 228.2950}

Error ID          : 180
Error Type        : Needs fat contact
Error Layer       : M1 (11)-M2 (13)
Number of errors  : 84
Description       :  -- 
Status            : error
Bbox              : {202.8260 234.8730} {202.8860 234.9830}

Error ID          : 181
Error Type        : Needs fat contact
Error Layer       : M1 (11)-M2 (13)
Number of errors  : 84
Description       :  -- 
Status            : error
Bbox              : {200.6980 233.0490} {200.7580 233.1590}

Error ID          : 182
Error Type        : Needs fat contact
Error Layer       : M1 (11)-M2 (13)
Number of errors  : 84
Description       :  -- 
Status            : error
Bbox              : {201.7620 229.7050} {201.8220 229.8150}

Error ID          : 191
Error Type        : Needs fat contact
Error Layer       : M1 (11)-M2 (13)
Number of errors  : 84
Description       :  -- 
Status            : error
Bbox              : {222.5860 231.5290} {222.6460 231.6390}

Error ID          : 193
Error Type        : Needs fat contact
Error Layer       : M1 (11)-M2 (13)
Number of errors  : 84
Description       :  -- 
Status            : error
Bbox              : {220.7620 231.5290} {220.8220 231.6390}

Error ID          : 194
Error Type        : Needs fat contact
Error Layer       : M1 (11)-M2 (13)
Number of errors  : 84
Description       :  -- 
Status            : error
Bbox              : {219.2420 231.5290} {219.3020 231.6390}

Error ID          : 219
Error Type        : Needs fat contact
Error Layer       : M1 (11)-M2 (13)
Number of errors  : 84
Description       :  -- 
Status            : error
Bbox              : {255.8740 239.7370} {255.9340 239.8470}

Error ID          : 231
Error Type        : Needs fat contact
Error Layer       : M1 (11)-M2 (13)
Number of errors  : 84
Description       :  -- 
Status            : error
Bbox              : {183.3700 249.7690} {183.4300 249.8790}

Error ID          : 261
Error Type        : Needs fat contact
Error Layer       : M1 (11)-M2 (13)
Number of errors  : 84
Description       :  -- 
Status            : error
Bbox              : {257.6980 249.7690} {257.7580 249.8790}

Error ID          : 262
Error Type        : Needs fat contact
Error Layer       : M1 (11)-M2 (13)
Number of errors  : 84
Description       :  -- 
Status            : error
Bbox              : {256.7860 248.2490} {256.8460 248.3590}

Error ID          : 265
Error Type        : Needs fat contact
Error Layer       : M1 (11)-M2 (13)
Number of errors  : 84
Description       :  -- 
Status            : error
Bbox              : {256.9380 244.9050} {256.9980 245.0150}

Error ID          : 273
Error Type        : Needs fat contact
Error Layer       : M1 (11)-M2 (13)
Number of errors  : 84
Description       :  -- 
Status            : error
Bbox              : {290.9860 241.5610} {291.0460 241.6710}

Error ID          : 274
Error Type        : Needs fat contact
Error Layer       : M1 (11)-M2 (13)
Number of errors  : 84
Description       :  -- 
Status            : error
Bbox              : {289.7700 243.0810} {289.8300 243.1910}

Error ID          : 275
Error Type        : Needs fat contact
Error Layer       : M1 (11)-M2 (13)
Number of errors  : 84
Description       :  -- 
Status            : error
Bbox              : {289.1620 244.9050} {289.2220 245.0150}

Error ID          : 285
Error Type        : Needs fat contact
Error Layer       : M1 (11)-M2 (13)
Number of errors  : 84
Description       :  -- 
Status            : error
Bbox              : {162.3940 263.1450} {162.4540 263.2550}

Error ID          : 286
Error Type        : Needs fat contact
Error Layer       : M1 (11)-M2 (13)
Number of errors  : 84
Description       :  -- 
Status            : error
Bbox              : {162.2420 259.8010} {162.3020 259.9110}

Error ID          : 287
Error Type        : Needs fat contact
Error Layer       : M1 (11)-M2 (13)
Number of errors  : 84
Description       :  -- 
Status            : error
Bbox              : {189.4500 263.1450} {189.5100 263.2550}

Error ID          : 290
Error Type        : Needs fat contact
Error Layer       : M1 (11)-M2 (13)
Number of errors  : 84
Description       :  -- 
Status            : error
Bbox              : {214.2260 263.1450} {214.2860 263.2550}

Error ID          : 291
Error Type        : Needs fat contact
Error Layer       : M1 (11)-M2 (13)
Number of errors  : 84
Description       :  -- 
Status            : error
Bbox              : {214.6820 258.2810} {214.7420 258.3910}

Error ID          : 294
Error Type        : Needs fat contact
Error Layer       : M1 (11)-M2 (13)
Number of errors  : 84
Description       :  -- 
Status            : error
Bbox              : {219.2420 256.4570} {219.3020 256.5670}

Error ID          : 326
Error Type        : Needs fat contact
Error Layer       : M1 (11)-M2 (13)
Number of errors  : 84
Description       :  -- 
Status            : error
Bbox              : {146.5860 273.1770} {146.6460 273.2870}

Error ID          : 327
Error Type        : Needs fat contact
Error Layer       : M1 (11)-M2 (13)
Number of errors  : 84
Description       :  -- 
Status            : error
Bbox              : {154.0340 269.8330} {154.0940 269.9430}

Error ID          : 329
Error Type        : Needs fat contact
Error Layer       : M1 (11)-M2 (13)
Number of errors  : 84
Description       :  -- 
Status            : error
Bbox              : {182.1540 273.1770} {182.2140 273.2870}

Error ID          : 330
Error Type        : Needs fat contact
Error Layer       : M1 (11)-M2 (13)
Number of errors  : 84
Description       :  -- 
Status            : error
Bbox              : {189.9060 276.5210} {189.9660 276.6310}

Error ID          : 331
Error Type        : Needs fat contact
Error Layer       : M1 (11)-M2 (13)
Number of errors  : 84
Description       :  -- 
Status            : error
Bbox              : {183.3700 268.3130} {183.4300 268.4230}

Error ID          : 333
Error Type        : Needs fat contact
Error Layer       : M1 (11)-M2 (13)
Number of errors  : 84
Description       :  -- 
Status            : error
Bbox              : {189.6020 266.4890} {189.6620 266.5990}

Error ID          : 334
Error Type        : Needs fat contact
Error Layer       : M1 (11)-M2 (13)
Number of errors  : 84
Description       :  -- 
Status            : error
Bbox              : {189.7540 264.9690} {189.8140 265.0790}

Error ID          : 335
Error Type        : Needs fat contact
Error Layer       : M1 (11)-M2 (13)
Number of errors  : 84
Description       :  -- 
Status            : error
Bbox              : {194.0100 275.0010} {194.0700 275.1110}

Error ID          : 336
Error Type        : Needs fat contact
Error Layer       : M1 (11)-M2 (13)
Number of errors  : 84
Description       :  -- 
Status            : error
Bbox              : {192.9460 269.8330} {193.0060 269.9430}

Error ID          : 341
Error Type        : Needs fat contact
Error Layer       : M1 (11)-M2 (13)
Number of errors  : 84
Description       :  -- 
Status            : error
Bbox              : {227.9060 275.0010} {227.9660 275.1110}

Error ID          : 344
Error Type        : Needs fat contact
Error Layer       : M1 (11)-M2 (13)
Number of errors  : 84
Description       :  -- 
Status            : error
Bbox              : {242.9540 266.4890} {243.0140 266.5990}

Error ID          : 345
Error Type        : Needs fat contact
Error Layer       : M1 (11)-M2 (13)
Number of errors  : 84
Description       :  -- 
Status            : error
Bbox              : {243.2580 268.3130} {243.3180 268.4230}

Error ID          : 346
Error Type        : Needs fat contact
Error Layer       : M1 (11)-M2 (13)
Number of errors  : 84
Description       :  -- 
Status            : error
Bbox              : {243.8660 269.8330} {243.9260 269.9430}

Error ID          : 347
Error Type        : Needs fat contact
Error Layer       : M1 (11)-M2 (13)
Number of errors  : 84
Description       :  -- 
Status            : error
Bbox              : {241.4340 269.8330} {241.4940 269.9430}

Error ID          : 348
Error Type        : Needs fat contact
Error Layer       : M1 (11)-M2 (13)
Number of errors  : 84
Description       :  -- 
Status            : error
Bbox              : {246.6020 275.0010} {246.6620 275.1110}

Error ID          : 349
Error Type        : Needs fat contact
Error Layer       : M1 (11)-M2 (13)
Number of errors  : 84
Description       :  -- 
Status            : error
Bbox              : {247.3620 273.1770} {247.4220 273.2870}

Error ID          : 350
Error Type        : Needs fat contact
Error Layer       : M1 (11)-M2 (13)
Number of errors  : 84
Description       :  -- 
Status            : error
Bbox              : {261.6500 264.9690} {261.7100 265.0790}

Error ID          : 356
Error Type        : Needs fat contact
Error Layer       : M1 (11)-M2 (13)
Number of errors  : 84
Description       :  -- 
Status            : error
Bbox              : {183.9780 279.8650} {184.0380 279.9750}

Error ID          : 357
Error Type        : Needs fat contact
Error Layer       : M1 (11)-M2 (13)
Number of errors  : 84
Description       :  -- 
Status            : error
Bbox              : {227.4500 278.3450} {227.5100 278.4550}

Error ID          : 360
Error Type        : Needs fat contact
Error Layer       : M1 (11)-M2 (13)
Number of errors  : 84
Description       :  -- 
Status            : error
Bbox              : {234.1380 279.8650} {234.1980 279.9750}

Error ID          : 367
Error Type        : Needs fat contact
Error Layer       : M1 (11)-M2 (13)
Number of errors  : 84
Description       :  -- 
Status            : error
Bbox              : {148.1060 296.5850} {148.1660 296.6950}

Error ID          : 368
Error Type        : Needs fat contact
Error Layer       : M1 (11)-M2 (13)
Number of errors  : 84
Description       :  -- 
Status            : error
Bbox              : {152.9700 299.9290} {153.0300 300.0390}

Error ID          : 375
Error Type        : Needs fat contact
Error Layer       : M1 (11)-M2 (13)
Number of errors  : 84
Description       :  -- 
Status            : error
Bbox              : {160.5700 305.0970} {160.6300 305.2070}

Error ID          : 6
Error Type        : Less than minimum area
Error Layer       : M2 (13)
Number of errors  : 4
Description       :  -- 
Status            : error
Bbox              : {193.0980 39.0970} {193.1580 39.2070}

Error ID          : 8
Error Type        : Less than minimum area
Error Layer       : M2 (13)
Number of errors  : 4
Description       :  -- 
Status            : error
Bbox              : {197.8100 37.5770} {197.8700 37.6870}

Error ID          : 39
Error Type        : Less than minimum area
Error Layer       : M2 (13)
Number of errors  : 4
Description       :  -- 
Status            : error
Bbox              : {169.8420 82.5690} {169.9020 82.6790}

Error ID          : 332
Error Type        : Less than minimum area
Error Layer       : M2 (13)
Number of errors  : 4
Description       :  -- 
Status            : error
Bbox              : {183.3700 268.3130} {183.4300 268.4230}

Error ID          : 9
Error Type        : Same net spacing
Error Layer       : M3 (15)
Number of errors  : 1
Description       :  -- 
Status            : error
Bbox              : {197.7290 37.5460} {197.7990 37.7180}

Error ID          : 11
Error Type        : Off-grid
Error Layer       : VIA1 (12)
Number of errors  : 160
Description       :  -- 
Status            : error
Bbox              : {208.2760 45.5870} {208.3260 45.7890}

Error ID          : 12
Error Type        : Off-grid
Error Layer       : M2 (13)
Number of errors  : 160
Description       :  -- 
Status            : error
Bbox              : {208.2460 45.5820} {208.3560 45.7940}

Error ID          : 13
Error Type        : Off-grid
Error Layer       : VIA1 (12)
Number of errors  : 160
Description       :  -- 
Status            : error
Bbox              : {207.8450 44.3710} {207.8950 44.5730}

Error ID          : 14
Error Type        : Off-grid
Error Layer       : M2 (13)
Number of errors  : 160
Description       :  -- 
Status            : error
Bbox              : {207.8400 44.3410} {207.9000 44.6030}

Error ID          : 19
Error Type        : Off-grid
Error Layer       : VIA1 (12)
Number of errors  : 160
Description       :  -- 
Status            : error
Bbox              : {206.3000 47.7150} {206.3500 47.9170}

Error ID          : 20
Error Type        : Off-grid
Error Layer       : M2 (13)
Number of errors  : 160
Description       :  -- 
Status            : error
Bbox              : {206.2700 47.7100} {206.3800 47.9220}

Error ID          : 21
Error Type        : Off-grid
Error Layer       : VIA1 (12)
Number of errors  : 160
Description       :  -- 
Status            : error
Bbox              : {212.5570 48.9310} {212.6070 49.1330}

Error ID          : 22
Error Type        : Off-grid
Error Layer       : M2 (13)
Number of errors  : 160
Description       :  -- 
Status            : error
Bbox              : {212.5520 48.9010} {212.6120 49.1630}

Error ID          : 36
Error Type        : Off-grid
Error Layer       : M1 (11)
Number of errors  : 160
Description       :  -- 
Status            : error
Bbox              : {165.5910 82.5990} {165.6810 82.7000}

Error ID          : 42
Error Type        : Off-grid
Error Layer       : VIA1 (12)
Number of errors  : 160
Description       :  -- 
Status            : error
Bbox              : {218.7640 82.3710} {218.8140 82.5730}

Error ID          : 45
Error Type        : Off-grid
Error Layer       : VIA1 (12)
Number of errors  : 160
Description       :  -- 
Status            : error
Bbox              : {280.6280 91.1870} {280.6780 91.3890}

Error ID          : 46
Error Type        : Off-grid
Error Layer       : M2 (13)
Number of errors  : 160
Description       :  -- 
Status            : error
Bbox              : {280.5980 91.1820} {280.7080 91.3940}

Error ID          : 48
Error Type        : Off-grid
Error Layer       : VIA1 (12)
Number of errors  : 160
Description       :  -- 
Status            : error
Bbox              : {295.0680 82.3710} {295.1180 82.5730}

Error ID          : 49
Error Type        : Off-grid
Error Layer       : M2 (13)
Number of errors  : 160
Description       :  -- 
Status            : error
Bbox              : {295.0380 82.3660} {295.1480 82.5780}

Error ID          : 57
Error Type        : Off-grid
Error Layer       : VIA1 (12)
Number of errors  : 160
Description       :  -- 
Status            : error
Bbox              : {289.2920 104.4110} {289.3420 104.6130}

Error ID          : 58
Error Type        : Off-grid
Error Layer       : M2 (13)
Number of errors  : 160
Description       :  -- 
Status            : error
Bbox              : {289.2620 104.4060} {289.3720 104.6180}

Error ID          : 61
Error Type        : Off-grid
Error Layer       : VIA1 (12)
Number of errors  : 160
Description       :  -- 
Status            : error
Bbox              : {222.8930 111.2510} {222.9430 111.4530}

Error ID          : 62
Error Type        : Off-grid
Error Layer       : M2 (13)
Number of errors  : 160
Description       :  -- 
Status            : error
Bbox              : {222.8880 111.2210} {222.9480 111.4830}

Error ID          : 68
Error Type        : Off-grid
Error Layer       : VIA1 (12)
Number of errors  : 160
Description       :  -- 
Status            : error
Bbox              : {190.6440 124.6270} {190.6940 124.8290}

Error ID          : 69
Error Type        : Off-grid
Error Layer       : M2 (13)
Number of errors  : 160
Description       :  -- 
Status            : error
Bbox              : {190.6140 124.6220} {190.7240 124.8340}

Error ID          : 73
Error Type        : Off-grid
Error Layer       : VIA1 (12)
Number of errors  : 160
Description       :  -- 
Status            : error
Bbox              : {241.4120 119.1550} {241.4620 119.3570}

Error ID          : 74
Error Type        : Off-grid
Error Layer       : M2 (13)
Number of errors  : 160
Description       :  -- 
Status            : error
Bbox              : {241.3820 119.1500} {241.4920 119.3620}

Error ID          : 76
Error Type        : Off-grid
Error Layer       : VIA1 (12)
Number of errors  : 160
Description       :  -- 
Status            : error
Bbox              : {241.5640 125.8430} {241.6140 126.0450}

Error ID          : 77
Error Type        : Off-grid
Error Layer       : M2 (13)
Number of errors  : 160
Description       :  -- 
Status            : error
Bbox              : {241.5340 125.8380} {241.6440 126.0500}

Error ID          : 82
Error Type        : Off-grid
Error Layer       : VIA1 (12)
Number of errors  : 160
Description       :  -- 
Status            : error
Bbox              : {253.7490 134.6590} {253.7990 134.8610}

Error ID          : 83
Error Type        : Off-grid
Error Layer       : M2 (13)
Number of errors  : 160
Description       :  -- 
Status            : error
Bbox              : {253.7440 134.6290} {253.8040 134.8910}

Error ID          : 84
Error Type        : Off-grid
Error Layer       : VIA1 (12)
Number of errors  : 160
Description       :  -- 
Status            : error
Bbox              : {179.2980 154.7230} {179.3480 154.9250}

Error ID          : 85
Error Type        : Off-grid
Error Layer       : M2 (13)
Number of errors  : 160
Description       :  -- 
Status            : error
Bbox              : {179.2680 154.7180} {179.3780 154.9300}

Error ID          : 87
Error Type        : Off-grid
Error Layer       : VIA1 (12)
Number of errors  : 160
Description       :  -- 
Status            : error
Bbox              : {192.3160 149.2510} {192.3660 149.4530}

Error ID          : 88
Error Type        : Off-grid
Error Layer       : M2 (13)
Number of errors  : 160
Description       :  -- 
Status            : error
Bbox              : {192.2860 149.2460} {192.3960 149.4580}

Error ID          : 91
Error Type        : Off-grid
Error Layer       : M2 (13)
Number of errors  : 160
Description       :  -- 
Status            : error
Bbox              : {208.2460 151.3740} {208.3560 151.5860}

Error ID          : 92
Error Type        : Off-grid
Error Layer       : VIA1 (12)
Number of errors  : 160
Description       :  -- 
Status            : error
Bbox              : {208.2760 151.3790} {208.3260 151.5810}

Error ID          : 103
Error Type        : Off-grid
Error Layer       : VIA1 (12)
Number of errors  : 160
Description       :  -- 
Status            : error
Bbox              : {164.1960 158.0670} {164.2460 158.2690}

Error ID          : 104
Error Type        : Off-grid
Error Layer       : M2 (13)
Number of errors  : 160
Description       :  -- 
Status            : error
Bbox              : {164.1660 158.0620} {164.2760 158.2740}

Error ID          : 105
Error Type        : Off-grid
Error Layer       : VIA1 (12)
Number of errors  : 160
Description       :  -- 
Status            : error
Bbox              : {162.5490 158.0670} {162.5990 158.2690}

Error ID          : 106
Error Type        : Off-grid
Error Layer       : M2 (13)
Number of errors  : 160
Description       :  -- 
Status            : error
Bbox              : {162.5440 158.0370} {162.6040 158.2990}

Error ID          : 119
Error Type        : Off-grid
Error Layer       : VIA1 (12)
Number of errors  : 160
Description       :  -- 
Status            : error
Bbox              : {216.8130 167.9470} {216.8630 168.1490}

Error ID          : 120
Error Type        : Off-grid
Error Layer       : M2 (13)
Number of errors  : 160
Description       :  -- 
Status            : error
Bbox              : {216.8080 167.9170} {216.8680 168.1790}

Error ID          : 128
Error Type        : Off-grid
Error Layer       : VIA1 (12)
Number of errors  : 160
Description       :  -- 
Status            : error
Bbox              : {231.4050 199.4110} {231.4550 199.6130}

Error ID          : 129
Error Type        : Off-grid
Error Layer       : M2 (13)
Number of errors  : 160
Description       :  -- 
Status            : error
Bbox              : {231.4000 199.3810} {231.4600 199.6430}

Error ID          : 130
Error Type        : Off-grid
Error Layer       : VIA1 (12)
Number of errors  : 160
Description       :  -- 
Status            : error
Bbox              : {232.1400 202.7550} {232.1900 202.9570}

Error ID          : 131
Error Type        : Off-grid
Error Layer       : M2 (13)
Number of errors  : 160
Description       :  -- 
Status            : error
Bbox              : {232.1100 202.7500} {232.2200 202.9620}

Error ID          : 132
Error Type        : Off-grid
Error Layer       : VIA1 (12)
Number of errors  : 160
Description       :  -- 
Status            : error
Bbox              : {233.2040 201.5390} {233.2540 201.7410}

Error ID          : 133
Error Type        : Off-grid
Error Layer       : M2 (13)
Number of errors  : 160
Description       :  -- 
Status            : error
Bbox              : {233.1740 201.5340} {233.2840 201.7460}

Error ID          : 134
Error Type        : Off-grid
Error Layer       : VIA1 (12)
Number of errors  : 160
Description       :  -- 
Status            : error
Bbox              : {239.7650 202.7550} {239.8150 202.9570}

Error ID          : 135
Error Type        : Off-grid
Error Layer       : M2 (13)
Number of errors  : 160
Description       :  -- 
Status            : error
Bbox              : {239.7600 202.7250} {239.8200 202.9870}

Error ID          : 136
Error Type        : Off-grid
Error Layer       : VIA1 (12)
Number of errors  : 160
Description       :  -- 
Status            : error
Bbox              : {241.8680 199.4110} {241.9180 199.6130}

Error ID          : 137
Error Type        : Off-grid
Error Layer       : M2 (13)
Number of errors  : 160
Description       :  -- 
Status            : error
Bbox              : {241.8380 199.4060} {241.9480 199.6180}

Error ID          : 138
Error Type        : Off-grid
Error Layer       : VIA1 (12)
Number of errors  : 160
Description       :  -- 
Status            : error
Bbox              : {240.6770 201.5390} {240.7270 201.7410}

Error ID          : 139
Error Type        : Off-grid
Error Layer       : M2 (13)
Number of errors  : 160
Description       :  -- 
Status            : error
Bbox              : {240.6720 201.5090} {240.7320 201.7710}

Error ID          : 140
Error Type        : Off-grid
Error Layer       : VIA1 (12)
Number of errors  : 160
Description       :  -- 
Status            : error
Bbox              : {242.9320 202.7550} {242.9820 202.9570}

Error ID          : 141
Error Type        : Off-grid
Error Layer       : M2 (13)
Number of errors  : 160
Description       :  -- 
Status            : error
Bbox              : {242.9020 202.7500} {243.0120 202.9620}

Error ID          : 144
Error Type        : Off-grid
Error Layer       : VIA1 (12)
Number of errors  : 160
Description       :  -- 
Status            : error
Bbox              : {239.1570 209.4430} {239.2070 209.6450}

Error ID          : 145
Error Type        : Off-grid
Error Layer       : M2 (13)
Number of errors  : 160
Description       :  -- 
Status            : error
Bbox              : {239.1520 209.4130} {239.2120 209.6750}

Error ID          : 146
Error Type        : Off-grid
Error Layer       : VIA1 (12)
Number of errors  : 160
Description       :  -- 
Status            : error
Bbox              : {240.0690 204.8830} {240.1190 205.0850}

Error ID          : 147
Error Type        : Off-grid
Error Layer       : M2 (13)
Number of errors  : 160
Description       :  -- 
Status            : error
Bbox              : {240.0640 204.8530} {240.1240 205.1150}

Error ID          : 148
Error Type        : Off-grid
Error Layer       : VIA1 (12)
Number of errors  : 160
Description       :  -- 
Status            : error
Bbox              : {245.0600 209.4430} {245.1100 209.6450}

Error ID          : 149
Error Type        : Off-grid
Error Layer       : M2 (13)
Number of errors  : 160
Description       :  -- 
Status            : error
Bbox              : {245.0300 209.4380} {245.1400 209.6500}

Error ID          : 156
Error Type        : Off-grid
Error Layer       : VIA1 (12)
Number of errors  : 160
Description       :  -- 
Status            : error
Bbox              : {239.5880 224.9470} {239.6380 225.1490}

Error ID          : 157
Error Type        : Off-grid
Error Layer       : M2 (13)
Number of errors  : 160
Description       :  -- 
Status            : error
Bbox              : {239.5580 224.9420} {239.6680 225.1540}

Error ID          : 158
Error Type        : Off-grid
Error Layer       : VIA1 (12)
Number of errors  : 160
Description       :  -- 
Status            : error
Bbox              : {239.5880 221.6030} {239.6380 221.8050}

Error ID          : 159
Error Type        : Off-grid
Error Layer       : M2 (13)
Number of errors  : 160
Description       :  -- 
Status            : error
Bbox              : {239.5580 221.5980} {239.6680 221.8100}

Error ID          : 160
Error Type        : Off-grid
Error Layer       : VIA1 (12)
Number of errors  : 160
Description       :  -- 
Status            : error
Bbox              : {239.2840 219.4750} {239.3340 219.6770}

Error ID          : 161
Error Type        : Off-grid
Error Layer       : M2 (13)
Number of errors  : 160
Description       :  -- 
Status            : error
Bbox              : {239.2540 219.4700} {239.3640 219.6820}

Error ID          : 162
Error Type        : Off-grid
Error Layer       : M2 (13)
Number of errors  : 160
Description       :  -- 
Status            : error
Bbox              : {237.7340 219.4700} {237.8440 219.6820}

Error ID          : 163
Error Type        : Off-grid
Error Layer       : VIA1 (12)
Number of errors  : 160
Description       :  -- 
Status            : error
Bbox              : {237.7640 219.4750} {237.8140 219.6770}

Error ID          : 164
Error Type        : Off-grid
Error Layer       : VIA1 (12)
Number of errors  : 160
Description       :  -- 
Status            : error
Bbox              : {232.1400 216.1310} {232.1900 216.3330}

Error ID          : 165
Error Type        : Off-grid
Error Layer       : M2 (13)
Number of errors  : 160
Description       :  -- 
Status            : error
Bbox              : {232.1100 216.1260} {232.2200 216.3380}

Error ID          : 166
Error Type        : Off-grid
Error Layer       : VIA1 (12)
Number of errors  : 160
Description       :  -- 
Status            : error
Bbox              : {234.9010 216.1310} {234.9510 216.3330}

Error ID          : 167
Error Type        : Off-grid
Error Layer       : M2 (13)
Number of errors  : 160
Description       :  -- 
Status            : error
Bbox              : {234.8960 216.1010} {234.9560 216.3630}

Error ID          : 168
Error Type        : Off-grid
Error Layer       : VIA1 (12)
Number of errors  : 160
Description       :  -- 
Status            : error
Bbox              : {237.9410 221.6030} {237.9910 221.8050}

Error ID          : 169
Error Type        : Off-grid
Error Layer       : M2 (13)
Number of errors  : 160
Description       :  -- 
Status            : error
Bbox              : {237.9360 221.5730} {237.9960 221.8350}

Error ID          : 170
Error Type        : Off-grid
Error Layer       : M2 (13)
Number of errors  : 160
Description       :  -- 
Status            : error
Bbox              : {240.1660 222.8140} {240.2760 223.0260}

Error ID          : 171
Error Type        : Off-grid
Error Layer       : VIA1 (12)
Number of errors  : 160
Description       :  -- 
Status            : error
Bbox              : {240.1960 222.8190} {240.2460 223.0210}

Error ID          : 172
Error Type        : Off-grid
Error Layer       : VIA1 (12)
Number of errors  : 160
Description       :  -- 
Status            : error
Bbox              : {240.3480 226.1630} {240.3980 226.3650}

Error ID          : 175
Error Type        : Off-grid
Error Layer       : VIA1 (12)
Number of errors  : 160
Description       :  -- 
Status            : error
Bbox              : {52.1720 231.6350} {52.2220 231.8370}

Error ID          : 176
Error Type        : Off-grid
Error Layer       : M2 (13)
Number of errors  : 160
Description       :  -- 
Status            : error
Bbox              : {52.1420 231.6300} {52.2520 231.8420}

Error ID          : 177
Error Type        : Off-grid
Error Layer       : M1 (11)
Number of errors  : 160
Description       :  -- 
Status            : error
Bbox              : {100.3530 229.5780} {100.4630 229.6380}

Error ID          : 187
Error Type        : Off-grid
Error Layer       : VIA1 (12)
Number of errors  : 160
Description       :  -- 
Status            : error
Bbox              : {226.0600 239.5390} {226.1100 239.7410}

Error ID          : 196
Error Type        : Off-grid
Error Layer       : VIA1 (12)
Number of errors  : 160
Description       :  -- 
Status            : error
Bbox              : {238.2200 236.1950} {238.2700 236.3970}

Error ID          : 197
Error Type        : Off-grid
Error Layer       : M2 (13)
Number of errors  : 160
Description       :  -- 
Status            : error
Bbox              : {238.1900 236.1900} {238.3000 236.4020}

Error ID          : 198
Error Type        : Off-grid
Error Layer       : M2 (13)
Number of errors  : 160
Description       :  -- 
Status            : error
Bbox              : {232.4140 228.2860} {232.5240 228.4980}

Error ID          : 199
Error Type        : Off-grid
Error Layer       : VIA1 (12)
Number of errors  : 160
Description       :  -- 
Status            : error
Bbox              : {232.4440 228.2910} {232.4940 228.4930}

Error ID          : 200
Error Type        : Off-grid
Error Layer       : M2 (13)
Number of errors  : 160
Description       :  -- 
Status            : error
Bbox              : {233.4780 232.8460} {233.5880 233.0580}

Error ID          : 201
Error Type        : Off-grid
Error Layer       : VIA1 (12)
Number of errors  : 160
Description       :  -- 
Status            : error
Bbox              : {233.5080 232.8510} {233.5580 233.0530}

Error ID          : 202
Error Type        : Off-grid
Error Layer       : M2 (13)
Number of errors  : 160
Description       :  -- 
Status            : error
Bbox              : {239.2540 232.8460} {239.3640 233.0580}

Error ID          : 203
Error Type        : Off-grid
Error Layer       : VIA1 (12)
Number of errors  : 160
Description       :  -- 
Status            : error
Bbox              : {239.2840 232.8510} {239.3340 233.0530}

Error ID          : 204
Error Type        : Off-grid
Error Layer       : VIA1 (12)
Number of errors  : 160
Description       :  -- 
Status            : error
Bbox              : {238.0680 234.9790} {238.1180 235.1810}

Error ID          : 205
Error Type        : Off-grid
Error Layer       : M2 (13)
Number of errors  : 160
Description       :  -- 
Status            : error
Bbox              : {238.0380 234.9740} {238.1480 235.1860}

Error ID          : 206
Error Type        : Off-grid
Error Layer       : VIA1 (12)
Number of errors  : 160
Description       :  -- 
Status            : error
Bbox              : {237.7640 232.8510} {237.8140 233.0530}

Error ID          : 207
Error Type        : Off-grid
Error Layer       : M2 (13)
Number of errors  : 160
Description       :  -- 
Status            : error
Bbox              : {237.7340 232.8460} {237.8440 233.0580}

Error ID          : 208
Error Type        : Off-grid
Error Layer       : VIA1 (12)
Number of errors  : 160
Description       :  -- 
Status            : error
Bbox              : {247.2130 236.1950} {247.2630 236.3970}

Error ID          : 209
Error Type        : Off-grid
Error Layer       : M2 (13)
Number of errors  : 160
Description       :  -- 
Status            : error
Bbox              : {247.2080 236.1650} {247.2680 236.4270}

Error ID          : 210
Error Type        : Off-grid
Error Layer       : VIA1 (12)
Number of errors  : 160
Description       :  -- 
Status            : error
Bbox              : {240.9810 228.2910} {241.0310 228.4930}

Error ID          : 211
Error Type        : Off-grid
Error Layer       : M2 (13)
Number of errors  : 160
Description       :  -- 
Status            : error
Bbox              : {240.9760 228.2610} {241.0360 228.5230}

Error ID          : 212
Error Type        : Off-grid
Error Layer       : VIA1 (12)
Number of errors  : 160
Description       :  -- 
Status            : error
Bbox              : {241.7160 229.5070} {241.7660 229.7090}

Error ID          : 213
Error Type        : Off-grid
Error Layer       : M2 (13)
Number of errors  : 160
Description       :  -- 
Status            : error
Bbox              : {241.6860 229.5020} {241.7960 229.7140}

Error ID          : 214
Error Type        : Off-grid
Error Layer       : M1 (11)
Number of errors  : 160
Description       :  -- 
Status            : error
Bbox              : {247.9450 235.0500} {248.0550 235.1100}

Error ID          : 215
Error Type        : Off-grid
Error Layer       : M2 (13)
Number of errors  : 160
Description       :  -- 
Status            : error
Bbox              : {240.1660 229.5020} {240.2760 229.7140}

Error ID          : 216
Error Type        : Off-grid
Error Layer       : VIA1 (12)
Number of errors  : 160
Description       :  -- 
Status            : error
Bbox              : {240.1960 229.5070} {240.2460 229.7090}

Error ID          : 217
Error Type        : Off-grid
Error Layer       : M2 (13)
Number of errors  : 160
Description       :  -- 
Status            : error
Bbox              : {242.9520 232.8210} {243.0120 233.0830}

Error ID          : 218
Error Type        : Off-grid
Error Layer       : VIA1 (12)
Number of errors  : 160
Description       :  -- 
Status            : error
Bbox              : {242.9570 232.8510} {243.0070 233.0530}

Error ID          : 220
Error Type        : Off-grid
Error Layer       : VIA1 (12)
Number of errors  : 160
Description       :  -- 
Status            : error
Bbox              : {257.2200 238.3230} {257.2700 238.5250}

Error ID          : 221
Error Type        : Off-grid
Error Layer       : M2 (13)
Number of errors  : 160
Description       :  -- 
Status            : error
Bbox              : {257.1900 238.3180} {257.3000 238.5300}

Error ID          : 225
Error Type        : Off-grid
Error Layer       : M2 (13)
Number of errors  : 160
Description       :  -- 
Status            : error
Bbox              : {300.8140 228.2860} {300.9240 228.4980}

Error ID          : 226
Error Type        : Off-grid
Error Layer       : VIA1 (12)
Number of errors  : 160
Description       :  -- 
Status            : error
Bbox              : {300.8440 228.2910} {300.8940 228.4930}

Error ID          : 238
Error Type        : Off-grid
Error Layer       : VIA1 (12)
Number of errors  : 160
Description       :  -- 
Status            : error
Bbox              : {217.7250 249.7230} {217.7750 249.9250}

Error ID          : 239
Error Type        : Off-grid
Error Layer       : M2 (13)
Number of errors  : 160
Description       :  -- 
Status            : error
Bbox              : {217.7200 249.6930} {217.7800 249.9550}

Error ID          : 245
Error Type        : Off-grid
Error Layer       : M2 (13)
Number of errors  : 160
Description       :  -- 
Status            : error
Bbox              : {235.3020 249.5660} {235.4120 249.7780}

Error ID          : 246
Error Type        : Off-grid
Error Layer       : VIA1 (12)
Number of errors  : 160
Description       :  -- 
Status            : error
Bbox              : {235.3320 249.5710} {235.3820 249.7730}

Error ID          : 250
Error Type        : Off-grid
Error Layer       : VIA1 (12)
Number of errors  : 160
Description       :  -- 
Status            : error
Bbox              : {228.9480 241.6670} {228.9980 241.8690}

Error ID          : 251
Error Type        : Off-grid
Error Layer       : M2 (13)
Number of errors  : 160
Description       :  -- 
Status            : error
Bbox              : {228.9180 241.6620} {229.0280 241.8740}

Error ID          : 255
Error Type        : Off-grid
Error Layer       : VIA1 (12)
Number of errors  : 160
Description       :  -- 
Status            : error
Bbox              : {249.4680 251.6990} {249.5180 251.9010}

Error ID          : 256
Error Type        : Off-grid
Error Layer       : M2 (13)
Number of errors  : 160
Description       :  -- 
Status            : error
Bbox              : {249.4380 251.6940} {249.5480 251.9060}

Error ID          : 257
Error Type        : Off-grid
Error Layer       : VIA1 (12)
Number of errors  : 160
Description       :  -- 
Status            : error
Bbox              : {250.3800 246.2270} {250.4300 246.4290}

Error ID          : 258
Error Type        : Off-grid
Error Layer       : M2 (13)
Number of errors  : 160
Description       :  -- 
Status            : error
Bbox              : {250.3500 246.2220} {250.4600 246.4340}

Error ID          : 259
Error Type        : Off-grid
Error Layer       : M2 (13)
Number of errors  : 160
Description       :  -- 
Status            : error
Bbox              : {245.3340 249.5660} {245.4440 249.7780}

Error ID          : 260
Error Type        : Off-grid
Error Layer       : VIA1 (12)
Number of errors  : 160
Description       :  -- 
Status            : error
Bbox              : {245.3640 249.5710} {245.4140 249.7730}

Error ID          : 263
Error Type        : Off-grid
Error Layer       : VIA1 (12)
Number of errors  : 160
Description       :  -- 
Status            : error
Bbox              : {255.3960 245.0110} {255.4460 245.2130}

Error ID          : 264
Error Type        : Off-grid
Error Layer       : M2 (13)
Number of errors  : 160
Description       :  -- 
Status            : error
Bbox              : {255.3660 245.0060} {255.4760 245.2180}

Error ID          : 266
Error Type        : Off-grid
Error Layer       : VIA1 (12)
Number of errors  : 160
Description       :  -- 
Status            : error
Bbox              : {255.2440 248.3550} {255.2940 248.5570}

Error ID          : 267
Error Type        : Off-grid
Error Layer       : M2 (13)
Number of errors  : 160
Description       :  -- 
Status            : error
Bbox              : {255.2140 248.3500} {255.3240 248.5620}

Error ID          : 268
Error Type        : Off-grid
Error Layer       : VIA1 (12)
Number of errors  : 160
Description       :  -- 
Status            : error
Bbox              : {255.0920 241.6670} {255.1420 241.8690}

Error ID          : 269
Error Type        : Off-grid
Error Layer       : M2 (13)
Number of errors  : 160
Description       :  -- 
Status            : error
Bbox              : {255.0620 241.6620} {255.1720 241.8740}

Error ID          : 277
Error Type        : Off-grid
Error Layer       : VIA1 (12)
Number of errors  : 160
Description       :  -- 
Status            : error
Bbox              : {302.9720 249.5710} {303.0220 249.7730}

Error ID          : 278
Error Type        : Off-grid
Error Layer       : M2 (13)
Number of errors  : 160
Description       :  -- 
Status            : error
Bbox              : {302.9420 249.5660} {303.0520 249.7780}

Error ID          : 281
Error Type        : Off-grid
Error Layer       : M2 (13)
Number of errors  : 160
Description       :  -- 
Status            : error
Bbox              : {302.7900 241.5100} {302.9000 241.7220}

Error ID          : 282
Error Type        : Off-grid
Error Layer       : VIA1 (12)
Number of errors  : 160
Description       :  -- 
Status            : error
Bbox              : {302.8200 241.5150} {302.8700 241.7170}

Error ID          : 283
Error Type        : Off-grid
Error Layer       : VIA1 (12)
Number of errors  : 160
Description       :  -- 
Status            : error
Bbox              : {103.8520 263.0990} {103.9020 263.3010}

Error ID          : 284
Error Type        : Off-grid
Error Layer       : M2 (13)
Number of errors  : 160
Description       :  -- 
Status            : error
Bbox              : {103.8220 263.0940} {103.9320 263.3060}

Error ID          : 295
Error Type        : Off-grid
Error Layer       : VIA1 (12)
Number of errors  : 160
Description       :  -- 
Status            : error
Bbox              : {233.0770 256.2590} {233.1270 256.4610}

Error ID          : 296
Error Type        : Off-grid
Error Layer       : M2 (13)
Number of errors  : 160
Description       :  -- 
Status            : error
Bbox              : {233.0720 256.2290} {233.1320 256.4910}

Error ID          : 297
Error Type        : Off-grid
Error Layer       : M2 (13)
Number of errors  : 160
Description       :  -- 
Status            : error
Bbox              : {236.0620 255.0380} {236.1720 255.2500}

Error ID          : 298
Error Type        : Off-grid
Error Layer       : VIA1 (12)
Number of errors  : 160
Description       :  -- 
Status            : error
Bbox              : {236.0920 255.0430} {236.1420 255.2450}

Error ID          : 299
Error Type        : Off-grid
Error Layer       : M2 (13)
Number of errors  : 160
Description       :  -- 
Status            : error
Bbox              : {234.7440 252.8850} {234.8040 253.1470}

Error ID          : 300
Error Type        : Off-grid
Error Layer       : VIA1 (12)
Number of errors  : 160
Description       :  -- 
Status            : error
Bbox              : {234.7490 252.9150} {234.7990 253.1170}

Error ID          : 301
Error Type        : Off-grid
Error Layer       : M2 (13)
Number of errors  : 160
Description       :  -- 
Status            : error
Bbox              : {238.6460 252.9100} {238.7560 253.1220}

Error ID          : 302
Error Type        : Off-grid
Error Layer       : VIA1 (12)
Number of errors  : 160
Description       :  -- 
Status            : error
Bbox              : {238.6760 252.9150} {238.7260 253.1170}

Error ID          : 304
Error Type        : Off-grid
Error Layer       : VIA1 (12)
Number of errors  : 160
Description       :  -- 
Status            : error
Bbox              : {249.0120 255.0430} {249.0620 255.2450}

Error ID          : 305
Error Type        : Off-grid
Error Layer       : M2 (13)
Number of errors  : 160
Description       :  -- 
Status            : error
Bbox              : {248.9820 255.0380} {249.0920 255.2500}

Error ID          : 306
Error Type        : Off-grid
Error Layer       : VIA1 (12)
Number of errors  : 160
Description       :  -- 
Status            : error
Bbox              : {250.3800 252.9150} {250.4300 253.1170}

Error ID          : 307
Error Type        : Off-grid
Error Layer       : M2 (13)
Number of errors  : 160
Description       :  -- 
Status            : error
Bbox              : {250.3500 252.9100} {250.4600 253.1220}

Error ID          : 308
Error Type        : Off-grid
Error Layer       : VIA1 (12)
Number of errors  : 160
Description       :  -- 
Status            : error
Bbox              : {252.0520 255.0430} {252.1020 255.2450}

Error ID          : 309
Error Type        : Off-grid
Error Layer       : M2 (13)
Number of errors  : 160
Description       :  -- 
Status            : error
Bbox              : {252.0220 255.0380} {252.1320 255.2500}

Error ID          : 318
Error Type        : Off-grid
Error Layer       : VIA1 (12)
Number of errors  : 160
Description       :  -- 
Status            : error
Bbox              : {93.0850 273.1310} {93.1350 273.3330}

Error ID          : 319
Error Type        : Off-grid
Error Layer       : M2 (13)
Number of errors  : 160
Description       :  -- 
Status            : error
Bbox              : {93.0800 273.1010} {93.1400 273.3630}

Error ID          : 320
Error Type        : Off-grid
Error Layer       : VIA1 (12)
Number of errors  : 160
Description       :  -- 
Status            : error
Bbox              : {99.3460 271.6110} {99.3960 271.8130}

Error ID          : 321
Error Type        : Off-grid
Error Layer       : M2 (13)
Number of errors  : 160
Description       :  -- 
Status            : error
Bbox              : {99.3160 271.6060} {99.4260 271.8180}

Error ID          : 322
Error Type        : Off-grid
Error Layer       : VIA1 (12)
Number of errors  : 160
Description       :  -- 
Status            : error
Bbox              : {112.8450 274.9550} {112.8950 275.1570}

Error ID          : 323
Error Type        : Off-grid
Error Layer       : M2 (13)
Number of errors  : 160
Description       :  -- 
Status            : error
Bbox              : {112.8400 274.9250} {112.9000 275.1870}

Error ID          : 324
Error Type        : Off-grid
Error Layer       : VIA1 (12)
Number of errors  : 160
Description       :  -- 
Status            : error
Bbox              : {108.4120 273.1310} {108.4620 273.3330}

Error ID          : 325
Error Type        : Off-grid
Error Layer       : M2 (13)
Number of errors  : 160
Description       :  -- 
Status            : error
Bbox              : {108.3820 273.1260} {108.4920 273.3380}

Error ID          : 351
Error Type        : Off-grid
Error Layer       : VIA1 (12)
Number of errors  : 160
Description       :  -- 
Status            : error
Bbox              : {293.5480 271.7630} {293.5980 271.9650}

Error ID          : 352
Error Type        : Off-grid
Error Layer       : M2 (13)
Number of errors  : 160
Description       :  -- 
Status            : error
Bbox              : {293.5180 271.7580} {293.6280 271.9700}

Error ID          : 353
Error Type        : Off-grid
Error Layer       : VIA1 (12)
Number of errors  : 160
Description       :  -- 
Status            : error
Bbox              : {293.3960 272.9790} {293.4460 273.1810}

Error ID          : 354
Error Type        : Off-grid
Error Layer       : M2 (13)
Number of errors  : 160
Description       :  -- 
Status            : error
Bbox              : {293.3660 272.9740} {293.4760 273.1860}

Error ID          : 365
Error Type        : Off-grid
Error Layer       : VIA1 (12)
Number of errors  : 160
Description       :  -- 
Status            : error
Bbox              : {280.6280 283.0110} {280.6780 283.2130}

Error ID          : 366
Error Type        : Off-grid
Error Layer       : M2 (13)
Number of errors  : 160
Description       :  -- 
Status            : error
Bbox              : {280.5980 283.0060} {280.7080 283.2180}

Error ID          : 369
Error Type        : Off-grid
Error Layer       : VIA1 (12)
Number of errors  : 160
Description       :  -- 
Status            : error
Bbox              : {148.2360 293.0430} {148.2860 293.2450}

Error ID          : 370
Error Type        : Off-grid
Error Layer       : M2 (13)
Number of errors  : 160
Description       :  -- 
Status            : error
Bbox              : {148.2060 293.0380} {148.3160 293.2500}

Error ID          : 102
Error Type        : Short
Error Layer       : M1 (11)
Number of errors  : 2
Description       :  -- 
Status            : error
Bbox              : {301.5050 148.5170} {301.6550 148.6670}

Error ID          : 374
Error Type        : Short
Error Layer       : M1 (11)
Number of errors  : 2
Description       :  -- 
Status            : error
Bbox              : {300.6690 295.8000} {300.8190 295.9600}

1
