****************************************
Report : Report drc errors
Design : cv32e40p_synth_wrap
Data   : zroute.err
Type   : matrix
Version: W-2024.09-SP2
Date   : Sat May  9 01:42:38 2026
****************************************

                       | M1    M1-M2   M2   M3  VIA1  | TOTALS BY TYPE
-------------------------------------------------------------------------
Diff net spacing       | 125   -       -    -   -     | 125
Less than minimum area | -     -       4    -   -     | 4
Needs fat contact      | -     84      -    -   -     | 84
Off-grid               | 3     -       77   -   80    | 160
Same net spacing       | -     -       -    1   -     | 1
Short                  | 2     -       -    -   -     | 2
-------------------------------------------------------------------------
                       | M1    M1-M2   M2   M3  VIA1  | 376
TOTALS BY LAYER        | 130   84      81   1   80    |
1
