****************************************
Report : Report drc errors
Design : cv32e40p_synth_wrap
Data   : zroute.err
Type   : error_layer
Version: W-2024.09-SP2
Date   : Sat May  9 01:42:38 2026
****************************************

ErrorSet                                    Total   Visible     Fixed   Ignored
--------------------------------------------------------------------------------
Design : cv32e40p_synth_wrap                376     376         0       0
      Data : zroute.err                     376     376         0       0
            M1 (11)                         130     130         0       0
                Diff net spacing            125     125         0       0
                Off-grid                    3       3           0       0
                Short                       2       2           0       0
            M1 (11)-M2 (13)                 84      84          0       0
                Needs fat contact           84      84          0       0
            M2 (13)                         81      81          0       0
                Less than minimum area      4       4           0       0
                Off-grid                    77      77          0       0
            M3 (15)                         1       1           0       0
                Same net spacing            1       1           0       0
            VIA1 (12)                       80      80          0       0
                Off-grid                    80      80          0       0
1
