DRC representative marker summary

drc_marker_count=376
representative_count=36

By type/layer:
  Diff net spacing | M1 (11): 125
  Needs fat contact | M1 (11)-M2 (13): 84
  Off-grid | VIA1 (12): 80
  Off-grid | M2 (13): 77
  Less than minimum area | M2 (13): 4
  Off-grid | M1 (11): 3
  Short | M1 (11): 2
  Same net spacing | M3 (15): 1

Top 20um buckets:
  220-240,220-240: 26
  220-240,240-260: 21
  240-260,240-260: 21
  240-260,220-240: 17
  220-240,200-220: 16
  200-220,240-260: 15
  240-260,140-160: 10
  200-220,040-060: 10
  180-200,260-280: 10
  220-240,100-120: 9
  200-220,220-240: 9
  280-300,240-260: 9
  200-220,260-280: 8
  240-260,200-220: 8
  180-200,140-160: 7
  300-320,240-260: 7
  240-260,280-300: 7
  240-260,120-140: 7
  180-200,020-040: 6
  160-180,080-100: 6
