DRC marker context report
marker_file=7_Backend_ICC2/4_Report/trials/route_combo_no012_a2_lvt_swap/99_marker_context/representative_drc_markers.tsv

Marker Off-grid_M1_(11)_1
  error_id    : 77
  error_type  : Off-grid
  error_layer : M1 (11)
  center      : 254.536 230.064
  bbox        : {254.506 230.009} {254.566 230.119}
  search_box  : {254.256 229.759} {254.816 230.369}
  pins        : 4
    pin u_core/core_i/ex_stage_i/alu_i/alu_div_i/BReg_DP_reg[27]/Q
      bbox     : {254.0550 229.1480} {254.4510 230.5460}
      layer    : M1 CO
      net      : u_core/core_i/ex_stage_i/alu_i/alu_div_i/BReg_DP[27]
      cell     : u_core/core_i/ex_stage_i/alu_i/alu_div_i/BReg_DP_reg[27]
      ref_name : SDFFARX1_RVT
      origin   : 249.2160 229.0000
    pin u_core/core_i/ex_stage_i/alu_i/alu_div_i/BReg_DP_reg[27]/QN
      bbox     : {254.3430 229.1540} {254.5910 230.5460}
      layer    : M1 CO
      net      : u_core/core_i/n5914
      cell     : u_core/core_i/ex_stage_i/alu_i/alu_div_i/BReg_DP_reg[27]
      ref_name : SDFFARX1_RVT
      origin   : 249.2160 229.0000
    pin u_core/core_i/ex_stage_i/alu_i/alu_div_i/BReg_DP_reg[27]/VDD
      bbox     : {249.2160 230.0330} {254.6880 230.7020}
      layer    : M1 CO
      net      : u_core/core_i/VDD
      cell     : u_core/core_i/ex_stage_i/alu_i/alu_div_i/BReg_DP_reg[27]
      ref_name : SDFFARX1_RVT
      origin   : 249.2160 229.0000
    pin u_core/core_i/ex_stage_i/alu_i/alu_div_i/AReg_DP_reg[25]/QN
      bbox     : {254.7850 229.1540} {255.0330 230.5460}
      layer    : M1 CO
      net      : u_core/core_i/n5901
      cell     : u_core/core_i/ex_stage_i/alu_i/alu_div_i/AReg_DP_reg[25]
      ref_name : SDFFARX1_RVT
      origin   : 260.1600 229.0000
  cells       : 2
    cell u_core/core_i/ex_stage_i/alu_i/alu_div_i/BReg_DP_reg[27] ref=SDFFARX1_RVT origin=249.2160 229.0000
    cell u_core/core_i/ex_stage_i/alu_i/alu_div_i/AReg_DP_reg[25] ref=SDFFARX1_RVT origin=260.1600 229.0000
  shapes      : 4
    shape PATH_13_5704
      layer : M2
      bbox  : {254.3560 230.0360} {254.4120 232.5240}
      net   : u_core/core_i/ex_stage_i/alu_i/alu_div_i/BReg_DP[27]
    shape PATH_13_5706
      layer : M2
      bbox  : {254.3560 224.8680} {254.4120 230.0920}
      net   : u_core/core_i/ex_stage_i/alu_i/alu_div_i/BReg_DP[27]
    shape PATH_13_25434
      layer : M2
      bbox  : {254.8120 229.4280} {254.8680 230.2440}
      net   : u_core/core_i/n5901
    shape PATH_13_25468
      layer : M2
      bbox  : {254.5080 230.0360} {254.5640 230.7000}
      net   : u_core/core_i/n5914

Marker Off-grid_M1_(11)_2
  error_id    : 80
  error_type  : Off-grid
  error_layer : M1 (11)
  center      : 254.531 230.15499999999997
  bbox        : {254.506 230.039} {254.556 230.271}
  search_box  : {254.256 229.789} {254.806 230.521}
  pins        : 4
    pin u_core/core_i/ex_stage_i/alu_i/alu_div_i/BReg_DP_reg[27]/Q
      bbox     : {254.0550 229.1480} {254.4510 230.5460}
      layer    : M1 CO
      net      : u_core/core_i/ex_stage_i/alu_i/alu_div_i/BReg_DP[27]
      cell     : u_core/core_i/ex_stage_i/alu_i/alu_div_i/BReg_DP_reg[27]
      ref_name : SDFFARX1_RVT
      origin   : 249.2160 229.0000
    pin u_core/core_i/ex_stage_i/alu_i/alu_div_i/BReg_DP_reg[27]/QN
      bbox     : {254.3430 229.1540} {254.5910 230.5460}
      layer    : M1 CO
      net      : u_core/core_i/n5914
      cell     : u_core/core_i/ex_stage_i/alu_i/alu_div_i/BReg_DP_reg[27]
      ref_name : SDFFARX1_RVT
      origin   : 249.2160 229.0000
    pin u_core/core_i/ex_stage_i/alu_i/alu_div_i/BReg_DP_reg[27]/VDD
      bbox     : {249.2160 230.0330} {254.6880 230.7020}
      layer    : M1 CO
      net      : u_core/core_i/VDD
      cell     : u_core/core_i/ex_stage_i/alu_i/alu_div_i/BReg_DP_reg[27]
      ref_name : SDFFARX1_RVT
      origin   : 249.2160 229.0000
    pin u_core/core_i/ex_stage_i/alu_i/alu_div_i/AReg_DP_reg[25]/QN
      bbox     : {254.7850 229.1540} {255.0330 230.5460}
      layer    : M1 CO
      net      : u_core/core_i/n5901
      cell     : u_core/core_i/ex_stage_i/alu_i/alu_div_i/AReg_DP_reg[25]
      ref_name : SDFFARX1_RVT
      origin   : 260.1600 229.0000
  cells       : 2
    cell u_core/core_i/ex_stage_i/alu_i/alu_div_i/BReg_DP_reg[27] ref=SDFFARX1_RVT origin=249.2160 229.0000
    cell u_core/core_i/ex_stage_i/alu_i/alu_div_i/AReg_DP_reg[25] ref=SDFFARX1_RVT origin=260.1600 229.0000
  shapes      : 3
    shape PATH_13_5704
      layer : M2
      bbox  : {254.3560 230.0360} {254.4120 232.5240}
      net   : u_core/core_i/ex_stage_i/alu_i/alu_div_i/BReg_DP[27]
    shape PATH_13_5706
      layer : M2
      bbox  : {254.3560 224.8680} {254.4120 230.0920}
      net   : u_core/core_i/ex_stage_i/alu_i/alu_div_i/BReg_DP[27]
    shape PATH_13_25468
      layer : M2
      bbox  : {254.5080 230.0360} {254.5640 230.7000}
      net   : u_core/core_i/n5914

Marker Off-grid_M2_(13)_1
  error_id    : 1
  error_type  : Off-grid
  error_layer : M2 (13)
  center      : 89.31 21.064
  bbox        : {89.28 20.933} {89.34 21.195}
  search_box  : {89.03 20.683} {89.59 21.445}
  pins        : 3
    pin u_core/core_i/id_stage_i/U2688/A1
      bbox     : {88.9530 20.8570} {89.1250 21.0410}
      layer    : M1 CO
      net      : u_core/core_i/id_stage_i/controller_i/debug_mode_n
      cell     : u_core/core_i/id_stage_i/U2688
      ref_name : NOR2X4_RVT
      origin   : 88.7040 21.6720
    pin u_core/core_i/id_stage_i/U2688/VDD
      bbox     : {88.7040 19.9700} {90.6800 20.7610}
      layer    : M1 CO
      net      : u_core/core_i/id_stage_i/VDD
      cell     : u_core/core_i/id_stage_i/U2688
      ref_name : NOR2X4_RVT
      origin   : 88.7040 21.6720
    pin u_core/core_i/id_stage_i/U2688/VSS
      bbox     : {88.7040 21.2610} {90.6800 21.7020}
      layer    : M1 CO
      net      : u_core/core_i/id_stage_i/VSS
      cell     : u_core/core_i/id_stage_i/U2688
      ref_name : NOR2X4_RVT
      origin   : 88.7040 21.6720
  cells       : 1
    cell u_core/core_i/id_stage_i/U2688 ref=NOR2X4_RVT origin=88.7040 21.6720
  shapes      : 4
    shape PATH_23_1161
      layer : M7
      bbox  : {74.6920 21.1880} {125.8200 21.2440}
      net   : u_core/core_i/id_stage_i/ZBUF_79_160
    shape PATH_11_5998
      layer : M1
      bbox  : {88.8260 20.8820} {89.0690 20.9420}
      net   : u_core/core_i/id_stage_i/controller_i/debug_mode_n
    shape PATH_15_35106
      layer : M3
      bbox  : {73.9320 20.8840} {104.5400 20.9400}
      net   : u_core/core_i/id_stage_i/ZBUF_56_387
    shape PATH_13_47026
      layer : M2
      bbox  : {88.8280 21.1880} {89.3380 21.2440}
      net   : u_core/core_i/id_stage_i/controller_i/debug_fsm_ns[0]

Marker Off-grid_M2_(13)_2
  error_id    : 3
  error_type  : Off-grid
  error_layer : M2 (13)
  center      : 274.573 24.256
  bbox        : {274.518 24.15} {274.628 24.362}
  search_box  : {274.268 23.9} {274.878 24.612}
  pins        : 2
    pin u_core/core_i/U5633/A1
      bbox     : {274.2260 24.0490} {274.3980 24.3940}
      layer    : M1 CO
      net      : u_core/core_i/test_so
      cell     : u_core/core_i/U5633
      ref_name : OR2X4_RVT
      origin   : 273.9920 25.0160
    pin u_core/core_i/U5633/VDD
      bbox     : {273.9920 23.3140} {275.6640 24.0480}
      layer    : M1 CO
      net      : u_core/core_i/VDD
      cell     : u_core/core_i/U5633
      ref_name : OR2X4_RVT
      origin   : 273.9920 25.0160
  cells       : 1
    cell u_core/core_i/U5633 ref=OR2X4_RVT origin=273.9920 25.0160
  shapes      : 5
    shape PATH_11_373
      layer : M1
      bbox  : {274.1140 24.0740} {274.3110 24.1340}
      net   : ZBUF_4_188
    shape PATH_15_1006
      layer : M3
      bbox  : {274.1160 24.5320} {281.9240 24.5880}
      net   : ZBUF_4_188
    shape PATH_13_1465
      layer : M2
      bbox  : {274.5720 15.8680} {274.6280 24.2840}
      net   : fetch_enable_i
    shape PATH_15_14188
      layer : M3
      bbox  : {269.8600 24.2280} {278.7320 24.2840}
      net   : u_core/core_i/n1472
    shape PATH_15_53836
      layer : M3
      bbox  : {258.9160 23.9240} {275.6920 23.9800}
      net   : u_core/core_i/ZBUF_45_115

Marker Off-grid_M2_(13)_3
  error_id    : 5
  error_type  : Off-grid
  error_layer : M2 (13)
  center      : 130.654 37.784
  bbox        : {130.624 37.653} {130.684 37.915}
  search_box  : {130.374 37.403} {130.934 38.165}
  pins        : 3
    pin u_core/core_i/id_stage_i/U1195/A1
      bbox     : {130.2970 37.5770} {130.4690 37.7610}
      layer    : M1 CO
      net      : u_core/core_i/id_stage_i/n3200
      cell     : u_core/core_i/id_stage_i/U1195
      ref_name : NOR2X4_RVT
      origin   : 130.0480 38.3920
    pin u_core/core_i/id_stage_i/U1195/VDD
      bbox     : {130.0480 36.6900} {132.0240 37.4810}
      layer    : M1 CO
      net      : u_core/core_i/id_stage_i/VDD
      cell     : u_core/core_i/id_stage_i/U1195
      ref_name : NOR2X4_RVT
      origin   : 130.0480 38.3920
    pin u_core/core_i/id_stage_i/U1195/VSS
      bbox     : {130.0480 37.9810} {132.0240 38.4220}
      layer    : M1 CO
      net      : u_core/core_i/id_stage_i/VSS
      cell     : u_core/core_i/id_stage_i/U1195
      ref_name : NOR2X4_RVT
      origin   : 130.0480 38.3920
  cells       : 1
    cell u_core/core_i/id_stage_i/U1195 ref=NOR2X4_RVT origin=130.0480 38.3920
  shapes      : 7
    shape PATH_21_1744
      layer : M6
      bbox  : {130.6280 5.9880} {130.6840 82.6520}
      net   : u_core/core_i/id_stage_i/ZBUF_66_424
    shape PATH_19_2027
      layer : M5
      bbox  : {121.8120 37.6040} {140.4120 37.6600}
      net   : u_core/core_i/id_stage_i/ZBUF_45_259
    shape PATH_17_5689
      layer : M4
      bbox  : {130.9320 36.3880} {130.9880 42.5240}
      net   : u_core/core_i/id_stage_i/register_file_i/net11082
    shape PATH_17_16343
      layer : M4
      bbox  : {130.6280 10.8520} {130.6840 49.8200}
      net   : u_core/core_i/id_stage_i/ZBUF_42_217
    shape PATH_15_27391
      layer : M3
      bbox  : {129.8680 37.6040} {141.3240 37.6600}
      net   : u_core/core_i/id_stage_i/n3240
    shape PATH_13_95186
      layer : M2
      bbox  : {130.0200 37.6040} {130.6820 37.6600}
      net   : u_core/core_i/id_stage_i/ZBUF_1166_34
    shape PATH_13_104397
      layer : M2
      bbox  : {130.7800 35.9320} {130.8360 45.1080}
      net   : u_core/core_i/id_stage_i/ZBUF_49_111

Marker Off-grid_VIA1_(12)_1
  error_id    : 0
  error_type  : Off-grid
  error_layer : VIA1 (12)
  center      : 89.31 21.064
  bbox        : {89.285 20.963} {89.335 21.165}
  search_box  : {89.035 20.713} {89.585 21.415}
  pins        : 2
    pin u_core/core_i/id_stage_i/U2688/A1
      bbox     : {88.9530 20.8570} {89.1250 21.0410}
      layer    : M1 CO
      net      : u_core/core_i/id_stage_i/controller_i/debug_mode_n
      cell     : u_core/core_i/id_stage_i/U2688
      ref_name : NOR2X4_RVT
      origin   : 88.7040 21.6720
    pin u_core/core_i/id_stage_i/U2688/VSS
      bbox     : {88.7040 21.2610} {90.6800 21.7020}
      layer    : M1 CO
      net      : u_core/core_i/id_stage_i/VSS
      cell     : u_core/core_i/id_stage_i/U2688
      ref_name : NOR2X4_RVT
      origin   : 88.7040 21.6720
  cells       : 1
    cell u_core/core_i/id_stage_i/U2688 ref=NOR2X4_RVT origin=88.7040 21.6720
  shapes      : 4
    shape PATH_23_1161
      layer : M7
      bbox  : {74.6920 21.1880} {125.8200 21.2440}
      net   : u_core/core_i/id_stage_i/ZBUF_79_160
    shape PATH_11_5998
      layer : M1
      bbox  : {88.8260 20.8820} {89.0690 20.9420}
      net   : u_core/core_i/id_stage_i/controller_i/debug_mode_n
    shape PATH_15_35106
      layer : M3
      bbox  : {73.9320 20.8840} {104.5400 20.9400}
      net   : u_core/core_i/id_stage_i/ZBUF_56_387
    shape PATH_13_47026
      layer : M2
      bbox  : {88.8280 21.1880} {89.3380 21.2440}
      net   : u_core/core_i/id_stage_i/controller_i/debug_fsm_ns[0]

Marker Off-grid_VIA1_(12)_2
  error_id    : 2
  error_type  : Off-grid
  error_layer : VIA1 (12)
  center      : 274.573 24.256
  bbox        : {274.548 24.155} {274.598 24.357}
  search_box  : {274.298 23.905} {274.848 24.607}
  pins        : 2
    pin u_core/core_i/U5633/A1
      bbox     : {274.2260 24.0490} {274.3980 24.3940}
      layer    : M1 CO
      net      : u_core/core_i/test_so
      cell     : u_core/core_i/U5633
      ref_name : OR2X4_RVT
      origin   : 273.9920 25.0160
    pin u_core/core_i/U5633/VDD
      bbox     : {273.9920 23.3140} {275.6640 24.0480}
      layer    : M1 CO
      net      : u_core/core_i/VDD
      cell     : u_core/core_i/U5633
      ref_name : OR2X4_RVT
      origin   : 273.9920 25.0160
  cells       : 1
    cell u_core/core_i/U5633 ref=OR2X4_RVT origin=273.9920 25.0160
  shapes      : 5
    shape PATH_11_373
      layer : M1
      bbox  : {274.1140 24.0740} {274.3110 24.1340}
      net   : ZBUF_4_188
    shape PATH_15_1006
      layer : M3
      bbox  : {274.1160 24.5320} {281.9240 24.5880}
      net   : ZBUF_4_188
    shape PATH_13_1465
      layer : M2
      bbox  : {274.5720 15.8680} {274.6280 24.2840}
      net   : fetch_enable_i
    shape PATH_15_14188
      layer : M3
      bbox  : {269.8600 24.2280} {278.7320 24.2840}
      net   : u_core/core_i/n1472
    shape PATH_15_53836
      layer : M3
      bbox  : {258.9160 23.9240} {275.6920 23.9800}
      net   : u_core/core_i/ZBUF_45_115

Marker Off-grid_VIA1_(12)_3
  error_id    : 4
  error_type  : Off-grid
  error_layer : VIA1 (12)
  center      : 130.654 37.784
  bbox        : {130.629 37.683} {130.679 37.885}
  search_box  : {130.379 37.433} {130.929 38.135}
  pins        : 2
    pin u_core/core_i/id_stage_i/U1195/A1
      bbox     : {130.2970 37.5770} {130.4690 37.7610}
      layer    : M1 CO
      net      : u_core/core_i/id_stage_i/n3200
      cell     : u_core/core_i/id_stage_i/U1195
      ref_name : NOR2X4_RVT
      origin   : 130.0480 38.3920
    pin u_core/core_i/id_stage_i/U1195/VSS
      bbox     : {130.0480 37.9810} {132.0240 38.4220}
      layer    : M1 CO
      net      : u_core/core_i/id_stage_i/VSS
      cell     : u_core/core_i/id_stage_i/U1195
      ref_name : NOR2X4_RVT
      origin   : 130.0480 38.3920
  cells       : 1
    cell u_core/core_i/id_stage_i/U1195 ref=NOR2X4_RVT origin=130.0480 38.3920
  shapes      : 6
    shape PATH_21_1744
      layer : M6
      bbox  : {130.6280 5.9880} {130.6840 82.6520}
      net   : u_core/core_i/id_stage_i/ZBUF_66_424
    shape PATH_19_2027
      layer : M5
      bbox  : {121.8120 37.6040} {140.4120 37.6600}
      net   : u_core/core_i/id_stage_i/ZBUF_45_259
    shape PATH_17_16343
      layer : M4
      bbox  : {130.6280 10.8520} {130.6840 49.8200}
      net   : u_core/core_i/id_stage_i/ZBUF_42_217
    shape PATH_15_27391
      layer : M3
      bbox  : {129.8680 37.6040} {141.3240 37.6600}
      net   : u_core/core_i/id_stage_i/n3240
    shape PATH_13_95186
      layer : M2
      bbox  : {130.0200 37.6040} {130.6820 37.6600}
      net   : u_core/core_i/id_stage_i/ZBUF_1166_34
    shape PATH_13_104397
      layer : M2
      bbox  : {130.7800 35.9320} {130.8360 45.1080}
      net   : u_core/core_i/id_stage_i/ZBUF_49_111

Marker Same_net_spacing_M1_(11)_1
  error_id    : 90
  error_type  : Same net spacing
  error_layer : M1 (11)
  center      : 117.3905 254.33100000000002
  bbox        : {117.327 254.304} {117.454 254.358}
  search_box  : {117.077 254.054} {117.704 254.608}
  pins        : 5
    pin u_core/core_i/U5279/S0
      bbox     : {116.8580 254.2580} {117.4040 254.3080}
      layer    : M1 CO
      net      : u_core/core_i/ZBUF_213_168
      cell     : u_core/core_i/U5279
      ref_name : MUX41X2_HVT
      origin   : 114.6960 255.7520
    pin u_core/core_i/U5279/Y
      bbox     : {117.5590 254.6060} {118.0950 255.5730}
      layer    : M1 CO
      net      : u_core/core_i/data_wdata_o[1]
      cell     : u_core/core_i/U5279
      ref_name : MUX41X2_HVT
      origin   : 114.6960 255.7520
    pin u_core/core_i/U5279/VDD
      bbox     : {114.6960 254.0500} {118.3440 254.7020}
      layer    : M1 CO
      net      : u_core/core_i/VDD
      cell     : u_core/core_i/U5279
      ref_name : MUX41X2_HVT
      origin   : 114.6960 255.7520
    pin u_core/core_i/ZBUF_56_inst_1820/VDD
      bbox     : {116.3680 253.3180} {117.5840 254.1100}
      layer    : M1 CO
      net      : u_core/core_i/VDD
      cell     : u_core/core_i/ZBUF_56_inst_1820
      ref_name : NBUFFX2_HVT
      origin   : 116.3680 252.4080
    pin u_core/core_i/id_stage_i/ZBUF_5_inst_2350/VDD
      bbox     : {117.5840 253.3180} {118.8000 254.1100}
      layer    : M1 CO
      net      : u_core/core_i/id_stage_i/VDD
      cell     : u_core/core_i/id_stage_i/ZBUF_5_inst_2350
      ref_name : NBUFFX2_HVT
      origin   : 117.5840 252.4080
  cells       : 3
    cell u_core/core_i/U5279 ref=MUX41X2_HVT origin=114.6960 255.7520
    cell u_core/core_i/ZBUF_56_inst_1820 ref=NBUFFX2_HVT origin=116.3680 252.4080
    cell u_core/core_i/id_stage_i/ZBUF_5_inst_2350 ref=NBUFFX2_HVT origin=117.5840 252.4080
  shapes      : 6
    shape PATH_11_140
      layer : M1
      bbox  : {20.0000 254.0500} {306.9760 254.1100}
      net   : VDD
    shape PATH_17_4048
      layer : M4
      bbox  : {117.5560 215.1400} {117.6120 259.2760}
      net   : u_core/core_i/ZBUF_513_256
    shape PATH_15_16769
      layer : M3
      bbox  : {116.6440 254.0520} {117.7640 254.1080}
      net   : u_core/core_i/alu_operand_a_ex[20]
    shape PATH_13_108124
      layer : M2
      bbox  : {117.4040 254.3560} {117.4600 257.3000}
      net   : u_core/core_i/ZBUF_213_168
    shape PATH_13_109949
      layer : M2
      bbox  : {117.2520 221.8280} {117.3080 260.9480}
      net   : u_core/core_i/ZBUF_142_196
    shape PATH_13_111577
      layer : M2
      bbox  : {117.5560 232.9240} {117.6120 271.2840}
      net   : u_core/core_i/ZBUF_152_231

Marker Hotspot_200to220_200to220_1
  error_id    : 53
  error_type  : Off-grid
  error_layer : M2 (13)
  center      : 216.813 201.64
  bbox        : {216.758 201.534} {216.868 201.746}
  search_box  : {216.508 201.284} {217.118 201.996}
  pins        : 3
    pin u_core/core_i/U2470/A1
      bbox     : {216.4810 201.4330} {216.6530 201.6170}
      layer    : M1 CO
      net      : u_core/core_i/n4236
      cell     : u_core/core_i/U2470
      ref_name : NOR2X4_RVT
      origin   : 216.2320 202.2480
    pin u_core/core_i/U2470/VDD
      bbox     : {216.2320 200.5460} {218.2080 201.3370}
      layer    : M1 CO
      net      : u_core/core_i/VDD
      cell     : u_core/core_i/U2470
      ref_name : NOR2X4_RVT
      origin   : 216.2320 202.2480
    pin u_core/core_i/U2470/VSS
      bbox     : {216.2320 201.8370} {218.2080 202.2780}
      layer    : M1 CO
      net      : u_core/core_i/VSS
      cell     : u_core/core_i/U2470
      ref_name : NOR2X4_RVT
      origin   : 216.2320 202.2480
  cells       : 1
    cell u_core/core_i/U2470 ref=NOR2X4_RVT origin=216.2320 202.2480
  shapes      : 9
    shape PATH_21_1302
      layer : M6
      bbox  : {216.9640 137.9240} {217.0200 259.5800}
      net   : u_core/core_i/ZBUF_208_324
    shape PATH_19_2320
      layer : M5
      bbox  : {203.2840 201.7640} {218.8440 201.8200}
      net   : u_core/core_i/ZBUF_277_303
    shape PATH_13_5517
      layer : M2
      bbox  : {216.9640 200.3960} {217.0200 203.0360}
      net   : u_core/core_i/ex_stage_i/alu_i/alu_div_i/ResReg_DP_rev[15]
    shape PATH_15_15893
      layer : M3
      bbox  : {203.1320 201.7640} {216.5640 201.8200}
      net   : u_core/core_i/n4236
    shape PATH_15_15895
      layer : M3
      bbox  : {216.5080 201.7640} {218.2360 201.8200}
      net   : u_core/core_i/n4236
    shape PATH_13_25372
      layer : M2
      bbox  : {216.8120 201.6120} {216.8680 202.7320}
      net   : u_core/core_i/n5882
    shape PATH_13_32630
      layer : M2
      bbox  : {216.5060 201.5340} {216.5660 201.8220}
      net   : u_core/core_i/n4236
    shape PATH_15_52337
      layer : M3
      bbox  : {199.1800 201.4600} {221.2760 201.5160}
      net   : u_core/core_i/ZBUF_215_82
    shape PATH_13_104093
      layer : M2
      bbox  : {217.1160 196.5960} {217.1720 220.8200}
      net   : u_core/core_i/ZBUF_285_106

Marker Hotspot_200to220_200to220_2
  error_id    : 54
  error_type  : Off-grid
  error_layer : VIA1 (12)
  center      : 216.813 201.64
  bbox        : {216.788 201.539} {216.838 201.741}
  search_box  : {216.538 201.289} {217.088 201.991}
  pins        : 3
    pin u_core/core_i/U2470/A1
      bbox     : {216.4810 201.4330} {216.6530 201.6170}
      layer    : M1 CO
      net      : u_core/core_i/n4236
      cell     : u_core/core_i/U2470
      ref_name : NOR2X4_RVT
      origin   : 216.2320 202.2480
    pin u_core/core_i/U2470/VDD
      bbox     : {216.2320 200.5460} {218.2080 201.3370}
      layer    : M1 CO
      net      : u_core/core_i/VDD
      cell     : u_core/core_i/U2470
      ref_name : NOR2X4_RVT
      origin   : 216.2320 202.2480
    pin u_core/core_i/U2470/VSS
      bbox     : {216.2320 201.8370} {218.2080 202.2780}
      layer    : M1 CO
      net      : u_core/core_i/VSS
      cell     : u_core/core_i/U2470
      ref_name : NOR2X4_RVT
      origin   : 216.2320 202.2480
  cells       : 1
    cell u_core/core_i/U2470 ref=NOR2X4_RVT origin=216.2320 202.2480
  shapes      : 8
    shape PATH_21_1302
      layer : M6
      bbox  : {216.9640 137.9240} {217.0200 259.5800}
      net   : u_core/core_i/ZBUF_208_324
    shape PATH_19_2320
      layer : M5
      bbox  : {203.2840 201.7640} {218.8440 201.8200}
      net   : u_core/core_i/ZBUF_277_303
    shape PATH_13_5517
      layer : M2
      bbox  : {216.9640 200.3960} {217.0200 203.0360}
      net   : u_core/core_i/ex_stage_i/alu_i/alu_div_i/ResReg_DP_rev[15]
    shape PATH_15_15893
      layer : M3
      bbox  : {203.1320 201.7640} {216.5640 201.8200}
      net   : u_core/core_i/n4236
    shape PATH_15_15895
      layer : M3
      bbox  : {216.5080 201.7640} {218.2360 201.8200}
      net   : u_core/core_i/n4236
    shape PATH_13_25372
      layer : M2
      bbox  : {216.8120 201.6120} {216.8680 202.7320}
      net   : u_core/core_i/n5882
    shape PATH_13_32630
      layer : M2
      bbox  : {216.5060 201.5340} {216.5660 201.8220}
      net   : u_core/core_i/n4236
    shape PATH_15_52337
      layer : M3
      bbox  : {199.1800 201.4600} {221.2760 201.5160}
      net   : u_core/core_i/ZBUF_215_82

Marker Hotspot_200to220_200to220_3
  error_id    : 55
  error_type  : Off-grid
  error_layer : M2 (13)
  center      : 219.299 202.856
  bbox        : {219.244 202.75} {219.354 202.962}
  search_box  : {218.994 202.5} {219.604 203.212}
  pins        : 3
    pin u_core/core_i/U2548/A1
      bbox     : {219.4590 202.8790} {219.6310 203.0630}
      layer    : M1 CO
      net      : u_core/core_i/n4236
      cell     : u_core/core_i/U2548
      ref_name : NOR2X4_RVT
      origin   : 219.8800 202.2480
    pin u_core/core_i/U2548/VDD
      bbox     : {217.9040 203.1590} {219.8800 203.9500}
      layer    : M1 CO
      net      : u_core/core_i/VDD
      cell     : u_core/core_i/U2548
      ref_name : NOR2X4_RVT
      origin   : 219.8800 202.2480
    pin u_core/core_i/U2548/VSS
      bbox     : {217.9040 202.2180} {219.8800 202.6590}
      layer    : M1 CO
      net      : u_core/core_i/VSS
      cell     : u_core/core_i/U2548
      ref_name : NOR2X4_RVT
      origin   : 219.8800 202.2480
  cells       : 1
    cell u_core/core_i/U2548 ref=NOR2X4_RVT origin=219.8800 202.2480
  shapes      : 7
    shape PATH_25_21
      layer : M8
      bbox  : {219.5000 10.0000} {220.5000 315.9120}
      net   : VSS
    shape PATH_19_429
      layer : M5
      bbox  : {205.1080 202.9800} {241.0360 203.0360}
      net   : u_core/core_i/ex_stage_i/alu_i/alu_div_i/BReg_DP[14]
    shape PATH_17_918
      layer : M4
      bbox  : {219.0920 171.6680} {219.1480 203.6440}
      net   : u_core/core_i/ex_stage_i/alu_i/alu_div_i/BRegEn_S
    shape PATH_11_4417
      layer : M1
      bbox  : {219.5510 202.9830} {221.1210 203.0330}
      net   : u_core/core_i/n4236
    shape PATH_13_25374
      layer : M2
      bbox  : {219.2440 202.8280} {219.3000 204.8600}
      net   : u_core/core_i/n5883
    shape PATH_15_51365
      layer : M3
      bbox  : {217.7240 202.6760} {223.8600 202.7320}
      net   : u_core/core_i/ZBUF_126_61
    shape PATH_15_53476
      layer : M3
      bbox  : {218.3320 202.9800} {220.8200 203.0360}
      net   : u_core/core_i/ZBUF_111_105

Marker Hotspot_220to240_180to200_1
  error_id    : 40
  error_type  : Off-grid
  error_layer : M2 (13)
  center      : 230.797 189.48000000000002
  bbox        : {230.742 189.374} {230.852 189.586}
  search_box  : {230.492 189.124} {231.102 189.836}
  pins        : 3
    pin u_core/core_i/U1778/A1
      bbox     : {230.4650 189.5030} {230.6370 189.6870}
      layer    : M1 CO
      net      : u_core/core_i/n4236
      cell     : u_core/core_i/U1778
      ref_name : NOR2X4_RVT
      origin   : 230.2160 188.8720
    pin u_core/core_i/U1778/VDD
      bbox     : {230.2160 189.7830} {232.1920 190.5740}
      layer    : M1 CO
      net      : u_core/core_i/VDD
      cell     : u_core/core_i/U1778
      ref_name : NOR2X4_RVT
      origin   : 230.2160 188.8720
    pin u_core/core_i/U1778/VSS
      bbox     : {230.2160 188.8420} {232.1920 189.2830}
      layer    : M1 CO
      net      : u_core/core_i/VSS
      cell     : u_core/core_i/U1778
      ref_name : NOR2X4_RVT
      origin   : 230.2160 188.8720
  cells       : 1
    cell u_core/core_i/U1778 ref=NOR2X4_RVT origin=230.2160 188.8720
  shapes      : 5
    shape PATH_19_1981
      layer : M5
      bbox  : {201.7640 189.6040} {231.3080 189.6600}
      net   : u_core/core_i/csr_rdata[22]
    shape PATH_15_3487
      layer : M3
      bbox  : {225.9320 189.3000} {234.5000 189.3560}
      net   : u_core/core_i/n385
    shape PATH_11_4418
      layer : M1
      bbox  : {230.3380 189.6020} {230.5810 189.6620}
      net   : u_core/core_i/n4236
    shape PATH_17_13488
      layer : M4
      bbox  : {230.9480 163.7640} {231.0040 221.8840}
      net   : u_core/core_i/ZBUF_2_36
    shape PATH_13_25365
      layer : M2
      bbox  : {230.7960 189.4520} {230.8520 190.2680}
      net   : u_core/core_i/n5878

Marker Hotspot_220to240_180to200_2
  error_id    : 41
  error_type  : Off-grid
  error_layer : VIA1 (12)
  center      : 230.797 189.48
  bbox        : {230.772 189.379} {230.822 189.581}
  search_box  : {230.522 189.129} {231.072 189.831}
  pins        : 3
    pin u_core/core_i/U1778/A1
      bbox     : {230.4650 189.5030} {230.6370 189.6870}
      layer    : M1 CO
      net      : u_core/core_i/n4236
      cell     : u_core/core_i/U1778
      ref_name : NOR2X4_RVT
      origin   : 230.2160 188.8720
    pin u_core/core_i/U1778/VDD
      bbox     : {230.2160 189.7830} {232.1920 190.5740}
      layer    : M1 CO
      net      : u_core/core_i/VDD
      cell     : u_core/core_i/U1778
      ref_name : NOR2X4_RVT
      origin   : 230.2160 188.8720
    pin u_core/core_i/U1778/VSS
      bbox     : {230.2160 188.8420} {232.1920 189.2830}
      layer    : M1 CO
      net      : u_core/core_i/VSS
      cell     : u_core/core_i/U1778
      ref_name : NOR2X4_RVT
      origin   : 230.2160 188.8720
  cells       : 1
    cell u_core/core_i/U1778 ref=NOR2X4_RVT origin=230.2160 188.8720
  shapes      : 5
    shape PATH_19_1981
      layer : M5
      bbox  : {201.7640 189.6040} {231.3080 189.6600}
      net   : u_core/core_i/csr_rdata[22]
    shape PATH_15_3487
      layer : M3
      bbox  : {225.9320 189.3000} {234.5000 189.3560}
      net   : u_core/core_i/n385
    shape PATH_11_4418
      layer : M1
      bbox  : {230.3380 189.6020} {230.5810 189.6620}
      net   : u_core/core_i/n4236
    shape PATH_17_13488
      layer : M4
      bbox  : {230.9480 163.7640} {231.0040 221.8840}
      net   : u_core/core_i/ZBUF_2_36
    shape PATH_13_25365
      layer : M2
      bbox  : {230.7960 189.4520} {230.8520 190.2680}
      net   : u_core/core_i/n5878

Marker Hotspot_220to240_180to200_3
  error_id    : 42
  error_type  : Off-grid
  error_layer : M2 (13)
  center      : 232.469 188.264
  bbox        : {232.414 188.158} {232.524 188.37}
  search_box  : {232.164 187.908} {232.774 188.62}
  pins        : 3
    pin u_core/core_i/U1897/A1
      bbox     : {232.1370 188.0570} {232.3090 188.2410}
      layer    : M1 CO
      net      : u_core/core_i/n4236
      cell     : u_core/core_i/U1897
      ref_name : NOR2X4_RVT
      origin   : 231.8880 188.8720
    pin u_core/core_i/U1897/VDD
      bbox     : {231.8880 187.1700} {233.8640 187.9610}
      layer    : M1 CO
      net      : u_core/core_i/VDD
      cell     : u_core/core_i/U1897
      ref_name : NOR2X4_RVT
      origin   : 231.8880 188.8720
    pin u_core/core_i/U1897/VSS
      bbox     : {231.8880 188.4610} {233.8640 188.9020}
      layer    : M1 CO
      net      : u_core/core_i/VSS
      cell     : u_core/core_i/U1897
      ref_name : NOR2X4_RVT
      origin   : 231.8880 188.8720
  cells       : 1
    cell u_core/core_i/U1897 ref=NOR2X4_RVT origin=231.8880 188.8720
  shapes      : 6
    shape PATH_23_19
      layer : M7
      bbox  : {10.0000 187.5000} {316.9760 188.5000}
      net   : VSS
    shape PATH_19_2005
      layer : M5
      bbox  : {226.6920 188.3880} {251.9800 188.4440}
      net   : u_core/core_i/csr_rdata[7]
    shape PATH_17_4155
      layer : M4
      bbox  : {232.4680 185.9560} {232.5240 212.7640}
      net   : u_core/core_i/csr_rdata[14]
    shape PATH_11_4419
      layer : M1
      bbox  : {231.8630 188.2390} {232.2170 188.2890}
      net   : u_core/core_i/n4236
    shape PATH_13_25367
      layer : M2
      bbox  : {232.4680 186.8680} {232.5240 188.2920}
      net   : u_core/core_i/n5879
    shape PATH_15_43993
      layer : M3
      bbox  : {228.9720 188.0840} {235.4120 188.1400}
      net   : u_core/core_i/cs_registers_i/HFSNET_3

Marker Hotspot_020to040_060to080_1
  error_id    : 14
  error_type  : Off-grid
  error_layer : VIA1 (12)
  center      : 26.686 67.88
  bbox        : {26.661 67.779} {26.711 67.981}
  search_box  : {26.411 67.529} {26.961 68.231}
  pins        : 2
    pin u_core/core_i/id_stage_i/U3250/A1
      bbox     : {26.3290 67.6730} {26.5010 67.8570}
      layer    : M1 CO
      net      : u_core/core_i/id_stage_i/ZBUF_152_195
      cell     : u_core/core_i/id_stage_i/U3250
      ref_name : NOR2X4_RVT
      origin   : 26.0800 68.4880
    pin u_core/core_i/id_stage_i/U3250/VSS
      bbox     : {26.0800 68.0770} {28.0560 68.5180}
      layer    : M1 CO
      net      : u_core/core_i/id_stage_i/VSS
      cell     : u_core/core_i/id_stage_i/U3250
      ref_name : NOR2X4_RVT
      origin   : 26.0800 68.4880
  cells       : 1
    cell u_core/core_i/id_stage_i/U3250 ref=NOR2X4_RVT origin=26.0800 68.4880
  shapes      : 9
    shape PATH_23_13
      layer : M7
      bbox  : {10.0000 67.5000} {316.9760 68.5000}
      net   : VSS
    shape PATH_21_1748
      layer : M6
      bbox  : {26.6600 63.7480} {26.7160 136.1560}
      net   : u_core/core_i/id_stage_i/ZBUF_62_424
    shape PATH_17_6730
      layer : M4
      bbox  : {26.3560 49.1560} {26.4120 94.5080}
      net   : u_core/core_i/id_stage_i/register_file_i/N1019
    shape PATH_13_42228
      layer : M2
      bbox  : {26.8120 35.7800} {26.8680 70.3400}
      net   : u_core/core_i/id_stage_i/register_file_i/N1001
    shape PATH_15_56770
      layer : M3
      bbox  : {26.3560 68.0040} {28.8440 68.0600}
      net   : u_core/core_i/id_stage_i/ZBUF_152_195
    shape PATH_13_95074
      layer : M2
      bbox  : {26.5080 66.1800} {26.5640 67.9080}
      net   : u_core/core_i/id_stage_i/ZBUF_1454_34
    shape PATH_13_95076
      layer : M2
      bbox  : {26.5080 67.8520} {26.5640 71.7080}
      net   : u_core/core_i/id_stage_i/ZBUF_1454_34
    shape PATH_13_109796
      layer : M2
      bbox  : {26.3560 68.0040} {26.4120 72.7720}
      net   : u_core/core_i/id_stage_i/ZBUF_152_195
    shape PATH_13_109797
      layer : M2
      bbox  : {26.3560 67.7000} {26.4120 68.0600}
      net   : u_core/core_i/id_stage_i/ZBUF_152_195

Marker Hotspot_020to040_060to080_2
  error_id    : 15
  error_type  : Off-grid
  error_layer : M2 (13)
  center      : 26.686 67.88
  bbox        : {26.656 67.749} {26.716 68.011}
  search_box  : {26.406 67.499} {26.966 68.261}
  pins        : 3
    pin u_core/core_i/id_stage_i/U3250/A1
      bbox     : {26.3290 67.6730} {26.5010 67.8570}
      layer    : M1 CO
      net      : u_core/core_i/id_stage_i/ZBUF_152_195
      cell     : u_core/core_i/id_stage_i/U3250
      ref_name : NOR2X4_RVT
      origin   : 26.0800 68.4880
    pin u_core/core_i/id_stage_i/U3250/VDD
      bbox     : {26.0800 66.7860} {28.0560 67.5770}
      layer    : M1 CO
      net      : u_core/core_i/id_stage_i/VDD
      cell     : u_core/core_i/id_stage_i/U3250
      ref_name : NOR2X4_RVT
      origin   : 26.0800 68.4880
    pin u_core/core_i/id_stage_i/U3250/VSS
      bbox     : {26.0800 68.0770} {28.0560 68.5180}
      layer    : M1 CO
      net      : u_core/core_i/id_stage_i/VSS
      cell     : u_core/core_i/id_stage_i/U3250
      ref_name : NOR2X4_RVT
      origin   : 26.0800 68.4880
  cells       : 1
    cell u_core/core_i/id_stage_i/U3250 ref=NOR2X4_RVT origin=26.0800 68.4880
  shapes      : 9
    shape PATH_23_13
      layer : M7
      bbox  : {10.0000 67.5000} {316.9760 68.5000}
      net   : VSS
    shape PATH_21_1748
      layer : M6
      bbox  : {26.6600 63.7480} {26.7160 136.1560}
      net   : u_core/core_i/id_stage_i/ZBUF_62_424
    shape PATH_17_6730
      layer : M4
      bbox  : {26.3560 49.1560} {26.4120 94.5080}
      net   : u_core/core_i/id_stage_i/register_file_i/N1019
    shape PATH_13_42228
      layer : M2
      bbox  : {26.8120 35.7800} {26.8680 70.3400}
      net   : u_core/core_i/id_stage_i/register_file_i/N1001
    shape PATH_15_56770
      layer : M3
      bbox  : {26.3560 68.0040} {28.8440 68.0600}
      net   : u_core/core_i/id_stage_i/ZBUF_152_195
    shape PATH_13_95074
      layer : M2
      bbox  : {26.5080 66.1800} {26.5640 67.9080}
      net   : u_core/core_i/id_stage_i/ZBUF_1454_34
    shape PATH_13_95076
      layer : M2
      bbox  : {26.5080 67.8520} {26.5640 71.7080}
      net   : u_core/core_i/id_stage_i/ZBUF_1454_34
    shape PATH_13_109796
      layer : M2
      bbox  : {26.3560 68.0040} {26.4120 72.7720}
      net   : u_core/core_i/id_stage_i/ZBUF_152_195
    shape PATH_13_109797
      layer : M2
      bbox  : {26.3560 67.7000} {26.4120 68.0600}
      net   : u_core/core_i/id_stage_i/ZBUF_152_195

Marker Hotspot_020to040_060to080_3
  error_id    : 16
  error_type  : Off-grid
  error_layer : VIA1 (12)
  center      : 29.093 62.408
  bbox        : {29.068 62.307} {29.118 62.509}
  search_box  : {28.818 62.057} {29.368 62.759}
  pins        : 3
    pin u_core/core_i/id_stage_i/U1190/A1
      bbox     : {28.7610 62.4310} {28.9330 62.6150}
      layer    : M1 CO
      net      : u_core/core_i/id_stage_i/ZBUF_152_195
      cell     : u_core/core_i/id_stage_i/U1190
      ref_name : NOR2X4_RVT
      origin   : 28.5120 61.8000
    pin u_core/core_i/id_stage_i/U1190/VDD
      bbox     : {28.5120 62.7110} {30.4880 63.5020}
      layer    : M1 CO
      net      : u_core/core_i/id_stage_i/VDD
      cell     : u_core/core_i/id_stage_i/U1190
      ref_name : NOR2X4_RVT
      origin   : 28.5120 61.8000
    pin u_core/core_i/id_stage_i/U1190/VSS
      bbox     : {28.5120 61.7700} {30.4880 62.2110}
      layer    : M1 CO
      net      : u_core/core_i/id_stage_i/VSS
      cell     : u_core/core_i/id_stage_i/U1190
      ref_name : NOR2X4_RVT
      origin   : 28.5120 61.8000
  cells       : 1
    cell u_core/core_i/id_stage_i/U1190 ref=NOR2X4_RVT origin=28.5120 61.8000
  shapes      : 4
    shape PATH_17_12368
      layer : M4
      bbox  : {28.7880 60.2520} {28.8440 85.6920}
      net   : u_core/core_i/ZCTSNET_6
    shape PATH_13_95075
      layer : M2
      bbox  : {29.2440 62.3800} {29.3000 66.2360}
      net   : u_core/core_i/id_stage_i/ZBUF_1454_34
    shape PATH_13_95090
      layer : M2
      bbox  : {29.2440 62.3800} {29.6040 62.4360}
      net   : u_core/core_i/id_stage_i/ZBUF_1454_34
    shape PATH_13_109798
      layer : M2
      bbox  : {28.7880 62.4560} {28.8440 68.0600}
      net   : u_core/core_i/id_stage_i/ZBUF_152_195

Marker Hotspot_240to260_180to200_1
  error_id    : 45
  error_type  : Off-grid
  error_layer : VIA1 (12)
  center      : 241.76600000000002 189.48
  bbox        : {241.741 189.379} {241.791 189.581}
  search_box  : {241.491 189.129} {242.041 189.831}
  pins        : 2
    pin u_core/core_i/U4296/A1
      bbox     : {241.4090 189.5030} {241.5810 189.6870}
      layer    : M1 CO
      net      : u_core/core_i/ZBUF_404_86
      cell     : u_core/core_i/U4296
      ref_name : NOR2X4_RVT
      origin   : 241.1600 188.8720
    pin u_core/core_i/U4296/VSS
      bbox     : {241.1600 188.8420} {243.1360 189.2830}
      layer    : M1 CO
      net      : u_core/core_i/VSS
      cell     : u_core/core_i/U4296
      ref_name : NOR2X4_RVT
      origin   : 241.1600 188.8720
  cells       : 1
    cell u_core/core_i/U4296 ref=NOR2X4_RVT origin=241.1600 188.8720
  shapes      : 6
    shape PATH_19_4927
      layer : M5
      bbox  : {241.2840 189.6040} {249.2440 189.6600}
      net   : u_core/core_i/ZBUF_865_426
    shape PATH_13_25481
      layer : M2
      bbox  : {241.7400 189.4520} {241.7960 191.4840}
      net   : u_core/core_i/n5918
    shape PATH_13_100280
      layer : M2
      bbox  : {241.8920 188.0840} {241.9480 192.8520}
      net   : u_core/core_i/ZBUF_126_61
    shape PATH_13_102319
      layer : M2
      bbox  : {241.3600 189.4520} {241.6440 189.5080}
      net   : u_core/core_i/ZBUF_404_86
    shape PATH_13_102325
      layer : M2
      bbox  : {241.5880 185.0440} {241.6440 189.5080}
      net   : u_core/core_i/ZBUF_404_86
    shape PATH_13_102326
      layer : M2
      bbox  : {241.5880 189.4520} {241.6440 191.1800}
      net   : u_core/core_i/ZBUF_404_86

Marker Hotspot_240to260_180to200_2
  error_id    : 46
  error_type  : Off-grid
  error_layer : M2 (13)
  center      : 241.766 189.48
  bbox        : {241.736 189.349} {241.796 189.611}
  search_box  : {241.486 189.099} {242.046 189.861}
  pins        : 3
    pin u_core/core_i/U4296/A1
      bbox     : {241.4090 189.5030} {241.5810 189.6870}
      layer    : M1 CO
      net      : u_core/core_i/ZBUF_404_86
      cell     : u_core/core_i/U4296
      ref_name : NOR2X4_RVT
      origin   : 241.1600 188.8720
    pin u_core/core_i/U4296/VDD
      bbox     : {241.1600 189.7830} {243.1360 190.5740}
      layer    : M1 CO
      net      : u_core/core_i/VDD
      cell     : u_core/core_i/U4296
      ref_name : NOR2X4_RVT
      origin   : 241.1600 188.8720
    pin u_core/core_i/U4296/VSS
      bbox     : {241.1600 188.8420} {243.1360 189.2830}
      layer    : M1 CO
      net      : u_core/core_i/VSS
      cell     : u_core/core_i/U4296
      ref_name : NOR2X4_RVT
      origin   : 241.1600 188.8720
  cells       : 1
    cell u_core/core_i/U4296 ref=NOR2X4_RVT origin=241.1600 188.8720
  shapes      : 6
    shape PATH_19_4927
      layer : M5
      bbox  : {241.2840 189.6040} {249.2440 189.6600}
      net   : u_core/core_i/ZBUF_865_426
    shape PATH_13_25481
      layer : M2
      bbox  : {241.7400 189.4520} {241.7960 191.4840}
      net   : u_core/core_i/n5918
    shape PATH_13_100280
      layer : M2
      bbox  : {241.8920 188.0840} {241.9480 192.8520}
      net   : u_core/core_i/ZBUF_126_61
    shape PATH_13_102319
      layer : M2
      bbox  : {241.3600 189.4520} {241.6440 189.5080}
      net   : u_core/core_i/ZBUF_404_86
    shape PATH_13_102325
      layer : M2
      bbox  : {241.5880 185.0440} {241.6440 189.5080}
      net   : u_core/core_i/ZBUF_404_86
    shape PATH_13_102326
      layer : M2
      bbox  : {241.5880 189.4520} {241.6440 191.1800}
      net   : u_core/core_i/ZBUF_404_86

Marker Hotspot_240to260_180to200_3
  error_id    : 47
  error_type  : Off-grid
  error_layer : VIA1 (12)
  center      : 251.64600000000002 191.608
  bbox        : {251.621 191.507} {251.671 191.709}
  search_box  : {251.371 191.257} {251.921 191.959}
  pins        : 2
    pin u_core/core_i/U4234/A1
      bbox     : {251.2890 191.4010} {251.4610 191.5850}
      layer    : M1 CO
      net      : u_core/core_i/ex_stage_i/alu_i/alu_div_i/AReg_DP[3]
      cell     : u_core/core_i/U4234
      ref_name : NOR2X4_RVT
      origin   : 251.0400 192.2160
    pin u_core/core_i/U4234/VSS
      bbox     : {251.0400 191.8050} {253.0160 192.2460}
      layer    : M1 CO
      net      : u_core/core_i/VSS
      cell     : u_core/core_i/U4234
      ref_name : NOR2X4_RVT
      origin   : 251.0400 192.2160
  cells       : 1
    cell u_core/core_i/U4234 ref=NOR2X4_RVT origin=251.0400 192.2160
  shapes      : 7
    shape PATH_19_7707
      layer : M5
      bbox  : {224.2600 191.4280} {268.0920 191.4840}
      net   : u_core/core_i/ZBUF_39_196
    shape PATH_17_11817
      layer : M4
      bbox  : {251.3160 178.6600} {251.3720 199.3880}
      net   : u_core/core_i/cs_registers_i/csr_wdata_int[13]
    shape PATH_13_21375
      layer : M2
      bbox  : {251.4680 189.9080} {251.5240 194.2200}
      net   : u_core/core_i/n4723
    shape PATH_13_21391
      layer : M2
      bbox  : {251.3160 190.2120} {251.3720 191.3320}
      net   : u_core/core_i/n4727
    shape PATH_13_21392
      layer : M2
      bbox  : {250.2520 191.2760} {251.3720 191.3320}
      net   : u_core/core_i/n4727
    shape PATH_13_21416
      layer : M2
      bbox  : {251.7720 187.7800} {251.8280 196.5000}
      net   : u_core/core_i/n4731
    shape PATH_13_25492
      layer : M2
      bbox  : {251.6200 191.5800} {251.6760 192.3960}
      net   : u_core/core_i/n5922

Marker Hotspot_220to240_260to280_1
  error_id    : 95
  error_type  : Off-grid
  error_layer : VIA1 (12)
  center      : 237.966 271.712
  bbox        : {237.941 271.611} {237.991 271.813}
  search_box  : {237.691 271.361} {238.241 272.063}
  pins        : 2
    pin u_core/core_i/U1065/A1
      bbox     : {237.5940 271.5050} {237.7660 271.8500}
      layer    : M1 CO
      net      : u_core/core_i/n850
      cell     : u_core/core_i/U1065
      ref_name : OR2X4_RVT
      origin   : 237.3600 272.4720
    pin u_core/core_i/U1065/VDD
      bbox     : {237.3600 270.7700} {239.0320 271.5040}
      layer    : M1 CO
      net      : u_core/core_i/VDD
      cell     : u_core/core_i/U1065
      ref_name : OR2X4_RVT
      origin   : 237.3600 272.4720
  cells       : 1
    cell u_core/core_i/U1065 ref=OR2X4_RVT origin=237.3600 272.4720
  shapes      : 4
    shape PATH_19_1459
      layer : M5
      bbox  : {231.2520 271.6840} {241.3400 271.7400}
      net   : u_core/core_i/n689
    shape PATH_13_7726
      layer : M2
      bbox  : {237.7880 268.9480} {237.8440 271.7400}
      net   : u_core/core_i/n849
    shape PATH_13_7819
      layer : M2
      bbox  : {238.0920 270.1640} {238.1480 274.4760}
      net   : u_core/core_i/n886
    shape PATH_15_9128
      layer : M3
      bbox  : {214.5320 271.9880} {258.9720 272.0440}
      net   : u_core/core_i/n4114

Marker Hotspot_220to240_260to280_2
  error_id    : 96
  error_type  : Off-grid
  error_layer : M2 (13)
  center      : 237.966 271.712
  bbox        : {237.936 271.581} {237.996 271.843}
  search_box  : {237.686 271.331} {238.246 272.093}
  pins        : 3
    pin u_core/core_i/U1065/A1
      bbox     : {237.5940 271.5050} {237.7660 271.8500}
      layer    : M1 CO
      net      : u_core/core_i/n850
      cell     : u_core/core_i/U1065
      ref_name : OR2X4_RVT
      origin   : 237.3600 272.4720
    pin u_core/core_i/U1065/VDD
      bbox     : {237.3600 270.7700} {239.0320 271.5040}
      layer    : M1 CO
      net      : u_core/core_i/VDD
      cell     : u_core/core_i/U1065
      ref_name : OR2X4_RVT
      origin   : 237.3600 272.4720
    pin u_core/core_i/U1065/VSS
      bbox     : {237.3600 271.9980} {239.0320 272.5020}
      layer    : M1 CO
      net      : u_core/core_i/VSS
      cell     : u_core/core_i/U1065
      ref_name : OR2X4_RVT
      origin   : 237.3600 272.4720
  cells       : 1
    cell u_core/core_i/U1065 ref=OR2X4_RVT origin=237.3600 272.4720
  shapes      : 4
    shape PATH_19_1459
      layer : M5
      bbox  : {231.2520 271.6840} {241.3400 271.7400}
      net   : u_core/core_i/n689
    shape PATH_13_7726
      layer : M2
      bbox  : {237.7880 268.9480} {237.8440 271.7400}
      net   : u_core/core_i/n849
    shape PATH_13_7819
      layer : M2
      bbox  : {238.0920 270.1640} {238.1480 274.4760}
      net   : u_core/core_i/n886
    shape PATH_15_9128
      layer : M3
      bbox  : {214.5320 271.9880} {258.9720 272.0440}
      net   : u_core/core_i/n4114

Marker Hotspot_220to240_260to280_3
  error_id    : 97
  error_type  : Off-grid
  error_layer : VIA1 (12)
  center      : 236.11700000000002 273.23199999999997
  bbox        : {236.092 273.131} {236.142 273.333}
  search_box  : {235.842 272.881} {236.392 273.583}
  pins        : 2
    pin u_core/core_i/U1091/A1
      bbox     : {235.7700 273.0940} {235.9420 273.4390}
      layer    : M1 CO
      net      : u_core/core_i/n865
      cell     : u_core/core_i/U1091
      ref_name : OR2X4_RVT
      origin   : 235.5360 272.4720
    pin u_core/core_i/U1091/VDD
      bbox     : {235.5360 273.4400} {237.2080 274.1740}
      layer    : M1 CO
      net      : u_core/core_i/VDD
      cell     : u_core/core_i/U1091
      ref_name : OR2X4_RVT
      origin   : 235.5360 272.4720
  cells       : 1
    cell u_core/core_i/U1091 ref=OR2X4_RVT origin=235.5360 272.4720
  shapes      : 6
    shape PATH_19_479
      layer : M5
      bbox  : {230.0360 273.5080} {238.9080 273.5640}
      net   : u_core/core_i/n978
    shape PATH_11_1149
      layer : M1
      bbox  : {235.6580 273.3540} {235.8550 273.4140}
      net   : u_core/core_i/n865
    shape PATH_15_4252
      layer : M3
      bbox  : {230.0360 273.5080} {240.7320 273.5640}
      net   : u_core/core_i/n1044
    shape PATH_13_7774
      layer : M2
      bbox  : {236.1160 272.5960} {236.1720 273.2600}
      net   : u_core/core_i/n864
    shape PATH_13_99950
      layer : M2
      bbox  : {235.5080 273.5080} {236.0200 273.5640}
      net   : u_core/core_i/ZBUF_827_61
    shape PATH_13_99951
      layer : M2
      bbox  : {235.9640 273.5080} {236.0200 290.2840}
      net   : u_core/core_i/ZBUF_827_61

