SDFFARX1_RVT | u_core/core_i/id_stage_i/register_file_i/mem_reg[30][23] | RSTB | Blocked  RSTB(M2) 3: {180.3600 158.6240} {180.3600 158.6285} {180.3600 158.6262}
SDFFARX1_RVT | u_core/core_i/id_stage_i/register_file_i/mem_reg[29][26] | CLK | Blocked  CLK(M2) 2: {40.3680 110.4400} {40.3680 110.4500}
SDFFARX1_RVT | u_core/core_i/id_stage_i/register_file_i/mem_reg[28][27] | Q | Blocked  Q(M2) 1: {59.6720 147.6800}
SDFFARX1_RVT | u_core/core_i/id_stage_i/register_file_i/mem_reg[26][10] | RSTB | Blocked  RSTB(M2) 3: {140.3840 78.3680} {140.3840 78.3725} {140.3840 78.3702}
SDFFARX1_RVT | u_core/core_i/id_stage_i/register_file_i/mem_reg[26][23] | CLK | Blocked  CLK(M2) 2: {120.4720 150.5680} {120.4720 150.5780}
SDFFARX1_RVT | u_core/core_i/id_stage_i/register_file_i/mem_reg[25][14] | QN | Blocked  QN(M2) 1: {159.6880 22.8880}
SDFFARX1_RVT | u_core/core_i/id_stage_i/register_file_i/mem_reg[25][18] | CLK | Blocked  CLK(M2) 3: {159.6880 20.1520} {159.6880 20.1720} {159.6880 20.1620}
SDFFARX1_RVT | u_core/core_i/id_stage_i/register_file_i/mem_reg[23][26] | RSTB | Blocked  RSTB(M2) 3: {80.3440 28.2080} {80.3440 28.2125} {80.3440 28.2102}
SDFFARX1_RVT | u_core/core_i/id_stage_i/register_file_i/mem_reg[23][28] | RSTB | Blocked  RSTB(M2) 3: {80.3440 25.1635} {80.3440 25.1680} {80.3440 25.1657}
SDFFARX1_RVT | u_core/core_i/id_stage_i/register_file_i/mem_reg[23][29] | CLK | Blocked  CLK(M2) 2: {79.5840 43.5600} {79.5840 43.5700}
SDFFARX1_RVT | u_core/core_i/id_stage_i/register_file_i/mem_reg[22][11] | Q | Blocked  Q(M2) 1: {199.6640 29.4240}
SDFFARX1_RVT | u_core/core_i/id_stage_i/register_file_i/mem_reg[22][26] | RSTB | Blocked  RSTB(M2) 3: {100.4080 25.1635} {100.4080 25.1680} {100.4080 25.1657}
SDFFARX1_RVT | u_core/core_i/id_stage_i/register_file_i/mem_reg[19][17] | SI | Blocked  SI(M2) 3: {119.7120 20.3040} {119.7120 20.3415} {119.7120 20.3227}
SDFFARX1_RVT | u_core/core_i/id_stage_i/register_file_i/mem_reg[19][17] | CLK | Blocked  CLK(M2) 3: {120.3200 20.1520} {120.3200 20.1720} {120.3200 20.1620}
SDFFARX1_RVT | u_core/core_i/id_stage_i/register_file_i/mem_reg[18][15] | SE | Blocked  SE(M2) 3: {59.6720 24.3745} {59.6720 24.4080} {59.6720 24.3912}
SDFFARX1_RVT | u_core/core_i/id_stage_i/register_file_i/mem_reg[17][29] | SE | Blocked  SE(M2) 3: {120.3200 44.4385} {120.3200 44.4720} {120.3200 44.4552}
SDFFARX1_RVT | u_core/core_i/id_stage_i/register_file_i/mem_reg[15][13] | QN | Blocked  QN(M2) 1: {119.7120 43.8640}
SDFFARX1_RVT | u_core/core_i/id_stage_i/register_file_i/mem_reg[14][16] | CLK | Blocked  CLK(M2) 3: {119.7120 150.2440} {119.7120 150.2640} {119.7120 150.2540}
SDFFARX1_RVT | u_core/core_i/id_stage_i/register_file_i/mem_reg[14][25] | SE | Blocked  SE(M2) 3: {120.3200 154.7905} {120.3200 154.8240} {120.3200 154.8072}
SDFFARX1_RVT | u_core/core_i/id_stage_i/register_file_i/mem_reg[14][30] | CLK | Blocked  CLK(M2) 3: {159.6880 143.5560} {159.6880 143.5760} {159.6880 143.5660}
SDFFARX1_RVT | u_core/core_i/id_stage_i/register_file_i/mem_reg[13][6] | QN | Blocked  QN(M2) 1: {199.6640 136.5840}
SDFFARX1_RVT | u_core/core_i/id_stage_i/register_file_i/mem_reg[13][7] | CLK | Blocked  CLK(M2) 2: {200.4240 130.5040} {200.4240 130.5140}
SDFFARX1_RVT | u_core/core_i/id_stage_i/register_file_i/mem_reg[13][13] | SE | Blocked  SE(M2) 3: {120.3200 174.8545} {120.3200 174.8880} {120.3200 174.8712}
SDFFARX1_RVT | u_core/core_i/id_stage_i/register_file_i/mem_reg[13][21] | SE | Blocked  SE(M2) 3: {160.2960 151.4465} {160.2960 151.4800} {160.2960 151.4632}
SDFFARX1_RVT | u_core/core_i/id_stage_i/register_file_i/mem_reg[13][26] | RSTB | Blocked  RSTB(M2) 3: {120.3200 165.6115} {120.3200 165.6160} {120.3200 165.6137}
SDFFARX1_RVT | u_core/core_i/id_stage_i/register_file_i/mem_reg[13][28] | SE | Blocked  SE(M2) 3: {119.7120 172.7600} {119.7120 172.7935} {119.7120 172.7767}
SDFFARX1_RVT | u_core/core_i/id_stage_i/register_file_i/mem_reg[12][4] | Q | Blocked  Q(M2) 1: {80.3440 86.2720}
SDFFARX1_RVT | u_core/core_i/id_stage_i/register_file_i/mem_reg[12][10] | CLK | Blocked  CLK(M2) 3: {80.3440 83.6880} {80.3440 83.7080} {80.3440 83.6980}
SDFFARX1_RVT | u_core/core_i/id_stage_i/register_file_i/mem_reg[12][22] | CLK | Blocked  CLK(M2) 3: {59.6720 133.5240} {59.6720 133.5440} {59.6720 133.5340}
SDFFARX1_RVT | u_core/core_i/id_stage_i/register_file_i/mem_reg[11][11] | RSTB | Blocked  RSTB(M2) 3: {99.6480 55.2595} {99.6480 55.2640} {99.6480 55.2617}
SDFFARX1_RVT | u_core/core_i/id_stage_i/register_file_i/mem_reg[11][20] | Q | Blocked  Q(M2) 1: {59.6720 92.9600}
SDFFARX1_RVT | u_core/core_i/id_stage_i/register_file_i/mem_reg[10][3] | SE | Blocked  SE(M2) 3: {199.6640 112.5680} {199.6640 112.6015} {199.6640 112.5847}
SDFFARX1_RVT | u_core/core_i/id_stage_i/register_file_i/mem_reg[10][26] | CLK | Blocked  CLK(M2) 3: {159.6880 157.2560} {159.6880 157.2760} {159.6880 157.2660}
SDFFARX1_RVT | u_core/core_i/id_stage_i/register_file_i/mem_reg[10][28] | CLK | Blocked  CLK(M2) 2: {160.4480 160.6000} {160.4480 160.6100}
SDFFARX1_RVT | u_core/core_i/id_stage_i/register_file_i/mem_reg[8][2] | RSTB | Blocked  RSTB(M2) 3: {99.6480 68.6355} {99.6480 68.6400} {99.6480 68.6377}
SDFFARX1_RVT | u_core/core_i/id_stage_i/register_file_i/mem_reg[8][3] | RSTB | Blocked  RSTB(M2) 3: {119.7120 68.6355} {119.7120 68.6400} {119.7120 68.6377}
SDFFARX1_RVT | u_core/core_i/id_stage_i/register_file_i/mem_reg[8][7] | CLK | Blocked  CLK(M2) 3: {119.7120 73.3320} {119.7120 73.3520} {119.7120 73.3420}
SDFFARX1_RVT | u_core/core_i/id_stage_i/register_file_i/mem_reg[8][11] | CLK | Blocked  CLK(M2) 2: {119.5600 56.9360} {119.5600 56.9460}
SDFFARX1_RVT | u_core/core_i/id_stage_i/register_file_i/mem_reg[7][20] | RSTB | Blocked  RSTB(M2) 3: {99.6480 118.4960} {99.6480 118.5005} {99.6480 118.4982}
SDFFARX1_RVT | u_core/core_i/id_stage_i/register_file_i/mem_reg[5][7] | RSTB | Blocked  RSTB(M2) 3: {179.6000 98.4320} {179.6000 98.4365} {179.6000 98.4342}
SDFFARX1_RVT | u_core/core_i/id_stage_i/register_file_i/mem_reg[5][13] | RSTB | Blocked  RSTB(M2) 3: {140.3840 105.4195} {140.3840 105.4240} {140.3840 105.4217}
SDFFARX1_RVT | u_core/core_i/id_stage_i/register_file_i/mem_reg[5][28] | SE | Blocked  SE(M2) 3: {119.7120 118.0065} {119.7120 118.0400} {119.7120 118.0232}
SDFFARX1_RVT | u_core/core_i/id_stage_i/register_file_i/mem_reg[5][29] | SE | Blocked  SE(M2) 3: {160.2960 134.7265} {160.2960 134.7600} {160.2960 134.7432}
SDFFARX1_RVT | u_core/core_i/id_stage_i/register_file_i/mem_reg[4][5] | QN | Blocked  QN(M2) 1: {59.6720 79.7360}
SDFFARX1_RVT | u_core/core_i/id_stage_i/register_file_i/mem_reg[4][8] | SE | Blocked  SE(M2) 3: {59.6720 74.5345} {59.6720 74.5680} {59.6720 74.5512}
SDFFARX1_RVT | u_core/core_i/id_stage_i/register_file_i/mem_reg[3][17] | Q | Blocked  Q(M2) 1: {59.6720 183.2480}
SDFFARX1_RVT | u_core/core_i/id_stage_i/register_file_i/mem_reg[3][27] | RSTB | Blocked  RSTB(M2) 3: {60.4320 172.0000} {60.4320 172.0045} {60.4320 172.0022}
SDFFARX1_RVT | u_core/core_i/id_stage_i/register_file_i/mem_reg[2][18] | RSTB | Blocked  RSTB(M2) 3: {80.3440 168.6560} {80.3440 168.6605} {80.3440 168.6582}
SDFFARX1_RVT | u_core/core_i/id_stage_i/mult_operand_a_ex_o_reg[29] | RSTB | Blocked  RSTB(M2) 3: {180.3600 192.3635} {180.3600 192.3680} {180.3600 192.3657}
SDFFARX1_RVT | u_core/core_i/id_stage_i/mult_operand_a_ex_o_reg[2] | RSTB | Blocked  RSTB(M2) 3: {80.3440 185.6755} {80.3440 185.6800} {80.3440 185.6777}
SDFFARX1_RVT | u_core/core_i/id_stage_i/mult_operand_b_ex_o_reg[21] | SE | Blocked  SE(M2) 3: {80.3440 232.9520} {80.3440 232.9855} {80.3440 232.9687}
SDFFARX1_RVT | u_core/core_i/id_stage_i/mult_operand_b_ex_o_reg[16] | RSTB | Blocked  RSTB(M2) 3: {80.3440 228.8480} {80.3440 228.8525} {80.3440 228.8502}
SDFFARX1_RVT | u_core/core_i/id_stage_i/regfile_alu_waddr_ex_o_reg[4] | RSTB | Blocked  RSTB(M2) 3: {219.5760 135.5155} {219.5760 135.5200} {219.5760 135.5177}
SDFFARX1_RVT | u_core/core_i/id_stage_i/controller_i/jump_done_q_reg | Q | Blocked  Q(M2) 1: {220.3360 64.0800}
SDFFARX1_RVT | u_core/core_i/id_stage_i/mhpmevent_imiss_o_reg | CLK | Blocked  CLK(M2) 3: {259.7040 120.1480} {259.7040 120.1680} {259.7040 120.1580}
SDFFARX1_RVT | u_core/core_i/id_stage_i/register_file_i/mem_reg[25][0] | CLK | Blocked  CLK(M2) 3: {159.6880 33.5280} {159.6880 33.5480} {159.6880 33.5380}
SDFFARX1_RVT | u_core/core_i/id_stage_i/register_file_i/mem_reg[7][0] | RSTB | Blocked  RSTB(M2) 3: {100.4080 58.6035} {100.4080 58.6080} {100.4080 58.6057}
SDFFARX1_RVT | u_core/core_i/id_stage_i/register_file_i/mem_reg[31][5] | SE | Blocked  SE(M2) 3: {59.6720 67.8465} {59.6720 67.8800} {59.6720 67.8632}
SDFFARX1_RVT | u_core/core_i/id_stage_i/mult_operand_a_ex_o_reg[21] | Q | Blocked  Q(M2) 1: {160.2960 214.5600}
SDFFARX1_RVT | u_core/core_i/id_stage_i/alu_operand_a_ex_o_reg[0] | RSTB | Blocked  RSTB(M2) 3: {120.3200 239.1795} {120.3200 239.1840} {120.3200 239.1817}
SDFFARX1_RVT | u_core/core_i/id_stage_i/alu_operand_a_ex_o_reg[9] | CLK | Blocked  CLK(M2) 3: {119.7120 243.8760} {119.7120 243.8960} {119.7120 243.8860}
SDFFARX1_RVT | u_core/core_i/id_stage_i/regfile_alu_waddr_ex_o_reg[0] | RSTB | Blocked  RSTB(M2) 3: {219.5760 131.8720} {219.5760 131.8765} {219.5760 131.8742}
SDFFARX1_RVT | u_core/core_i/id_stage_i/regfile_alu_waddr_ex_o_reg[1] | RSTB | Blocked  RSTB(M2) 3: {220.3360 138.5600} {220.3360 138.5645} {220.3360 138.5622}
SDFFARX1_RVT | u_core/core_i/id_stage_i/alu_operand_b_ex_o_reg[13] | Q | Blocked  Q(M2) 1: {80.3440 256.8160}
SDFFARX1_RVT | u_core/core_i/id_stage_i/alu_operand_c_ex_o_reg[4] | Q | Blocked  Q(M2) 1: {59.6720 274.7520}
SDFFARX1_RVT | u_core/core_i/id_stage_i/alu_operand_b_ex_o_reg[28] | SE | Blocked  SE(M2) 3: {80.3440 249.6720} {80.3440 249.7055} {80.3440 249.6887}
SDFFARX1_RVT | u_core/core_i/id_stage_i/alu_operand_c_ex_o_reg[17] | RSTB | Blocked  RSTB(M2) 3: {59.6720 262.2880} {59.6720 262.2925} {59.6720 262.2902}
SDFFARX1_RVT | u_core/core_i/id_stage_i/mult_operand_c_ex_o_reg[18] | Q | Blocked  Q(M2) 1: {160.2960 230.0640}
SDFFARX1_RVT | u_core/core_i/id_stage_i/mult_operand_c_ex_o_reg[21] | Q | Blocked  Q(M2) 1: {160.2960 226.7200}
SDFFARX1_RVT | u_core/core_i/id_stage_i/mult_operand_c_ex_o_reg[11] | RSTB | Blocked  RSTB(M2) 3: {139.6240 229.1475} {139.6240 229.1520} {139.6240 229.1497}
SDFFARX1_RVT | u_core/core_i/id_stage_i/prepost_useincr_ex_o_reg | SE | Blocked  SE(M2) 3: {59.6720 255.1105} {59.6720 255.1440} {59.6720 255.1272}
SDFFARX1_RVT | u_core/core_i/id_stage_i/alu_operand_a_ex_o_reg[1] | SE | Blocked  SE(M2) 3: {80.3440 241.7345} {80.3440 241.7680} {80.3440 241.7512}
SDFFARX1_RVT | u_core/core_i/id_stage_i/alu_operand_b_ex_o_reg[4] | CLK | Blocked  CLK(M2) 3: {59.6720 250.5640} {59.6720 250.5840} {59.6720 250.5740}
SDFFARX1_RVT | u_core/core_i/cs_registers_i/mhpmcounter_q_reg[3][60] | CLK | Blocked  CLK(M2) 3: {259.7040 163.6200} {259.7040 163.6400} {259.7040 163.6300}
SDFFARX1_RVT | u_core/core_i/cs_registers_i/mhpmcounter_q_reg[3][61] | SI | Blocked  SI(M2) 3: {259.7040 164.0960} {259.7040 164.1335} {259.7040 164.1147}
SDFFARX1_RVT | u_core/core_i/cs_registers_i/mhpmcounter_q_reg[3][61] | CLK | Blocked  CLK(M2) 3: {260.3120 163.9440} {260.3120 163.9640} {260.3120 163.9540}
SDFFARX1_RVT | u_core/core_i/cs_registers_i/mscratch_q_reg[15] | CLK | Blocked  CLK(M2) 2: {239.6400 43.5600} {239.6400 43.5700}
SDFFARX1_RVT | u_core/core_i/cs_registers_i/mhpmcounter_q_reg[2][6] | Q | Blocked  Q(M2) 1: {299.6800 237.9680}
SDFFARX1_RVT | u_core/core_i/cs_registers_i/mhpmcounter_q_reg[2][4] | SE | Blocked  SE(M2) 3: {300.2880 231.7025} {300.2880 231.7360} {300.2880 231.7192}
SDFFARX1_RVT | u_core/core_i/cs_registers_i/mhpmcounter_q_reg[0][4] | RSTB | Blocked  RSTB(M2) 3: {300.2880 235.5360} {300.2880 235.5405} {300.2880 235.5382}
SDFFARX1_RVT | u_core/core_i/cs_registers_i/mhpmcounter_q_reg[0][1] | RSTB | Blocked  RSTB(M2) 3: {300.2880 189.0195} {300.2880 189.0240} {300.2880 189.0217}
SDFFARX1_RVT | u_core/core_i/cs_registers_i/mhpmcounter_q_reg[3][8] | SE | Blocked  SE(M2) 3: {299.6800 218.3265} {299.6800 218.3600} {299.6800 218.3432}
SDFFARX1_RVT | u_core/core_i/cs_registers_i/mhpmcounter_q_reg[0][15] | Q | Blocked  Q(M2) 1: {300.2880 210.0000}
SDFFARX1_RVT | u_core/core_i/cs_registers_i/mhpmcounter_q_reg[2][2] | Q | Blocked  Q(M2) 1: {299.6800 193.2800}
SDFFARX1_RVT | u_core/core_i/cs_registers_i/mhpmcounter_q_reg[0][2] | RSTB | Blocked  RSTB(M2) 3: {299.5280 195.4080} {299.5280 195.4125} {299.5280 195.4102}
SDFFARX1_RVT | u_core/core_i/cs_registers_i/mscratch_q_reg[2] | CLK | Blocked  CLK(M2) 2: {239.6400 46.9040} {239.6400 46.9140}
SDFFARX1_RVT | u_core/core_i/cs_registers_i/mhpmcounter_q_reg[2][16] | SE | Blocked  SE(M2) 3: {300.2880 208.2945} {300.2880 208.3280} {300.2880 208.3112}
SDFFARX1_RVT | u_core/core_i/cs_registers_i/gen_trigger_regs.tmatch_value_q_reg[7] | RSTB | Blocked  RSTB(M2) 3: {259.5520 172.2995} {259.5520 172.3040} {259.5520 172.3017}
SDFFARX1_RVT | u_core/core_i/cs_registers_i/gen_trigger_regs.tmatch_value_q_reg[19] | CLK | Blocked  CLK(M2) 2: {279.6160 177.3200} {279.6160 177.3300}
SDFFARX1_RVT | u_core/core_i/cs_registers_i/mhpmcounter_q_reg[3][7] | SE | Blocked  SE(M2) 3: {299.6800 219.5760} {299.6800 219.6095} {299.6800 219.5927}
SDFFARX1_RVT | u_core/core_i/cs_registers_i/mhpmcounter_q_reg[2][7] | SE | Blocked  SE(M2) 3: {300.2880 225.0145} {300.2880 225.0480} {300.2880 225.0312}
SDFFARX1_RVT | u_core/core_i/cs_registers_i/mhpmcounter_q_reg[0][7] | Q | Blocked  Q(M2) 1: {300.2880 236.7520}
SDFFARX1_RVT | u_core/core_i/cs_registers_i/mhpmcounter_q_reg[3][11] | SE | Blocked  SE(M2) 3: {300.2880 214.9825} {300.2880 215.0160} {300.2880 214.9992}
SDFFARX1_RVT | u_core/core_i/cs_registers_i/mhpmcounter_q_reg[2][11] | RSTB | Blocked  RSTB(M2) 3: {300.4400 249.2115} {300.4400 249.2160} {300.4400 249.2137}
SDFFARX1_RVT | u_core/core_i/cs_registers_i/mhpmcounter_q_reg[0][11] | Q | Blocked  Q(M2) 1: {299.6800 244.6560}
SDFFARX1_RVT | u_core/core_i/cs_registers_i/mscratch_q_reg[29] | QN | Blocked  QN(M2) 1: {259.7040 37.1760}
SDFFARX1_RVT | u_core/core_i/cs_registers_i/mhpmcounter_q_reg[0][9] | SE | Blocked  SE(M2) 3: {299.6800 239.6400} {299.6800 239.6735} {299.6800 239.6567}
SDFFARX1_RVT | u_core/core_i/cs_registers_i/mscratch_q_reg[21] | Q | Blocked  Q(M2) 1: {260.3120 36.1120}
SDFFARX1_RVT | u_core/core_i/cs_registers_i/mhpmcounter_q_reg[3][22] | SE | Blocked  SE(M2) 3: {300.2880 169.4160} {300.2880 169.4495} {300.2880 169.4327}
SDFFARX1_RVT | u_core/core_i/cs_registers_i/mie_q_reg[21] | RSTB | Blocked  RSTB(M2) 3: {220.3360 91.7440} {220.3360 91.7485} {220.3360 91.7462}
SDFFARX1_RVT | u_core/core_i/cs_registers_i/mhpmcounter_q_reg[3][24] | Q | Blocked  Q(M2) 1: {300.2880 159.8400}
SDFFARX1_RVT | u_core/core_i/cs_registers_i/mscratch_q_reg[26] | SE | Blocked  SE(M2) 3: {260.3120 39.0000} {260.3120 39.0335} {260.3120 39.0167}
SDFFARX1_RVT | u_core/core_i/cs_registers_i/mhpmcounter_q_reg[2][20] | RSTB | Blocked  RSTB(M2) 3: {300.4400 182.0320} {300.4400 182.0365} {300.4400 182.0342}
SDFFARX1_RVT | u_core/core_i/cs_registers_i/mhpmcounter_q_reg[0][20] | Q | Blocked  Q(M2) 1: {299.6800 174.4320}
SDFFARX1_RVT | u_core/core_i/cs_registers_i/mscratch_q_reg[20] | SE | Blocked  SE(M2) 3: {260.3120 42.3440} {260.3120 42.3775} {260.3120 42.3607}
SDFFARX1_RVT | u_core/core_i/cs_registers_i/mscratch_q_reg[27] | QN | Blocked  QN(M2) 1: {259.7040 43.8640}
SDFFARX1_RVT | u_core/core_i/cs_registers_i/mie_q_reg[27] | Q | Blocked  Q(M2) 1: {220.3360 79.5840}
SDFFARX1_RVT | u_core/core_i/cs_registers_i/mhpmcounter_q_reg[0][35] | SI | Blocked  SI(M2) 3: {259.7040 190.2025} {259.7040 190.2400} {259.7040 190.2212}
SDFFARX1_RVT | u_core/core_i/cs_registers_i/mhpmcounter_q_reg[0][35] | CLK | Blocked  CLK(M2) 3: {260.3120 190.3720} {260.3120 190.3920} {260.3120 190.3820}
SDFFARX1_RVT | u_core/core_i/cs_registers_i/mstatus_q_reg[mie] | RSTB | Blocked  RSTB(M2) 3: {220.3360 58.3040} {220.3360 58.3085} {220.3360 58.3062}
SDFFARX1_RVT | u_core/core_i/cs_registers_i/depc_q_reg[19] | QN | Blocked  QN(M2) 1: {259.7040 93.1120}
SDFFARX1_RVT | u_core/core_i/cs_registers_i/depc_q_reg[22] | QN | Blocked  QN(M2) 1: {259.7040 80.6480}
SDFFARX1_RVT | u_core/core_i/cs_registers_i/depc_q_reg[10] | Q | Blocked  Q(M2) 1: {260.3120 74.1120}
SDFFARX1_RVT | u_core/core_i/cs_registers_i/mhpmcounter_q_reg[3][42] | RSTB | Blocked  RSTB(M2) 3: {259.5520 229.1475} {259.5520 229.1520} {259.5520 229.1497}
SDFFARX1_RVT | u_core/core_i/cs_registers_i/mtvec_q_reg[11] | SE | Blocked  SE(M2) 3: {259.7040 21.0305} {259.7040 21.0640} {259.7040 21.0472}
SDFFARX1_RVT | u_core/core_i/cs_registers_i/mhpmcounter_q_reg[3][47] | Q | Blocked  Q(M2) 1: {260.3120 216.6880}
SDFFARX1_RVT | u_core/core_i/cs_registers_i/mhpmcounter_q_reg[2][47] | CLK | Blocked  CLK(M2) 2: {280.3760 217.4480} {280.3760 217.4580}
SDFFARX1_RVT | u_core/core_i/cs_registers_i/mhpmcounter_q_reg[3][48] | Q | Blocked  Q(M2) 1: {259.7040 211.2160}
SDFFARX1_RVT | u_core/core_i/cs_registers_i/mhpmcounter_q_reg[3][50] | RSTB | Blocked  RSTB(M2) 3: {260.4640 208.7840} {260.4640 208.7885} {260.4640 208.7862}
SDFFARX1_RVT | u_core/core_i/cs_registers_i/mhpmcounter_q_reg[2][51] | CLK | Blocked  CLK(M2) 2: {279.6160 197.3840} {279.6160 197.3940}
SDFFARX1_RVT | u_core/core_i/cs_registers_i/depc_q_reg[17] | SE | Blocked  SE(M2) 3: {259.7040 84.5665} {259.7040 84.6000} {259.7040 84.5832}
MUX41X1_HVT | u_core/core_i/U1726 | S0 | Blocked  S0(M2) 3: {119.7120 260.9200} {119.7120 260.9275} {119.7120 260.9237}
MUX41X1_HVT | u_core/core_i/U1726 | Y | Blocked  Y(M2) 3: {120.3200 261.6800} {120.3200 261.7040} {120.3200 261.6920}
MUX41X1_HVT | u_core/core_i/U1733 | S1 | Blocked  S1(M2) 3: {100.4080 272.6240} {100.4080 272.6255} {100.4080 272.6247}
MUX41X1_HVT | u_core/core_i/U1735 | S1 | Blocked  S1(M2) 3: {99.6480 275.9680} {99.6480 275.9695} {99.6480 275.9687}
MUX41X1_HVT | u_core/core_i/U1845 | S1 | Blocked  S1(M2) 3: {99.6480 275.6625} {99.6480 275.6640} {99.6480 275.6632}
NOR2X2_HVT | u_core/core_i/U3800 | A1 | Blocked  A1(M2) 3: {199.6640 265.0240} {199.6640 265.0610} {199.6640 265.0425}
MUX41X1_HVT | u_core/core_i/U5128 | S0 | Blocked  S0(M2) 3: {199.6640 200.7280} {199.6640 200.7355} {199.6640 200.7317}
MUX41X1_HVT | u_core/core_i/U5282 | S0 | Blocked  S0(M2) 3: {40.3680 280.6725} {40.3680 280.6800} {40.3680 280.6762}
MUX41X1_HVT | u_core/core_i/U5283 | S0 | Blocked  S0(M2) 3: {39.6080 287.3605} {39.6080 287.3680} {39.6080 287.3642}
MUX41X1_HVT | u_core/core_i/U5284 | S0 | Blocked  S0(M2) 3: {40.3680 284.0165} {40.3680 284.0240} {40.3680 284.0202}
MUX41X1_HVT | u_core/core_i/U5285 | S0 | Blocked  S0(M2) 3: {40.3680 294.3600} {40.3680 294.3675} {40.3680 294.3637}
MUX41X1_HVT | u_core/core_i/U5293 | S0 | Blocked  S0(M2) 3: {40.3680 294.0485} {40.3680 294.0560} {40.3680 294.0522}
MUX41X1_HVT | u_core/core_i/U5301 | S0 | Blocked  S0(M2) 3: {39.6080 290.7045} {39.6080 290.7120} {39.6080 290.7082}
MUX41X1_HVT | u_core/core_i/U1720 | A3 | Blocked  A3(M2) 3: {119.7120 280.0720} {119.7120 280.0890} {119.7120 280.0805}
MUX41X1_HVT | u_core/core_i/U1720 | A4 | Blocked  A4(M2) 1: {119.7120 279.7680}
MUX41X1_HVT | u_core/core_i/U1720 | A2 | Blocked  A2(M2) 3: {120.3200 279.9200} {120.3200 279.9265} {120.3200 279.9232}
SDFFARX1_RVT | u_core/core_i/if_stage_i/prefetch_buffer_i/prefetch_controller_i/trans_addr_q_reg[27] | RSTB | Blocked  RSTB(M2) 3: {299.5280 58.6035} {299.5280 58.6080} {299.5280 58.6057}
SDFFARX1_RVT | u_core/core_i/if_stage_i/prefetch_buffer_i/instruction_obi_i/gen_no_trans_stable.obi_addr_q_reg[13] | QN | Blocked  QN(M2) 1: {299.6800 22.8880}
SDFFARX1_RVT | u_core/core_i/if_stage_i/prefetch_buffer_i/instruction_obi_i/gen_no_trans_stable.obi_addr_q_reg[11] | SE | Blocked  SE(M2) 3: {300.2880 22.2800} {300.2880 22.3135} {300.2880 22.2967}
SDFFARX1_RVT | u_core/core_i/if_stage_i/prefetch_buffer_i/prefetch_controller_i/trans_addr_q_reg[3] | RSTB | Blocked  RSTB(M2) 3: {300.2880 78.3680} {300.2880 78.3725} {300.2880 78.3702}
SDFFARX1_RVT | u_core/core_i/if_stage_i/prefetch_buffer_i/instruction_obi_i/gen_no_trans_stable.obi_addr_q_reg[3] | RSTB | Blocked  RSTB(M2) 3: {299.6800 88.4000} {299.6800 88.4045} {299.6800 88.4022}
SDFFARX1_RVT | u_core/core_i/if_stage_i/prefetch_buffer_i/instruction_obi_i/gen_no_trans_stable.obi_addr_q_reg[6] | SI | Blocked  SI(M2) 3: {299.6800 93.8720} {299.6800 93.9095} {299.6800 93.8907}
SDFFARX1_RVT | u_core/core_i/if_stage_i/prefetch_buffer_i/instruction_obi_i/gen_no_trans_stable.obi_addr_q_reg[6] | CLK | Blocked  CLK(M2) 3: {300.2880 93.7200} {300.2880 93.7400} {300.2880 93.7300}
SDFFARX1_RVT | u_core/core_i/if_stage_i/prefetch_buffer_i/prefetch_controller_i/trans_addr_q_reg[5] | SE | Blocked  SE(M2) 3: {300.2880 82.4720} {300.2880 82.5055} {300.2880 82.4887}
SDFFARX1_RVT | u_core/core_i/ex_stage_i/alu_i/alu_div_i/ResReg_DP_reg[30] | RSTB | Blocked  RSTB(M2) 3: {199.6640 282.6515} {199.6640 282.6560} {199.6640 282.6537}
SDFFARX1_RVT | u_core/core_i/ex_stage_i/mult_i/mulh_CS_reg[1] | Q | Blocked  Q(M2) 1: {199.6640 254.6880}
SDFFARX1_RVT | u_core/core_i/if_stage_i/aligner_i/r_instr_h_reg[7] | SE | Blocked  SE(M2) 3: {299.6800 276.4240} {299.6800 276.4575} {299.6800 276.4407}
SDFFARX1_RVT | u_core/core_i/load_store_unit_i/rdata_q_reg[17] | CLK | Blocked  CLK(M2) 2: {40.3680 270.9520} {40.3680 270.9620}
SDFFARX1_RVT | u_core/core_i/if_stage_i/illegal_c_insn_id_o_reg | RSTB | Blocked  RSTB(M2) 3: {260.3120 242.5235} {260.3120 242.5280} {260.3120 242.5257}
SDFFARX1_RVT | u_core/core_i/ex_stage_i/alu_i/alu_div_i/Cnt_DP_reg[2] | RSTB | Blocked  RSTB(M2) 3: {199.6640 192.3635} {199.6640 192.3680} {199.6640 192.3657}
SDFFARX1_RVT | u_core/core_i/if_stage_i/instr_rdata_id_o_reg[22] | CLK | Blocked  CLK(M2) 3: {259.7040 234.1680} {259.7040 234.1880} {259.7040 234.1780}
SDFFARX1_RVT | u_core/core_i/ex_stage_i/alu_i/alu_div_i/AReg_DP_reg[16] | RSTB | Blocked  RSTB(M2) 3: {219.5760 289.0400} {219.5760 289.0445} {219.5760 289.0422}
SDFFARX1_RVT | u_core/core_i/ex_stage_i/alu_i/alu_div_i/AReg_DP_reg[31] | Q | Blocked  Q(M2) 1: {260.3120 283.5680}
SDFFARX1_RVT | u_core/core_i/if_stage_i/prefetch_buffer_i/fifo_i/mem_q_reg[1][29] | SE | Blocked  SE(M2) 3: {299.6800 301.9265} {299.6800 301.9600} {299.6800 301.9432}
SDFFARX1_RVT | u_core/core_i/if_stage_i/prefetch_buffer_i/fifo_i/mem_q_reg[1][23] | RSTB | Blocked  RSTB(M2) 3: {299.6800 282.6515} {299.6800 282.6560} {299.6800 282.6537}
SDFFARX1_RVT | u_core/core_i/if_stage_i/prefetch_buffer_i/fifo_i/status_cnt_q_reg[0] | SE | Blocked  SE(M2) 3: {299.6800 125.9440} {299.6800 125.9775} {299.6800 125.9607}
SDFFARX1_RVT | u_core/core_i/if_stage_i/prefetch_buffer_i/fifo_i/mem_q_reg[0][25] | RSTB | Blocked  RSTB(M2) 3: {299.5280 289.0400} {299.5280 289.0445} {299.5280 289.0422}
SDFFARX1_RVT | u_core/core_i/if_stage_i/prefetch_buffer_i/fifo_i/mem_q_reg[0][23] | RSTB | Blocked  RSTB(M2) 3: {299.5280 279.3075} {299.5280 279.3120} {299.5280 279.3097}
SDFFARX1_RVT | u_core/core_i/if_stage_i/prefetch_buffer_i/fifo_i/mem_q_reg[0][22] | RSTB | Blocked  RSTB(M2) 3: {300.4400 292.3840} {300.4400 292.3885} {300.4400 292.3862}
SDFFARX1_RVT | u_core/core_i/if_stage_i/prefetch_buffer_i/fifo_i/mem_q_reg[0][6] | RSTB | Blocked  RSTB(M2) 3: {260.4640 292.6835} {260.4640 292.6880} {260.4640 292.6857}
SDFFARX1_RVT | u_core/core_i/if_stage_i/prefetch_buffer_i/fifo_i/mem_q_reg[0][2] | RSTB | Blocked  RSTB(M2) 3: {259.5520 289.0400} {259.5520 289.0445} {259.5520 289.0422}
SDFFARX1_RVT | u_core/core_i/if_stage_i/instr_rdata_id_o_reg[17] | Q | Blocked  Q(M2) 1: {260.3120 260.1600}
SDFFARX1_RVT | u_core/core_i/if_stage_i/pc_id_o_reg[11] | CLK | Blocked  CLK(M2) 2: {240.4000 66.9680} {240.4000 66.9780}
SDFFARX1_RVT | u_core/core_i/if_stage_i/instr_rdata_id_o_reg[5] | RSTB | Blocked  RSTB(M2) 3: {260.4640 248.9120} {260.4640 248.9165} {260.4640 248.9142}
SDFFARX1_RVT | u_core/core_i/if_stage_i/instr_rdata_id_o_reg[29] | SE | Blocked  SE(M2) 3: {259.7040 255.1105} {259.7040 255.1440} {259.7040 255.1272}
SDFFARX1_RVT | u_core/core_i/if_stage_i/instr_rdata_id_o_reg[27] | RSTB | Blocked  RSTB(M2) 3: {259.7040 252.2560} {259.7040 252.2605} {259.7040 252.2582}
SDFFARX1_RVT | u_core/core_i/if_stage_i/aligner_i/pc_q_reg[28] | SI | Blocked  SI(M2) 3: {299.6800 106.6025} {299.6800 106.6400} {299.6800 106.6212}
SDFFARX1_RVT | u_core/core_i/if_stage_i/aligner_i/pc_q_reg[28] | CLK | Blocked  CLK(M2) 3: {300.2880 106.7720} {300.2880 106.7920} {300.2880 106.7820}
SDFFARX1_RVT | u_core/core_i/if_stage_i/instr_rdata_id_o_reg[9] | SE | Blocked  SE(M2) 3: {260.3120 245.0785} {260.3120 245.1120} {260.3120 245.0952}
SDFFARX1_RVT | u_core/core_i/if_stage_i/aligner_i/pc_q_reg[5] | SE | Blocked  SE(M2) 3: {299.6800 99.1920} {299.6800 99.2255} {299.6800 99.2087}
SDFFARX1_RVT | u_core/core_i/if_stage_i/aligner_i/pc_q_reg[3] | RSTB | Blocked  RSTB(M2) 3: {300.4400 102.0755} {300.4400 102.0800} {300.4400 102.0777}
SDFFARX1_RVT | u_core/core_i/ex_stage_i/alu_i/alu_div_i/AReg_DP_reg[29] | QN | Blocked  QN(M2) 1: {259.7040 287.0640}
SDFFARX1_RVT | u_core/core_i/if_stage_i/instr_rdata_id_o_reg[26] | RSTB | Blocked  RSTB(M2) 3: {260.4640 249.2115} {260.4640 249.2160} {260.4640 249.2137}
SDFFARX1_RVT | u_core/core_i/if_stage_i/pc_id_o_reg[9] | Q | Blocked  Q(M2) 1: {260.3120 62.8640}
